[2025-06-15T00:02:04.863+0000] {processor.py:161} INFO - Started process (PID=1970) to work on /home/airflow/.local/lib/python3.10/site-packages/airflow/example_dags/example_sensors.py
[2025-06-15T00:02:04.866+0000] {processor.py:830} INFO - Processing file /home/airflow/.local/lib/python3.10/site-packages/airflow/example_dags/example_sensors.py for tasks to queue
[2025-06-15T00:02:04.868+0000] {logging_mixin.py:188} INFO - [2025-06-15T00:02:04.867+0000] {dagbag.py:540} INFO - Filling up the DagBag from /home/airflow/.local/lib/python3.10/site-packages/airflow/example_dags/example_sensors.py
[2025-06-15T00:02:04.873+0000] {processor.py:840} INFO - DAG(s) 'example_sensors' retrieved from /home/airflow/.local/lib/python3.10/site-packages/airflow/example_dags/example_sensors.py
[2025-06-15T00:02:04.888+0000] {logging_mixin.py:188} INFO - [2025-06-15T00:02:04.888+0000] {dag.py:3096} INFO - Sync 1 DAGs
[2025-06-15T00:02:04.899+0000] {logging_mixin.py:188} INFO - [2025-06-15T00:02:04.899+0000] {dag.py:3954} INFO - Setting next_dagrun for example_sensors to None, run_after=None
[2025-06-15T00:02:04.914+0000] {processor.py:183} INFO - Processing /home/airflow/.local/lib/python3.10/site-packages/airflow/example_dags/example_sensors.py took 0.059 seconds
[2025-06-15T00:02:35.839+0000] {processor.py:161} INFO - Started process (PID=2034) to work on /home/airflow/.local/lib/python3.10/site-packages/airflow/example_dags/example_sensors.py
[2025-06-15T00:02:35.840+0000] {processor.py:830} INFO - Processing file /home/airflow/.local/lib/python3.10/site-packages/airflow/example_dags/example_sensors.py for tasks to queue
[2025-06-15T00:02:35.841+0000] {logging_mixin.py:188} INFO - [2025-06-15T00:02:35.841+0000] {dagbag.py:540} INFO - Filling up the DagBag from /home/airflow/.local/lib/python3.10/site-packages/airflow/example_dags/example_sensors.py
[2025-06-15T00:02:35.845+0000] {processor.py:840} INFO - DAG(s) 'example_sensors' retrieved from /home/airflow/.local/lib/python3.10/site-packages/airflow/example_dags/example_sensors.py
[2025-06-15T00:02:35.860+0000] {logging_mixin.py:188} INFO - [2025-06-15T00:02:35.860+0000] {dag.py:3096} INFO - Sync 1 DAGs
[2025-06-15T00:02:35.867+0000] {logging_mixin.py:188} INFO - [2025-06-15T00:02:35.866+0000] {dag.py:3954} INFO - Setting next_dagrun for example_sensors to None, run_after=None
[2025-06-15T00:02:35.878+0000] {processor.py:183} INFO - Processing /home/airflow/.local/lib/python3.10/site-packages/airflow/example_dags/example_sensors.py took 0.043 seconds
[2025-06-15T00:18:03.701+0000] {processor.py:161} INFO - Started process (PID=2098) to work on /home/airflow/.local/lib/python3.10/site-packages/airflow/example_dags/example_sensors.py
[2025-06-15T00:18:03.704+0000] {processor.py:830} INFO - Processing file /home/airflow/.local/lib/python3.10/site-packages/airflow/example_dags/example_sensors.py for tasks to queue
[2025-06-15T00:18:03.705+0000] {logging_mixin.py:188} INFO - [2025-06-15T00:18:03.705+0000] {dagbag.py:540} INFO - Filling up the DagBag from /home/airflow/.local/lib/python3.10/site-packages/airflow/example_dags/example_sensors.py
[2025-06-15T00:18:03.712+0000] {processor.py:840} INFO - DAG(s) 'example_sensors' retrieved from /home/airflow/.local/lib/python3.10/site-packages/airflow/example_dags/example_sensors.py
[2025-06-15T00:18:03.731+0000] {logging_mixin.py:188} INFO - [2025-06-15T00:18:03.731+0000] {dag.py:3096} INFO - Sync 1 DAGs
[2025-06-15T00:18:03.737+0000] {logging_mixin.py:188} INFO - [2025-06-15T00:18:03.737+0000] {dag.py:3954} INFO - Setting next_dagrun for example_sensors to None, run_after=None
[2025-06-15T00:18:03.746+0000] {processor.py:183} INFO - Processing /home/airflow/.local/lib/python3.10/site-packages/airflow/example_dags/example_sensors.py took 0.049 seconds
[2025-06-15T00:32:08.964+0000] {processor.py:161} INFO - Started process (PID=2162) to work on /home/airflow/.local/lib/python3.10/site-packages/airflow/example_dags/example_sensors.py
[2025-06-15T00:32:08.965+0000] {processor.py:830} INFO - Processing file /home/airflow/.local/lib/python3.10/site-packages/airflow/example_dags/example_sensors.py for tasks to queue
[2025-06-15T00:32:08.966+0000] {logging_mixin.py:188} INFO - [2025-06-15T00:32:08.966+0000] {dagbag.py:540} INFO - Filling up the DagBag from /home/airflow/.local/lib/python3.10/site-packages/airflow/example_dags/example_sensors.py
[2025-06-15T00:32:08.970+0000] {processor.py:840} INFO - DAG(s) 'example_sensors' retrieved from /home/airflow/.local/lib/python3.10/site-packages/airflow/example_dags/example_sensors.py
[2025-06-15T00:32:08.982+0000] {logging_mixin.py:188} INFO - [2025-06-15T00:32:08.982+0000] {dag.py:3096} INFO - Sync 1 DAGs
[2025-06-15T00:32:08.987+0000] {logging_mixin.py:188} INFO - [2025-06-15T00:32:08.987+0000] {dag.py:3954} INFO - Setting next_dagrun for example_sensors to None, run_after=None
[2025-06-15T00:32:08.994+0000] {processor.py:183} INFO - Processing /home/airflow/.local/lib/python3.10/site-packages/airflow/example_dags/example_sensors.py took 0.033 seconds
[2025-06-15T00:47:39.890+0000] {processor.py:161} INFO - Started process (PID=2226) to work on /home/airflow/.local/lib/python3.10/site-packages/airflow/example_dags/example_sensors.py
[2025-06-15T00:47:39.890+0000] {processor.py:830} INFO - Processing file /home/airflow/.local/lib/python3.10/site-packages/airflow/example_dags/example_sensors.py for tasks to queue
[2025-06-15T00:47:39.892+0000] {logging_mixin.py:188} INFO - [2025-06-15T00:47:39.891+0000] {dagbag.py:540} INFO - Filling up the DagBag from /home/airflow/.local/lib/python3.10/site-packages/airflow/example_dags/example_sensors.py
[2025-06-15T00:47:39.905+0000] {processor.py:840} INFO - DAG(s) 'example_sensors' retrieved from /home/airflow/.local/lib/python3.10/site-packages/airflow/example_dags/example_sensors.py
[2025-06-15T00:47:39.930+0000] {logging_mixin.py:188} INFO - [2025-06-15T00:47:39.930+0000] {dag.py:3096} INFO - Sync 1 DAGs
[2025-06-15T00:47:39.941+0000] {logging_mixin.py:188} INFO - [2025-06-15T00:47:39.940+0000] {dag.py:3954} INFO - Setting next_dagrun for example_sensors to None, run_after=None
[2025-06-15T00:47:39.955+0000] {processor.py:183} INFO - Processing /home/airflow/.local/lib/python3.10/site-packages/airflow/example_dags/example_sensors.py took 0.071 seconds
[2025-06-15T01:03:15.231+0000] {processor.py:161} INFO - Started process (PID=2290) to work on /home/airflow/.local/lib/python3.10/site-packages/airflow/example_dags/example_sensors.py
[2025-06-15T01:03:15.233+0000] {processor.py:830} INFO - Processing file /home/airflow/.local/lib/python3.10/site-packages/airflow/example_dags/example_sensors.py for tasks to queue
[2025-06-15T01:03:15.238+0000] {logging_mixin.py:188} INFO - [2025-06-15T01:03:15.238+0000] {dagbag.py:540} INFO - Filling up the DagBag from /home/airflow/.local/lib/python3.10/site-packages/airflow/example_dags/example_sensors.py
[2025-06-15T01:03:15.244+0000] {processor.py:840} INFO - DAG(s) 'example_sensors' retrieved from /home/airflow/.local/lib/python3.10/site-packages/airflow/example_dags/example_sensors.py
[2025-06-15T01:03:15.264+0000] {logging_mixin.py:188} INFO - [2025-06-15T01:03:15.264+0000] {dag.py:3096} INFO - Sync 1 DAGs
[2025-06-15T01:03:15.271+0000] {logging_mixin.py:188} INFO - [2025-06-15T01:03:15.271+0000] {dag.py:3954} INFO - Setting next_dagrun for example_sensors to None, run_after=None
[2025-06-15T01:03:15.281+0000] {processor.py:183} INFO - Processing /home/airflow/.local/lib/python3.10/site-packages/airflow/example_dags/example_sensors.py took 0.060 seconds
[2025-06-15T01:12:53.654+0000] {processor.py:161} INFO - Started process (PID=2354) to work on /home/airflow/.local/lib/python3.10/site-packages/airflow/example_dags/example_sensors.py
[2025-06-15T01:12:53.655+0000] {processor.py:830} INFO - Processing file /home/airflow/.local/lib/python3.10/site-packages/airflow/example_dags/example_sensors.py for tasks to queue
[2025-06-15T01:12:53.656+0000] {logging_mixin.py:188} INFO - [2025-06-15T01:12:53.655+0000] {dagbag.py:540} INFO - Filling up the DagBag from /home/airflow/.local/lib/python3.10/site-packages/airflow/example_dags/example_sensors.py
[2025-06-15T01:12:53.661+0000] {processor.py:840} INFO - DAG(s) 'example_sensors' retrieved from /home/airflow/.local/lib/python3.10/site-packages/airflow/example_dags/example_sensors.py
[2025-06-15T01:12:53.679+0000] {logging_mixin.py:188} INFO - [2025-06-15T01:12:53.678+0000] {dag.py:3096} INFO - Sync 1 DAGs
[2025-06-15T01:12:53.689+0000] {logging_mixin.py:188} INFO - [2025-06-15T01:12:53.689+0000] {dag.py:3954} INFO - Setting next_dagrun for example_sensors to None, run_after=None
[2025-06-15T01:12:53.706+0000] {processor.py:183} INFO - Processing /home/airflow/.local/lib/python3.10/site-packages/airflow/example_dags/example_sensors.py took 0.056 seconds
[2025-06-15T01:28:30.181+0000] {processor.py:161} INFO - Started process (PID=2418) to work on /home/airflow/.local/lib/python3.10/site-packages/airflow/example_dags/example_sensors.py
[2025-06-15T01:28:30.182+0000] {processor.py:830} INFO - Processing file /home/airflow/.local/lib/python3.10/site-packages/airflow/example_dags/example_sensors.py for tasks to queue
[2025-06-15T01:28:30.183+0000] {logging_mixin.py:188} INFO - [2025-06-15T01:28:30.183+0000] {dagbag.py:540} INFO - Filling up the DagBag from /home/airflow/.local/lib/python3.10/site-packages/airflow/example_dags/example_sensors.py
[2025-06-15T01:28:30.188+0000] {processor.py:840} INFO - DAG(s) 'example_sensors' retrieved from /home/airflow/.local/lib/python3.10/site-packages/airflow/example_dags/example_sensors.py
[2025-06-15T01:28:30.209+0000] {logging_mixin.py:188} INFO - [2025-06-15T01:28:30.209+0000] {dag.py:3096} INFO - Sync 1 DAGs
[2025-06-15T01:28:30.215+0000] {logging_mixin.py:188} INFO - [2025-06-15T01:28:30.215+0000] {dag.py:3954} INFO - Setting next_dagrun for example_sensors to None, run_after=None
[2025-06-15T01:28:30.227+0000] {processor.py:183} INFO - Processing /home/airflow/.local/lib/python3.10/site-packages/airflow/example_dags/example_sensors.py took 0.049 seconds
[2025-06-15T01:29:00.290+0000] {processor.py:161} INFO - Started process (PID=2482) to work on /home/airflow/.local/lib/python3.10/site-packages/airflow/example_dags/example_sensors.py
[2025-06-15T01:29:00.291+0000] {processor.py:830} INFO - Processing file /home/airflow/.local/lib/python3.10/site-packages/airflow/example_dags/example_sensors.py for tasks to queue
[2025-06-15T01:29:00.291+0000] {logging_mixin.py:188} INFO - [2025-06-15T01:29:00.291+0000] {dagbag.py:540} INFO - Filling up the DagBag from /home/airflow/.local/lib/python3.10/site-packages/airflow/example_dags/example_sensors.py
[2025-06-15T01:29:00.296+0000] {processor.py:840} INFO - DAG(s) 'example_sensors' retrieved from /home/airflow/.local/lib/python3.10/site-packages/airflow/example_dags/example_sensors.py
[2025-06-15T01:29:00.642+0000] {logging_mixin.py:188} INFO - [2025-06-15T01:29:00.641+0000] {dag.py:3096} INFO - Sync 1 DAGs
[2025-06-15T01:29:00.670+0000] {logging_mixin.py:188} INFO - [2025-06-15T01:29:00.670+0000] {dag.py:3954} INFO - Setting next_dagrun for example_sensors to None, run_after=None
[2025-06-15T01:29:00.746+0000] {processor.py:183} INFO - Processing /home/airflow/.local/lib/python3.10/site-packages/airflow/example_dags/example_sensors.py took 0.459 seconds
[2025-06-15T01:38:42.500+0000] {processor.py:161} INFO - Started process (PID=2546) to work on /home/airflow/.local/lib/python3.10/site-packages/airflow/example_dags/example_sensors.py
[2025-06-15T01:38:42.506+0000] {processor.py:830} INFO - Processing file /home/airflow/.local/lib/python3.10/site-packages/airflow/example_dags/example_sensors.py for tasks to queue
[2025-06-15T01:38:42.515+0000] {logging_mixin.py:188} INFO - [2025-06-15T01:38:42.515+0000] {dagbag.py:540} INFO - Filling up the DagBag from /home/airflow/.local/lib/python3.10/site-packages/airflow/example_dags/example_sensors.py
[2025-06-15T01:38:42.524+0000] {processor.py:840} INFO - DAG(s) 'example_sensors' retrieved from /home/airflow/.local/lib/python3.10/site-packages/airflow/example_dags/example_sensors.py
[2025-06-15T01:38:42.547+0000] {logging_mixin.py:188} INFO - [2025-06-15T01:38:42.546+0000] {dag.py:3096} INFO - Sync 1 DAGs
[2025-06-15T01:38:42.562+0000] {logging_mixin.py:188} INFO - [2025-06-15T01:38:42.561+0000] {dag.py:3954} INFO - Setting next_dagrun for example_sensors to None, run_after=None
[2025-06-15T01:38:42.574+0000] {processor.py:183} INFO - Processing /home/airflow/.local/lib/python3.10/site-packages/airflow/example_dags/example_sensors.py took 0.078 seconds
[2025-06-15T01:57:48.725+0000] {processor.py:161} INFO - Started process (PID=2610) to work on /home/airflow/.local/lib/python3.10/site-packages/airflow/example_dags/example_sensors.py
[2025-06-15T01:57:48.728+0000] {processor.py:830} INFO - Processing file /home/airflow/.local/lib/python3.10/site-packages/airflow/example_dags/example_sensors.py for tasks to queue
[2025-06-15T01:57:48.729+0000] {logging_mixin.py:188} INFO - [2025-06-15T01:57:48.729+0000] {dagbag.py:540} INFO - Filling up the DagBag from /home/airflow/.local/lib/python3.10/site-packages/airflow/example_dags/example_sensors.py
[2025-06-15T01:57:48.734+0000] {processor.py:840} INFO - DAG(s) 'example_sensors' retrieved from /home/airflow/.local/lib/python3.10/site-packages/airflow/example_dags/example_sensors.py
[2025-06-15T01:57:48.751+0000] {logging_mixin.py:188} INFO - [2025-06-15T01:57:48.751+0000] {dag.py:3096} INFO - Sync 1 DAGs
[2025-06-15T01:57:48.758+0000] {logging_mixin.py:188} INFO - [2025-06-15T01:57:48.758+0000] {dag.py:3954} INFO - Setting next_dagrun for example_sensors to None, run_after=None
[2025-06-15T01:57:48.768+0000] {processor.py:183} INFO - Processing /home/airflow/.local/lib/python3.10/site-packages/airflow/example_dags/example_sensors.py took 0.047 seconds
[2025-06-15T02:03:47.819+0000] {processor.py:161} INFO - Started process (PID=2674) to work on /home/airflow/.local/lib/python3.10/site-packages/airflow/example_dags/example_sensors.py
[2025-06-15T02:03:47.820+0000] {processor.py:830} INFO - Processing file /home/airflow/.local/lib/python3.10/site-packages/airflow/example_dags/example_sensors.py for tasks to queue
[2025-06-15T02:03:47.823+0000] {logging_mixin.py:188} INFO - [2025-06-15T02:03:47.823+0000] {dagbag.py:540} INFO - Filling up the DagBag from /home/airflow/.local/lib/python3.10/site-packages/airflow/example_dags/example_sensors.py
[2025-06-15T02:03:47.831+0000] {processor.py:840} INFO - DAG(s) 'example_sensors' retrieved from /home/airflow/.local/lib/python3.10/site-packages/airflow/example_dags/example_sensors.py
[2025-06-15T02:03:47.849+0000] {logging_mixin.py:188} INFO - [2025-06-15T02:03:47.849+0000] {dag.py:3096} INFO - Sync 1 DAGs
[2025-06-15T02:03:47.861+0000] {logging_mixin.py:188} INFO - [2025-06-15T02:03:47.861+0000] {dag.py:3954} INFO - Setting next_dagrun for example_sensors to None, run_after=None
[2025-06-15T02:03:47.873+0000] {processor.py:183} INFO - Processing /home/airflow/.local/lib/python3.10/site-packages/airflow/example_dags/example_sensors.py took 0.066 seconds
[2025-06-15T02:04:21.177+0000] {processor.py:161} INFO - Started process (PID=2738) to work on /home/airflow/.local/lib/python3.10/site-packages/airflow/example_dags/example_sensors.py
[2025-06-15T02:04:21.178+0000] {processor.py:830} INFO - Processing file /home/airflow/.local/lib/python3.10/site-packages/airflow/example_dags/example_sensors.py for tasks to queue
[2025-06-15T02:04:21.180+0000] {logging_mixin.py:188} INFO - [2025-06-15T02:04:21.180+0000] {dagbag.py:540} INFO - Filling up the DagBag from /home/airflow/.local/lib/python3.10/site-packages/airflow/example_dags/example_sensors.py
[2025-06-15T02:04:21.187+0000] {processor.py:840} INFO - DAG(s) 'example_sensors' retrieved from /home/airflow/.local/lib/python3.10/site-packages/airflow/example_dags/example_sensors.py
[2025-06-15T02:04:21.372+0000] {logging_mixin.py:188} INFO - [2025-06-15T02:04:21.372+0000] {dag.py:3096} INFO - Sync 1 DAGs
[2025-06-15T02:04:21.389+0000] {logging_mixin.py:188} INFO - [2025-06-15T02:04:21.389+0000] {dag.py:3954} INFO - Setting next_dagrun for example_sensors to None, run_after=None
[2025-06-15T02:04:21.417+0000] {processor.py:183} INFO - Processing /home/airflow/.local/lib/python3.10/site-packages/airflow/example_dags/example_sensors.py took 0.245 seconds
[2025-06-15T02:19:57.569+0000] {processor.py:161} INFO - Started process (PID=2802) to work on /home/airflow/.local/lib/python3.10/site-packages/airflow/example_dags/example_sensors.py
[2025-06-15T02:19:57.570+0000] {processor.py:830} INFO - Processing file /home/airflow/.local/lib/python3.10/site-packages/airflow/example_dags/example_sensors.py for tasks to queue
[2025-06-15T02:19:57.572+0000] {logging_mixin.py:188} INFO - [2025-06-15T02:19:57.571+0000] {dagbag.py:540} INFO - Filling up the DagBag from /home/airflow/.local/lib/python3.10/site-packages/airflow/example_dags/example_sensors.py
[2025-06-15T02:19:57.579+0000] {processor.py:840} INFO - DAG(s) 'example_sensors' retrieved from /home/airflow/.local/lib/python3.10/site-packages/airflow/example_dags/example_sensors.py
[2025-06-15T02:19:57.742+0000] {logging_mixin.py:188} INFO - [2025-06-15T02:19:57.742+0000] {dag.py:3096} INFO - Sync 1 DAGs
[2025-06-15T02:19:57.755+0000] {logging_mixin.py:188} INFO - [2025-06-15T02:19:57.755+0000] {dag.py:3954} INFO - Setting next_dagrun for example_sensors to None, run_after=None
[2025-06-15T02:19:57.765+0000] {processor.py:183} INFO - Processing /home/airflow/.local/lib/python3.10/site-packages/airflow/example_dags/example_sensors.py took 0.202 seconds
[2025-06-15T02:23:47.815+0000] {processor.py:161} INFO - Started process (PID=2866) to work on /home/airflow/.local/lib/python3.10/site-packages/airflow/example_dags/example_sensors.py
[2025-06-15T02:23:47.818+0000] {processor.py:830} INFO - Processing file /home/airflow/.local/lib/python3.10/site-packages/airflow/example_dags/example_sensors.py for tasks to queue
[2025-06-15T02:23:47.819+0000] {logging_mixin.py:188} INFO - [2025-06-15T02:23:47.819+0000] {dagbag.py:540} INFO - Filling up the DagBag from /home/airflow/.local/lib/python3.10/site-packages/airflow/example_dags/example_sensors.py
[2025-06-15T02:23:47.824+0000] {processor.py:840} INFO - DAG(s) 'example_sensors' retrieved from /home/airflow/.local/lib/python3.10/site-packages/airflow/example_dags/example_sensors.py
[2025-06-15T02:23:47.839+0000] {logging_mixin.py:188} INFO - [2025-06-15T02:23:47.839+0000] {dag.py:3096} INFO - Sync 1 DAGs
[2025-06-15T02:23:47.850+0000] {logging_mixin.py:188} INFO - [2025-06-15T02:23:47.849+0000] {dag.py:3954} INFO - Setting next_dagrun for example_sensors to None, run_after=None
[2025-06-15T02:23:47.871+0000] {processor.py:183} INFO - Processing /home/airflow/.local/lib/python3.10/site-packages/airflow/example_dags/example_sensors.py took 0.061 seconds
[2025-06-15T02:25:47.339+0000] {processor.py:161} INFO - Started process (PID=2930) to work on /home/airflow/.local/lib/python3.10/site-packages/airflow/example_dags/example_sensors.py
[2025-06-15T02:25:47.340+0000] {processor.py:830} INFO - Processing file /home/airflow/.local/lib/python3.10/site-packages/airflow/example_dags/example_sensors.py for tasks to queue
[2025-06-15T02:25:47.340+0000] {logging_mixin.py:188} INFO - [2025-06-15T02:25:47.340+0000] {dagbag.py:540} INFO - Filling up the DagBag from /home/airflow/.local/lib/python3.10/site-packages/airflow/example_dags/example_sensors.py
[2025-06-15T02:25:47.346+0000] {processor.py:840} INFO - DAG(s) 'example_sensors' retrieved from /home/airflow/.local/lib/python3.10/site-packages/airflow/example_dags/example_sensors.py
[2025-06-15T02:25:47.367+0000] {logging_mixin.py:188} INFO - [2025-06-15T02:25:47.367+0000] {dag.py:3096} INFO - Sync 1 DAGs
[2025-06-15T02:25:47.374+0000] {logging_mixin.py:188} INFO - [2025-06-15T02:25:47.374+0000] {dag.py:3954} INFO - Setting next_dagrun for example_sensors to None, run_after=None
[2025-06-15T02:25:47.384+0000] {processor.py:183} INFO - Processing /home/airflow/.local/lib/python3.10/site-packages/airflow/example_dags/example_sensors.py took 0.049 seconds
[2025-06-15T02:27:46.527+0000] {processor.py:161} INFO - Started process (PID=2994) to work on /home/airflow/.local/lib/python3.10/site-packages/airflow/example_dags/example_sensors.py
[2025-06-15T02:27:46.528+0000] {processor.py:830} INFO - Processing file /home/airflow/.local/lib/python3.10/site-packages/airflow/example_dags/example_sensors.py for tasks to queue
[2025-06-15T02:27:46.531+0000] {logging_mixin.py:188} INFO - [2025-06-15T02:27:46.531+0000] {dagbag.py:540} INFO - Filling up the DagBag from /home/airflow/.local/lib/python3.10/site-packages/airflow/example_dags/example_sensors.py
[2025-06-15T02:27:46.536+0000] {processor.py:840} INFO - DAG(s) 'example_sensors' retrieved from /home/airflow/.local/lib/python3.10/site-packages/airflow/example_dags/example_sensors.py
[2025-06-15T02:27:46.550+0000] {logging_mixin.py:188} INFO - [2025-06-15T02:27:46.550+0000] {dag.py:3096} INFO - Sync 1 DAGs
[2025-06-15T02:27:46.556+0000] {logging_mixin.py:188} INFO - [2025-06-15T02:27:46.556+0000] {dag.py:3954} INFO - Setting next_dagrun for example_sensors to None, run_after=None
[2025-06-15T02:27:46.565+0000] {processor.py:183} INFO - Processing /home/airflow/.local/lib/python3.10/site-packages/airflow/example_dags/example_sensors.py took 0.045 seconds
[2025-06-15T02:34:01.186+0000] {processor.py:161} INFO - Started process (PID=3058) to work on /home/airflow/.local/lib/python3.10/site-packages/airflow/example_dags/example_sensors.py
[2025-06-15T02:34:01.188+0000] {processor.py:830} INFO - Processing file /home/airflow/.local/lib/python3.10/site-packages/airflow/example_dags/example_sensors.py for tasks to queue
[2025-06-15T02:34:01.189+0000] {logging_mixin.py:188} INFO - [2025-06-15T02:34:01.189+0000] {dagbag.py:540} INFO - Filling up the DagBag from /home/airflow/.local/lib/python3.10/site-packages/airflow/example_dags/example_sensors.py
[2025-06-15T02:34:01.199+0000] {processor.py:840} INFO - DAG(s) 'example_sensors' retrieved from /home/airflow/.local/lib/python3.10/site-packages/airflow/example_dags/example_sensors.py
[2025-06-15T02:34:01.220+0000] {logging_mixin.py:188} INFO - [2025-06-15T02:34:01.220+0000] {dag.py:3096} INFO - Sync 1 DAGs
[2025-06-15T02:34:01.230+0000] {logging_mixin.py:188} INFO - [2025-06-15T02:34:01.229+0000] {dag.py:3954} INFO - Setting next_dagrun for example_sensors to None, run_after=None
[2025-06-15T02:34:01.239+0000] {processor.py:183} INFO - Processing /home/airflow/.local/lib/python3.10/site-packages/airflow/example_dags/example_sensors.py took 0.056 seconds
[2025-06-15T02:39:56.996+0000] {processor.py:161} INFO - Started process (PID=3122) to work on /home/airflow/.local/lib/python3.10/site-packages/airflow/example_dags/example_sensors.py
[2025-06-15T02:39:56.998+0000] {processor.py:830} INFO - Processing file /home/airflow/.local/lib/python3.10/site-packages/airflow/example_dags/example_sensors.py for tasks to queue
[2025-06-15T02:39:57.003+0000] {logging_mixin.py:188} INFO - [2025-06-15T02:39:57.003+0000] {dagbag.py:540} INFO - Filling up the DagBag from /home/airflow/.local/lib/python3.10/site-packages/airflow/example_dags/example_sensors.py
[2025-06-15T02:39:57.008+0000] {processor.py:840} INFO - DAG(s) 'example_sensors' retrieved from /home/airflow/.local/lib/python3.10/site-packages/airflow/example_dags/example_sensors.py
[2025-06-15T02:39:57.033+0000] {logging_mixin.py:188} INFO - [2025-06-15T02:39:57.033+0000] {dag.py:3096} INFO - Sync 1 DAGs
[2025-06-15T02:39:57.039+0000] {logging_mixin.py:188} INFO - [2025-06-15T02:39:57.039+0000] {dag.py:3954} INFO - Setting next_dagrun for example_sensors to None, run_after=None
[2025-06-15T02:39:57.049+0000] {processor.py:183} INFO - Processing /home/airflow/.local/lib/python3.10/site-packages/airflow/example_dags/example_sensors.py took 0.057 seconds
[2025-06-15T02:40:27.243+0000] {processor.py:161} INFO - Started process (PID=3186) to work on /home/airflow/.local/lib/python3.10/site-packages/airflow/example_dags/example_sensors.py
[2025-06-15T02:40:27.245+0000] {processor.py:830} INFO - Processing file /home/airflow/.local/lib/python3.10/site-packages/airflow/example_dags/example_sensors.py for tasks to queue
[2025-06-15T02:40:27.246+0000] {logging_mixin.py:188} INFO - [2025-06-15T02:40:27.246+0000] {dagbag.py:540} INFO - Filling up the DagBag from /home/airflow/.local/lib/python3.10/site-packages/airflow/example_dags/example_sensors.py
[2025-06-15T02:40:27.251+0000] {processor.py:840} INFO - DAG(s) 'example_sensors' retrieved from /home/airflow/.local/lib/python3.10/site-packages/airflow/example_dags/example_sensors.py
[2025-06-15T02:40:27.266+0000] {logging_mixin.py:188} INFO - [2025-06-15T02:40:27.266+0000] {dag.py:3096} INFO - Sync 1 DAGs
[2025-06-15T02:40:27.273+0000] {logging_mixin.py:188} INFO - [2025-06-15T02:40:27.273+0000] {dag.py:3954} INFO - Setting next_dagrun for example_sensors to None, run_after=None
[2025-06-15T02:40:27.288+0000] {processor.py:183} INFO - Processing /home/airflow/.local/lib/python3.10/site-packages/airflow/example_dags/example_sensors.py took 0.049 seconds
[2025-06-15T02:55:56.580+0000] {processor.py:161} INFO - Started process (PID=3250) to work on /home/airflow/.local/lib/python3.10/site-packages/airflow/example_dags/example_sensors.py
[2025-06-15T02:55:56.582+0000] {processor.py:830} INFO - Processing file /home/airflow/.local/lib/python3.10/site-packages/airflow/example_dags/example_sensors.py for tasks to queue
[2025-06-15T02:55:56.583+0000] {logging_mixin.py:188} INFO - [2025-06-15T02:55:56.583+0000] {dagbag.py:540} INFO - Filling up the DagBag from /home/airflow/.local/lib/python3.10/site-packages/airflow/example_dags/example_sensors.py
[2025-06-15T02:55:56.589+0000] {processor.py:840} INFO - DAG(s) 'example_sensors' retrieved from /home/airflow/.local/lib/python3.10/site-packages/airflow/example_dags/example_sensors.py
[2025-06-15T02:55:56.607+0000] {logging_mixin.py:188} INFO - [2025-06-15T02:55:56.606+0000] {dag.py:3096} INFO - Sync 1 DAGs
[2025-06-15T02:55:56.615+0000] {logging_mixin.py:188} INFO - [2025-06-15T02:55:56.615+0000] {dag.py:3954} INFO - Setting next_dagrun for example_sensors to None, run_after=None
[2025-06-15T02:55:56.634+0000] {processor.py:183} INFO - Processing /home/airflow/.local/lib/python3.10/site-packages/airflow/example_dags/example_sensors.py took 0.058 seconds
[2025-06-15T02:56:27.616+0000] {processor.py:161} INFO - Started process (PID=3314) to work on /home/airflow/.local/lib/python3.10/site-packages/airflow/example_dags/example_sensors.py
[2025-06-15T02:56:27.622+0000] {processor.py:830} INFO - Processing file /home/airflow/.local/lib/python3.10/site-packages/airflow/example_dags/example_sensors.py for tasks to queue
[2025-06-15T02:56:27.626+0000] {logging_mixin.py:188} INFO - [2025-06-15T02:56:27.625+0000] {dagbag.py:540} INFO - Filling up the DagBag from /home/airflow/.local/lib/python3.10/site-packages/airflow/example_dags/example_sensors.py
[2025-06-15T02:56:27.636+0000] {processor.py:840} INFO - DAG(s) 'example_sensors' retrieved from /home/airflow/.local/lib/python3.10/site-packages/airflow/example_dags/example_sensors.py
[2025-06-15T02:56:27.684+0000] {logging_mixin.py:188} INFO - [2025-06-15T02:56:27.683+0000] {dag.py:3096} INFO - Sync 1 DAGs
[2025-06-15T02:56:27.695+0000] {logging_mixin.py:188} INFO - [2025-06-15T02:56:27.695+0000] {dag.py:3954} INFO - Setting next_dagrun for example_sensors to None, run_after=None
[2025-06-15T02:56:27.717+0000] {processor.py:183} INFO - Processing /home/airflow/.local/lib/python3.10/site-packages/airflow/example_dags/example_sensors.py took 0.110 seconds
[2025-06-15T03:08:07.512+0000] {processor.py:161} INFO - Started process (PID=3378) to work on /home/airflow/.local/lib/python3.10/site-packages/airflow/example_dags/example_sensors.py
[2025-06-15T03:08:07.514+0000] {processor.py:830} INFO - Processing file /home/airflow/.local/lib/python3.10/site-packages/airflow/example_dags/example_sensors.py for tasks to queue
[2025-06-15T03:08:07.515+0000] {logging_mixin.py:188} INFO - [2025-06-15T03:08:07.515+0000] {dagbag.py:540} INFO - Filling up the DagBag from /home/airflow/.local/lib/python3.10/site-packages/airflow/example_dags/example_sensors.py
[2025-06-15T03:08:07.519+0000] {processor.py:840} INFO - DAG(s) 'example_sensors' retrieved from /home/airflow/.local/lib/python3.10/site-packages/airflow/example_dags/example_sensors.py
[2025-06-15T03:08:07.540+0000] {logging_mixin.py:188} INFO - [2025-06-15T03:08:07.540+0000] {dag.py:3096} INFO - Sync 1 DAGs
[2025-06-15T03:08:07.549+0000] {logging_mixin.py:188} INFO - [2025-06-15T03:08:07.548+0000] {dag.py:3954} INFO - Setting next_dagrun for example_sensors to None, run_after=None
[2025-06-15T03:08:07.560+0000] {processor.py:183} INFO - Processing /home/airflow/.local/lib/python3.10/site-packages/airflow/example_dags/example_sensors.py took 0.052 seconds
[2025-06-15T03:09:45.766+0000] {processor.py:161} INFO - Started process (PID=3442) to work on /home/airflow/.local/lib/python3.10/site-packages/airflow/example_dags/example_sensors.py
[2025-06-15T03:09:45.768+0000] {processor.py:830} INFO - Processing file /home/airflow/.local/lib/python3.10/site-packages/airflow/example_dags/example_sensors.py for tasks to queue
[2025-06-15T03:09:45.771+0000] {logging_mixin.py:188} INFO - [2025-06-15T03:09:45.771+0000] {dagbag.py:540} INFO - Filling up the DagBag from /home/airflow/.local/lib/python3.10/site-packages/airflow/example_dags/example_sensors.py
[2025-06-15T03:09:45.778+0000] {processor.py:840} INFO - DAG(s) 'example_sensors' retrieved from /home/airflow/.local/lib/python3.10/site-packages/airflow/example_dags/example_sensors.py
[2025-06-15T03:09:45.796+0000] {logging_mixin.py:188} INFO - [2025-06-15T03:09:45.795+0000] {dag.py:3096} INFO - Sync 1 DAGs
[2025-06-15T03:09:45.802+0000] {logging_mixin.py:188} INFO - [2025-06-15T03:09:45.802+0000] {dag.py:3954} INFO - Setting next_dagrun for example_sensors to None, run_after=None
[2025-06-15T03:09:45.813+0000] {processor.py:183} INFO - Processing /home/airflow/.local/lib/python3.10/site-packages/airflow/example_dags/example_sensors.py took 0.050 seconds
[2025-06-15T03:13:24.101+0000] {processor.py:161} INFO - Started process (PID=3506) to work on /home/airflow/.local/lib/python3.10/site-packages/airflow/example_dags/example_sensors.py
[2025-06-15T03:13:24.102+0000] {processor.py:830} INFO - Processing file /home/airflow/.local/lib/python3.10/site-packages/airflow/example_dags/example_sensors.py for tasks to queue
[2025-06-15T03:13:24.105+0000] {logging_mixin.py:188} INFO - [2025-06-15T03:13:24.104+0000] {dagbag.py:540} INFO - Filling up the DagBag from /home/airflow/.local/lib/python3.10/site-packages/airflow/example_dags/example_sensors.py
[2025-06-15T03:13:24.112+0000] {processor.py:840} INFO - DAG(s) 'example_sensors' retrieved from /home/airflow/.local/lib/python3.10/site-packages/airflow/example_dags/example_sensors.py
[2025-06-15T03:13:24.144+0000] {logging_mixin.py:188} INFO - [2025-06-15T03:13:24.143+0000] {dag.py:3096} INFO - Sync 1 DAGs
[2025-06-15T03:13:24.152+0000] {logging_mixin.py:188} INFO - [2025-06-15T03:13:24.152+0000] {dag.py:3954} INFO - Setting next_dagrun for example_sensors to None, run_after=None
[2025-06-15T03:13:24.169+0000] {processor.py:183} INFO - Processing /home/airflow/.local/lib/python3.10/site-packages/airflow/example_dags/example_sensors.py took 0.078 seconds
[2025-06-15T03:20:48.856+0000] {processor.py:161} INFO - Started process (PID=3570) to work on /home/airflow/.local/lib/python3.10/site-packages/airflow/example_dags/example_sensors.py
[2025-06-15T03:20:48.858+0000] {processor.py:830} INFO - Processing file /home/airflow/.local/lib/python3.10/site-packages/airflow/example_dags/example_sensors.py for tasks to queue
[2025-06-15T03:20:48.859+0000] {logging_mixin.py:188} INFO - [2025-06-15T03:20:48.859+0000] {dagbag.py:540} INFO - Filling up the DagBag from /home/airflow/.local/lib/python3.10/site-packages/airflow/example_dags/example_sensors.py
[2025-06-15T03:20:48.866+0000] {processor.py:840} INFO - DAG(s) 'example_sensors' retrieved from /home/airflow/.local/lib/python3.10/site-packages/airflow/example_dags/example_sensors.py
[2025-06-15T03:20:48.886+0000] {logging_mixin.py:188} INFO - [2025-06-15T03:20:48.886+0000] {dag.py:3096} INFO - Sync 1 DAGs
[2025-06-15T03:20:48.896+0000] {logging_mixin.py:188} INFO - [2025-06-15T03:20:48.896+0000] {dag.py:3954} INFO - Setting next_dagrun for example_sensors to None, run_after=None
[2025-06-15T03:20:48.914+0000] {processor.py:183} INFO - Processing /home/airflow/.local/lib/python3.10/site-packages/airflow/example_dags/example_sensors.py took 0.062 seconds
[2025-06-15T03:24:17.490+0000] {processor.py:161} INFO - Started process (PID=3634) to work on /home/airflow/.local/lib/python3.10/site-packages/airflow/example_dags/example_sensors.py
[2025-06-15T03:24:17.491+0000] {processor.py:830} INFO - Processing file /home/airflow/.local/lib/python3.10/site-packages/airflow/example_dags/example_sensors.py for tasks to queue
[2025-06-15T03:24:17.491+0000] {logging_mixin.py:188} INFO - [2025-06-15T03:24:17.491+0000] {dagbag.py:540} INFO - Filling up the DagBag from /home/airflow/.local/lib/python3.10/site-packages/airflow/example_dags/example_sensors.py
[2025-06-15T03:24:17.496+0000] {processor.py:840} INFO - DAG(s) 'example_sensors' retrieved from /home/airflow/.local/lib/python3.10/site-packages/airflow/example_dags/example_sensors.py
[2025-06-15T03:24:17.507+0000] {logging_mixin.py:188} INFO - [2025-06-15T03:24:17.507+0000] {dag.py:3096} INFO - Sync 1 DAGs
[2025-06-15T03:24:17.513+0000] {logging_mixin.py:188} INFO - [2025-06-15T03:24:17.512+0000] {dag.py:3954} INFO - Setting next_dagrun for example_sensors to None, run_after=None
[2025-06-15T03:24:17.520+0000] {processor.py:183} INFO - Processing /home/airflow/.local/lib/python3.10/site-packages/airflow/example_dags/example_sensors.py took 0.034 seconds
[2025-06-15T03:26:44.259+0000] {processor.py:161} INFO - Started process (PID=3698) to work on /home/airflow/.local/lib/python3.10/site-packages/airflow/example_dags/example_sensors.py
[2025-06-15T03:26:44.261+0000] {processor.py:830} INFO - Processing file /home/airflow/.local/lib/python3.10/site-packages/airflow/example_dags/example_sensors.py for tasks to queue
[2025-06-15T03:26:44.263+0000] {logging_mixin.py:188} INFO - [2025-06-15T03:26:44.262+0000] {dagbag.py:540} INFO - Filling up the DagBag from /home/airflow/.local/lib/python3.10/site-packages/airflow/example_dags/example_sensors.py
[2025-06-15T03:26:44.272+0000] {processor.py:840} INFO - DAG(s) 'example_sensors' retrieved from /home/airflow/.local/lib/python3.10/site-packages/airflow/example_dags/example_sensors.py
[2025-06-15T03:26:44.295+0000] {logging_mixin.py:188} INFO - [2025-06-15T03:26:44.295+0000] {dag.py:3096} INFO - Sync 1 DAGs
[2025-06-15T03:26:44.305+0000] {logging_mixin.py:188} INFO - [2025-06-15T03:26:44.305+0000] {dag.py:3954} INFO - Setting next_dagrun for example_sensors to None, run_after=None
[2025-06-15T03:26:44.318+0000] {processor.py:183} INFO - Processing /home/airflow/.local/lib/python3.10/site-packages/airflow/example_dags/example_sensors.py took 0.063 seconds
[2025-06-15T03:28:45.095+0000] {processor.py:161} INFO - Started process (PID=3762) to work on /home/airflow/.local/lib/python3.10/site-packages/airflow/example_dags/example_sensors.py
[2025-06-15T03:28:45.096+0000] {processor.py:830} INFO - Processing file /home/airflow/.local/lib/python3.10/site-packages/airflow/example_dags/example_sensors.py for tasks to queue
[2025-06-15T03:28:45.097+0000] {logging_mixin.py:188} INFO - [2025-06-15T03:28:45.097+0000] {dagbag.py:540} INFO - Filling up the DagBag from /home/airflow/.local/lib/python3.10/site-packages/airflow/example_dags/example_sensors.py
[2025-06-15T03:28:45.104+0000] {processor.py:840} INFO - DAG(s) 'example_sensors' retrieved from /home/airflow/.local/lib/python3.10/site-packages/airflow/example_dags/example_sensors.py
[2025-06-15T03:28:45.124+0000] {logging_mixin.py:188} INFO - [2025-06-15T03:28:45.124+0000] {dag.py:3096} INFO - Sync 1 DAGs
[2025-06-15T03:28:45.130+0000] {logging_mixin.py:188} INFO - [2025-06-15T03:28:45.130+0000] {dag.py:3954} INFO - Setting next_dagrun for example_sensors to None, run_after=None
[2025-06-15T03:28:45.146+0000] {processor.py:183} INFO - Processing /home/airflow/.local/lib/python3.10/site-packages/airflow/example_dags/example_sensors.py took 0.055 seconds
[2025-06-15T03:34:23.767+0000] {processor.py:161} INFO - Started process (PID=3826) to work on /home/airflow/.local/lib/python3.10/site-packages/airflow/example_dags/example_sensors.py
[2025-06-15T03:34:23.769+0000] {processor.py:830} INFO - Processing file /home/airflow/.local/lib/python3.10/site-packages/airflow/example_dags/example_sensors.py for tasks to queue
[2025-06-15T03:34:23.771+0000] {logging_mixin.py:188} INFO - [2025-06-15T03:34:23.771+0000] {dagbag.py:540} INFO - Filling up the DagBag from /home/airflow/.local/lib/python3.10/site-packages/airflow/example_dags/example_sensors.py
[2025-06-15T03:34:23.778+0000] {processor.py:840} INFO - DAG(s) 'example_sensors' retrieved from /home/airflow/.local/lib/python3.10/site-packages/airflow/example_dags/example_sensors.py
[2025-06-15T03:34:23.798+0000] {logging_mixin.py:188} INFO - [2025-06-15T03:34:23.798+0000] {dag.py:3096} INFO - Sync 1 DAGs
[2025-06-15T03:34:23.805+0000] {logging_mixin.py:188} INFO - [2025-06-15T03:34:23.805+0000] {dag.py:3954} INFO - Setting next_dagrun for example_sensors to None, run_after=None
[2025-06-15T03:34:23.822+0000] {processor.py:183} INFO - Processing /home/airflow/.local/lib/python3.10/site-packages/airflow/example_dags/example_sensors.py took 0.059 seconds
[2025-06-15T03:34:54.547+0000] {processor.py:161} INFO - Started process (PID=3890) to work on /home/airflow/.local/lib/python3.10/site-packages/airflow/example_dags/example_sensors.py
[2025-06-15T03:34:54.549+0000] {processor.py:830} INFO - Processing file /home/airflow/.local/lib/python3.10/site-packages/airflow/example_dags/example_sensors.py for tasks to queue
[2025-06-15T03:34:54.552+0000] {logging_mixin.py:188} INFO - [2025-06-15T03:34:54.552+0000] {dagbag.py:540} INFO - Filling up the DagBag from /home/airflow/.local/lib/python3.10/site-packages/airflow/example_dags/example_sensors.py
[2025-06-15T03:34:54.563+0000] {processor.py:840} INFO - DAG(s) 'example_sensors' retrieved from /home/airflow/.local/lib/python3.10/site-packages/airflow/example_dags/example_sensors.py
[2025-06-15T03:34:54.587+0000] {logging_mixin.py:188} INFO - [2025-06-15T03:34:54.587+0000] {dag.py:3096} INFO - Sync 1 DAGs
[2025-06-15T03:34:54.600+0000] {logging_mixin.py:188} INFO - [2025-06-15T03:34:54.600+0000] {dag.py:3954} INFO - Setting next_dagrun for example_sensors to None, run_after=None
[2025-06-15T03:34:54.618+0000] {processor.py:183} INFO - Processing /home/airflow/.local/lib/python3.10/site-packages/airflow/example_dags/example_sensors.py took 0.075 seconds
[2025-06-15T03:40:28.187+0000] {processor.py:161} INFO - Started process (PID=3954) to work on /home/airflow/.local/lib/python3.10/site-packages/airflow/example_dags/example_sensors.py
[2025-06-15T03:40:28.189+0000] {processor.py:830} INFO - Processing file /home/airflow/.local/lib/python3.10/site-packages/airflow/example_dags/example_sensors.py for tasks to queue
[2025-06-15T03:40:28.191+0000] {logging_mixin.py:188} INFO - [2025-06-15T03:40:28.190+0000] {dagbag.py:540} INFO - Filling up the DagBag from /home/airflow/.local/lib/python3.10/site-packages/airflow/example_dags/example_sensors.py
[2025-06-15T03:40:28.196+0000] {processor.py:840} INFO - DAG(s) 'example_sensors' retrieved from /home/airflow/.local/lib/python3.10/site-packages/airflow/example_dags/example_sensors.py
[2025-06-15T03:40:28.209+0000] {logging_mixin.py:188} INFO - [2025-06-15T03:40:28.209+0000] {dag.py:3096} INFO - Sync 1 DAGs
[2025-06-15T03:40:28.215+0000] {logging_mixin.py:188} INFO - [2025-06-15T03:40:28.215+0000] {dag.py:3954} INFO - Setting next_dagrun for example_sensors to None, run_after=None
[2025-06-15T03:40:28.227+0000] {processor.py:183} INFO - Processing /home/airflow/.local/lib/python3.10/site-packages/airflow/example_dags/example_sensors.py took 0.044 seconds
[2025-06-15T03:40:58.859+0000] {processor.py:161} INFO - Started process (PID=4018) to work on /home/airflow/.local/lib/python3.10/site-packages/airflow/example_dags/example_sensors.py
[2025-06-15T03:40:58.860+0000] {processor.py:830} INFO - Processing file /home/airflow/.local/lib/python3.10/site-packages/airflow/example_dags/example_sensors.py for tasks to queue
[2025-06-15T03:40:58.862+0000] {logging_mixin.py:188} INFO - [2025-06-15T03:40:58.861+0000] {dagbag.py:540} INFO - Filling up the DagBag from /home/airflow/.local/lib/python3.10/site-packages/airflow/example_dags/example_sensors.py
[2025-06-15T03:40:58.867+0000] {processor.py:840} INFO - DAG(s) 'example_sensors' retrieved from /home/airflow/.local/lib/python3.10/site-packages/airflow/example_dags/example_sensors.py
[2025-06-15T03:40:58.887+0000] {logging_mixin.py:188} INFO - [2025-06-15T03:40:58.886+0000] {dag.py:3096} INFO - Sync 1 DAGs
[2025-06-15T03:40:58.892+0000] {logging_mixin.py:188} INFO - [2025-06-15T03:40:58.892+0000] {dag.py:3954} INFO - Setting next_dagrun for example_sensors to None, run_after=None
[2025-06-15T03:40:58.904+0000] {processor.py:183} INFO - Processing /home/airflow/.local/lib/python3.10/site-packages/airflow/example_dags/example_sensors.py took 0.052 seconds
[2025-06-15T03:46:33.893+0000] {processor.py:161} INFO - Started process (PID=4082) to work on /home/airflow/.local/lib/python3.10/site-packages/airflow/example_dags/example_sensors.py
[2025-06-15T03:46:33.894+0000] {processor.py:830} INFO - Processing file /home/airflow/.local/lib/python3.10/site-packages/airflow/example_dags/example_sensors.py for tasks to queue
[2025-06-15T03:46:33.895+0000] {logging_mixin.py:188} INFO - [2025-06-15T03:46:33.895+0000] {dagbag.py:540} INFO - Filling up the DagBag from /home/airflow/.local/lib/python3.10/site-packages/airflow/example_dags/example_sensors.py
[2025-06-15T03:46:33.900+0000] {processor.py:840} INFO - DAG(s) 'example_sensors' retrieved from /home/airflow/.local/lib/python3.10/site-packages/airflow/example_dags/example_sensors.py
[2025-06-15T03:46:33.919+0000] {logging_mixin.py:188} INFO - [2025-06-15T03:46:33.919+0000] {dag.py:3096} INFO - Sync 1 DAGs
[2025-06-15T03:46:33.925+0000] {logging_mixin.py:188} INFO - [2025-06-15T03:46:33.925+0000] {dag.py:3954} INFO - Setting next_dagrun for example_sensors to None, run_after=None
[2025-06-15T03:46:33.937+0000] {processor.py:183} INFO - Processing /home/airflow/.local/lib/python3.10/site-packages/airflow/example_dags/example_sensors.py took 0.047 seconds
[2025-06-15T03:48:42.356+0000] {processor.py:161} INFO - Started process (PID=4146) to work on /home/airflow/.local/lib/python3.10/site-packages/airflow/example_dags/example_sensors.py
[2025-06-15T03:48:42.357+0000] {processor.py:830} INFO - Processing file /home/airflow/.local/lib/python3.10/site-packages/airflow/example_dags/example_sensors.py for tasks to queue
[2025-06-15T03:48:42.358+0000] {logging_mixin.py:188} INFO - [2025-06-15T03:48:42.358+0000] {dagbag.py:540} INFO - Filling up the DagBag from /home/airflow/.local/lib/python3.10/site-packages/airflow/example_dags/example_sensors.py
[2025-06-15T03:48:42.363+0000] {processor.py:840} INFO - DAG(s) 'example_sensors' retrieved from /home/airflow/.local/lib/python3.10/site-packages/airflow/example_dags/example_sensors.py
[2025-06-15T03:48:42.378+0000] {logging_mixin.py:188} INFO - [2025-06-15T03:48:42.378+0000] {dag.py:3096} INFO - Sync 1 DAGs
[2025-06-15T03:48:42.388+0000] {logging_mixin.py:188} INFO - [2025-06-15T03:48:42.387+0000] {dag.py:3954} INFO - Setting next_dagrun for example_sensors to None, run_after=None
[2025-06-15T03:48:42.404+0000] {processor.py:183} INFO - Processing /home/airflow/.local/lib/python3.10/site-packages/airflow/example_dags/example_sensors.py took 0.052 seconds
[2025-06-15T03:51:16.366+0000] {processor.py:161} INFO - Started process (PID=4210) to work on /home/airflow/.local/lib/python3.10/site-packages/airflow/example_dags/example_sensors.py
[2025-06-15T03:51:16.367+0000] {processor.py:830} INFO - Processing file /home/airflow/.local/lib/python3.10/site-packages/airflow/example_dags/example_sensors.py for tasks to queue
[2025-06-15T03:51:16.368+0000] {logging_mixin.py:188} INFO - [2025-06-15T03:51:16.368+0000] {dagbag.py:540} INFO - Filling up the DagBag from /home/airflow/.local/lib/python3.10/site-packages/airflow/example_dags/example_sensors.py
[2025-06-15T03:51:16.373+0000] {processor.py:840} INFO - DAG(s) 'example_sensors' retrieved from /home/airflow/.local/lib/python3.10/site-packages/airflow/example_dags/example_sensors.py
[2025-06-15T03:51:16.390+0000] {logging_mixin.py:188} INFO - [2025-06-15T03:51:16.390+0000] {dag.py:3096} INFO - Sync 1 DAGs
[2025-06-15T03:51:16.397+0000] {logging_mixin.py:188} INFO - [2025-06-15T03:51:16.396+0000] {dag.py:3954} INFO - Setting next_dagrun for example_sensors to None, run_after=None
[2025-06-15T03:51:16.414+0000] {processor.py:183} INFO - Processing /home/airflow/.local/lib/python3.10/site-packages/airflow/example_dags/example_sensors.py took 0.052 seconds
[2025-06-15T03:52:19.831+0000] {processor.py:161} INFO - Started process (PID=4274) to work on /home/airflow/.local/lib/python3.10/site-packages/airflow/example_dags/example_sensors.py
[2025-06-15T03:52:19.832+0000] {processor.py:830} INFO - Processing file /home/airflow/.local/lib/python3.10/site-packages/airflow/example_dags/example_sensors.py for tasks to queue
[2025-06-15T03:52:19.833+0000] {logging_mixin.py:188} INFO - [2025-06-15T03:52:19.833+0000] {dagbag.py:540} INFO - Filling up the DagBag from /home/airflow/.local/lib/python3.10/site-packages/airflow/example_dags/example_sensors.py
[2025-06-15T03:52:19.843+0000] {processor.py:840} INFO - DAG(s) 'example_sensors' retrieved from /home/airflow/.local/lib/python3.10/site-packages/airflow/example_dags/example_sensors.py
[2025-06-15T03:52:19.864+0000] {logging_mixin.py:188} INFO - [2025-06-15T03:52:19.864+0000] {dag.py:3096} INFO - Sync 1 DAGs
[2025-06-15T03:52:19.871+0000] {logging_mixin.py:188} INFO - [2025-06-15T03:52:19.871+0000] {dag.py:3954} INFO - Setting next_dagrun for example_sensors to None, run_after=None
[2025-06-15T03:52:19.890+0000] {processor.py:183} INFO - Processing /home/airflow/.local/lib/python3.10/site-packages/airflow/example_dags/example_sensors.py took 0.063 seconds
[2025-06-15T03:54:10.077+0000] {processor.py:161} INFO - Started process (PID=4338) to work on /home/airflow/.local/lib/python3.10/site-packages/airflow/example_dags/example_sensors.py
[2025-06-15T03:54:10.078+0000] {processor.py:830} INFO - Processing file /home/airflow/.local/lib/python3.10/site-packages/airflow/example_dags/example_sensors.py for tasks to queue
[2025-06-15T03:54:10.079+0000] {logging_mixin.py:188} INFO - [2025-06-15T03:54:10.079+0000] {dagbag.py:540} INFO - Filling up the DagBag from /home/airflow/.local/lib/python3.10/site-packages/airflow/example_dags/example_sensors.py
[2025-06-15T03:54:10.087+0000] {processor.py:840} INFO - DAG(s) 'example_sensors' retrieved from /home/airflow/.local/lib/python3.10/site-packages/airflow/example_dags/example_sensors.py
[2025-06-15T03:54:10.109+0000] {logging_mixin.py:188} INFO - [2025-06-15T03:54:10.109+0000] {dag.py:3096} INFO - Sync 1 DAGs
[2025-06-15T03:54:10.116+0000] {logging_mixin.py:188} INFO - [2025-06-15T03:54:10.116+0000] {dag.py:3954} INFO - Setting next_dagrun for example_sensors to None, run_after=None
[2025-06-15T03:54:10.128+0000] {processor.py:183} INFO - Processing /home/airflow/.local/lib/python3.10/site-packages/airflow/example_dags/example_sensors.py took 0.056 seconds
[2025-06-15T03:54:40.776+0000] {processor.py:161} INFO - Started process (PID=4402) to work on /home/airflow/.local/lib/python3.10/site-packages/airflow/example_dags/example_sensors.py
[2025-06-15T03:54:40.777+0000] {processor.py:830} INFO - Processing file /home/airflow/.local/lib/python3.10/site-packages/airflow/example_dags/example_sensors.py for tasks to queue
[2025-06-15T03:54:40.779+0000] {logging_mixin.py:188} INFO - [2025-06-15T03:54:40.778+0000] {dagbag.py:540} INFO - Filling up the DagBag from /home/airflow/.local/lib/python3.10/site-packages/airflow/example_dags/example_sensors.py
[2025-06-15T03:54:40.784+0000] {processor.py:840} INFO - DAG(s) 'example_sensors' retrieved from /home/airflow/.local/lib/python3.10/site-packages/airflow/example_dags/example_sensors.py
[2025-06-15T03:54:40.800+0000] {logging_mixin.py:188} INFO - [2025-06-15T03:54:40.800+0000] {dag.py:3096} INFO - Sync 1 DAGs
[2025-06-15T03:54:40.806+0000] {logging_mixin.py:188} INFO - [2025-06-15T03:54:40.806+0000] {dag.py:3954} INFO - Setting next_dagrun for example_sensors to None, run_after=None
[2025-06-15T03:54:40.824+0000] {processor.py:183} INFO - Processing /home/airflow/.local/lib/python3.10/site-packages/airflow/example_dags/example_sensors.py took 0.053 seconds
[2025-06-15T04:01:42.533+0000] {processor.py:161} INFO - Started process (PID=4466) to work on /home/airflow/.local/lib/python3.10/site-packages/airflow/example_dags/example_sensors.py
[2025-06-15T04:01:42.535+0000] {processor.py:830} INFO - Processing file /home/airflow/.local/lib/python3.10/site-packages/airflow/example_dags/example_sensors.py for tasks to queue
[2025-06-15T04:01:42.537+0000] {logging_mixin.py:188} INFO - [2025-06-15T04:01:42.536+0000] {dagbag.py:540} INFO - Filling up the DagBag from /home/airflow/.local/lib/python3.10/site-packages/airflow/example_dags/example_sensors.py
[2025-06-15T04:01:42.541+0000] {processor.py:840} INFO - DAG(s) 'example_sensors' retrieved from /home/airflow/.local/lib/python3.10/site-packages/airflow/example_dags/example_sensors.py
[2025-06-15T04:01:42.567+0000] {logging_mixin.py:188} INFO - [2025-06-15T04:01:42.567+0000] {dag.py:3096} INFO - Sync 1 DAGs
[2025-06-15T04:01:42.576+0000] {logging_mixin.py:188} INFO - [2025-06-15T04:01:42.576+0000] {dag.py:3954} INFO - Setting next_dagrun for example_sensors to None, run_after=None
[2025-06-15T04:01:42.590+0000] {processor.py:183} INFO - Processing /home/airflow/.local/lib/python3.10/site-packages/airflow/example_dags/example_sensors.py took 0.061 seconds
[2025-06-15T04:02:13.293+0000] {processor.py:161} INFO - Started process (PID=4530) to work on /home/airflow/.local/lib/python3.10/site-packages/airflow/example_dags/example_sensors.py
[2025-06-15T04:02:13.294+0000] {processor.py:830} INFO - Processing file /home/airflow/.local/lib/python3.10/site-packages/airflow/example_dags/example_sensors.py for tasks to queue
[2025-06-15T04:02:13.295+0000] {logging_mixin.py:188} INFO - [2025-06-15T04:02:13.295+0000] {dagbag.py:540} INFO - Filling up the DagBag from /home/airflow/.local/lib/python3.10/site-packages/airflow/example_dags/example_sensors.py
[2025-06-15T04:02:13.302+0000] {processor.py:840} INFO - DAG(s) 'example_sensors' retrieved from /home/airflow/.local/lib/python3.10/site-packages/airflow/example_dags/example_sensors.py
[2025-06-15T04:02:13.322+0000] {logging_mixin.py:188} INFO - [2025-06-15T04:02:13.322+0000] {dag.py:3096} INFO - Sync 1 DAGs
[2025-06-15T04:02:13.330+0000] {logging_mixin.py:188} INFO - [2025-06-15T04:02:13.330+0000] {dag.py:3954} INFO - Setting next_dagrun for example_sensors to None, run_after=None
[2025-06-15T04:02:13.341+0000] {processor.py:183} INFO - Processing /home/airflow/.local/lib/python3.10/site-packages/airflow/example_dags/example_sensors.py took 0.053 seconds
[2025-06-15T04:08:34.053+0000] {processor.py:161} INFO - Started process (PID=4595) to work on /home/airflow/.local/lib/python3.10/site-packages/airflow/example_dags/example_sensors.py
[2025-06-15T04:08:34.054+0000] {processor.py:830} INFO - Processing file /home/airflow/.local/lib/python3.10/site-packages/airflow/example_dags/example_sensors.py for tasks to queue
[2025-06-15T04:08:34.055+0000] {logging_mixin.py:188} INFO - [2025-06-15T04:08:34.055+0000] {dagbag.py:540} INFO - Filling up the DagBag from /home/airflow/.local/lib/python3.10/site-packages/airflow/example_dags/example_sensors.py
[2025-06-15T04:08:34.060+0000] {processor.py:840} INFO - DAG(s) 'example_sensors' retrieved from /home/airflow/.local/lib/python3.10/site-packages/airflow/example_dags/example_sensors.py
[2025-06-15T04:08:34.073+0000] {logging_mixin.py:188} INFO - [2025-06-15T04:08:34.073+0000] {dag.py:3096} INFO - Sync 1 DAGs
[2025-06-15T04:08:34.079+0000] {logging_mixin.py:188} INFO - [2025-06-15T04:08:34.079+0000] {dag.py:3954} INFO - Setting next_dagrun for example_sensors to None, run_after=None
[2025-06-15T04:08:34.089+0000] {processor.py:183} INFO - Processing /home/airflow/.local/lib/python3.10/site-packages/airflow/example_dags/example_sensors.py took 0.039 seconds
[2025-06-15T04:09:04.909+0000] {processor.py:161} INFO - Started process (PID=4659) to work on /home/airflow/.local/lib/python3.10/site-packages/airflow/example_dags/example_sensors.py
[2025-06-15T04:09:04.910+0000] {processor.py:830} INFO - Processing file /home/airflow/.local/lib/python3.10/site-packages/airflow/example_dags/example_sensors.py for tasks to queue
[2025-06-15T04:09:04.911+0000] {logging_mixin.py:188} INFO - [2025-06-15T04:09:04.911+0000] {dagbag.py:540} INFO - Filling up the DagBag from /home/airflow/.local/lib/python3.10/site-packages/airflow/example_dags/example_sensors.py
[2025-06-15T04:09:04.916+0000] {processor.py:840} INFO - DAG(s) 'example_sensors' retrieved from /home/airflow/.local/lib/python3.10/site-packages/airflow/example_dags/example_sensors.py
[2025-06-15T04:09:04.929+0000] {logging_mixin.py:188} INFO - [2025-06-15T04:09:04.929+0000] {dag.py:3096} INFO - Sync 1 DAGs
[2025-06-15T04:09:04.936+0000] {logging_mixin.py:188} INFO - [2025-06-15T04:09:04.936+0000] {dag.py:3954} INFO - Setting next_dagrun for example_sensors to None, run_after=None
[2025-06-15T04:09:04.950+0000] {processor.py:183} INFO - Processing /home/airflow/.local/lib/python3.10/site-packages/airflow/example_dags/example_sensors.py took 0.044 seconds
[2025-06-15T04:15:21.053+0000] {processor.py:161} INFO - Started process (PID=4723) to work on /home/airflow/.local/lib/python3.10/site-packages/airflow/example_dags/example_sensors.py
[2025-06-15T04:15:21.055+0000] {processor.py:830} INFO - Processing file /home/airflow/.local/lib/python3.10/site-packages/airflow/example_dags/example_sensors.py for tasks to queue
[2025-06-15T04:15:21.056+0000] {logging_mixin.py:188} INFO - [2025-06-15T04:15:21.056+0000] {dagbag.py:540} INFO - Filling up the DagBag from /home/airflow/.local/lib/python3.10/site-packages/airflow/example_dags/example_sensors.py
[2025-06-15T04:15:21.061+0000] {processor.py:840} INFO - DAG(s) 'example_sensors' retrieved from /home/airflow/.local/lib/python3.10/site-packages/airflow/example_dags/example_sensors.py
[2025-06-15T04:15:21.079+0000] {logging_mixin.py:188} INFO - [2025-06-15T04:15:21.079+0000] {dag.py:3096} INFO - Sync 1 DAGs
[2025-06-15T04:15:21.085+0000] {logging_mixin.py:188} INFO - [2025-06-15T04:15:21.085+0000] {dag.py:3954} INFO - Setting next_dagrun for example_sensors to None, run_after=None
[2025-06-15T04:15:21.099+0000] {processor.py:183} INFO - Processing /home/airflow/.local/lib/python3.10/site-packages/airflow/example_dags/example_sensors.py took 0.050 seconds
[2025-06-15T04:15:52.606+0000] {processor.py:161} INFO - Started process (PID=4787) to work on /home/airflow/.local/lib/python3.10/site-packages/airflow/example_dags/example_sensors.py
[2025-06-15T04:15:52.608+0000] {processor.py:830} INFO - Processing file /home/airflow/.local/lib/python3.10/site-packages/airflow/example_dags/example_sensors.py for tasks to queue
[2025-06-15T04:15:52.609+0000] {logging_mixin.py:188} INFO - [2025-06-15T04:15:52.609+0000] {dagbag.py:540} INFO - Filling up the DagBag from /home/airflow/.local/lib/python3.10/site-packages/airflow/example_dags/example_sensors.py
[2025-06-15T04:15:52.614+0000] {processor.py:840} INFO - DAG(s) 'example_sensors' retrieved from /home/airflow/.local/lib/python3.10/site-packages/airflow/example_dags/example_sensors.py
[2025-06-15T04:15:52.632+0000] {logging_mixin.py:188} INFO - [2025-06-15T04:15:52.632+0000] {dag.py:3096} INFO - Sync 1 DAGs
[2025-06-15T04:15:52.640+0000] {logging_mixin.py:188} INFO - [2025-06-15T04:15:52.640+0000] {dag.py:3954} INFO - Setting next_dagrun for example_sensors to None, run_after=None
[2025-06-15T04:15:52.651+0000] {processor.py:183} INFO - Processing /home/airflow/.local/lib/python3.10/site-packages/airflow/example_dags/example_sensors.py took 0.048 seconds
[2025-06-15T04:18:08.038+0000] {processor.py:161} INFO - Started process (PID=4851) to work on /home/airflow/.local/lib/python3.10/site-packages/airflow/example_dags/example_sensors.py
[2025-06-15T04:18:08.040+0000] {processor.py:830} INFO - Processing file /home/airflow/.local/lib/python3.10/site-packages/airflow/example_dags/example_sensors.py for tasks to queue
[2025-06-15T04:18:08.041+0000] {logging_mixin.py:188} INFO - [2025-06-15T04:18:08.041+0000] {dagbag.py:540} INFO - Filling up the DagBag from /home/airflow/.local/lib/python3.10/site-packages/airflow/example_dags/example_sensors.py
[2025-06-15T04:18:08.046+0000] {processor.py:840} INFO - DAG(s) 'example_sensors' retrieved from /home/airflow/.local/lib/python3.10/site-packages/airflow/example_dags/example_sensors.py
[2025-06-15T04:18:08.059+0000] {logging_mixin.py:188} INFO - [2025-06-15T04:18:08.059+0000] {dag.py:3096} INFO - Sync 1 DAGs
[2025-06-15T04:18:08.066+0000] {logging_mixin.py:188} INFO - [2025-06-15T04:18:08.066+0000] {dag.py:3954} INFO - Setting next_dagrun for example_sensors to None, run_after=None
[2025-06-15T04:18:08.077+0000] {processor.py:183} INFO - Processing /home/airflow/.local/lib/python3.10/site-packages/airflow/example_dags/example_sensors.py took 0.043 seconds
[2025-06-15T04:18:39.265+0000] {processor.py:161} INFO - Started process (PID=4915) to work on /home/airflow/.local/lib/python3.10/site-packages/airflow/example_dags/example_sensors.py
[2025-06-15T04:18:39.266+0000] {processor.py:830} INFO - Processing file /home/airflow/.local/lib/python3.10/site-packages/airflow/example_dags/example_sensors.py for tasks to queue
[2025-06-15T04:18:39.267+0000] {logging_mixin.py:188} INFO - [2025-06-15T04:18:39.267+0000] {dagbag.py:540} INFO - Filling up the DagBag from /home/airflow/.local/lib/python3.10/site-packages/airflow/example_dags/example_sensors.py
[2025-06-15T04:18:39.271+0000] {processor.py:840} INFO - DAG(s) 'example_sensors' retrieved from /home/airflow/.local/lib/python3.10/site-packages/airflow/example_dags/example_sensors.py
[2025-06-15T04:18:39.287+0000] {logging_mixin.py:188} INFO - [2025-06-15T04:18:39.287+0000] {dag.py:3096} INFO - Sync 1 DAGs
[2025-06-15T04:18:39.294+0000] {logging_mixin.py:188} INFO - [2025-06-15T04:18:39.294+0000] {dag.py:3954} INFO - Setting next_dagrun for example_sensors to None, run_after=None
[2025-06-15T04:18:39.310+0000] {processor.py:183} INFO - Processing /home/airflow/.local/lib/python3.10/site-packages/airflow/example_dags/example_sensors.py took 0.049 seconds
[2025-06-15T04:19:10.605+0000] {processor.py:161} INFO - Started process (PID=4979) to work on /home/airflow/.local/lib/python3.10/site-packages/airflow/example_dags/example_sensors.py
[2025-06-15T04:19:10.607+0000] {processor.py:830} INFO - Processing file /home/airflow/.local/lib/python3.10/site-packages/airflow/example_dags/example_sensors.py for tasks to queue
[2025-06-15T04:19:10.609+0000] {logging_mixin.py:188} INFO - [2025-06-15T04:19:10.608+0000] {dagbag.py:540} INFO - Filling up the DagBag from /home/airflow/.local/lib/python3.10/site-packages/airflow/example_dags/example_sensors.py
[2025-06-15T04:19:10.615+0000] {processor.py:840} INFO - DAG(s) 'example_sensors' retrieved from /home/airflow/.local/lib/python3.10/site-packages/airflow/example_dags/example_sensors.py
[2025-06-15T04:19:10.639+0000] {logging_mixin.py:188} INFO - [2025-06-15T04:19:10.639+0000] {dag.py:3096} INFO - Sync 1 DAGs
[2025-06-15T04:19:10.649+0000] {logging_mixin.py:188} INFO - [2025-06-15T04:19:10.649+0000] {dag.py:3954} INFO - Setting next_dagrun for example_sensors to None, run_after=None
[2025-06-15T04:19:10.672+0000] {processor.py:183} INFO - Processing /home/airflow/.local/lib/python3.10/site-packages/airflow/example_dags/example_sensors.py took 0.071 seconds
[2025-06-15T04:21:19.900+0000] {processor.py:161} INFO - Started process (PID=5043) to work on /home/airflow/.local/lib/python3.10/site-packages/airflow/example_dags/example_sensors.py
[2025-06-15T04:21:19.901+0000] {processor.py:830} INFO - Processing file /home/airflow/.local/lib/python3.10/site-packages/airflow/example_dags/example_sensors.py for tasks to queue
[2025-06-15T04:21:19.903+0000] {logging_mixin.py:188} INFO - [2025-06-15T04:21:19.903+0000] {dagbag.py:540} INFO - Filling up the DagBag from /home/airflow/.local/lib/python3.10/site-packages/airflow/example_dags/example_sensors.py
[2025-06-15T04:21:19.909+0000] {processor.py:840} INFO - DAG(s) 'example_sensors' retrieved from /home/airflow/.local/lib/python3.10/site-packages/airflow/example_dags/example_sensors.py
[2025-06-15T04:21:19.924+0000] {logging_mixin.py:188} INFO - [2025-06-15T04:21:19.924+0000] {dag.py:3096} INFO - Sync 1 DAGs
[2025-06-15T04:21:19.931+0000] {logging_mixin.py:188} INFO - [2025-06-15T04:21:19.931+0000] {dag.py:3954} INFO - Setting next_dagrun for example_sensors to None, run_after=None
[2025-06-15T04:21:19.947+0000] {processor.py:183} INFO - Processing /home/airflow/.local/lib/python3.10/site-packages/airflow/example_dags/example_sensors.py took 0.054 seconds
[2025-06-15T04:21:51.689+0000] {processor.py:161} INFO - Started process (PID=5107) to work on /home/airflow/.local/lib/python3.10/site-packages/airflow/example_dags/example_sensors.py
[2025-06-15T04:21:51.693+0000] {processor.py:830} INFO - Processing file /home/airflow/.local/lib/python3.10/site-packages/airflow/example_dags/example_sensors.py for tasks to queue
[2025-06-15T04:21:51.695+0000] {logging_mixin.py:188} INFO - [2025-06-15T04:21:51.694+0000] {dagbag.py:540} INFO - Filling up the DagBag from /home/airflow/.local/lib/python3.10/site-packages/airflow/example_dags/example_sensors.py
[2025-06-15T04:21:51.704+0000] {processor.py:840} INFO - DAG(s) 'example_sensors' retrieved from /home/airflow/.local/lib/python3.10/site-packages/airflow/example_dags/example_sensors.py
[2025-06-15T04:21:51.728+0000] {logging_mixin.py:188} INFO - [2025-06-15T04:21:51.728+0000] {dag.py:3096} INFO - Sync 1 DAGs
[2025-06-15T04:21:51.736+0000] {logging_mixin.py:188} INFO - [2025-06-15T04:21:51.735+0000] {dag.py:3954} INFO - Setting next_dagrun for example_sensors to None, run_after=None
[2025-06-15T04:21:51.749+0000] {processor.py:183} INFO - Processing /home/airflow/.local/lib/python3.10/site-packages/airflow/example_dags/example_sensors.py took 0.064 seconds
[2025-06-15T04:25:31.632+0000] {processor.py:161} INFO - Started process (PID=5171) to work on /home/airflow/.local/lib/python3.10/site-packages/airflow/example_dags/example_sensors.py
[2025-06-15T04:25:31.633+0000] {processor.py:830} INFO - Processing file /home/airflow/.local/lib/python3.10/site-packages/airflow/example_dags/example_sensors.py for tasks to queue
[2025-06-15T04:25:31.634+0000] {logging_mixin.py:188} INFO - [2025-06-15T04:25:31.634+0000] {dagbag.py:540} INFO - Filling up the DagBag from /home/airflow/.local/lib/python3.10/site-packages/airflow/example_dags/example_sensors.py
[2025-06-15T04:25:31.639+0000] {processor.py:840} INFO - DAG(s) 'example_sensors' retrieved from /home/airflow/.local/lib/python3.10/site-packages/airflow/example_dags/example_sensors.py
[2025-06-15T04:25:31.653+0000] {logging_mixin.py:188} INFO - [2025-06-15T04:25:31.653+0000] {dag.py:3096} INFO - Sync 1 DAGs
[2025-06-15T04:25:31.659+0000] {logging_mixin.py:188} INFO - [2025-06-15T04:25:31.659+0000] {dag.py:3954} INFO - Setting next_dagrun for example_sensors to None, run_after=None
[2025-06-15T04:25:31.672+0000] {processor.py:183} INFO - Processing /home/airflow/.local/lib/python3.10/site-packages/airflow/example_dags/example_sensors.py took 0.043 seconds
[2025-06-15T04:27:39.105+0000] {processor.py:161} INFO - Started process (PID=5235) to work on /home/airflow/.local/lib/python3.10/site-packages/airflow/example_dags/example_sensors.py
[2025-06-15T04:27:39.108+0000] {processor.py:830} INFO - Processing file /home/airflow/.local/lib/python3.10/site-packages/airflow/example_dags/example_sensors.py for tasks to queue
[2025-06-15T04:27:39.109+0000] {logging_mixin.py:188} INFO - [2025-06-15T04:27:39.109+0000] {dagbag.py:540} INFO - Filling up the DagBag from /home/airflow/.local/lib/python3.10/site-packages/airflow/example_dags/example_sensors.py
[2025-06-15T04:27:39.113+0000] {processor.py:840} INFO - DAG(s) 'example_sensors' retrieved from /home/airflow/.local/lib/python3.10/site-packages/airflow/example_dags/example_sensors.py
[2025-06-15T04:27:39.131+0000] {logging_mixin.py:188} INFO - [2025-06-15T04:27:39.131+0000] {dag.py:3096} INFO - Sync 1 DAGs
[2025-06-15T04:27:39.140+0000] {logging_mixin.py:188} INFO - [2025-06-15T04:27:39.140+0000] {dag.py:3954} INFO - Setting next_dagrun for example_sensors to None, run_after=None
[2025-06-15T04:27:39.152+0000] {processor.py:183} INFO - Processing /home/airflow/.local/lib/python3.10/site-packages/airflow/example_dags/example_sensors.py took 0.050 seconds
[2025-06-15T04:32:15.036+0000] {processor.py:161} INFO - Started process (PID=5299) to work on /home/airflow/.local/lib/python3.10/site-packages/airflow/example_dags/example_sensors.py
[2025-06-15T04:32:15.037+0000] {processor.py:830} INFO - Processing file /home/airflow/.local/lib/python3.10/site-packages/airflow/example_dags/example_sensors.py for tasks to queue
[2025-06-15T04:32:15.039+0000] {logging_mixin.py:188} INFO - [2025-06-15T04:32:15.039+0000] {dagbag.py:540} INFO - Filling up the DagBag from /home/airflow/.local/lib/python3.10/site-packages/airflow/example_dags/example_sensors.py
[2025-06-15T04:32:15.045+0000] {processor.py:840} INFO - DAG(s) 'example_sensors' retrieved from /home/airflow/.local/lib/python3.10/site-packages/airflow/example_dags/example_sensors.py
[2025-06-15T04:32:15.065+0000] {logging_mixin.py:188} INFO - [2025-06-15T04:32:15.065+0000] {dag.py:3096} INFO - Sync 1 DAGs
[2025-06-15T04:32:15.080+0000] {logging_mixin.py:188} INFO - [2025-06-15T04:32:15.080+0000] {dag.py:3954} INFO - Setting next_dagrun for example_sensors to None, run_after=None
[2025-06-15T04:32:15.105+0000] {processor.py:183} INFO - Processing /home/airflow/.local/lib/python3.10/site-packages/airflow/example_dags/example_sensors.py took 0.079 seconds
[2025-06-15T04:34:21.051+0000] {processor.py:161} INFO - Started process (PID=5363) to work on /home/airflow/.local/lib/python3.10/site-packages/airflow/example_dags/example_sensors.py
[2025-06-15T04:34:21.052+0000] {processor.py:830} INFO - Processing file /home/airflow/.local/lib/python3.10/site-packages/airflow/example_dags/example_sensors.py for tasks to queue
[2025-06-15T04:34:21.054+0000] {logging_mixin.py:188} INFO - [2025-06-15T04:34:21.053+0000] {dagbag.py:540} INFO - Filling up the DagBag from /home/airflow/.local/lib/python3.10/site-packages/airflow/example_dags/example_sensors.py
[2025-06-15T04:34:21.061+0000] {processor.py:840} INFO - DAG(s) 'example_sensors' retrieved from /home/airflow/.local/lib/python3.10/site-packages/airflow/example_dags/example_sensors.py
[2025-06-15T04:34:21.076+0000] {logging_mixin.py:188} INFO - [2025-06-15T04:34:21.076+0000] {dag.py:3096} INFO - Sync 1 DAGs
[2025-06-15T04:34:21.085+0000] {logging_mixin.py:188} INFO - [2025-06-15T04:34:21.085+0000] {dag.py:3954} INFO - Setting next_dagrun for example_sensors to None, run_after=None
[2025-06-15T04:34:21.099+0000] {processor.py:183} INFO - Processing /home/airflow/.local/lib/python3.10/site-packages/airflow/example_dags/example_sensors.py took 0.053 seconds
[2025-06-15T04:49:51.696+0000] {processor.py:161} INFO - Started process (PID=5427) to work on /home/airflow/.local/lib/python3.10/site-packages/airflow/example_dags/example_sensors.py
[2025-06-15T04:49:51.697+0000] {processor.py:830} INFO - Processing file /home/airflow/.local/lib/python3.10/site-packages/airflow/example_dags/example_sensors.py for tasks to queue
[2025-06-15T04:49:51.699+0000] {logging_mixin.py:188} INFO - [2025-06-15T04:49:51.698+0000] {dagbag.py:540} INFO - Filling up the DagBag from /home/airflow/.local/lib/python3.10/site-packages/airflow/example_dags/example_sensors.py
[2025-06-15T04:49:51.705+0000] {processor.py:840} INFO - DAG(s) 'example_sensors' retrieved from /home/airflow/.local/lib/python3.10/site-packages/airflow/example_dags/example_sensors.py
[2025-06-15T04:49:51.719+0000] {logging_mixin.py:188} INFO - [2025-06-15T04:49:51.719+0000] {dag.py:3096} INFO - Sync 1 DAGs
[2025-06-15T04:49:51.727+0000] {logging_mixin.py:188} INFO - [2025-06-15T04:49:51.726+0000] {dag.py:3954} INFO - Setting next_dagrun for example_sensors to None, run_after=None
[2025-06-15T04:49:51.745+0000] {processor.py:183} INFO - Processing /home/airflow/.local/lib/python3.10/site-packages/airflow/example_dags/example_sensors.py took 0.055 seconds
[2025-06-15T04:50:22.828+0000] {processor.py:161} INFO - Started process (PID=5491) to work on /home/airflow/.local/lib/python3.10/site-packages/airflow/example_dags/example_sensors.py
[2025-06-15T04:50:22.829+0000] {processor.py:830} INFO - Processing file /home/airflow/.local/lib/python3.10/site-packages/airflow/example_dags/example_sensors.py for tasks to queue
[2025-06-15T04:50:22.830+0000] {logging_mixin.py:188} INFO - [2025-06-15T04:50:22.830+0000] {dagbag.py:540} INFO - Filling up the DagBag from /home/airflow/.local/lib/python3.10/site-packages/airflow/example_dags/example_sensors.py
[2025-06-15T04:50:22.835+0000] {processor.py:840} INFO - DAG(s) 'example_sensors' retrieved from /home/airflow/.local/lib/python3.10/site-packages/airflow/example_dags/example_sensors.py
[2025-06-15T04:50:22.848+0000] {logging_mixin.py:188} INFO - [2025-06-15T04:50:22.848+0000] {dag.py:3096} INFO - Sync 1 DAGs
[2025-06-15T04:50:22.856+0000] {logging_mixin.py:188} INFO - [2025-06-15T04:50:22.856+0000] {dag.py:3954} INFO - Setting next_dagrun for example_sensors to None, run_after=None
[2025-06-15T04:50:22.871+0000] {processor.py:183} INFO - Processing /home/airflow/.local/lib/python3.10/site-packages/airflow/example_dags/example_sensors.py took 0.047 seconds
[2025-06-15T04:50:53.815+0000] {processor.py:161} INFO - Started process (PID=5555) to work on /home/airflow/.local/lib/python3.10/site-packages/airflow/example_dags/example_sensors.py
[2025-06-15T04:50:53.818+0000] {processor.py:830} INFO - Processing file /home/airflow/.local/lib/python3.10/site-packages/airflow/example_dags/example_sensors.py for tasks to queue
[2025-06-15T04:50:53.819+0000] {logging_mixin.py:188} INFO - [2025-06-15T04:50:53.818+0000] {dagbag.py:540} INFO - Filling up the DagBag from /home/airflow/.local/lib/python3.10/site-packages/airflow/example_dags/example_sensors.py
[2025-06-15T04:50:53.823+0000] {processor.py:840} INFO - DAG(s) 'example_sensors' retrieved from /home/airflow/.local/lib/python3.10/site-packages/airflow/example_dags/example_sensors.py
[2025-06-15T04:50:53.842+0000] {logging_mixin.py:188} INFO - [2025-06-15T04:50:53.842+0000] {dag.py:3096} INFO - Sync 1 DAGs
[2025-06-15T04:50:53.850+0000] {logging_mixin.py:188} INFO - [2025-06-15T04:50:53.850+0000] {dag.py:3954} INFO - Setting next_dagrun for example_sensors to None, run_after=None
[2025-06-15T04:50:53.863+0000] {processor.py:183} INFO - Processing /home/airflow/.local/lib/python3.10/site-packages/airflow/example_dags/example_sensors.py took 0.052 seconds
[2025-06-15T04:51:24.867+0000] {processor.py:161} INFO - Started process (PID=5619) to work on /home/airflow/.local/lib/python3.10/site-packages/airflow/example_dags/example_sensors.py
[2025-06-15T04:51:24.868+0000] {processor.py:830} INFO - Processing file /home/airflow/.local/lib/python3.10/site-packages/airflow/example_dags/example_sensors.py for tasks to queue
[2025-06-15T04:51:24.869+0000] {logging_mixin.py:188} INFO - [2025-06-15T04:51:24.869+0000] {dagbag.py:540} INFO - Filling up the DagBag from /home/airflow/.local/lib/python3.10/site-packages/airflow/example_dags/example_sensors.py
[2025-06-15T04:51:24.873+0000] {processor.py:840} INFO - DAG(s) 'example_sensors' retrieved from /home/airflow/.local/lib/python3.10/site-packages/airflow/example_dags/example_sensors.py
[2025-06-15T04:51:24.886+0000] {logging_mixin.py:188} INFO - [2025-06-15T04:51:24.886+0000] {dag.py:3096} INFO - Sync 1 DAGs
[2025-06-15T04:51:24.891+0000] {logging_mixin.py:188} INFO - [2025-06-15T04:51:24.891+0000] {dag.py:3954} INFO - Setting next_dagrun for example_sensors to None, run_after=None
[2025-06-15T04:51:24.899+0000] {processor.py:183} INFO - Processing /home/airflow/.local/lib/python3.10/site-packages/airflow/example_dags/example_sensors.py took 0.035 seconds
[2025-06-15T04:53:11.322+0000] {processor.py:161} INFO - Started process (PID=5683) to work on /home/airflow/.local/lib/python3.10/site-packages/airflow/example_dags/example_sensors.py
[2025-06-15T04:53:11.326+0000] {processor.py:830} INFO - Processing file /home/airflow/.local/lib/python3.10/site-packages/airflow/example_dags/example_sensors.py for tasks to queue
[2025-06-15T04:53:11.328+0000] {logging_mixin.py:188} INFO - [2025-06-15T04:53:11.327+0000] {dagbag.py:540} INFO - Filling up the DagBag from /home/airflow/.local/lib/python3.10/site-packages/airflow/example_dags/example_sensors.py
[2025-06-15T04:53:11.334+0000] {processor.py:840} INFO - DAG(s) 'example_sensors' retrieved from /home/airflow/.local/lib/python3.10/site-packages/airflow/example_dags/example_sensors.py
[2025-06-15T04:53:11.354+0000] {logging_mixin.py:188} INFO - [2025-06-15T04:53:11.354+0000] {dag.py:3096} INFO - Sync 1 DAGs
[2025-06-15T04:53:11.364+0000] {logging_mixin.py:188} INFO - [2025-06-15T04:53:11.364+0000] {dag.py:3954} INFO - Setting next_dagrun for example_sensors to None, run_after=None
[2025-06-15T04:53:11.375+0000] {processor.py:183} INFO - Processing /home/airflow/.local/lib/python3.10/site-packages/airflow/example_dags/example_sensors.py took 0.057 seconds
[2025-06-15T05:04:08.122+0000] {processor.py:161} INFO - Started process (PID=5747) to work on /home/airflow/.local/lib/python3.10/site-packages/airflow/example_dags/example_sensors.py
[2025-06-15T05:04:08.122+0000] {processor.py:830} INFO - Processing file /home/airflow/.local/lib/python3.10/site-packages/airflow/example_dags/example_sensors.py for tasks to queue
[2025-06-15T05:04:08.123+0000] {logging_mixin.py:188} INFO - [2025-06-15T05:04:08.123+0000] {dagbag.py:540} INFO - Filling up the DagBag from /home/airflow/.local/lib/python3.10/site-packages/airflow/example_dags/example_sensors.py
[2025-06-15T05:04:08.128+0000] {processor.py:840} INFO - DAG(s) 'example_sensors' retrieved from /home/airflow/.local/lib/python3.10/site-packages/airflow/example_dags/example_sensors.py
[2025-06-15T05:04:08.139+0000] {logging_mixin.py:188} INFO - [2025-06-15T05:04:08.139+0000] {dag.py:3096} INFO - Sync 1 DAGs
[2025-06-15T05:04:08.145+0000] {logging_mixin.py:188} INFO - [2025-06-15T05:04:08.144+0000] {dag.py:3954} INFO - Setting next_dagrun for example_sensors to None, run_after=None
[2025-06-15T05:04:08.152+0000] {processor.py:183} INFO - Processing /home/airflow/.local/lib/python3.10/site-packages/airflow/example_dags/example_sensors.py took 0.034 seconds
[2025-06-15T05:06:06.264+0000] {processor.py:161} INFO - Started process (PID=5811) to work on /home/airflow/.local/lib/python3.10/site-packages/airflow/example_dags/example_sensors.py
[2025-06-15T05:06:06.267+0000] {processor.py:830} INFO - Processing file /home/airflow/.local/lib/python3.10/site-packages/airflow/example_dags/example_sensors.py for tasks to queue
[2025-06-15T05:06:06.269+0000] {logging_mixin.py:188} INFO - [2025-06-15T05:06:06.269+0000] {dagbag.py:540} INFO - Filling up the DagBag from /home/airflow/.local/lib/python3.10/site-packages/airflow/example_dags/example_sensors.py
[2025-06-15T05:06:06.278+0000] {processor.py:840} INFO - DAG(s) 'example_sensors' retrieved from /home/airflow/.local/lib/python3.10/site-packages/airflow/example_dags/example_sensors.py
[2025-06-15T05:06:06.309+0000] {logging_mixin.py:188} INFO - [2025-06-15T05:06:06.309+0000] {dag.py:3096} INFO - Sync 1 DAGs
[2025-06-15T05:06:06.319+0000] {logging_mixin.py:188} INFO - [2025-06-15T05:06:06.319+0000] {dag.py:3954} INFO - Setting next_dagrun for example_sensors to None, run_after=None
[2025-06-15T05:06:06.332+0000] {processor.py:183} INFO - Processing /home/airflow/.local/lib/python3.10/site-packages/airflow/example_dags/example_sensors.py took 0.072 seconds
[2025-06-15T05:09:52.266+0000] {processor.py:161} INFO - Started process (PID=5875) to work on /home/airflow/.local/lib/python3.10/site-packages/airflow/example_dags/example_sensors.py
[2025-06-15T05:09:52.267+0000] {processor.py:830} INFO - Processing file /home/airflow/.local/lib/python3.10/site-packages/airflow/example_dags/example_sensors.py for tasks to queue
[2025-06-15T05:09:52.268+0000] {logging_mixin.py:188} INFO - [2025-06-15T05:09:52.268+0000] {dagbag.py:540} INFO - Filling up the DagBag from /home/airflow/.local/lib/python3.10/site-packages/airflow/example_dags/example_sensors.py
[2025-06-15T05:09:52.272+0000] {processor.py:840} INFO - DAG(s) 'example_sensors' retrieved from /home/airflow/.local/lib/python3.10/site-packages/airflow/example_dags/example_sensors.py
[2025-06-15T05:09:52.286+0000] {logging_mixin.py:188} INFO - [2025-06-15T05:09:52.286+0000] {dag.py:3096} INFO - Sync 1 DAGs
[2025-06-15T05:09:52.294+0000] {logging_mixin.py:188} INFO - [2025-06-15T05:09:52.294+0000] {dag.py:3954} INFO - Setting next_dagrun for example_sensors to None, run_after=None
[2025-06-15T05:09:52.312+0000] {processor.py:183} INFO - Processing /home/airflow/.local/lib/python3.10/site-packages/airflow/example_dags/example_sensors.py took 0.050 seconds
[2025-06-15T05:18:51.444+0000] {processor.py:161} INFO - Started process (PID=5939) to work on /home/airflow/.local/lib/python3.10/site-packages/airflow/example_dags/example_sensors.py
[2025-06-15T05:18:51.446+0000] {processor.py:830} INFO - Processing file /home/airflow/.local/lib/python3.10/site-packages/airflow/example_dags/example_sensors.py for tasks to queue
[2025-06-15T05:18:51.447+0000] {logging_mixin.py:188} INFO - [2025-06-15T05:18:51.447+0000] {dagbag.py:540} INFO - Filling up the DagBag from /home/airflow/.local/lib/python3.10/site-packages/airflow/example_dags/example_sensors.py
[2025-06-15T05:18:51.451+0000] {processor.py:840} INFO - DAG(s) 'example_sensors' retrieved from /home/airflow/.local/lib/python3.10/site-packages/airflow/example_dags/example_sensors.py
[2025-06-15T05:18:51.466+0000] {logging_mixin.py:188} INFO - [2025-06-15T05:18:51.466+0000] {dag.py:3096} INFO - Sync 1 DAGs
[2025-06-15T05:18:51.472+0000] {logging_mixin.py:188} INFO - [2025-06-15T05:18:51.472+0000] {dag.py:3954} INFO - Setting next_dagrun for example_sensors to None, run_after=None
[2025-06-15T05:18:51.483+0000] {processor.py:183} INFO - Processing /home/airflow/.local/lib/python3.10/site-packages/airflow/example_dags/example_sensors.py took 0.043 seconds
[2025-06-15T05:19:22.526+0000] {processor.py:161} INFO - Started process (PID=6003) to work on /home/airflow/.local/lib/python3.10/site-packages/airflow/example_dags/example_sensors.py
[2025-06-15T05:19:22.528+0000] {processor.py:830} INFO - Processing file /home/airflow/.local/lib/python3.10/site-packages/airflow/example_dags/example_sensors.py for tasks to queue
[2025-06-15T05:19:22.530+0000] {logging_mixin.py:188} INFO - [2025-06-15T05:19:22.529+0000] {dagbag.py:540} INFO - Filling up the DagBag from /home/airflow/.local/lib/python3.10/site-packages/airflow/example_dags/example_sensors.py
[2025-06-15T05:19:22.535+0000] {processor.py:840} INFO - DAG(s) 'example_sensors' retrieved from /home/airflow/.local/lib/python3.10/site-packages/airflow/example_dags/example_sensors.py
[2025-06-15T05:19:22.552+0000] {logging_mixin.py:188} INFO - [2025-06-15T05:19:22.552+0000] {dag.py:3096} INFO - Sync 1 DAGs
[2025-06-15T05:19:22.560+0000] {logging_mixin.py:188} INFO - [2025-06-15T05:19:22.560+0000] {dag.py:3954} INFO - Setting next_dagrun for example_sensors to None, run_after=None
[2025-06-15T05:19:22.574+0000] {processor.py:183} INFO - Processing /home/airflow/.local/lib/python3.10/site-packages/airflow/example_dags/example_sensors.py took 0.053 seconds
[2025-06-15T05:24:49.494+0000] {processor.py:161} INFO - Started process (PID=6067) to work on /home/airflow/.local/lib/python3.10/site-packages/airflow/example_dags/example_sensors.py
[2025-06-15T05:24:49.495+0000] {processor.py:830} INFO - Processing file /home/airflow/.local/lib/python3.10/site-packages/airflow/example_dags/example_sensors.py for tasks to queue
[2025-06-15T05:24:49.496+0000] {logging_mixin.py:188} INFO - [2025-06-15T05:24:49.496+0000] {dagbag.py:540} INFO - Filling up the DagBag from /home/airflow/.local/lib/python3.10/site-packages/airflow/example_dags/example_sensors.py
[2025-06-15T05:24:49.501+0000] {processor.py:840} INFO - DAG(s) 'example_sensors' retrieved from /home/airflow/.local/lib/python3.10/site-packages/airflow/example_dags/example_sensors.py
[2025-06-15T05:24:49.515+0000] {logging_mixin.py:188} INFO - [2025-06-15T05:24:49.515+0000] {dag.py:3096} INFO - Sync 1 DAGs
[2025-06-15T05:24:49.521+0000] {logging_mixin.py:188} INFO - [2025-06-15T05:24:49.521+0000] {dag.py:3954} INFO - Setting next_dagrun for example_sensors to None, run_after=None
[2025-06-15T05:24:49.535+0000] {processor.py:183} INFO - Processing /home/airflow/.local/lib/python3.10/site-packages/airflow/example_dags/example_sensors.py took 0.045 seconds
[2025-06-15T05:25:20.461+0000] {processor.py:161} INFO - Started process (PID=6131) to work on /home/airflow/.local/lib/python3.10/site-packages/airflow/example_dags/example_sensors.py
[2025-06-15T05:25:20.462+0000] {processor.py:830} INFO - Processing file /home/airflow/.local/lib/python3.10/site-packages/airflow/example_dags/example_sensors.py for tasks to queue
[2025-06-15T05:25:20.464+0000] {logging_mixin.py:188} INFO - [2025-06-15T05:25:20.463+0000] {dagbag.py:540} INFO - Filling up the DagBag from /home/airflow/.local/lib/python3.10/site-packages/airflow/example_dags/example_sensors.py
[2025-06-15T05:25:20.468+0000] {processor.py:840} INFO - DAG(s) 'example_sensors' retrieved from /home/airflow/.local/lib/python3.10/site-packages/airflow/example_dags/example_sensors.py
[2025-06-15T05:25:20.489+0000] {logging_mixin.py:188} INFO - [2025-06-15T05:25:20.489+0000] {dag.py:3096} INFO - Sync 1 DAGs
[2025-06-15T05:25:20.496+0000] {logging_mixin.py:188} INFO - [2025-06-15T05:25:20.496+0000] {dag.py:3954} INFO - Setting next_dagrun for example_sensors to None, run_after=None
[2025-06-15T05:25:20.511+0000] {processor.py:183} INFO - Processing /home/airflow/.local/lib/python3.10/site-packages/airflow/example_dags/example_sensors.py took 0.054 seconds
[2025-06-15T05:32:48.473+0000] {processor.py:161} INFO - Started process (PID=6195) to work on /home/airflow/.local/lib/python3.10/site-packages/airflow/example_dags/example_sensors.py
[2025-06-15T05:32:48.474+0000] {processor.py:830} INFO - Processing file /home/airflow/.local/lib/python3.10/site-packages/airflow/example_dags/example_sensors.py for tasks to queue
[2025-06-15T05:32:48.475+0000] {logging_mixin.py:188} INFO - [2025-06-15T05:32:48.475+0000] {dagbag.py:540} INFO - Filling up the DagBag from /home/airflow/.local/lib/python3.10/site-packages/airflow/example_dags/example_sensors.py
[2025-06-15T05:32:48.481+0000] {processor.py:840} INFO - DAG(s) 'example_sensors' retrieved from /home/airflow/.local/lib/python3.10/site-packages/airflow/example_dags/example_sensors.py
[2025-06-15T05:32:48.495+0000] {logging_mixin.py:188} INFO - [2025-06-15T05:32:48.495+0000] {dag.py:3096} INFO - Sync 1 DAGs
[2025-06-15T05:32:48.501+0000] {logging_mixin.py:188} INFO - [2025-06-15T05:32:48.501+0000] {dag.py:3954} INFO - Setting next_dagrun for example_sensors to None, run_after=None
[2025-06-15T05:32:48.510+0000] {processor.py:183} INFO - Processing /home/airflow/.local/lib/python3.10/site-packages/airflow/example_dags/example_sensors.py took 0.042 seconds
[2025-06-15T05:33:19.818+0000] {processor.py:161} INFO - Started process (PID=6259) to work on /home/airflow/.local/lib/python3.10/site-packages/airflow/example_dags/example_sensors.py
[2025-06-15T05:33:19.818+0000] {processor.py:830} INFO - Processing file /home/airflow/.local/lib/python3.10/site-packages/airflow/example_dags/example_sensors.py for tasks to queue
[2025-06-15T05:33:19.820+0000] {logging_mixin.py:188} INFO - [2025-06-15T05:33:19.820+0000] {dagbag.py:540} INFO - Filling up the DagBag from /home/airflow/.local/lib/python3.10/site-packages/airflow/example_dags/example_sensors.py
[2025-06-15T05:33:19.828+0000] {processor.py:840} INFO - DAG(s) 'example_sensors' retrieved from /home/airflow/.local/lib/python3.10/site-packages/airflow/example_dags/example_sensors.py
[2025-06-15T05:33:19.847+0000] {logging_mixin.py:188} INFO - [2025-06-15T05:33:19.846+0000] {dag.py:3096} INFO - Sync 1 DAGs
[2025-06-15T05:33:19.853+0000] {logging_mixin.py:188} INFO - [2025-06-15T05:33:19.853+0000] {dag.py:3954} INFO - Setting next_dagrun for example_sensors to None, run_after=None
[2025-06-15T05:33:19.864+0000] {processor.py:183} INFO - Processing /home/airflow/.local/lib/python3.10/site-packages/airflow/example_dags/example_sensors.py took 0.051 seconds
[2025-06-15T05:35:25.859+0000] {processor.py:161} INFO - Started process (PID=6323) to work on /home/airflow/.local/lib/python3.10/site-packages/airflow/example_dags/example_sensors.py
[2025-06-15T05:35:25.860+0000] {processor.py:830} INFO - Processing file /home/airflow/.local/lib/python3.10/site-packages/airflow/example_dags/example_sensors.py for tasks to queue
[2025-06-15T05:35:25.861+0000] {logging_mixin.py:188} INFO - [2025-06-15T05:35:25.861+0000] {dagbag.py:540} INFO - Filling up the DagBag from /home/airflow/.local/lib/python3.10/site-packages/airflow/example_dags/example_sensors.py
[2025-06-15T05:35:25.867+0000] {processor.py:840} INFO - DAG(s) 'example_sensors' retrieved from /home/airflow/.local/lib/python3.10/site-packages/airflow/example_dags/example_sensors.py
[2025-06-15T05:35:25.881+0000] {logging_mixin.py:188} INFO - [2025-06-15T05:35:25.881+0000] {dag.py:3096} INFO - Sync 1 DAGs
[2025-06-15T05:35:25.890+0000] {logging_mixin.py:188} INFO - [2025-06-15T05:35:25.890+0000] {dag.py:3954} INFO - Setting next_dagrun for example_sensors to None, run_after=None
[2025-06-15T05:35:25.913+0000] {processor.py:183} INFO - Processing /home/airflow/.local/lib/python3.10/site-packages/airflow/example_dags/example_sensors.py took 0.059 seconds
[2025-06-15T05:59:07.686+0000] {processor.py:161} INFO - Started process (PID=6387) to work on /home/airflow/.local/lib/python3.10/site-packages/airflow/example_dags/example_sensors.py
[2025-06-15T05:59:07.687+0000] {processor.py:830} INFO - Processing file /home/airflow/.local/lib/python3.10/site-packages/airflow/example_dags/example_sensors.py for tasks to queue
[2025-06-15T05:59:07.689+0000] {logging_mixin.py:188} INFO - [2025-06-15T05:59:07.689+0000] {dagbag.py:540} INFO - Filling up the DagBag from /home/airflow/.local/lib/python3.10/site-packages/airflow/example_dags/example_sensors.py
[2025-06-15T05:59:07.695+0000] {processor.py:840} INFO - DAG(s) 'example_sensors' retrieved from /home/airflow/.local/lib/python3.10/site-packages/airflow/example_dags/example_sensors.py
[2025-06-15T05:59:07.719+0000] {logging_mixin.py:188} INFO - [2025-06-15T05:59:07.719+0000] {dag.py:3096} INFO - Sync 1 DAGs
[2025-06-15T05:59:07.726+0000] {logging_mixin.py:188} INFO - [2025-06-15T05:59:07.726+0000] {dag.py:3954} INFO - Setting next_dagrun for example_sensors to None, run_after=None
[2025-06-15T05:59:07.737+0000] {processor.py:183} INFO - Processing /home/airflow/.local/lib/python3.10/site-packages/airflow/example_dags/example_sensors.py took 0.056 seconds
[2025-06-15T06:01:00.320+0000] {processor.py:161} INFO - Started process (PID=6451) to work on /home/airflow/.local/lib/python3.10/site-packages/airflow/example_dags/example_sensors.py
[2025-06-15T06:01:00.321+0000] {processor.py:830} INFO - Processing file /home/airflow/.local/lib/python3.10/site-packages/airflow/example_dags/example_sensors.py for tasks to queue
[2025-06-15T06:01:00.323+0000] {logging_mixin.py:188} INFO - [2025-06-15T06:01:00.322+0000] {dagbag.py:540} INFO - Filling up the DagBag from /home/airflow/.local/lib/python3.10/site-packages/airflow/example_dags/example_sensors.py
[2025-06-15T06:01:00.328+0000] {processor.py:840} INFO - DAG(s) 'example_sensors' retrieved from /home/airflow/.local/lib/python3.10/site-packages/airflow/example_dags/example_sensors.py
[2025-06-15T06:01:00.342+0000] {logging_mixin.py:188} INFO - [2025-06-15T06:01:00.342+0000] {dag.py:3096} INFO - Sync 1 DAGs
[2025-06-15T06:01:00.348+0000] {logging_mixin.py:188} INFO - [2025-06-15T06:01:00.348+0000] {dag.py:3954} INFO - Setting next_dagrun for example_sensors to None, run_after=None
[2025-06-15T06:01:00.360+0000] {processor.py:183} INFO - Processing /home/airflow/.local/lib/python3.10/site-packages/airflow/example_dags/example_sensors.py took 0.044 seconds
[2025-06-15T06:01:31.167+0000] {processor.py:161} INFO - Started process (PID=6515) to work on /home/airflow/.local/lib/python3.10/site-packages/airflow/example_dags/example_sensors.py
[2025-06-15T06:01:31.168+0000] {processor.py:830} INFO - Processing file /home/airflow/.local/lib/python3.10/site-packages/airflow/example_dags/example_sensors.py for tasks to queue
[2025-06-15T06:01:31.169+0000] {logging_mixin.py:188} INFO - [2025-06-15T06:01:31.169+0000] {dagbag.py:540} INFO - Filling up the DagBag from /home/airflow/.local/lib/python3.10/site-packages/airflow/example_dags/example_sensors.py
[2025-06-15T06:01:31.174+0000] {processor.py:840} INFO - DAG(s) 'example_sensors' retrieved from /home/airflow/.local/lib/python3.10/site-packages/airflow/example_dags/example_sensors.py
[2025-06-15T06:01:31.192+0000] {logging_mixin.py:188} INFO - [2025-06-15T06:01:31.192+0000] {dag.py:3096} INFO - Sync 1 DAGs
[2025-06-15T06:01:31.201+0000] {logging_mixin.py:188} INFO - [2025-06-15T06:01:31.201+0000] {dag.py:3954} INFO - Setting next_dagrun for example_sensors to None, run_after=None
[2025-06-15T06:01:31.211+0000] {processor.py:183} INFO - Processing /home/airflow/.local/lib/python3.10/site-packages/airflow/example_dags/example_sensors.py took 0.048 seconds
[2025-06-15T06:02:02.275+0000] {processor.py:161} INFO - Started process (PID=6579) to work on /home/airflow/.local/lib/python3.10/site-packages/airflow/example_dags/example_sensors.py
[2025-06-15T06:02:02.277+0000] {processor.py:830} INFO - Processing file /home/airflow/.local/lib/python3.10/site-packages/airflow/example_dags/example_sensors.py for tasks to queue
[2025-06-15T06:02:02.278+0000] {logging_mixin.py:188} INFO - [2025-06-15T06:02:02.278+0000] {dagbag.py:540} INFO - Filling up the DagBag from /home/airflow/.local/lib/python3.10/site-packages/airflow/example_dags/example_sensors.py
[2025-06-15T06:02:02.283+0000] {processor.py:840} INFO - DAG(s) 'example_sensors' retrieved from /home/airflow/.local/lib/python3.10/site-packages/airflow/example_dags/example_sensors.py
[2025-06-15T06:02:02.295+0000] {logging_mixin.py:188} INFO - [2025-06-15T06:02:02.295+0000] {dag.py:3096} INFO - Sync 1 DAGs
[2025-06-15T06:02:02.302+0000] {logging_mixin.py:188} INFO - [2025-06-15T06:02:02.302+0000] {dag.py:3954} INFO - Setting next_dagrun for example_sensors to None, run_after=None
[2025-06-15T06:02:02.314+0000] {processor.py:183} INFO - Processing /home/airflow/.local/lib/python3.10/site-packages/airflow/example_dags/example_sensors.py took 0.043 seconds
[2025-06-15T06:02:34.406+0000] {processor.py:161} INFO - Started process (PID=6643) to work on /home/airflow/.local/lib/python3.10/site-packages/airflow/example_dags/example_sensors.py
[2025-06-15T06:02:34.407+0000] {processor.py:830} INFO - Processing file /home/airflow/.local/lib/python3.10/site-packages/airflow/example_dags/example_sensors.py for tasks to queue
[2025-06-15T06:02:34.409+0000] {logging_mixin.py:188} INFO - [2025-06-15T06:02:34.409+0000] {dagbag.py:540} INFO - Filling up the DagBag from /home/airflow/.local/lib/python3.10/site-packages/airflow/example_dags/example_sensors.py
[2025-06-15T06:02:34.416+0000] {processor.py:840} INFO - DAG(s) 'example_sensors' retrieved from /home/airflow/.local/lib/python3.10/site-packages/airflow/example_dags/example_sensors.py
[2025-06-15T06:02:34.438+0000] {logging_mixin.py:188} INFO - [2025-06-15T06:02:34.438+0000] {dag.py:3096} INFO - Sync 1 DAGs
[2025-06-15T06:02:34.450+0000] {logging_mixin.py:188} INFO - [2025-06-15T06:02:34.449+0000] {dag.py:3954} INFO - Setting next_dagrun for example_sensors to None, run_after=None
[2025-06-15T06:02:34.464+0000] {processor.py:183} INFO - Processing /home/airflow/.local/lib/python3.10/site-packages/airflow/example_dags/example_sensors.py took 0.062 seconds
[2025-06-15T06:03:09.935+0000] {processor.py:161} INFO - Started process (PID=6707) to work on /home/airflow/.local/lib/python3.10/site-packages/airflow/example_dags/example_sensors.py
[2025-06-15T06:03:09.937+0000] {processor.py:830} INFO - Processing file /home/airflow/.local/lib/python3.10/site-packages/airflow/example_dags/example_sensors.py for tasks to queue
[2025-06-15T06:03:09.938+0000] {logging_mixin.py:188} INFO - [2025-06-15T06:03:09.938+0000] {dagbag.py:540} INFO - Filling up the DagBag from /home/airflow/.local/lib/python3.10/site-packages/airflow/example_dags/example_sensors.py
[2025-06-15T06:03:09.945+0000] {processor.py:840} INFO - DAG(s) 'example_sensors' retrieved from /home/airflow/.local/lib/python3.10/site-packages/airflow/example_dags/example_sensors.py
[2025-06-15T06:03:09.969+0000] {logging_mixin.py:188} INFO - [2025-06-15T06:03:09.969+0000] {dag.py:3096} INFO - Sync 1 DAGs
[2025-06-15T06:03:09.980+0000] {logging_mixin.py:188} INFO - [2025-06-15T06:03:09.979+0000] {dag.py:3954} INFO - Setting next_dagrun for example_sensors to None, run_after=None
[2025-06-15T06:03:10.000+0000] {processor.py:183} INFO - Processing /home/airflow/.local/lib/python3.10/site-packages/airflow/example_dags/example_sensors.py took 0.070 seconds
[2025-06-15T06:03:42.507+0000] {processor.py:161} INFO - Started process (PID=6771) to work on /home/airflow/.local/lib/python3.10/site-packages/airflow/example_dags/example_sensors.py
[2025-06-15T06:03:42.508+0000] {processor.py:830} INFO - Processing file /home/airflow/.local/lib/python3.10/site-packages/airflow/example_dags/example_sensors.py for tasks to queue
[2025-06-15T06:03:42.510+0000] {logging_mixin.py:188} INFO - [2025-06-15T06:03:42.509+0000] {dagbag.py:540} INFO - Filling up the DagBag from /home/airflow/.local/lib/python3.10/site-packages/airflow/example_dags/example_sensors.py
[2025-06-15T06:03:42.517+0000] {processor.py:840} INFO - DAG(s) 'example_sensors' retrieved from /home/airflow/.local/lib/python3.10/site-packages/airflow/example_dags/example_sensors.py
[2025-06-15T06:03:42.531+0000] {logging_mixin.py:188} INFO - [2025-06-15T06:03:42.531+0000] {dag.py:3096} INFO - Sync 1 DAGs
[2025-06-15T06:03:42.537+0000] {logging_mixin.py:188} INFO - [2025-06-15T06:03:42.537+0000] {dag.py:3954} INFO - Setting next_dagrun for example_sensors to None, run_after=None
[2025-06-15T06:03:42.556+0000] {processor.py:183} INFO - Processing /home/airflow/.local/lib/python3.10/site-packages/airflow/example_dags/example_sensors.py took 0.053 seconds
[2025-06-15T06:04:13.448+0000] {processor.py:161} INFO - Started process (PID=6835) to work on /home/airflow/.local/lib/python3.10/site-packages/airflow/example_dags/example_sensors.py
[2025-06-15T06:04:13.449+0000] {processor.py:830} INFO - Processing file /home/airflow/.local/lib/python3.10/site-packages/airflow/example_dags/example_sensors.py for tasks to queue
[2025-06-15T06:04:13.450+0000] {logging_mixin.py:188} INFO - [2025-06-15T06:04:13.450+0000] {dagbag.py:540} INFO - Filling up the DagBag from /home/airflow/.local/lib/python3.10/site-packages/airflow/example_dags/example_sensors.py
[2025-06-15T06:04:13.455+0000] {processor.py:840} INFO - DAG(s) 'example_sensors' retrieved from /home/airflow/.local/lib/python3.10/site-packages/airflow/example_dags/example_sensors.py
[2025-06-15T06:04:13.469+0000] {logging_mixin.py:188} INFO - [2025-06-15T06:04:13.468+0000] {dag.py:3096} INFO - Sync 1 DAGs
[2025-06-15T06:04:13.475+0000] {logging_mixin.py:188} INFO - [2025-06-15T06:04:13.475+0000] {dag.py:3954} INFO - Setting next_dagrun for example_sensors to None, run_after=None
[2025-06-15T06:04:13.495+0000] {processor.py:183} INFO - Processing /home/airflow/.local/lib/python3.10/site-packages/airflow/example_dags/example_sensors.py took 0.050 seconds
[2025-06-15T06:04:44.196+0000] {processor.py:161} INFO - Started process (PID=6899) to work on /home/airflow/.local/lib/python3.10/site-packages/airflow/example_dags/example_sensors.py
[2025-06-15T06:04:44.198+0000] {processor.py:830} INFO - Processing file /home/airflow/.local/lib/python3.10/site-packages/airflow/example_dags/example_sensors.py for tasks to queue
[2025-06-15T06:04:44.199+0000] {logging_mixin.py:188} INFO - [2025-06-15T06:04:44.199+0000] {dagbag.py:540} INFO - Filling up the DagBag from /home/airflow/.local/lib/python3.10/site-packages/airflow/example_dags/example_sensors.py
[2025-06-15T06:04:44.206+0000] {processor.py:840} INFO - DAG(s) 'example_sensors' retrieved from /home/airflow/.local/lib/python3.10/site-packages/airflow/example_dags/example_sensors.py
[2025-06-15T06:04:44.224+0000] {logging_mixin.py:188} INFO - [2025-06-15T06:04:44.224+0000] {dag.py:3096} INFO - Sync 1 DAGs
[2025-06-15T06:04:44.231+0000] {logging_mixin.py:188} INFO - [2025-06-15T06:04:44.231+0000] {dag.py:3954} INFO - Setting next_dagrun for example_sensors to None, run_after=None
[2025-06-15T06:04:44.240+0000] {processor.py:183} INFO - Processing /home/airflow/.local/lib/python3.10/site-packages/airflow/example_dags/example_sensors.py took 0.053 seconds
