[2025-06-15T00:02:04.031+0000] {processor.py:161} INFO - Started process (PID=1951) to work on /home/airflow/.local/lib/python3.10/site-packages/airflow/example_dags/tutorial.py
[2025-06-15T00:02:04.032+0000] {processor.py:830} INFO - Processing file /home/airflow/.local/lib/python3.10/site-packages/airflow/example_dags/tutorial.py for tasks to queue
[2025-06-15T00:02:04.034+0000] {logging_mixin.py:188} INFO - [2025-06-15T00:02:04.034+0000] {dagbag.py:540} INFO - Filling up the DagBag from /home/airflow/.local/lib/python3.10/site-packages/airflow/example_dags/tutorial.py
[2025-06-15T00:02:04.039+0000] {processor.py:840} INFO - DAG(s) 'tutorial' retrieved from /home/airflow/.local/lib/python3.10/site-packages/airflow/example_dags/tutorial.py
[2025-06-15T00:02:04.055+0000] {logging_mixin.py:188} INFO - [2025-06-15T00:02:04.055+0000] {dag.py:3096} INFO - Sync 1 DAGs
[2025-06-15T00:02:04.074+0000] {logging_mixin.py:188} INFO - [2025-06-15T00:02:04.074+0000] {dag.py:3954} INFO - Setting next_dagrun for tutorial to 2025-06-14 00:00:00+00:00, run_after=2025-06-15 00:00:00+00:00
[2025-06-15T00:02:04.092+0000] {processor.py:183} INFO - Processing /home/airflow/.local/lib/python3.10/site-packages/airflow/example_dags/tutorial.py took 0.067 seconds
[2025-06-15T00:02:35.157+0000] {processor.py:161} INFO - Started process (PID=2015) to work on /home/airflow/.local/lib/python3.10/site-packages/airflow/example_dags/tutorial.py
[2025-06-15T00:02:35.158+0000] {processor.py:830} INFO - Processing file /home/airflow/.local/lib/python3.10/site-packages/airflow/example_dags/tutorial.py for tasks to queue
[2025-06-15T00:02:35.159+0000] {logging_mixin.py:188} INFO - [2025-06-15T00:02:35.159+0000] {dagbag.py:540} INFO - Filling up the DagBag from /home/airflow/.local/lib/python3.10/site-packages/airflow/example_dags/tutorial.py
[2025-06-15T00:02:35.164+0000] {processor.py:840} INFO - DAG(s) 'tutorial' retrieved from /home/airflow/.local/lib/python3.10/site-packages/airflow/example_dags/tutorial.py
[2025-06-15T00:02:35.194+0000] {logging_mixin.py:188} INFO - [2025-06-15T00:02:35.193+0000] {dag.py:3096} INFO - Sync 1 DAGs
[2025-06-15T00:02:35.217+0000] {logging_mixin.py:188} INFO - [2025-06-15T00:02:35.216+0000] {dag.py:3954} INFO - Setting next_dagrun for tutorial to 2025-06-14 00:00:00+00:00, run_after=2025-06-15 00:00:00+00:00
[2025-06-15T00:02:35.230+0000] {processor.py:183} INFO - Processing /home/airflow/.local/lib/python3.10/site-packages/airflow/example_dags/tutorial.py took 0.079 seconds
[2025-06-15T00:18:02.939+0000] {processor.py:161} INFO - Started process (PID=2079) to work on /home/airflow/.local/lib/python3.10/site-packages/airflow/example_dags/tutorial.py
[2025-06-15T00:18:02.941+0000] {processor.py:830} INFO - Processing file /home/airflow/.local/lib/python3.10/site-packages/airflow/example_dags/tutorial.py for tasks to queue
[2025-06-15T00:18:02.942+0000] {logging_mixin.py:188} INFO - [2025-06-15T00:18:02.942+0000] {dagbag.py:540} INFO - Filling up the DagBag from /home/airflow/.local/lib/python3.10/site-packages/airflow/example_dags/tutorial.py
[2025-06-15T00:18:02.945+0000] {processor.py:840} INFO - DAG(s) 'tutorial' retrieved from /home/airflow/.local/lib/python3.10/site-packages/airflow/example_dags/tutorial.py
[2025-06-15T00:18:02.956+0000] {logging_mixin.py:188} INFO - [2025-06-15T00:18:02.956+0000] {dag.py:3096} INFO - Sync 1 DAGs
[2025-06-15T00:18:02.969+0000] {logging_mixin.py:188} INFO - [2025-06-15T00:18:02.969+0000] {dag.py:3954} INFO - Setting next_dagrun for tutorial to 2025-06-14 00:00:00+00:00, run_after=2025-06-15 00:00:00+00:00
[2025-06-15T00:18:02.987+0000] {processor.py:183} INFO - Processing /home/airflow/.local/lib/python3.10/site-packages/airflow/example_dags/tutorial.py took 0.053 seconds
[2025-06-15T00:32:08.326+0000] {processor.py:161} INFO - Started process (PID=2143) to work on /home/airflow/.local/lib/python3.10/site-packages/airflow/example_dags/tutorial.py
[2025-06-15T00:32:08.327+0000] {processor.py:830} INFO - Processing file /home/airflow/.local/lib/python3.10/site-packages/airflow/example_dags/tutorial.py for tasks to queue
[2025-06-15T00:32:08.328+0000] {logging_mixin.py:188} INFO - [2025-06-15T00:32:08.328+0000] {dagbag.py:540} INFO - Filling up the DagBag from /home/airflow/.local/lib/python3.10/site-packages/airflow/example_dags/tutorial.py
[2025-06-15T00:32:08.331+0000] {processor.py:840} INFO - DAG(s) 'tutorial' retrieved from /home/airflow/.local/lib/python3.10/site-packages/airflow/example_dags/tutorial.py
[2025-06-15T00:32:08.343+0000] {logging_mixin.py:188} INFO - [2025-06-15T00:32:08.343+0000] {dag.py:3096} INFO - Sync 1 DAGs
[2025-06-15T00:32:08.355+0000] {logging_mixin.py:188} INFO - [2025-06-15T00:32:08.355+0000] {dag.py:3954} INFO - Setting next_dagrun for tutorial to 2025-06-14 00:00:00+00:00, run_after=2025-06-15 00:00:00+00:00
[2025-06-15T00:32:08.372+0000] {processor.py:183} INFO - Processing /home/airflow/.local/lib/python3.10/site-packages/airflow/example_dags/tutorial.py took 0.050 seconds
[2025-06-15T00:47:38.652+0000] {processor.py:161} INFO - Started process (PID=2207) to work on /home/airflow/.local/lib/python3.10/site-packages/airflow/example_dags/tutorial.py
[2025-06-15T00:47:38.654+0000] {processor.py:830} INFO - Processing file /home/airflow/.local/lib/python3.10/site-packages/airflow/example_dags/tutorial.py for tasks to queue
[2025-06-15T00:47:38.659+0000] {logging_mixin.py:188} INFO - [2025-06-15T00:47:38.659+0000] {dagbag.py:540} INFO - Filling up the DagBag from /home/airflow/.local/lib/python3.10/site-packages/airflow/example_dags/tutorial.py
[2025-06-15T00:47:38.678+0000] {processor.py:840} INFO - DAG(s) 'tutorial' retrieved from /home/airflow/.local/lib/python3.10/site-packages/airflow/example_dags/tutorial.py
[2025-06-15T00:47:38.859+0000] {logging_mixin.py:188} INFO - [2025-06-15T00:47:38.858+0000] {dag.py:3096} INFO - Sync 1 DAGs
[2025-06-15T00:47:38.931+0000] {logging_mixin.py:188} INFO - [2025-06-15T00:47:38.931+0000] {dag.py:3954} INFO - Setting next_dagrun for tutorial to 2025-06-14 00:00:00+00:00, run_after=2025-06-15 00:00:00+00:00
[2025-06-15T00:47:38.970+0000] {processor.py:183} INFO - Processing /home/airflow/.local/lib/python3.10/site-packages/airflow/example_dags/tutorial.py took 0.335 seconds
[2025-06-15T01:03:14.088+0000] {processor.py:161} INFO - Started process (PID=2271) to work on /home/airflow/.local/lib/python3.10/site-packages/airflow/example_dags/tutorial.py
[2025-06-15T01:03:14.089+0000] {processor.py:830} INFO - Processing file /home/airflow/.local/lib/python3.10/site-packages/airflow/example_dags/tutorial.py for tasks to queue
[2025-06-15T01:03:14.092+0000] {logging_mixin.py:188} INFO - [2025-06-15T01:03:14.092+0000] {dagbag.py:540} INFO - Filling up the DagBag from /home/airflow/.local/lib/python3.10/site-packages/airflow/example_dags/tutorial.py
[2025-06-15T01:03:14.101+0000] {processor.py:840} INFO - DAG(s) 'tutorial' retrieved from /home/airflow/.local/lib/python3.10/site-packages/airflow/example_dags/tutorial.py
[2025-06-15T01:03:14.123+0000] {logging_mixin.py:188} INFO - [2025-06-15T01:03:14.123+0000] {dag.py:3096} INFO - Sync 1 DAGs
[2025-06-15T01:03:14.149+0000] {logging_mixin.py:188} INFO - [2025-06-15T01:03:14.149+0000] {dag.py:3954} INFO - Setting next_dagrun for tutorial to 2025-06-14 00:00:00+00:00, run_after=2025-06-15 00:00:00+00:00
[2025-06-15T01:03:14.185+0000] {processor.py:183} INFO - Processing /home/airflow/.local/lib/python3.10/site-packages/airflow/example_dags/tutorial.py took 0.103 seconds
[2025-06-15T01:12:52.905+0000] {processor.py:161} INFO - Started process (PID=2335) to work on /home/airflow/.local/lib/python3.10/site-packages/airflow/example_dags/tutorial.py
[2025-06-15T01:12:52.907+0000] {processor.py:830} INFO - Processing file /home/airflow/.local/lib/python3.10/site-packages/airflow/example_dags/tutorial.py for tasks to queue
[2025-06-15T01:12:52.915+0000] {logging_mixin.py:188} INFO - [2025-06-15T01:12:52.915+0000] {dagbag.py:540} INFO - Filling up the DagBag from /home/airflow/.local/lib/python3.10/site-packages/airflow/example_dags/tutorial.py
[2025-06-15T01:12:52.925+0000] {processor.py:840} INFO - DAG(s) 'tutorial' retrieved from /home/airflow/.local/lib/python3.10/site-packages/airflow/example_dags/tutorial.py
[2025-06-15T01:12:52.949+0000] {logging_mixin.py:188} INFO - [2025-06-15T01:12:52.948+0000] {dag.py:3096} INFO - Sync 1 DAGs
[2025-06-15T01:12:52.964+0000] {logging_mixin.py:188} INFO - [2025-06-15T01:12:52.964+0000] {dag.py:3954} INFO - Setting next_dagrun for tutorial to 2025-06-14 00:00:00+00:00, run_after=2025-06-15 00:00:00+00:00
[2025-06-15T01:12:52.977+0000] {processor.py:183} INFO - Processing /home/airflow/.local/lib/python3.10/site-packages/airflow/example_dags/tutorial.py took 0.102 seconds
[2025-06-15T01:28:29.251+0000] {processor.py:161} INFO - Started process (PID=2399) to work on /home/airflow/.local/lib/python3.10/site-packages/airflow/example_dags/tutorial.py
[2025-06-15T01:28:29.253+0000] {processor.py:830} INFO - Processing file /home/airflow/.local/lib/python3.10/site-packages/airflow/example_dags/tutorial.py for tasks to queue
[2025-06-15T01:28:29.254+0000] {logging_mixin.py:188} INFO - [2025-06-15T01:28:29.254+0000] {dagbag.py:540} INFO - Filling up the DagBag from /home/airflow/.local/lib/python3.10/site-packages/airflow/example_dags/tutorial.py
[2025-06-15T01:28:29.261+0000] {processor.py:840} INFO - DAG(s) 'tutorial' retrieved from /home/airflow/.local/lib/python3.10/site-packages/airflow/example_dags/tutorial.py
[2025-06-15T01:28:29.286+0000] {logging_mixin.py:188} INFO - [2025-06-15T01:28:29.286+0000] {dag.py:3096} INFO - Sync 1 DAGs
[2025-06-15T01:28:29.328+0000] {logging_mixin.py:188} INFO - [2025-06-15T01:28:29.328+0000] {dag.py:3954} INFO - Setting next_dagrun for tutorial to 2025-06-14 00:00:00+00:00, run_after=2025-06-15 00:00:00+00:00
[2025-06-15T01:28:29.346+0000] {processor.py:183} INFO - Processing /home/airflow/.local/lib/python3.10/site-packages/airflow/example_dags/tutorial.py took 0.100 seconds
[2025-06-15T01:28:59.553+0000] {processor.py:161} INFO - Started process (PID=2463) to work on /home/airflow/.local/lib/python3.10/site-packages/airflow/example_dags/tutorial.py
[2025-06-15T01:28:59.554+0000] {processor.py:830} INFO - Processing file /home/airflow/.local/lib/python3.10/site-packages/airflow/example_dags/tutorial.py for tasks to queue
[2025-06-15T01:28:59.555+0000] {logging_mixin.py:188} INFO - [2025-06-15T01:28:59.555+0000] {dagbag.py:540} INFO - Filling up the DagBag from /home/airflow/.local/lib/python3.10/site-packages/airflow/example_dags/tutorial.py
[2025-06-15T01:28:59.559+0000] {processor.py:840} INFO - DAG(s) 'tutorial' retrieved from /home/airflow/.local/lib/python3.10/site-packages/airflow/example_dags/tutorial.py
[2025-06-15T01:28:59.572+0000] {logging_mixin.py:188} INFO - [2025-06-15T01:28:59.572+0000] {dag.py:3096} INFO - Sync 1 DAGs
[2025-06-15T01:28:59.584+0000] {logging_mixin.py:188} INFO - [2025-06-15T01:28:59.584+0000] {dag.py:3954} INFO - Setting next_dagrun for tutorial to 2025-06-14 00:00:00+00:00, run_after=2025-06-15 00:00:00+00:00
[2025-06-15T01:28:59.593+0000] {processor.py:183} INFO - Processing /home/airflow/.local/lib/python3.10/site-packages/airflow/example_dags/tutorial.py took 0.045 seconds
[2025-06-15T01:38:40.816+0000] {processor.py:161} INFO - Started process (PID=2527) to work on /home/airflow/.local/lib/python3.10/site-packages/airflow/example_dags/tutorial.py
[2025-06-15T01:38:40.818+0000] {processor.py:830} INFO - Processing file /home/airflow/.local/lib/python3.10/site-packages/airflow/example_dags/tutorial.py for tasks to queue
[2025-06-15T01:38:40.818+0000] {logging_mixin.py:188} INFO - [2025-06-15T01:38:40.818+0000] {dagbag.py:540} INFO - Filling up the DagBag from /home/airflow/.local/lib/python3.10/site-packages/airflow/example_dags/tutorial.py
[2025-06-15T01:38:40.822+0000] {processor.py:840} INFO - DAG(s) 'tutorial' retrieved from /home/airflow/.local/lib/python3.10/site-packages/airflow/example_dags/tutorial.py
[2025-06-15T01:38:40.834+0000] {logging_mixin.py:188} INFO - [2025-06-15T01:38:40.833+0000] {dag.py:3096} INFO - Sync 1 DAGs
[2025-06-15T01:38:40.844+0000] {logging_mixin.py:188} INFO - [2025-06-15T01:38:40.844+0000] {dag.py:3954} INFO - Setting next_dagrun for tutorial to 2025-06-14 00:00:00+00:00, run_after=2025-06-15 00:00:00+00:00
[2025-06-15T01:38:40.858+0000] {processor.py:183} INFO - Processing /home/airflow/.local/lib/python3.10/site-packages/airflow/example_dags/tutorial.py took 0.045 seconds
[2025-06-15T01:57:47.891+0000] {processor.py:161} INFO - Started process (PID=2591) to work on /home/airflow/.local/lib/python3.10/site-packages/airflow/example_dags/tutorial.py
[2025-06-15T01:57:47.895+0000] {processor.py:830} INFO - Processing file /home/airflow/.local/lib/python3.10/site-packages/airflow/example_dags/tutorial.py for tasks to queue
[2025-06-15T01:57:47.896+0000] {logging_mixin.py:188} INFO - [2025-06-15T01:57:47.896+0000] {dagbag.py:540} INFO - Filling up the DagBag from /home/airflow/.local/lib/python3.10/site-packages/airflow/example_dags/tutorial.py
[2025-06-15T01:57:47.900+0000] {processor.py:840} INFO - DAG(s) 'tutorial' retrieved from /home/airflow/.local/lib/python3.10/site-packages/airflow/example_dags/tutorial.py
[2025-06-15T01:57:47.920+0000] {logging_mixin.py:188} INFO - [2025-06-15T01:57:47.920+0000] {dag.py:3096} INFO - Sync 1 DAGs
[2025-06-15T01:57:48.073+0000] {logging_mixin.py:188} INFO - [2025-06-15T01:57:48.073+0000] {dag.py:3954} INFO - Setting next_dagrun for tutorial to 2025-06-14 00:00:00+00:00, run_after=2025-06-15 00:00:00+00:00
[2025-06-15T01:57:48.083+0000] {processor.py:183} INFO - Processing /home/airflow/.local/lib/python3.10/site-packages/airflow/example_dags/tutorial.py took 0.197 seconds
[2025-06-15T02:03:46.032+0000] {processor.py:161} INFO - Started process (PID=2655) to work on /home/airflow/.local/lib/python3.10/site-packages/airflow/example_dags/tutorial.py
[2025-06-15T02:03:46.034+0000] {processor.py:830} INFO - Processing file /home/airflow/.local/lib/python3.10/site-packages/airflow/example_dags/tutorial.py for tasks to queue
[2025-06-15T02:03:46.035+0000] {logging_mixin.py:188} INFO - [2025-06-15T02:03:46.035+0000] {dagbag.py:540} INFO - Filling up the DagBag from /home/airflow/.local/lib/python3.10/site-packages/airflow/example_dags/tutorial.py
[2025-06-15T02:03:46.040+0000] {processor.py:840} INFO - DAG(s) 'tutorial' retrieved from /home/airflow/.local/lib/python3.10/site-packages/airflow/example_dags/tutorial.py
[2025-06-15T02:03:46.061+0000] {logging_mixin.py:188} INFO - [2025-06-15T02:03:46.061+0000] {dag.py:3096} INFO - Sync 1 DAGs
[2025-06-15T02:03:46.174+0000] {logging_mixin.py:188} INFO - [2025-06-15T02:03:46.174+0000] {dag.py:3954} INFO - Setting next_dagrun for tutorial to 2025-06-14 00:00:00+00:00, run_after=2025-06-15 00:00:00+00:00
[2025-06-15T02:03:46.187+0000] {processor.py:183} INFO - Processing /home/airflow/.local/lib/python3.10/site-packages/airflow/example_dags/tutorial.py took 0.159 seconds
[2025-06-15T02:04:17.958+0000] {processor.py:161} INFO - Started process (PID=2719) to work on /home/airflow/.local/lib/python3.10/site-packages/airflow/example_dags/tutorial.py
[2025-06-15T02:04:17.961+0000] {processor.py:830} INFO - Processing file /home/airflow/.local/lib/python3.10/site-packages/airflow/example_dags/tutorial.py for tasks to queue
[2025-06-15T02:04:17.965+0000] {logging_mixin.py:188} INFO - [2025-06-15T02:04:17.965+0000] {dagbag.py:540} INFO - Filling up the DagBag from /home/airflow/.local/lib/python3.10/site-packages/airflow/example_dags/tutorial.py
[2025-06-15T02:04:17.972+0000] {processor.py:840} INFO - DAG(s) 'tutorial' retrieved from /home/airflow/.local/lib/python3.10/site-packages/airflow/example_dags/tutorial.py
[2025-06-15T02:04:18.016+0000] {logging_mixin.py:188} INFO - [2025-06-15T02:04:18.015+0000] {dag.py:3096} INFO - Sync 1 DAGs
[2025-06-15T02:04:18.328+0000] {logging_mixin.py:188} INFO - [2025-06-15T02:04:18.328+0000] {dag.py:3954} INFO - Setting next_dagrun for tutorial to 2025-06-14 00:00:00+00:00, run_after=2025-06-15 00:00:00+00:00
[2025-06-15T02:04:18.349+0000] {processor.py:183} INFO - Processing /home/airflow/.local/lib/python3.10/site-packages/airflow/example_dags/tutorial.py took 0.397 seconds
[2025-06-15T02:19:55.339+0000] {processor.py:161} INFO - Started process (PID=2783) to work on /home/airflow/.local/lib/python3.10/site-packages/airflow/example_dags/tutorial.py
[2025-06-15T02:19:55.340+0000] {processor.py:830} INFO - Processing file /home/airflow/.local/lib/python3.10/site-packages/airflow/example_dags/tutorial.py for tasks to queue
[2025-06-15T02:19:55.341+0000] {logging_mixin.py:188} INFO - [2025-06-15T02:19:55.341+0000] {dagbag.py:540} INFO - Filling up the DagBag from /home/airflow/.local/lib/python3.10/site-packages/airflow/example_dags/tutorial.py
[2025-06-15T02:19:55.344+0000] {processor.py:840} INFO - DAG(s) 'tutorial' retrieved from /home/airflow/.local/lib/python3.10/site-packages/airflow/example_dags/tutorial.py
[2025-06-15T02:19:55.357+0000] {logging_mixin.py:188} INFO - [2025-06-15T02:19:55.357+0000] {dag.py:3096} INFO - Sync 1 DAGs
[2025-06-15T02:19:55.369+0000] {logging_mixin.py:188} INFO - [2025-06-15T02:19:55.369+0000] {dag.py:3954} INFO - Setting next_dagrun for tutorial to 2025-06-14 00:00:00+00:00, run_after=2025-06-15 00:00:00+00:00
[2025-06-15T02:19:55.521+0000] {processor.py:183} INFO - Processing /home/airflow/.local/lib/python3.10/site-packages/airflow/example_dags/tutorial.py took 0.186 seconds
[2025-06-15T02:23:46.654+0000] {processor.py:161} INFO - Started process (PID=2847) to work on /home/airflow/.local/lib/python3.10/site-packages/airflow/example_dags/tutorial.py
[2025-06-15T02:23:46.655+0000] {processor.py:830} INFO - Processing file /home/airflow/.local/lib/python3.10/site-packages/airflow/example_dags/tutorial.py for tasks to queue
[2025-06-15T02:23:46.657+0000] {logging_mixin.py:188} INFO - [2025-06-15T02:23:46.657+0000] {dagbag.py:540} INFO - Filling up the DagBag from /home/airflow/.local/lib/python3.10/site-packages/airflow/example_dags/tutorial.py
[2025-06-15T02:23:46.662+0000] {processor.py:840} INFO - DAG(s) 'tutorial' retrieved from /home/airflow/.local/lib/python3.10/site-packages/airflow/example_dags/tutorial.py
[2025-06-15T02:23:46.679+0000] {logging_mixin.py:188} INFO - [2025-06-15T02:23:46.678+0000] {dag.py:3096} INFO - Sync 1 DAGs
[2025-06-15T02:23:46.691+0000] {logging_mixin.py:188} INFO - [2025-06-15T02:23:46.691+0000] {dag.py:3954} INFO - Setting next_dagrun for tutorial to 2025-06-14 00:00:00+00:00, run_after=2025-06-15 00:00:00+00:00
[2025-06-15T02:23:46.700+0000] {processor.py:183} INFO - Processing /home/airflow/.local/lib/python3.10/site-packages/airflow/example_dags/tutorial.py took 0.052 seconds
[2025-06-15T02:25:46.566+0000] {processor.py:161} INFO - Started process (PID=2911) to work on /home/airflow/.local/lib/python3.10/site-packages/airflow/example_dags/tutorial.py
[2025-06-15T02:25:46.568+0000] {processor.py:830} INFO - Processing file /home/airflow/.local/lib/python3.10/site-packages/airflow/example_dags/tutorial.py for tasks to queue
[2025-06-15T02:25:46.569+0000] {logging_mixin.py:188} INFO - [2025-06-15T02:25:46.569+0000] {dagbag.py:540} INFO - Filling up the DagBag from /home/airflow/.local/lib/python3.10/site-packages/airflow/example_dags/tutorial.py
[2025-06-15T02:25:46.573+0000] {processor.py:840} INFO - DAG(s) 'tutorial' retrieved from /home/airflow/.local/lib/python3.10/site-packages/airflow/example_dags/tutorial.py
[2025-06-15T02:25:46.586+0000] {logging_mixin.py:188} INFO - [2025-06-15T02:25:46.586+0000] {dag.py:3096} INFO - Sync 1 DAGs
[2025-06-15T02:25:46.600+0000] {logging_mixin.py:188} INFO - [2025-06-15T02:25:46.600+0000] {dag.py:3954} INFO - Setting next_dagrun for tutorial to 2025-06-14 00:00:00+00:00, run_after=2025-06-15 00:00:00+00:00
[2025-06-15T02:25:46.616+0000] {processor.py:183} INFO - Processing /home/airflow/.local/lib/python3.10/site-packages/airflow/example_dags/tutorial.py took 0.055 seconds
[2025-06-15T02:27:45.846+0000] {processor.py:161} INFO - Started process (PID=2975) to work on /home/airflow/.local/lib/python3.10/site-packages/airflow/example_dags/tutorial.py
[2025-06-15T02:27:45.847+0000] {processor.py:830} INFO - Processing file /home/airflow/.local/lib/python3.10/site-packages/airflow/example_dags/tutorial.py for tasks to queue
[2025-06-15T02:27:45.849+0000] {logging_mixin.py:188} INFO - [2025-06-15T02:27:45.849+0000] {dagbag.py:540} INFO - Filling up the DagBag from /home/airflow/.local/lib/python3.10/site-packages/airflow/example_dags/tutorial.py
[2025-06-15T02:27:45.852+0000] {processor.py:840} INFO - DAG(s) 'tutorial' retrieved from /home/airflow/.local/lib/python3.10/site-packages/airflow/example_dags/tutorial.py
[2025-06-15T02:27:45.867+0000] {logging_mixin.py:188} INFO - [2025-06-15T02:27:45.867+0000] {dag.py:3096} INFO - Sync 1 DAGs
[2025-06-15T02:27:45.878+0000] {logging_mixin.py:188} INFO - [2025-06-15T02:27:45.878+0000] {dag.py:3954} INFO - Setting next_dagrun for tutorial to 2025-06-14 00:00:00+00:00, run_after=2025-06-15 00:00:00+00:00
[2025-06-15T02:27:45.892+0000] {processor.py:183} INFO - Processing /home/airflow/.local/lib/python3.10/site-packages/airflow/example_dags/tutorial.py took 0.051 seconds
[2025-06-15T02:34:00.304+0000] {processor.py:161} INFO - Started process (PID=3039) to work on /home/airflow/.local/lib/python3.10/site-packages/airflow/example_dags/tutorial.py
[2025-06-15T02:34:00.305+0000] {processor.py:830} INFO - Processing file /home/airflow/.local/lib/python3.10/site-packages/airflow/example_dags/tutorial.py for tasks to queue
[2025-06-15T02:34:00.306+0000] {logging_mixin.py:188} INFO - [2025-06-15T02:34:00.306+0000] {dagbag.py:540} INFO - Filling up the DagBag from /home/airflow/.local/lib/python3.10/site-packages/airflow/example_dags/tutorial.py
[2025-06-15T02:34:00.315+0000] {processor.py:840} INFO - DAG(s) 'tutorial' retrieved from /home/airflow/.local/lib/python3.10/site-packages/airflow/example_dags/tutorial.py
[2025-06-15T02:34:00.345+0000] {logging_mixin.py:188} INFO - [2025-06-15T02:34:00.344+0000] {dag.py:3096} INFO - Sync 1 DAGs
[2025-06-15T02:34:00.376+0000] {logging_mixin.py:188} INFO - [2025-06-15T02:34:00.376+0000] {dag.py:3954} INFO - Setting next_dagrun for tutorial to 2025-06-14 00:00:00+00:00, run_after=2025-06-15 00:00:00+00:00
[2025-06-15T02:34:00.391+0000] {processor.py:183} INFO - Processing /home/airflow/.local/lib/python3.10/site-packages/airflow/example_dags/tutorial.py took 0.091 seconds
[2025-06-15T02:39:56.169+0000] {processor.py:161} INFO - Started process (PID=3103) to work on /home/airflow/.local/lib/python3.10/site-packages/airflow/example_dags/tutorial.py
[2025-06-15T02:39:56.170+0000] {processor.py:830} INFO - Processing file /home/airflow/.local/lib/python3.10/site-packages/airflow/example_dags/tutorial.py for tasks to queue
[2025-06-15T02:39:56.172+0000] {logging_mixin.py:188} INFO - [2025-06-15T02:39:56.172+0000] {dagbag.py:540} INFO - Filling up the DagBag from /home/airflow/.local/lib/python3.10/site-packages/airflow/example_dags/tutorial.py
[2025-06-15T02:39:56.179+0000] {processor.py:840} INFO - DAG(s) 'tutorial' retrieved from /home/airflow/.local/lib/python3.10/site-packages/airflow/example_dags/tutorial.py
[2025-06-15T02:39:56.225+0000] {logging_mixin.py:188} INFO - [2025-06-15T02:39:56.225+0000] {dag.py:3096} INFO - Sync 1 DAGs
[2025-06-15T02:39:56.241+0000] {logging_mixin.py:188} INFO - [2025-06-15T02:39:56.241+0000] {dag.py:3954} INFO - Setting next_dagrun for tutorial to 2025-06-14 00:00:00+00:00, run_after=2025-06-15 00:00:00+00:00
[2025-06-15T02:39:56.261+0000] {processor.py:183} INFO - Processing /home/airflow/.local/lib/python3.10/site-packages/airflow/example_dags/tutorial.py took 0.097 seconds
[2025-06-15T02:40:26.310+0000] {processor.py:161} INFO - Started process (PID=3167) to work on /home/airflow/.local/lib/python3.10/site-packages/airflow/example_dags/tutorial.py
[2025-06-15T02:40:26.311+0000] {processor.py:830} INFO - Processing file /home/airflow/.local/lib/python3.10/site-packages/airflow/example_dags/tutorial.py for tasks to queue
[2025-06-15T02:40:26.313+0000] {logging_mixin.py:188} INFO - [2025-06-15T02:40:26.313+0000] {dagbag.py:540} INFO - Filling up the DagBag from /home/airflow/.local/lib/python3.10/site-packages/airflow/example_dags/tutorial.py
[2025-06-15T02:40:26.316+0000] {processor.py:840} INFO - DAG(s) 'tutorial' retrieved from /home/airflow/.local/lib/python3.10/site-packages/airflow/example_dags/tutorial.py
[2025-06-15T02:40:26.330+0000] {logging_mixin.py:188} INFO - [2025-06-15T02:40:26.330+0000] {dag.py:3096} INFO - Sync 1 DAGs
[2025-06-15T02:40:26.344+0000] {logging_mixin.py:188} INFO - [2025-06-15T02:40:26.344+0000] {dag.py:3954} INFO - Setting next_dagrun for tutorial to 2025-06-14 00:00:00+00:00, run_after=2025-06-15 00:00:00+00:00
[2025-06-15T02:40:26.358+0000] {processor.py:183} INFO - Processing /home/airflow/.local/lib/python3.10/site-packages/airflow/example_dags/tutorial.py took 0.053 seconds
[2025-06-15T02:55:55.802+0000] {processor.py:161} INFO - Started process (PID=3231) to work on /home/airflow/.local/lib/python3.10/site-packages/airflow/example_dags/tutorial.py
[2025-06-15T02:55:55.805+0000] {processor.py:830} INFO - Processing file /home/airflow/.local/lib/python3.10/site-packages/airflow/example_dags/tutorial.py for tasks to queue
[2025-06-15T02:55:55.807+0000] {logging_mixin.py:188} INFO - [2025-06-15T02:55:55.807+0000] {dagbag.py:540} INFO - Filling up the DagBag from /home/airflow/.local/lib/python3.10/site-packages/airflow/example_dags/tutorial.py
[2025-06-15T02:55:55.810+0000] {processor.py:840} INFO - DAG(s) 'tutorial' retrieved from /home/airflow/.local/lib/python3.10/site-packages/airflow/example_dags/tutorial.py
[2025-06-15T02:55:55.846+0000] {logging_mixin.py:188} INFO - [2025-06-15T02:55:55.845+0000] {dag.py:3096} INFO - Sync 1 DAGs
[2025-06-15T02:55:55.860+0000] {logging_mixin.py:188} INFO - [2025-06-15T02:55:55.860+0000] {dag.py:3954} INFO - Setting next_dagrun for tutorial to 2025-06-14 00:00:00+00:00, run_after=2025-06-15 00:00:00+00:00
[2025-06-15T02:55:55.875+0000] {processor.py:183} INFO - Processing /home/airflow/.local/lib/python3.10/site-packages/airflow/example_dags/tutorial.py took 0.079 seconds
[2025-06-15T02:56:26.461+0000] {processor.py:161} INFO - Started process (PID=3295) to work on /home/airflow/.local/lib/python3.10/site-packages/airflow/example_dags/tutorial.py
[2025-06-15T02:56:26.465+0000] {processor.py:830} INFO - Processing file /home/airflow/.local/lib/python3.10/site-packages/airflow/example_dags/tutorial.py for tasks to queue
[2025-06-15T02:56:26.488+0000] {logging_mixin.py:188} INFO - [2025-06-15T02:56:26.488+0000] {dagbag.py:540} INFO - Filling up the DagBag from /home/airflow/.local/lib/python3.10/site-packages/airflow/example_dags/tutorial.py
[2025-06-15T02:56:26.497+0000] {processor.py:840} INFO - DAG(s) 'tutorial' retrieved from /home/airflow/.local/lib/python3.10/site-packages/airflow/example_dags/tutorial.py
[2025-06-15T02:56:26.549+0000] {logging_mixin.py:188} INFO - [2025-06-15T02:56:26.549+0000] {dag.py:3096} INFO - Sync 1 DAGs
[2025-06-15T02:56:26.619+0000] {logging_mixin.py:188} INFO - [2025-06-15T02:56:26.619+0000] {dag.py:3954} INFO - Setting next_dagrun for tutorial to 2025-06-14 00:00:00+00:00, run_after=2025-06-15 00:00:00+00:00
[2025-06-15T02:56:26.665+0000] {processor.py:183} INFO - Processing /home/airflow/.local/lib/python3.10/site-packages/airflow/example_dags/tutorial.py took 0.215 seconds
[2025-06-15T03:08:06.796+0000] {processor.py:161} INFO - Started process (PID=3359) to work on /home/airflow/.local/lib/python3.10/site-packages/airflow/example_dags/tutorial.py
[2025-06-15T03:08:06.797+0000] {processor.py:830} INFO - Processing file /home/airflow/.local/lib/python3.10/site-packages/airflow/example_dags/tutorial.py for tasks to queue
[2025-06-15T03:08:06.798+0000] {logging_mixin.py:188} INFO - [2025-06-15T03:08:06.798+0000] {dagbag.py:540} INFO - Filling up the DagBag from /home/airflow/.local/lib/python3.10/site-packages/airflow/example_dags/tutorial.py
[2025-06-15T03:08:06.801+0000] {processor.py:840} INFO - DAG(s) 'tutorial' retrieved from /home/airflow/.local/lib/python3.10/site-packages/airflow/example_dags/tutorial.py
[2025-06-15T03:08:06.817+0000] {logging_mixin.py:188} INFO - [2025-06-15T03:08:06.817+0000] {dag.py:3096} INFO - Sync 1 DAGs
[2025-06-15T03:08:06.829+0000] {logging_mixin.py:188} INFO - [2025-06-15T03:08:06.829+0000] {dag.py:3954} INFO - Setting next_dagrun for tutorial to 2025-06-14 00:00:00+00:00, run_after=2025-06-15 00:00:00+00:00
[2025-06-15T03:08:06.844+0000] {processor.py:183} INFO - Processing /home/airflow/.local/lib/python3.10/site-packages/airflow/example_dags/tutorial.py took 0.053 seconds
[2025-06-15T03:09:44.965+0000] {processor.py:161} INFO - Started process (PID=3423) to work on /home/airflow/.local/lib/python3.10/site-packages/airflow/example_dags/tutorial.py
[2025-06-15T03:09:44.966+0000] {processor.py:830} INFO - Processing file /home/airflow/.local/lib/python3.10/site-packages/airflow/example_dags/tutorial.py for tasks to queue
[2025-06-15T03:09:44.967+0000] {logging_mixin.py:188} INFO - [2025-06-15T03:09:44.967+0000] {dagbag.py:540} INFO - Filling up the DagBag from /home/airflow/.local/lib/python3.10/site-packages/airflow/example_dags/tutorial.py
[2025-06-15T03:09:44.970+0000] {processor.py:840} INFO - DAG(s) 'tutorial' retrieved from /home/airflow/.local/lib/python3.10/site-packages/airflow/example_dags/tutorial.py
[2025-06-15T03:09:44.986+0000] {logging_mixin.py:188} INFO - [2025-06-15T03:09:44.986+0000] {dag.py:3096} INFO - Sync 1 DAGs
[2025-06-15T03:09:44.999+0000] {logging_mixin.py:188} INFO - [2025-06-15T03:09:44.999+0000] {dag.py:3954} INFO - Setting next_dagrun for tutorial to 2025-06-14 00:00:00+00:00, run_after=2025-06-15 00:00:00+00:00
[2025-06-15T03:09:45.011+0000] {processor.py:183} INFO - Processing /home/airflow/.local/lib/python3.10/site-packages/airflow/example_dags/tutorial.py took 0.050 seconds
[2025-06-15T03:13:23.019+0000] {processor.py:161} INFO - Started process (PID=3487) to work on /home/airflow/.local/lib/python3.10/site-packages/airflow/example_dags/tutorial.py
[2025-06-15T03:13:23.026+0000] {processor.py:830} INFO - Processing file /home/airflow/.local/lib/python3.10/site-packages/airflow/example_dags/tutorial.py for tasks to queue
[2025-06-15T03:13:23.029+0000] {logging_mixin.py:188} INFO - [2025-06-15T03:13:23.028+0000] {dagbag.py:540} INFO - Filling up the DagBag from /home/airflow/.local/lib/python3.10/site-packages/airflow/example_dags/tutorial.py
[2025-06-15T03:13:23.036+0000] {processor.py:840} INFO - DAG(s) 'tutorial' retrieved from /home/airflow/.local/lib/python3.10/site-packages/airflow/example_dags/tutorial.py
[2025-06-15T03:13:23.059+0000] {logging_mixin.py:188} INFO - [2025-06-15T03:13:23.059+0000] {dag.py:3096} INFO - Sync 1 DAGs
[2025-06-15T03:13:23.076+0000] {logging_mixin.py:188} INFO - [2025-06-15T03:13:23.076+0000] {dag.py:3954} INFO - Setting next_dagrun for tutorial to 2025-06-14 00:00:00+00:00, run_after=2025-06-15 00:00:00+00:00
[2025-06-15T03:13:23.100+0000] {processor.py:183} INFO - Processing /home/airflow/.local/lib/python3.10/site-packages/airflow/example_dags/tutorial.py took 0.086 seconds
[2025-06-15T03:20:47.973+0000] {processor.py:161} INFO - Started process (PID=3551) to work on /home/airflow/.local/lib/python3.10/site-packages/airflow/example_dags/tutorial.py
[2025-06-15T03:20:47.976+0000] {processor.py:830} INFO - Processing file /home/airflow/.local/lib/python3.10/site-packages/airflow/example_dags/tutorial.py for tasks to queue
[2025-06-15T03:20:47.981+0000] {logging_mixin.py:188} INFO - [2025-06-15T03:20:47.980+0000] {dagbag.py:540} INFO - Filling up the DagBag from /home/airflow/.local/lib/python3.10/site-packages/airflow/example_dags/tutorial.py
[2025-06-15T03:20:47.985+0000] {processor.py:840} INFO - DAG(s) 'tutorial' retrieved from /home/airflow/.local/lib/python3.10/site-packages/airflow/example_dags/tutorial.py
[2025-06-15T03:20:48.000+0000] {logging_mixin.py:188} INFO - [2025-06-15T03:20:48.000+0000] {dag.py:3096} INFO - Sync 1 DAGs
[2025-06-15T03:20:48.014+0000] {logging_mixin.py:188} INFO - [2025-06-15T03:20:48.014+0000] {dag.py:3954} INFO - Setting next_dagrun for tutorial to 2025-06-14 00:00:00+00:00, run_after=2025-06-15 00:00:00+00:00
[2025-06-15T03:20:48.029+0000] {processor.py:183} INFO - Processing /home/airflow/.local/lib/python3.10/site-packages/airflow/example_dags/tutorial.py took 0.059 seconds
[2025-06-15T03:24:16.705+0000] {processor.py:161} INFO - Started process (PID=3615) to work on /home/airflow/.local/lib/python3.10/site-packages/airflow/example_dags/tutorial.py
[2025-06-15T03:24:16.705+0000] {processor.py:830} INFO - Processing file /home/airflow/.local/lib/python3.10/site-packages/airflow/example_dags/tutorial.py for tasks to queue
[2025-06-15T03:24:16.707+0000] {logging_mixin.py:188} INFO - [2025-06-15T03:24:16.707+0000] {dagbag.py:540} INFO - Filling up the DagBag from /home/airflow/.local/lib/python3.10/site-packages/airflow/example_dags/tutorial.py
[2025-06-15T03:24:16.710+0000] {processor.py:840} INFO - DAG(s) 'tutorial' retrieved from /home/airflow/.local/lib/python3.10/site-packages/airflow/example_dags/tutorial.py
[2025-06-15T03:24:16.729+0000] {logging_mixin.py:188} INFO - [2025-06-15T03:24:16.729+0000] {dag.py:3096} INFO - Sync 1 DAGs
[2025-06-15T03:24:16.749+0000] {logging_mixin.py:188} INFO - [2025-06-15T03:24:16.749+0000] {dag.py:3954} INFO - Setting next_dagrun for tutorial to 2025-06-14 00:00:00+00:00, run_after=2025-06-15 00:00:00+00:00
[2025-06-15T03:24:16.792+0000] {processor.py:183} INFO - Processing /home/airflow/.local/lib/python3.10/site-packages/airflow/example_dags/tutorial.py took 0.092 seconds
[2025-06-15T03:26:42.856+0000] {processor.py:161} INFO - Started process (PID=3679) to work on /home/airflow/.local/lib/python3.10/site-packages/airflow/example_dags/tutorial.py
[2025-06-15T03:26:42.857+0000] {processor.py:830} INFO - Processing file /home/airflow/.local/lib/python3.10/site-packages/airflow/example_dags/tutorial.py for tasks to queue
[2025-06-15T03:26:42.861+0000] {logging_mixin.py:188} INFO - [2025-06-15T03:26:42.861+0000] {dagbag.py:540} INFO - Filling up the DagBag from /home/airflow/.local/lib/python3.10/site-packages/airflow/example_dags/tutorial.py
[2025-06-15T03:26:42.873+0000] {processor.py:840} INFO - DAG(s) 'tutorial' retrieved from /home/airflow/.local/lib/python3.10/site-packages/airflow/example_dags/tutorial.py
[2025-06-15T03:26:42.898+0000] {logging_mixin.py:188} INFO - [2025-06-15T03:26:42.898+0000] {dag.py:3096} INFO - Sync 1 DAGs
[2025-06-15T03:26:42.915+0000] {logging_mixin.py:188} INFO - [2025-06-15T03:26:42.915+0000] {dag.py:3954} INFO - Setting next_dagrun for tutorial to 2025-06-14 00:00:00+00:00, run_after=2025-06-15 00:00:00+00:00
[2025-06-15T03:26:42.948+0000] {processor.py:183} INFO - Processing /home/airflow/.local/lib/python3.10/site-packages/airflow/example_dags/tutorial.py took 0.098 seconds
[2025-06-15T03:28:44.463+0000] {processor.py:161} INFO - Started process (PID=3743) to work on /home/airflow/.local/lib/python3.10/site-packages/airflow/example_dags/tutorial.py
[2025-06-15T03:28:44.464+0000] {processor.py:830} INFO - Processing file /home/airflow/.local/lib/python3.10/site-packages/airflow/example_dags/tutorial.py for tasks to queue
[2025-06-15T03:28:44.465+0000] {logging_mixin.py:188} INFO - [2025-06-15T03:28:44.465+0000] {dagbag.py:540} INFO - Filling up the DagBag from /home/airflow/.local/lib/python3.10/site-packages/airflow/example_dags/tutorial.py
[2025-06-15T03:28:44.468+0000] {processor.py:840} INFO - DAG(s) 'tutorial' retrieved from /home/airflow/.local/lib/python3.10/site-packages/airflow/example_dags/tutorial.py
[2025-06-15T03:28:44.482+0000] {logging_mixin.py:188} INFO - [2025-06-15T03:28:44.482+0000] {dag.py:3096} INFO - Sync 1 DAGs
[2025-06-15T03:28:44.492+0000] {logging_mixin.py:188} INFO - [2025-06-15T03:28:44.491+0000] {dag.py:3954} INFO - Setting next_dagrun for tutorial to 2025-06-14 00:00:00+00:00, run_after=2025-06-15 00:00:00+00:00
[2025-06-15T03:28:44.506+0000] {processor.py:183} INFO - Processing /home/airflow/.local/lib/python3.10/site-packages/airflow/example_dags/tutorial.py took 0.046 seconds
[2025-06-15T03:34:22.884+0000] {processor.py:161} INFO - Started process (PID=3807) to work on /home/airflow/.local/lib/python3.10/site-packages/airflow/example_dags/tutorial.py
[2025-06-15T03:34:22.888+0000] {processor.py:830} INFO - Processing file /home/airflow/.local/lib/python3.10/site-packages/airflow/example_dags/tutorial.py for tasks to queue
[2025-06-15T03:34:22.889+0000] {logging_mixin.py:188} INFO - [2025-06-15T03:34:22.889+0000] {dagbag.py:540} INFO - Filling up the DagBag from /home/airflow/.local/lib/python3.10/site-packages/airflow/example_dags/tutorial.py
[2025-06-15T03:34:22.893+0000] {processor.py:840} INFO - DAG(s) 'tutorial' retrieved from /home/airflow/.local/lib/python3.10/site-packages/airflow/example_dags/tutorial.py
[2025-06-15T03:34:22.912+0000] {logging_mixin.py:188} INFO - [2025-06-15T03:34:22.912+0000] {dag.py:3096} INFO - Sync 1 DAGs
[2025-06-15T03:34:22.925+0000] {logging_mixin.py:188} INFO - [2025-06-15T03:34:22.925+0000] {dag.py:3954} INFO - Setting next_dagrun for tutorial to 2025-06-14 00:00:00+00:00, run_after=2025-06-15 00:00:00+00:00
[2025-06-15T03:34:22.937+0000] {processor.py:183} INFO - Processing /home/airflow/.local/lib/python3.10/site-packages/airflow/example_dags/tutorial.py took 0.062 seconds
[2025-06-15T03:34:53.603+0000] {processor.py:161} INFO - Started process (PID=3871) to work on /home/airflow/.local/lib/python3.10/site-packages/airflow/example_dags/tutorial.py
[2025-06-15T03:34:53.604+0000] {processor.py:830} INFO - Processing file /home/airflow/.local/lib/python3.10/site-packages/airflow/example_dags/tutorial.py for tasks to queue
[2025-06-15T03:34:53.605+0000] {logging_mixin.py:188} INFO - [2025-06-15T03:34:53.605+0000] {dagbag.py:540} INFO - Filling up the DagBag from /home/airflow/.local/lib/python3.10/site-packages/airflow/example_dags/tutorial.py
[2025-06-15T03:34:53.608+0000] {processor.py:840} INFO - DAG(s) 'tutorial' retrieved from /home/airflow/.local/lib/python3.10/site-packages/airflow/example_dags/tutorial.py
[2025-06-15T03:34:53.628+0000] {logging_mixin.py:188} INFO - [2025-06-15T03:34:53.628+0000] {dag.py:3096} INFO - Sync 1 DAGs
[2025-06-15T03:34:53.642+0000] {logging_mixin.py:188} INFO - [2025-06-15T03:34:53.642+0000] {dag.py:3954} INFO - Setting next_dagrun for tutorial to 2025-06-14 00:00:00+00:00, run_after=2025-06-15 00:00:00+00:00
[2025-06-15T03:34:53.655+0000] {processor.py:183} INFO - Processing /home/airflow/.local/lib/python3.10/site-packages/airflow/example_dags/tutorial.py took 0.056 seconds
[2025-06-15T03:40:27.428+0000] {processor.py:161} INFO - Started process (PID=3935) to work on /home/airflow/.local/lib/python3.10/site-packages/airflow/example_dags/tutorial.py
[2025-06-15T03:40:27.430+0000] {processor.py:830} INFO - Processing file /home/airflow/.local/lib/python3.10/site-packages/airflow/example_dags/tutorial.py for tasks to queue
[2025-06-15T03:40:27.432+0000] {logging_mixin.py:188} INFO - [2025-06-15T03:40:27.432+0000] {dagbag.py:540} INFO - Filling up the DagBag from /home/airflow/.local/lib/python3.10/site-packages/airflow/example_dags/tutorial.py
[2025-06-15T03:40:27.435+0000] {processor.py:840} INFO - DAG(s) 'tutorial' retrieved from /home/airflow/.local/lib/python3.10/site-packages/airflow/example_dags/tutorial.py
[2025-06-15T03:40:27.451+0000] {logging_mixin.py:188} INFO - [2025-06-15T03:40:27.451+0000] {dag.py:3096} INFO - Sync 1 DAGs
[2025-06-15T03:40:27.463+0000] {logging_mixin.py:188} INFO - [2025-06-15T03:40:27.463+0000] {dag.py:3954} INFO - Setting next_dagrun for tutorial to 2025-06-14 00:00:00+00:00, run_after=2025-06-15 00:00:00+00:00
[2025-06-15T03:40:27.474+0000] {processor.py:183} INFO - Processing /home/airflow/.local/lib/python3.10/site-packages/airflow/example_dags/tutorial.py took 0.050 seconds
[2025-06-15T03:40:57.551+0000] {processor.py:161} INFO - Started process (PID=3999) to work on /home/airflow/.local/lib/python3.10/site-packages/airflow/example_dags/tutorial.py
[2025-06-15T03:40:57.554+0000] {processor.py:830} INFO - Processing file /home/airflow/.local/lib/python3.10/site-packages/airflow/example_dags/tutorial.py for tasks to queue
[2025-06-15T03:40:57.555+0000] {logging_mixin.py:188} INFO - [2025-06-15T03:40:57.555+0000] {dagbag.py:540} INFO - Filling up the DagBag from /home/airflow/.local/lib/python3.10/site-packages/airflow/example_dags/tutorial.py
[2025-06-15T03:40:57.559+0000] {processor.py:840} INFO - DAG(s) 'tutorial' retrieved from /home/airflow/.local/lib/python3.10/site-packages/airflow/example_dags/tutorial.py
[2025-06-15T03:40:57.570+0000] {logging_mixin.py:188} INFO - [2025-06-15T03:40:57.570+0000] {dag.py:3096} INFO - Sync 1 DAGs
[2025-06-15T03:40:57.581+0000] {logging_mixin.py:188} INFO - [2025-06-15T03:40:57.581+0000] {dag.py:3954} INFO - Setting next_dagrun for tutorial to 2025-06-14 00:00:00+00:00, run_after=2025-06-15 00:00:00+00:00
[2025-06-15T03:40:57.595+0000] {processor.py:183} INFO - Processing /home/airflow/.local/lib/python3.10/site-packages/airflow/example_dags/tutorial.py took 0.047 seconds
[2025-06-15T03:46:33.239+0000] {processor.py:161} INFO - Started process (PID=4063) to work on /home/airflow/.local/lib/python3.10/site-packages/airflow/example_dags/tutorial.py
[2025-06-15T03:46:33.242+0000] {processor.py:830} INFO - Processing file /home/airflow/.local/lib/python3.10/site-packages/airflow/example_dags/tutorial.py for tasks to queue
[2025-06-15T03:46:33.243+0000] {logging_mixin.py:188} INFO - [2025-06-15T03:46:33.243+0000] {dagbag.py:540} INFO - Filling up the DagBag from /home/airflow/.local/lib/python3.10/site-packages/airflow/example_dags/tutorial.py
[2025-06-15T03:46:33.247+0000] {processor.py:840} INFO - DAG(s) 'tutorial' retrieved from /home/airflow/.local/lib/python3.10/site-packages/airflow/example_dags/tutorial.py
[2025-06-15T03:46:33.258+0000] {logging_mixin.py:188} INFO - [2025-06-15T03:46:33.258+0000] {dag.py:3096} INFO - Sync 1 DAGs
[2025-06-15T03:46:33.270+0000] {logging_mixin.py:188} INFO - [2025-06-15T03:46:33.270+0000] {dag.py:3954} INFO - Setting next_dagrun for tutorial to 2025-06-14 00:00:00+00:00, run_after=2025-06-15 00:00:00+00:00
[2025-06-15T03:46:33.283+0000] {processor.py:183} INFO - Processing /home/airflow/.local/lib/python3.10/site-packages/airflow/example_dags/tutorial.py took 0.048 seconds
[2025-06-15T03:48:41.652+0000] {processor.py:161} INFO - Started process (PID=4127) to work on /home/airflow/.local/lib/python3.10/site-packages/airflow/example_dags/tutorial.py
[2025-06-15T03:48:41.655+0000] {processor.py:830} INFO - Processing file /home/airflow/.local/lib/python3.10/site-packages/airflow/example_dags/tutorial.py for tasks to queue
[2025-06-15T03:48:41.656+0000] {logging_mixin.py:188} INFO - [2025-06-15T03:48:41.656+0000] {dagbag.py:540} INFO - Filling up the DagBag from /home/airflow/.local/lib/python3.10/site-packages/airflow/example_dags/tutorial.py
[2025-06-15T03:48:41.659+0000] {processor.py:840} INFO - DAG(s) 'tutorial' retrieved from /home/airflow/.local/lib/python3.10/site-packages/airflow/example_dags/tutorial.py
[2025-06-15T03:48:41.672+0000] {logging_mixin.py:188} INFO - [2025-06-15T03:48:41.672+0000] {dag.py:3096} INFO - Sync 1 DAGs
[2025-06-15T03:48:41.685+0000] {logging_mixin.py:188} INFO - [2025-06-15T03:48:41.685+0000] {dag.py:3954} INFO - Setting next_dagrun for tutorial to 2025-06-14 00:00:00+00:00, run_after=2025-06-15 00:00:00+00:00
[2025-06-15T03:48:41.696+0000] {processor.py:183} INFO - Processing /home/airflow/.local/lib/python3.10/site-packages/airflow/example_dags/tutorial.py took 0.048 seconds
[2025-06-15T03:51:15.362+0000] {processor.py:161} INFO - Started process (PID=4191) to work on /home/airflow/.local/lib/python3.10/site-packages/airflow/example_dags/tutorial.py
[2025-06-15T03:51:15.363+0000] {processor.py:830} INFO - Processing file /home/airflow/.local/lib/python3.10/site-packages/airflow/example_dags/tutorial.py for tasks to queue
[2025-06-15T03:51:15.364+0000] {logging_mixin.py:188} INFO - [2025-06-15T03:51:15.364+0000] {dagbag.py:540} INFO - Filling up the DagBag from /home/airflow/.local/lib/python3.10/site-packages/airflow/example_dags/tutorial.py
[2025-06-15T03:51:15.367+0000] {processor.py:840} INFO - DAG(s) 'tutorial' retrieved from /home/airflow/.local/lib/python3.10/site-packages/airflow/example_dags/tutorial.py
[2025-06-15T03:51:15.383+0000] {logging_mixin.py:188} INFO - [2025-06-15T03:51:15.383+0000] {dag.py:3096} INFO - Sync 1 DAGs
[2025-06-15T03:51:15.405+0000] {logging_mixin.py:188} INFO - [2025-06-15T03:51:15.404+0000] {dag.py:3954} INFO - Setting next_dagrun for tutorial to 2025-06-14 00:00:00+00:00, run_after=2025-06-15 00:00:00+00:00
[2025-06-15T03:51:15.426+0000] {processor.py:183} INFO - Processing /home/airflow/.local/lib/python3.10/site-packages/airflow/example_dags/tutorial.py took 0.068 seconds
[2025-06-15T03:52:19.173+0000] {processor.py:161} INFO - Started process (PID=4255) to work on /home/airflow/.local/lib/python3.10/site-packages/airflow/example_dags/tutorial.py
[2025-06-15T03:52:19.175+0000] {processor.py:830} INFO - Processing file /home/airflow/.local/lib/python3.10/site-packages/airflow/example_dags/tutorial.py for tasks to queue
[2025-06-15T03:52:19.177+0000] {logging_mixin.py:188} INFO - [2025-06-15T03:52:19.177+0000] {dagbag.py:540} INFO - Filling up the DagBag from /home/airflow/.local/lib/python3.10/site-packages/airflow/example_dags/tutorial.py
[2025-06-15T03:52:19.179+0000] {processor.py:840} INFO - DAG(s) 'tutorial' retrieved from /home/airflow/.local/lib/python3.10/site-packages/airflow/example_dags/tutorial.py
[2025-06-15T03:52:19.196+0000] {logging_mixin.py:188} INFO - [2025-06-15T03:52:19.196+0000] {dag.py:3096} INFO - Sync 1 DAGs
[2025-06-15T03:52:19.208+0000] {logging_mixin.py:188} INFO - [2025-06-15T03:52:19.208+0000] {dag.py:3954} INFO - Setting next_dagrun for tutorial to 2025-06-14 00:00:00+00:00, run_after=2025-06-15 00:00:00+00:00
[2025-06-15T03:52:19.223+0000] {processor.py:183} INFO - Processing /home/airflow/.local/lib/python3.10/site-packages/airflow/example_dags/tutorial.py took 0.054 seconds
[2025-06-15T03:54:09.333+0000] {processor.py:161} INFO - Started process (PID=4319) to work on /home/airflow/.local/lib/python3.10/site-packages/airflow/example_dags/tutorial.py
[2025-06-15T03:54:09.334+0000] {processor.py:830} INFO - Processing file /home/airflow/.local/lib/python3.10/site-packages/airflow/example_dags/tutorial.py for tasks to queue
[2025-06-15T03:54:09.335+0000] {logging_mixin.py:188} INFO - [2025-06-15T03:54:09.335+0000] {dagbag.py:540} INFO - Filling up the DagBag from /home/airflow/.local/lib/python3.10/site-packages/airflow/example_dags/tutorial.py
[2025-06-15T03:54:09.339+0000] {processor.py:840} INFO - DAG(s) 'tutorial' retrieved from /home/airflow/.local/lib/python3.10/site-packages/airflow/example_dags/tutorial.py
[2025-06-15T03:54:09.351+0000] {logging_mixin.py:188} INFO - [2025-06-15T03:54:09.351+0000] {dag.py:3096} INFO - Sync 1 DAGs
[2025-06-15T03:54:09.370+0000] {logging_mixin.py:188} INFO - [2025-06-15T03:54:09.370+0000] {dag.py:3954} INFO - Setting next_dagrun for tutorial to 2025-06-14 00:00:00+00:00, run_after=2025-06-15 00:00:00+00:00
[2025-06-15T03:54:09.393+0000] {processor.py:183} INFO - Processing /home/airflow/.local/lib/python3.10/site-packages/airflow/example_dags/tutorial.py took 0.066 seconds
[2025-06-15T03:54:40.117+0000] {processor.py:161} INFO - Started process (PID=4383) to work on /home/airflow/.local/lib/python3.10/site-packages/airflow/example_dags/tutorial.py
[2025-06-15T03:54:40.118+0000] {processor.py:830} INFO - Processing file /home/airflow/.local/lib/python3.10/site-packages/airflow/example_dags/tutorial.py for tasks to queue
[2025-06-15T03:54:40.119+0000] {logging_mixin.py:188} INFO - [2025-06-15T03:54:40.119+0000] {dagbag.py:540} INFO - Filling up the DagBag from /home/airflow/.local/lib/python3.10/site-packages/airflow/example_dags/tutorial.py
[2025-06-15T03:54:40.123+0000] {processor.py:840} INFO - DAG(s) 'tutorial' retrieved from /home/airflow/.local/lib/python3.10/site-packages/airflow/example_dags/tutorial.py
[2025-06-15T03:54:40.142+0000] {logging_mixin.py:188} INFO - [2025-06-15T03:54:40.142+0000] {dag.py:3096} INFO - Sync 1 DAGs
[2025-06-15T03:54:40.156+0000] {logging_mixin.py:188} INFO - [2025-06-15T03:54:40.156+0000] {dag.py:3954} INFO - Setting next_dagrun for tutorial to 2025-06-14 00:00:00+00:00, run_after=2025-06-15 00:00:00+00:00
[2025-06-15T03:54:40.174+0000] {processor.py:183} INFO - Processing /home/airflow/.local/lib/python3.10/site-packages/airflow/example_dags/tutorial.py took 0.060 seconds
[2025-06-15T04:01:41.737+0000] {processor.py:161} INFO - Started process (PID=4447) to work on /home/airflow/.local/lib/python3.10/site-packages/airflow/example_dags/tutorial.py
[2025-06-15T04:01:41.741+0000] {processor.py:830} INFO - Processing file /home/airflow/.local/lib/python3.10/site-packages/airflow/example_dags/tutorial.py for tasks to queue
[2025-06-15T04:01:41.742+0000] {logging_mixin.py:188} INFO - [2025-06-15T04:01:41.742+0000] {dagbag.py:540} INFO - Filling up the DagBag from /home/airflow/.local/lib/python3.10/site-packages/airflow/example_dags/tutorial.py
[2025-06-15T04:01:41.746+0000] {processor.py:840} INFO - DAG(s) 'tutorial' retrieved from /home/airflow/.local/lib/python3.10/site-packages/airflow/example_dags/tutorial.py
[2025-06-15T04:01:41.764+0000] {logging_mixin.py:188} INFO - [2025-06-15T04:01:41.764+0000] {dag.py:3096} INFO - Sync 1 DAGs
[2025-06-15T04:01:41.779+0000] {logging_mixin.py:188} INFO - [2025-06-15T04:01:41.779+0000] {dag.py:3954} INFO - Setting next_dagrun for tutorial to 2025-06-14 00:00:00+00:00, run_after=2025-06-15 00:00:00+00:00
[2025-06-15T04:01:41.790+0000] {processor.py:183} INFO - Processing /home/airflow/.local/lib/python3.10/site-packages/airflow/example_dags/tutorial.py took 0.057 seconds
[2025-06-15T04:02:12.611+0000] {processor.py:161} INFO - Started process (PID=4511) to work on /home/airflow/.local/lib/python3.10/site-packages/airflow/example_dags/tutorial.py
[2025-06-15T04:02:12.612+0000] {processor.py:830} INFO - Processing file /home/airflow/.local/lib/python3.10/site-packages/airflow/example_dags/tutorial.py for tasks to queue
[2025-06-15T04:02:12.614+0000] {logging_mixin.py:188} INFO - [2025-06-15T04:02:12.613+0000] {dagbag.py:540} INFO - Filling up the DagBag from /home/airflow/.local/lib/python3.10/site-packages/airflow/example_dags/tutorial.py
[2025-06-15T04:02:12.619+0000] {processor.py:840} INFO - DAG(s) 'tutorial' retrieved from /home/airflow/.local/lib/python3.10/site-packages/airflow/example_dags/tutorial.py
[2025-06-15T04:02:12.634+0000] {logging_mixin.py:188} INFO - [2025-06-15T04:02:12.634+0000] {dag.py:3096} INFO - Sync 1 DAGs
[2025-06-15T04:02:12.646+0000] {logging_mixin.py:188} INFO - [2025-06-15T04:02:12.646+0000] {dag.py:3954} INFO - Setting next_dagrun for tutorial to 2025-06-14 00:00:00+00:00, run_after=2025-06-15 00:00:00+00:00
[2025-06-15T04:02:12.663+0000] {processor.py:183} INFO - Processing /home/airflow/.local/lib/python3.10/site-packages/airflow/example_dags/tutorial.py took 0.056 seconds
[2025-06-15T04:08:33.392+0000] {processor.py:161} INFO - Started process (PID=4576) to work on /home/airflow/.local/lib/python3.10/site-packages/airflow/example_dags/tutorial.py
[2025-06-15T04:08:33.392+0000] {processor.py:830} INFO - Processing file /home/airflow/.local/lib/python3.10/site-packages/airflow/example_dags/tutorial.py for tasks to queue
[2025-06-15T04:08:33.393+0000] {logging_mixin.py:188} INFO - [2025-06-15T04:08:33.393+0000] {dagbag.py:540} INFO - Filling up the DagBag from /home/airflow/.local/lib/python3.10/site-packages/airflow/example_dags/tutorial.py
[2025-06-15T04:08:33.396+0000] {processor.py:840} INFO - DAG(s) 'tutorial' retrieved from /home/airflow/.local/lib/python3.10/site-packages/airflow/example_dags/tutorial.py
[2025-06-15T04:08:33.406+0000] {logging_mixin.py:188} INFO - [2025-06-15T04:08:33.405+0000] {dag.py:3096} INFO - Sync 1 DAGs
[2025-06-15T04:08:33.415+0000] {logging_mixin.py:188} INFO - [2025-06-15T04:08:33.414+0000] {dag.py:3954} INFO - Setting next_dagrun for tutorial to 2025-06-14 00:00:00+00:00, run_after=2025-06-15 00:00:00+00:00
[2025-06-15T04:08:33.423+0000] {processor.py:183} INFO - Processing /home/airflow/.local/lib/python3.10/site-packages/airflow/example_dags/tutorial.py took 0.035 seconds
[2025-06-15T04:09:04.258+0000] {processor.py:161} INFO - Started process (PID=4640) to work on /home/airflow/.local/lib/python3.10/site-packages/airflow/example_dags/tutorial.py
[2025-06-15T04:09:04.259+0000] {processor.py:830} INFO - Processing file /home/airflow/.local/lib/python3.10/site-packages/airflow/example_dags/tutorial.py for tasks to queue
[2025-06-15T04:09:04.260+0000] {logging_mixin.py:188} INFO - [2025-06-15T04:09:04.260+0000] {dagbag.py:540} INFO - Filling up the DagBag from /home/airflow/.local/lib/python3.10/site-packages/airflow/example_dags/tutorial.py
[2025-06-15T04:09:04.264+0000] {processor.py:840} INFO - DAG(s) 'tutorial' retrieved from /home/airflow/.local/lib/python3.10/site-packages/airflow/example_dags/tutorial.py
[2025-06-15T04:09:04.277+0000] {logging_mixin.py:188} INFO - [2025-06-15T04:09:04.277+0000] {dag.py:3096} INFO - Sync 1 DAGs
[2025-06-15T04:09:04.288+0000] {logging_mixin.py:188} INFO - [2025-06-15T04:09:04.288+0000] {dag.py:3954} INFO - Setting next_dagrun for tutorial to 2025-06-14 00:00:00+00:00, run_after=2025-06-15 00:00:00+00:00
[2025-06-15T04:09:04.299+0000] {processor.py:183} INFO - Processing /home/airflow/.local/lib/python3.10/site-packages/airflow/example_dags/tutorial.py took 0.045 seconds
[2025-06-15T04:15:20.284+0000] {processor.py:161} INFO - Started process (PID=4704) to work on /home/airflow/.local/lib/python3.10/site-packages/airflow/example_dags/tutorial.py
[2025-06-15T04:15:20.285+0000] {processor.py:830} INFO - Processing file /home/airflow/.local/lib/python3.10/site-packages/airflow/example_dags/tutorial.py for tasks to queue
[2025-06-15T04:15:20.287+0000] {logging_mixin.py:188} INFO - [2025-06-15T04:15:20.286+0000] {dagbag.py:540} INFO - Filling up the DagBag from /home/airflow/.local/lib/python3.10/site-packages/airflow/example_dags/tutorial.py
[2025-06-15T04:15:20.290+0000] {processor.py:840} INFO - DAG(s) 'tutorial' retrieved from /home/airflow/.local/lib/python3.10/site-packages/airflow/example_dags/tutorial.py
[2025-06-15T04:15:20.301+0000] {logging_mixin.py:188} INFO - [2025-06-15T04:15:20.301+0000] {dag.py:3096} INFO - Sync 1 DAGs
[2025-06-15T04:15:20.311+0000] {logging_mixin.py:188} INFO - [2025-06-15T04:15:20.311+0000] {dag.py:3954} INFO - Setting next_dagrun for tutorial to 2025-06-14 00:00:00+00:00, run_after=2025-06-15 00:00:00+00:00
[2025-06-15T04:15:20.325+0000] {processor.py:183} INFO - Processing /home/airflow/.local/lib/python3.10/site-packages/airflow/example_dags/tutorial.py took 0.045 seconds
[2025-06-15T04:15:51.947+0000] {processor.py:161} INFO - Started process (PID=4768) to work on /home/airflow/.local/lib/python3.10/site-packages/airflow/example_dags/tutorial.py
[2025-06-15T04:15:51.949+0000] {processor.py:830} INFO - Processing file /home/airflow/.local/lib/python3.10/site-packages/airflow/example_dags/tutorial.py for tasks to queue
[2025-06-15T04:15:51.950+0000] {logging_mixin.py:188} INFO - [2025-06-15T04:15:51.950+0000] {dagbag.py:540} INFO - Filling up the DagBag from /home/airflow/.local/lib/python3.10/site-packages/airflow/example_dags/tutorial.py
[2025-06-15T04:15:51.953+0000] {processor.py:840} INFO - DAG(s) 'tutorial' retrieved from /home/airflow/.local/lib/python3.10/site-packages/airflow/example_dags/tutorial.py
[2025-06-15T04:15:51.964+0000] {logging_mixin.py:188} INFO - [2025-06-15T04:15:51.964+0000] {dag.py:3096} INFO - Sync 1 DAGs
[2025-06-15T04:15:51.975+0000] {logging_mixin.py:188} INFO - [2025-06-15T04:15:51.975+0000] {dag.py:3954} INFO - Setting next_dagrun for tutorial to 2025-06-14 00:00:00+00:00, run_after=2025-06-15 00:00:00+00:00
[2025-06-15T04:15:51.988+0000] {processor.py:183} INFO - Processing /home/airflow/.local/lib/python3.10/site-packages/airflow/example_dags/tutorial.py took 0.044 seconds
[2025-06-15T04:18:07.351+0000] {processor.py:161} INFO - Started process (PID=4832) to work on /home/airflow/.local/lib/python3.10/site-packages/airflow/example_dags/tutorial.py
[2025-06-15T04:18:07.352+0000] {processor.py:830} INFO - Processing file /home/airflow/.local/lib/python3.10/site-packages/airflow/example_dags/tutorial.py for tasks to queue
[2025-06-15T04:18:07.353+0000] {logging_mixin.py:188} INFO - [2025-06-15T04:18:07.353+0000] {dagbag.py:540} INFO - Filling up the DagBag from /home/airflow/.local/lib/python3.10/site-packages/airflow/example_dags/tutorial.py
[2025-06-15T04:18:07.356+0000] {processor.py:840} INFO - DAG(s) 'tutorial' retrieved from /home/airflow/.local/lib/python3.10/site-packages/airflow/example_dags/tutorial.py
[2025-06-15T04:18:07.367+0000] {logging_mixin.py:188} INFO - [2025-06-15T04:18:07.367+0000] {dag.py:3096} INFO - Sync 1 DAGs
[2025-06-15T04:18:07.379+0000] {logging_mixin.py:188} INFO - [2025-06-15T04:18:07.379+0000] {dag.py:3954} INFO - Setting next_dagrun for tutorial to 2025-06-14 00:00:00+00:00, run_after=2025-06-15 00:00:00+00:00
[2025-06-15T04:18:07.393+0000] {processor.py:183} INFO - Processing /home/airflow/.local/lib/python3.10/site-packages/airflow/example_dags/tutorial.py took 0.045 seconds
[2025-06-15T04:18:38.526+0000] {processor.py:161} INFO - Started process (PID=4896) to work on /home/airflow/.local/lib/python3.10/site-packages/airflow/example_dags/tutorial.py
[2025-06-15T04:18:38.527+0000] {processor.py:830} INFO - Processing file /home/airflow/.local/lib/python3.10/site-packages/airflow/example_dags/tutorial.py for tasks to queue
[2025-06-15T04:18:38.528+0000] {logging_mixin.py:188} INFO - [2025-06-15T04:18:38.528+0000] {dagbag.py:540} INFO - Filling up the DagBag from /home/airflow/.local/lib/python3.10/site-packages/airflow/example_dags/tutorial.py
[2025-06-15T04:18:38.537+0000] {processor.py:840} INFO - DAG(s) 'tutorial' retrieved from /home/airflow/.local/lib/python3.10/site-packages/airflow/example_dags/tutorial.py
[2025-06-15T04:18:38.553+0000] {logging_mixin.py:188} INFO - [2025-06-15T04:18:38.553+0000] {dag.py:3096} INFO - Sync 1 DAGs
[2025-06-15T04:18:38.568+0000] {logging_mixin.py:188} INFO - [2025-06-15T04:18:38.568+0000] {dag.py:3954} INFO - Setting next_dagrun for tutorial to 2025-06-14 00:00:00+00:00, run_after=2025-06-15 00:00:00+00:00
[2025-06-15T04:18:38.591+0000] {processor.py:183} INFO - Processing /home/airflow/.local/lib/python3.10/site-packages/airflow/example_dags/tutorial.py took 0.075 seconds
[2025-06-15T04:19:09.923+0000] {processor.py:161} INFO - Started process (PID=4960) to work on /home/airflow/.local/lib/python3.10/site-packages/airflow/example_dags/tutorial.py
[2025-06-15T04:19:09.924+0000] {processor.py:830} INFO - Processing file /home/airflow/.local/lib/python3.10/site-packages/airflow/example_dags/tutorial.py for tasks to queue
[2025-06-15T04:19:09.926+0000] {logging_mixin.py:188} INFO - [2025-06-15T04:19:09.925+0000] {dagbag.py:540} INFO - Filling up the DagBag from /home/airflow/.local/lib/python3.10/site-packages/airflow/example_dags/tutorial.py
[2025-06-15T04:19:09.931+0000] {processor.py:840} INFO - DAG(s) 'tutorial' retrieved from /home/airflow/.local/lib/python3.10/site-packages/airflow/example_dags/tutorial.py
[2025-06-15T04:19:09.944+0000] {logging_mixin.py:188} INFO - [2025-06-15T04:19:09.944+0000] {dag.py:3096} INFO - Sync 1 DAGs
[2025-06-15T04:19:09.955+0000] {logging_mixin.py:188} INFO - [2025-06-15T04:19:09.955+0000] {dag.py:3954} INFO - Setting next_dagrun for tutorial to 2025-06-14 00:00:00+00:00, run_after=2025-06-15 00:00:00+00:00
[2025-06-15T04:19:09.966+0000] {processor.py:183} INFO - Processing /home/airflow/.local/lib/python3.10/site-packages/airflow/example_dags/tutorial.py took 0.050 seconds
[2025-06-15T04:21:19.194+0000] {processor.py:161} INFO - Started process (PID=5024) to work on /home/airflow/.local/lib/python3.10/site-packages/airflow/example_dags/tutorial.py
[2025-06-15T04:21:19.195+0000] {processor.py:830} INFO - Processing file /home/airflow/.local/lib/python3.10/site-packages/airflow/example_dags/tutorial.py for tasks to queue
[2025-06-15T04:21:19.196+0000] {logging_mixin.py:188} INFO - [2025-06-15T04:21:19.196+0000] {dagbag.py:540} INFO - Filling up the DagBag from /home/airflow/.local/lib/python3.10/site-packages/airflow/example_dags/tutorial.py
[2025-06-15T04:21:19.199+0000] {processor.py:840} INFO - DAG(s) 'tutorial' retrieved from /home/airflow/.local/lib/python3.10/site-packages/airflow/example_dags/tutorial.py
[2025-06-15T04:21:19.212+0000] {logging_mixin.py:188} INFO - [2025-06-15T04:21:19.212+0000] {dag.py:3096} INFO - Sync 1 DAGs
[2025-06-15T04:21:19.228+0000] {logging_mixin.py:188} INFO - [2025-06-15T04:21:19.227+0000] {dag.py:3954} INFO - Setting next_dagrun for tutorial to 2025-06-14 00:00:00+00:00, run_after=2025-06-15 00:00:00+00:00
[2025-06-15T04:21:19.242+0000] {processor.py:183} INFO - Processing /home/airflow/.local/lib/python3.10/site-packages/airflow/example_dags/tutorial.py took 0.052 seconds
[2025-06-15T04:21:50.685+0000] {processor.py:161} INFO - Started process (PID=5088) to work on /home/airflow/.local/lib/python3.10/site-packages/airflow/example_dags/tutorial.py
[2025-06-15T04:21:50.687+0000] {processor.py:830} INFO - Processing file /home/airflow/.local/lib/python3.10/site-packages/airflow/example_dags/tutorial.py for tasks to queue
[2025-06-15T04:21:50.689+0000] {logging_mixin.py:188} INFO - [2025-06-15T04:21:50.689+0000] {dagbag.py:540} INFO - Filling up the DagBag from /home/airflow/.local/lib/python3.10/site-packages/airflow/example_dags/tutorial.py
[2025-06-15T04:21:50.693+0000] {processor.py:840} INFO - DAG(s) 'tutorial' retrieved from /home/airflow/.local/lib/python3.10/site-packages/airflow/example_dags/tutorial.py
[2025-06-15T04:21:50.713+0000] {logging_mixin.py:188} INFO - [2025-06-15T04:21:50.713+0000] {dag.py:3096} INFO - Sync 1 DAGs
[2025-06-15T04:21:50.748+0000] {logging_mixin.py:188} INFO - [2025-06-15T04:21:50.748+0000] {dag.py:3954} INFO - Setting next_dagrun for tutorial to 2025-06-14 00:00:00+00:00, run_after=2025-06-15 00:00:00+00:00
[2025-06-15T04:21:50.768+0000] {processor.py:183} INFO - Processing /home/airflow/.local/lib/python3.10/site-packages/airflow/example_dags/tutorial.py took 0.088 seconds
[2025-06-15T04:25:30.850+0000] {processor.py:161} INFO - Started process (PID=5152) to work on /home/airflow/.local/lib/python3.10/site-packages/airflow/example_dags/tutorial.py
[2025-06-15T04:25:30.852+0000] {processor.py:830} INFO - Processing file /home/airflow/.local/lib/python3.10/site-packages/airflow/example_dags/tutorial.py for tasks to queue
[2025-06-15T04:25:30.853+0000] {logging_mixin.py:188} INFO - [2025-06-15T04:25:30.853+0000] {dagbag.py:540} INFO - Filling up the DagBag from /home/airflow/.local/lib/python3.10/site-packages/airflow/example_dags/tutorial.py
[2025-06-15T04:25:30.856+0000] {processor.py:840} INFO - DAG(s) 'tutorial' retrieved from /home/airflow/.local/lib/python3.10/site-packages/airflow/example_dags/tutorial.py
[2025-06-15T04:25:30.869+0000] {logging_mixin.py:188} INFO - [2025-06-15T04:25:30.869+0000] {dag.py:3096} INFO - Sync 1 DAGs
[2025-06-15T04:25:30.882+0000] {logging_mixin.py:188} INFO - [2025-06-15T04:25:30.882+0000] {dag.py:3954} INFO - Setting next_dagrun for tutorial to 2025-06-14 00:00:00+00:00, run_after=2025-06-15 00:00:00+00:00
[2025-06-15T04:25:30.893+0000] {processor.py:183} INFO - Processing /home/airflow/.local/lib/python3.10/site-packages/airflow/example_dags/tutorial.py took 0.047 seconds
[2025-06-15T04:27:38.415+0000] {processor.py:161} INFO - Started process (PID=5216) to work on /home/airflow/.local/lib/python3.10/site-packages/airflow/example_dags/tutorial.py
[2025-06-15T04:27:38.416+0000] {processor.py:830} INFO - Processing file /home/airflow/.local/lib/python3.10/site-packages/airflow/example_dags/tutorial.py for tasks to queue
[2025-06-15T04:27:38.417+0000] {logging_mixin.py:188} INFO - [2025-06-15T04:27:38.417+0000] {dagbag.py:540} INFO - Filling up the DagBag from /home/airflow/.local/lib/python3.10/site-packages/airflow/example_dags/tutorial.py
[2025-06-15T04:27:38.420+0000] {processor.py:840} INFO - DAG(s) 'tutorial' retrieved from /home/airflow/.local/lib/python3.10/site-packages/airflow/example_dags/tutorial.py
[2025-06-15T04:27:38.432+0000] {logging_mixin.py:188} INFO - [2025-06-15T04:27:38.432+0000] {dag.py:3096} INFO - Sync 1 DAGs
[2025-06-15T04:27:38.443+0000] {logging_mixin.py:188} INFO - [2025-06-15T04:27:38.443+0000] {dag.py:3954} INFO - Setting next_dagrun for tutorial to 2025-06-14 00:00:00+00:00, run_after=2025-06-15 00:00:00+00:00
[2025-06-15T04:27:38.457+0000] {processor.py:183} INFO - Processing /home/airflow/.local/lib/python3.10/site-packages/airflow/example_dags/tutorial.py took 0.046 seconds
[2025-06-15T04:32:14.215+0000] {processor.py:161} INFO - Started process (PID=5280) to work on /home/airflow/.local/lib/python3.10/site-packages/airflow/example_dags/tutorial.py
[2025-06-15T04:32:14.219+0000] {processor.py:830} INFO - Processing file /home/airflow/.local/lib/python3.10/site-packages/airflow/example_dags/tutorial.py for tasks to queue
[2025-06-15T04:32:14.223+0000] {logging_mixin.py:188} INFO - [2025-06-15T04:32:14.222+0000] {dagbag.py:540} INFO - Filling up the DagBag from /home/airflow/.local/lib/python3.10/site-packages/airflow/example_dags/tutorial.py
[2025-06-15T04:32:14.228+0000] {processor.py:840} INFO - DAG(s) 'tutorial' retrieved from /home/airflow/.local/lib/python3.10/site-packages/airflow/example_dags/tutorial.py
[2025-06-15T04:32:14.254+0000] {logging_mixin.py:188} INFO - [2025-06-15T04:32:14.253+0000] {dag.py:3096} INFO - Sync 1 DAGs
[2025-06-15T04:32:14.272+0000] {logging_mixin.py:188} INFO - [2025-06-15T04:32:14.272+0000] {dag.py:3954} INFO - Setting next_dagrun for tutorial to 2025-06-14 00:00:00+00:00, run_after=2025-06-15 00:00:00+00:00
[2025-06-15T04:32:14.287+0000] {processor.py:183} INFO - Processing /home/airflow/.local/lib/python3.10/site-packages/airflow/example_dags/tutorial.py took 0.092 seconds
[2025-06-15T04:34:20.303+0000] {processor.py:161} INFO - Started process (PID=5344) to work on /home/airflow/.local/lib/python3.10/site-packages/airflow/example_dags/tutorial.py
[2025-06-15T04:34:20.306+0000] {processor.py:830} INFO - Processing file /home/airflow/.local/lib/python3.10/site-packages/airflow/example_dags/tutorial.py for tasks to queue
[2025-06-15T04:34:20.308+0000] {logging_mixin.py:188} INFO - [2025-06-15T04:34:20.308+0000] {dagbag.py:540} INFO - Filling up the DagBag from /home/airflow/.local/lib/python3.10/site-packages/airflow/example_dags/tutorial.py
[2025-06-15T04:34:20.314+0000] {processor.py:840} INFO - DAG(s) 'tutorial' retrieved from /home/airflow/.local/lib/python3.10/site-packages/airflow/example_dags/tutorial.py
[2025-06-15T04:34:20.343+0000] {logging_mixin.py:188} INFO - [2025-06-15T04:34:20.342+0000] {dag.py:3096} INFO - Sync 1 DAGs
[2025-06-15T04:34:20.365+0000] {logging_mixin.py:188} INFO - [2025-06-15T04:34:20.365+0000] {dag.py:3954} INFO - Setting next_dagrun for tutorial to 2025-06-14 00:00:00+00:00, run_after=2025-06-15 00:00:00+00:00
[2025-06-15T04:34:20.378+0000] {processor.py:183} INFO - Processing /home/airflow/.local/lib/python3.10/site-packages/airflow/example_dags/tutorial.py took 0.080 seconds
[2025-06-15T04:49:50.950+0000] {processor.py:161} INFO - Started process (PID=5408) to work on /home/airflow/.local/lib/python3.10/site-packages/airflow/example_dags/tutorial.py
[2025-06-15T04:49:50.950+0000] {processor.py:830} INFO - Processing file /home/airflow/.local/lib/python3.10/site-packages/airflow/example_dags/tutorial.py for tasks to queue
[2025-06-15T04:49:50.952+0000] {logging_mixin.py:188} INFO - [2025-06-15T04:49:50.951+0000] {dagbag.py:540} INFO - Filling up the DagBag from /home/airflow/.local/lib/python3.10/site-packages/airflow/example_dags/tutorial.py
[2025-06-15T04:49:50.955+0000] {processor.py:840} INFO - DAG(s) 'tutorial' retrieved from /home/airflow/.local/lib/python3.10/site-packages/airflow/example_dags/tutorial.py
[2025-06-15T04:49:50.974+0000] {logging_mixin.py:188} INFO - [2025-06-15T04:49:50.974+0000] {dag.py:3096} INFO - Sync 1 DAGs
[2025-06-15T04:49:50.989+0000] {logging_mixin.py:188} INFO - [2025-06-15T04:49:50.989+0000] {dag.py:3954} INFO - Setting next_dagrun for tutorial to 2025-06-14 00:00:00+00:00, run_after=2025-06-15 00:00:00+00:00
[2025-06-15T04:49:51.007+0000] {processor.py:183} INFO - Processing /home/airflow/.local/lib/python3.10/site-packages/airflow/example_dags/tutorial.py took 0.061 seconds
[2025-06-15T04:50:22.017+0000] {processor.py:161} INFO - Started process (PID=5472) to work on /home/airflow/.local/lib/python3.10/site-packages/airflow/example_dags/tutorial.py
[2025-06-15T04:50:22.018+0000] {processor.py:830} INFO - Processing file /home/airflow/.local/lib/python3.10/site-packages/airflow/example_dags/tutorial.py for tasks to queue
[2025-06-15T04:50:22.019+0000] {logging_mixin.py:188} INFO - [2025-06-15T04:50:22.018+0000] {dagbag.py:540} INFO - Filling up the DagBag from /home/airflow/.local/lib/python3.10/site-packages/airflow/example_dags/tutorial.py
[2025-06-15T04:50:22.022+0000] {processor.py:840} INFO - DAG(s) 'tutorial' retrieved from /home/airflow/.local/lib/python3.10/site-packages/airflow/example_dags/tutorial.py
[2025-06-15T04:50:22.038+0000] {logging_mixin.py:188} INFO - [2025-06-15T04:50:22.038+0000] {dag.py:3096} INFO - Sync 1 DAGs
[2025-06-15T04:50:22.055+0000] {logging_mixin.py:188} INFO - [2025-06-15T04:50:22.055+0000] {dag.py:3954} INFO - Setting next_dagrun for tutorial to 2025-06-14 00:00:00+00:00, run_after=2025-06-15 00:00:00+00:00
[2025-06-15T04:50:22.073+0000] {processor.py:183} INFO - Processing /home/airflow/.local/lib/python3.10/site-packages/airflow/example_dags/tutorial.py took 0.060 seconds
[2025-06-15T04:50:52.120+0000] {processor.py:161} INFO - Started process (PID=5536) to work on /home/airflow/.local/lib/python3.10/site-packages/airflow/example_dags/tutorial.py
[2025-06-15T04:50:52.120+0000] {processor.py:830} INFO - Processing file /home/airflow/.local/lib/python3.10/site-packages/airflow/example_dags/tutorial.py for tasks to queue
[2025-06-15T04:50:52.122+0000] {logging_mixin.py:188} INFO - [2025-06-15T04:50:52.122+0000] {dagbag.py:540} INFO - Filling up the DagBag from /home/airflow/.local/lib/python3.10/site-packages/airflow/example_dags/tutorial.py
[2025-06-15T04:50:52.125+0000] {processor.py:840} INFO - DAG(s) 'tutorial' retrieved from /home/airflow/.local/lib/python3.10/site-packages/airflow/example_dags/tutorial.py
[2025-06-15T04:50:52.141+0000] {logging_mixin.py:188} INFO - [2025-06-15T04:50:52.141+0000] {dag.py:3096} INFO - Sync 1 DAGs
[2025-06-15T04:50:52.151+0000] {logging_mixin.py:188} INFO - [2025-06-15T04:50:52.150+0000] {dag.py:3954} INFO - Setting next_dagrun for tutorial to 2025-06-14 00:00:00+00:00, run_after=2025-06-15 00:00:00+00:00
[2025-06-15T04:50:52.169+0000] {processor.py:183} INFO - Processing /home/airflow/.local/lib/python3.10/site-packages/airflow/example_dags/tutorial.py took 0.053 seconds
[2025-06-15T04:51:23.132+0000] {processor.py:161} INFO - Started process (PID=5600) to work on /home/airflow/.local/lib/python3.10/site-packages/airflow/example_dags/tutorial.py
[2025-06-15T04:51:23.133+0000] {processor.py:830} INFO - Processing file /home/airflow/.local/lib/python3.10/site-packages/airflow/example_dags/tutorial.py for tasks to queue
[2025-06-15T04:51:23.135+0000] {logging_mixin.py:188} INFO - [2025-06-15T04:51:23.135+0000] {dagbag.py:540} INFO - Filling up the DagBag from /home/airflow/.local/lib/python3.10/site-packages/airflow/example_dags/tutorial.py
[2025-06-15T04:51:23.139+0000] {processor.py:840} INFO - DAG(s) 'tutorial' retrieved from /home/airflow/.local/lib/python3.10/site-packages/airflow/example_dags/tutorial.py
[2025-06-15T04:51:23.150+0000] {logging_mixin.py:188} INFO - [2025-06-15T04:51:23.149+0000] {dag.py:3096} INFO - Sync 1 DAGs
[2025-06-15T04:51:23.161+0000] {logging_mixin.py:188} INFO - [2025-06-15T04:51:23.161+0000] {dag.py:3954} INFO - Setting next_dagrun for tutorial to 2025-06-14 00:00:00+00:00, run_after=2025-06-15 00:00:00+00:00
[2025-06-15T04:51:23.175+0000] {processor.py:183} INFO - Processing /home/airflow/.local/lib/python3.10/site-packages/airflow/example_dags/tutorial.py took 0.046 seconds
[2025-06-15T04:53:10.571+0000] {processor.py:161} INFO - Started process (PID=5664) to work on /home/airflow/.local/lib/python3.10/site-packages/airflow/example_dags/tutorial.py
[2025-06-15T04:53:10.572+0000] {processor.py:830} INFO - Processing file /home/airflow/.local/lib/python3.10/site-packages/airflow/example_dags/tutorial.py for tasks to queue
[2025-06-15T04:53:10.574+0000] {logging_mixin.py:188} INFO - [2025-06-15T04:53:10.574+0000] {dagbag.py:540} INFO - Filling up the DagBag from /home/airflow/.local/lib/python3.10/site-packages/airflow/example_dags/tutorial.py
[2025-06-15T04:53:10.578+0000] {processor.py:840} INFO - DAG(s) 'tutorial' retrieved from /home/airflow/.local/lib/python3.10/site-packages/airflow/example_dags/tutorial.py
[2025-06-15T04:53:10.590+0000] {logging_mixin.py:188} INFO - [2025-06-15T04:53:10.590+0000] {dag.py:3096} INFO - Sync 1 DAGs
[2025-06-15T04:53:10.600+0000] {logging_mixin.py:188} INFO - [2025-06-15T04:53:10.600+0000] {dag.py:3954} INFO - Setting next_dagrun for tutorial to 2025-06-14 00:00:00+00:00, run_after=2025-06-15 00:00:00+00:00
[2025-06-15T04:53:10.615+0000] {processor.py:183} INFO - Processing /home/airflow/.local/lib/python3.10/site-packages/airflow/example_dags/tutorial.py took 0.048 seconds
[2025-06-15T05:04:07.398+0000] {processor.py:161} INFO - Started process (PID=5728) to work on /home/airflow/.local/lib/python3.10/site-packages/airflow/example_dags/tutorial.py
[2025-06-15T05:04:07.399+0000] {processor.py:830} INFO - Processing file /home/airflow/.local/lib/python3.10/site-packages/airflow/example_dags/tutorial.py for tasks to queue
[2025-06-15T05:04:07.401+0000] {logging_mixin.py:188} INFO - [2025-06-15T05:04:07.401+0000] {dagbag.py:540} INFO - Filling up the DagBag from /home/airflow/.local/lib/python3.10/site-packages/airflow/example_dags/tutorial.py
[2025-06-15T05:04:07.406+0000] {processor.py:840} INFO - DAG(s) 'tutorial' retrieved from /home/airflow/.local/lib/python3.10/site-packages/airflow/example_dags/tutorial.py
[2025-06-15T05:04:07.420+0000] {logging_mixin.py:188} INFO - [2025-06-15T05:04:07.420+0000] {dag.py:3096} INFO - Sync 1 DAGs
[2025-06-15T05:04:07.433+0000] {logging_mixin.py:188} INFO - [2025-06-15T05:04:07.433+0000] {dag.py:3954} INFO - Setting next_dagrun for tutorial to 2025-06-14 00:00:00+00:00, run_after=2025-06-15 00:00:00+00:00
[2025-06-15T05:04:07.444+0000] {processor.py:183} INFO - Processing /home/airflow/.local/lib/python3.10/site-packages/airflow/example_dags/tutorial.py took 0.051 seconds
[2025-06-15T05:06:05.365+0000] {processor.py:161} INFO - Started process (PID=5792) to work on /home/airflow/.local/lib/python3.10/site-packages/airflow/example_dags/tutorial.py
[2025-06-15T05:06:05.366+0000] {processor.py:830} INFO - Processing file /home/airflow/.local/lib/python3.10/site-packages/airflow/example_dags/tutorial.py for tasks to queue
[2025-06-15T05:06:05.367+0000] {logging_mixin.py:188} INFO - [2025-06-15T05:06:05.367+0000] {dagbag.py:540} INFO - Filling up the DagBag from /home/airflow/.local/lib/python3.10/site-packages/airflow/example_dags/tutorial.py
[2025-06-15T05:06:05.371+0000] {processor.py:840} INFO - DAG(s) 'tutorial' retrieved from /home/airflow/.local/lib/python3.10/site-packages/airflow/example_dags/tutorial.py
[2025-06-15T05:06:05.389+0000] {logging_mixin.py:188} INFO - [2025-06-15T05:06:05.388+0000] {dag.py:3096} INFO - Sync 1 DAGs
[2025-06-15T05:06:05.404+0000] {logging_mixin.py:188} INFO - [2025-06-15T05:06:05.404+0000] {dag.py:3954} INFO - Setting next_dagrun for tutorial to 2025-06-14 00:00:00+00:00, run_after=2025-06-15 00:00:00+00:00
[2025-06-15T05:06:05.424+0000] {processor.py:183} INFO - Processing /home/airflow/.local/lib/python3.10/site-packages/airflow/example_dags/tutorial.py took 0.063 seconds
[2025-06-15T05:09:51.590+0000] {processor.py:161} INFO - Started process (PID=5856) to work on /home/airflow/.local/lib/python3.10/site-packages/airflow/example_dags/tutorial.py
[2025-06-15T05:09:51.592+0000] {processor.py:830} INFO - Processing file /home/airflow/.local/lib/python3.10/site-packages/airflow/example_dags/tutorial.py for tasks to queue
[2025-06-15T05:09:51.594+0000] {logging_mixin.py:188} INFO - [2025-06-15T05:09:51.594+0000] {dagbag.py:540} INFO - Filling up the DagBag from /home/airflow/.local/lib/python3.10/site-packages/airflow/example_dags/tutorial.py
[2025-06-15T05:09:51.601+0000] {processor.py:840} INFO - DAG(s) 'tutorial' retrieved from /home/airflow/.local/lib/python3.10/site-packages/airflow/example_dags/tutorial.py
[2025-06-15T05:09:51.614+0000] {logging_mixin.py:188} INFO - [2025-06-15T05:09:51.613+0000] {dag.py:3096} INFO - Sync 1 DAGs
[2025-06-15T05:09:51.626+0000] {logging_mixin.py:188} INFO - [2025-06-15T05:09:51.626+0000] {dag.py:3954} INFO - Setting next_dagrun for tutorial to 2025-06-14 00:00:00+00:00, run_after=2025-06-15 00:00:00+00:00
[2025-06-15T05:09:51.643+0000] {processor.py:183} INFO - Processing /home/airflow/.local/lib/python3.10/site-packages/airflow/example_dags/tutorial.py took 0.058 seconds
[2025-06-15T05:18:50.766+0000] {processor.py:161} INFO - Started process (PID=5920) to work on /home/airflow/.local/lib/python3.10/site-packages/airflow/example_dags/tutorial.py
[2025-06-15T05:18:50.770+0000] {processor.py:830} INFO - Processing file /home/airflow/.local/lib/python3.10/site-packages/airflow/example_dags/tutorial.py for tasks to queue
[2025-06-15T05:18:50.772+0000] {logging_mixin.py:188} INFO - [2025-06-15T05:18:50.772+0000] {dagbag.py:540} INFO - Filling up the DagBag from /home/airflow/.local/lib/python3.10/site-packages/airflow/example_dags/tutorial.py
[2025-06-15T05:18:50.778+0000] {processor.py:840} INFO - DAG(s) 'tutorial' retrieved from /home/airflow/.local/lib/python3.10/site-packages/airflow/example_dags/tutorial.py
[2025-06-15T05:18:50.793+0000] {logging_mixin.py:188} INFO - [2025-06-15T05:18:50.793+0000] {dag.py:3096} INFO - Sync 1 DAGs
[2025-06-15T05:18:50.804+0000] {logging_mixin.py:188} INFO - [2025-06-15T05:18:50.804+0000] {dag.py:3954} INFO - Setting next_dagrun for tutorial to 2025-06-14 00:00:00+00:00, run_after=2025-06-15 00:00:00+00:00
[2025-06-15T05:18:50.819+0000] {processor.py:183} INFO - Processing /home/airflow/.local/lib/python3.10/site-packages/airflow/example_dags/tutorial.py took 0.058 seconds
[2025-06-15T05:19:21.906+0000] {processor.py:161} INFO - Started process (PID=5984) to work on /home/airflow/.local/lib/python3.10/site-packages/airflow/example_dags/tutorial.py
[2025-06-15T05:19:21.909+0000] {processor.py:830} INFO - Processing file /home/airflow/.local/lib/python3.10/site-packages/airflow/example_dags/tutorial.py for tasks to queue
[2025-06-15T05:19:21.911+0000] {logging_mixin.py:188} INFO - [2025-06-15T05:19:21.911+0000] {dagbag.py:540} INFO - Filling up the DagBag from /home/airflow/.local/lib/python3.10/site-packages/airflow/example_dags/tutorial.py
[2025-06-15T05:19:21.918+0000] {processor.py:840} INFO - DAG(s) 'tutorial' retrieved from /home/airflow/.local/lib/python3.10/site-packages/airflow/example_dags/tutorial.py
[2025-06-15T05:19:21.931+0000] {logging_mixin.py:188} INFO - [2025-06-15T05:19:21.931+0000] {dag.py:3096} INFO - Sync 1 DAGs
[2025-06-15T05:19:21.944+0000] {logging_mixin.py:188} INFO - [2025-06-15T05:19:21.943+0000] {dag.py:3954} INFO - Setting next_dagrun for tutorial to 2025-06-14 00:00:00+00:00, run_after=2025-06-15 00:00:00+00:00
[2025-06-15T05:19:21.957+0000] {processor.py:183} INFO - Processing /home/airflow/.local/lib/python3.10/site-packages/airflow/example_dags/tutorial.py took 0.056 seconds
[2025-06-15T05:24:48.770+0000] {processor.py:161} INFO - Started process (PID=6048) to work on /home/airflow/.local/lib/python3.10/site-packages/airflow/example_dags/tutorial.py
[2025-06-15T05:24:48.773+0000] {processor.py:830} INFO - Processing file /home/airflow/.local/lib/python3.10/site-packages/airflow/example_dags/tutorial.py for tasks to queue
[2025-06-15T05:24:48.775+0000] {logging_mixin.py:188} INFO - [2025-06-15T05:24:48.775+0000] {dagbag.py:540} INFO - Filling up the DagBag from /home/airflow/.local/lib/python3.10/site-packages/airflow/example_dags/tutorial.py
[2025-06-15T05:24:48.779+0000] {processor.py:840} INFO - DAG(s) 'tutorial' retrieved from /home/airflow/.local/lib/python3.10/site-packages/airflow/example_dags/tutorial.py
[2025-06-15T05:24:48.795+0000] {logging_mixin.py:188} INFO - [2025-06-15T05:24:48.795+0000] {dag.py:3096} INFO - Sync 1 DAGs
[2025-06-15T05:24:48.808+0000] {logging_mixin.py:188} INFO - [2025-06-15T05:24:48.807+0000] {dag.py:3954} INFO - Setting next_dagrun for tutorial to 2025-06-14 00:00:00+00:00, run_after=2025-06-15 00:00:00+00:00
[2025-06-15T05:24:48.825+0000] {processor.py:183} INFO - Processing /home/airflow/.local/lib/python3.10/site-packages/airflow/example_dags/tutorial.py took 0.062 seconds
[2025-06-15T05:25:19.813+0000] {processor.py:161} INFO - Started process (PID=6112) to work on /home/airflow/.local/lib/python3.10/site-packages/airflow/example_dags/tutorial.py
[2025-06-15T05:25:19.817+0000] {processor.py:830} INFO - Processing file /home/airflow/.local/lib/python3.10/site-packages/airflow/example_dags/tutorial.py for tasks to queue
[2025-06-15T05:25:19.822+0000] {logging_mixin.py:188} INFO - [2025-06-15T05:25:19.822+0000] {dagbag.py:540} INFO - Filling up the DagBag from /home/airflow/.local/lib/python3.10/site-packages/airflow/example_dags/tutorial.py
[2025-06-15T05:25:19.825+0000] {processor.py:840} INFO - DAG(s) 'tutorial' retrieved from /home/airflow/.local/lib/python3.10/site-packages/airflow/example_dags/tutorial.py
[2025-06-15T05:25:19.840+0000] {logging_mixin.py:188} INFO - [2025-06-15T05:25:19.840+0000] {dag.py:3096} INFO - Sync 1 DAGs
[2025-06-15T05:25:19.853+0000] {logging_mixin.py:188} INFO - [2025-06-15T05:25:19.853+0000] {dag.py:3954} INFO - Setting next_dagrun for tutorial to 2025-06-14 00:00:00+00:00, run_after=2025-06-15 00:00:00+00:00
[2025-06-15T05:25:19.862+0000] {processor.py:183} INFO - Processing /home/airflow/.local/lib/python3.10/site-packages/airflow/example_dags/tutorial.py took 0.053 seconds
[2025-06-15T05:32:47.703+0000] {processor.py:161} INFO - Started process (PID=6176) to work on /home/airflow/.local/lib/python3.10/site-packages/airflow/example_dags/tutorial.py
[2025-06-15T05:32:47.705+0000] {processor.py:830} INFO - Processing file /home/airflow/.local/lib/python3.10/site-packages/airflow/example_dags/tutorial.py for tasks to queue
[2025-06-15T05:32:47.707+0000] {logging_mixin.py:188} INFO - [2025-06-15T05:32:47.707+0000] {dagbag.py:540} INFO - Filling up the DagBag from /home/airflow/.local/lib/python3.10/site-packages/airflow/example_dags/tutorial.py
[2025-06-15T05:32:47.710+0000] {processor.py:840} INFO - DAG(s) 'tutorial' retrieved from /home/airflow/.local/lib/python3.10/site-packages/airflow/example_dags/tutorial.py
[2025-06-15T05:32:47.725+0000] {logging_mixin.py:188} INFO - [2025-06-15T05:32:47.725+0000] {dag.py:3096} INFO - Sync 1 DAGs
[2025-06-15T05:32:47.736+0000] {logging_mixin.py:188} INFO - [2025-06-15T05:32:47.735+0000] {dag.py:3954} INFO - Setting next_dagrun for tutorial to 2025-06-14 00:00:00+00:00, run_after=2025-06-15 00:00:00+00:00
[2025-06-15T05:32:47.748+0000] {processor.py:183} INFO - Processing /home/airflow/.local/lib/python3.10/site-packages/airflow/example_dags/tutorial.py took 0.050 seconds
[2025-06-15T05:33:19.184+0000] {processor.py:161} INFO - Started process (PID=6240) to work on /home/airflow/.local/lib/python3.10/site-packages/airflow/example_dags/tutorial.py
[2025-06-15T05:33:19.185+0000] {processor.py:830} INFO - Processing file /home/airflow/.local/lib/python3.10/site-packages/airflow/example_dags/tutorial.py for tasks to queue
[2025-06-15T05:33:19.186+0000] {logging_mixin.py:188} INFO - [2025-06-15T05:33:19.186+0000] {dagbag.py:540} INFO - Filling up the DagBag from /home/airflow/.local/lib/python3.10/site-packages/airflow/example_dags/tutorial.py
[2025-06-15T05:33:19.189+0000] {processor.py:840} INFO - DAG(s) 'tutorial' retrieved from /home/airflow/.local/lib/python3.10/site-packages/airflow/example_dags/tutorial.py
[2025-06-15T05:33:19.205+0000] {logging_mixin.py:188} INFO - [2025-06-15T05:33:19.205+0000] {dag.py:3096} INFO - Sync 1 DAGs
[2025-06-15T05:33:19.216+0000] {logging_mixin.py:188} INFO - [2025-06-15T05:33:19.216+0000] {dag.py:3954} INFO - Setting next_dagrun for tutorial to 2025-06-14 00:00:00+00:00, run_after=2025-06-15 00:00:00+00:00
[2025-06-15T05:33:19.224+0000] {processor.py:183} INFO - Processing /home/airflow/.local/lib/python3.10/site-packages/airflow/example_dags/tutorial.py took 0.044 seconds
[2025-06-15T05:35:24.991+0000] {processor.py:161} INFO - Started process (PID=6304) to work on /home/airflow/.local/lib/python3.10/site-packages/airflow/example_dags/tutorial.py
[2025-06-15T05:35:24.992+0000] {processor.py:830} INFO - Processing file /home/airflow/.local/lib/python3.10/site-packages/airflow/example_dags/tutorial.py for tasks to queue
[2025-06-15T05:35:24.994+0000] {logging_mixin.py:188} INFO - [2025-06-15T05:35:24.994+0000] {dagbag.py:540} INFO - Filling up the DagBag from /home/airflow/.local/lib/python3.10/site-packages/airflow/example_dags/tutorial.py
[2025-06-15T05:35:24.997+0000] {processor.py:840} INFO - DAG(s) 'tutorial' retrieved from /home/airflow/.local/lib/python3.10/site-packages/airflow/example_dags/tutorial.py
[2025-06-15T05:35:25.014+0000] {logging_mixin.py:188} INFO - [2025-06-15T05:35:25.014+0000] {dag.py:3096} INFO - Sync 1 DAGs
[2025-06-15T05:35:25.031+0000] {logging_mixin.py:188} INFO - [2025-06-15T05:35:25.031+0000] {dag.py:3954} INFO - Setting next_dagrun for tutorial to 2025-06-14 00:00:00+00:00, run_after=2025-06-15 00:00:00+00:00
[2025-06-15T05:35:25.047+0000] {processor.py:183} INFO - Processing /home/airflow/.local/lib/python3.10/site-packages/airflow/example_dags/tutorial.py took 0.061 seconds
[2025-06-15T05:59:06.205+0000] {processor.py:161} INFO - Started process (PID=6368) to work on /home/airflow/.local/lib/python3.10/site-packages/airflow/example_dags/tutorial.py
[2025-06-15T05:59:06.208+0000] {processor.py:830} INFO - Processing file /home/airflow/.local/lib/python3.10/site-packages/airflow/example_dags/tutorial.py for tasks to queue
[2025-06-15T05:59:06.210+0000] {logging_mixin.py:188} INFO - [2025-06-15T05:59:06.210+0000] {dagbag.py:540} INFO - Filling up the DagBag from /home/airflow/.local/lib/python3.10/site-packages/airflow/example_dags/tutorial.py
[2025-06-15T05:59:06.215+0000] {processor.py:840} INFO - DAG(s) 'tutorial' retrieved from /home/airflow/.local/lib/python3.10/site-packages/airflow/example_dags/tutorial.py
[2025-06-15T05:59:06.262+0000] {logging_mixin.py:188} INFO - [2025-06-15T05:59:06.261+0000] {dag.py:3096} INFO - Sync 1 DAGs
[2025-06-15T05:59:06.281+0000] {logging_mixin.py:188} INFO - [2025-06-15T05:59:06.280+0000] {dag.py:3954} INFO - Setting next_dagrun for tutorial to 2025-06-14 00:00:00+00:00, run_after=2025-06-15 00:00:00+00:00
[2025-06-15T05:59:06.301+0000] {processor.py:183} INFO - Processing /home/airflow/.local/lib/python3.10/site-packages/airflow/example_dags/tutorial.py took 0.101 seconds
[2025-06-15T06:00:59.624+0000] {processor.py:161} INFO - Started process (PID=6432) to work on /home/airflow/.local/lib/python3.10/site-packages/airflow/example_dags/tutorial.py
[2025-06-15T06:00:59.626+0000] {processor.py:830} INFO - Processing file /home/airflow/.local/lib/python3.10/site-packages/airflow/example_dags/tutorial.py for tasks to queue
[2025-06-15T06:00:59.627+0000] {logging_mixin.py:188} INFO - [2025-06-15T06:00:59.627+0000] {dagbag.py:540} INFO - Filling up the DagBag from /home/airflow/.local/lib/python3.10/site-packages/airflow/example_dags/tutorial.py
[2025-06-15T06:00:59.630+0000] {processor.py:840} INFO - DAG(s) 'tutorial' retrieved from /home/airflow/.local/lib/python3.10/site-packages/airflow/example_dags/tutorial.py
[2025-06-15T06:00:59.640+0000] {logging_mixin.py:188} INFO - [2025-06-15T06:00:59.640+0000] {dag.py:3096} INFO - Sync 1 DAGs
[2025-06-15T06:00:59.651+0000] {logging_mixin.py:188} INFO - [2025-06-15T06:00:59.651+0000] {dag.py:3954} INFO - Setting next_dagrun for tutorial to 2025-06-14 00:00:00+00:00, run_after=2025-06-15 00:00:00+00:00
[2025-06-15T06:00:59.660+0000] {processor.py:183} INFO - Processing /home/airflow/.local/lib/python3.10/site-packages/airflow/example_dags/tutorial.py took 0.040 seconds
[2025-06-15T06:01:30.447+0000] {processor.py:161} INFO - Started process (PID=6496) to work on /home/airflow/.local/lib/python3.10/site-packages/airflow/example_dags/tutorial.py
[2025-06-15T06:01:30.449+0000] {processor.py:830} INFO - Processing file /home/airflow/.local/lib/python3.10/site-packages/airflow/example_dags/tutorial.py for tasks to queue
[2025-06-15T06:01:30.450+0000] {logging_mixin.py:188} INFO - [2025-06-15T06:01:30.450+0000] {dagbag.py:540} INFO - Filling up the DagBag from /home/airflow/.local/lib/python3.10/site-packages/airflow/example_dags/tutorial.py
[2025-06-15T06:01:30.453+0000] {processor.py:840} INFO - DAG(s) 'tutorial' retrieved from /home/airflow/.local/lib/python3.10/site-packages/airflow/example_dags/tutorial.py
[2025-06-15T06:01:30.463+0000] {logging_mixin.py:188} INFO - [2025-06-15T06:01:30.463+0000] {dag.py:3096} INFO - Sync 1 DAGs
[2025-06-15T06:01:30.474+0000] {logging_mixin.py:188} INFO - [2025-06-15T06:01:30.474+0000] {dag.py:3954} INFO - Setting next_dagrun for tutorial to 2025-06-14 00:00:00+00:00, run_after=2025-06-15 00:00:00+00:00
[2025-06-15T06:01:30.482+0000] {processor.py:183} INFO - Processing /home/airflow/.local/lib/python3.10/site-packages/airflow/example_dags/tutorial.py took 0.038 seconds
[2025-06-15T06:02:01.581+0000] {processor.py:161} INFO - Started process (PID=6560) to work on /home/airflow/.local/lib/python3.10/site-packages/airflow/example_dags/tutorial.py
[2025-06-15T06:02:01.582+0000] {processor.py:830} INFO - Processing file /home/airflow/.local/lib/python3.10/site-packages/airflow/example_dags/tutorial.py for tasks to queue
[2025-06-15T06:02:01.584+0000] {logging_mixin.py:188} INFO - [2025-06-15T06:02:01.583+0000] {dagbag.py:540} INFO - Filling up the DagBag from /home/airflow/.local/lib/python3.10/site-packages/airflow/example_dags/tutorial.py
[2025-06-15T06:02:01.587+0000] {processor.py:840} INFO - DAG(s) 'tutorial' retrieved from /home/airflow/.local/lib/python3.10/site-packages/airflow/example_dags/tutorial.py
[2025-06-15T06:02:01.607+0000] {logging_mixin.py:188} INFO - [2025-06-15T06:02:01.607+0000] {dag.py:3096} INFO - Sync 1 DAGs
[2025-06-15T06:02:01.628+0000] {logging_mixin.py:188} INFO - [2025-06-15T06:02:01.628+0000] {dag.py:3954} INFO - Setting next_dagrun for tutorial to 2025-06-14 00:00:00+00:00, run_after=2025-06-15 00:00:00+00:00
[2025-06-15T06:02:01.640+0000] {processor.py:183} INFO - Processing /home/airflow/.local/lib/python3.10/site-packages/airflow/example_dags/tutorial.py took 0.063 seconds
[2025-06-15T06:02:33.550+0000] {processor.py:161} INFO - Started process (PID=6624) to work on /home/airflow/.local/lib/python3.10/site-packages/airflow/example_dags/tutorial.py
[2025-06-15T06:02:33.552+0000] {processor.py:830} INFO - Processing file /home/airflow/.local/lib/python3.10/site-packages/airflow/example_dags/tutorial.py for tasks to queue
[2025-06-15T06:02:33.553+0000] {logging_mixin.py:188} INFO - [2025-06-15T06:02:33.553+0000] {dagbag.py:540} INFO - Filling up the DagBag from /home/airflow/.local/lib/python3.10/site-packages/airflow/example_dags/tutorial.py
[2025-06-15T06:02:33.556+0000] {processor.py:840} INFO - DAG(s) 'tutorial' retrieved from /home/airflow/.local/lib/python3.10/site-packages/airflow/example_dags/tutorial.py
[2025-06-15T06:02:33.577+0000] {logging_mixin.py:188} INFO - [2025-06-15T06:02:33.577+0000] {dag.py:3096} INFO - Sync 1 DAGs
[2025-06-15T06:02:33.594+0000] {logging_mixin.py:188} INFO - [2025-06-15T06:02:33.594+0000] {dag.py:3954} INFO - Setting next_dagrun for tutorial to 2025-06-14 00:00:00+00:00, run_after=2025-06-15 00:00:00+00:00
[2025-06-15T06:02:33.608+0000] {processor.py:183} INFO - Processing /home/airflow/.local/lib/python3.10/site-packages/airflow/example_dags/tutorial.py took 0.062 seconds
[2025-06-15T06:03:08.682+0000] {processor.py:161} INFO - Started process (PID=6688) to work on /home/airflow/.local/lib/python3.10/site-packages/airflow/example_dags/tutorial.py
[2025-06-15T06:03:08.685+0000] {processor.py:830} INFO - Processing file /home/airflow/.local/lib/python3.10/site-packages/airflow/example_dags/tutorial.py for tasks to queue
[2025-06-15T06:03:08.693+0000] {logging_mixin.py:188} INFO - [2025-06-15T06:03:08.692+0000] {dagbag.py:540} INFO - Filling up the DagBag from /home/airflow/.local/lib/python3.10/site-packages/airflow/example_dags/tutorial.py
[2025-06-15T06:03:08.706+0000] {processor.py:840} INFO - DAG(s) 'tutorial' retrieved from /home/airflow/.local/lib/python3.10/site-packages/airflow/example_dags/tutorial.py
[2025-06-15T06:03:08.755+0000] {logging_mixin.py:188} INFO - [2025-06-15T06:03:08.755+0000] {dag.py:3096} INFO - Sync 1 DAGs
[2025-06-15T06:03:08.817+0000] {logging_mixin.py:188} INFO - [2025-06-15T06:03:08.816+0000] {dag.py:3954} INFO - Setting next_dagrun for tutorial to 2025-06-14 00:00:00+00:00, run_after=2025-06-15 00:00:00+00:00
[2025-06-15T06:03:08.847+0000] {processor.py:183} INFO - Processing /home/airflow/.local/lib/python3.10/site-packages/airflow/example_dags/tutorial.py took 0.190 seconds
[2025-06-15T06:03:41.568+0000] {processor.py:161} INFO - Started process (PID=6752) to work on /home/airflow/.local/lib/python3.10/site-packages/airflow/example_dags/tutorial.py
[2025-06-15T06:03:41.569+0000] {processor.py:830} INFO - Processing file /home/airflow/.local/lib/python3.10/site-packages/airflow/example_dags/tutorial.py for tasks to queue
[2025-06-15T06:03:41.570+0000] {logging_mixin.py:188} INFO - [2025-06-15T06:03:41.570+0000] {dagbag.py:540} INFO - Filling up the DagBag from /home/airflow/.local/lib/python3.10/site-packages/airflow/example_dags/tutorial.py
[2025-06-15T06:03:41.574+0000] {processor.py:840} INFO - DAG(s) 'tutorial' retrieved from /home/airflow/.local/lib/python3.10/site-packages/airflow/example_dags/tutorial.py
[2025-06-15T06:03:41.588+0000] {logging_mixin.py:188} INFO - [2025-06-15T06:03:41.588+0000] {dag.py:3096} INFO - Sync 1 DAGs
[2025-06-15T06:03:41.601+0000] {logging_mixin.py:188} INFO - [2025-06-15T06:03:41.600+0000] {dag.py:3954} INFO - Setting next_dagrun for tutorial to 2025-06-14 00:00:00+00:00, run_after=2025-06-15 00:00:00+00:00
[2025-06-15T06:03:41.617+0000] {processor.py:183} INFO - Processing /home/airflow/.local/lib/python3.10/site-packages/airflow/example_dags/tutorial.py took 0.055 seconds
[2025-06-15T06:04:11.703+0000] {processor.py:161} INFO - Started process (PID=6816) to work on /home/airflow/.local/lib/python3.10/site-packages/airflow/example_dags/tutorial.py
[2025-06-15T06:04:11.703+0000] {processor.py:830} INFO - Processing file /home/airflow/.local/lib/python3.10/site-packages/airflow/example_dags/tutorial.py for tasks to queue
[2025-06-15T06:04:11.705+0000] {logging_mixin.py:188} INFO - [2025-06-15T06:04:11.704+0000] {dagbag.py:540} INFO - Filling up the DagBag from /home/airflow/.local/lib/python3.10/site-packages/airflow/example_dags/tutorial.py
[2025-06-15T06:04:11.708+0000] {processor.py:840} INFO - DAG(s) 'tutorial' retrieved from /home/airflow/.local/lib/python3.10/site-packages/airflow/example_dags/tutorial.py
[2025-06-15T06:04:11.721+0000] {logging_mixin.py:188} INFO - [2025-06-15T06:04:11.721+0000] {dag.py:3096} INFO - Sync 1 DAGs
[2025-06-15T06:04:11.734+0000] {logging_mixin.py:188} INFO - [2025-06-15T06:04:11.734+0000] {dag.py:3954} INFO - Setting next_dagrun for tutorial to 2025-06-14 00:00:00+00:00, run_after=2025-06-15 00:00:00+00:00
[2025-06-15T06:04:11.747+0000] {processor.py:183} INFO - Processing /home/airflow/.local/lib/python3.10/site-packages/airflow/example_dags/tutorial.py took 0.047 seconds
[2025-06-15T06:04:42.892+0000] {processor.py:161} INFO - Started process (PID=6880) to work on /home/airflow/.local/lib/python3.10/site-packages/airflow/example_dags/tutorial.py
[2025-06-15T06:04:42.894+0000] {processor.py:830} INFO - Processing file /home/airflow/.local/lib/python3.10/site-packages/airflow/example_dags/tutorial.py for tasks to queue
[2025-06-15T06:04:42.895+0000] {logging_mixin.py:188} INFO - [2025-06-15T06:04:42.895+0000] {dagbag.py:540} INFO - Filling up the DagBag from /home/airflow/.local/lib/python3.10/site-packages/airflow/example_dags/tutorial.py
[2025-06-15T06:04:42.905+0000] {processor.py:840} INFO - DAG(s) 'tutorial' retrieved from /home/airflow/.local/lib/python3.10/site-packages/airflow/example_dags/tutorial.py
[2025-06-15T06:04:42.936+0000] {logging_mixin.py:188} INFO - [2025-06-15T06:04:42.936+0000] {dag.py:3096} INFO - Sync 1 DAGs
[2025-06-15T06:04:42.954+0000] {logging_mixin.py:188} INFO - [2025-06-15T06:04:42.954+0000] {dag.py:3954} INFO - Setting next_dagrun for tutorial to 2025-06-14 00:00:00+00:00, run_after=2025-06-15 00:00:00+00:00
[2025-06-15T06:04:42.975+0000] {processor.py:183} INFO - Processing /home/airflow/.local/lib/python3.10/site-packages/airflow/example_dags/tutorial.py took 0.088 seconds
