[2025-06-15T00:02:04.227+0000] {processor.py:161} INFO - Started process (PID=1956) to work on /home/airflow/.local/lib/python3.10/site-packages/airflow/example_dags/tutorial_dag.py
[2025-06-15T00:02:04.228+0000] {processor.py:830} INFO - Processing file /home/airflow/.local/lib/python3.10/site-packages/airflow/example_dags/tutorial_dag.py for tasks to queue
[2025-06-15T00:02:04.230+0000] {logging_mixin.py:188} INFO - [2025-06-15T00:02:04.230+0000] {dagbag.py:540} INFO - Filling up the DagBag from /home/airflow/.local/lib/python3.10/site-packages/airflow/example_dags/tutorial_dag.py
[2025-06-15T00:02:04.234+0000] {processor.py:840} INFO - DAG(s) 'tutorial_dag' retrieved from /home/airflow/.local/lib/python3.10/site-packages/airflow/example_dags/tutorial_dag.py
[2025-06-15T00:02:04.266+0000] {logging_mixin.py:188} INFO - [2025-06-15T00:02:04.266+0000] {dag.py:3096} INFO - Sync 1 DAGs
[2025-06-15T00:02:04.300+0000] {logging_mixin.py:188} INFO - [2025-06-15T00:02:04.299+0000] {dag.py:3954} INFO - Setting next_dagrun for tutorial_dag to None, run_after=None
[2025-06-15T00:02:04.331+0000] {processor.py:183} INFO - Processing /home/airflow/.local/lib/python3.10/site-packages/airflow/example_dags/tutorial_dag.py took 0.108 seconds
[2025-06-15T00:02:35.384+0000] {processor.py:161} INFO - Started process (PID=2020) to work on /home/airflow/.local/lib/python3.10/site-packages/airflow/example_dags/tutorial_dag.py
[2025-06-15T00:02:35.386+0000] {processor.py:830} INFO - Processing file /home/airflow/.local/lib/python3.10/site-packages/airflow/example_dags/tutorial_dag.py for tasks to queue
[2025-06-15T00:02:35.387+0000] {logging_mixin.py:188} INFO - [2025-06-15T00:02:35.387+0000] {dagbag.py:540} INFO - Filling up the DagBag from /home/airflow/.local/lib/python3.10/site-packages/airflow/example_dags/tutorial_dag.py
[2025-06-15T00:02:35.390+0000] {processor.py:840} INFO - DAG(s) 'tutorial_dag' retrieved from /home/airflow/.local/lib/python3.10/site-packages/airflow/example_dags/tutorial_dag.py
[2025-06-15T00:02:35.401+0000] {logging_mixin.py:188} INFO - [2025-06-15T00:02:35.401+0000] {dag.py:3096} INFO - Sync 1 DAGs
[2025-06-15T00:02:35.408+0000] {logging_mixin.py:188} INFO - [2025-06-15T00:02:35.408+0000] {dag.py:3954} INFO - Setting next_dagrun for tutorial_dag to None, run_after=None
[2025-06-15T00:02:35.423+0000] {processor.py:183} INFO - Processing /home/airflow/.local/lib/python3.10/site-packages/airflow/example_dags/tutorial_dag.py took 0.042 seconds
[2025-06-15T00:18:03.118+0000] {processor.py:161} INFO - Started process (PID=2084) to work on /home/airflow/.local/lib/python3.10/site-packages/airflow/example_dags/tutorial_dag.py
[2025-06-15T00:18:03.119+0000] {processor.py:830} INFO - Processing file /home/airflow/.local/lib/python3.10/site-packages/airflow/example_dags/tutorial_dag.py for tasks to queue
[2025-06-15T00:18:03.122+0000] {logging_mixin.py:188} INFO - [2025-06-15T00:18:03.122+0000] {dagbag.py:540} INFO - Filling up the DagBag from /home/airflow/.local/lib/python3.10/site-packages/airflow/example_dags/tutorial_dag.py
[2025-06-15T00:18:03.126+0000] {processor.py:840} INFO - DAG(s) 'tutorial_dag' retrieved from /home/airflow/.local/lib/python3.10/site-packages/airflow/example_dags/tutorial_dag.py
[2025-06-15T00:18:03.150+0000] {logging_mixin.py:188} INFO - [2025-06-15T00:18:03.150+0000] {dag.py:3096} INFO - Sync 1 DAGs
[2025-06-15T00:18:03.161+0000] {logging_mixin.py:188} INFO - [2025-06-15T00:18:03.161+0000] {dag.py:3954} INFO - Setting next_dagrun for tutorial_dag to None, run_after=None
[2025-06-15T00:18:03.173+0000] {processor.py:183} INFO - Processing /home/airflow/.local/lib/python3.10/site-packages/airflow/example_dags/tutorial_dag.py took 0.060 seconds
[2025-06-15T00:32:08.473+0000] {processor.py:161} INFO - Started process (PID=2148) to work on /home/airflow/.local/lib/python3.10/site-packages/airflow/example_dags/tutorial_dag.py
[2025-06-15T00:32:08.473+0000] {processor.py:830} INFO - Processing file /home/airflow/.local/lib/python3.10/site-packages/airflow/example_dags/tutorial_dag.py for tasks to queue
[2025-06-15T00:32:08.474+0000] {logging_mixin.py:188} INFO - [2025-06-15T00:32:08.474+0000] {dagbag.py:540} INFO - Filling up the DagBag from /home/airflow/.local/lib/python3.10/site-packages/airflow/example_dags/tutorial_dag.py
[2025-06-15T00:32:08.477+0000] {processor.py:840} INFO - DAG(s) 'tutorial_dag' retrieved from /home/airflow/.local/lib/python3.10/site-packages/airflow/example_dags/tutorial_dag.py
[2025-06-15T00:32:08.491+0000] {logging_mixin.py:188} INFO - [2025-06-15T00:32:08.491+0000] {dag.py:3096} INFO - Sync 1 DAGs
[2025-06-15T00:32:08.498+0000] {logging_mixin.py:188} INFO - [2025-06-15T00:32:08.497+0000] {dag.py:3954} INFO - Setting next_dagrun for tutorial_dag to None, run_after=None
[2025-06-15T00:32:08.506+0000] {processor.py:183} INFO - Processing /home/airflow/.local/lib/python3.10/site-packages/airflow/example_dags/tutorial_dag.py took 0.037 seconds
[2025-06-15T00:47:39.173+0000] {processor.py:161} INFO - Started process (PID=2212) to work on /home/airflow/.local/lib/python3.10/site-packages/airflow/example_dags/tutorial_dag.py
[2025-06-15T00:47:39.177+0000] {processor.py:830} INFO - Processing file /home/airflow/.local/lib/python3.10/site-packages/airflow/example_dags/tutorial_dag.py for tasks to queue
[2025-06-15T00:47:39.179+0000] {logging_mixin.py:188} INFO - [2025-06-15T00:47:39.179+0000] {dagbag.py:540} INFO - Filling up the DagBag from /home/airflow/.local/lib/python3.10/site-packages/airflow/example_dags/tutorial_dag.py
[2025-06-15T00:47:39.182+0000] {processor.py:840} INFO - DAG(s) 'tutorial_dag' retrieved from /home/airflow/.local/lib/python3.10/site-packages/airflow/example_dags/tutorial_dag.py
[2025-06-15T00:47:39.207+0000] {logging_mixin.py:188} INFO - [2025-06-15T00:47:39.207+0000] {dag.py:3096} INFO - Sync 1 DAGs
[2025-06-15T00:47:39.221+0000] {logging_mixin.py:188} INFO - [2025-06-15T00:47:39.221+0000] {dag.py:3954} INFO - Setting next_dagrun for tutorial_dag to None, run_after=None
[2025-06-15T00:47:39.234+0000] {processor.py:183} INFO - Processing /home/airflow/.local/lib/python3.10/site-packages/airflow/example_dags/tutorial_dag.py took 0.066 seconds
[2025-06-15T01:03:14.410+0000] {processor.py:161} INFO - Started process (PID=2276) to work on /home/airflow/.local/lib/python3.10/site-packages/airflow/example_dags/tutorial_dag.py
[2025-06-15T01:03:14.414+0000] {processor.py:830} INFO - Processing file /home/airflow/.local/lib/python3.10/site-packages/airflow/example_dags/tutorial_dag.py for tasks to queue
[2025-06-15T01:03:14.419+0000] {logging_mixin.py:188} INFO - [2025-06-15T01:03:14.419+0000] {dagbag.py:540} INFO - Filling up the DagBag from /home/airflow/.local/lib/python3.10/site-packages/airflow/example_dags/tutorial_dag.py
[2025-06-15T01:03:14.425+0000] {processor.py:840} INFO - DAG(s) 'tutorial_dag' retrieved from /home/airflow/.local/lib/python3.10/site-packages/airflow/example_dags/tutorial_dag.py
[2025-06-15T01:03:14.450+0000] {logging_mixin.py:188} INFO - [2025-06-15T01:03:14.450+0000] {dag.py:3096} INFO - Sync 1 DAGs
[2025-06-15T01:03:14.460+0000] {logging_mixin.py:188} INFO - [2025-06-15T01:03:14.460+0000] {dag.py:3954} INFO - Setting next_dagrun for tutorial_dag to None, run_after=None
[2025-06-15T01:03:14.482+0000] {processor.py:183} INFO - Processing /home/airflow/.local/lib/python3.10/site-packages/airflow/example_dags/tutorial_dag.py took 0.081 seconds
[2025-06-15T01:12:53.139+0000] {processor.py:161} INFO - Started process (PID=2340) to work on /home/airflow/.local/lib/python3.10/site-packages/airflow/example_dags/tutorial_dag.py
[2025-06-15T01:12:53.143+0000] {processor.py:830} INFO - Processing file /home/airflow/.local/lib/python3.10/site-packages/airflow/example_dags/tutorial_dag.py for tasks to queue
[2025-06-15T01:12:53.144+0000] {logging_mixin.py:188} INFO - [2025-06-15T01:12:53.144+0000] {dagbag.py:540} INFO - Filling up the DagBag from /home/airflow/.local/lib/python3.10/site-packages/airflow/example_dags/tutorial_dag.py
[2025-06-15T01:12:53.148+0000] {processor.py:840} INFO - DAG(s) 'tutorial_dag' retrieved from /home/airflow/.local/lib/python3.10/site-packages/airflow/example_dags/tutorial_dag.py
[2025-06-15T01:12:53.162+0000] {logging_mixin.py:188} INFO - [2025-06-15T01:12:53.162+0000] {dag.py:3096} INFO - Sync 1 DAGs
[2025-06-15T01:12:53.170+0000] {logging_mixin.py:188} INFO - [2025-06-15T01:12:53.170+0000] {dag.py:3954} INFO - Setting next_dagrun for tutorial_dag to None, run_after=None
[2025-06-15T01:12:53.191+0000] {processor.py:183} INFO - Processing /home/airflow/.local/lib/python3.10/site-packages/airflow/example_dags/tutorial_dag.py took 0.056 seconds
[2025-06-15T01:28:29.502+0000] {processor.py:161} INFO - Started process (PID=2404) to work on /home/airflow/.local/lib/python3.10/site-packages/airflow/example_dags/tutorial_dag.py
[2025-06-15T01:28:29.508+0000] {processor.py:830} INFO - Processing file /home/airflow/.local/lib/python3.10/site-packages/airflow/example_dags/tutorial_dag.py for tasks to queue
[2025-06-15T01:28:29.510+0000] {logging_mixin.py:188} INFO - [2025-06-15T01:28:29.510+0000] {dagbag.py:540} INFO - Filling up the DagBag from /home/airflow/.local/lib/python3.10/site-packages/airflow/example_dags/tutorial_dag.py
[2025-06-15T01:28:29.513+0000] {processor.py:840} INFO - DAG(s) 'tutorial_dag' retrieved from /home/airflow/.local/lib/python3.10/site-packages/airflow/example_dags/tutorial_dag.py
[2025-06-15T01:28:29.529+0000] {logging_mixin.py:188} INFO - [2025-06-15T01:28:29.529+0000] {dag.py:3096} INFO - Sync 1 DAGs
[2025-06-15T01:28:29.536+0000] {logging_mixin.py:188} INFO - [2025-06-15T01:28:29.536+0000] {dag.py:3954} INFO - Setting next_dagrun for tutorial_dag to None, run_after=None
[2025-06-15T01:28:29.551+0000] {processor.py:183} INFO - Processing /home/airflow/.local/lib/python3.10/site-packages/airflow/example_dags/tutorial_dag.py took 0.053 seconds
[2025-06-15T01:28:59.724+0000] {processor.py:161} INFO - Started process (PID=2468) to work on /home/airflow/.local/lib/python3.10/site-packages/airflow/example_dags/tutorial_dag.py
[2025-06-15T01:28:59.727+0000] {processor.py:830} INFO - Processing file /home/airflow/.local/lib/python3.10/site-packages/airflow/example_dags/tutorial_dag.py for tasks to queue
[2025-06-15T01:28:59.728+0000] {logging_mixin.py:188} INFO - [2025-06-15T01:28:59.728+0000] {dagbag.py:540} INFO - Filling up the DagBag from /home/airflow/.local/lib/python3.10/site-packages/airflow/example_dags/tutorial_dag.py
[2025-06-15T01:28:59.735+0000] {processor.py:840} INFO - DAG(s) 'tutorial_dag' retrieved from /home/airflow/.local/lib/python3.10/site-packages/airflow/example_dags/tutorial_dag.py
[2025-06-15T01:28:59.748+0000] {logging_mixin.py:188} INFO - [2025-06-15T01:28:59.748+0000] {dag.py:3096} INFO - Sync 1 DAGs
[2025-06-15T01:28:59.754+0000] {logging_mixin.py:188} INFO - [2025-06-15T01:28:59.754+0000] {dag.py:3954} INFO - Setting next_dagrun for tutorial_dag to None, run_after=None
[2025-06-15T01:28:59.764+0000] {processor.py:183} INFO - Processing /home/airflow/.local/lib/python3.10/site-packages/airflow/example_dags/tutorial_dag.py took 0.044 seconds
[2025-06-15T01:38:41.092+0000] {processor.py:161} INFO - Started process (PID=2532) to work on /home/airflow/.local/lib/python3.10/site-packages/airflow/example_dags/tutorial_dag.py
[2025-06-15T01:38:41.094+0000] {processor.py:830} INFO - Processing file /home/airflow/.local/lib/python3.10/site-packages/airflow/example_dags/tutorial_dag.py for tasks to queue
[2025-06-15T01:38:41.096+0000] {logging_mixin.py:188} INFO - [2025-06-15T01:38:41.096+0000] {dagbag.py:540} INFO - Filling up the DagBag from /home/airflow/.local/lib/python3.10/site-packages/airflow/example_dags/tutorial_dag.py
[2025-06-15T01:38:41.101+0000] {processor.py:840} INFO - DAG(s) 'tutorial_dag' retrieved from /home/airflow/.local/lib/python3.10/site-packages/airflow/example_dags/tutorial_dag.py
[2025-06-15T01:38:41.116+0000] {logging_mixin.py:188} INFO - [2025-06-15T01:38:41.116+0000] {dag.py:3096} INFO - Sync 1 DAGs
[2025-06-15T01:38:41.123+0000] {logging_mixin.py:188} INFO - [2025-06-15T01:38:41.123+0000] {dag.py:3954} INFO - Setting next_dagrun for tutorial_dag to None, run_after=None
[2025-06-15T01:38:41.137+0000] {processor.py:183} INFO - Processing /home/airflow/.local/lib/python3.10/site-packages/airflow/example_dags/tutorial_dag.py took 0.050 seconds
[2025-06-15T01:57:48.177+0000] {processor.py:161} INFO - Started process (PID=2596) to work on /home/airflow/.local/lib/python3.10/site-packages/airflow/example_dags/tutorial_dag.py
[2025-06-15T01:57:48.181+0000] {processor.py:830} INFO - Processing file /home/airflow/.local/lib/python3.10/site-packages/airflow/example_dags/tutorial_dag.py for tasks to queue
[2025-06-15T01:57:48.182+0000] {logging_mixin.py:188} INFO - [2025-06-15T01:57:48.182+0000] {dagbag.py:540} INFO - Filling up the DagBag from /home/airflow/.local/lib/python3.10/site-packages/airflow/example_dags/tutorial_dag.py
[2025-06-15T01:57:48.186+0000] {processor.py:840} INFO - DAG(s) 'tutorial_dag' retrieved from /home/airflow/.local/lib/python3.10/site-packages/airflow/example_dags/tutorial_dag.py
[2025-06-15T01:57:48.198+0000] {logging_mixin.py:188} INFO - [2025-06-15T01:57:48.198+0000] {dag.py:3096} INFO - Sync 1 DAGs
[2025-06-15T01:57:48.204+0000] {logging_mixin.py:188} INFO - [2025-06-15T01:57:48.204+0000] {dag.py:3954} INFO - Setting next_dagrun for tutorial_dag to None, run_after=None
[2025-06-15T01:57:48.214+0000] {processor.py:183} INFO - Processing /home/airflow/.local/lib/python3.10/site-packages/airflow/example_dags/tutorial_dag.py took 0.041 seconds
[2025-06-15T02:03:46.639+0000] {processor.py:161} INFO - Started process (PID=2660) to work on /home/airflow/.local/lib/python3.10/site-packages/airflow/example_dags/tutorial_dag.py
[2025-06-15T02:03:46.641+0000] {processor.py:830} INFO - Processing file /home/airflow/.local/lib/python3.10/site-packages/airflow/example_dags/tutorial_dag.py for tasks to queue
[2025-06-15T02:03:46.645+0000] {logging_mixin.py:188} INFO - [2025-06-15T02:03:46.645+0000] {dagbag.py:540} INFO - Filling up the DagBag from /home/airflow/.local/lib/python3.10/site-packages/airflow/example_dags/tutorial_dag.py
[2025-06-15T02:03:46.651+0000] {processor.py:840} INFO - DAG(s) 'tutorial_dag' retrieved from /home/airflow/.local/lib/python3.10/site-packages/airflow/example_dags/tutorial_dag.py
[2025-06-15T02:03:46.670+0000] {logging_mixin.py:188} INFO - [2025-06-15T02:03:46.670+0000] {dag.py:3096} INFO - Sync 1 DAGs
[2025-06-15T02:03:46.816+0000] {logging_mixin.py:188} INFO - [2025-06-15T02:03:46.815+0000] {dag.py:3954} INFO - Setting next_dagrun for tutorial_dag to None, run_after=None
[2025-06-15T02:03:46.825+0000] {processor.py:183} INFO - Processing /home/airflow/.local/lib/python3.10/site-packages/airflow/example_dags/tutorial_dag.py took 0.200 seconds
[2025-06-15T02:04:18.940+0000] {processor.py:161} INFO - Started process (PID=2724) to work on /home/airflow/.local/lib/python3.10/site-packages/airflow/example_dags/tutorial_dag.py
[2025-06-15T02:04:18.940+0000] {processor.py:830} INFO - Processing file /home/airflow/.local/lib/python3.10/site-packages/airflow/example_dags/tutorial_dag.py for tasks to queue
[2025-06-15T02:04:18.942+0000] {logging_mixin.py:188} INFO - [2025-06-15T02:04:18.942+0000] {dagbag.py:540} INFO - Filling up the DagBag from /home/airflow/.local/lib/python3.10/site-packages/airflow/example_dags/tutorial_dag.py
[2025-06-15T02:04:18.945+0000] {processor.py:840} INFO - DAG(s) 'tutorial_dag' retrieved from /home/airflow/.local/lib/python3.10/site-packages/airflow/example_dags/tutorial_dag.py
[2025-06-15T02:04:18.959+0000] {logging_mixin.py:188} INFO - [2025-06-15T02:04:18.958+0000] {dag.py:3096} INFO - Sync 1 DAGs
[2025-06-15T02:04:18.966+0000] {logging_mixin.py:188} INFO - [2025-06-15T02:04:18.966+0000] {dag.py:3954} INFO - Setting next_dagrun for tutorial_dag to None, run_after=None
[2025-06-15T02:04:19.156+0000] {processor.py:183} INFO - Processing /home/airflow/.local/lib/python3.10/site-packages/airflow/example_dags/tutorial_dag.py took 0.220 seconds
[2025-06-15T02:19:55.981+0000] {processor.py:161} INFO - Started process (PID=2788) to work on /home/airflow/.local/lib/python3.10/site-packages/airflow/example_dags/tutorial_dag.py
[2025-06-15T02:19:55.982+0000] {processor.py:830} INFO - Processing file /home/airflow/.local/lib/python3.10/site-packages/airflow/example_dags/tutorial_dag.py for tasks to queue
[2025-06-15T02:19:55.984+0000] {logging_mixin.py:188} INFO - [2025-06-15T02:19:55.983+0000] {dagbag.py:540} INFO - Filling up the DagBag from /home/airflow/.local/lib/python3.10/site-packages/airflow/example_dags/tutorial_dag.py
[2025-06-15T02:19:55.987+0000] {processor.py:840} INFO - DAG(s) 'tutorial_dag' retrieved from /home/airflow/.local/lib/python3.10/site-packages/airflow/example_dags/tutorial_dag.py
[2025-06-15T02:19:55.999+0000] {logging_mixin.py:188} INFO - [2025-06-15T02:19:55.999+0000] {dag.py:3096} INFO - Sync 1 DAGs
[2025-06-15T02:19:56.005+0000] {logging_mixin.py:188} INFO - [2025-06-15T02:19:56.005+0000] {dag.py:3954} INFO - Setting next_dagrun for tutorial_dag to None, run_after=None
[2025-06-15T02:19:56.014+0000] {processor.py:183} INFO - Processing /home/airflow/.local/lib/python3.10/site-packages/airflow/example_dags/tutorial_dag.py took 0.038 seconds
[2025-06-15T02:23:46.792+0000] {processor.py:161} INFO - Started process (PID=2852) to work on /home/airflow/.local/lib/python3.10/site-packages/airflow/example_dags/tutorial_dag.py
[2025-06-15T02:23:46.792+0000] {processor.py:830} INFO - Processing file /home/airflow/.local/lib/python3.10/site-packages/airflow/example_dags/tutorial_dag.py for tasks to queue
[2025-06-15T02:23:46.794+0000] {logging_mixin.py:188} INFO - [2025-06-15T02:23:46.793+0000] {dagbag.py:540} INFO - Filling up the DagBag from /home/airflow/.local/lib/python3.10/site-packages/airflow/example_dags/tutorial_dag.py
[2025-06-15T02:23:46.796+0000] {processor.py:840} INFO - DAG(s) 'tutorial_dag' retrieved from /home/airflow/.local/lib/python3.10/site-packages/airflow/example_dags/tutorial_dag.py
[2025-06-15T02:23:46.808+0000] {logging_mixin.py:188} INFO - [2025-06-15T02:23:46.808+0000] {dag.py:3096} INFO - Sync 1 DAGs
[2025-06-15T02:23:46.814+0000] {logging_mixin.py:188} INFO - [2025-06-15T02:23:46.814+0000] {dag.py:3954} INFO - Setting next_dagrun for tutorial_dag to None, run_after=None
[2025-06-15T02:23:46.823+0000] {processor.py:183} INFO - Processing /home/airflow/.local/lib/python3.10/site-packages/airflow/example_dags/tutorial_dag.py took 0.035 seconds
[2025-06-15T02:25:46.717+0000] {processor.py:161} INFO - Started process (PID=2916) to work on /home/airflow/.local/lib/python3.10/site-packages/airflow/example_dags/tutorial_dag.py
[2025-06-15T02:25:46.718+0000] {processor.py:830} INFO - Processing file /home/airflow/.local/lib/python3.10/site-packages/airflow/example_dags/tutorial_dag.py for tasks to queue
[2025-06-15T02:25:46.721+0000] {logging_mixin.py:188} INFO - [2025-06-15T02:25:46.721+0000] {dagbag.py:540} INFO - Filling up the DagBag from /home/airflow/.local/lib/python3.10/site-packages/airflow/example_dags/tutorial_dag.py
[2025-06-15T02:25:46.724+0000] {processor.py:840} INFO - DAG(s) 'tutorial_dag' retrieved from /home/airflow/.local/lib/python3.10/site-packages/airflow/example_dags/tutorial_dag.py
[2025-06-15T02:25:46.741+0000] {logging_mixin.py:188} INFO - [2025-06-15T02:25:46.741+0000] {dag.py:3096} INFO - Sync 1 DAGs
[2025-06-15T02:25:46.748+0000] {logging_mixin.py:188} INFO - [2025-06-15T02:25:46.748+0000] {dag.py:3954} INFO - Setting next_dagrun for tutorial_dag to None, run_after=None
[2025-06-15T02:25:46.762+0000] {processor.py:183} INFO - Processing /home/airflow/.local/lib/python3.10/site-packages/airflow/example_dags/tutorial_dag.py took 0.051 seconds
[2025-06-15T02:27:46.018+0000] {processor.py:161} INFO - Started process (PID=2980) to work on /home/airflow/.local/lib/python3.10/site-packages/airflow/example_dags/tutorial_dag.py
[2025-06-15T02:27:46.020+0000] {processor.py:830} INFO - Processing file /home/airflow/.local/lib/python3.10/site-packages/airflow/example_dags/tutorial_dag.py for tasks to queue
[2025-06-15T02:27:46.021+0000] {logging_mixin.py:188} INFO - [2025-06-15T02:27:46.021+0000] {dagbag.py:540} INFO - Filling up the DagBag from /home/airflow/.local/lib/python3.10/site-packages/airflow/example_dags/tutorial_dag.py
[2025-06-15T02:27:46.025+0000] {processor.py:840} INFO - DAG(s) 'tutorial_dag' retrieved from /home/airflow/.local/lib/python3.10/site-packages/airflow/example_dags/tutorial_dag.py
[2025-06-15T02:27:46.043+0000] {logging_mixin.py:188} INFO - [2025-06-15T02:27:46.043+0000] {dag.py:3096} INFO - Sync 1 DAGs
[2025-06-15T02:27:46.051+0000] {logging_mixin.py:188} INFO - [2025-06-15T02:27:46.051+0000] {dag.py:3954} INFO - Setting next_dagrun for tutorial_dag to None, run_after=None
[2025-06-15T02:27:46.066+0000] {processor.py:183} INFO - Processing /home/airflow/.local/lib/python3.10/site-packages/airflow/example_dags/tutorial_dag.py took 0.054 seconds
[2025-06-15T02:34:00.570+0000] {processor.py:161} INFO - Started process (PID=3044) to work on /home/airflow/.local/lib/python3.10/site-packages/airflow/example_dags/tutorial_dag.py
[2025-06-15T02:34:00.572+0000] {processor.py:830} INFO - Processing file /home/airflow/.local/lib/python3.10/site-packages/airflow/example_dags/tutorial_dag.py for tasks to queue
[2025-06-15T02:34:00.574+0000] {logging_mixin.py:188} INFO - [2025-06-15T02:34:00.573+0000] {dagbag.py:540} INFO - Filling up the DagBag from /home/airflow/.local/lib/python3.10/site-packages/airflow/example_dags/tutorial_dag.py
[2025-06-15T02:34:00.577+0000] {processor.py:840} INFO - DAG(s) 'tutorial_dag' retrieved from /home/airflow/.local/lib/python3.10/site-packages/airflow/example_dags/tutorial_dag.py
[2025-06-15T02:34:00.596+0000] {logging_mixin.py:188} INFO - [2025-06-15T02:34:00.595+0000] {dag.py:3096} INFO - Sync 1 DAGs
[2025-06-15T02:34:00.610+0000] {logging_mixin.py:188} INFO - [2025-06-15T02:34:00.610+0000] {dag.py:3954} INFO - Setting next_dagrun for tutorial_dag to None, run_after=None
[2025-06-15T02:34:00.629+0000] {processor.py:183} INFO - Processing /home/airflow/.local/lib/python3.10/site-packages/airflow/example_dags/tutorial_dag.py took 0.064 seconds
[2025-06-15T02:39:56.459+0000] {processor.py:161} INFO - Started process (PID=3108) to work on /home/airflow/.local/lib/python3.10/site-packages/airflow/example_dags/tutorial_dag.py
[2025-06-15T02:39:56.462+0000] {processor.py:830} INFO - Processing file /home/airflow/.local/lib/python3.10/site-packages/airflow/example_dags/tutorial_dag.py for tasks to queue
[2025-06-15T02:39:56.464+0000] {logging_mixin.py:188} INFO - [2025-06-15T02:39:56.464+0000] {dagbag.py:540} INFO - Filling up the DagBag from /home/airflow/.local/lib/python3.10/site-packages/airflow/example_dags/tutorial_dag.py
[2025-06-15T02:39:56.467+0000] {processor.py:840} INFO - DAG(s) 'tutorial_dag' retrieved from /home/airflow/.local/lib/python3.10/site-packages/airflow/example_dags/tutorial_dag.py
[2025-06-15T02:39:56.494+0000] {logging_mixin.py:188} INFO - [2025-06-15T02:39:56.494+0000] {dag.py:3096} INFO - Sync 1 DAGs
[2025-06-15T02:39:56.508+0000] {logging_mixin.py:188} INFO - [2025-06-15T02:39:56.508+0000] {dag.py:3954} INFO - Setting next_dagrun for tutorial_dag to None, run_after=None
[2025-06-15T02:39:56.525+0000] {processor.py:183} INFO - Processing /home/airflow/.local/lib/python3.10/site-packages/airflow/example_dags/tutorial_dag.py took 0.071 seconds
[2025-06-15T02:40:26.580+0000] {processor.py:161} INFO - Started process (PID=3172) to work on /home/airflow/.local/lib/python3.10/site-packages/airflow/example_dags/tutorial_dag.py
[2025-06-15T02:40:26.580+0000] {processor.py:830} INFO - Processing file /home/airflow/.local/lib/python3.10/site-packages/airflow/example_dags/tutorial_dag.py for tasks to queue
[2025-06-15T02:40:26.581+0000] {logging_mixin.py:188} INFO - [2025-06-15T02:40:26.581+0000] {dagbag.py:540} INFO - Filling up the DagBag from /home/airflow/.local/lib/python3.10/site-packages/airflow/example_dags/tutorial_dag.py
[2025-06-15T02:40:26.585+0000] {processor.py:840} INFO - DAG(s) 'tutorial_dag' retrieved from /home/airflow/.local/lib/python3.10/site-packages/airflow/example_dags/tutorial_dag.py
[2025-06-15T02:40:26.596+0000] {logging_mixin.py:188} INFO - [2025-06-15T02:40:26.595+0000] {dag.py:3096} INFO - Sync 1 DAGs
[2025-06-15T02:40:26.602+0000] {logging_mixin.py:188} INFO - [2025-06-15T02:40:26.602+0000] {dag.py:3954} INFO - Setting next_dagrun for tutorial_dag to None, run_after=None
[2025-06-15T02:40:26.611+0000] {processor.py:183} INFO - Processing /home/airflow/.local/lib/python3.10/site-packages/airflow/example_dags/tutorial_dag.py took 0.035 seconds
[2025-06-15T02:55:55.962+0000] {processor.py:161} INFO - Started process (PID=3236) to work on /home/airflow/.local/lib/python3.10/site-packages/airflow/example_dags/tutorial_dag.py
[2025-06-15T02:55:55.964+0000] {processor.py:830} INFO - Processing file /home/airflow/.local/lib/python3.10/site-packages/airflow/example_dags/tutorial_dag.py for tasks to queue
[2025-06-15T02:55:55.965+0000] {logging_mixin.py:188} INFO - [2025-06-15T02:55:55.965+0000] {dagbag.py:540} INFO - Filling up the DagBag from /home/airflow/.local/lib/python3.10/site-packages/airflow/example_dags/tutorial_dag.py
[2025-06-15T02:55:55.968+0000] {processor.py:840} INFO - DAG(s) 'tutorial_dag' retrieved from /home/airflow/.local/lib/python3.10/site-packages/airflow/example_dags/tutorial_dag.py
[2025-06-15T02:55:55.982+0000] {logging_mixin.py:188} INFO - [2025-06-15T02:55:55.982+0000] {dag.py:3096} INFO - Sync 1 DAGs
[2025-06-15T02:55:55.992+0000] {logging_mixin.py:188} INFO - [2025-06-15T02:55:55.991+0000] {dag.py:3954} INFO - Setting next_dagrun for tutorial_dag to None, run_after=None
[2025-06-15T02:55:56.005+0000] {processor.py:183} INFO - Processing /home/airflow/.local/lib/python3.10/site-packages/airflow/example_dags/tutorial_dag.py took 0.047 seconds
[2025-06-15T02:56:26.951+0000] {processor.py:161} INFO - Started process (PID=3300) to work on /home/airflow/.local/lib/python3.10/site-packages/airflow/example_dags/tutorial_dag.py
[2025-06-15T02:56:26.952+0000] {processor.py:830} INFO - Processing file /home/airflow/.local/lib/python3.10/site-packages/airflow/example_dags/tutorial_dag.py for tasks to queue
[2025-06-15T02:56:26.953+0000] {logging_mixin.py:188} INFO - [2025-06-15T02:56:26.953+0000] {dagbag.py:540} INFO - Filling up the DagBag from /home/airflow/.local/lib/python3.10/site-packages/airflow/example_dags/tutorial_dag.py
[2025-06-15T02:56:26.956+0000] {processor.py:840} INFO - DAG(s) 'tutorial_dag' retrieved from /home/airflow/.local/lib/python3.10/site-packages/airflow/example_dags/tutorial_dag.py
[2025-06-15T02:56:26.968+0000] {logging_mixin.py:188} INFO - [2025-06-15T02:56:26.968+0000] {dag.py:3096} INFO - Sync 1 DAGs
[2025-06-15T02:56:26.981+0000] {logging_mixin.py:188} INFO - [2025-06-15T02:56:26.981+0000] {dag.py:3954} INFO - Setting next_dagrun for tutorial_dag to None, run_after=None
[2025-06-15T02:56:26.998+0000] {processor.py:183} INFO - Processing /home/airflow/.local/lib/python3.10/site-packages/airflow/example_dags/tutorial_dag.py took 0.051 seconds
[2025-06-15T03:08:06.943+0000] {processor.py:161} INFO - Started process (PID=3364) to work on /home/airflow/.local/lib/python3.10/site-packages/airflow/example_dags/tutorial_dag.py
[2025-06-15T03:08:06.944+0000] {processor.py:830} INFO - Processing file /home/airflow/.local/lib/python3.10/site-packages/airflow/example_dags/tutorial_dag.py for tasks to queue
[2025-06-15T03:08:06.945+0000] {logging_mixin.py:188} INFO - [2025-06-15T03:08:06.945+0000] {dagbag.py:540} INFO - Filling up the DagBag from /home/airflow/.local/lib/python3.10/site-packages/airflow/example_dags/tutorial_dag.py
[2025-06-15T03:08:06.948+0000] {processor.py:840} INFO - DAG(s) 'tutorial_dag' retrieved from /home/airflow/.local/lib/python3.10/site-packages/airflow/example_dags/tutorial_dag.py
[2025-06-15T03:08:06.962+0000] {logging_mixin.py:188} INFO - [2025-06-15T03:08:06.962+0000] {dag.py:3096} INFO - Sync 1 DAGs
[2025-06-15T03:08:06.968+0000] {logging_mixin.py:188} INFO - [2025-06-15T03:08:06.968+0000] {dag.py:3954} INFO - Setting next_dagrun for tutorial_dag to None, run_after=None
[2025-06-15T03:08:06.980+0000] {processor.py:183} INFO - Processing /home/airflow/.local/lib/python3.10/site-packages/airflow/example_dags/tutorial_dag.py took 0.040 seconds
[2025-06-15T03:09:45.112+0000] {processor.py:161} INFO - Started process (PID=3428) to work on /home/airflow/.local/lib/python3.10/site-packages/airflow/example_dags/tutorial_dag.py
[2025-06-15T03:09:45.113+0000] {processor.py:830} INFO - Processing file /home/airflow/.local/lib/python3.10/site-packages/airflow/example_dags/tutorial_dag.py for tasks to queue
[2025-06-15T03:09:45.114+0000] {logging_mixin.py:188} INFO - [2025-06-15T03:09:45.114+0000] {dagbag.py:540} INFO - Filling up the DagBag from /home/airflow/.local/lib/python3.10/site-packages/airflow/example_dags/tutorial_dag.py
[2025-06-15T03:09:45.118+0000] {processor.py:840} INFO - DAG(s) 'tutorial_dag' retrieved from /home/airflow/.local/lib/python3.10/site-packages/airflow/example_dags/tutorial_dag.py
[2025-06-15T03:09:45.128+0000] {logging_mixin.py:188} INFO - [2025-06-15T03:09:45.128+0000] {dag.py:3096} INFO - Sync 1 DAGs
[2025-06-15T03:09:45.134+0000] {logging_mixin.py:188} INFO - [2025-06-15T03:09:45.134+0000] {dag.py:3954} INFO - Setting next_dagrun for tutorial_dag to None, run_after=None
[2025-06-15T03:09:45.151+0000] {processor.py:183} INFO - Processing /home/airflow/.local/lib/python3.10/site-packages/airflow/example_dags/tutorial_dag.py took 0.043 seconds
[2025-06-15T03:13:23.309+0000] {processor.py:161} INFO - Started process (PID=3492) to work on /home/airflow/.local/lib/python3.10/site-packages/airflow/example_dags/tutorial_dag.py
[2025-06-15T03:13:23.311+0000] {processor.py:830} INFO - Processing file /home/airflow/.local/lib/python3.10/site-packages/airflow/example_dags/tutorial_dag.py for tasks to queue
[2025-06-15T03:13:23.313+0000] {logging_mixin.py:188} INFO - [2025-06-15T03:13:23.312+0000] {dagbag.py:540} INFO - Filling up the DagBag from /home/airflow/.local/lib/python3.10/site-packages/airflow/example_dags/tutorial_dag.py
[2025-06-15T03:13:23.316+0000] {processor.py:840} INFO - DAG(s) 'tutorial_dag' retrieved from /home/airflow/.local/lib/python3.10/site-packages/airflow/example_dags/tutorial_dag.py
[2025-06-15T03:13:23.359+0000] {logging_mixin.py:188} INFO - [2025-06-15T03:13:23.358+0000] {dag.py:3096} INFO - Sync 1 DAGs
[2025-06-15T03:13:23.371+0000] {logging_mixin.py:188} INFO - [2025-06-15T03:13:23.371+0000] {dag.py:3954} INFO - Setting next_dagrun for tutorial_dag to None, run_after=None
[2025-06-15T03:13:23.399+0000] {processor.py:183} INFO - Processing /home/airflow/.local/lib/python3.10/site-packages/airflow/example_dags/tutorial_dag.py took 0.096 seconds
[2025-06-15T03:20:48.163+0000] {processor.py:161} INFO - Started process (PID=3556) to work on /home/airflow/.local/lib/python3.10/site-packages/airflow/example_dags/tutorial_dag.py
[2025-06-15T03:20:48.164+0000] {processor.py:830} INFO - Processing file /home/airflow/.local/lib/python3.10/site-packages/airflow/example_dags/tutorial_dag.py for tasks to queue
[2025-06-15T03:20:48.166+0000] {logging_mixin.py:188} INFO - [2025-06-15T03:20:48.166+0000] {dagbag.py:540} INFO - Filling up the DagBag from /home/airflow/.local/lib/python3.10/site-packages/airflow/example_dags/tutorial_dag.py
[2025-06-15T03:20:48.170+0000] {processor.py:840} INFO - DAG(s) 'tutorial_dag' retrieved from /home/airflow/.local/lib/python3.10/site-packages/airflow/example_dags/tutorial_dag.py
[2025-06-15T03:20:48.196+0000] {logging_mixin.py:188} INFO - [2025-06-15T03:20:48.195+0000] {dag.py:3096} INFO - Sync 1 DAGs
[2025-06-15T03:20:48.204+0000] {logging_mixin.py:188} INFO - [2025-06-15T03:20:48.204+0000] {dag.py:3954} INFO - Setting next_dagrun for tutorial_dag to None, run_after=None
[2025-06-15T03:20:48.218+0000] {processor.py:183} INFO - Processing /home/airflow/.local/lib/python3.10/site-packages/airflow/example_dags/tutorial_dag.py took 0.061 seconds
[2025-06-15T03:24:16.967+0000] {processor.py:161} INFO - Started process (PID=3620) to work on /home/airflow/.local/lib/python3.10/site-packages/airflow/example_dags/tutorial_dag.py
[2025-06-15T03:24:16.968+0000] {processor.py:830} INFO - Processing file /home/airflow/.local/lib/python3.10/site-packages/airflow/example_dags/tutorial_dag.py for tasks to queue
[2025-06-15T03:24:16.969+0000] {logging_mixin.py:188} INFO - [2025-06-15T03:24:16.969+0000] {dagbag.py:540} INFO - Filling up the DagBag from /home/airflow/.local/lib/python3.10/site-packages/airflow/example_dags/tutorial_dag.py
[2025-06-15T03:24:16.972+0000] {processor.py:840} INFO - DAG(s) 'tutorial_dag' retrieved from /home/airflow/.local/lib/python3.10/site-packages/airflow/example_dags/tutorial_dag.py
[2025-06-15T03:24:16.981+0000] {logging_mixin.py:188} INFO - [2025-06-15T03:24:16.981+0000] {dag.py:3096} INFO - Sync 1 DAGs
[2025-06-15T03:24:16.987+0000] {logging_mixin.py:188} INFO - [2025-06-15T03:24:16.986+0000] {dag.py:3954} INFO - Setting next_dagrun for tutorial_dag to None, run_after=None
[2025-06-15T03:24:16.994+0000] {processor.py:183} INFO - Processing /home/airflow/.local/lib/python3.10/site-packages/airflow/example_dags/tutorial_dag.py took 0.030 seconds
[2025-06-15T03:26:43.136+0000] {processor.py:161} INFO - Started process (PID=3684) to work on /home/airflow/.local/lib/python3.10/site-packages/airflow/example_dags/tutorial_dag.py
[2025-06-15T03:26:43.137+0000] {processor.py:830} INFO - Processing file /home/airflow/.local/lib/python3.10/site-packages/airflow/example_dags/tutorial_dag.py for tasks to queue
[2025-06-15T03:26:43.140+0000] {logging_mixin.py:188} INFO - [2025-06-15T03:26:43.140+0000] {dagbag.py:540} INFO - Filling up the DagBag from /home/airflow/.local/lib/python3.10/site-packages/airflow/example_dags/tutorial_dag.py
[2025-06-15T03:26:43.143+0000] {processor.py:840} INFO - DAG(s) 'tutorial_dag' retrieved from /home/airflow/.local/lib/python3.10/site-packages/airflow/example_dags/tutorial_dag.py
[2025-06-15T03:26:43.161+0000] {logging_mixin.py:188} INFO - [2025-06-15T03:26:43.161+0000] {dag.py:3096} INFO - Sync 1 DAGs
[2025-06-15T03:26:43.168+0000] {logging_mixin.py:188} INFO - [2025-06-15T03:26:43.168+0000] {dag.py:3954} INFO - Setting next_dagrun for tutorial_dag to None, run_after=None
[2025-06-15T03:26:43.195+0000] {processor.py:183} INFO - Processing /home/airflow/.local/lib/python3.10/site-packages/airflow/example_dags/tutorial_dag.py took 0.066 seconds
[2025-06-15T03:28:44.617+0000] {processor.py:161} INFO - Started process (PID=3748) to work on /home/airflow/.local/lib/python3.10/site-packages/airflow/example_dags/tutorial_dag.py
[2025-06-15T03:28:44.619+0000] {processor.py:830} INFO - Processing file /home/airflow/.local/lib/python3.10/site-packages/airflow/example_dags/tutorial_dag.py for tasks to queue
[2025-06-15T03:28:44.620+0000] {logging_mixin.py:188} INFO - [2025-06-15T03:28:44.620+0000] {dagbag.py:540} INFO - Filling up the DagBag from /home/airflow/.local/lib/python3.10/site-packages/airflow/example_dags/tutorial_dag.py
[2025-06-15T03:28:44.623+0000] {processor.py:840} INFO - DAG(s) 'tutorial_dag' retrieved from /home/airflow/.local/lib/python3.10/site-packages/airflow/example_dags/tutorial_dag.py
[2025-06-15T03:28:44.637+0000] {logging_mixin.py:188} INFO - [2025-06-15T03:28:44.636+0000] {dag.py:3096} INFO - Sync 1 DAGs
[2025-06-15T03:28:44.643+0000] {logging_mixin.py:188} INFO - [2025-06-15T03:28:44.643+0000] {dag.py:3954} INFO - Setting next_dagrun for tutorial_dag to None, run_after=None
[2025-06-15T03:28:44.660+0000] {processor.py:183} INFO - Processing /home/airflow/.local/lib/python3.10/site-packages/airflow/example_dags/tutorial_dag.py took 0.046 seconds
[2025-06-15T03:34:23.093+0000] {processor.py:161} INFO - Started process (PID=3812) to work on /home/airflow/.local/lib/python3.10/site-packages/airflow/example_dags/tutorial_dag.py
[2025-06-15T03:34:23.094+0000] {processor.py:830} INFO - Processing file /home/airflow/.local/lib/python3.10/site-packages/airflow/example_dags/tutorial_dag.py for tasks to queue
[2025-06-15T03:34:23.095+0000] {logging_mixin.py:188} INFO - [2025-06-15T03:34:23.095+0000] {dagbag.py:540} INFO - Filling up the DagBag from /home/airflow/.local/lib/python3.10/site-packages/airflow/example_dags/tutorial_dag.py
[2025-06-15T03:34:23.101+0000] {processor.py:840} INFO - DAG(s) 'tutorial_dag' retrieved from /home/airflow/.local/lib/python3.10/site-packages/airflow/example_dags/tutorial_dag.py
[2025-06-15T03:34:23.115+0000] {logging_mixin.py:188} INFO - [2025-06-15T03:34:23.114+0000] {dag.py:3096} INFO - Sync 1 DAGs
[2025-06-15T03:34:23.133+0000] {logging_mixin.py:188} INFO - [2025-06-15T03:34:23.132+0000] {dag.py:3954} INFO - Setting next_dagrun for tutorial_dag to None, run_after=None
[2025-06-15T03:34:23.156+0000] {processor.py:183} INFO - Processing /home/airflow/.local/lib/python3.10/site-packages/airflow/example_dags/tutorial_dag.py took 0.066 seconds
[2025-06-15T03:34:53.809+0000] {processor.py:161} INFO - Started process (PID=3876) to work on /home/airflow/.local/lib/python3.10/site-packages/airflow/example_dags/tutorial_dag.py
[2025-06-15T03:34:53.811+0000] {processor.py:830} INFO - Processing file /home/airflow/.local/lib/python3.10/site-packages/airflow/example_dags/tutorial_dag.py for tasks to queue
[2025-06-15T03:34:53.812+0000] {logging_mixin.py:188} INFO - [2025-06-15T03:34:53.812+0000] {dagbag.py:540} INFO - Filling up the DagBag from /home/airflow/.local/lib/python3.10/site-packages/airflow/example_dags/tutorial_dag.py
[2025-06-15T03:34:53.816+0000] {processor.py:840} INFO - DAG(s) 'tutorial_dag' retrieved from /home/airflow/.local/lib/python3.10/site-packages/airflow/example_dags/tutorial_dag.py
[2025-06-15T03:34:53.829+0000] {logging_mixin.py:188} INFO - [2025-06-15T03:34:53.829+0000] {dag.py:3096} INFO - Sync 1 DAGs
[2025-06-15T03:34:53.838+0000] {logging_mixin.py:188} INFO - [2025-06-15T03:34:53.838+0000] {dag.py:3954} INFO - Setting next_dagrun for tutorial_dag to None, run_after=None
[2025-06-15T03:34:53.872+0000] {processor.py:183} INFO - Processing /home/airflow/.local/lib/python3.10/site-packages/airflow/example_dags/tutorial_dag.py took 0.067 seconds
[2025-06-15T03:40:27.609+0000] {processor.py:161} INFO - Started process (PID=3940) to work on /home/airflow/.local/lib/python3.10/site-packages/airflow/example_dags/tutorial_dag.py
[2025-06-15T03:40:27.611+0000] {processor.py:830} INFO - Processing file /home/airflow/.local/lib/python3.10/site-packages/airflow/example_dags/tutorial_dag.py for tasks to queue
[2025-06-15T03:40:27.616+0000] {logging_mixin.py:188} INFO - [2025-06-15T03:40:27.616+0000] {dagbag.py:540} INFO - Filling up the DagBag from /home/airflow/.local/lib/python3.10/site-packages/airflow/example_dags/tutorial_dag.py
[2025-06-15T03:40:27.623+0000] {processor.py:840} INFO - DAG(s) 'tutorial_dag' retrieved from /home/airflow/.local/lib/python3.10/site-packages/airflow/example_dags/tutorial_dag.py
[2025-06-15T03:40:27.646+0000] {logging_mixin.py:188} INFO - [2025-06-15T03:40:27.645+0000] {dag.py:3096} INFO - Sync 1 DAGs
[2025-06-15T03:40:27.654+0000] {logging_mixin.py:188} INFO - [2025-06-15T03:40:27.654+0000] {dag.py:3954} INFO - Setting next_dagrun for tutorial_dag to None, run_after=None
[2025-06-15T03:40:27.666+0000] {processor.py:183} INFO - Processing /home/airflow/.local/lib/python3.10/site-packages/airflow/example_dags/tutorial_dag.py took 0.062 seconds
[2025-06-15T03:40:57.700+0000] {processor.py:161} INFO - Started process (PID=4004) to work on /home/airflow/.local/lib/python3.10/site-packages/airflow/example_dags/tutorial_dag.py
[2025-06-15T03:40:57.701+0000] {processor.py:830} INFO - Processing file /home/airflow/.local/lib/python3.10/site-packages/airflow/example_dags/tutorial_dag.py for tasks to queue
[2025-06-15T03:40:57.703+0000] {logging_mixin.py:188} INFO - [2025-06-15T03:40:57.702+0000] {dagbag.py:540} INFO - Filling up the DagBag from /home/airflow/.local/lib/python3.10/site-packages/airflow/example_dags/tutorial_dag.py
[2025-06-15T03:40:57.706+0000] {processor.py:840} INFO - DAG(s) 'tutorial_dag' retrieved from /home/airflow/.local/lib/python3.10/site-packages/airflow/example_dags/tutorial_dag.py
[2025-06-15T03:40:57.720+0000] {logging_mixin.py:188} INFO - [2025-06-15T03:40:57.720+0000] {dag.py:3096} INFO - Sync 1 DAGs
[2025-06-15T03:40:57.727+0000] {logging_mixin.py:188} INFO - [2025-06-15T03:40:57.727+0000] {dag.py:3954} INFO - Setting next_dagrun for tutorial_dag to None, run_after=None
[2025-06-15T03:40:57.744+0000] {processor.py:183} INFO - Processing /home/airflow/.local/lib/python3.10/site-packages/airflow/example_dags/tutorial_dag.py took 0.047 seconds
[2025-06-15T03:46:33.405+0000] {processor.py:161} INFO - Started process (PID=4068) to work on /home/airflow/.local/lib/python3.10/site-packages/airflow/example_dags/tutorial_dag.py
[2025-06-15T03:46:33.407+0000] {processor.py:830} INFO - Processing file /home/airflow/.local/lib/python3.10/site-packages/airflow/example_dags/tutorial_dag.py for tasks to queue
[2025-06-15T03:46:33.408+0000] {logging_mixin.py:188} INFO - [2025-06-15T03:46:33.408+0000] {dagbag.py:540} INFO - Filling up the DagBag from /home/airflow/.local/lib/python3.10/site-packages/airflow/example_dags/tutorial_dag.py
[2025-06-15T03:46:33.412+0000] {processor.py:840} INFO - DAG(s) 'tutorial_dag' retrieved from /home/airflow/.local/lib/python3.10/site-packages/airflow/example_dags/tutorial_dag.py
[2025-06-15T03:46:33.427+0000] {logging_mixin.py:188} INFO - [2025-06-15T03:46:33.427+0000] {dag.py:3096} INFO - Sync 1 DAGs
[2025-06-15T03:46:33.434+0000] {logging_mixin.py:188} INFO - [2025-06-15T03:46:33.434+0000] {dag.py:3954} INFO - Setting next_dagrun for tutorial_dag to None, run_after=None
[2025-06-15T03:46:33.450+0000] {processor.py:183} INFO - Processing /home/airflow/.local/lib/python3.10/site-packages/airflow/example_dags/tutorial_dag.py took 0.050 seconds
[2025-06-15T03:48:41.829+0000] {processor.py:161} INFO - Started process (PID=4132) to work on /home/airflow/.local/lib/python3.10/site-packages/airflow/example_dags/tutorial_dag.py
[2025-06-15T03:48:41.830+0000] {processor.py:830} INFO - Processing file /home/airflow/.local/lib/python3.10/site-packages/airflow/example_dags/tutorial_dag.py for tasks to queue
[2025-06-15T03:48:41.831+0000] {logging_mixin.py:188} INFO - [2025-06-15T03:48:41.831+0000] {dagbag.py:540} INFO - Filling up the DagBag from /home/airflow/.local/lib/python3.10/site-packages/airflow/example_dags/tutorial_dag.py
[2025-06-15T03:48:41.834+0000] {processor.py:840} INFO - DAG(s) 'tutorial_dag' retrieved from /home/airflow/.local/lib/python3.10/site-packages/airflow/example_dags/tutorial_dag.py
[2025-06-15T03:48:41.848+0000] {logging_mixin.py:188} INFO - [2025-06-15T03:48:41.848+0000] {dag.py:3096} INFO - Sync 1 DAGs
[2025-06-15T03:48:41.855+0000] {logging_mixin.py:188} INFO - [2025-06-15T03:48:41.855+0000] {dag.py:3954} INFO - Setting next_dagrun for tutorial_dag to None, run_after=None
[2025-06-15T03:48:41.869+0000] {processor.py:183} INFO - Processing /home/airflow/.local/lib/python3.10/site-packages/airflow/example_dags/tutorial_dag.py took 0.044 seconds
[2025-06-15T03:51:15.624+0000] {processor.py:161} INFO - Started process (PID=4196) to work on /home/airflow/.local/lib/python3.10/site-packages/airflow/example_dags/tutorial_dag.py
[2025-06-15T03:51:15.625+0000] {processor.py:830} INFO - Processing file /home/airflow/.local/lib/python3.10/site-packages/airflow/example_dags/tutorial_dag.py for tasks to queue
[2025-06-15T03:51:15.627+0000] {logging_mixin.py:188} INFO - [2025-06-15T03:51:15.627+0000] {dagbag.py:540} INFO - Filling up the DagBag from /home/airflow/.local/lib/python3.10/site-packages/airflow/example_dags/tutorial_dag.py
[2025-06-15T03:51:15.631+0000] {processor.py:840} INFO - DAG(s) 'tutorial_dag' retrieved from /home/airflow/.local/lib/python3.10/site-packages/airflow/example_dags/tutorial_dag.py
[2025-06-15T03:51:15.656+0000] {logging_mixin.py:188} INFO - [2025-06-15T03:51:15.656+0000] {dag.py:3096} INFO - Sync 1 DAGs
[2025-06-15T03:51:15.668+0000] {logging_mixin.py:188} INFO - [2025-06-15T03:51:15.668+0000] {dag.py:3954} INFO - Setting next_dagrun for tutorial_dag to None, run_after=None
[2025-06-15T03:51:15.704+0000] {processor.py:183} INFO - Processing /home/airflow/.local/lib/python3.10/site-packages/airflow/example_dags/tutorial_dag.py took 0.086 seconds
[2025-06-15T03:52:19.359+0000] {processor.py:161} INFO - Started process (PID=4260) to work on /home/airflow/.local/lib/python3.10/site-packages/airflow/example_dags/tutorial_dag.py
[2025-06-15T03:52:19.362+0000] {processor.py:830} INFO - Processing file /home/airflow/.local/lib/python3.10/site-packages/airflow/example_dags/tutorial_dag.py for tasks to queue
[2025-06-15T03:52:19.363+0000] {logging_mixin.py:188} INFO - [2025-06-15T03:52:19.363+0000] {dagbag.py:540} INFO - Filling up the DagBag from /home/airflow/.local/lib/python3.10/site-packages/airflow/example_dags/tutorial_dag.py
[2025-06-15T03:52:19.366+0000] {processor.py:840} INFO - DAG(s) 'tutorial_dag' retrieved from /home/airflow/.local/lib/python3.10/site-packages/airflow/example_dags/tutorial_dag.py
[2025-06-15T03:52:19.377+0000] {logging_mixin.py:188} INFO - [2025-06-15T03:52:19.377+0000] {dag.py:3096} INFO - Sync 1 DAGs
[2025-06-15T03:52:19.384+0000] {logging_mixin.py:188} INFO - [2025-06-15T03:52:19.384+0000] {dag.py:3954} INFO - Setting next_dagrun for tutorial_dag to None, run_after=None
[2025-06-15T03:52:19.393+0000] {processor.py:183} INFO - Processing /home/airflow/.local/lib/python3.10/site-packages/airflow/example_dags/tutorial_dag.py took 0.039 seconds
[2025-06-15T03:54:09.511+0000] {processor.py:161} INFO - Started process (PID=4324) to work on /home/airflow/.local/lib/python3.10/site-packages/airflow/example_dags/tutorial_dag.py
[2025-06-15T03:54:09.513+0000] {processor.py:830} INFO - Processing file /home/airflow/.local/lib/python3.10/site-packages/airflow/example_dags/tutorial_dag.py for tasks to queue
[2025-06-15T03:54:09.515+0000] {logging_mixin.py:188} INFO - [2025-06-15T03:54:09.514+0000] {dagbag.py:540} INFO - Filling up the DagBag from /home/airflow/.local/lib/python3.10/site-packages/airflow/example_dags/tutorial_dag.py
[2025-06-15T03:54:09.518+0000] {processor.py:840} INFO - DAG(s) 'tutorial_dag' retrieved from /home/airflow/.local/lib/python3.10/site-packages/airflow/example_dags/tutorial_dag.py
[2025-06-15T03:54:09.539+0000] {logging_mixin.py:188} INFO - [2025-06-15T03:54:09.539+0000] {dag.py:3096} INFO - Sync 1 DAGs
[2025-06-15T03:54:09.551+0000] {logging_mixin.py:188} INFO - [2025-06-15T03:54:09.550+0000] {dag.py:3954} INFO - Setting next_dagrun for tutorial_dag to None, run_after=None
[2025-06-15T03:54:09.566+0000] {processor.py:183} INFO - Processing /home/airflow/.local/lib/python3.10/site-packages/airflow/example_dags/tutorial_dag.py took 0.059 seconds
[2025-06-15T03:54:40.253+0000] {processor.py:161} INFO - Started process (PID=4388) to work on /home/airflow/.local/lib/python3.10/site-packages/airflow/example_dags/tutorial_dag.py
[2025-06-15T03:54:40.256+0000] {processor.py:830} INFO - Processing file /home/airflow/.local/lib/python3.10/site-packages/airflow/example_dags/tutorial_dag.py for tasks to queue
[2025-06-15T03:54:40.257+0000] {logging_mixin.py:188} INFO - [2025-06-15T03:54:40.256+0000] {dagbag.py:540} INFO - Filling up the DagBag from /home/airflow/.local/lib/python3.10/site-packages/airflow/example_dags/tutorial_dag.py
[2025-06-15T03:54:40.259+0000] {processor.py:840} INFO - DAG(s) 'tutorial_dag' retrieved from /home/airflow/.local/lib/python3.10/site-packages/airflow/example_dags/tutorial_dag.py
[2025-06-15T03:54:40.275+0000] {logging_mixin.py:188} INFO - [2025-06-15T03:54:40.275+0000] {dag.py:3096} INFO - Sync 1 DAGs
[2025-06-15T03:54:40.281+0000] {logging_mixin.py:188} INFO - [2025-06-15T03:54:40.281+0000] {dag.py:3954} INFO - Setting next_dagrun for tutorial_dag to None, run_after=None
[2025-06-15T03:54:40.294+0000] {processor.py:183} INFO - Processing /home/airflow/.local/lib/python3.10/site-packages/airflow/example_dags/tutorial_dag.py took 0.044 seconds
[2025-06-15T04:01:41.937+0000] {processor.py:161} INFO - Started process (PID=4452) to work on /home/airflow/.local/lib/python3.10/site-packages/airflow/example_dags/tutorial_dag.py
[2025-06-15T04:01:41.939+0000] {processor.py:830} INFO - Processing file /home/airflow/.local/lib/python3.10/site-packages/airflow/example_dags/tutorial_dag.py for tasks to queue
[2025-06-15T04:01:41.940+0000] {logging_mixin.py:188} INFO - [2025-06-15T04:01:41.940+0000] {dagbag.py:540} INFO - Filling up the DagBag from /home/airflow/.local/lib/python3.10/site-packages/airflow/example_dags/tutorial_dag.py
[2025-06-15T04:01:41.943+0000] {processor.py:840} INFO - DAG(s) 'tutorial_dag' retrieved from /home/airflow/.local/lib/python3.10/site-packages/airflow/example_dags/tutorial_dag.py
[2025-06-15T04:01:41.958+0000] {logging_mixin.py:188} INFO - [2025-06-15T04:01:41.958+0000] {dag.py:3096} INFO - Sync 1 DAGs
[2025-06-15T04:01:41.964+0000] {logging_mixin.py:188} INFO - [2025-06-15T04:01:41.964+0000] {dag.py:3954} INFO - Setting next_dagrun for tutorial_dag to None, run_after=None
[2025-06-15T04:01:41.977+0000] {processor.py:183} INFO - Processing /home/airflow/.local/lib/python3.10/site-packages/airflow/example_dags/tutorial_dag.py took 0.043 seconds
[2025-06-15T04:02:12.784+0000] {processor.py:161} INFO - Started process (PID=4516) to work on /home/airflow/.local/lib/python3.10/site-packages/airflow/example_dags/tutorial_dag.py
[2025-06-15T04:02:12.785+0000] {processor.py:830} INFO - Processing file /home/airflow/.local/lib/python3.10/site-packages/airflow/example_dags/tutorial_dag.py for tasks to queue
[2025-06-15T04:02:12.786+0000] {logging_mixin.py:188} INFO - [2025-06-15T04:02:12.786+0000] {dagbag.py:540} INFO - Filling up the DagBag from /home/airflow/.local/lib/python3.10/site-packages/airflow/example_dags/tutorial_dag.py
[2025-06-15T04:02:12.789+0000] {processor.py:840} INFO - DAG(s) 'tutorial_dag' retrieved from /home/airflow/.local/lib/python3.10/site-packages/airflow/example_dags/tutorial_dag.py
[2025-06-15T04:02:12.801+0000] {logging_mixin.py:188} INFO - [2025-06-15T04:02:12.800+0000] {dag.py:3096} INFO - Sync 1 DAGs
[2025-06-15T04:02:12.809+0000] {logging_mixin.py:188} INFO - [2025-06-15T04:02:12.808+0000] {dag.py:3954} INFO - Setting next_dagrun for tutorial_dag to None, run_after=None
[2025-06-15T04:02:12.825+0000] {processor.py:183} INFO - Processing /home/airflow/.local/lib/python3.10/site-packages/airflow/example_dags/tutorial_dag.py took 0.045 seconds
[2025-06-15T04:08:33.560+0000] {processor.py:161} INFO - Started process (PID=4581) to work on /home/airflow/.local/lib/python3.10/site-packages/airflow/example_dags/tutorial_dag.py
[2025-06-15T04:08:33.560+0000] {processor.py:830} INFO - Processing file /home/airflow/.local/lib/python3.10/site-packages/airflow/example_dags/tutorial_dag.py for tasks to queue
[2025-06-15T04:08:33.562+0000] {logging_mixin.py:188} INFO - [2025-06-15T04:08:33.562+0000] {dagbag.py:540} INFO - Filling up the DagBag from /home/airflow/.local/lib/python3.10/site-packages/airflow/example_dags/tutorial_dag.py
[2025-06-15T04:08:33.566+0000] {processor.py:840} INFO - DAG(s) 'tutorial_dag' retrieved from /home/airflow/.local/lib/python3.10/site-packages/airflow/example_dags/tutorial_dag.py
[2025-06-15T04:08:33.579+0000] {logging_mixin.py:188} INFO - [2025-06-15T04:08:33.578+0000] {dag.py:3096} INFO - Sync 1 DAGs
[2025-06-15T04:08:33.585+0000] {logging_mixin.py:188} INFO - [2025-06-15T04:08:33.585+0000] {dag.py:3954} INFO - Setting next_dagrun for tutorial_dag to None, run_after=None
[2025-06-15T04:08:33.599+0000] {processor.py:183} INFO - Processing /home/airflow/.local/lib/python3.10/site-packages/airflow/example_dags/tutorial_dag.py took 0.045 seconds
[2025-06-15T04:09:04.410+0000] {processor.py:161} INFO - Started process (PID=4645) to work on /home/airflow/.local/lib/python3.10/site-packages/airflow/example_dags/tutorial_dag.py
[2025-06-15T04:09:04.411+0000] {processor.py:830} INFO - Processing file /home/airflow/.local/lib/python3.10/site-packages/airflow/example_dags/tutorial_dag.py for tasks to queue
[2025-06-15T04:09:04.412+0000] {logging_mixin.py:188} INFO - [2025-06-15T04:09:04.412+0000] {dagbag.py:540} INFO - Filling up the DagBag from /home/airflow/.local/lib/python3.10/site-packages/airflow/example_dags/tutorial_dag.py
[2025-06-15T04:09:04.415+0000] {processor.py:840} INFO - DAG(s) 'tutorial_dag' retrieved from /home/airflow/.local/lib/python3.10/site-packages/airflow/example_dags/tutorial_dag.py
[2025-06-15T04:09:04.427+0000] {logging_mixin.py:188} INFO - [2025-06-15T04:09:04.427+0000] {dag.py:3096} INFO - Sync 1 DAGs
[2025-06-15T04:09:04.434+0000] {logging_mixin.py:188} INFO - [2025-06-15T04:09:04.434+0000] {dag.py:3954} INFO - Setting next_dagrun for tutorial_dag to None, run_after=None
[2025-06-15T04:09:04.448+0000] {processor.py:183} INFO - Processing /home/airflow/.local/lib/python3.10/site-packages/airflow/example_dags/tutorial_dag.py took 0.041 seconds
[2025-06-15T04:15:20.490+0000] {processor.py:161} INFO - Started process (PID=4709) to work on /home/airflow/.local/lib/python3.10/site-packages/airflow/example_dags/tutorial_dag.py
[2025-06-15T04:15:20.492+0000] {processor.py:830} INFO - Processing file /home/airflow/.local/lib/python3.10/site-packages/airflow/example_dags/tutorial_dag.py for tasks to queue
[2025-06-15T04:15:20.493+0000] {logging_mixin.py:188} INFO - [2025-06-15T04:15:20.493+0000] {dagbag.py:540} INFO - Filling up the DagBag from /home/airflow/.local/lib/python3.10/site-packages/airflow/example_dags/tutorial_dag.py
[2025-06-15T04:15:20.497+0000] {processor.py:840} INFO - DAG(s) 'tutorial_dag' retrieved from /home/airflow/.local/lib/python3.10/site-packages/airflow/example_dags/tutorial_dag.py
[2025-06-15T04:15:20.515+0000] {logging_mixin.py:188} INFO - [2025-06-15T04:15:20.514+0000] {dag.py:3096} INFO - Sync 1 DAGs
[2025-06-15T04:15:20.521+0000] {logging_mixin.py:188} INFO - [2025-06-15T04:15:20.521+0000] {dag.py:3954} INFO - Setting next_dagrun for tutorial_dag to None, run_after=None
[2025-06-15T04:15:20.534+0000] {processor.py:183} INFO - Processing /home/airflow/.local/lib/python3.10/site-packages/airflow/example_dags/tutorial_dag.py took 0.049 seconds
[2025-06-15T04:15:52.095+0000] {processor.py:161} INFO - Started process (PID=4773) to work on /home/airflow/.local/lib/python3.10/site-packages/airflow/example_dags/tutorial_dag.py
[2025-06-15T04:15:52.096+0000] {processor.py:830} INFO - Processing file /home/airflow/.local/lib/python3.10/site-packages/airflow/example_dags/tutorial_dag.py for tasks to queue
[2025-06-15T04:15:52.097+0000] {logging_mixin.py:188} INFO - [2025-06-15T04:15:52.096+0000] {dagbag.py:540} INFO - Filling up the DagBag from /home/airflow/.local/lib/python3.10/site-packages/airflow/example_dags/tutorial_dag.py
[2025-06-15T04:15:52.100+0000] {processor.py:840} INFO - DAG(s) 'tutorial_dag' retrieved from /home/airflow/.local/lib/python3.10/site-packages/airflow/example_dags/tutorial_dag.py
[2025-06-15T04:15:52.113+0000] {logging_mixin.py:188} INFO - [2025-06-15T04:15:52.113+0000] {dag.py:3096} INFO - Sync 1 DAGs
[2025-06-15T04:15:52.120+0000] {logging_mixin.py:188} INFO - [2025-06-15T04:15:52.119+0000] {dag.py:3954} INFO - Setting next_dagrun for tutorial_dag to None, run_after=None
[2025-06-15T04:15:52.130+0000] {processor.py:183} INFO - Processing /home/airflow/.local/lib/python3.10/site-packages/airflow/example_dags/tutorial_dag.py took 0.040 seconds
[2025-06-15T04:18:07.537+0000] {processor.py:161} INFO - Started process (PID=4837) to work on /home/airflow/.local/lib/python3.10/site-packages/airflow/example_dags/tutorial_dag.py
[2025-06-15T04:18:07.539+0000] {processor.py:830} INFO - Processing file /home/airflow/.local/lib/python3.10/site-packages/airflow/example_dags/tutorial_dag.py for tasks to queue
[2025-06-15T04:18:07.540+0000] {logging_mixin.py:188} INFO - [2025-06-15T04:18:07.540+0000] {dagbag.py:540} INFO - Filling up the DagBag from /home/airflow/.local/lib/python3.10/site-packages/airflow/example_dags/tutorial_dag.py
[2025-06-15T04:18:07.543+0000] {processor.py:840} INFO - DAG(s) 'tutorial_dag' retrieved from /home/airflow/.local/lib/python3.10/site-packages/airflow/example_dags/tutorial_dag.py
[2025-06-15T04:18:07.555+0000] {logging_mixin.py:188} INFO - [2025-06-15T04:18:07.555+0000] {dag.py:3096} INFO - Sync 1 DAGs
[2025-06-15T04:18:07.561+0000] {logging_mixin.py:188} INFO - [2025-06-15T04:18:07.561+0000] {dag.py:3954} INFO - Setting next_dagrun for tutorial_dag to None, run_after=None
[2025-06-15T04:18:07.575+0000] {processor.py:183} INFO - Processing /home/airflow/.local/lib/python3.10/site-packages/airflow/example_dags/tutorial_dag.py took 0.042 seconds
[2025-06-15T04:18:38.700+0000] {processor.py:161} INFO - Started process (PID=4901) to work on /home/airflow/.local/lib/python3.10/site-packages/airflow/example_dags/tutorial_dag.py
[2025-06-15T04:18:38.702+0000] {processor.py:830} INFO - Processing file /home/airflow/.local/lib/python3.10/site-packages/airflow/example_dags/tutorial_dag.py for tasks to queue
[2025-06-15T04:18:38.704+0000] {logging_mixin.py:188} INFO - [2025-06-15T04:18:38.704+0000] {dagbag.py:540} INFO - Filling up the DagBag from /home/airflow/.local/lib/python3.10/site-packages/airflow/example_dags/tutorial_dag.py
[2025-06-15T04:18:38.707+0000] {processor.py:840} INFO - DAG(s) 'tutorial_dag' retrieved from /home/airflow/.local/lib/python3.10/site-packages/airflow/example_dags/tutorial_dag.py
[2025-06-15T04:18:38.725+0000] {logging_mixin.py:188} INFO - [2025-06-15T04:18:38.725+0000] {dag.py:3096} INFO - Sync 1 DAGs
[2025-06-15T04:18:38.732+0000] {logging_mixin.py:188} INFO - [2025-06-15T04:18:38.732+0000] {dag.py:3954} INFO - Setting next_dagrun for tutorial_dag to None, run_after=None
[2025-06-15T04:18:38.743+0000] {processor.py:183} INFO - Processing /home/airflow/.local/lib/python3.10/site-packages/airflow/example_dags/tutorial_dag.py took 0.047 seconds
[2025-06-15T04:19:10.142+0000] {processor.py:161} INFO - Started process (PID=4965) to work on /home/airflow/.local/lib/python3.10/site-packages/airflow/example_dags/tutorial_dag.py
[2025-06-15T04:19:10.143+0000] {processor.py:830} INFO - Processing file /home/airflow/.local/lib/python3.10/site-packages/airflow/example_dags/tutorial_dag.py for tasks to queue
[2025-06-15T04:19:10.144+0000] {logging_mixin.py:188} INFO - [2025-06-15T04:19:10.144+0000] {dagbag.py:540} INFO - Filling up the DagBag from /home/airflow/.local/lib/python3.10/site-packages/airflow/example_dags/tutorial_dag.py
[2025-06-15T04:19:10.147+0000] {processor.py:840} INFO - DAG(s) 'tutorial_dag' retrieved from /home/airflow/.local/lib/python3.10/site-packages/airflow/example_dags/tutorial_dag.py
[2025-06-15T04:19:10.162+0000] {logging_mixin.py:188} INFO - [2025-06-15T04:19:10.162+0000] {dag.py:3096} INFO - Sync 1 DAGs
[2025-06-15T04:19:10.170+0000] {logging_mixin.py:188} INFO - [2025-06-15T04:19:10.170+0000] {dag.py:3954} INFO - Setting next_dagrun for tutorial_dag to None, run_after=None
[2025-06-15T04:19:10.186+0000] {processor.py:183} INFO - Processing /home/airflow/.local/lib/python3.10/site-packages/airflow/example_dags/tutorial_dag.py took 0.050 seconds
[2025-06-15T04:21:19.361+0000] {processor.py:161} INFO - Started process (PID=5029) to work on /home/airflow/.local/lib/python3.10/site-packages/airflow/example_dags/tutorial_dag.py
[2025-06-15T04:21:19.362+0000] {processor.py:830} INFO - Processing file /home/airflow/.local/lib/python3.10/site-packages/airflow/example_dags/tutorial_dag.py for tasks to queue
[2025-06-15T04:21:19.363+0000] {logging_mixin.py:188} INFO - [2025-06-15T04:21:19.363+0000] {dagbag.py:540} INFO - Filling up the DagBag from /home/airflow/.local/lib/python3.10/site-packages/airflow/example_dags/tutorial_dag.py
[2025-06-15T04:21:19.366+0000] {processor.py:840} INFO - DAG(s) 'tutorial_dag' retrieved from /home/airflow/.local/lib/python3.10/site-packages/airflow/example_dags/tutorial_dag.py
[2025-06-15T04:21:19.379+0000] {logging_mixin.py:188} INFO - [2025-06-15T04:21:19.379+0000] {dag.py:3096} INFO - Sync 1 DAGs
[2025-06-15T04:21:19.386+0000] {logging_mixin.py:188} INFO - [2025-06-15T04:21:19.386+0000] {dag.py:3954} INFO - Setting next_dagrun for tutorial_dag to None, run_after=None
[2025-06-15T04:21:19.402+0000] {processor.py:183} INFO - Processing /home/airflow/.local/lib/python3.10/site-packages/airflow/example_dags/tutorial_dag.py took 0.046 seconds
[2025-06-15T04:21:51.044+0000] {processor.py:161} INFO - Started process (PID=5093) to work on /home/airflow/.local/lib/python3.10/site-packages/airflow/example_dags/tutorial_dag.py
[2025-06-15T04:21:51.046+0000] {processor.py:830} INFO - Processing file /home/airflow/.local/lib/python3.10/site-packages/airflow/example_dags/tutorial_dag.py for tasks to queue
[2025-06-15T04:21:51.047+0000] {logging_mixin.py:188} INFO - [2025-06-15T04:21:51.047+0000] {dagbag.py:540} INFO - Filling up the DagBag from /home/airflow/.local/lib/python3.10/site-packages/airflow/example_dags/tutorial_dag.py
[2025-06-15T04:21:51.054+0000] {processor.py:840} INFO - DAG(s) 'tutorial_dag' retrieved from /home/airflow/.local/lib/python3.10/site-packages/airflow/example_dags/tutorial_dag.py
[2025-06-15T04:21:51.069+0000] {logging_mixin.py:188} INFO - [2025-06-15T04:21:51.069+0000] {dag.py:3096} INFO - Sync 1 DAGs
[2025-06-15T04:21:51.078+0000] {logging_mixin.py:188} INFO - [2025-06-15T04:21:51.078+0000] {dag.py:3954} INFO - Setting next_dagrun for tutorial_dag to None, run_after=None
[2025-06-15T04:21:51.103+0000] {processor.py:183} INFO - Processing /home/airflow/.local/lib/python3.10/site-packages/airflow/example_dags/tutorial_dag.py took 0.066 seconds
[2025-06-15T04:25:31.088+0000] {processor.py:161} INFO - Started process (PID=5157) to work on /home/airflow/.local/lib/python3.10/site-packages/airflow/example_dags/tutorial_dag.py
[2025-06-15T04:25:31.089+0000] {processor.py:830} INFO - Processing file /home/airflow/.local/lib/python3.10/site-packages/airflow/example_dags/tutorial_dag.py for tasks to queue
[2025-06-15T04:25:31.091+0000] {logging_mixin.py:188} INFO - [2025-06-15T04:25:31.091+0000] {dagbag.py:540} INFO - Filling up the DagBag from /home/airflow/.local/lib/python3.10/site-packages/airflow/example_dags/tutorial_dag.py
[2025-06-15T04:25:31.094+0000] {processor.py:840} INFO - DAG(s) 'tutorial_dag' retrieved from /home/airflow/.local/lib/python3.10/site-packages/airflow/example_dags/tutorial_dag.py
[2025-06-15T04:25:31.111+0000] {logging_mixin.py:188} INFO - [2025-06-15T04:25:31.111+0000] {dag.py:3096} INFO - Sync 1 DAGs
[2025-06-15T04:25:31.120+0000] {logging_mixin.py:188} INFO - [2025-06-15T04:25:31.120+0000] {dag.py:3954} INFO - Setting next_dagrun for tutorial_dag to None, run_after=None
[2025-06-15T04:25:31.139+0000] {processor.py:183} INFO - Processing /home/airflow/.local/lib/python3.10/site-packages/airflow/example_dags/tutorial_dag.py took 0.054 seconds
[2025-06-15T04:27:38.599+0000] {processor.py:161} INFO - Started process (PID=5221) to work on /home/airflow/.local/lib/python3.10/site-packages/airflow/example_dags/tutorial_dag.py
[2025-06-15T04:27:38.600+0000] {processor.py:830} INFO - Processing file /home/airflow/.local/lib/python3.10/site-packages/airflow/example_dags/tutorial_dag.py for tasks to queue
[2025-06-15T04:27:38.601+0000] {logging_mixin.py:188} INFO - [2025-06-15T04:27:38.601+0000] {dagbag.py:540} INFO - Filling up the DagBag from /home/airflow/.local/lib/python3.10/site-packages/airflow/example_dags/tutorial_dag.py
[2025-06-15T04:27:38.605+0000] {processor.py:840} INFO - DAG(s) 'tutorial_dag' retrieved from /home/airflow/.local/lib/python3.10/site-packages/airflow/example_dags/tutorial_dag.py
[2025-06-15T04:27:38.631+0000] {logging_mixin.py:188} INFO - [2025-06-15T04:27:38.631+0000] {dag.py:3096} INFO - Sync 1 DAGs
[2025-06-15T04:27:38.641+0000] {logging_mixin.py:188} INFO - [2025-06-15T04:27:38.641+0000] {dag.py:3954} INFO - Setting next_dagrun for tutorial_dag to None, run_after=None
[2025-06-15T04:27:38.660+0000] {processor.py:183} INFO - Processing /home/airflow/.local/lib/python3.10/site-packages/airflow/example_dags/tutorial_dag.py took 0.068 seconds
[2025-06-15T04:32:14.450+0000] {processor.py:161} INFO - Started process (PID=5285) to work on /home/airflow/.local/lib/python3.10/site-packages/airflow/example_dags/tutorial_dag.py
[2025-06-15T04:32:14.451+0000] {processor.py:830} INFO - Processing file /home/airflow/.local/lib/python3.10/site-packages/airflow/example_dags/tutorial_dag.py for tasks to queue
[2025-06-15T04:32:14.452+0000] {logging_mixin.py:188} INFO - [2025-06-15T04:32:14.452+0000] {dagbag.py:540} INFO - Filling up the DagBag from /home/airflow/.local/lib/python3.10/site-packages/airflow/example_dags/tutorial_dag.py
[2025-06-15T04:32:14.455+0000] {processor.py:840} INFO - DAG(s) 'tutorial_dag' retrieved from /home/airflow/.local/lib/python3.10/site-packages/airflow/example_dags/tutorial_dag.py
[2025-06-15T04:32:14.473+0000] {logging_mixin.py:188} INFO - [2025-06-15T04:32:14.473+0000] {dag.py:3096} INFO - Sync 1 DAGs
[2025-06-15T04:32:14.483+0000] {logging_mixin.py:188} INFO - [2025-06-15T04:32:14.483+0000] {dag.py:3954} INFO - Setting next_dagrun for tutorial_dag to None, run_after=None
[2025-06-15T04:32:14.500+0000] {processor.py:183} INFO - Processing /home/airflow/.local/lib/python3.10/site-packages/airflow/example_dags/tutorial_dag.py took 0.054 seconds
[2025-06-15T04:34:20.515+0000] {processor.py:161} INFO - Started process (PID=5349) to work on /home/airflow/.local/lib/python3.10/site-packages/airflow/example_dags/tutorial_dag.py
[2025-06-15T04:34:20.516+0000] {processor.py:830} INFO - Processing file /home/airflow/.local/lib/python3.10/site-packages/airflow/example_dags/tutorial_dag.py for tasks to queue
[2025-06-15T04:34:20.517+0000] {logging_mixin.py:188} INFO - [2025-06-15T04:34:20.517+0000] {dagbag.py:540} INFO - Filling up the DagBag from /home/airflow/.local/lib/python3.10/site-packages/airflow/example_dags/tutorial_dag.py
[2025-06-15T04:34:20.520+0000] {processor.py:840} INFO - DAG(s) 'tutorial_dag' retrieved from /home/airflow/.local/lib/python3.10/site-packages/airflow/example_dags/tutorial_dag.py
[2025-06-15T04:34:20.530+0000] {logging_mixin.py:188} INFO - [2025-06-15T04:34:20.529+0000] {dag.py:3096} INFO - Sync 1 DAGs
[2025-06-15T04:34:20.535+0000] {logging_mixin.py:188} INFO - [2025-06-15T04:34:20.535+0000] {dag.py:3954} INFO - Setting next_dagrun for tutorial_dag to None, run_after=None
[2025-06-15T04:34:20.543+0000] {processor.py:183} INFO - Processing /home/airflow/.local/lib/python3.10/site-packages/airflow/example_dags/tutorial_dag.py took 0.032 seconds
[2025-06-15T04:49:51.108+0000] {processor.py:161} INFO - Started process (PID=5413) to work on /home/airflow/.local/lib/python3.10/site-packages/airflow/example_dags/tutorial_dag.py
[2025-06-15T04:49:51.109+0000] {processor.py:830} INFO - Processing file /home/airflow/.local/lib/python3.10/site-packages/airflow/example_dags/tutorial_dag.py for tasks to queue
[2025-06-15T04:49:51.110+0000] {logging_mixin.py:188} INFO - [2025-06-15T04:49:51.110+0000] {dagbag.py:540} INFO - Filling up the DagBag from /home/airflow/.local/lib/python3.10/site-packages/airflow/example_dags/tutorial_dag.py
[2025-06-15T04:49:51.113+0000] {processor.py:840} INFO - DAG(s) 'tutorial_dag' retrieved from /home/airflow/.local/lib/python3.10/site-packages/airflow/example_dags/tutorial_dag.py
[2025-06-15T04:49:51.127+0000] {logging_mixin.py:188} INFO - [2025-06-15T04:49:51.126+0000] {dag.py:3096} INFO - Sync 1 DAGs
[2025-06-15T04:49:51.134+0000] {logging_mixin.py:188} INFO - [2025-06-15T04:49:51.133+0000] {dag.py:3954} INFO - Setting next_dagrun for tutorial_dag to None, run_after=None
[2025-06-15T04:49:51.147+0000] {processor.py:183} INFO - Processing /home/airflow/.local/lib/python3.10/site-packages/airflow/example_dags/tutorial_dag.py took 0.042 seconds
[2025-06-15T04:50:22.265+0000] {processor.py:161} INFO - Started process (PID=5477) to work on /home/airflow/.local/lib/python3.10/site-packages/airflow/example_dags/tutorial_dag.py
[2025-06-15T04:50:22.266+0000] {processor.py:830} INFO - Processing file /home/airflow/.local/lib/python3.10/site-packages/airflow/example_dags/tutorial_dag.py for tasks to queue
[2025-06-15T04:50:22.267+0000] {logging_mixin.py:188} INFO - [2025-06-15T04:50:22.267+0000] {dagbag.py:540} INFO - Filling up the DagBag from /home/airflow/.local/lib/python3.10/site-packages/airflow/example_dags/tutorial_dag.py
[2025-06-15T04:50:22.270+0000] {processor.py:840} INFO - DAG(s) 'tutorial_dag' retrieved from /home/airflow/.local/lib/python3.10/site-packages/airflow/example_dags/tutorial_dag.py
[2025-06-15T04:50:22.285+0000] {logging_mixin.py:188} INFO - [2025-06-15T04:50:22.285+0000] {dag.py:3096} INFO - Sync 1 DAGs
[2025-06-15T04:50:22.292+0000] {logging_mixin.py:188} INFO - [2025-06-15T04:50:22.292+0000] {dag.py:3954} INFO - Setting next_dagrun for tutorial_dag to None, run_after=None
[2025-06-15T04:50:22.306+0000] {processor.py:183} INFO - Processing /home/airflow/.local/lib/python3.10/site-packages/airflow/example_dags/tutorial_dag.py took 0.045 seconds
[2025-06-15T04:50:53.310+0000] {processor.py:161} INFO - Started process (PID=5541) to work on /home/airflow/.local/lib/python3.10/site-packages/airflow/example_dags/tutorial_dag.py
[2025-06-15T04:50:53.312+0000] {processor.py:830} INFO - Processing file /home/airflow/.local/lib/python3.10/site-packages/airflow/example_dags/tutorial_dag.py for tasks to queue
[2025-06-15T04:50:53.313+0000] {logging_mixin.py:188} INFO - [2025-06-15T04:50:53.313+0000] {dagbag.py:540} INFO - Filling up the DagBag from /home/airflow/.local/lib/python3.10/site-packages/airflow/example_dags/tutorial_dag.py
[2025-06-15T04:50:53.316+0000] {processor.py:840} INFO - DAG(s) 'tutorial_dag' retrieved from /home/airflow/.local/lib/python3.10/site-packages/airflow/example_dags/tutorial_dag.py
[2025-06-15T04:50:53.334+0000] {logging_mixin.py:188} INFO - [2025-06-15T04:50:53.334+0000] {dag.py:3096} INFO - Sync 1 DAGs
[2025-06-15T04:50:53.343+0000] {logging_mixin.py:188} INFO - [2025-06-15T04:50:53.343+0000] {dag.py:3954} INFO - Setting next_dagrun for tutorial_dag to None, run_after=None
[2025-06-15T04:50:53.359+0000] {processor.py:183} INFO - Processing /home/airflow/.local/lib/python3.10/site-packages/airflow/example_dags/tutorial_dag.py took 0.053 seconds
[2025-06-15T04:51:24.364+0000] {processor.py:161} INFO - Started process (PID=5605) to work on /home/airflow/.local/lib/python3.10/site-packages/airflow/example_dags/tutorial_dag.py
[2025-06-15T04:51:24.367+0000] {processor.py:830} INFO - Processing file /home/airflow/.local/lib/python3.10/site-packages/airflow/example_dags/tutorial_dag.py for tasks to queue
[2025-06-15T04:51:24.368+0000] {logging_mixin.py:188} INFO - [2025-06-15T04:51:24.368+0000] {dagbag.py:540} INFO - Filling up the DagBag from /home/airflow/.local/lib/python3.10/site-packages/airflow/example_dags/tutorial_dag.py
[2025-06-15T04:51:24.373+0000] {processor.py:840} INFO - DAG(s) 'tutorial_dag' retrieved from /home/airflow/.local/lib/python3.10/site-packages/airflow/example_dags/tutorial_dag.py
[2025-06-15T04:51:24.387+0000] {logging_mixin.py:188} INFO - [2025-06-15T04:51:24.387+0000] {dag.py:3096} INFO - Sync 1 DAGs
[2025-06-15T04:51:24.394+0000] {logging_mixin.py:188} INFO - [2025-06-15T04:51:24.394+0000] {dag.py:3954} INFO - Setting next_dagrun for tutorial_dag to None, run_after=None
[2025-06-15T04:51:24.411+0000] {processor.py:183} INFO - Processing /home/airflow/.local/lib/python3.10/site-packages/airflow/example_dags/tutorial_dag.py took 0.051 seconds
[2025-06-15T04:53:10.745+0000] {processor.py:161} INFO - Started process (PID=5669) to work on /home/airflow/.local/lib/python3.10/site-packages/airflow/example_dags/tutorial_dag.py
[2025-06-15T04:53:10.746+0000] {processor.py:830} INFO - Processing file /home/airflow/.local/lib/python3.10/site-packages/airflow/example_dags/tutorial_dag.py for tasks to queue
[2025-06-15T04:53:10.747+0000] {logging_mixin.py:188} INFO - [2025-06-15T04:53:10.747+0000] {dagbag.py:540} INFO - Filling up the DagBag from /home/airflow/.local/lib/python3.10/site-packages/airflow/example_dags/tutorial_dag.py
[2025-06-15T04:53:10.750+0000] {processor.py:840} INFO - DAG(s) 'tutorial_dag' retrieved from /home/airflow/.local/lib/python3.10/site-packages/airflow/example_dags/tutorial_dag.py
[2025-06-15T04:53:10.771+0000] {logging_mixin.py:188} INFO - [2025-06-15T04:53:10.771+0000] {dag.py:3096} INFO - Sync 1 DAGs
[2025-06-15T04:53:10.780+0000] {logging_mixin.py:188} INFO - [2025-06-15T04:53:10.780+0000] {dag.py:3954} INFO - Setting next_dagrun for tutorial_dag to None, run_after=None
[2025-06-15T04:53:10.792+0000] {processor.py:183} INFO - Processing /home/airflow/.local/lib/python3.10/site-packages/airflow/example_dags/tutorial_dag.py took 0.051 seconds
[2025-06-15T05:04:07.555+0000] {processor.py:161} INFO - Started process (PID=5733) to work on /home/airflow/.local/lib/python3.10/site-packages/airflow/example_dags/tutorial_dag.py
[2025-06-15T05:04:07.558+0000] {processor.py:830} INFO - Processing file /home/airflow/.local/lib/python3.10/site-packages/airflow/example_dags/tutorial_dag.py for tasks to queue
[2025-06-15T05:04:07.559+0000] {logging_mixin.py:188} INFO - [2025-06-15T05:04:07.559+0000] {dagbag.py:540} INFO - Filling up the DagBag from /home/airflow/.local/lib/python3.10/site-packages/airflow/example_dags/tutorial_dag.py
[2025-06-15T05:04:07.562+0000] {processor.py:840} INFO - DAG(s) 'tutorial_dag' retrieved from /home/airflow/.local/lib/python3.10/site-packages/airflow/example_dags/tutorial_dag.py
[2025-06-15T05:04:07.574+0000] {logging_mixin.py:188} INFO - [2025-06-15T05:04:07.573+0000] {dag.py:3096} INFO - Sync 1 DAGs
[2025-06-15T05:04:07.583+0000] {logging_mixin.py:188} INFO - [2025-06-15T05:04:07.583+0000] {dag.py:3954} INFO - Setting next_dagrun for tutorial_dag to None, run_after=None
[2025-06-15T05:04:07.598+0000] {processor.py:183} INFO - Processing /home/airflow/.local/lib/python3.10/site-packages/airflow/example_dags/tutorial_dag.py took 0.047 seconds
[2025-06-15T05:06:05.589+0000] {processor.py:161} INFO - Started process (PID=5797) to work on /home/airflow/.local/lib/python3.10/site-packages/airflow/example_dags/tutorial_dag.py
[2025-06-15T05:06:05.590+0000] {processor.py:830} INFO - Processing file /home/airflow/.local/lib/python3.10/site-packages/airflow/example_dags/tutorial_dag.py for tasks to queue
[2025-06-15T05:06:05.592+0000] {logging_mixin.py:188} INFO - [2025-06-15T05:06:05.592+0000] {dagbag.py:540} INFO - Filling up the DagBag from /home/airflow/.local/lib/python3.10/site-packages/airflow/example_dags/tutorial_dag.py
[2025-06-15T05:06:05.595+0000] {processor.py:840} INFO - DAG(s) 'tutorial_dag' retrieved from /home/airflow/.local/lib/python3.10/site-packages/airflow/example_dags/tutorial_dag.py
[2025-06-15T05:06:05.607+0000] {logging_mixin.py:188} INFO - [2025-06-15T05:06:05.607+0000] {dag.py:3096} INFO - Sync 1 DAGs
[2025-06-15T05:06:05.616+0000] {logging_mixin.py:188} INFO - [2025-06-15T05:06:05.616+0000] {dag.py:3954} INFO - Setting next_dagrun for tutorial_dag to None, run_after=None
[2025-06-15T05:06:05.638+0000] {processor.py:183} INFO - Processing /home/airflow/.local/lib/python3.10/site-packages/airflow/example_dags/tutorial_dag.py took 0.054 seconds
[2025-06-15T05:09:51.756+0000] {processor.py:161} INFO - Started process (PID=5861) to work on /home/airflow/.local/lib/python3.10/site-packages/airflow/example_dags/tutorial_dag.py
[2025-06-15T05:09:51.759+0000] {processor.py:830} INFO - Processing file /home/airflow/.local/lib/python3.10/site-packages/airflow/example_dags/tutorial_dag.py for tasks to queue
[2025-06-15T05:09:51.760+0000] {logging_mixin.py:188} INFO - [2025-06-15T05:09:51.760+0000] {dagbag.py:540} INFO - Filling up the DagBag from /home/airflow/.local/lib/python3.10/site-packages/airflow/example_dags/tutorial_dag.py
[2025-06-15T05:09:51.763+0000] {processor.py:840} INFO - DAG(s) 'tutorial_dag' retrieved from /home/airflow/.local/lib/python3.10/site-packages/airflow/example_dags/tutorial_dag.py
[2025-06-15T05:09:51.781+0000] {logging_mixin.py:188} INFO - [2025-06-15T05:09:51.781+0000] {dag.py:3096} INFO - Sync 1 DAGs
[2025-06-15T05:09:51.792+0000] {logging_mixin.py:188} INFO - [2025-06-15T05:09:51.792+0000] {dag.py:3954} INFO - Setting next_dagrun for tutorial_dag to None, run_after=None
[2025-06-15T05:09:51.807+0000] {processor.py:183} INFO - Processing /home/airflow/.local/lib/python3.10/site-packages/airflow/example_dags/tutorial_dag.py took 0.056 seconds
[2025-06-15T05:18:50.909+0000] {processor.py:161} INFO - Started process (PID=5925) to work on /home/airflow/.local/lib/python3.10/site-packages/airflow/example_dags/tutorial_dag.py
[2025-06-15T05:18:50.912+0000] {processor.py:830} INFO - Processing file /home/airflow/.local/lib/python3.10/site-packages/airflow/example_dags/tutorial_dag.py for tasks to queue
[2025-06-15T05:18:50.916+0000] {logging_mixin.py:188} INFO - [2025-06-15T05:18:50.916+0000] {dagbag.py:540} INFO - Filling up the DagBag from /home/airflow/.local/lib/python3.10/site-packages/airflow/example_dags/tutorial_dag.py
[2025-06-15T05:18:50.919+0000] {processor.py:840} INFO - DAG(s) 'tutorial_dag' retrieved from /home/airflow/.local/lib/python3.10/site-packages/airflow/example_dags/tutorial_dag.py
[2025-06-15T05:18:50.931+0000] {logging_mixin.py:188} INFO - [2025-06-15T05:18:50.931+0000] {dag.py:3096} INFO - Sync 1 DAGs
[2025-06-15T05:18:50.937+0000] {logging_mixin.py:188} INFO - [2025-06-15T05:18:50.937+0000] {dag.py:3954} INFO - Setting next_dagrun for tutorial_dag to None, run_after=None
[2025-06-15T05:18:50.952+0000] {processor.py:183} INFO - Processing /home/airflow/.local/lib/python3.10/site-packages/airflow/example_dags/tutorial_dag.py took 0.050 seconds
[2025-06-15T05:19:22.037+0000] {processor.py:161} INFO - Started process (PID=5989) to work on /home/airflow/.local/lib/python3.10/site-packages/airflow/example_dags/tutorial_dag.py
[2025-06-15T05:19:22.037+0000] {processor.py:830} INFO - Processing file /home/airflow/.local/lib/python3.10/site-packages/airflow/example_dags/tutorial_dag.py for tasks to queue
[2025-06-15T05:19:22.038+0000] {logging_mixin.py:188} INFO - [2025-06-15T05:19:22.038+0000] {dagbag.py:540} INFO - Filling up the DagBag from /home/airflow/.local/lib/python3.10/site-packages/airflow/example_dags/tutorial_dag.py
[2025-06-15T05:19:22.042+0000] {processor.py:840} INFO - DAG(s) 'tutorial_dag' retrieved from /home/airflow/.local/lib/python3.10/site-packages/airflow/example_dags/tutorial_dag.py
[2025-06-15T05:19:22.055+0000] {logging_mixin.py:188} INFO - [2025-06-15T05:19:22.055+0000] {dag.py:3096} INFO - Sync 1 DAGs
[2025-06-15T05:19:22.060+0000] {logging_mixin.py:188} INFO - [2025-06-15T05:19:22.060+0000] {dag.py:3954} INFO - Setting next_dagrun for tutorial_dag to None, run_after=None
[2025-06-15T05:19:22.071+0000] {processor.py:183} INFO - Processing /home/airflow/.local/lib/python3.10/site-packages/airflow/example_dags/tutorial_dag.py took 0.038 seconds
[2025-06-15T05:24:48.942+0000] {processor.py:161} INFO - Started process (PID=6053) to work on /home/airflow/.local/lib/python3.10/site-packages/airflow/example_dags/tutorial_dag.py
[2025-06-15T05:24:48.944+0000] {processor.py:830} INFO - Processing file /home/airflow/.local/lib/python3.10/site-packages/airflow/example_dags/tutorial_dag.py for tasks to queue
[2025-06-15T05:24:48.945+0000] {logging_mixin.py:188} INFO - [2025-06-15T05:24:48.945+0000] {dagbag.py:540} INFO - Filling up the DagBag from /home/airflow/.local/lib/python3.10/site-packages/airflow/example_dags/tutorial_dag.py
[2025-06-15T05:24:48.948+0000] {processor.py:840} INFO - DAG(s) 'tutorial_dag' retrieved from /home/airflow/.local/lib/python3.10/site-packages/airflow/example_dags/tutorial_dag.py
[2025-06-15T05:24:48.964+0000] {logging_mixin.py:188} INFO - [2025-06-15T05:24:48.964+0000] {dag.py:3096} INFO - Sync 1 DAGs
[2025-06-15T05:24:48.973+0000] {logging_mixin.py:188} INFO - [2025-06-15T05:24:48.973+0000] {dag.py:3954} INFO - Setting next_dagrun for tutorial_dag to None, run_after=None
[2025-06-15T05:24:48.989+0000] {processor.py:183} INFO - Processing /home/airflow/.local/lib/python3.10/site-packages/airflow/example_dags/tutorial_dag.py took 0.052 seconds
[2025-06-15T05:25:19.973+0000] {processor.py:161} INFO - Started process (PID=6117) to work on /home/airflow/.local/lib/python3.10/site-packages/airflow/example_dags/tutorial_dag.py
[2025-06-15T05:25:19.975+0000] {processor.py:830} INFO - Processing file /home/airflow/.local/lib/python3.10/site-packages/airflow/example_dags/tutorial_dag.py for tasks to queue
[2025-06-15T05:25:19.976+0000] {logging_mixin.py:188} INFO - [2025-06-15T05:25:19.976+0000] {dagbag.py:540} INFO - Filling up the DagBag from /home/airflow/.local/lib/python3.10/site-packages/airflow/example_dags/tutorial_dag.py
[2025-06-15T05:25:19.980+0000] {processor.py:840} INFO - DAG(s) 'tutorial_dag' retrieved from /home/airflow/.local/lib/python3.10/site-packages/airflow/example_dags/tutorial_dag.py
[2025-06-15T05:25:19.990+0000] {logging_mixin.py:188} INFO - [2025-06-15T05:25:19.990+0000] {dag.py:3096} INFO - Sync 1 DAGs
[2025-06-15T05:25:19.996+0000] {logging_mixin.py:188} INFO - [2025-06-15T05:25:19.996+0000] {dag.py:3954} INFO - Setting next_dagrun for tutorial_dag to None, run_after=None
[2025-06-15T05:25:20.009+0000] {processor.py:183} INFO - Processing /home/airflow/.local/lib/python3.10/site-packages/airflow/example_dags/tutorial_dag.py took 0.039 seconds
[2025-06-15T05:32:47.873+0000] {processor.py:161} INFO - Started process (PID=6181) to work on /home/airflow/.local/lib/python3.10/site-packages/airflow/example_dags/tutorial_dag.py
[2025-06-15T05:32:47.876+0000] {processor.py:830} INFO - Processing file /home/airflow/.local/lib/python3.10/site-packages/airflow/example_dags/tutorial_dag.py for tasks to queue
[2025-06-15T05:32:47.878+0000] {logging_mixin.py:188} INFO - [2025-06-15T05:32:47.877+0000] {dagbag.py:540} INFO - Filling up the DagBag from /home/airflow/.local/lib/python3.10/site-packages/airflow/example_dags/tutorial_dag.py
[2025-06-15T05:32:47.882+0000] {processor.py:840} INFO - DAG(s) 'tutorial_dag' retrieved from /home/airflow/.local/lib/python3.10/site-packages/airflow/example_dags/tutorial_dag.py
[2025-06-15T05:32:47.904+0000] {logging_mixin.py:188} INFO - [2025-06-15T05:32:47.904+0000] {dag.py:3096} INFO - Sync 1 DAGs
[2025-06-15T05:32:47.911+0000] {logging_mixin.py:188} INFO - [2025-06-15T05:32:47.911+0000] {dag.py:3954} INFO - Setting next_dagrun for tutorial_dag to None, run_after=None
[2025-06-15T05:32:47.923+0000] {processor.py:183} INFO - Processing /home/airflow/.local/lib/python3.10/site-packages/airflow/example_dags/tutorial_dag.py took 0.055 seconds
[2025-06-15T05:33:19.332+0000] {processor.py:161} INFO - Started process (PID=6245) to work on /home/airflow/.local/lib/python3.10/site-packages/airflow/example_dags/tutorial_dag.py
[2025-06-15T05:33:19.335+0000] {processor.py:830} INFO - Processing file /home/airflow/.local/lib/python3.10/site-packages/airflow/example_dags/tutorial_dag.py for tasks to queue
[2025-06-15T05:33:19.337+0000] {logging_mixin.py:188} INFO - [2025-06-15T05:33:19.337+0000] {dagbag.py:540} INFO - Filling up the DagBag from /home/airflow/.local/lib/python3.10/site-packages/airflow/example_dags/tutorial_dag.py
[2025-06-15T05:33:19.341+0000] {processor.py:840} INFO - DAG(s) 'tutorial_dag' retrieved from /home/airflow/.local/lib/python3.10/site-packages/airflow/example_dags/tutorial_dag.py
[2025-06-15T05:33:19.355+0000] {logging_mixin.py:188} INFO - [2025-06-15T05:33:19.355+0000] {dag.py:3096} INFO - Sync 1 DAGs
[2025-06-15T05:33:19.361+0000] {logging_mixin.py:188} INFO - [2025-06-15T05:33:19.361+0000] {dag.py:3954} INFO - Setting next_dagrun for tutorial_dag to None, run_after=None
[2025-06-15T05:33:19.370+0000] {processor.py:183} INFO - Processing /home/airflow/.local/lib/python3.10/site-packages/airflow/example_dags/tutorial_dag.py took 0.043 seconds
[2025-06-15T05:35:25.227+0000] {processor.py:161} INFO - Started process (PID=6309) to work on /home/airflow/.local/lib/python3.10/site-packages/airflow/example_dags/tutorial_dag.py
[2025-06-15T05:35:25.231+0000] {processor.py:830} INFO - Processing file /home/airflow/.local/lib/python3.10/site-packages/airflow/example_dags/tutorial_dag.py for tasks to queue
[2025-06-15T05:35:25.232+0000] {logging_mixin.py:188} INFO - [2025-06-15T05:35:25.232+0000] {dagbag.py:540} INFO - Filling up the DagBag from /home/airflow/.local/lib/python3.10/site-packages/airflow/example_dags/tutorial_dag.py
[2025-06-15T05:35:25.235+0000] {processor.py:840} INFO - DAG(s) 'tutorial_dag' retrieved from /home/airflow/.local/lib/python3.10/site-packages/airflow/example_dags/tutorial_dag.py
[2025-06-15T05:35:25.250+0000] {logging_mixin.py:188} INFO - [2025-06-15T05:35:25.250+0000] {dag.py:3096} INFO - Sync 1 DAGs
[2025-06-15T05:35:25.257+0000] {logging_mixin.py:188} INFO - [2025-06-15T05:35:25.256+0000] {dag.py:3954} INFO - Setting next_dagrun for tutorial_dag to None, run_after=None
[2025-06-15T05:35:25.272+0000] {processor.py:183} INFO - Processing /home/airflow/.local/lib/python3.10/site-packages/airflow/example_dags/tutorial_dag.py took 0.050 seconds
[2025-06-15T05:59:06.646+0000] {processor.py:161} INFO - Started process (PID=6373) to work on /home/airflow/.local/lib/python3.10/site-packages/airflow/example_dags/tutorial_dag.py
[2025-06-15T05:59:06.652+0000] {processor.py:830} INFO - Processing file /home/airflow/.local/lib/python3.10/site-packages/airflow/example_dags/tutorial_dag.py for tasks to queue
[2025-06-15T05:59:06.659+0000] {logging_mixin.py:188} INFO - [2025-06-15T05:59:06.659+0000] {dagbag.py:540} INFO - Filling up the DagBag from /home/airflow/.local/lib/python3.10/site-packages/airflow/example_dags/tutorial_dag.py
[2025-06-15T05:59:06.690+0000] {processor.py:840} INFO - DAG(s) 'tutorial_dag' retrieved from /home/airflow/.local/lib/python3.10/site-packages/airflow/example_dags/tutorial_dag.py
[2025-06-15T05:59:06.733+0000] {logging_mixin.py:188} INFO - [2025-06-15T05:59:06.732+0000] {dag.py:3096} INFO - Sync 1 DAGs
[2025-06-15T05:59:06.749+0000] {logging_mixin.py:188} INFO - [2025-06-15T05:59:06.748+0000] {dag.py:3954} INFO - Setting next_dagrun for tutorial_dag to None, run_after=None
[2025-06-15T05:59:06.784+0000] {processor.py:183} INFO - Processing /home/airflow/.local/lib/python3.10/site-packages/airflow/example_dags/tutorial_dag.py took 0.165 seconds
[2025-06-15T06:00:59.777+0000] {processor.py:161} INFO - Started process (PID=6437) to work on /home/airflow/.local/lib/python3.10/site-packages/airflow/example_dags/tutorial_dag.py
[2025-06-15T06:00:59.778+0000] {processor.py:830} INFO - Processing file /home/airflow/.local/lib/python3.10/site-packages/airflow/example_dags/tutorial_dag.py for tasks to queue
[2025-06-15T06:00:59.779+0000] {logging_mixin.py:188} INFO - [2025-06-15T06:00:59.779+0000] {dagbag.py:540} INFO - Filling up the DagBag from /home/airflow/.local/lib/python3.10/site-packages/airflow/example_dags/tutorial_dag.py
[2025-06-15T06:00:59.782+0000] {processor.py:840} INFO - DAG(s) 'tutorial_dag' retrieved from /home/airflow/.local/lib/python3.10/site-packages/airflow/example_dags/tutorial_dag.py
[2025-06-15T06:00:59.818+0000] {logging_mixin.py:188} INFO - [2025-06-15T06:00:59.818+0000] {dag.py:3096} INFO - Sync 1 DAGs
[2025-06-15T06:00:59.831+0000] {logging_mixin.py:188} INFO - [2025-06-15T06:00:59.831+0000] {dag.py:3954} INFO - Setting next_dagrun for tutorial_dag to None, run_after=None
[2025-06-15T06:00:59.846+0000] {processor.py:183} INFO - Processing /home/airflow/.local/lib/python3.10/site-packages/airflow/example_dags/tutorial_dag.py took 0.073 seconds
[2025-06-15T06:01:30.591+0000] {processor.py:161} INFO - Started process (PID=6501) to work on /home/airflow/.local/lib/python3.10/site-packages/airflow/example_dags/tutorial_dag.py
[2025-06-15T06:01:30.592+0000] {processor.py:830} INFO - Processing file /home/airflow/.local/lib/python3.10/site-packages/airflow/example_dags/tutorial_dag.py for tasks to queue
[2025-06-15T06:01:30.597+0000] {logging_mixin.py:188} INFO - [2025-06-15T06:01:30.597+0000] {dagbag.py:540} INFO - Filling up the DagBag from /home/airflow/.local/lib/python3.10/site-packages/airflow/example_dags/tutorial_dag.py
[2025-06-15T06:01:30.600+0000] {processor.py:840} INFO - DAG(s) 'tutorial_dag' retrieved from /home/airflow/.local/lib/python3.10/site-packages/airflow/example_dags/tutorial_dag.py
[2025-06-15T06:01:30.614+0000] {logging_mixin.py:188} INFO - [2025-06-15T06:01:30.614+0000] {dag.py:3096} INFO - Sync 1 DAGs
[2025-06-15T06:01:30.621+0000] {logging_mixin.py:188} INFO - [2025-06-15T06:01:30.621+0000] {dag.py:3954} INFO - Setting next_dagrun for tutorial_dag to None, run_after=None
[2025-06-15T06:01:30.636+0000] {processor.py:183} INFO - Processing /home/airflow/.local/lib/python3.10/site-packages/airflow/example_dags/tutorial_dag.py took 0.049 seconds
[2025-06-15T06:02:01.767+0000] {processor.py:161} INFO - Started process (PID=6565) to work on /home/airflow/.local/lib/python3.10/site-packages/airflow/example_dags/tutorial_dag.py
[2025-06-15T06:02:01.768+0000] {processor.py:830} INFO - Processing file /home/airflow/.local/lib/python3.10/site-packages/airflow/example_dags/tutorial_dag.py for tasks to queue
[2025-06-15T06:02:01.772+0000] {logging_mixin.py:188} INFO - [2025-06-15T06:02:01.772+0000] {dagbag.py:540} INFO - Filling up the DagBag from /home/airflow/.local/lib/python3.10/site-packages/airflow/example_dags/tutorial_dag.py
[2025-06-15T06:02:01.779+0000] {processor.py:840} INFO - DAG(s) 'tutorial_dag' retrieved from /home/airflow/.local/lib/python3.10/site-packages/airflow/example_dags/tutorial_dag.py
[2025-06-15T06:02:01.804+0000] {logging_mixin.py:188} INFO - [2025-06-15T06:02:01.804+0000] {dag.py:3096} INFO - Sync 1 DAGs
[2025-06-15T06:02:01.816+0000] {logging_mixin.py:188} INFO - [2025-06-15T06:02:01.816+0000] {dag.py:3954} INFO - Setting next_dagrun for tutorial_dag to None, run_after=None
[2025-06-15T06:02:01.828+0000] {processor.py:183} INFO - Processing /home/airflow/.local/lib/python3.10/site-packages/airflow/example_dags/tutorial_dag.py took 0.067 seconds
[2025-06-15T06:02:33.749+0000] {processor.py:161} INFO - Started process (PID=6629) to work on /home/airflow/.local/lib/python3.10/site-packages/airflow/example_dags/tutorial_dag.py
[2025-06-15T06:02:33.750+0000] {processor.py:830} INFO - Processing file /home/airflow/.local/lib/python3.10/site-packages/airflow/example_dags/tutorial_dag.py for tasks to queue
[2025-06-15T06:02:33.752+0000] {logging_mixin.py:188} INFO - [2025-06-15T06:02:33.752+0000] {dagbag.py:540} INFO - Filling up the DagBag from /home/airflow/.local/lib/python3.10/site-packages/airflow/example_dags/tutorial_dag.py
[2025-06-15T06:02:33.756+0000] {processor.py:840} INFO - DAG(s) 'tutorial_dag' retrieved from /home/airflow/.local/lib/python3.10/site-packages/airflow/example_dags/tutorial_dag.py
[2025-06-15T06:02:33.775+0000] {logging_mixin.py:188} INFO - [2025-06-15T06:02:33.774+0000] {dag.py:3096} INFO - Sync 1 DAGs
[2025-06-15T06:02:33.787+0000] {logging_mixin.py:188} INFO - [2025-06-15T06:02:33.787+0000] {dag.py:3954} INFO - Setting next_dagrun for tutorial_dag to None, run_after=None
[2025-06-15T06:02:33.828+0000] {processor.py:183} INFO - Processing /home/airflow/.local/lib/python3.10/site-packages/airflow/example_dags/tutorial_dag.py took 0.082 seconds
[2025-06-15T06:03:09.094+0000] {processor.py:161} INFO - Started process (PID=6693) to work on /home/airflow/.local/lib/python3.10/site-packages/airflow/example_dags/tutorial_dag.py
[2025-06-15T06:03:09.095+0000] {processor.py:830} INFO - Processing file /home/airflow/.local/lib/python3.10/site-packages/airflow/example_dags/tutorial_dag.py for tasks to queue
[2025-06-15T06:03:09.096+0000] {logging_mixin.py:188} INFO - [2025-06-15T06:03:09.096+0000] {dagbag.py:540} INFO - Filling up the DagBag from /home/airflow/.local/lib/python3.10/site-packages/airflow/example_dags/tutorial_dag.py
[2025-06-15T06:03:09.100+0000] {processor.py:840} INFO - DAG(s) 'tutorial_dag' retrieved from /home/airflow/.local/lib/python3.10/site-packages/airflow/example_dags/tutorial_dag.py
[2025-06-15T06:03:09.117+0000] {logging_mixin.py:188} INFO - [2025-06-15T06:03:09.117+0000] {dag.py:3096} INFO - Sync 1 DAGs
[2025-06-15T06:03:09.131+0000] {logging_mixin.py:188} INFO - [2025-06-15T06:03:09.130+0000] {dag.py:3954} INFO - Setting next_dagrun for tutorial_dag to None, run_after=None
[2025-06-15T06:03:09.155+0000] {processor.py:183} INFO - Processing /home/airflow/.local/lib/python3.10/site-packages/airflow/example_dags/tutorial_dag.py took 0.068 seconds
[2025-06-15T06:03:41.824+0000] {processor.py:161} INFO - Started process (PID=6757) to work on /home/airflow/.local/lib/python3.10/site-packages/airflow/example_dags/tutorial_dag.py
[2025-06-15T06:03:41.828+0000] {processor.py:830} INFO - Processing file /home/airflow/.local/lib/python3.10/site-packages/airflow/example_dags/tutorial_dag.py for tasks to queue
[2025-06-15T06:03:41.829+0000] {logging_mixin.py:188} INFO - [2025-06-15T06:03:41.829+0000] {dagbag.py:540} INFO - Filling up the DagBag from /home/airflow/.local/lib/python3.10/site-packages/airflow/example_dags/tutorial_dag.py
[2025-06-15T06:03:41.832+0000] {processor.py:840} INFO - DAG(s) 'tutorial_dag' retrieved from /home/airflow/.local/lib/python3.10/site-packages/airflow/example_dags/tutorial_dag.py
[2025-06-15T06:03:41.849+0000] {logging_mixin.py:188} INFO - [2025-06-15T06:03:41.849+0000] {dag.py:3096} INFO - Sync 1 DAGs
[2025-06-15T06:03:41.858+0000] {logging_mixin.py:188} INFO - [2025-06-15T06:03:41.857+0000] {dag.py:3954} INFO - Setting next_dagrun for tutorial_dag to None, run_after=None
[2025-06-15T06:03:41.886+0000] {processor.py:183} INFO - Processing /home/airflow/.local/lib/python3.10/site-packages/airflow/example_dags/tutorial_dag.py took 0.066 seconds
[2025-06-15T06:04:11.941+0000] {processor.py:161} INFO - Started process (PID=6821) to work on /home/airflow/.local/lib/python3.10/site-packages/airflow/example_dags/tutorial_dag.py
[2025-06-15T06:04:11.942+0000] {processor.py:830} INFO - Processing file /home/airflow/.local/lib/python3.10/site-packages/airflow/example_dags/tutorial_dag.py for tasks to queue
[2025-06-15T06:04:11.943+0000] {logging_mixin.py:188} INFO - [2025-06-15T06:04:11.943+0000] {dagbag.py:540} INFO - Filling up the DagBag from /home/airflow/.local/lib/python3.10/site-packages/airflow/example_dags/tutorial_dag.py
[2025-06-15T06:04:11.946+0000] {processor.py:840} INFO - DAG(s) 'tutorial_dag' retrieved from /home/airflow/.local/lib/python3.10/site-packages/airflow/example_dags/tutorial_dag.py
[2025-06-15T06:04:11.956+0000] {logging_mixin.py:188} INFO - [2025-06-15T06:04:11.955+0000] {dag.py:3096} INFO - Sync 1 DAGs
[2025-06-15T06:04:11.961+0000] {logging_mixin.py:188} INFO - [2025-06-15T06:04:11.961+0000] {dag.py:3954} INFO - Setting next_dagrun for tutorial_dag to None, run_after=None
[2025-06-15T06:04:11.969+0000] {processor.py:183} INFO - Processing /home/airflow/.local/lib/python3.10/site-packages/airflow/example_dags/tutorial_dag.py took 0.032 seconds
[2025-06-15T06:04:43.164+0000] {processor.py:161} INFO - Started process (PID=6885) to work on /home/airflow/.local/lib/python3.10/site-packages/airflow/example_dags/tutorial_dag.py
[2025-06-15T06:04:43.165+0000] {processor.py:830} INFO - Processing file /home/airflow/.local/lib/python3.10/site-packages/airflow/example_dags/tutorial_dag.py for tasks to queue
[2025-06-15T06:04:43.167+0000] {logging_mixin.py:188} INFO - [2025-06-15T06:04:43.167+0000] {dagbag.py:540} INFO - Filling up the DagBag from /home/airflow/.local/lib/python3.10/site-packages/airflow/example_dags/tutorial_dag.py
[2025-06-15T06:04:43.171+0000] {processor.py:840} INFO - DAG(s) 'tutorial_dag' retrieved from /home/airflow/.local/lib/python3.10/site-packages/airflow/example_dags/tutorial_dag.py
[2025-06-15T06:04:43.183+0000] {logging_mixin.py:188} INFO - [2025-06-15T06:04:43.183+0000] {dag.py:3096} INFO - Sync 1 DAGs
[2025-06-15T06:04:43.189+0000] {logging_mixin.py:188} INFO - [2025-06-15T06:04:43.189+0000] {dag.py:3954} INFO - Setting next_dagrun for tutorial_dag to None, run_after=None
[2025-06-15T06:04:43.202+0000] {processor.py:183} INFO - Processing /home/airflow/.local/lib/python3.10/site-packages/airflow/example_dags/tutorial_dag.py took 0.042 seconds
