[2025-06-15T00:02:02.470+0000] {processor.py:161} INFO - Started process (PID=1934) to work on /opt/airflow/dags/appleolap.py
[2025-06-15T00:02:02.472+0000] {processor.py:830} INFO - Processing file /opt/airflow/dags/appleolap.py for tasks to queue
[2025-06-15T00:02:02.475+0000] {logging_mixin.py:188} INFO - [2025-06-15T00:02:02.475+0000] {dagbag.py:540} INFO - Filling up the DagBag from /opt/airflow/dags/appleolap.py
[2025-06-15T00:02:03.156+0000] {processor.py:840} INFO - DAG(s) 'etl_apple_sales' retrieved from /opt/airflow/dags/appleolap.py
[2025-06-15T00:02:03.169+0000] {logging_mixin.py:188} INFO - [2025-06-15T00:02:03.168+0000] {dag.py:3096} INFO - Sync 1 DAGs
[2025-06-15T00:02:03.203+0000] {logging_mixin.py:188} INFO - [2025-06-15T00:02:03.203+0000] {dag.py:3954} INFO - Setting next_dagrun for etl_apple_sales to 2025-06-15 00:00:00+00:00, run_after=2025-06-16 00:00:00+00:00
[2025-06-15T00:02:03.225+0000] {processor.py:183} INFO - Processing /opt/airflow/dags/appleolap.py took 0.777 seconds
[2025-06-15T00:02:33.357+0000] {processor.py:161} INFO - Started process (PID=2001) to work on /opt/airflow/dags/appleolap.py
[2025-06-15T00:02:33.360+0000] {processor.py:830} INFO - Processing file /opt/airflow/dags/appleolap.py for tasks to queue
[2025-06-15T00:02:33.361+0000] {logging_mixin.py:188} INFO - [2025-06-15T00:02:33.360+0000] {dagbag.py:540} INFO - Filling up the DagBag from /opt/airflow/dags/appleolap.py
[2025-06-15T00:02:33.604+0000] {processor.py:840} INFO - DAG(s) 'etl_apple_sales' retrieved from /opt/airflow/dags/appleolap.py
[2025-06-15T00:02:33.611+0000] {logging_mixin.py:188} INFO - [2025-06-15T00:02:33.611+0000] {dag.py:3096} INFO - Sync 1 DAGs
[2025-06-15T00:02:33.621+0000] {logging_mixin.py:188} INFO - [2025-06-15T00:02:33.621+0000] {dag.py:3954} INFO - Setting next_dagrun for etl_apple_sales to 2025-06-15 00:00:00+00:00, run_after=2025-06-16 00:00:00+00:00
[2025-06-15T00:02:33.631+0000] {processor.py:183} INFO - Processing /opt/airflow/dags/appleolap.py took 0.279 seconds
[2025-06-15T00:18:02.084+0000] {processor.py:161} INFO - Started process (PID=2062) to work on /opt/airflow/dags/appleolap.py
[2025-06-15T00:18:02.086+0000] {processor.py:830} INFO - Processing file /opt/airflow/dags/appleolap.py for tasks to queue
[2025-06-15T00:18:02.088+0000] {logging_mixin.py:188} INFO - [2025-06-15T00:18:02.088+0000] {dagbag.py:540} INFO - Filling up the DagBag from /opt/airflow/dags/appleolap.py
[2025-06-15T00:18:02.482+0000] {processor.py:840} INFO - DAG(s) 'etl_apple_sales' retrieved from /opt/airflow/dags/appleolap.py
[2025-06-15T00:18:02.491+0000] {logging_mixin.py:188} INFO - [2025-06-15T00:18:02.490+0000] {dag.py:3096} INFO - Sync 1 DAGs
[2025-06-15T00:18:02.506+0000] {logging_mixin.py:188} INFO - [2025-06-15T00:18:02.506+0000] {dag.py:3954} INFO - Setting next_dagrun for etl_apple_sales to 2025-06-15 00:00:00+00:00, run_after=2025-06-16 00:00:00+00:00
[2025-06-15T00:18:02.519+0000] {processor.py:183} INFO - Processing /opt/airflow/dags/appleolap.py took 0.457 seconds
[2025-06-15T00:32:06.611+0000] {processor.py:161} INFO - Started process (PID=2126) to work on /opt/airflow/dags/appleolap.py
[2025-06-15T00:32:06.613+0000] {processor.py:830} INFO - Processing file /opt/airflow/dags/appleolap.py for tasks to queue
[2025-06-15T00:32:06.616+0000] {logging_mixin.py:188} INFO - [2025-06-15T00:32:06.615+0000] {dagbag.py:540} INFO - Filling up the DagBag from /opt/airflow/dags/appleolap.py
[2025-06-15T00:32:07.446+0000] {processor.py:840} INFO - DAG(s) 'etl_apple_sales' retrieved from /opt/airflow/dags/appleolap.py
[2025-06-15T00:32:07.467+0000] {logging_mixin.py:188} INFO - [2025-06-15T00:32:07.466+0000] {dag.py:3096} INFO - Sync 1 DAGs
[2025-06-15T00:32:07.489+0000] {logging_mixin.py:188} INFO - [2025-06-15T00:32:07.489+0000] {dag.py:3954} INFO - Setting next_dagrun for etl_apple_sales to 2025-06-15 00:00:00+00:00, run_after=2025-06-16 00:00:00+00:00
[2025-06-15T00:32:07.555+0000] {processor.py:183} INFO - Processing /opt/airflow/dags/appleolap.py took 0.955 seconds
[2025-06-15T00:47:37.313+0000] {processor.py:161} INFO - Started process (PID=2190) to work on /opt/airflow/dags/appleolap.py
[2025-06-15T00:47:37.317+0000] {processor.py:830} INFO - Processing file /opt/airflow/dags/appleolap.py for tasks to queue
[2025-06-15T00:47:37.320+0000] {logging_mixin.py:188} INFO - [2025-06-15T00:47:37.319+0000] {dagbag.py:540} INFO - Filling up the DagBag from /opt/airflow/dags/appleolap.py
[2025-06-15T00:47:37.672+0000] {processor.py:840} INFO - DAG(s) 'etl_apple_sales' retrieved from /opt/airflow/dags/appleolap.py
[2025-06-15T00:47:37.692+0000] {logging_mixin.py:188} INFO - [2025-06-15T00:47:37.691+0000] {dag.py:3096} INFO - Sync 1 DAGs
[2025-06-15T00:47:37.714+0000] {logging_mixin.py:188} INFO - [2025-06-15T00:47:37.713+0000] {dag.py:3954} INFO - Setting next_dagrun for etl_apple_sales to 2025-06-15 00:00:00+00:00, run_after=2025-06-16 00:00:00+00:00
[2025-06-15T00:47:37.728+0000] {processor.py:183} INFO - Processing /opt/airflow/dags/appleolap.py took 0.431 seconds
[2025-06-15T01:03:11.666+0000] {processor.py:161} INFO - Started process (PID=2254) to work on /opt/airflow/dags/appleolap.py
[2025-06-15T01:03:11.667+0000] {processor.py:830} INFO - Processing file /opt/airflow/dags/appleolap.py for tasks to queue
[2025-06-15T01:03:11.669+0000] {logging_mixin.py:188} INFO - [2025-06-15T01:03:11.669+0000] {dagbag.py:540} INFO - Filling up the DagBag from /opt/airflow/dags/appleolap.py
[2025-06-15T01:03:13.386+0000] {processor.py:840} INFO - DAG(s) 'etl_apple_sales' retrieved from /opt/airflow/dags/appleolap.py
[2025-06-15T01:03:13.405+0000] {logging_mixin.py:188} INFO - [2025-06-15T01:03:13.404+0000] {dag.py:3096} INFO - Sync 1 DAGs
[2025-06-15T01:03:13.420+0000] {logging_mixin.py:188} INFO - [2025-06-15T01:03:13.419+0000] {dag.py:3954} INFO - Setting next_dagrun for etl_apple_sales to 2025-06-15 00:00:00+00:00, run_after=2025-06-16 00:00:00+00:00
[2025-06-15T01:03:13.429+0000] {processor.py:183} INFO - Processing /opt/airflow/dags/appleolap.py took 1.771 seconds
[2025-06-15T01:12:51.960+0000] {processor.py:161} INFO - Started process (PID=2318) to work on /opt/airflow/dags/appleolap.py
[2025-06-15T01:12:51.962+0000] {processor.py:830} INFO - Processing file /opt/airflow/dags/appleolap.py for tasks to queue
[2025-06-15T01:12:51.967+0000] {logging_mixin.py:188} INFO - [2025-06-15T01:12:51.966+0000] {dagbag.py:540} INFO - Filling up the DagBag from /opt/airflow/dags/appleolap.py
[2025-06-15T01:12:52.393+0000] {processor.py:840} INFO - DAG(s) 'etl_apple_sales' retrieved from /opt/airflow/dags/appleolap.py
[2025-06-15T01:12:52.406+0000] {logging_mixin.py:188} INFO - [2025-06-15T01:12:52.406+0000] {dag.py:3096} INFO - Sync 1 DAGs
[2025-06-15T01:12:52.421+0000] {logging_mixin.py:188} INFO - [2025-06-15T01:12:52.421+0000] {dag.py:3954} INFO - Setting next_dagrun for etl_apple_sales to 2025-06-15 00:00:00+00:00, run_after=2025-06-16 00:00:00+00:00
[2025-06-15T01:12:52.431+0000] {processor.py:183} INFO - Processing /opt/airflow/dags/appleolap.py took 0.502 seconds
[2025-06-15T01:28:27.556+0000] {processor.py:161} INFO - Started process (PID=2382) to work on /opt/airflow/dags/appleolap.py
[2025-06-15T01:28:27.557+0000] {processor.py:830} INFO - Processing file /opt/airflow/dags/appleolap.py for tasks to queue
[2025-06-15T01:28:27.567+0000] {logging_mixin.py:188} INFO - [2025-06-15T01:28:27.564+0000] {dagbag.py:540} INFO - Filling up the DagBag from /opt/airflow/dags/appleolap.py
[2025-06-15T01:28:28.612+0000] {processor.py:840} INFO - DAG(s) 'etl_apple_sales' retrieved from /opt/airflow/dags/appleolap.py
[2025-06-15T01:28:28.621+0000] {logging_mixin.py:188} INFO - [2025-06-15T01:28:28.620+0000] {dag.py:3096} INFO - Sync 1 DAGs
[2025-06-15T01:28:28.635+0000] {logging_mixin.py:188} INFO - [2025-06-15T01:28:28.635+0000] {dag.py:3954} INFO - Setting next_dagrun for etl_apple_sales to 2025-06-15 00:00:00+00:00, run_after=2025-06-16 00:00:00+00:00
[2025-06-15T01:28:28.649+0000] {processor.py:183} INFO - Processing /opt/airflow/dags/appleolap.py took 1.120 seconds
[2025-06-15T01:28:58.820+0000] {processor.py:161} INFO - Started process (PID=2447) to work on /opt/airflow/dags/appleolap.py
[2025-06-15T01:28:58.821+0000] {processor.py:830} INFO - Processing file /opt/airflow/dags/appleolap.py for tasks to queue
[2025-06-15T01:28:58.824+0000] {logging_mixin.py:188} INFO - [2025-06-15T01:28:58.824+0000] {dagbag.py:540} INFO - Filling up the DagBag from /opt/airflow/dags/appleolap.py
[2025-06-15T01:28:59.115+0000] {processor.py:840} INFO - DAG(s) 'etl_apple_sales' retrieved from /opt/airflow/dags/appleolap.py
[2025-06-15T01:28:59.122+0000] {logging_mixin.py:188} INFO - [2025-06-15T01:28:59.121+0000] {dag.py:3096} INFO - Sync 1 DAGs
[2025-06-15T01:28:59.133+0000] {logging_mixin.py:188} INFO - [2025-06-15T01:28:59.133+0000] {dag.py:3954} INFO - Setting next_dagrun for etl_apple_sales to 2025-06-15 00:00:00+00:00, run_after=2025-06-16 00:00:00+00:00
[2025-06-15T01:28:59.149+0000] {processor.py:183} INFO - Processing /opt/airflow/dags/appleolap.py took 0.334 seconds
[2025-06-15T01:38:39.369+0000] {processor.py:161} INFO - Started process (PID=2510) to work on /opt/airflow/dags/appleolap.py
[2025-06-15T01:38:39.373+0000] {processor.py:830} INFO - Processing file /opt/airflow/dags/appleolap.py for tasks to queue
[2025-06-15T01:38:39.381+0000] {logging_mixin.py:188} INFO - [2025-06-15T01:38:39.378+0000] {dagbag.py:540} INFO - Filling up the DagBag from /opt/airflow/dags/appleolap.py
[2025-06-15T01:38:39.969+0000] {processor.py:840} INFO - DAG(s) 'etl_apple_sales' retrieved from /opt/airflow/dags/appleolap.py
[2025-06-15T01:38:39.985+0000] {logging_mixin.py:188} INFO - [2025-06-15T01:38:39.984+0000] {dag.py:3096} INFO - Sync 1 DAGs
[2025-06-15T01:38:40.007+0000] {logging_mixin.py:188} INFO - [2025-06-15T01:38:40.007+0000] {dag.py:3954} INFO - Setting next_dagrun for etl_apple_sales to 2025-06-15 00:00:00+00:00, run_after=2025-06-16 00:00:00+00:00
[2025-06-15T01:38:40.023+0000] {processor.py:183} INFO - Processing /opt/airflow/dags/appleolap.py took 0.672 seconds
[2025-06-15T01:57:45.292+0000] {processor.py:161} INFO - Started process (PID=2574) to work on /opt/airflow/dags/appleolap.py
[2025-06-15T01:57:45.294+0000] {processor.py:830} INFO - Processing file /opt/airflow/dags/appleolap.py for tasks to queue
[2025-06-15T01:57:45.299+0000] {logging_mixin.py:188} INFO - [2025-06-15T01:57:45.299+0000] {dagbag.py:540} INFO - Filling up the DagBag from /opt/airflow/dags/appleolap.py
[2025-06-15T01:57:46.032+0000] {processor.py:840} INFO - DAG(s) 'etl_apple_sales' retrieved from /opt/airflow/dags/appleolap.py
[2025-06-15T01:57:46.053+0000] {logging_mixin.py:188} INFO - [2025-06-15T01:57:46.052+0000] {dag.py:3096} INFO - Sync 1 DAGs
[2025-06-15T01:57:46.083+0000] {logging_mixin.py:188} INFO - [2025-06-15T01:57:46.082+0000] {dag.py:3954} INFO - Setting next_dagrun for etl_apple_sales to 2025-06-15 00:00:00+00:00, run_after=2025-06-16 00:00:00+00:00
[2025-06-15T01:57:46.102+0000] {processor.py:183} INFO - Processing /opt/airflow/dags/appleolap.py took 0.855 seconds
[2025-06-15T02:03:44.287+0000] {processor.py:161} INFO - Started process (PID=2638) to work on /opt/airflow/dags/appleolap.py
[2025-06-15T02:03:44.289+0000] {processor.py:830} INFO - Processing file /opt/airflow/dags/appleolap.py for tasks to queue
[2025-06-15T02:03:44.291+0000] {logging_mixin.py:188} INFO - [2025-06-15T02:03:44.291+0000] {dagbag.py:540} INFO - Filling up the DagBag from /opt/airflow/dags/appleolap.py
[2025-06-15T02:03:44.747+0000] {processor.py:840} INFO - DAG(s) 'etl_apple_sales' retrieved from /opt/airflow/dags/appleolap.py
[2025-06-15T02:03:44.765+0000] {logging_mixin.py:188} INFO - [2025-06-15T02:03:44.764+0000] {dag.py:3096} INFO - Sync 1 DAGs
[2025-06-15T02:03:44.778+0000] {logging_mixin.py:188} INFO - [2025-06-15T02:03:44.778+0000] {dag.py:3954} INFO - Setting next_dagrun for etl_apple_sales to 2025-06-15 00:00:00+00:00, run_after=2025-06-16 00:00:00+00:00
[2025-06-15T02:03:44.790+0000] {processor.py:183} INFO - Processing /opt/airflow/dags/appleolap.py took 0.513 seconds
[2025-06-15T02:04:15.132+0000] {processor.py:161} INFO - Started process (PID=2702) to work on /opt/airflow/dags/appleolap.py
[2025-06-15T02:04:15.135+0000] {processor.py:830} INFO - Processing file /opt/airflow/dags/appleolap.py for tasks to queue
[2025-06-15T02:04:15.137+0000] {logging_mixin.py:188} INFO - [2025-06-15T02:04:15.137+0000] {dagbag.py:540} INFO - Filling up the DagBag from /opt/airflow/dags/appleolap.py
[2025-06-15T02:04:15.467+0000] {processor.py:840} INFO - DAG(s) 'etl_apple_sales' retrieved from /opt/airflow/dags/appleolap.py
[2025-06-15T02:04:15.478+0000] {logging_mixin.py:188} INFO - [2025-06-15T02:04:15.477+0000] {dag.py:3096} INFO - Sync 1 DAGs
[2025-06-15T02:04:15.494+0000] {logging_mixin.py:188} INFO - [2025-06-15T02:04:15.494+0000] {dag.py:3954} INFO - Setting next_dagrun for etl_apple_sales to 2025-06-15 00:00:00+00:00, run_after=2025-06-16 00:00:00+00:00
[2025-06-15T02:04:15.528+0000] {processor.py:183} INFO - Processing /opt/airflow/dags/appleolap.py took 0.405 seconds
[2025-06-15T02:19:53.471+0000] {processor.py:161} INFO - Started process (PID=2766) to work on /opt/airflow/dags/appleolap.py
[2025-06-15T02:19:53.473+0000] {processor.py:830} INFO - Processing file /opt/airflow/dags/appleolap.py for tasks to queue
[2025-06-15T02:19:53.475+0000] {logging_mixin.py:188} INFO - [2025-06-15T02:19:53.475+0000] {dagbag.py:540} INFO - Filling up the DagBag from /opt/airflow/dags/appleolap.py
[2025-06-15T02:19:54.683+0000] {processor.py:840} INFO - DAG(s) 'etl_apple_sales' retrieved from /opt/airflow/dags/appleolap.py
[2025-06-15T02:19:54.702+0000] {logging_mixin.py:188} INFO - [2025-06-15T02:19:54.700+0000] {dag.py:3096} INFO - Sync 1 DAGs
[2025-06-15T02:19:54.719+0000] {logging_mixin.py:188} INFO - [2025-06-15T02:19:54.718+0000] {dag.py:3954} INFO - Setting next_dagrun for etl_apple_sales to 2025-06-15 00:00:00+00:00, run_after=2025-06-16 00:00:00+00:00
[2025-06-15T02:19:54.732+0000] {processor.py:183} INFO - Processing /opt/airflow/dags/appleolap.py took 1.270 seconds
[2025-06-15T02:23:45.917+0000] {processor.py:161} INFO - Started process (PID=2830) to work on /opt/airflow/dags/appleolap.py
[2025-06-15T02:23:45.918+0000] {processor.py:830} INFO - Processing file /opt/airflow/dags/appleolap.py for tasks to queue
[2025-06-15T02:23:45.922+0000] {logging_mixin.py:188} INFO - [2025-06-15T02:23:45.922+0000] {dagbag.py:540} INFO - Filling up the DagBag from /opt/airflow/dags/appleolap.py
[2025-06-15T02:23:46.159+0000] {processor.py:840} INFO - DAG(s) 'etl_apple_sales' retrieved from /opt/airflow/dags/appleolap.py
[2025-06-15T02:23:46.177+0000] {logging_mixin.py:188} INFO - [2025-06-15T02:23:46.177+0000] {dag.py:3096} INFO - Sync 1 DAGs
[2025-06-15T02:23:46.200+0000] {logging_mixin.py:188} INFO - [2025-06-15T02:23:46.200+0000] {dag.py:3954} INFO - Setting next_dagrun for etl_apple_sales to 2025-06-15 00:00:00+00:00, run_after=2025-06-16 00:00:00+00:00
[2025-06-15T02:23:46.216+0000] {processor.py:183} INFO - Processing /opt/airflow/dags/appleolap.py took 0.310 seconds
[2025-06-15T02:25:45.722+0000] {processor.py:161} INFO - Started process (PID=2894) to work on /opt/airflow/dags/appleolap.py
[2025-06-15T02:25:45.723+0000] {processor.py:830} INFO - Processing file /opt/airflow/dags/appleolap.py for tasks to queue
[2025-06-15T02:25:45.725+0000] {logging_mixin.py:188} INFO - [2025-06-15T02:25:45.725+0000] {dagbag.py:540} INFO - Filling up the DagBag from /opt/airflow/dags/appleolap.py
[2025-06-15T02:25:45.918+0000] {processor.py:840} INFO - DAG(s) 'etl_apple_sales' retrieved from /opt/airflow/dags/appleolap.py
[2025-06-15T02:25:45.927+0000] {logging_mixin.py:188} INFO - [2025-06-15T02:25:45.926+0000] {dag.py:3096} INFO - Sync 1 DAGs
[2025-06-15T02:25:45.939+0000] {logging_mixin.py:188} INFO - [2025-06-15T02:25:45.939+0000] {dag.py:3954} INFO - Setting next_dagrun for etl_apple_sales to 2025-06-15 00:00:00+00:00, run_after=2025-06-16 00:00:00+00:00
[2025-06-15T02:25:45.952+0000] {processor.py:183} INFO - Processing /opt/airflow/dags/appleolap.py took 0.239 seconds
[2025-06-15T02:27:45.160+0000] {processor.py:161} INFO - Started process (PID=2958) to work on /opt/airflow/dags/appleolap.py
[2025-06-15T02:27:45.161+0000] {processor.py:830} INFO - Processing file /opt/airflow/dags/appleolap.py for tasks to queue
[2025-06-15T02:27:45.162+0000] {logging_mixin.py:188} INFO - [2025-06-15T02:27:45.162+0000] {dagbag.py:540} INFO - Filling up the DagBag from /opt/airflow/dags/appleolap.py
[2025-06-15T02:27:45.320+0000] {processor.py:840} INFO - DAG(s) 'etl_apple_sales' retrieved from /opt/airflow/dags/appleolap.py
[2025-06-15T02:27:45.330+0000] {logging_mixin.py:188} INFO - [2025-06-15T02:27:45.330+0000] {dag.py:3096} INFO - Sync 1 DAGs
[2025-06-15T02:27:45.346+0000] {logging_mixin.py:188} INFO - [2025-06-15T02:27:45.346+0000] {dag.py:3954} INFO - Setting next_dagrun for etl_apple_sales to 2025-06-15 00:00:00+00:00, run_after=2025-06-16 00:00:00+00:00
[2025-06-15T02:27:45.362+0000] {processor.py:183} INFO - Processing /opt/airflow/dags/appleolap.py took 0.207 seconds
[2025-06-15T02:33:59.369+0000] {processor.py:161} INFO - Started process (PID=3022) to work on /opt/airflow/dags/appleolap.py
[2025-06-15T02:33:59.372+0000] {processor.py:830} INFO - Processing file /opt/airflow/dags/appleolap.py for tasks to queue
[2025-06-15T02:33:59.383+0000] {logging_mixin.py:188} INFO - [2025-06-15T02:33:59.381+0000] {dagbag.py:540} INFO - Filling up the DagBag from /opt/airflow/dags/appleolap.py
[2025-06-15T02:33:59.747+0000] {processor.py:840} INFO - DAG(s) 'etl_apple_sales' retrieved from /opt/airflow/dags/appleolap.py
[2025-06-15T02:33:59.758+0000] {logging_mixin.py:188} INFO - [2025-06-15T02:33:59.758+0000] {dag.py:3096} INFO - Sync 1 DAGs
[2025-06-15T02:33:59.778+0000] {logging_mixin.py:188} INFO - [2025-06-15T02:33:59.778+0000] {dag.py:3954} INFO - Setting next_dagrun for etl_apple_sales to 2025-06-15 00:00:00+00:00, run_after=2025-06-16 00:00:00+00:00
[2025-06-15T02:33:59.795+0000] {processor.py:183} INFO - Processing /opt/airflow/dags/appleolap.py took 0.440 seconds
[2025-06-15T02:39:54.469+0000] {processor.py:161} INFO - Started process (PID=3086) to work on /opt/airflow/dags/appleolap.py
[2025-06-15T02:39:54.478+0000] {processor.py:830} INFO - Processing file /opt/airflow/dags/appleolap.py for tasks to queue
[2025-06-15T02:39:54.504+0000] {logging_mixin.py:188} INFO - [2025-06-15T02:39:54.500+0000] {dagbag.py:540} INFO - Filling up the DagBag from /opt/airflow/dags/appleolap.py
[2025-06-15T02:39:55.333+0000] {processor.py:840} INFO - DAG(s) 'etl_apple_sales' retrieved from /opt/airflow/dags/appleolap.py
[2025-06-15T02:39:55.372+0000] {logging_mixin.py:188} INFO - [2025-06-15T02:39:55.365+0000] {dag.py:3096} INFO - Sync 1 DAGs
[2025-06-15T02:39:55.408+0000] {logging_mixin.py:188} INFO - [2025-06-15T02:39:55.408+0000] {dag.py:3954} INFO - Setting next_dagrun for etl_apple_sales to 2025-06-15 00:00:00+00:00, run_after=2025-06-16 00:00:00+00:00
[2025-06-15T02:39:55.457+0000] {processor.py:183} INFO - Processing /opt/airflow/dags/appleolap.py took 1.029 seconds
[2025-06-15T02:40:25.721+0000] {processor.py:161} INFO - Started process (PID=3151) to work on /opt/airflow/dags/appleolap.py
[2025-06-15T02:40:25.724+0000] {processor.py:830} INFO - Processing file /opt/airflow/dags/appleolap.py for tasks to queue
[2025-06-15T02:40:25.726+0000] {logging_mixin.py:188} INFO - [2025-06-15T02:40:25.725+0000] {dagbag.py:540} INFO - Filling up the DagBag from /opt/airflow/dags/appleolap.py
[2025-06-15T02:40:25.882+0000] {processor.py:840} INFO - DAG(s) 'etl_apple_sales' retrieved from /opt/airflow/dags/appleolap.py
[2025-06-15T02:40:25.898+0000] {logging_mixin.py:188} INFO - [2025-06-15T02:40:25.897+0000] {dag.py:3096} INFO - Sync 1 DAGs
[2025-06-15T02:40:25.911+0000] {logging_mixin.py:188} INFO - [2025-06-15T02:40:25.911+0000] {dag.py:3954} INFO - Setting next_dagrun for etl_apple_sales to 2025-06-15 00:00:00+00:00, run_after=2025-06-16 00:00:00+00:00
[2025-06-15T02:40:25.926+0000] {processor.py:183} INFO - Processing /opt/airflow/dags/appleolap.py took 0.214 seconds
[2025-06-15T02:55:54.128+0000] {processor.py:161} INFO - Started process (PID=3214) to work on /opt/airflow/dags/appleolap.py
[2025-06-15T02:55:54.128+0000] {processor.py:830} INFO - Processing file /opt/airflow/dags/appleolap.py for tasks to queue
[2025-06-15T02:55:54.133+0000] {logging_mixin.py:188} INFO - [2025-06-15T02:55:54.133+0000] {dagbag.py:540} INFO - Filling up the DagBag from /opt/airflow/dags/appleolap.py
[2025-06-15T02:55:54.615+0000] {processor.py:840} INFO - DAG(s) 'etl_apple_sales' retrieved from /opt/airflow/dags/appleolap.py
[2025-06-15T02:55:54.673+0000] {logging_mixin.py:188} INFO - [2025-06-15T02:55:54.671+0000] {dag.py:3096} INFO - Sync 1 DAGs
[2025-06-15T02:55:54.746+0000] {logging_mixin.py:188} INFO - [2025-06-15T02:55:54.746+0000] {dag.py:3954} INFO - Setting next_dagrun for etl_apple_sales to 2025-06-15 00:00:00+00:00, run_after=2025-06-16 00:00:00+00:00
[2025-06-15T02:55:54.798+0000] {processor.py:183} INFO - Processing /opt/airflow/dags/appleolap.py took 0.674 seconds
[2025-06-15T02:56:25.220+0000] {processor.py:161} INFO - Started process (PID=3279) to work on /opt/airflow/dags/appleolap.py
[2025-06-15T02:56:25.223+0000] {processor.py:830} INFO - Processing file /opt/airflow/dags/appleolap.py for tasks to queue
[2025-06-15T02:56:25.224+0000] {logging_mixin.py:188} INFO - [2025-06-15T02:56:25.224+0000] {dagbag.py:540} INFO - Filling up the DagBag from /opt/airflow/dags/appleolap.py
[2025-06-15T02:56:25.395+0000] {processor.py:840} INFO - DAG(s) 'etl_apple_sales' retrieved from /opt/airflow/dags/appleolap.py
[2025-06-15T02:56:25.407+0000] {logging_mixin.py:188} INFO - [2025-06-15T02:56:25.407+0000] {dag.py:3096} INFO - Sync 1 DAGs
[2025-06-15T02:56:25.434+0000] {logging_mixin.py:188} INFO - [2025-06-15T02:56:25.434+0000] {dag.py:3954} INFO - Setting next_dagrun for etl_apple_sales to 2025-06-15 00:00:00+00:00, run_after=2025-06-16 00:00:00+00:00
[2025-06-15T02:56:25.445+0000] {processor.py:183} INFO - Processing /opt/airflow/dags/appleolap.py took 0.230 seconds
[2025-06-15T03:08:05.992+0000] {processor.py:161} INFO - Started process (PID=3342) to work on /opt/airflow/dags/appleolap.py
[2025-06-15T03:08:05.993+0000] {processor.py:830} INFO - Processing file /opt/airflow/dags/appleolap.py for tasks to queue
[2025-06-15T03:08:05.995+0000] {logging_mixin.py:188} INFO - [2025-06-15T03:08:05.994+0000] {dagbag.py:540} INFO - Filling up the DagBag from /opt/airflow/dags/appleolap.py
[2025-06-15T03:08:06.247+0000] {processor.py:840} INFO - DAG(s) 'etl_apple_sales' retrieved from /opt/airflow/dags/appleolap.py
[2025-06-15T03:08:06.260+0000] {logging_mixin.py:188} INFO - [2025-06-15T03:08:06.259+0000] {dag.py:3096} INFO - Sync 1 DAGs
[2025-06-15T03:08:06.277+0000] {logging_mixin.py:188} INFO - [2025-06-15T03:08:06.277+0000] {dag.py:3954} INFO - Setting next_dagrun for etl_apple_sales to 2025-06-15 00:00:00+00:00, run_after=2025-06-16 00:00:00+00:00
[2025-06-15T03:08:06.288+0000] {processor.py:183} INFO - Processing /opt/airflow/dags/appleolap.py took 0.304 seconds
[2025-06-15T03:09:44.139+0000] {processor.py:161} INFO - Started process (PID=3406) to work on /opt/airflow/dags/appleolap.py
[2025-06-15T03:09:44.142+0000] {processor.py:830} INFO - Processing file /opt/airflow/dags/appleolap.py for tasks to queue
[2025-06-15T03:09:44.144+0000] {logging_mixin.py:188} INFO - [2025-06-15T03:09:44.144+0000] {dagbag.py:540} INFO - Filling up the DagBag from /opt/airflow/dags/appleolap.py
[2025-06-15T03:09:44.345+0000] {processor.py:840} INFO - DAG(s) 'etl_apple_sales' retrieved from /opt/airflow/dags/appleolap.py
[2025-06-15T03:09:44.353+0000] {logging_mixin.py:188} INFO - [2025-06-15T03:09:44.352+0000] {dag.py:3096} INFO - Sync 1 DAGs
[2025-06-15T03:09:44.366+0000] {logging_mixin.py:188} INFO - [2025-06-15T03:09:44.365+0000] {dag.py:3954} INFO - Setting next_dagrun for etl_apple_sales to 2025-06-15 00:00:00+00:00, run_after=2025-06-16 00:00:00+00:00
[2025-06-15T03:09:44.378+0000] {processor.py:183} INFO - Processing /opt/airflow/dags/appleolap.py took 0.250 seconds
[2025-06-15T03:13:21.237+0000] {processor.py:161} INFO - Started process (PID=3470) to work on /opt/airflow/dags/appleolap.py
[2025-06-15T03:13:21.247+0000] {processor.py:830} INFO - Processing file /opt/airflow/dags/appleolap.py for tasks to queue
[2025-06-15T03:13:21.265+0000] {logging_mixin.py:188} INFO - [2025-06-15T03:13:21.262+0000] {dagbag.py:540} INFO - Filling up the DagBag from /opt/airflow/dags/appleolap.py
[2025-06-15T03:13:22.169+0000] {processor.py:840} INFO - DAG(s) 'etl_apple_sales' retrieved from /opt/airflow/dags/appleolap.py
[2025-06-15T03:13:22.185+0000] {logging_mixin.py:188} INFO - [2025-06-15T03:13:22.184+0000] {dag.py:3096} INFO - Sync 1 DAGs
[2025-06-15T03:13:22.215+0000] {logging_mixin.py:188} INFO - [2025-06-15T03:13:22.215+0000] {dag.py:3954} INFO - Setting next_dagrun for etl_apple_sales to 2025-06-15 00:00:00+00:00, run_after=2025-06-16 00:00:00+00:00
[2025-06-15T03:13:22.231+0000] {processor.py:183} INFO - Processing /opt/airflow/dags/appleolap.py took 1.013 seconds
[2025-06-15T03:20:46.950+0000] {processor.py:161} INFO - Started process (PID=3534) to work on /opt/airflow/dags/appleolap.py
[2025-06-15T03:20:46.959+0000] {processor.py:830} INFO - Processing file /opt/airflow/dags/appleolap.py for tasks to queue
[2025-06-15T03:20:46.978+0000] {logging_mixin.py:188} INFO - [2025-06-15T03:20:46.974+0000] {dagbag.py:540} INFO - Filling up the DagBag from /opt/airflow/dags/appleolap.py
[2025-06-15T03:20:47.435+0000] {processor.py:840} INFO - DAG(s) 'etl_apple_sales' retrieved from /opt/airflow/dags/appleolap.py
[2025-06-15T03:20:47.445+0000] {logging_mixin.py:188} INFO - [2025-06-15T03:20:47.444+0000] {dag.py:3096} INFO - Sync 1 DAGs
[2025-06-15T03:20:47.464+0000] {logging_mixin.py:188} INFO - [2025-06-15T03:20:47.464+0000] {dag.py:3954} INFO - Setting next_dagrun for etl_apple_sales to 2025-06-15 00:00:00+00:00, run_after=2025-06-16 00:00:00+00:00
[2025-06-15T03:20:47.478+0000] {processor.py:183} INFO - Processing /opt/airflow/dags/appleolap.py took 0.597 seconds
[2025-06-15T03:24:15.890+0000] {processor.py:161} INFO - Started process (PID=3598) to work on /opt/airflow/dags/appleolap.py
[2025-06-15T03:24:15.891+0000] {processor.py:830} INFO - Processing file /opt/airflow/dags/appleolap.py for tasks to queue
[2025-06-15T03:24:15.893+0000] {logging_mixin.py:188} INFO - [2025-06-15T03:24:15.893+0000] {dagbag.py:540} INFO - Filling up the DagBag from /opt/airflow/dags/appleolap.py
[2025-06-15T03:24:16.146+0000] {processor.py:840} INFO - DAG(s) 'etl_apple_sales' retrieved from /opt/airflow/dags/appleolap.py
[2025-06-15T03:24:16.155+0000] {logging_mixin.py:188} INFO - [2025-06-15T03:24:16.154+0000] {dag.py:3096} INFO - Sync 1 DAGs
[2025-06-15T03:24:16.167+0000] {logging_mixin.py:188} INFO - [2025-06-15T03:24:16.167+0000] {dag.py:3954} INFO - Setting next_dagrun for etl_apple_sales to 2025-06-15 00:00:00+00:00, run_after=2025-06-16 00:00:00+00:00
[2025-06-15T03:24:16.187+0000] {processor.py:183} INFO - Processing /opt/airflow/dags/appleolap.py took 0.303 seconds
[2025-06-15T03:26:41.128+0000] {processor.py:161} INFO - Started process (PID=3662) to work on /opt/airflow/dags/appleolap.py
[2025-06-15T03:26:41.131+0000] {processor.py:830} INFO - Processing file /opt/airflow/dags/appleolap.py for tasks to queue
[2025-06-15T03:26:41.132+0000] {logging_mixin.py:188} INFO - [2025-06-15T03:26:41.132+0000] {dagbag.py:540} INFO - Filling up the DagBag from /opt/airflow/dags/appleolap.py
[2025-06-15T03:26:41.322+0000] {processor.py:840} INFO - DAG(s) 'etl_apple_sales' retrieved from /opt/airflow/dags/appleolap.py
[2025-06-15T03:26:41.339+0000] {logging_mixin.py:188} INFO - [2025-06-15T03:26:41.339+0000] {dag.py:3096} INFO - Sync 1 DAGs
[2025-06-15T03:26:41.354+0000] {logging_mixin.py:188} INFO - [2025-06-15T03:26:41.354+0000] {dag.py:3954} INFO - Setting next_dagrun for etl_apple_sales to 2025-06-15 00:00:00+00:00, run_after=2025-06-16 00:00:00+00:00
[2025-06-15T03:26:41.368+0000] {processor.py:183} INFO - Processing /opt/airflow/dags/appleolap.py took 0.244 seconds
[2025-06-15T03:28:43.770+0000] {processor.py:161} INFO - Started process (PID=3726) to work on /opt/airflow/dags/appleolap.py
[2025-06-15T03:28:43.773+0000] {processor.py:830} INFO - Processing file /opt/airflow/dags/appleolap.py for tasks to queue
[2025-06-15T03:28:43.777+0000] {logging_mixin.py:188} INFO - [2025-06-15T03:28:43.777+0000] {dagbag.py:540} INFO - Filling up the DagBag from /opt/airflow/dags/appleolap.py
[2025-06-15T03:28:43.938+0000] {processor.py:840} INFO - DAG(s) 'etl_apple_sales' retrieved from /opt/airflow/dags/appleolap.py
[2025-06-15T03:28:43.951+0000] {logging_mixin.py:188} INFO - [2025-06-15T03:28:43.950+0000] {dag.py:3096} INFO - Sync 1 DAGs
[2025-06-15T03:28:43.978+0000] {logging_mixin.py:188} INFO - [2025-06-15T03:28:43.978+0000] {dag.py:3954} INFO - Setting next_dagrun for etl_apple_sales to 2025-06-15 00:00:00+00:00, run_after=2025-06-16 00:00:00+00:00
[2025-06-15T03:28:43.996+0000] {processor.py:183} INFO - Processing /opt/airflow/dags/appleolap.py took 0.230 seconds
[2025-06-15T03:34:21.988+0000] {processor.py:161} INFO - Started process (PID=3790) to work on /opt/airflow/dags/appleolap.py
[2025-06-15T03:34:21.989+0000] {processor.py:830} INFO - Processing file /opt/airflow/dags/appleolap.py for tasks to queue
[2025-06-15T03:34:21.991+0000] {logging_mixin.py:188} INFO - [2025-06-15T03:34:21.991+0000] {dagbag.py:540} INFO - Filling up the DagBag from /opt/airflow/dags/appleolap.py
[2025-06-15T03:34:22.194+0000] {processor.py:840} INFO - DAG(s) 'etl_apple_sales' retrieved from /opt/airflow/dags/appleolap.py
[2025-06-15T03:34:22.202+0000] {logging_mixin.py:188} INFO - [2025-06-15T03:34:22.202+0000] {dag.py:3096} INFO - Sync 1 DAGs
[2025-06-15T03:34:22.217+0000] {logging_mixin.py:188} INFO - [2025-06-15T03:34:22.217+0000] {dag.py:3954} INFO - Setting next_dagrun for etl_apple_sales to 2025-06-15 00:00:00+00:00, run_after=2025-06-16 00:00:00+00:00
[2025-06-15T03:34:22.233+0000] {processor.py:183} INFO - Processing /opt/airflow/dags/appleolap.py took 0.251 seconds
[2025-06-15T03:34:52.470+0000] {processor.py:161} INFO - Started process (PID=3854) to work on /opt/airflow/dags/appleolap.py
[2025-06-15T03:34:52.475+0000] {processor.py:830} INFO - Processing file /opt/airflow/dags/appleolap.py for tasks to queue
[2025-06-15T03:34:52.479+0000] {logging_mixin.py:188} INFO - [2025-06-15T03:34:52.479+0000] {dagbag.py:540} INFO - Filling up the DagBag from /opt/airflow/dags/appleolap.py
[2025-06-15T03:34:52.735+0000] {processor.py:840} INFO - DAG(s) 'etl_apple_sales' retrieved from /opt/airflow/dags/appleolap.py
[2025-06-15T03:34:52.746+0000] {logging_mixin.py:188} INFO - [2025-06-15T03:34:52.746+0000] {dag.py:3096} INFO - Sync 1 DAGs
[2025-06-15T03:34:52.768+0000] {logging_mixin.py:188} INFO - [2025-06-15T03:34:52.767+0000] {dag.py:3954} INFO - Setting next_dagrun for etl_apple_sales to 2025-06-15 00:00:00+00:00, run_after=2025-06-16 00:00:00+00:00
[2025-06-15T03:34:52.801+0000] {processor.py:183} INFO - Processing /opt/airflow/dags/appleolap.py took 0.337 seconds
[2025-06-15T03:40:25.669+0000] {processor.py:161} INFO - Started process (PID=3918) to work on /opt/airflow/dags/appleolap.py
[2025-06-15T03:40:25.670+0000] {processor.py:830} INFO - Processing file /opt/airflow/dags/appleolap.py for tasks to queue
[2025-06-15T03:40:25.671+0000] {logging_mixin.py:188} INFO - [2025-06-15T03:40:25.671+0000] {dagbag.py:540} INFO - Filling up the DagBag from /opt/airflow/dags/appleolap.py
[2025-06-15T03:40:26.145+0000] {processor.py:840} INFO - DAG(s) 'etl_apple_sales' retrieved from /opt/airflow/dags/appleolap.py
[2025-06-15T03:40:26.211+0000] {logging_mixin.py:188} INFO - [2025-06-15T03:40:26.205+0000] {dag.py:3096} INFO - Sync 1 DAGs
[2025-06-15T03:40:26.321+0000] {logging_mixin.py:188} INFO - [2025-06-15T03:40:26.321+0000] {dag.py:3954} INFO - Setting next_dagrun for etl_apple_sales to 2025-06-15 00:00:00+00:00, run_after=2025-06-16 00:00:00+00:00
[2025-06-15T03:40:26.349+0000] {processor.py:183} INFO - Processing /opt/airflow/dags/appleolap.py took 0.685 seconds
[2025-06-15T03:40:56.871+0000] {processor.py:161} INFO - Started process (PID=3982) to work on /opt/airflow/dags/appleolap.py
[2025-06-15T03:40:56.873+0000] {processor.py:830} INFO - Processing file /opt/airflow/dags/appleolap.py for tasks to queue
[2025-06-15T03:40:56.875+0000] {logging_mixin.py:188} INFO - [2025-06-15T03:40:56.875+0000] {dagbag.py:540} INFO - Filling up the DagBag from /opt/airflow/dags/appleolap.py
[2025-06-15T03:40:57.030+0000] {processor.py:840} INFO - DAG(s) 'etl_apple_sales' retrieved from /opt/airflow/dags/appleolap.py
[2025-06-15T03:40:57.041+0000] {logging_mixin.py:188} INFO - [2025-06-15T03:40:57.041+0000] {dag.py:3096} INFO - Sync 1 DAGs
[2025-06-15T03:40:57.052+0000] {logging_mixin.py:188} INFO - [2025-06-15T03:40:57.052+0000] {dag.py:3954} INFO - Setting next_dagrun for etl_apple_sales to 2025-06-15 00:00:00+00:00, run_after=2025-06-16 00:00:00+00:00
[2025-06-15T03:40:57.064+0000] {processor.py:183} INFO - Processing /opt/airflow/dags/appleolap.py took 0.198 seconds
[2025-06-15T03:46:31.677+0000] {processor.py:161} INFO - Started process (PID=4046) to work on /opt/airflow/dags/appleolap.py
[2025-06-15T03:46:31.680+0000] {processor.py:830} INFO - Processing file /opt/airflow/dags/appleolap.py for tasks to queue
[2025-06-15T03:46:31.681+0000] {logging_mixin.py:188} INFO - [2025-06-15T03:46:31.681+0000] {dagbag.py:540} INFO - Filling up the DagBag from /opt/airflow/dags/appleolap.py
[2025-06-15T03:46:32.165+0000] {processor.py:840} INFO - DAG(s) 'etl_apple_sales' retrieved from /opt/airflow/dags/appleolap.py
[2025-06-15T03:46:32.264+0000] {logging_mixin.py:188} INFO - [2025-06-15T03:46:32.254+0000] {dag.py:3096} INFO - Sync 1 DAGs
[2025-06-15T03:46:32.339+0000] {logging_mixin.py:188} INFO - [2025-06-15T03:46:32.338+0000] {dag.py:3954} INFO - Setting next_dagrun for etl_apple_sales to 2025-06-15 00:00:00+00:00, run_after=2025-06-16 00:00:00+00:00
[2025-06-15T03:46:32.411+0000] {processor.py:183} INFO - Processing /opt/airflow/dags/appleolap.py took 0.740 seconds
[2025-06-15T03:48:41.054+0000] {processor.py:161} INFO - Started process (PID=4110) to work on /opt/airflow/dags/appleolap.py
[2025-06-15T03:48:41.056+0000] {processor.py:830} INFO - Processing file /opt/airflow/dags/appleolap.py for tasks to queue
[2025-06-15T03:48:41.058+0000] {logging_mixin.py:188} INFO - [2025-06-15T03:48:41.058+0000] {dagbag.py:540} INFO - Filling up the DagBag from /opt/airflow/dags/appleolap.py
[2025-06-15T03:48:41.226+0000] {processor.py:840} INFO - DAG(s) 'etl_apple_sales' retrieved from /opt/airflow/dags/appleolap.py
[2025-06-15T03:48:41.239+0000] {logging_mixin.py:188} INFO - [2025-06-15T03:48:41.239+0000] {dag.py:3096} INFO - Sync 1 DAGs
[2025-06-15T03:48:41.253+0000] {logging_mixin.py:188} INFO - [2025-06-15T03:48:41.253+0000] {dag.py:3954} INFO - Setting next_dagrun for etl_apple_sales to 2025-06-15 00:00:00+00:00, run_after=2025-06-16 00:00:00+00:00
[2025-06-15T03:48:41.261+0000] {processor.py:183} INFO - Processing /opt/airflow/dags/appleolap.py took 0.216 seconds
[2025-06-15T03:51:14.187+0000] {processor.py:161} INFO - Started process (PID=4174) to work on /opt/airflow/dags/appleolap.py
[2025-06-15T03:51:14.189+0000] {processor.py:830} INFO - Processing file /opt/airflow/dags/appleolap.py for tasks to queue
[2025-06-15T03:51:14.200+0000] {logging_mixin.py:188} INFO - [2025-06-15T03:51:14.197+0000] {dagbag.py:540} INFO - Filling up the DagBag from /opt/airflow/dags/appleolap.py
[2025-06-15T03:51:14.453+0000] {processor.py:840} INFO - DAG(s) 'etl_apple_sales' retrieved from /opt/airflow/dags/appleolap.py
[2025-06-15T03:51:14.461+0000] {logging_mixin.py:188} INFO - [2025-06-15T03:51:14.461+0000] {dag.py:3096} INFO - Sync 1 DAGs
[2025-06-15T03:51:14.477+0000] {logging_mixin.py:188} INFO - [2025-06-15T03:51:14.477+0000] {dag.py:3954} INFO - Setting next_dagrun for etl_apple_sales to 2025-06-15 00:00:00+00:00, run_after=2025-06-16 00:00:00+00:00
[2025-06-15T03:51:14.506+0000] {processor.py:183} INFO - Processing /opt/airflow/dags/appleolap.py took 0.327 seconds
[2025-06-15T03:52:18.454+0000] {processor.py:161} INFO - Started process (PID=4238) to work on /opt/airflow/dags/appleolap.py
[2025-06-15T03:52:18.456+0000] {processor.py:830} INFO - Processing file /opt/airflow/dags/appleolap.py for tasks to queue
[2025-06-15T03:52:18.458+0000] {logging_mixin.py:188} INFO - [2025-06-15T03:52:18.458+0000] {dagbag.py:540} INFO - Filling up the DagBag from /opt/airflow/dags/appleolap.py
[2025-06-15T03:52:18.631+0000] {processor.py:840} INFO - DAG(s) 'etl_apple_sales' retrieved from /opt/airflow/dags/appleolap.py
[2025-06-15T03:52:18.642+0000] {logging_mixin.py:188} INFO - [2025-06-15T03:52:18.641+0000] {dag.py:3096} INFO - Sync 1 DAGs
[2025-06-15T03:52:18.656+0000] {logging_mixin.py:188} INFO - [2025-06-15T03:52:18.656+0000] {dag.py:3954} INFO - Setting next_dagrun for etl_apple_sales to 2025-06-15 00:00:00+00:00, run_after=2025-06-16 00:00:00+00:00
[2025-06-15T03:52:18.667+0000] {processor.py:183} INFO - Processing /opt/airflow/dags/appleolap.py took 0.227 seconds
[2025-06-15T03:54:08.593+0000] {processor.py:161} INFO - Started process (PID=4302) to work on /opt/airflow/dags/appleolap.py
[2025-06-15T03:54:08.594+0000] {processor.py:830} INFO - Processing file /opt/airflow/dags/appleolap.py for tasks to queue
[2025-06-15T03:54:08.596+0000] {logging_mixin.py:188} INFO - [2025-06-15T03:54:08.596+0000] {dagbag.py:540} INFO - Filling up the DagBag from /opt/airflow/dags/appleolap.py
[2025-06-15T03:54:08.795+0000] {processor.py:840} INFO - DAG(s) 'etl_apple_sales' retrieved from /opt/airflow/dags/appleolap.py
[2025-06-15T03:54:08.804+0000] {logging_mixin.py:188} INFO - [2025-06-15T03:54:08.803+0000] {dag.py:3096} INFO - Sync 1 DAGs
[2025-06-15T03:54:08.819+0000] {logging_mixin.py:188} INFO - [2025-06-15T03:54:08.819+0000] {dag.py:3954} INFO - Setting next_dagrun for etl_apple_sales to 2025-06-15 00:00:00+00:00, run_after=2025-06-16 00:00:00+00:00
[2025-06-15T03:54:08.829+0000] {processor.py:183} INFO - Processing /opt/airflow/dags/appleolap.py took 0.241 seconds
[2025-06-15T03:54:39.431+0000] {processor.py:161} INFO - Started process (PID=4366) to work on /opt/airflow/dags/appleolap.py
[2025-06-15T03:54:39.432+0000] {processor.py:830} INFO - Processing file /opt/airflow/dags/appleolap.py for tasks to queue
[2025-06-15T03:54:39.433+0000] {logging_mixin.py:188} INFO - [2025-06-15T03:54:39.433+0000] {dagbag.py:540} INFO - Filling up the DagBag from /opt/airflow/dags/appleolap.py
[2025-06-15T03:54:39.593+0000] {processor.py:840} INFO - DAG(s) 'etl_apple_sales' retrieved from /opt/airflow/dags/appleolap.py
[2025-06-15T03:54:39.600+0000] {logging_mixin.py:188} INFO - [2025-06-15T03:54:39.600+0000] {dag.py:3096} INFO - Sync 1 DAGs
[2025-06-15T03:54:39.612+0000] {logging_mixin.py:188} INFO - [2025-06-15T03:54:39.612+0000] {dag.py:3954} INFO - Setting next_dagrun for etl_apple_sales to 2025-06-15 00:00:00+00:00, run_after=2025-06-16 00:00:00+00:00
[2025-06-15T03:54:39.623+0000] {processor.py:183} INFO - Processing /opt/airflow/dags/appleolap.py took 0.197 seconds
[2025-06-15T04:01:40.966+0000] {processor.py:161} INFO - Started process (PID=4430) to work on /opt/airflow/dags/appleolap.py
[2025-06-15T04:01:40.967+0000] {processor.py:830} INFO - Processing file /opt/airflow/dags/appleolap.py for tasks to queue
[2025-06-15T04:01:40.970+0000] {logging_mixin.py:188} INFO - [2025-06-15T04:01:40.970+0000] {dagbag.py:540} INFO - Filling up the DagBag from /opt/airflow/dags/appleolap.py
[2025-06-15T04:01:41.246+0000] {processor.py:840} INFO - DAG(s) 'etl_apple_sales' retrieved from /opt/airflow/dags/appleolap.py
[2025-06-15T04:01:41.256+0000] {logging_mixin.py:188} INFO - [2025-06-15T04:01:41.255+0000] {dag.py:3096} INFO - Sync 1 DAGs
[2025-06-15T04:01:41.268+0000] {logging_mixin.py:188} INFO - [2025-06-15T04:01:41.268+0000] {dag.py:3954} INFO - Setting next_dagrun for etl_apple_sales to 2025-06-15 00:00:00+00:00, run_after=2025-06-16 00:00:00+00:00
[2025-06-15T04:01:41.279+0000] {processor.py:183} INFO - Processing /opt/airflow/dags/appleolap.py took 0.322 seconds
[2025-06-15T04:02:11.949+0000] {processor.py:161} INFO - Started process (PID=4494) to work on /opt/airflow/dags/appleolap.py
[2025-06-15T04:02:11.950+0000] {processor.py:830} INFO - Processing file /opt/airflow/dags/appleolap.py for tasks to queue
[2025-06-15T04:02:11.951+0000] {logging_mixin.py:188} INFO - [2025-06-15T04:02:11.951+0000] {dagbag.py:540} INFO - Filling up the DagBag from /opt/airflow/dags/appleolap.py
[2025-06-15T04:02:12.131+0000] {processor.py:840} INFO - DAG(s) 'etl_apple_sales' retrieved from /opt/airflow/dags/appleolap.py
[2025-06-15T04:02:12.141+0000] {logging_mixin.py:188} INFO - [2025-06-15T04:02:12.141+0000] {dag.py:3096} INFO - Sync 1 DAGs
[2025-06-15T04:02:12.154+0000] {logging_mixin.py:188} INFO - [2025-06-15T04:02:12.154+0000] {dag.py:3954} INFO - Setting next_dagrun for etl_apple_sales to 2025-06-15 00:00:00+00:00, run_after=2025-06-16 00:00:00+00:00
[2025-06-15T04:02:12.169+0000] {processor.py:183} INFO - Processing /opt/airflow/dags/appleolap.py took 0.225 seconds
[2025-06-15T04:08:32.653+0000] {processor.py:161} INFO - Started process (PID=4559) to work on /opt/airflow/dags/appleolap.py
[2025-06-15T04:08:32.655+0000] {processor.py:830} INFO - Processing file /opt/airflow/dags/appleolap.py for tasks to queue
[2025-06-15T04:08:32.660+0000] {logging_mixin.py:188} INFO - [2025-06-15T04:08:32.659+0000] {dagbag.py:540} INFO - Filling up the DagBag from /opt/airflow/dags/appleolap.py
[2025-06-15T04:08:32.882+0000] {processor.py:840} INFO - DAG(s) 'etl_apple_sales' retrieved from /opt/airflow/dags/appleolap.py
[2025-06-15T04:08:32.890+0000] {logging_mixin.py:188} INFO - [2025-06-15T04:08:32.890+0000] {dag.py:3096} INFO - Sync 1 DAGs
[2025-06-15T04:08:32.902+0000] {logging_mixin.py:188} INFO - [2025-06-15T04:08:32.902+0000] {dag.py:3954} INFO - Setting next_dagrun for etl_apple_sales to 2025-06-15 00:00:00+00:00, run_after=2025-06-16 00:00:00+00:00
[2025-06-15T04:08:32.914+0000] {processor.py:183} INFO - Processing /opt/airflow/dags/appleolap.py took 0.268 seconds
[2025-06-15T04:09:03.654+0000] {processor.py:161} INFO - Started process (PID=4623) to work on /opt/airflow/dags/appleolap.py
[2025-06-15T04:09:03.656+0000] {processor.py:830} INFO - Processing file /opt/airflow/dags/appleolap.py for tasks to queue
[2025-06-15T04:09:03.657+0000] {logging_mixin.py:188} INFO - [2025-06-15T04:09:03.657+0000] {dagbag.py:540} INFO - Filling up the DagBag from /opt/airflow/dags/appleolap.py
[2025-06-15T04:09:03.815+0000] {processor.py:840} INFO - DAG(s) 'etl_apple_sales' retrieved from /opt/airflow/dags/appleolap.py
[2025-06-15T04:09:03.822+0000] {logging_mixin.py:188} INFO - [2025-06-15T04:09:03.821+0000] {dag.py:3096} INFO - Sync 1 DAGs
[2025-06-15T04:09:03.835+0000] {logging_mixin.py:188} INFO - [2025-06-15T04:09:03.835+0000] {dag.py:3954} INFO - Setting next_dagrun for etl_apple_sales to 2025-06-15 00:00:00+00:00, run_after=2025-06-16 00:00:00+00:00
[2025-06-15T04:09:03.846+0000] {processor.py:183} INFO - Processing /opt/airflow/dags/appleolap.py took 0.196 seconds
[2025-06-15T04:15:19.591+0000] {processor.py:161} INFO - Started process (PID=4687) to work on /opt/airflow/dags/appleolap.py
[2025-06-15T04:15:19.598+0000] {processor.py:830} INFO - Processing file /opt/airflow/dags/appleolap.py for tasks to queue
[2025-06-15T04:15:19.604+0000] {logging_mixin.py:188} INFO - [2025-06-15T04:15:19.604+0000] {dagbag.py:540} INFO - Filling up the DagBag from /opt/airflow/dags/appleolap.py
[2025-06-15T04:15:19.820+0000] {processor.py:840} INFO - DAG(s) 'etl_apple_sales' retrieved from /opt/airflow/dags/appleolap.py
[2025-06-15T04:15:19.828+0000] {logging_mixin.py:188} INFO - [2025-06-15T04:15:19.828+0000] {dag.py:3096} INFO - Sync 1 DAGs
[2025-06-15T04:15:19.842+0000] {logging_mixin.py:188} INFO - [2025-06-15T04:15:19.842+0000] {dag.py:3954} INFO - Setting next_dagrun for etl_apple_sales to 2025-06-15 00:00:00+00:00, run_after=2025-06-16 00:00:00+00:00
[2025-06-15T04:15:19.851+0000] {processor.py:183} INFO - Processing /opt/airflow/dags/appleolap.py took 0.284 seconds
[2025-06-15T04:15:51.120+0000] {processor.py:161} INFO - Started process (PID=4751) to work on /opt/airflow/dags/appleolap.py
[2025-06-15T04:15:51.124+0000] {processor.py:830} INFO - Processing file /opt/airflow/dags/appleolap.py for tasks to queue
[2025-06-15T04:15:51.127+0000] {logging_mixin.py:188} INFO - [2025-06-15T04:15:51.127+0000] {dagbag.py:540} INFO - Filling up the DagBag from /opt/airflow/dags/appleolap.py
[2025-06-15T04:15:51.366+0000] {processor.py:840} INFO - DAG(s) 'etl_apple_sales' retrieved from /opt/airflow/dags/appleolap.py
[2025-06-15T04:15:51.386+0000] {logging_mixin.py:188} INFO - [2025-06-15T04:15:51.385+0000] {dag.py:3096} INFO - Sync 1 DAGs
[2025-06-15T04:15:51.408+0000] {logging_mixin.py:188} INFO - [2025-06-15T04:15:51.408+0000] {dag.py:3954} INFO - Setting next_dagrun for etl_apple_sales to 2025-06-15 00:00:00+00:00, run_after=2025-06-16 00:00:00+00:00
[2025-06-15T04:15:51.424+0000] {processor.py:183} INFO - Processing /opt/airflow/dags/appleolap.py took 0.311 seconds
[2025-06-15T04:18:06.628+0000] {processor.py:161} INFO - Started process (PID=4815) to work on /opt/airflow/dags/appleolap.py
[2025-06-15T04:18:06.631+0000] {processor.py:830} INFO - Processing file /opt/airflow/dags/appleolap.py for tasks to queue
[2025-06-15T04:18:06.632+0000] {logging_mixin.py:188} INFO - [2025-06-15T04:18:06.632+0000] {dagbag.py:540} INFO - Filling up the DagBag from /opt/airflow/dags/appleolap.py
[2025-06-15T04:18:06.808+0000] {processor.py:840} INFO - DAG(s) 'etl_apple_sales' retrieved from /opt/airflow/dags/appleolap.py
[2025-06-15T04:18:06.815+0000] {logging_mixin.py:188} INFO - [2025-06-15T04:18:06.815+0000] {dag.py:3096} INFO - Sync 1 DAGs
[2025-06-15T04:18:06.829+0000] {logging_mixin.py:188} INFO - [2025-06-15T04:18:06.829+0000] {dag.py:3954} INFO - Setting next_dagrun for etl_apple_sales to 2025-06-15 00:00:00+00:00, run_after=2025-06-16 00:00:00+00:00
[2025-06-15T04:18:06.843+0000] {processor.py:183} INFO - Processing /opt/airflow/dags/appleolap.py took 0.220 seconds
[2025-06-15T04:18:37.463+0000] {processor.py:161} INFO - Started process (PID=4879) to work on /opt/airflow/dags/appleolap.py
[2025-06-15T04:18:37.464+0000] {processor.py:830} INFO - Processing file /opt/airflow/dags/appleolap.py for tasks to queue
[2025-06-15T04:18:37.467+0000] {logging_mixin.py:188} INFO - [2025-06-15T04:18:37.466+0000] {dagbag.py:540} INFO - Filling up the DagBag from /opt/airflow/dags/appleolap.py
[2025-06-15T04:18:37.802+0000] {processor.py:840} INFO - DAG(s) 'etl_apple_sales' retrieved from /opt/airflow/dags/appleolap.py
[2025-06-15T04:18:37.816+0000] {logging_mixin.py:188} INFO - [2025-06-15T04:18:37.815+0000] {dag.py:3096} INFO - Sync 1 DAGs
[2025-06-15T04:18:37.836+0000] {logging_mixin.py:188} INFO - [2025-06-15T04:18:37.835+0000] {dag.py:3954} INFO - Setting next_dagrun for etl_apple_sales to 2025-06-15 00:00:00+00:00, run_after=2025-06-16 00:00:00+00:00
[2025-06-15T04:18:37.858+0000] {processor.py:183} INFO - Processing /opt/airflow/dags/appleolap.py took 0.400 seconds
[2025-06-15T04:19:08.537+0000] {processor.py:161} INFO - Started process (PID=4943) to work on /opt/airflow/dags/appleolap.py
[2025-06-15T04:19:08.538+0000] {processor.py:830} INFO - Processing file /opt/airflow/dags/appleolap.py for tasks to queue
[2025-06-15T04:19:08.540+0000] {logging_mixin.py:188} INFO - [2025-06-15T04:19:08.540+0000] {dagbag.py:540} INFO - Filling up the DagBag from /opt/airflow/dags/appleolap.py
[2025-06-15T04:19:08.739+0000] {processor.py:840} INFO - DAG(s) 'etl_apple_sales' retrieved from /opt/airflow/dags/appleolap.py
[2025-06-15T04:19:08.881+0000] {logging_mixin.py:188} INFO - [2025-06-15T04:19:08.880+0000] {dag.py:3096} INFO - Sync 1 DAGs
[2025-06-15T04:19:09.367+0000] {logging_mixin.py:188} INFO - [2025-06-15T04:19:09.367+0000] {dag.py:3954} INFO - Setting next_dagrun for etl_apple_sales to 2025-06-15 00:00:00+00:00, run_after=2025-06-16 00:00:00+00:00
[2025-06-15T04:19:09.386+0000] {processor.py:183} INFO - Processing /opt/airflow/dags/appleolap.py took 0.858 seconds
[2025-06-15T04:21:18.253+0000] {processor.py:161} INFO - Started process (PID=5007) to work on /opt/airflow/dags/appleolap.py
[2025-06-15T04:21:18.258+0000] {processor.py:830} INFO - Processing file /opt/airflow/dags/appleolap.py for tasks to queue
[2025-06-15T04:21:18.260+0000] {logging_mixin.py:188} INFO - [2025-06-15T04:21:18.260+0000] {dagbag.py:540} INFO - Filling up the DagBag from /opt/airflow/dags/appleolap.py
[2025-06-15T04:21:18.514+0000] {processor.py:840} INFO - DAG(s) 'etl_apple_sales' retrieved from /opt/airflow/dags/appleolap.py
[2025-06-15T04:21:18.530+0000] {logging_mixin.py:188} INFO - [2025-06-15T04:21:18.530+0000] {dag.py:3096} INFO - Sync 1 DAGs
[2025-06-15T04:21:18.550+0000] {logging_mixin.py:188} INFO - [2025-06-15T04:21:18.550+0000] {dag.py:3954} INFO - Setting next_dagrun for etl_apple_sales to 2025-06-15 00:00:00+00:00, run_after=2025-06-16 00:00:00+00:00
[2025-06-15T04:21:18.572+0000] {processor.py:183} INFO - Processing /opt/airflow/dags/appleolap.py took 0.327 seconds
[2025-06-15T04:21:49.430+0000] {processor.py:161} INFO - Started process (PID=5071) to work on /opt/airflow/dags/appleolap.py
[2025-06-15T04:21:49.430+0000] {processor.py:830} INFO - Processing file /opt/airflow/dags/appleolap.py for tasks to queue
[2025-06-15T04:21:49.433+0000] {logging_mixin.py:188} INFO - [2025-06-15T04:21:49.432+0000] {dagbag.py:540} INFO - Filling up the DagBag from /opt/airflow/dags/appleolap.py
[2025-06-15T04:21:49.770+0000] {processor.py:840} INFO - DAG(s) 'etl_apple_sales' retrieved from /opt/airflow/dags/appleolap.py
[2025-06-15T04:21:49.786+0000] {logging_mixin.py:188} INFO - [2025-06-15T04:21:49.786+0000] {dag.py:3096} INFO - Sync 1 DAGs
[2025-06-15T04:21:49.815+0000] {logging_mixin.py:188} INFO - [2025-06-15T04:21:49.815+0000] {dag.py:3954} INFO - Setting next_dagrun for etl_apple_sales to 2025-06-15 00:00:00+00:00, run_after=2025-06-16 00:00:00+00:00
[2025-06-15T04:21:49.831+0000] {processor.py:183} INFO - Processing /opt/airflow/dags/appleolap.py took 0.406 seconds
[2025-06-15T04:25:29.831+0000] {processor.py:161} INFO - Started process (PID=5135) to work on /opt/airflow/dags/appleolap.py
[2025-06-15T04:25:29.834+0000] {processor.py:830} INFO - Processing file /opt/airflow/dags/appleolap.py for tasks to queue
[2025-06-15T04:25:29.842+0000] {logging_mixin.py:188} INFO - [2025-06-15T04:25:29.841+0000] {dagbag.py:540} INFO - Filling up the DagBag from /opt/airflow/dags/appleolap.py
[2025-06-15T04:25:30.163+0000] {processor.py:840} INFO - DAG(s) 'etl_apple_sales' retrieved from /opt/airflow/dags/appleolap.py
[2025-06-15T04:25:30.176+0000] {logging_mixin.py:188} INFO - [2025-06-15T04:25:30.175+0000] {dag.py:3096} INFO - Sync 1 DAGs
[2025-06-15T04:25:30.190+0000] {logging_mixin.py:188} INFO - [2025-06-15T04:25:30.189+0000] {dag.py:3954} INFO - Setting next_dagrun for etl_apple_sales to 2025-06-15 00:00:00+00:00, run_after=2025-06-16 00:00:00+00:00
[2025-06-15T04:25:30.207+0000] {processor.py:183} INFO - Processing /opt/airflow/dags/appleolap.py took 0.386 seconds
[2025-06-15T04:27:37.624+0000] {processor.py:161} INFO - Started process (PID=5199) to work on /opt/airflow/dags/appleolap.py
[2025-06-15T04:27:37.626+0000] {processor.py:830} INFO - Processing file /opt/airflow/dags/appleolap.py for tasks to queue
[2025-06-15T04:27:37.628+0000] {logging_mixin.py:188} INFO - [2025-06-15T04:27:37.628+0000] {dagbag.py:540} INFO - Filling up the DagBag from /opt/airflow/dags/appleolap.py
[2025-06-15T04:27:37.850+0000] {processor.py:840} INFO - DAG(s) 'etl_apple_sales' retrieved from /opt/airflow/dags/appleolap.py
[2025-06-15T04:27:37.869+0000] {logging_mixin.py:188} INFO - [2025-06-15T04:27:37.869+0000] {dag.py:3096} INFO - Sync 1 DAGs
[2025-06-15T04:27:37.885+0000] {logging_mixin.py:188} INFO - [2025-06-15T04:27:37.885+0000] {dag.py:3954} INFO - Setting next_dagrun for etl_apple_sales to 2025-06-15 00:00:00+00:00, run_after=2025-06-16 00:00:00+00:00
[2025-06-15T04:27:37.903+0000] {processor.py:183} INFO - Processing /opt/airflow/dags/appleolap.py took 0.284 seconds
[2025-06-15T04:32:12.412+0000] {processor.py:161} INFO - Started process (PID=5263) to work on /opt/airflow/dags/appleolap.py
[2025-06-15T04:32:12.415+0000] {processor.py:830} INFO - Processing file /opt/airflow/dags/appleolap.py for tasks to queue
[2025-06-15T04:32:12.419+0000] {logging_mixin.py:188} INFO - [2025-06-15T04:32:12.419+0000] {dagbag.py:540} INFO - Filling up the DagBag from /opt/airflow/dags/appleolap.py
[2025-06-15T04:32:12.804+0000] {processor.py:840} INFO - DAG(s) 'etl_apple_sales' retrieved from /opt/airflow/dags/appleolap.py
[2025-06-15T04:32:12.819+0000] {logging_mixin.py:188} INFO - [2025-06-15T04:32:12.818+0000] {dag.py:3096} INFO - Sync 1 DAGs
[2025-06-15T04:32:12.833+0000] {logging_mixin.py:188} INFO - [2025-06-15T04:32:12.833+0000] {dag.py:3954} INFO - Setting next_dagrun for etl_apple_sales to 2025-06-15 00:00:00+00:00, run_after=2025-06-16 00:00:00+00:00
[2025-06-15T04:32:12.847+0000] {processor.py:183} INFO - Processing /opt/airflow/dags/appleolap.py took 0.447 seconds
[2025-06-15T04:34:19.437+0000] {processor.py:161} INFO - Started process (PID=5327) to work on /opt/airflow/dags/appleolap.py
[2025-06-15T04:34:19.438+0000] {processor.py:830} INFO - Processing file /opt/airflow/dags/appleolap.py for tasks to queue
[2025-06-15T04:34:19.442+0000] {logging_mixin.py:188} INFO - [2025-06-15T04:34:19.442+0000] {dagbag.py:540} INFO - Filling up the DagBag from /opt/airflow/dags/appleolap.py
[2025-06-15T04:34:19.684+0000] {processor.py:840} INFO - DAG(s) 'etl_apple_sales' retrieved from /opt/airflow/dags/appleolap.py
[2025-06-15T04:34:19.696+0000] {logging_mixin.py:188} INFO - [2025-06-15T04:34:19.695+0000] {dag.py:3096} INFO - Sync 1 DAGs
[2025-06-15T04:34:19.710+0000] {logging_mixin.py:188} INFO - [2025-06-15T04:34:19.710+0000] {dag.py:3954} INFO - Setting next_dagrun for etl_apple_sales to 2025-06-15 00:00:00+00:00, run_after=2025-06-16 00:00:00+00:00
[2025-06-15T04:34:19.726+0000] {processor.py:183} INFO - Processing /opt/airflow/dags/appleolap.py took 0.297 seconds
[2025-06-15T04:49:49.043+0000] {processor.py:161} INFO - Started process (PID=5391) to work on /opt/airflow/dags/appleolap.py
[2025-06-15T04:49:49.044+0000] {processor.py:830} INFO - Processing file /opt/airflow/dags/appleolap.py for tasks to queue
[2025-06-15T04:49:49.048+0000] {logging_mixin.py:188} INFO - [2025-06-15T04:49:49.048+0000] {dagbag.py:540} INFO - Filling up the DagBag from /opt/airflow/dags/appleolap.py
[2025-06-15T04:49:49.523+0000] {processor.py:840} INFO - DAG(s) 'etl_apple_sales' retrieved from /opt/airflow/dags/appleolap.py
[2025-06-15T04:49:49.614+0000] {logging_mixin.py:188} INFO - [2025-06-15T04:49:49.604+0000] {dag.py:3096} INFO - Sync 1 DAGs
[2025-06-15T04:49:49.708+0000] {logging_mixin.py:188} INFO - [2025-06-15T04:49:49.708+0000] {dag.py:3954} INFO - Setting next_dagrun for etl_apple_sales to 2025-06-15 00:00:00+00:00, run_after=2025-06-16 00:00:00+00:00
[2025-06-15T04:49:49.765+0000] {processor.py:183} INFO - Processing /opt/airflow/dags/appleolap.py took 0.729 seconds
[2025-06-15T04:50:20.092+0000] {processor.py:161} INFO - Started process (PID=5455) to work on /opt/airflow/dags/appleolap.py
[2025-06-15T04:50:20.093+0000] {processor.py:830} INFO - Processing file /opt/airflow/dags/appleolap.py for tasks to queue
[2025-06-15T04:50:20.094+0000] {logging_mixin.py:188} INFO - [2025-06-15T04:50:20.094+0000] {dagbag.py:540} INFO - Filling up the DagBag from /opt/airflow/dags/appleolap.py
[2025-06-15T04:50:20.310+0000] {processor.py:840} INFO - DAG(s) 'etl_apple_sales' retrieved from /opt/airflow/dags/appleolap.py
[2025-06-15T04:50:20.320+0000] {logging_mixin.py:188} INFO - [2025-06-15T04:50:20.320+0000] {dag.py:3096} INFO - Sync 1 DAGs
[2025-06-15T04:50:20.335+0000] {logging_mixin.py:188} INFO - [2025-06-15T04:50:20.335+0000] {dag.py:3954} INFO - Setting next_dagrun for etl_apple_sales to 2025-06-15 00:00:00+00:00, run_after=2025-06-16 00:00:00+00:00
[2025-06-15T04:50:20.345+0000] {processor.py:183} INFO - Processing /opt/airflow/dags/appleolap.py took 0.260 seconds
[2025-06-15T04:50:51.236+0000] {processor.py:161} INFO - Started process (PID=5519) to work on /opt/airflow/dags/appleolap.py
[2025-06-15T04:50:51.237+0000] {processor.py:830} INFO - Processing file /opt/airflow/dags/appleolap.py for tasks to queue
[2025-06-15T04:50:51.239+0000] {logging_mixin.py:188} INFO - [2025-06-15T04:50:51.238+0000] {dagbag.py:540} INFO - Filling up the DagBag from /opt/airflow/dags/appleolap.py
[2025-06-15T04:50:51.515+0000] {processor.py:840} INFO - DAG(s) 'etl_apple_sales' retrieved from /opt/airflow/dags/appleolap.py
[2025-06-15T04:50:51.527+0000] {logging_mixin.py:188} INFO - [2025-06-15T04:50:51.527+0000] {dag.py:3096} INFO - Sync 1 DAGs
[2025-06-15T04:50:51.544+0000] {logging_mixin.py:188} INFO - [2025-06-15T04:50:51.544+0000] {dag.py:3954} INFO - Setting next_dagrun for etl_apple_sales to 2025-06-15 00:00:00+00:00, run_after=2025-06-16 00:00:00+00:00
[2025-06-15T04:50:51.557+0000] {processor.py:183} INFO - Processing /opt/airflow/dags/appleolap.py took 0.327 seconds
[2025-06-15T04:51:22.260+0000] {processor.py:161} INFO - Started process (PID=5583) to work on /opt/airflow/dags/appleolap.py
[2025-06-15T04:51:22.261+0000] {processor.py:830} INFO - Processing file /opt/airflow/dags/appleolap.py for tasks to queue
[2025-06-15T04:51:22.264+0000] {logging_mixin.py:188} INFO - [2025-06-15T04:51:22.264+0000] {dagbag.py:540} INFO - Filling up the DagBag from /opt/airflow/dags/appleolap.py
[2025-06-15T04:51:22.490+0000] {processor.py:840} INFO - DAG(s) 'etl_apple_sales' retrieved from /opt/airflow/dags/appleolap.py
[2025-06-15T04:51:22.502+0000] {logging_mixin.py:188} INFO - [2025-06-15T04:51:22.502+0000] {dag.py:3096} INFO - Sync 1 DAGs
[2025-06-15T04:51:22.516+0000] {logging_mixin.py:188} INFO - [2025-06-15T04:51:22.516+0000] {dag.py:3954} INFO - Setting next_dagrun for etl_apple_sales to 2025-06-15 00:00:00+00:00, run_after=2025-06-16 00:00:00+00:00
[2025-06-15T04:51:22.530+0000] {processor.py:183} INFO - Processing /opt/airflow/dags/appleolap.py took 0.276 seconds
[2025-06-15T04:53:09.726+0000] {processor.py:161} INFO - Started process (PID=5647) to work on /opt/airflow/dags/appleolap.py
[2025-06-15T04:53:09.728+0000] {processor.py:830} INFO - Processing file /opt/airflow/dags/appleolap.py for tasks to queue
[2025-06-15T04:53:09.731+0000] {logging_mixin.py:188} INFO - [2025-06-15T04:53:09.731+0000] {dagbag.py:540} INFO - Filling up the DagBag from /opt/airflow/dags/appleolap.py
[2025-06-15T04:53:09.992+0000] {processor.py:840} INFO - DAG(s) 'etl_apple_sales' retrieved from /opt/airflow/dags/appleolap.py
[2025-06-15T04:53:10.001+0000] {logging_mixin.py:188} INFO - [2025-06-15T04:53:10.001+0000] {dag.py:3096} INFO - Sync 1 DAGs
[2025-06-15T04:53:10.022+0000] {logging_mixin.py:188} INFO - [2025-06-15T04:53:10.022+0000] {dag.py:3954} INFO - Setting next_dagrun for etl_apple_sales to 2025-06-15 00:00:00+00:00, run_after=2025-06-16 00:00:00+00:00
[2025-06-15T04:53:10.036+0000] {processor.py:183} INFO - Processing /opt/airflow/dags/appleolap.py took 0.316 seconds
[2025-06-15T05:04:06.085+0000] {processor.py:161} INFO - Started process (PID=5711) to work on /opt/airflow/dags/appleolap.py
[2025-06-15T05:04:06.101+0000] {processor.py:830} INFO - Processing file /opt/airflow/dags/appleolap.py for tasks to queue
[2025-06-15T05:04:06.127+0000] {logging_mixin.py:188} INFO - [2025-06-15T05:04:06.125+0000] {dagbag.py:540} INFO - Filling up the DagBag from /opt/airflow/dags/appleolap.py
[2025-06-15T05:04:06.708+0000] {processor.py:840} INFO - DAG(s) 'etl_apple_sales' retrieved from /opt/airflow/dags/appleolap.py
[2025-06-15T05:04:06.730+0000] {logging_mixin.py:188} INFO - [2025-06-15T05:04:06.729+0000] {dag.py:3096} INFO - Sync 1 DAGs
[2025-06-15T05:04:06.758+0000] {logging_mixin.py:188} INFO - [2025-06-15T05:04:06.758+0000] {dag.py:3954} INFO - Setting next_dagrun for etl_apple_sales to 2025-06-15 00:00:00+00:00, run_after=2025-06-16 00:00:00+00:00
[2025-06-15T05:04:06.771+0000] {processor.py:183} INFO - Processing /opt/airflow/dags/appleolap.py took 0.780 seconds
[2025-06-15T05:06:04.380+0000] {processor.py:161} INFO - Started process (PID=5775) to work on /opt/airflow/dags/appleolap.py
[2025-06-15T05:06:04.385+0000] {processor.py:830} INFO - Processing file /opt/airflow/dags/appleolap.py for tasks to queue
[2025-06-15T05:06:04.387+0000] {logging_mixin.py:188} INFO - [2025-06-15T05:06:04.387+0000] {dagbag.py:540} INFO - Filling up the DagBag from /opt/airflow/dags/appleolap.py
[2025-06-15T05:06:04.630+0000] {processor.py:840} INFO - DAG(s) 'etl_apple_sales' retrieved from /opt/airflow/dags/appleolap.py
[2025-06-15T05:06:04.641+0000] {logging_mixin.py:188} INFO - [2025-06-15T05:06:04.640+0000] {dag.py:3096} INFO - Sync 1 DAGs
[2025-06-15T05:06:04.657+0000] {logging_mixin.py:188} INFO - [2025-06-15T05:06:04.656+0000] {dag.py:3954} INFO - Setting next_dagrun for etl_apple_sales to 2025-06-15 00:00:00+00:00, run_after=2025-06-16 00:00:00+00:00
[2025-06-15T05:06:04.670+0000] {processor.py:183} INFO - Processing /opt/airflow/dags/appleolap.py took 0.299 seconds
[2025-06-15T05:09:50.862+0000] {processor.py:161} INFO - Started process (PID=5839) to work on /opt/airflow/dags/appleolap.py
[2025-06-15T05:09:50.863+0000] {processor.py:830} INFO - Processing file /opt/airflow/dags/appleolap.py for tasks to queue
[2025-06-15T05:09:50.865+0000] {logging_mixin.py:188} INFO - [2025-06-15T05:09:50.865+0000] {dagbag.py:540} INFO - Filling up the DagBag from /opt/airflow/dags/appleolap.py
[2025-06-15T05:09:51.096+0000] {processor.py:840} INFO - DAG(s) 'etl_apple_sales' retrieved from /opt/airflow/dags/appleolap.py
[2025-06-15T05:09:51.105+0000] {logging_mixin.py:188} INFO - [2025-06-15T05:09:51.104+0000] {dag.py:3096} INFO - Sync 1 DAGs
[2025-06-15T05:09:51.119+0000] {logging_mixin.py:188} INFO - [2025-06-15T05:09:51.119+0000] {dag.py:3954} INFO - Setting next_dagrun for etl_apple_sales to 2025-06-15 00:00:00+00:00, run_after=2025-06-16 00:00:00+00:00
[2025-06-15T05:09:51.132+0000] {processor.py:183} INFO - Processing /opt/airflow/dags/appleolap.py took 0.277 seconds
[2025-06-15T05:18:49.954+0000] {processor.py:161} INFO - Started process (PID=5903) to work on /opt/airflow/dags/appleolap.py
[2025-06-15T05:18:49.962+0000] {processor.py:830} INFO - Processing file /opt/airflow/dags/appleolap.py for tasks to queue
[2025-06-15T05:18:49.965+0000] {logging_mixin.py:188} INFO - [2025-06-15T05:18:49.965+0000] {dagbag.py:540} INFO - Filling up the DagBag from /opt/airflow/dags/appleolap.py
[2025-06-15T05:18:50.223+0000] {processor.py:840} INFO - DAG(s) 'etl_apple_sales' retrieved from /opt/airflow/dags/appleolap.py
[2025-06-15T05:18:50.234+0000] {logging_mixin.py:188} INFO - [2025-06-15T05:18:50.234+0000] {dag.py:3096} INFO - Sync 1 DAGs
[2025-06-15T05:18:50.246+0000] {logging_mixin.py:188} INFO - [2025-06-15T05:18:50.246+0000] {dag.py:3954} INFO - Setting next_dagrun for etl_apple_sales to 2025-06-15 00:00:00+00:00, run_after=2025-06-16 00:00:00+00:00
[2025-06-15T05:18:50.265+0000] {processor.py:183} INFO - Processing /opt/airflow/dags/appleolap.py took 0.337 seconds
[2025-06-15T05:19:21.132+0000] {processor.py:161} INFO - Started process (PID=5967) to work on /opt/airflow/dags/appleolap.py
[2025-06-15T05:19:21.136+0000] {processor.py:830} INFO - Processing file /opt/airflow/dags/appleolap.py for tasks to queue
[2025-06-15T05:19:21.138+0000] {logging_mixin.py:188} INFO - [2025-06-15T05:19:21.137+0000] {dagbag.py:540} INFO - Filling up the DagBag from /opt/airflow/dags/appleolap.py
[2025-06-15T05:19:21.449+0000] {processor.py:840} INFO - DAG(s) 'etl_apple_sales' retrieved from /opt/airflow/dags/appleolap.py
[2025-06-15T05:19:21.457+0000] {logging_mixin.py:188} INFO - [2025-06-15T05:19:21.457+0000] {dag.py:3096} INFO - Sync 1 DAGs
[2025-06-15T05:19:21.470+0000] {logging_mixin.py:188} INFO - [2025-06-15T05:19:21.470+0000] {dag.py:3954} INFO - Setting next_dagrun for etl_apple_sales to 2025-06-15 00:00:00+00:00, run_after=2025-06-16 00:00:00+00:00
[2025-06-15T05:19:21.484+0000] {processor.py:183} INFO - Processing /opt/airflow/dags/appleolap.py took 0.356 seconds
[2025-06-15T05:24:47.788+0000] {processor.py:161} INFO - Started process (PID=6031) to work on /opt/airflow/dags/appleolap.py
[2025-06-15T05:24:47.790+0000] {processor.py:830} INFO - Processing file /opt/airflow/dags/appleolap.py for tasks to queue
[2025-06-15T05:24:47.792+0000] {logging_mixin.py:188} INFO - [2025-06-15T05:24:47.792+0000] {dagbag.py:540} INFO - Filling up the DagBag from /opt/airflow/dags/appleolap.py
[2025-06-15T05:24:48.249+0000] {processor.py:840} INFO - DAG(s) 'etl_apple_sales' retrieved from /opt/airflow/dags/appleolap.py
[2025-06-15T05:24:48.259+0000] {logging_mixin.py:188} INFO - [2025-06-15T05:24:48.258+0000] {dag.py:3096} INFO - Sync 1 DAGs
[2025-06-15T05:24:48.274+0000] {logging_mixin.py:188} INFO - [2025-06-15T05:24:48.274+0000] {dag.py:3954} INFO - Setting next_dagrun for etl_apple_sales to 2025-06-15 00:00:00+00:00, run_after=2025-06-16 00:00:00+00:00
[2025-06-15T05:24:48.284+0000] {processor.py:183} INFO - Processing /opt/airflow/dags/appleolap.py took 0.504 seconds
[2025-06-15T05:25:19.002+0000] {processor.py:161} INFO - Started process (PID=6095) to work on /opt/airflow/dags/appleolap.py
[2025-06-15T05:25:19.003+0000] {processor.py:830} INFO - Processing file /opt/airflow/dags/appleolap.py for tasks to queue
[2025-06-15T05:25:19.008+0000] {logging_mixin.py:188} INFO - [2025-06-15T05:25:19.008+0000] {dagbag.py:540} INFO - Filling up the DagBag from /opt/airflow/dags/appleolap.py
[2025-06-15T05:25:19.217+0000] {processor.py:840} INFO - DAG(s) 'etl_apple_sales' retrieved from /opt/airflow/dags/appleolap.py
[2025-06-15T05:25:19.224+0000] {logging_mixin.py:188} INFO - [2025-06-15T05:25:19.223+0000] {dag.py:3096} INFO - Sync 1 DAGs
[2025-06-15T05:25:19.371+0000] {logging_mixin.py:188} INFO - [2025-06-15T05:25:19.371+0000] {dag.py:3954} INFO - Setting next_dagrun for etl_apple_sales to 2025-06-15 00:00:00+00:00, run_after=2025-06-16 00:00:00+00:00
[2025-06-15T05:25:19.386+0000] {processor.py:183} INFO - Processing /opt/airflow/dags/appleolap.py took 0.389 seconds
[2025-06-15T05:32:46.882+0000] {processor.py:161} INFO - Started process (PID=6159) to work on /opt/airflow/dags/appleolap.py
[2025-06-15T05:32:46.883+0000] {processor.py:830} INFO - Processing file /opt/airflow/dags/appleolap.py for tasks to queue
[2025-06-15T05:32:46.885+0000] {logging_mixin.py:188} INFO - [2025-06-15T05:32:46.885+0000] {dagbag.py:540} INFO - Filling up the DagBag from /opt/airflow/dags/appleolap.py
[2025-06-15T05:32:47.086+0000] {processor.py:840} INFO - DAG(s) 'etl_apple_sales' retrieved from /opt/airflow/dags/appleolap.py
[2025-06-15T05:32:47.092+0000] {logging_mixin.py:188} INFO - [2025-06-15T05:32:47.092+0000] {dag.py:3096} INFO - Sync 1 DAGs
[2025-06-15T05:32:47.246+0000] {logging_mixin.py:188} INFO - [2025-06-15T05:32:47.246+0000] {dag.py:3954} INFO - Setting next_dagrun for etl_apple_sales to 2025-06-15 00:00:00+00:00, run_after=2025-06-16 00:00:00+00:00
[2025-06-15T05:32:47.260+0000] {processor.py:183} INFO - Processing /opt/airflow/dags/appleolap.py took 0.384 seconds
[2025-06-15T05:33:18.230+0000] {processor.py:161} INFO - Started process (PID=6223) to work on /opt/airflow/dags/appleolap.py
[2025-06-15T05:33:18.232+0000] {processor.py:830} INFO - Processing file /opt/airflow/dags/appleolap.py for tasks to queue
[2025-06-15T05:33:18.236+0000] {logging_mixin.py:188} INFO - [2025-06-15T05:33:18.236+0000] {dagbag.py:540} INFO - Filling up the DagBag from /opt/airflow/dags/appleolap.py
[2025-06-15T05:33:18.429+0000] {processor.py:840} INFO - DAG(s) 'etl_apple_sales' retrieved from /opt/airflow/dags/appleolap.py
[2025-06-15T05:33:18.442+0000] {logging_mixin.py:188} INFO - [2025-06-15T05:33:18.442+0000] {dag.py:3096} INFO - Sync 1 DAGs
[2025-06-15T05:33:18.631+0000] {logging_mixin.py:188} INFO - [2025-06-15T05:33:18.631+0000] {dag.py:3954} INFO - Setting next_dagrun for etl_apple_sales to 2025-06-15 00:00:00+00:00, run_after=2025-06-16 00:00:00+00:00
[2025-06-15T05:33:18.642+0000] {processor.py:183} INFO - Processing /opt/airflow/dags/appleolap.py took 0.416 seconds
[2025-06-15T05:35:23.632+0000] {processor.py:161} INFO - Started process (PID=6287) to work on /opt/airflow/dags/appleolap.py
[2025-06-15T05:35:23.633+0000] {processor.py:830} INFO - Processing file /opt/airflow/dags/appleolap.py for tasks to queue
[2025-06-15T05:35:23.636+0000] {logging_mixin.py:188} INFO - [2025-06-15T05:35:23.636+0000] {dagbag.py:540} INFO - Filling up the DagBag from /opt/airflow/dags/appleolap.py
[2025-06-15T05:35:23.932+0000] {processor.py:840} INFO - DAG(s) 'etl_apple_sales' retrieved from /opt/airflow/dags/appleolap.py
[2025-06-15T05:35:23.944+0000] {logging_mixin.py:188} INFO - [2025-06-15T05:35:23.942+0000] {dag.py:3096} INFO - Sync 1 DAGs
[2025-06-15T05:35:24.350+0000] {logging_mixin.py:188} INFO - [2025-06-15T05:35:24.350+0000] {dag.py:3954} INFO - Setting next_dagrun for etl_apple_sales to 2025-06-15 00:00:00+00:00, run_after=2025-06-16 00:00:00+00:00
[2025-06-15T05:35:24.413+0000] {processor.py:183} INFO - Processing /opt/airflow/dags/appleolap.py took 0.791 seconds
[2025-06-15T05:59:04.350+0000] {processor.py:161} INFO - Started process (PID=6351) to work on /opt/airflow/dags/appleolap.py
[2025-06-15T05:59:04.364+0000] {processor.py:830} INFO - Processing file /opt/airflow/dags/appleolap.py for tasks to queue
[2025-06-15T05:59:04.383+0000] {logging_mixin.py:188} INFO - [2025-06-15T05:59:04.382+0000] {dagbag.py:540} INFO - Filling up the DagBag from /opt/airflow/dags/appleolap.py
[2025-06-15T05:59:05.485+0000] {processor.py:840} INFO - DAG(s) 'etl_apple_sales' retrieved from /opt/airflow/dags/appleolap.py
[2025-06-15T05:59:05.508+0000] {logging_mixin.py:188} INFO - [2025-06-15T05:59:05.508+0000] {dag.py:3096} INFO - Sync 1 DAGs
[2025-06-15T05:59:05.532+0000] {logging_mixin.py:188} INFO - [2025-06-15T05:59:05.532+0000] {dag.py:3954} INFO - Setting next_dagrun for etl_apple_sales to 2025-06-15 00:00:00+00:00, run_after=2025-06-16 00:00:00+00:00
[2025-06-15T05:59:05.553+0000] {processor.py:183} INFO - Processing /opt/airflow/dags/appleolap.py took 1.244 seconds
[2025-06-15T06:00:58.869+0000] {processor.py:161} INFO - Started process (PID=6415) to work on /opt/airflow/dags/appleolap.py
[2025-06-15T06:00:58.870+0000] {processor.py:830} INFO - Processing file /opt/airflow/dags/appleolap.py for tasks to queue
[2025-06-15T06:00:58.871+0000] {logging_mixin.py:188} INFO - [2025-06-15T06:00:58.871+0000] {dagbag.py:540} INFO - Filling up the DagBag from /opt/airflow/dags/appleolap.py
[2025-06-15T06:00:59.148+0000] {processor.py:840} INFO - DAG(s) 'etl_apple_sales' retrieved from /opt/airflow/dags/appleolap.py
[2025-06-15T06:00:59.155+0000] {logging_mixin.py:188} INFO - [2025-06-15T06:00:59.155+0000] {dag.py:3096} INFO - Sync 1 DAGs
[2025-06-15T06:00:59.168+0000] {logging_mixin.py:188} INFO - [2025-06-15T06:00:59.168+0000] {dag.py:3954} INFO - Setting next_dagrun for etl_apple_sales to 2025-06-15 00:00:00+00:00, run_after=2025-06-16 00:00:00+00:00
[2025-06-15T06:00:59.179+0000] {processor.py:183} INFO - Processing /opt/airflow/dags/appleolap.py took 0.315 seconds
[2025-06-15T06:01:29.803+0000] {processor.py:161} INFO - Started process (PID=6479) to work on /opt/airflow/dags/appleolap.py
[2025-06-15T06:01:29.807+0000] {processor.py:830} INFO - Processing file /opt/airflow/dags/appleolap.py for tasks to queue
[2025-06-15T06:01:29.809+0000] {logging_mixin.py:188} INFO - [2025-06-15T06:01:29.809+0000] {dagbag.py:540} INFO - Filling up the DagBag from /opt/airflow/dags/appleolap.py
[2025-06-15T06:01:30.056+0000] {processor.py:840} INFO - DAG(s) 'etl_apple_sales' retrieved from /opt/airflow/dags/appleolap.py
[2025-06-15T06:01:30.062+0000] {logging_mixin.py:188} INFO - [2025-06-15T06:01:30.062+0000] {dag.py:3096} INFO - Sync 1 DAGs
[2025-06-15T06:01:30.074+0000] {logging_mixin.py:188} INFO - [2025-06-15T06:01:30.074+0000] {dag.py:3954} INFO - Setting next_dagrun for etl_apple_sales to 2025-06-15 00:00:00+00:00, run_after=2025-06-16 00:00:00+00:00
[2025-06-15T06:01:30.085+0000] {processor.py:183} INFO - Processing /opt/airflow/dags/appleolap.py took 0.288 seconds
[2025-06-15T06:02:00.813+0000] {processor.py:161} INFO - Started process (PID=6543) to work on /opt/airflow/dags/appleolap.py
[2025-06-15T06:02:00.814+0000] {processor.py:830} INFO - Processing file /opt/airflow/dags/appleolap.py for tasks to queue
[2025-06-15T06:02:00.815+0000] {logging_mixin.py:188} INFO - [2025-06-15T06:02:00.815+0000] {dagbag.py:540} INFO - Filling up the DagBag from /opt/airflow/dags/appleolap.py
[2025-06-15T06:02:01.090+0000] {processor.py:840} INFO - DAG(s) 'etl_apple_sales' retrieved from /opt/airflow/dags/appleolap.py
[2025-06-15T06:02:01.101+0000] {logging_mixin.py:188} INFO - [2025-06-15T06:02:01.101+0000] {dag.py:3096} INFO - Sync 1 DAGs
[2025-06-15T06:02:01.112+0000] {logging_mixin.py:188} INFO - [2025-06-15T06:02:01.112+0000] {dag.py:3954} INFO - Setting next_dagrun for etl_apple_sales to 2025-06-15 00:00:00+00:00, run_after=2025-06-16 00:00:00+00:00
[2025-06-15T06:02:01.134+0000] {processor.py:183} INFO - Processing /opt/airflow/dags/appleolap.py took 0.325 seconds
[2025-06-15T06:02:32.266+0000] {processor.py:161} INFO - Started process (PID=6607) to work on /opt/airflow/dags/appleolap.py
[2025-06-15T06:02:32.268+0000] {processor.py:830} INFO - Processing file /opt/airflow/dags/appleolap.py for tasks to queue
[2025-06-15T06:02:32.270+0000] {logging_mixin.py:188} INFO - [2025-06-15T06:02:32.270+0000] {dagbag.py:540} INFO - Filling up the DagBag from /opt/airflow/dags/appleolap.py
[2025-06-15T06:02:32.956+0000] {processor.py:840} INFO - DAG(s) 'etl_apple_sales' retrieved from /opt/airflow/dags/appleolap.py
[2025-06-15T06:02:32.980+0000] {logging_mixin.py:188} INFO - [2025-06-15T06:02:32.979+0000] {dag.py:3096} INFO - Sync 1 DAGs
[2025-06-15T06:02:33.025+0000] {logging_mixin.py:188} INFO - [2025-06-15T06:02:33.024+0000] {dag.py:3954} INFO - Setting next_dagrun for etl_apple_sales to 2025-06-15 00:00:00+00:00, run_after=2025-06-16 00:00:00+00:00
[2025-06-15T06:02:33.078+0000] {processor.py:183} INFO - Processing /opt/airflow/dags/appleolap.py took 0.819 seconds
[2025-06-15T06:03:07.214+0000] {processor.py:161} INFO - Started process (PID=6674) to work on /opt/airflow/dags/appleolap.py
[2025-06-15T06:03:07.217+0000] {processor.py:830} INFO - Processing file /opt/airflow/dags/appleolap.py for tasks to queue
[2025-06-15T06:03:07.219+0000] {logging_mixin.py:188} INFO - [2025-06-15T06:03:07.219+0000] {dagbag.py:540} INFO - Filling up the DagBag from /opt/airflow/dags/appleolap.py
[2025-06-15T06:03:07.743+0000] {processor.py:840} INFO - DAG(s) 'etl_apple_sales' retrieved from /opt/airflow/dags/appleolap.py
[2025-06-15T06:03:07.775+0000] {logging_mixin.py:188} INFO - [2025-06-15T06:03:07.773+0000] {dag.py:3096} INFO - Sync 1 DAGs
[2025-06-15T06:03:07.874+0000] {logging_mixin.py:188} INFO - [2025-06-15T06:03:07.873+0000] {dag.py:3954} INFO - Setting next_dagrun for etl_apple_sales to 2025-06-15 00:00:00+00:00, run_after=2025-06-16 00:00:00+00:00
[2025-06-15T06:03:07.937+0000] {processor.py:183} INFO - Processing /opt/airflow/dags/appleolap.py took 0.732 seconds
[2025-06-15T06:03:39.565+0000] {processor.py:161} INFO - Started process (PID=6740) to work on /opt/airflow/dags/appleolap.py
[2025-06-15T06:03:39.566+0000] {processor.py:830} INFO - Processing file /opt/airflow/dags/appleolap.py for tasks to queue
[2025-06-15T06:03:39.568+0000] {logging_mixin.py:188} INFO - [2025-06-15T06:03:39.568+0000] {dagbag.py:540} INFO - Filling up the DagBag from /opt/airflow/dags/appleolap.py
[2025-06-15T06:03:40.486+0000] {processor.py:840} INFO - DAG(s) 'etl_apple_sales' retrieved from /opt/airflow/dags/appleolap.py
[2025-06-15T06:03:40.556+0000] {logging_mixin.py:188} INFO - [2025-06-15T06:03:40.554+0000] {dag.py:3096} INFO - Sync 1 DAGs
[2025-06-15T06:03:40.610+0000] {logging_mixin.py:188} INFO - [2025-06-15T06:03:40.610+0000] {dag.py:3954} INFO - Setting next_dagrun for etl_apple_sales to 2025-06-15 00:00:00+00:00, run_after=2025-06-16 00:00:00+00:00
[2025-06-15T06:03:40.647+0000] {processor.py:183} INFO - Processing /opt/airflow/dags/appleolap.py took 1.087 seconds
[2025-06-15T06:04:10.967+0000] {processor.py:161} INFO - Started process (PID=6804) to work on /opt/airflow/dags/appleolap.py
[2025-06-15T06:04:10.970+0000] {processor.py:830} INFO - Processing file /opt/airflow/dags/appleolap.py for tasks to queue
[2025-06-15T06:04:10.980+0000] {logging_mixin.py:188} INFO - [2025-06-15T06:04:10.979+0000] {dagbag.py:540} INFO - Filling up the DagBag from /opt/airflow/dags/appleolap.py
[2025-06-15T06:04:11.446+0000] {processor.py:840} INFO - DAG(s) 'etl_apple_sales' retrieved from /opt/airflow/dags/appleolap.py
[2025-06-15T06:04:11.454+0000] {logging_mixin.py:188} INFO - [2025-06-15T06:04:11.453+0000] {dag.py:3096} INFO - Sync 1 DAGs
[2025-06-15T06:04:11.464+0000] {logging_mixin.py:188} INFO - [2025-06-15T06:04:11.464+0000] {dag.py:3954} INFO - Setting next_dagrun for etl_apple_sales to 2025-06-15 00:00:00+00:00, run_after=2025-06-16 00:00:00+00:00
[2025-06-15T06:04:11.471+0000] {processor.py:183} INFO - Processing /opt/airflow/dags/appleolap.py took 0.515 seconds
[2025-06-15T06:04:41.869+0000] {processor.py:161} INFO - Started process (PID=6868) to work on /opt/airflow/dags/appleolap.py
[2025-06-15T06:04:41.870+0000] {processor.py:830} INFO - Processing file /opt/airflow/dags/appleolap.py for tasks to queue
[2025-06-15T06:04:41.871+0000] {logging_mixin.py:188} INFO - [2025-06-15T06:04:41.871+0000] {dagbag.py:540} INFO - Filling up the DagBag from /opt/airflow/dags/appleolap.py
[2025-06-15T06:04:42.433+0000] {processor.py:840} INFO - DAG(s) 'etl_apple_sales' retrieved from /opt/airflow/dags/appleolap.py
[2025-06-15T06:04:42.452+0000] {logging_mixin.py:188} INFO - [2025-06-15T06:04:42.452+0000] {dag.py:3096} INFO - Sync 1 DAGs
[2025-06-15T06:04:42.486+0000] {logging_mixin.py:188} INFO - [2025-06-15T06:04:42.485+0000] {dag.py:3954} INFO - Setting next_dagrun for etl_apple_sales to 2025-06-15 00:00:00+00:00, run_after=2025-06-16 00:00:00+00:00
[2025-06-15T06:04:42.526+0000] {processor.py:183} INFO - Processing /opt/airflow/dags/appleolap.py took 0.663 seconds
[2025-06-15T06:05:19.359+0000] {processor.py:161} INFO - Started process (PID=6928) to work on /opt/airflow/dags/appleolap.py
[2025-06-15T06:05:19.365+0000] {processor.py:830} INFO - Processing file /opt/airflow/dags/appleolap.py for tasks to queue
[2025-06-15T06:05:19.381+0000] {logging_mixin.py:188} INFO - [2025-06-15T06:05:19.381+0000] {dagbag.py:540} INFO - Filling up the DagBag from /opt/airflow/dags/appleolap.py
