[2025-06-15T00:02:01.015+0000] {processor.py:161} INFO - Started process (PID=1930) to work on /opt/airflow/dags/tes123.py
[2025-06-15T00:02:01.016+0000] {processor.py:830} INFO - Processing file /opt/airflow/dags/tes123.py for tasks to queue
[2025-06-15T00:02:01.022+0000] {logging_mixin.py:188} INFO - [2025-06-15T00:02:01.022+0000] {dagbag.py:540} INFO - Filling up the DagBag from /opt/airflow/dags/tes123.py
[2025-06-15T00:02:02.303+0000] {processor.py:840} INFO - DAG(s) 'etl_apple_sales' retrieved from /opt/airflow/dags/tes123.py
[2025-06-15T00:02:02.336+0000] {logging_mixin.py:188} INFO - [2025-06-15T00:02:02.334+0000] {dag.py:3096} INFO - Sync 1 DAGs
[2025-06-15T00:02:02.364+0000] {logging_mixin.py:188} INFO - [2025-06-15T00:02:02.364+0000] {dag.py:3954} INFO - Setting next_dagrun for etl_apple_sales to 2025-06-15 00:00:00+00:00, run_after=2025-06-16 00:00:00+00:00
[2025-06-15T00:02:02.382+0000] {processor.py:183} INFO - Processing /opt/airflow/dags/tes123.py took 1.385 seconds
[2025-06-15T00:02:32.586+0000] {processor.py:161} INFO - Started process (PID=1994) to work on /opt/airflow/dags/tes123.py
[2025-06-15T00:02:32.589+0000] {processor.py:830} INFO - Processing file /opt/airflow/dags/tes123.py for tasks to queue
[2025-06-15T00:02:32.606+0000] {logging_mixin.py:188} INFO - [2025-06-15T00:02:32.603+0000] {dagbag.py:540} INFO - Filling up the DagBag from /opt/airflow/dags/tes123.py
[2025-06-15T00:02:33.127+0000] {processor.py:840} INFO - DAG(s) 'etl_apple_sales' retrieved from /opt/airflow/dags/tes123.py
[2025-06-15T00:02:33.213+0000] {logging_mixin.py:188} INFO - [2025-06-15T00:02:33.212+0000] {dag.py:3096} INFO - Sync 1 DAGs
[2025-06-15T00:02:33.232+0000] {logging_mixin.py:188} INFO - [2025-06-15T00:02:33.232+0000] {dag.py:3954} INFO - Setting next_dagrun for etl_apple_sales to 2025-06-15 00:00:00+00:00, run_after=2025-06-16 00:00:00+00:00
[2025-06-15T00:02:33.252+0000] {processor.py:183} INFO - Processing /opt/airflow/dags/tes123.py took 0.680 seconds
[2025-06-15T00:18:01.012+0000] {processor.py:161} INFO - Started process (PID=2058) to work on /opt/airflow/dags/tes123.py
[2025-06-15T00:18:01.020+0000] {processor.py:830} INFO - Processing file /opt/airflow/dags/tes123.py for tasks to queue
[2025-06-15T00:18:01.029+0000] {logging_mixin.py:188} INFO - [2025-06-15T00:18:01.029+0000] {dagbag.py:540} INFO - Filling up the DagBag from /opt/airflow/dags/tes123.py
[2025-06-15T00:18:01.984+0000] {processor.py:840} INFO - DAG(s) 'etl_apple_sales' retrieved from /opt/airflow/dags/tes123.py
[2025-06-15T00:18:02.008+0000] {logging_mixin.py:188} INFO - [2025-06-15T00:18:02.008+0000] {dag.py:3096} INFO - Sync 1 DAGs
[2025-06-15T00:18:02.027+0000] {logging_mixin.py:188} INFO - [2025-06-15T00:18:02.026+0000] {dag.py:3954} INFO - Setting next_dagrun for etl_apple_sales to 2025-06-15 00:00:00+00:00, run_after=2025-06-16 00:00:00+00:00
[2025-06-15T00:18:02.038+0000] {processor.py:183} INFO - Processing /opt/airflow/dags/tes123.py took 1.077 seconds
[2025-06-15T00:32:06.057+0000] {processor.py:161} INFO - Started process (PID=2122) to work on /opt/airflow/dags/tes123.py
[2025-06-15T00:32:06.059+0000] {processor.py:830} INFO - Processing file /opt/airflow/dags/tes123.py for tasks to queue
[2025-06-15T00:32:06.066+0000] {logging_mixin.py:188} INFO - [2025-06-15T00:32:06.065+0000] {dagbag.py:540} INFO - Filling up the DagBag from /opt/airflow/dags/tes123.py
[2025-06-15T00:32:06.501+0000] {processor.py:840} INFO - DAG(s) 'etl_apple_sales' retrieved from /opt/airflow/dags/tes123.py
[2025-06-15T00:32:06.625+0000] {logging_mixin.py:188} INFO - [2025-06-15T00:32:06.624+0000] {dag.py:3096} INFO - Sync 1 DAGs
[2025-06-15T00:32:06.663+0000] {logging_mixin.py:188} INFO - [2025-06-15T00:32:06.662+0000] {dag.py:3954} INFO - Setting next_dagrun for etl_apple_sales to 2025-06-15 00:00:00+00:00, run_after=2025-06-16 00:00:00+00:00
[2025-06-15T00:32:06.717+0000] {processor.py:183} INFO - Processing /opt/airflow/dags/tes123.py took 0.674 seconds
[2025-06-15T00:47:36.151+0000] {processor.py:161} INFO - Started process (PID=2186) to work on /opt/airflow/dags/tes123.py
[2025-06-15T00:47:36.156+0000] {processor.py:830} INFO - Processing file /opt/airflow/dags/tes123.py for tasks to queue
[2025-06-15T00:47:36.185+0000] {logging_mixin.py:188} INFO - [2025-06-15T00:47:36.180+0000] {dagbag.py:540} INFO - Filling up the DagBag from /opt/airflow/dags/tes123.py
[2025-06-15T00:47:37.239+0000] {processor.py:840} INFO - DAG(s) 'etl_apple_sales' retrieved from /opt/airflow/dags/tes123.py
[2025-06-15T00:47:37.258+0000] {logging_mixin.py:188} INFO - [2025-06-15T00:47:37.257+0000] {dag.py:3096} INFO - Sync 1 DAGs
[2025-06-15T00:47:37.270+0000] {logging_mixin.py:188} INFO - [2025-06-15T00:47:37.270+0000] {dag.py:3954} INFO - Setting next_dagrun for etl_apple_sales to 2025-06-15 00:00:00+00:00, run_after=2025-06-16 00:00:00+00:00
[2025-06-15T00:47:37.278+0000] {processor.py:183} INFO - Processing /opt/airflow/dags/tes123.py took 1.167 seconds
[2025-06-15T01:03:11.094+0000] {processor.py:161} INFO - Started process (PID=2250) to work on /opt/airflow/dags/tes123.py
[2025-06-15T01:03:11.096+0000] {processor.py:830} INFO - Processing file /opt/airflow/dags/tes123.py for tasks to queue
[2025-06-15T01:03:11.101+0000] {logging_mixin.py:188} INFO - [2025-06-15T01:03:11.100+0000] {dagbag.py:540} INFO - Filling up the DagBag from /opt/airflow/dags/tes123.py
[2025-06-15T01:03:11.569+0000] {processor.py:840} INFO - DAG(s) 'etl_apple_sales' retrieved from /opt/airflow/dags/tes123.py
[2025-06-15T01:03:11.639+0000] {logging_mixin.py:188} INFO - [2025-06-15T01:03:11.638+0000] {dag.py:3096} INFO - Sync 1 DAGs
[2025-06-15T01:03:11.649+0000] {logging_mixin.py:188} INFO - [2025-06-15T01:03:11.649+0000] {dag.py:3954} INFO - Setting next_dagrun for etl_apple_sales to 2025-06-15 00:00:00+00:00, run_after=2025-06-16 00:00:00+00:00
[2025-06-15T01:03:11.662+0000] {processor.py:183} INFO - Processing /opt/airflow/dags/tes123.py took 0.580 seconds
[2025-06-15T01:12:50.659+0000] {processor.py:161} INFO - Started process (PID=2314) to work on /opt/airflow/dags/tes123.py
[2025-06-15T01:12:50.669+0000] {processor.py:830} INFO - Processing file /opt/airflow/dags/tes123.py for tasks to queue
[2025-06-15T01:12:50.681+0000] {logging_mixin.py:188} INFO - [2025-06-15T01:12:50.681+0000] {dagbag.py:540} INFO - Filling up the DagBag from /opt/airflow/dags/tes123.py
[2025-06-15T01:12:51.805+0000] {processor.py:840} INFO - DAG(s) 'etl_apple_sales' retrieved from /opt/airflow/dags/tes123.py
[2025-06-15T01:12:51.835+0000] {logging_mixin.py:188} INFO - [2025-06-15T01:12:51.834+0000] {dag.py:3096} INFO - Sync 1 DAGs
[2025-06-15T01:12:51.864+0000] {logging_mixin.py:188} INFO - [2025-06-15T01:12:51.864+0000] {dag.py:3954} INFO - Setting next_dagrun for etl_apple_sales to 2025-06-15 00:00:00+00:00, run_after=2025-06-16 00:00:00+00:00
[2025-06-15T01:12:51.887+0000] {processor.py:183} INFO - Processing /opt/airflow/dags/tes123.py took 1.253 seconds
[2025-06-15T01:28:26.572+0000] {processor.py:161} INFO - Started process (PID=2378) to work on /opt/airflow/dags/tes123.py
[2025-06-15T01:28:26.575+0000] {processor.py:830} INFO - Processing file /opt/airflow/dags/tes123.py for tasks to queue
[2025-06-15T01:28:26.578+0000] {logging_mixin.py:188} INFO - [2025-06-15T01:28:26.578+0000] {dagbag.py:540} INFO - Filling up the DagBag from /opt/airflow/dags/tes123.py
[2025-06-15T01:28:27.215+0000] {processor.py:840} INFO - DAG(s) 'etl_apple_sales' retrieved from /opt/airflow/dags/tes123.py
[2025-06-15T01:28:27.442+0000] {logging_mixin.py:188} INFO - [2025-06-15T01:28:27.439+0000] {dag.py:3096} INFO - Sync 1 DAGs
[2025-06-15T01:28:27.505+0000] {logging_mixin.py:188} INFO - [2025-06-15T01:28:27.504+0000] {dag.py:3954} INFO - Setting next_dagrun for etl_apple_sales to 2025-06-15 00:00:00+00:00, run_after=2025-06-16 00:00:00+00:00
[2025-06-15T01:28:27.557+0000] {processor.py:183} INFO - Processing /opt/airflow/dags/tes123.py took 1.009 seconds
[2025-06-15T01:28:58.176+0000] {processor.py:161} INFO - Started process (PID=2442) to work on /opt/airflow/dags/tes123.py
[2025-06-15T01:28:58.179+0000] {processor.py:830} INFO - Processing file /opt/airflow/dags/tes123.py for tasks to queue
[2025-06-15T01:28:58.184+0000] {logging_mixin.py:188} INFO - [2025-06-15T01:28:58.183+0000] {dagbag.py:540} INFO - Filling up the DagBag from /opt/airflow/dags/tes123.py
[2025-06-15T01:28:58.645+0000] {processor.py:840} INFO - DAG(s) 'etl_apple_sales' retrieved from /opt/airflow/dags/tes123.py
[2025-06-15T01:28:58.665+0000] {logging_mixin.py:188} INFO - [2025-06-15T01:28:58.664+0000] {dag.py:3096} INFO - Sync 1 DAGs
[2025-06-15T01:28:58.710+0000] {logging_mixin.py:188} INFO - [2025-06-15T01:28:58.710+0000] {dag.py:3954} INFO - Setting next_dagrun for etl_apple_sales to 2025-06-15 00:00:00+00:00, run_after=2025-06-16 00:00:00+00:00
[2025-06-15T01:28:58.734+0000] {processor.py:183} INFO - Processing /opt/airflow/dags/tes123.py took 0.593 seconds
[2025-06-15T01:38:38.007+0000] {processor.py:161} INFO - Started process (PID=2506) to work on /opt/airflow/dags/tes123.py
[2025-06-15T01:38:38.008+0000] {processor.py:830} INFO - Processing file /opt/airflow/dags/tes123.py for tasks to queue
[2025-06-15T01:38:38.011+0000] {logging_mixin.py:188} INFO - [2025-06-15T01:38:38.011+0000] {dagbag.py:540} INFO - Filling up the DagBag from /opt/airflow/dags/tes123.py
[2025-06-15T01:38:38.806+0000] {processor.py:840} INFO - DAG(s) 'etl_apple_sales' retrieved from /opt/airflow/dags/tes123.py
[2025-06-15T01:38:39.288+0000] {logging_mixin.py:188} INFO - [2025-06-15T01:38:39.279+0000] {dag.py:3096} INFO - Sync 1 DAGs
[2025-06-15T01:38:39.361+0000] {logging_mixin.py:188} INFO - [2025-06-15T01:38:39.361+0000] {dag.py:3954} INFO - Setting next_dagrun for etl_apple_sales to 2025-06-15 00:00:00+00:00, run_after=2025-06-16 00:00:00+00:00
[2025-06-15T01:38:39.405+0000] {processor.py:183} INFO - Processing /opt/airflow/dags/tes123.py took 1.419 seconds
[2025-06-15T01:57:43.796+0000] {processor.py:161} INFO - Started process (PID=2570) to work on /opt/airflow/dags/tes123.py
[2025-06-15T01:57:43.799+0000] {processor.py:830} INFO - Processing file /opt/airflow/dags/tes123.py for tasks to queue
[2025-06-15T01:57:43.802+0000] {logging_mixin.py:188} INFO - [2025-06-15T01:57:43.802+0000] {dagbag.py:540} INFO - Filling up the DagBag from /opt/airflow/dags/tes123.py
[2025-06-15T01:57:44.777+0000] {processor.py:840} INFO - DAG(s) 'etl_apple_sales' retrieved from /opt/airflow/dags/tes123.py
[2025-06-15T01:57:44.916+0000] {logging_mixin.py:188} INFO - [2025-06-15T01:57:44.912+0000] {dag.py:3096} INFO - Sync 1 DAGs
[2025-06-15T01:57:45.021+0000] {logging_mixin.py:188} INFO - [2025-06-15T01:57:45.021+0000] {dag.py:3954} INFO - Setting next_dagrun for etl_apple_sales to 2025-06-15 00:00:00+00:00, run_after=2025-06-16 00:00:00+00:00
[2025-06-15T01:57:45.106+0000] {processor.py:183} INFO - Processing /opt/airflow/dags/tes123.py took 1.323 seconds
[2025-06-15T02:03:43.378+0000] {processor.py:161} INFO - Started process (PID=2634) to work on /opt/airflow/dags/tes123.py
[2025-06-15T02:03:43.381+0000] {processor.py:830} INFO - Processing file /opt/airflow/dags/tes123.py for tasks to queue
[2025-06-15T02:03:43.387+0000] {logging_mixin.py:188} INFO - [2025-06-15T02:03:43.386+0000] {dagbag.py:540} INFO - Filling up the DagBag from /opt/airflow/dags/tes123.py
[2025-06-15T02:03:44.169+0000] {processor.py:840} INFO - DAG(s) 'etl_apple_sales' retrieved from /opt/airflow/dags/tes123.py
[2025-06-15T02:03:44.267+0000] {logging_mixin.py:188} INFO - [2025-06-15T02:03:44.267+0000] {dag.py:3096} INFO - Sync 1 DAGs
[2025-06-15T02:03:44.289+0000] {logging_mixin.py:188} INFO - [2025-06-15T02:03:44.289+0000] {dag.py:3954} INFO - Setting next_dagrun for etl_apple_sales to 2025-06-15 00:00:00+00:00, run_after=2025-06-16 00:00:00+00:00
[2025-06-15T02:03:44.303+0000] {processor.py:183} INFO - Processing /opt/airflow/dags/tes123.py took 0.972 seconds
[2025-06-15T02:04:14.489+0000] {processor.py:161} INFO - Started process (PID=2698) to work on /opt/airflow/dags/tes123.py
[2025-06-15T02:04:14.500+0000] {processor.py:830} INFO - Processing file /opt/airflow/dags/tes123.py for tasks to queue
[2025-06-15T02:04:14.507+0000] {logging_mixin.py:188} INFO - [2025-06-15T02:04:14.507+0000] {dagbag.py:540} INFO - Filling up the DagBag from /opt/airflow/dags/tes123.py
[2025-06-15T02:04:15.034+0000] {processor.py:840} INFO - DAG(s) 'etl_apple_sales' retrieved from /opt/airflow/dags/tes123.py
[2025-06-15T02:04:15.061+0000] {logging_mixin.py:188} INFO - [2025-06-15T02:04:15.060+0000] {dag.py:3096} INFO - Sync 1 DAGs
[2025-06-15T02:04:15.080+0000] {logging_mixin.py:188} INFO - [2025-06-15T02:04:15.080+0000] {dag.py:3954} INFO - Setting next_dagrun for etl_apple_sales to 2025-06-15 00:00:00+00:00, run_after=2025-06-16 00:00:00+00:00
[2025-06-15T02:04:15.092+0000] {processor.py:183} INFO - Processing /opt/airflow/dags/tes123.py took 0.625 seconds
[2025-06-15T02:19:52.830+0000] {processor.py:161} INFO - Started process (PID=2762) to work on /opt/airflow/dags/tes123.py
[2025-06-15T02:19:52.832+0000] {processor.py:830} INFO - Processing file /opt/airflow/dags/tes123.py for tasks to queue
[2025-06-15T02:19:52.835+0000] {logging_mixin.py:188} INFO - [2025-06-15T02:19:52.835+0000] {dagbag.py:540} INFO - Filling up the DagBag from /opt/airflow/dags/tes123.py
[2025-06-15T02:19:53.358+0000] {processor.py:840} INFO - DAG(s) 'etl_apple_sales' retrieved from /opt/airflow/dags/tes123.py
[2025-06-15T02:19:53.456+0000] {logging_mixin.py:188} INFO - [2025-06-15T02:19:53.454+0000] {dag.py:3096} INFO - Sync 1 DAGs
[2025-06-15T02:19:53.475+0000] {logging_mixin.py:188} INFO - [2025-06-15T02:19:53.475+0000] {dag.py:3954} INFO - Setting next_dagrun for etl_apple_sales to 2025-06-15 00:00:00+00:00, run_after=2025-06-16 00:00:00+00:00
[2025-06-15T02:19:53.497+0000] {processor.py:183} INFO - Processing /opt/airflow/dags/tes123.py took 0.680 seconds
[2025-06-15T02:23:44.779+0000] {processor.py:161} INFO - Started process (PID=2826) to work on /opt/airflow/dags/tes123.py
[2025-06-15T02:23:44.782+0000] {processor.py:830} INFO - Processing file /opt/airflow/dags/tes123.py for tasks to queue
[2025-06-15T02:23:44.787+0000] {logging_mixin.py:188} INFO - [2025-06-15T02:23:44.786+0000] {dagbag.py:540} INFO - Filling up the DagBag from /opt/airflow/dags/tes123.py
[2025-06-15T02:23:45.449+0000] {processor.py:840} INFO - DAG(s) 'etl_apple_sales' retrieved from /opt/airflow/dags/tes123.py
[2025-06-15T02:23:45.609+0000] {logging_mixin.py:188} INFO - [2025-06-15T02:23:45.602+0000] {dag.py:3096} INFO - Sync 1 DAGs
[2025-06-15T02:23:45.784+0000] {logging_mixin.py:188} INFO - [2025-06-15T02:23:45.783+0000] {dag.py:3954} INFO - Setting next_dagrun for etl_apple_sales to 2025-06-15 00:00:00+00:00, run_after=2025-06-16 00:00:00+00:00
[2025-06-15T02:23:45.872+0000] {processor.py:183} INFO - Processing /opt/airflow/dags/tes123.py took 1.119 seconds
[2025-06-15T02:25:45.298+0000] {processor.py:161} INFO - Started process (PID=2890) to work on /opt/airflow/dags/tes123.py
[2025-06-15T02:25:45.301+0000] {processor.py:830} INFO - Processing file /opt/airflow/dags/tes123.py for tasks to queue
[2025-06-15T02:25:45.305+0000] {logging_mixin.py:188} INFO - [2025-06-15T02:25:45.305+0000] {dagbag.py:540} INFO - Filling up the DagBag from /opt/airflow/dags/tes123.py
[2025-06-15T02:25:45.576+0000] {processor.py:840} INFO - DAG(s) 'etl_apple_sales' retrieved from /opt/airflow/dags/tes123.py
[2025-06-15T02:25:45.712+0000] {logging_mixin.py:188} INFO - [2025-06-15T02:25:45.711+0000] {dag.py:3096} INFO - Sync 1 DAGs
[2025-06-15T02:25:45.737+0000] {logging_mixin.py:188} INFO - [2025-06-15T02:25:45.737+0000] {dag.py:3954} INFO - Setting next_dagrun for etl_apple_sales to 2025-06-15 00:00:00+00:00, run_after=2025-06-16 00:00:00+00:00
[2025-06-15T02:25:45.760+0000] {processor.py:183} INFO - Processing /opt/airflow/dags/tes123.py took 0.477 seconds
[2025-06-15T02:27:44.787+0000] {processor.py:161} INFO - Started process (PID=2954) to work on /opt/airflow/dags/tes123.py
[2025-06-15T02:27:44.790+0000] {processor.py:830} INFO - Processing file /opt/airflow/dags/tes123.py for tasks to queue
[2025-06-15T02:27:44.794+0000] {logging_mixin.py:188} INFO - [2025-06-15T02:27:44.794+0000] {dagbag.py:540} INFO - Filling up the DagBag from /opt/airflow/dags/tes123.py
[2025-06-15T02:27:45.057+0000] {processor.py:840} INFO - DAG(s) 'etl_apple_sales' retrieved from /opt/airflow/dags/tes123.py
[2025-06-15T02:27:45.097+0000] {logging_mixin.py:188} INFO - [2025-06-15T02:27:45.097+0000] {dag.py:3096} INFO - Sync 1 DAGs
[2025-06-15T02:27:45.124+0000] {logging_mixin.py:188} INFO - [2025-06-15T02:27:45.124+0000] {dag.py:3954} INFO - Setting next_dagrun for etl_apple_sales to 2025-06-15 00:00:00+00:00, run_after=2025-06-16 00:00:00+00:00
[2025-06-15T02:27:45.137+0000] {processor.py:183} INFO - Processing /opt/airflow/dags/tes123.py took 0.367 seconds
[2025-06-15T02:33:58.350+0000] {processor.py:161} INFO - Started process (PID=3018) to work on /opt/airflow/dags/tes123.py
[2025-06-15T02:33:58.356+0000] {processor.py:830} INFO - Processing file /opt/airflow/dags/tes123.py for tasks to queue
[2025-06-15T02:33:58.380+0000] {logging_mixin.py:188} INFO - [2025-06-15T02:33:58.379+0000] {dagbag.py:540} INFO - Filling up the DagBag from /opt/airflow/dags/tes123.py
[2025-06-15T02:33:59.073+0000] {processor.py:840} INFO - DAG(s) 'etl_apple_sales' retrieved from /opt/airflow/dags/tes123.py
[2025-06-15T02:33:59.329+0000] {logging_mixin.py:188} INFO - [2025-06-15T02:33:59.327+0000] {dag.py:3096} INFO - Sync 1 DAGs
[2025-06-15T02:33:59.372+0000] {logging_mixin.py:188} INFO - [2025-06-15T02:33:59.372+0000] {dag.py:3954} INFO - Setting next_dagrun for etl_apple_sales to 2025-06-15 00:00:00+00:00, run_after=2025-06-16 00:00:00+00:00
[2025-06-15T02:33:59.438+0000] {processor.py:183} INFO - Processing /opt/airflow/dags/tes123.py took 1.139 seconds
[2025-06-15T02:39:53.638+0000] {processor.py:161} INFO - Started process (PID=3082) to work on /opt/airflow/dags/tes123.py
[2025-06-15T02:39:53.640+0000] {processor.py:830} INFO - Processing file /opt/airflow/dags/tes123.py for tasks to queue
[2025-06-15T02:39:53.645+0000] {logging_mixin.py:188} INFO - [2025-06-15T02:39:53.645+0000] {dagbag.py:540} INFO - Filling up the DagBag from /opt/airflow/dags/tes123.py
[2025-06-15T02:39:54.013+0000] {processor.py:840} INFO - DAG(s) 'etl_apple_sales' retrieved from /opt/airflow/dags/tes123.py
[2025-06-15T02:39:54.058+0000] {logging_mixin.py:188} INFO - [2025-06-15T02:39:54.057+0000] {dag.py:3096} INFO - Sync 1 DAGs
[2025-06-15T02:39:54.159+0000] {logging_mixin.py:188} INFO - [2025-06-15T02:39:54.158+0000] {dag.py:3954} INFO - Setting next_dagrun for etl_apple_sales to 2025-06-15 00:00:00+00:00, run_after=2025-06-16 00:00:00+00:00
[2025-06-15T02:39:54.236+0000] {processor.py:183} INFO - Processing /opt/airflow/dags/tes123.py took 0.621 seconds
[2025-06-15T02:40:25.254+0000] {processor.py:161} INFO - Started process (PID=3146) to work on /opt/airflow/dags/tes123.py
[2025-06-15T02:40:25.256+0000] {processor.py:830} INFO - Processing file /opt/airflow/dags/tes123.py for tasks to queue
[2025-06-15T02:40:25.262+0000] {logging_mixin.py:188} INFO - [2025-06-15T02:40:25.262+0000] {dagbag.py:540} INFO - Filling up the DagBag from /opt/airflow/dags/tes123.py
[2025-06-15T02:40:25.510+0000] {processor.py:840} INFO - DAG(s) 'etl_apple_sales' retrieved from /opt/airflow/dags/tes123.py
[2025-06-15T02:40:25.647+0000] {logging_mixin.py:188} INFO - [2025-06-15T02:40:25.646+0000] {dag.py:3096} INFO - Sync 1 DAGs
[2025-06-15T02:40:25.666+0000] {logging_mixin.py:188} INFO - [2025-06-15T02:40:25.666+0000] {dag.py:3954} INFO - Setting next_dagrun for etl_apple_sales to 2025-06-15 00:00:00+00:00, run_after=2025-06-16 00:00:00+00:00
[2025-06-15T02:40:25.684+0000] {processor.py:183} INFO - Processing /opt/airflow/dags/tes123.py took 0.467 seconds
[2025-06-15T02:55:53.766+0000] {processor.py:161} INFO - Started process (PID=3210) to work on /opt/airflow/dags/tes123.py
[2025-06-15T02:55:53.768+0000] {processor.py:830} INFO - Processing file /opt/airflow/dags/tes123.py for tasks to queue
[2025-06-15T02:55:53.772+0000] {logging_mixin.py:188} INFO - [2025-06-15T02:55:53.772+0000] {dagbag.py:540} INFO - Filling up the DagBag from /opt/airflow/dags/tes123.py
[2025-06-15T02:55:54.029+0000] {processor.py:840} INFO - DAG(s) 'etl_apple_sales' retrieved from /opt/airflow/dags/tes123.py
[2025-06-15T02:55:54.056+0000] {logging_mixin.py:188} INFO - [2025-06-15T02:55:54.055+0000] {dag.py:3096} INFO - Sync 1 DAGs
[2025-06-15T02:55:54.094+0000] {logging_mixin.py:188} INFO - [2025-06-15T02:55:54.094+0000] {dag.py:3954} INFO - Setting next_dagrun for etl_apple_sales to 2025-06-15 00:00:00+00:00, run_after=2025-06-16 00:00:00+00:00
[2025-06-15T02:55:54.109+0000] {processor.py:183} INFO - Processing /opt/airflow/dags/tes123.py took 0.354 seconds
[2025-06-15T02:56:24.709+0000] {processor.py:161} INFO - Started process (PID=3274) to work on /opt/airflow/dags/tes123.py
[2025-06-15T02:56:24.716+0000] {processor.py:830} INFO - Processing file /opt/airflow/dags/tes123.py for tasks to queue
[2025-06-15T02:56:24.725+0000] {logging_mixin.py:188} INFO - [2025-06-15T02:56:24.724+0000] {dagbag.py:540} INFO - Filling up the DagBag from /opt/airflow/dags/tes123.py
[2025-06-15T02:56:25.023+0000] {processor.py:840} INFO - DAG(s) 'etl_apple_sales' retrieved from /opt/airflow/dags/tes123.py
[2025-06-15T02:56:25.152+0000] {logging_mixin.py:188} INFO - [2025-06-15T02:56:25.152+0000] {dag.py:3096} INFO - Sync 1 DAGs
[2025-06-15T02:56:25.168+0000] {logging_mixin.py:188} INFO - [2025-06-15T02:56:25.168+0000] {dag.py:3954} INFO - Setting next_dagrun for etl_apple_sales to 2025-06-15 00:00:00+00:00, run_after=2025-06-16 00:00:00+00:00
[2025-06-15T02:56:25.189+0000] {processor.py:183} INFO - Processing /opt/airflow/dags/tes123.py took 0.512 seconds
[2025-06-15T03:08:05.080+0000] {processor.py:161} INFO - Started process (PID=3338) to work on /opt/airflow/dags/tes123.py
[2025-06-15T03:08:05.084+0000] {processor.py:830} INFO - Processing file /opt/airflow/dags/tes123.py for tasks to queue
[2025-06-15T03:08:05.100+0000] {logging_mixin.py:188} INFO - [2025-06-15T03:08:05.100+0000] {dagbag.py:540} INFO - Filling up the DagBag from /opt/airflow/dags/tes123.py
[2025-06-15T03:08:05.835+0000] {processor.py:840} INFO - DAG(s) 'etl_apple_sales' retrieved from /opt/airflow/dags/tes123.py
[2025-06-15T03:08:05.878+0000] {logging_mixin.py:188} INFO - [2025-06-15T03:08:05.878+0000] {dag.py:3096} INFO - Sync 1 DAGs
[2025-06-15T03:08:05.900+0000] {logging_mixin.py:188} INFO - [2025-06-15T03:08:05.900+0000] {dag.py:3954} INFO - Setting next_dagrun for etl_apple_sales to 2025-06-15 00:00:00+00:00, run_after=2025-06-16 00:00:00+00:00
[2025-06-15T03:08:05.911+0000] {processor.py:183} INFO - Processing /opt/airflow/dags/tes123.py took 0.864 seconds
[2025-06-15T03:09:42.965+0000] {processor.py:161} INFO - Started process (PID=3402) to work on /opt/airflow/dags/tes123.py
[2025-06-15T03:09:43.385+0000] {processor.py:830} INFO - Processing file /opt/airflow/dags/tes123.py for tasks to queue
[2025-06-15T03:09:43.527+0000] {logging_mixin.py:188} INFO - [2025-06-15T03:09:43.523+0000] {dagbag.py:540} INFO - Filling up the DagBag from /opt/airflow/dags/tes123.py
[2025-06-15T03:09:43.972+0000] {processor.py:840} INFO - DAG(s) 'etl_apple_sales' retrieved from /opt/airflow/dags/tes123.py
[2025-06-15T03:09:44.125+0000] {logging_mixin.py:188} INFO - [2025-06-15T03:09:44.124+0000] {dag.py:3096} INFO - Sync 1 DAGs
[2025-06-15T03:09:44.143+0000] {logging_mixin.py:188} INFO - [2025-06-15T03:09:44.143+0000] {dag.py:3954} INFO - Setting next_dagrun for etl_apple_sales to 2025-06-15 00:00:00+00:00, run_after=2025-06-16 00:00:00+00:00
[2025-06-15T03:09:44.187+0000] {processor.py:183} INFO - Processing /opt/airflow/dags/tes123.py took 1.259 seconds
[2025-06-15T03:13:20.411+0000] {processor.py:161} INFO - Started process (PID=3466) to work on /opt/airflow/dags/tes123.py
[2025-06-15T03:13:20.419+0000] {processor.py:830} INFO - Processing file /opt/airflow/dags/tes123.py for tasks to queue
[2025-06-15T03:13:20.424+0000] {logging_mixin.py:188} INFO - [2025-06-15T03:13:20.424+0000] {dagbag.py:540} INFO - Filling up the DagBag from /opt/airflow/dags/tes123.py
[2025-06-15T03:13:20.999+0000] {processor.py:840} INFO - DAG(s) 'etl_apple_sales' retrieved from /opt/airflow/dags/tes123.py
[2025-06-15T03:13:21.096+0000] {logging_mixin.py:188} INFO - [2025-06-15T03:13:21.096+0000] {dag.py:3096} INFO - Sync 1 DAGs
[2025-06-15T03:13:21.139+0000] {logging_mixin.py:188} INFO - [2025-06-15T03:13:21.139+0000] {dag.py:3954} INFO - Setting next_dagrun for etl_apple_sales to 2025-06-15 00:00:00+00:00, run_after=2025-06-16 00:00:00+00:00
[2025-06-15T03:13:21.157+0000] {processor.py:183} INFO - Processing /opt/airflow/dags/tes123.py took 0.808 seconds
[2025-06-15T03:20:46.110+0000] {processor.py:161} INFO - Started process (PID=3530) to work on /opt/airflow/dags/tes123.py
[2025-06-15T03:20:46.111+0000] {processor.py:830} INFO - Processing file /opt/airflow/dags/tes123.py for tasks to queue
[2025-06-15T03:20:46.117+0000] {logging_mixin.py:188} INFO - [2025-06-15T03:20:46.116+0000] {dagbag.py:540} INFO - Filling up the DagBag from /opt/airflow/dags/tes123.py
[2025-06-15T03:20:46.610+0000] {processor.py:840} INFO - DAG(s) 'etl_apple_sales' retrieved from /opt/airflow/dags/tes123.py
[2025-06-15T03:20:46.866+0000] {logging_mixin.py:188} INFO - [2025-06-15T03:20:46.864+0000] {dag.py:3096} INFO - Sync 1 DAGs
[2025-06-15T03:20:46.948+0000] {logging_mixin.py:188} INFO - [2025-06-15T03:20:46.947+0000] {dag.py:3954} INFO - Setting next_dagrun for etl_apple_sales to 2025-06-15 00:00:00+00:00, run_after=2025-06-16 00:00:00+00:00
[2025-06-15T03:20:47.035+0000] {processor.py:183} INFO - Processing /opt/airflow/dags/tes123.py took 0.937 seconds
[2025-06-15T03:24:14.938+0000] {processor.py:161} INFO - Started process (PID=3594) to work on /opt/airflow/dags/tes123.py
[2025-06-15T03:24:14.946+0000] {processor.py:830} INFO - Processing file /opt/airflow/dags/tes123.py for tasks to queue
[2025-06-15T03:24:14.955+0000] {logging_mixin.py:188} INFO - [2025-06-15T03:24:14.955+0000] {dagbag.py:540} INFO - Filling up the DagBag from /opt/airflow/dags/tes123.py
[2025-06-15T03:24:15.574+0000] {processor.py:840} INFO - DAG(s) 'etl_apple_sales' retrieved from /opt/airflow/dags/tes123.py
[2025-06-15T03:24:15.725+0000] {logging_mixin.py:188} INFO - [2025-06-15T03:24:15.723+0000] {dag.py:3096} INFO - Sync 1 DAGs
[2025-06-15T03:24:15.790+0000] {logging_mixin.py:188} INFO - [2025-06-15T03:24:15.789+0000] {dag.py:3954} INFO - Setting next_dagrun for etl_apple_sales to 2025-06-15 00:00:00+00:00, run_after=2025-06-16 00:00:00+00:00
[2025-06-15T03:24:15.833+0000] {processor.py:183} INFO - Processing /opt/airflow/dags/tes123.py took 0.949 seconds
[2025-06-15T03:26:40.728+0000] {processor.py:161} INFO - Started process (PID=3658) to work on /opt/airflow/dags/tes123.py
[2025-06-15T03:26:40.729+0000] {processor.py:830} INFO - Processing file /opt/airflow/dags/tes123.py for tasks to queue
[2025-06-15T03:26:40.732+0000] {logging_mixin.py:188} INFO - [2025-06-15T03:26:40.731+0000] {dagbag.py:540} INFO - Filling up the DagBag from /opt/airflow/dags/tes123.py
[2025-06-15T03:26:41.007+0000] {processor.py:840} INFO - DAG(s) 'etl_apple_sales' retrieved from /opt/airflow/dags/tes123.py
[2025-06-15T03:26:41.126+0000] {logging_mixin.py:188} INFO - [2025-06-15T03:26:41.126+0000] {dag.py:3096} INFO - Sync 1 DAGs
[2025-06-15T03:26:41.142+0000] {logging_mixin.py:188} INFO - [2025-06-15T03:26:41.142+0000] {dag.py:3954} INFO - Setting next_dagrun for etl_apple_sales to 2025-06-15 00:00:00+00:00, run_after=2025-06-16 00:00:00+00:00
[2025-06-15T03:26:41.161+0000] {processor.py:183} INFO - Processing /opt/airflow/dags/tes123.py took 0.444 seconds
[2025-06-15T03:28:43.459+0000] {processor.py:161} INFO - Started process (PID=3722) to work on /opt/airflow/dags/tes123.py
[2025-06-15T03:28:43.460+0000] {processor.py:830} INFO - Processing file /opt/airflow/dags/tes123.py for tasks to queue
[2025-06-15T03:28:43.464+0000] {logging_mixin.py:188} INFO - [2025-06-15T03:28:43.464+0000] {dagbag.py:540} INFO - Filling up the DagBag from /opt/airflow/dags/tes123.py
[2025-06-15T03:28:43.648+0000] {processor.py:840} INFO - DAG(s) 'etl_apple_sales' retrieved from /opt/airflow/dags/tes123.py
[2025-06-15T03:28:43.695+0000] {logging_mixin.py:188} INFO - [2025-06-15T03:28:43.695+0000] {dag.py:3096} INFO - Sync 1 DAGs
[2025-06-15T03:28:43.719+0000] {logging_mixin.py:188} INFO - [2025-06-15T03:28:43.719+0000] {dag.py:3954} INFO - Setting next_dagrun for etl_apple_sales to 2025-06-15 00:00:00+00:00, run_after=2025-06-16 00:00:00+00:00
[2025-06-15T03:28:43.749+0000] {processor.py:183} INFO - Processing /opt/airflow/dags/tes123.py took 0.299 seconds
[2025-06-15T03:34:21.440+0000] {processor.py:161} INFO - Started process (PID=3786) to work on /opt/airflow/dags/tes123.py
[2025-06-15T03:34:21.444+0000] {processor.py:830} INFO - Processing file /opt/airflow/dags/tes123.py for tasks to queue
[2025-06-15T03:34:21.453+0000] {logging_mixin.py:188} INFO - [2025-06-15T03:34:21.452+0000] {dagbag.py:540} INFO - Filling up the DagBag from /opt/airflow/dags/tes123.py
[2025-06-15T03:34:21.879+0000] {processor.py:840} INFO - DAG(s) 'etl_apple_sales' retrieved from /opt/airflow/dags/tes123.py
[2025-06-15T03:34:21.983+0000] {logging_mixin.py:188} INFO - [2025-06-15T03:34:21.983+0000] {dag.py:3096} INFO - Sync 1 DAGs
[2025-06-15T03:34:21.998+0000] {logging_mixin.py:188} INFO - [2025-06-15T03:34:21.998+0000] {dag.py:3954} INFO - Setting next_dagrun for etl_apple_sales to 2025-06-15 00:00:00+00:00, run_after=2025-06-16 00:00:00+00:00
[2025-06-15T03:34:22.031+0000] {processor.py:183} INFO - Processing /opt/airflow/dags/tes123.py took 0.625 seconds
[2025-06-15T03:34:52.107+0000] {processor.py:161} INFO - Started process (PID=3851) to work on /opt/airflow/dags/tes123.py
[2025-06-15T03:34:52.109+0000] {processor.py:830} INFO - Processing file /opt/airflow/dags/tes123.py for tasks to queue
[2025-06-15T03:34:52.111+0000] {logging_mixin.py:188} INFO - [2025-06-15T03:34:52.111+0000] {dagbag.py:540} INFO - Filling up the DagBag from /opt/airflow/dags/tes123.py
[2025-06-15T03:34:52.350+0000] {processor.py:840} INFO - DAG(s) 'etl_apple_sales' retrieved from /opt/airflow/dags/tes123.py
[2025-06-15T03:34:52.388+0000] {logging_mixin.py:188} INFO - [2025-06-15T03:34:52.388+0000] {dag.py:3096} INFO - Sync 1 DAGs
[2025-06-15T03:34:52.420+0000] {logging_mixin.py:188} INFO - [2025-06-15T03:34:52.420+0000] {dag.py:3954} INFO - Setting next_dagrun for etl_apple_sales to 2025-06-15 00:00:00+00:00, run_after=2025-06-16 00:00:00+00:00
[2025-06-15T03:34:52.442+0000] {processor.py:183} INFO - Processing /opt/airflow/dags/tes123.py took 0.345 seconds
[2025-06-15T03:40:25.201+0000] {processor.py:161} INFO - Started process (PID=3914) to work on /opt/airflow/dags/tes123.py
[2025-06-15T03:40:25.203+0000] {processor.py:830} INFO - Processing file /opt/airflow/dags/tes123.py for tasks to queue
[2025-06-15T03:40:25.208+0000] {logging_mixin.py:188} INFO - [2025-06-15T03:40:25.207+0000] {dagbag.py:540} INFO - Filling up the DagBag from /opt/airflow/dags/tes123.py
[2025-06-15T03:40:25.556+0000] {processor.py:840} INFO - DAG(s) 'etl_apple_sales' retrieved from /opt/airflow/dags/tes123.py
[2025-06-15T03:40:25.665+0000] {logging_mixin.py:188} INFO - [2025-06-15T03:40:25.665+0000] {dag.py:3096} INFO - Sync 1 DAGs
[2025-06-15T03:40:25.678+0000] {logging_mixin.py:188} INFO - [2025-06-15T03:40:25.678+0000] {dag.py:3954} INFO - Setting next_dagrun for etl_apple_sales to 2025-06-15 00:00:00+00:00, run_after=2025-06-16 00:00:00+00:00
[2025-06-15T03:40:25.705+0000] {processor.py:183} INFO - Processing /opt/airflow/dags/tes123.py took 0.541 seconds
[2025-06-15T03:40:56.536+0000] {processor.py:161} INFO - Started process (PID=3978) to work on /opt/airflow/dags/tes123.py
[2025-06-15T03:40:56.538+0000] {processor.py:830} INFO - Processing file /opt/airflow/dags/tes123.py for tasks to queue
[2025-06-15T03:40:56.545+0000] {logging_mixin.py:188} INFO - [2025-06-15T03:40:56.544+0000] {dagbag.py:540} INFO - Filling up the DagBag from /opt/airflow/dags/tes123.py
[2025-06-15T03:40:56.780+0000] {processor.py:840} INFO - DAG(s) 'etl_apple_sales' retrieved from /opt/airflow/dags/tes123.py
[2025-06-15T03:40:56.805+0000] {logging_mixin.py:188} INFO - [2025-06-15T03:40:56.805+0000] {dag.py:3096} INFO - Sync 1 DAGs
[2025-06-15T03:40:56.830+0000] {logging_mixin.py:188} INFO - [2025-06-15T03:40:56.830+0000] {dag.py:3954} INFO - Setting next_dagrun for etl_apple_sales to 2025-06-15 00:00:00+00:00, run_after=2025-06-16 00:00:00+00:00
[2025-06-15T03:40:56.849+0000] {processor.py:183} INFO - Processing /opt/airflow/dags/tes123.py took 0.337 seconds
[2025-06-15T03:46:31.319+0000] {processor.py:161} INFO - Started process (PID=4042) to work on /opt/airflow/dags/tes123.py
[2025-06-15T03:46:31.322+0000] {processor.py:830} INFO - Processing file /opt/airflow/dags/tes123.py for tasks to queue
[2025-06-15T03:46:31.333+0000] {logging_mixin.py:188} INFO - [2025-06-15T03:46:31.333+0000] {dagbag.py:540} INFO - Filling up the DagBag from /opt/airflow/dags/tes123.py
[2025-06-15T03:46:31.558+0000] {processor.py:840} INFO - DAG(s) 'etl_apple_sales' retrieved from /opt/airflow/dags/tes123.py
[2025-06-15T03:46:31.676+0000] {logging_mixin.py:188} INFO - [2025-06-15T03:46:31.675+0000] {dag.py:3096} INFO - Sync 1 DAGs
[2025-06-15T03:46:31.689+0000] {logging_mixin.py:188} INFO - [2025-06-15T03:46:31.689+0000] {dag.py:3954} INFO - Setting next_dagrun for etl_apple_sales to 2025-06-15 00:00:00+00:00, run_after=2025-06-16 00:00:00+00:00
[2025-06-15T03:46:31.703+0000] {processor.py:183} INFO - Processing /opt/airflow/dags/tes123.py took 0.399 seconds
[2025-06-15T03:48:40.658+0000] {processor.py:161} INFO - Started process (PID=4106) to work on /opt/airflow/dags/tes123.py
[2025-06-15T03:48:40.662+0000] {processor.py:830} INFO - Processing file /opt/airflow/dags/tes123.py for tasks to queue
[2025-06-15T03:48:40.665+0000] {logging_mixin.py:188} INFO - [2025-06-15T03:48:40.665+0000] {dagbag.py:540} INFO - Filling up the DagBag from /opt/airflow/dags/tes123.py
[2025-06-15T03:48:40.911+0000] {processor.py:840} INFO - DAG(s) 'etl_apple_sales' retrieved from /opt/airflow/dags/tes123.py
[2025-06-15T03:48:40.944+0000] {logging_mixin.py:188} INFO - [2025-06-15T03:48:40.943+0000] {dag.py:3096} INFO - Sync 1 DAGs
[2025-06-15T03:48:40.985+0000] {logging_mixin.py:188} INFO - [2025-06-15T03:48:40.985+0000] {dag.py:3954} INFO - Setting next_dagrun for etl_apple_sales to 2025-06-15 00:00:00+00:00, run_after=2025-06-16 00:00:00+00:00
[2025-06-15T03:48:41.017+0000] {processor.py:183} INFO - Processing /opt/airflow/dags/tes123.py took 0.376 seconds
[2025-06-15T03:51:12.816+0000] {processor.py:161} INFO - Started process (PID=4170) to work on /opt/airflow/dags/tes123.py
[2025-06-15T03:51:12.854+0000] {processor.py:830} INFO - Processing file /opt/airflow/dags/tes123.py for tasks to queue
[2025-06-15T03:51:12.942+0000] {logging_mixin.py:188} INFO - [2025-06-15T03:51:12.939+0000] {dagbag.py:540} INFO - Filling up the DagBag from /opt/airflow/dags/tes123.py
[2025-06-15T03:51:14.001+0000] {processor.py:840} INFO - DAG(s) 'etl_apple_sales' retrieved from /opt/airflow/dags/tes123.py
[2025-06-15T03:51:14.176+0000] {logging_mixin.py:188} INFO - [2025-06-15T03:51:14.176+0000] {dag.py:3096} INFO - Sync 1 DAGs
[2025-06-15T03:51:14.199+0000] {logging_mixin.py:188} INFO - [2025-06-15T03:51:14.198+0000] {dag.py:3954} INFO - Setting next_dagrun for etl_apple_sales to 2025-06-15 00:00:00+00:00, run_after=2025-06-16 00:00:00+00:00
[2025-06-15T03:51:14.230+0000] {processor.py:183} INFO - Processing /opt/airflow/dags/tes123.py took 1.484 seconds
[2025-06-15T03:52:18.005+0000] {processor.py:161} INFO - Started process (PID=4234) to work on /opt/airflow/dags/tes123.py
[2025-06-15T03:52:18.007+0000] {processor.py:830} INFO - Processing file /opt/airflow/dags/tes123.py for tasks to queue
[2025-06-15T03:52:18.012+0000] {logging_mixin.py:188} INFO - [2025-06-15T03:52:18.011+0000] {dagbag.py:540} INFO - Filling up the DagBag from /opt/airflow/dags/tes123.py
[2025-06-15T03:52:18.316+0000] {processor.py:840} INFO - DAG(s) 'etl_apple_sales' retrieved from /opt/airflow/dags/tes123.py
[2025-06-15T03:52:18.360+0000] {logging_mixin.py:188} INFO - [2025-06-15T03:52:18.360+0000] {dag.py:3096} INFO - Sync 1 DAGs
[2025-06-15T03:52:18.401+0000] {logging_mixin.py:188} INFO - [2025-06-15T03:52:18.400+0000] {dag.py:3954} INFO - Setting next_dagrun for etl_apple_sales to 2025-06-15 00:00:00+00:00, run_after=2025-06-16 00:00:00+00:00
[2025-06-15T03:52:18.418+0000] {processor.py:183} INFO - Processing /opt/airflow/dags/tes123.py took 0.437 seconds
[2025-06-15T03:54:08.199+0000] {processor.py:161} INFO - Started process (PID=4298) to work on /opt/airflow/dags/tes123.py
[2025-06-15T03:54:08.202+0000] {processor.py:830} INFO - Processing file /opt/airflow/dags/tes123.py for tasks to queue
[2025-06-15T03:54:08.208+0000] {logging_mixin.py:188} INFO - [2025-06-15T03:54:08.208+0000] {dagbag.py:540} INFO - Filling up the DagBag from /opt/airflow/dags/tes123.py
[2025-06-15T03:54:08.468+0000] {processor.py:840} INFO - DAG(s) 'etl_apple_sales' retrieved from /opt/airflow/dags/tes123.py
[2025-06-15T03:54:08.582+0000] {logging_mixin.py:188} INFO - [2025-06-15T03:54:08.582+0000] {dag.py:3096} INFO - Sync 1 DAGs
[2025-06-15T03:54:08.597+0000] {logging_mixin.py:188} INFO - [2025-06-15T03:54:08.597+0000] {dag.py:3954} INFO - Setting next_dagrun for etl_apple_sales to 2025-06-15 00:00:00+00:00, run_after=2025-06-16 00:00:00+00:00
[2025-06-15T03:54:08.620+0000] {processor.py:183} INFO - Processing /opt/airflow/dags/tes123.py took 0.451 seconds
[2025-06-15T03:54:39.085+0000] {processor.py:161} INFO - Started process (PID=4362) to work on /opt/airflow/dags/tes123.py
[2025-06-15T03:54:39.088+0000] {processor.py:830} INFO - Processing file /opt/airflow/dags/tes123.py for tasks to queue
[2025-06-15T03:54:39.097+0000] {logging_mixin.py:188} INFO - [2025-06-15T03:54:39.096+0000] {dagbag.py:540} INFO - Filling up the DagBag from /opt/airflow/dags/tes123.py
[2025-06-15T03:54:39.336+0000] {processor.py:840} INFO - DAG(s) 'etl_apple_sales' retrieved from /opt/airflow/dags/tes123.py
[2025-06-15T03:54:39.361+0000] {logging_mixin.py:188} INFO - [2025-06-15T03:54:39.360+0000] {dag.py:3096} INFO - Sync 1 DAGs
[2025-06-15T03:54:39.397+0000] {logging_mixin.py:188} INFO - [2025-06-15T03:54:39.396+0000] {dag.py:3954} INFO - Setting next_dagrun for etl_apple_sales to 2025-06-15 00:00:00+00:00, run_after=2025-06-16 00:00:00+00:00
[2025-06-15T03:54:39.410+0000] {processor.py:183} INFO - Processing /opt/airflow/dags/tes123.py took 0.344 seconds
[2025-06-15T04:01:40.214+0000] {processor.py:161} INFO - Started process (PID=4426) to work on /opt/airflow/dags/tes123.py
[2025-06-15T04:01:40.216+0000] {processor.py:830} INFO - Processing file /opt/airflow/dags/tes123.py for tasks to queue
[2025-06-15T04:01:40.221+0000] {logging_mixin.py:188} INFO - [2025-06-15T04:01:40.220+0000] {dagbag.py:540} INFO - Filling up the DagBag from /opt/airflow/dags/tes123.py
[2025-06-15T04:01:40.706+0000] {processor.py:840} INFO - DAG(s) 'etl_apple_sales' retrieved from /opt/airflow/dags/tes123.py
[2025-06-15T04:01:40.952+0000] {logging_mixin.py:188} INFO - [2025-06-15T04:01:40.951+0000] {dag.py:3096} INFO - Sync 1 DAGs
[2025-06-15T04:01:40.967+0000] {logging_mixin.py:188} INFO - [2025-06-15T04:01:40.967+0000] {dag.py:3954} INFO - Setting next_dagrun for etl_apple_sales to 2025-06-15 00:00:00+00:00, run_after=2025-06-16 00:00:00+00:00
[2025-06-15T04:01:41.005+0000] {processor.py:183} INFO - Processing /opt/airflow/dags/tes123.py took 0.817 seconds
[2025-06-15T04:02:11.629+0000] {processor.py:161} INFO - Started process (PID=4490) to work on /opt/airflow/dags/tes123.py
[2025-06-15T04:02:11.632+0000] {processor.py:830} INFO - Processing file /opt/airflow/dags/tes123.py for tasks to queue
[2025-06-15T04:02:11.636+0000] {logging_mixin.py:188} INFO - [2025-06-15T04:02:11.636+0000] {dagbag.py:540} INFO - Filling up the DagBag from /opt/airflow/dags/tes123.py
[2025-06-15T04:02:11.859+0000] {processor.py:840} INFO - DAG(s) 'etl_apple_sales' retrieved from /opt/airflow/dags/tes123.py
[2025-06-15T04:02:11.885+0000] {logging_mixin.py:188} INFO - [2025-06-15T04:02:11.884+0000] {dag.py:3096} INFO - Sync 1 DAGs
[2025-06-15T04:02:11.912+0000] {logging_mixin.py:188} INFO - [2025-06-15T04:02:11.912+0000] {dag.py:3954} INFO - Setting next_dagrun for etl_apple_sales to 2025-06-15 00:00:00+00:00, run_after=2025-06-16 00:00:00+00:00
[2025-06-15T04:02:11.928+0000] {processor.py:183} INFO - Processing /opt/airflow/dags/tes123.py took 0.315 seconds
[2025-06-15T04:08:31.756+0000] {processor.py:161} INFO - Started process (PID=4555) to work on /opt/airflow/dags/tes123.py
[2025-06-15T04:08:31.761+0000] {processor.py:830} INFO - Processing file /opt/airflow/dags/tes123.py for tasks to queue
[2025-06-15T04:08:31.776+0000] {logging_mixin.py:188} INFO - [2025-06-15T04:08:31.773+0000] {dagbag.py:540} INFO - Filling up the DagBag from /opt/airflow/dags/tes123.py
[2025-06-15T04:08:32.489+0000] {processor.py:840} INFO - DAG(s) 'etl_apple_sales' retrieved from /opt/airflow/dags/tes123.py
[2025-06-15T04:08:32.644+0000] {logging_mixin.py:188} INFO - [2025-06-15T04:08:32.644+0000] {dag.py:3096} INFO - Sync 1 DAGs
[2025-06-15T04:08:32.662+0000] {logging_mixin.py:188} INFO - [2025-06-15T04:08:32.661+0000] {dag.py:3954} INFO - Setting next_dagrun for etl_apple_sales to 2025-06-15 00:00:00+00:00, run_after=2025-06-16 00:00:00+00:00
[2025-06-15T04:08:32.681+0000] {processor.py:183} INFO - Processing /opt/airflow/dags/tes123.py took 0.950 seconds
[2025-06-15T04:09:03.330+0000] {processor.py:161} INFO - Started process (PID=4619) to work on /opt/airflow/dags/tes123.py
[2025-06-15T04:09:03.333+0000] {processor.py:830} INFO - Processing file /opt/airflow/dags/tes123.py for tasks to queue
[2025-06-15T04:09:03.338+0000] {logging_mixin.py:188} INFO - [2025-06-15T04:09:03.338+0000] {dagbag.py:540} INFO - Filling up the DagBag from /opt/airflow/dags/tes123.py
[2025-06-15T04:09:03.594+0000] {processor.py:840} INFO - DAG(s) 'etl_apple_sales' retrieved from /opt/airflow/dags/tes123.py
[2025-06-15T04:09:03.611+0000] {logging_mixin.py:188} INFO - [2025-06-15T04:09:03.611+0000] {dag.py:3096} INFO - Sync 1 DAGs
[2025-06-15T04:09:03.626+0000] {logging_mixin.py:188} INFO - [2025-06-15T04:09:03.626+0000] {dag.py:3954} INFO - Setting next_dagrun for etl_apple_sales to 2025-06-15 00:00:00+00:00, run_after=2025-06-16 00:00:00+00:00
[2025-06-15T04:09:03.636+0000] {processor.py:183} INFO - Processing /opt/airflow/dags/tes123.py took 0.340 seconds
[2025-06-15T04:15:18.574+0000] {processor.py:161} INFO - Started process (PID=4683) to work on /opt/airflow/dags/tes123.py
[2025-06-15T04:15:18.582+0000] {processor.py:830} INFO - Processing file /opt/airflow/dags/tes123.py for tasks to queue
[2025-06-15T04:15:18.593+0000] {logging_mixin.py:188} INFO - [2025-06-15T04:15:18.591+0000] {dagbag.py:540} INFO - Filling up the DagBag from /opt/airflow/dags/tes123.py
[2025-06-15T04:15:19.317+0000] {processor.py:840} INFO - DAG(s) 'etl_apple_sales' retrieved from /opt/airflow/dags/tes123.py
[2025-06-15T04:15:19.586+0000] {logging_mixin.py:188} INFO - [2025-06-15T04:15:19.585+0000] {dag.py:3096} INFO - Sync 1 DAGs
[2025-06-15T04:15:19.611+0000] {logging_mixin.py:188} INFO - [2025-06-15T04:15:19.611+0000] {dag.py:3954} INFO - Setting next_dagrun for etl_apple_sales to 2025-06-15 00:00:00+00:00, run_after=2025-06-16 00:00:00+00:00
[2025-06-15T04:15:19.632+0000] {processor.py:183} INFO - Processing /opt/airflow/dags/tes123.py took 1.106 seconds
[2025-06-15T04:15:50.671+0000] {processor.py:161} INFO - Started process (PID=4747) to work on /opt/airflow/dags/tes123.py
[2025-06-15T04:15:50.673+0000] {processor.py:830} INFO - Processing file /opt/airflow/dags/tes123.py for tasks to queue
[2025-06-15T04:15:50.678+0000] {logging_mixin.py:188} INFO - [2025-06-15T04:15:50.677+0000] {dagbag.py:540} INFO - Filling up the DagBag from /opt/airflow/dags/tes123.py
[2025-06-15T04:15:51.016+0000] {processor.py:840} INFO - DAG(s) 'etl_apple_sales' retrieved from /opt/airflow/dags/tes123.py
[2025-06-15T04:15:51.054+0000] {logging_mixin.py:188} INFO - [2025-06-15T04:15:51.053+0000] {dag.py:3096} INFO - Sync 1 DAGs
[2025-06-15T04:15:51.077+0000] {logging_mixin.py:188} INFO - [2025-06-15T04:15:51.077+0000] {dag.py:3954} INFO - Setting next_dagrun for etl_apple_sales to 2025-06-15 00:00:00+00:00, run_after=2025-06-16 00:00:00+00:00
[2025-06-15T04:15:51.090+0000] {processor.py:183} INFO - Processing /opt/airflow/dags/tes123.py took 0.443 seconds
[2025-06-15T04:18:06.233+0000] {processor.py:161} INFO - Started process (PID=4811) to work on /opt/airflow/dags/tes123.py
[2025-06-15T04:18:06.238+0000] {processor.py:830} INFO - Processing file /opt/airflow/dags/tes123.py for tasks to queue
[2025-06-15T04:18:06.252+0000] {logging_mixin.py:188} INFO - [2025-06-15T04:18:06.251+0000] {dagbag.py:540} INFO - Filling up the DagBag from /opt/airflow/dags/tes123.py
[2025-06-15T04:18:06.511+0000] {processor.py:840} INFO - DAG(s) 'etl_apple_sales' retrieved from /opt/airflow/dags/tes123.py
[2025-06-15T04:18:06.626+0000] {logging_mixin.py:188} INFO - [2025-06-15T04:18:06.626+0000] {dag.py:3096} INFO - Sync 1 DAGs
[2025-06-15T04:18:06.639+0000] {logging_mixin.py:188} INFO - [2025-06-15T04:18:06.639+0000] {dag.py:3954} INFO - Setting next_dagrun for etl_apple_sales to 2025-06-15 00:00:00+00:00, run_after=2025-06-16 00:00:00+00:00
[2025-06-15T04:18:06.663+0000] {processor.py:183} INFO - Processing /opt/airflow/dags/tes123.py took 0.442 seconds
[2025-06-15T04:18:37.079+0000] {processor.py:161} INFO - Started process (PID=4875) to work on /opt/airflow/dags/tes123.py
[2025-06-15T04:18:37.086+0000] {processor.py:830} INFO - Processing file /opt/airflow/dags/tes123.py for tasks to queue
[2025-06-15T04:18:37.102+0000] {logging_mixin.py:188} INFO - [2025-06-15T04:18:37.101+0000] {dagbag.py:540} INFO - Filling up the DagBag from /opt/airflow/dags/tes123.py
[2025-06-15T04:18:37.354+0000] {processor.py:840} INFO - DAG(s) 'etl_apple_sales' retrieved from /opt/airflow/dags/tes123.py
[2025-06-15T04:18:37.387+0000] {logging_mixin.py:188} INFO - [2025-06-15T04:18:37.387+0000] {dag.py:3096} INFO - Sync 1 DAGs
[2025-06-15T04:18:37.416+0000] {logging_mixin.py:188} INFO - [2025-06-15T04:18:37.416+0000] {dag.py:3954} INFO - Setting next_dagrun for etl_apple_sales to 2025-06-15 00:00:00+00:00, run_after=2025-06-16 00:00:00+00:00
[2025-06-15T04:18:37.437+0000] {processor.py:183} INFO - Processing /opt/airflow/dags/tes123.py took 0.397 seconds
[2025-06-15T04:19:08.197+0000] {processor.py:161} INFO - Started process (PID=4939) to work on /opt/airflow/dags/tes123.py
[2025-06-15T04:19:08.213+0000] {processor.py:830} INFO - Processing file /opt/airflow/dags/tes123.py for tasks to queue
[2025-06-15T04:19:08.221+0000] {logging_mixin.py:188} INFO - [2025-06-15T04:19:08.221+0000] {dagbag.py:540} INFO - Filling up the DagBag from /opt/airflow/dags/tes123.py
[2025-06-15T04:19:08.427+0000] {processor.py:840} INFO - DAG(s) 'etl_apple_sales' retrieved from /opt/airflow/dags/tes123.py
[2025-06-15T04:19:08.535+0000] {logging_mixin.py:188} INFO - [2025-06-15T04:19:08.535+0000] {dag.py:3096} INFO - Sync 1 DAGs
[2025-06-15T04:19:09.147+0000] {logging_mixin.py:188} INFO - [2025-06-15T04:19:09.147+0000] {dag.py:3954} INFO - Setting next_dagrun for etl_apple_sales to 2025-06-15 00:00:00+00:00, run_after=2025-06-16 00:00:00+00:00
[2025-06-15T04:19:09.160+0000] {processor.py:183} INFO - Processing /opt/airflow/dags/tes123.py took 0.987 seconds
[2025-06-15T04:21:17.328+0000] {processor.py:161} INFO - Started process (PID=5003) to work on /opt/airflow/dags/tes123.py
[2025-06-15T04:21:17.330+0000] {processor.py:830} INFO - Processing file /opt/airflow/dags/tes123.py for tasks to queue
[2025-06-15T04:21:17.335+0000] {logging_mixin.py:188} INFO - [2025-06-15T04:21:17.334+0000] {dagbag.py:540} INFO - Filling up the DagBag from /opt/airflow/dags/tes123.py
[2025-06-15T04:21:17.739+0000] {processor.py:840} INFO - DAG(s) 'etl_apple_sales' retrieved from /opt/airflow/dags/tes123.py
[2025-06-15T04:21:17.856+0000] {logging_mixin.py:188} INFO - [2025-06-15T04:21:17.856+0000] {dag.py:3096} INFO - Sync 1 DAGs
[2025-06-15T04:21:17.877+0000] {logging_mixin.py:188} INFO - [2025-06-15T04:21:17.877+0000] {dag.py:3954} INFO - Setting next_dagrun for etl_apple_sales to 2025-06-15 00:00:00+00:00, run_after=2025-06-16 00:00:00+00:00
[2025-06-15T04:21:18.201+0000] {processor.py:183} INFO - Processing /opt/airflow/dags/tes123.py took 0.894 seconds
[2025-06-15T04:21:49.044+0000] {processor.py:161} INFO - Started process (PID=5067) to work on /opt/airflow/dags/tes123.py
[2025-06-15T04:21:49.046+0000] {processor.py:830} INFO - Processing file /opt/airflow/dags/tes123.py for tasks to queue
[2025-06-15T04:21:49.052+0000] {logging_mixin.py:188} INFO - [2025-06-15T04:21:49.052+0000] {dagbag.py:540} INFO - Filling up the DagBag from /opt/airflow/dags/tes123.py
[2025-06-15T04:21:49.326+0000] {processor.py:840} INFO - DAG(s) 'etl_apple_sales' retrieved from /opt/airflow/dags/tes123.py
[2025-06-15T04:21:49.428+0000] {logging_mixin.py:188} INFO - [2025-06-15T04:21:49.427+0000] {dag.py:3096} INFO - Sync 1 DAGs
[2025-06-15T04:21:49.445+0000] {logging_mixin.py:188} INFO - [2025-06-15T04:21:49.445+0000] {dag.py:3954} INFO - Setting next_dagrun for etl_apple_sales to 2025-06-15 00:00:00+00:00, run_after=2025-06-16 00:00:00+00:00
[2025-06-15T04:21:49.779+0000] {processor.py:183} INFO - Processing /opt/airflow/dags/tes123.py took 0.777 seconds
[2025-06-15T04:25:28.982+0000] {processor.py:161} INFO - Started process (PID=5131) to work on /opt/airflow/dags/tes123.py
[2025-06-15T04:25:28.985+0000] {processor.py:830} INFO - Processing file /opt/airflow/dags/tes123.py for tasks to queue
[2025-06-15T04:25:28.994+0000] {logging_mixin.py:188} INFO - [2025-06-15T04:25:28.993+0000] {dagbag.py:540} INFO - Filling up the DagBag from /opt/airflow/dags/tes123.py
[2025-06-15T04:25:29.695+0000] {processor.py:840} INFO - DAG(s) 'etl_apple_sales' retrieved from /opt/airflow/dags/tes123.py
[2025-06-15T04:25:29.726+0000] {logging_mixin.py:188} INFO - [2025-06-15T04:25:29.725+0000] {dag.py:3096} INFO - Sync 1 DAGs
[2025-06-15T04:25:29.750+0000] {logging_mixin.py:188} INFO - [2025-06-15T04:25:29.750+0000] {dag.py:3954} INFO - Setting next_dagrun for etl_apple_sales to 2025-06-15 00:00:00+00:00, run_after=2025-06-16 00:00:00+00:00
[2025-06-15T04:25:29.770+0000] {processor.py:183} INFO - Processing /opt/airflow/dags/tes123.py took 0.814 seconds
[2025-06-15T04:27:37.258+0000] {processor.py:161} INFO - Started process (PID=5195) to work on /opt/airflow/dags/tes123.py
[2025-06-15T04:27:37.260+0000] {processor.py:830} INFO - Processing file /opt/airflow/dags/tes123.py for tasks to queue
[2025-06-15T04:27:37.265+0000] {logging_mixin.py:188} INFO - [2025-06-15T04:27:37.265+0000] {dagbag.py:540} INFO - Filling up the DagBag from /opt/airflow/dags/tes123.py
[2025-06-15T04:27:37.506+0000] {processor.py:840} INFO - DAG(s) 'etl_apple_sales' retrieved from /opt/airflow/dags/tes123.py
[2025-06-15T04:27:37.618+0000] {logging_mixin.py:188} INFO - [2025-06-15T04:27:37.618+0000] {dag.py:3096} INFO - Sync 1 DAGs
[2025-06-15T04:27:37.634+0000] {logging_mixin.py:188} INFO - [2025-06-15T04:27:37.634+0000] {dag.py:3954} INFO - Setting next_dagrun for etl_apple_sales to 2025-06-15 00:00:00+00:00, run_after=2025-06-16 00:00:00+00:00
[2025-06-15T04:27:37.849+0000] {processor.py:183} INFO - Processing /opt/airflow/dags/tes123.py took 0.613 seconds
[2025-06-15T04:32:11.434+0000] {processor.py:161} INFO - Started process (PID=5259) to work on /opt/airflow/dags/tes123.py
[2025-06-15T04:32:11.436+0000] {processor.py:830} INFO - Processing file /opt/airflow/dags/tes123.py for tasks to queue
[2025-06-15T04:32:11.442+0000] {logging_mixin.py:188} INFO - [2025-06-15T04:32:11.442+0000] {dagbag.py:540} INFO - Filling up the DagBag from /opt/airflow/dags/tes123.py
[2025-06-15T04:32:12.088+0000] {processor.py:840} INFO - DAG(s) 'etl_apple_sales' retrieved from /opt/airflow/dags/tes123.py
[2025-06-15T04:32:12.198+0000] {logging_mixin.py:188} INFO - [2025-06-15T04:32:12.195+0000] {dag.py:3096} INFO - Sync 1 DAGs
[2025-06-15T04:32:12.256+0000] {logging_mixin.py:188} INFO - [2025-06-15T04:32:12.255+0000] {dag.py:3954} INFO - Setting next_dagrun for etl_apple_sales to 2025-06-15 00:00:00+00:00, run_after=2025-06-16 00:00:00+00:00
[2025-06-15T04:32:12.302+0000] {processor.py:183} INFO - Processing /opt/airflow/dags/tes123.py took 0.885 seconds
[2025-06-15T04:34:19.107+0000] {processor.py:161} INFO - Started process (PID=5323) to work on /opt/airflow/dags/tes123.py
[2025-06-15T04:34:19.109+0000] {processor.py:830} INFO - Processing file /opt/airflow/dags/tes123.py for tasks to queue
[2025-06-15T04:34:19.114+0000] {logging_mixin.py:188} INFO - [2025-06-15T04:34:19.113+0000] {dagbag.py:540} INFO - Filling up the DagBag from /opt/airflow/dags/tes123.py
[2025-06-15T04:34:19.340+0000] {processor.py:840} INFO - DAG(s) 'etl_apple_sales' retrieved from /opt/airflow/dags/tes123.py
[2025-06-15T04:34:19.435+0000] {logging_mixin.py:188} INFO - [2025-06-15T04:34:19.434+0000] {dag.py:3096} INFO - Sync 1 DAGs
[2025-06-15T04:34:19.455+0000] {logging_mixin.py:188} INFO - [2025-06-15T04:34:19.455+0000] {dag.py:3954} INFO - Setting next_dagrun for etl_apple_sales to 2025-06-15 00:00:00+00:00, run_after=2025-06-16 00:00:00+00:00
[2025-06-15T04:34:19.672+0000] {processor.py:183} INFO - Processing /opt/airflow/dags/tes123.py took 0.584 seconds
[2025-06-15T04:49:48.694+0000] {processor.py:161} INFO - Started process (PID=5387) to work on /opt/airflow/dags/tes123.py
[2025-06-15T04:49:48.696+0000] {processor.py:830} INFO - Processing file /opt/airflow/dags/tes123.py for tasks to queue
[2025-06-15T04:49:48.701+0000] {logging_mixin.py:188} INFO - [2025-06-15T04:49:48.700+0000] {dagbag.py:540} INFO - Filling up the DagBag from /opt/airflow/dags/tes123.py
[2025-06-15T04:49:48.936+0000] {processor.py:840} INFO - DAG(s) 'etl_apple_sales' retrieved from /opt/airflow/dags/tes123.py
[2025-06-15T04:49:48.966+0000] {logging_mixin.py:188} INFO - [2025-06-15T04:49:48.966+0000] {dag.py:3096} INFO - Sync 1 DAGs
[2025-06-15T04:49:49.002+0000] {logging_mixin.py:188} INFO - [2025-06-15T04:49:49.002+0000] {dag.py:3954} INFO - Setting next_dagrun for etl_apple_sales to 2025-06-15 00:00:00+00:00, run_after=2025-06-16 00:00:00+00:00
[2025-06-15T04:49:49.019+0000] {processor.py:183} INFO - Processing /opt/airflow/dags/tes123.py took 0.338 seconds
[2025-06-15T04:50:19.738+0000] {processor.py:161} INFO - Started process (PID=5451) to work on /opt/airflow/dags/tes123.py
[2025-06-15T04:50:19.740+0000] {processor.py:830} INFO - Processing file /opt/airflow/dags/tes123.py for tasks to queue
[2025-06-15T04:50:19.744+0000] {logging_mixin.py:188} INFO - [2025-06-15T04:50:19.743+0000] {dagbag.py:540} INFO - Filling up the DagBag from /opt/airflow/dags/tes123.py
[2025-06-15T04:50:19.977+0000] {processor.py:840} INFO - DAG(s) 'etl_apple_sales' retrieved from /opt/airflow/dags/tes123.py
[2025-06-15T04:50:20.260+0000] {logging_mixin.py:188} INFO - [2025-06-15T04:50:20.260+0000] {dag.py:3096} INFO - Sync 1 DAGs
[2025-06-15T04:50:20.276+0000] {logging_mixin.py:188} INFO - [2025-06-15T04:50:20.276+0000] {dag.py:3954} INFO - Setting next_dagrun for etl_apple_sales to 2025-06-15 00:00:00+00:00, run_after=2025-06-16 00:00:00+00:00
[2025-06-15T04:50:20.290+0000] {processor.py:183} INFO - Processing /opt/airflow/dags/tes123.py took 0.586 seconds
[2025-06-15T04:50:50.829+0000] {processor.py:161} INFO - Started process (PID=5515) to work on /opt/airflow/dags/tes123.py
[2025-06-15T04:50:50.833+0000] {processor.py:830} INFO - Processing file /opt/airflow/dags/tes123.py for tasks to queue
[2025-06-15T04:50:50.843+0000] {logging_mixin.py:188} INFO - [2025-06-15T04:50:50.842+0000] {dagbag.py:540} INFO - Filling up the DagBag from /opt/airflow/dags/tes123.py
[2025-06-15T04:50:51.107+0000] {processor.py:840} INFO - DAG(s) 'etl_apple_sales' retrieved from /opt/airflow/dags/tes123.py
[2025-06-15T04:50:51.150+0000] {logging_mixin.py:188} INFO - [2025-06-15T04:50:51.149+0000] {dag.py:3096} INFO - Sync 1 DAGs
[2025-06-15T04:50:51.178+0000] {logging_mixin.py:188} INFO - [2025-06-15T04:50:51.178+0000] {dag.py:3954} INFO - Setting next_dagrun for etl_apple_sales to 2025-06-15 00:00:00+00:00, run_after=2025-06-16 00:00:00+00:00
[2025-06-15T04:50:51.212+0000] {processor.py:183} INFO - Processing /opt/airflow/dags/tes123.py took 0.414 seconds
[2025-06-15T04:51:21.890+0000] {processor.py:161} INFO - Started process (PID=5579) to work on /opt/airflow/dags/tes123.py
[2025-06-15T04:51:21.893+0000] {processor.py:830} INFO - Processing file /opt/airflow/dags/tes123.py for tasks to queue
[2025-06-15T04:51:21.897+0000] {logging_mixin.py:188} INFO - [2025-06-15T04:51:21.897+0000] {dagbag.py:540} INFO - Filling up the DagBag from /opt/airflow/dags/tes123.py
[2025-06-15T04:51:22.155+0000] {processor.py:840} INFO - DAG(s) 'etl_apple_sales' retrieved from /opt/airflow/dags/tes123.py
[2025-06-15T04:51:22.446+0000] {logging_mixin.py:188} INFO - [2025-06-15T04:51:22.446+0000] {dag.py:3096} INFO - Sync 1 DAGs
[2025-06-15T04:51:22.459+0000] {logging_mixin.py:188} INFO - [2025-06-15T04:51:22.459+0000] {dag.py:3954} INFO - Setting next_dagrun for etl_apple_sales to 2025-06-15 00:00:00+00:00, run_after=2025-06-16 00:00:00+00:00
[2025-06-15T04:51:22.468+0000] {processor.py:183} INFO - Processing /opt/airflow/dags/tes123.py took 0.597 seconds
[2025-06-15T04:53:09.365+0000] {processor.py:161} INFO - Started process (PID=5643) to work on /opt/airflow/dags/tes123.py
[2025-06-15T04:53:09.367+0000] {processor.py:830} INFO - Processing file /opt/airflow/dags/tes123.py for tasks to queue
[2025-06-15T04:53:09.371+0000] {logging_mixin.py:188} INFO - [2025-06-15T04:53:09.370+0000] {dagbag.py:540} INFO - Filling up the DagBag from /opt/airflow/dags/tes123.py
[2025-06-15T04:53:09.617+0000] {processor.py:840} INFO - DAG(s) 'etl_apple_sales' retrieved from /opt/airflow/dags/tes123.py
[2025-06-15T04:53:09.647+0000] {logging_mixin.py:188} INFO - [2025-06-15T04:53:09.646+0000] {dag.py:3096} INFO - Sync 1 DAGs
[2025-06-15T04:53:09.688+0000] {logging_mixin.py:188} INFO - [2025-06-15T04:53:09.687+0000] {dag.py:3954} INFO - Setting next_dagrun for etl_apple_sales to 2025-06-15 00:00:00+00:00, run_after=2025-06-16 00:00:00+00:00
[2025-06-15T04:53:09.702+0000] {processor.py:183} INFO - Processing /opt/airflow/dags/tes123.py took 0.351 seconds
[2025-06-15T05:04:05.056+0000] {processor.py:161} INFO - Started process (PID=5707) to work on /opt/airflow/dags/tes123.py
[2025-06-15T05:04:05.058+0000] {processor.py:830} INFO - Processing file /opt/airflow/dags/tes123.py for tasks to queue
[2025-06-15T05:04:05.063+0000] {logging_mixin.py:188} INFO - [2025-06-15T05:04:05.062+0000] {dagbag.py:540} INFO - Filling up the DagBag from /opt/airflow/dags/tes123.py
[2025-06-15T05:04:05.516+0000] {processor.py:840} INFO - DAG(s) 'etl_apple_sales' retrieved from /opt/airflow/dags/tes123.py
[2025-06-15T05:04:06.659+0000] {logging_mixin.py:188} INFO - [2025-06-15T05:04:06.659+0000] {dag.py:3096} INFO - Sync 1 DAGs
[2025-06-15T05:04:06.672+0000] {logging_mixin.py:188} INFO - [2025-06-15T05:04:06.672+0000] {dag.py:3954} INFO - Setting next_dagrun for etl_apple_sales to 2025-06-15 00:00:00+00:00, run_after=2025-06-16 00:00:00+00:00
[2025-06-15T05:04:06.694+0000] {processor.py:183} INFO - Processing /opt/airflow/dags/tes123.py took 1.664 seconds
[2025-06-15T05:06:03.964+0000] {processor.py:161} INFO - Started process (PID=5771) to work on /opt/airflow/dags/tes123.py
[2025-06-15T05:06:03.966+0000] {processor.py:830} INFO - Processing file /opt/airflow/dags/tes123.py for tasks to queue
[2025-06-15T05:06:03.970+0000] {logging_mixin.py:188} INFO - [2025-06-15T05:06:03.969+0000] {dagbag.py:540} INFO - Filling up the DagBag from /opt/airflow/dags/tes123.py
[2025-06-15T05:06:04.219+0000] {processor.py:840} INFO - DAG(s) 'etl_apple_sales' retrieved from /opt/airflow/dags/tes123.py
[2025-06-15T05:06:04.275+0000] {logging_mixin.py:188} INFO - [2025-06-15T05:06:04.274+0000] {dag.py:3096} INFO - Sync 1 DAGs
[2025-06-15T05:06:04.317+0000] {logging_mixin.py:188} INFO - [2025-06-15T05:06:04.316+0000] {dag.py:3954} INFO - Setting next_dagrun for etl_apple_sales to 2025-06-15 00:00:00+00:00, run_after=2025-06-16 00:00:00+00:00
[2025-06-15T05:06:04.341+0000] {processor.py:183} INFO - Processing /opt/airflow/dags/tes123.py took 0.403 seconds
[2025-06-15T05:09:50.152+0000] {processor.py:161} INFO - Started process (PID=5835) to work on /opt/airflow/dags/tes123.py
[2025-06-15T05:09:50.155+0000] {processor.py:830} INFO - Processing file /opt/airflow/dags/tes123.py for tasks to queue
[2025-06-15T05:09:50.163+0000] {logging_mixin.py:188} INFO - [2025-06-15T05:09:50.162+0000] {dagbag.py:540} INFO - Filling up the DagBag from /opt/airflow/dags/tes123.py
[2025-06-15T05:09:50.586+0000] {processor.py:840} INFO - DAG(s) 'etl_apple_sales' retrieved from /opt/airflow/dags/tes123.py
[2025-06-15T05:09:50.847+0000] {logging_mixin.py:188} INFO - [2025-06-15T05:09:50.847+0000] {dag.py:3096} INFO - Sync 1 DAGs
[2025-06-15T05:09:50.863+0000] {logging_mixin.py:188} INFO - [2025-06-15T05:09:50.863+0000] {dag.py:3954} INFO - Setting next_dagrun for etl_apple_sales to 2025-06-15 00:00:00+00:00, run_after=2025-06-16 00:00:00+00:00
[2025-06-15T05:09:50.886+0000] {processor.py:183} INFO - Processing /opt/airflow/dags/tes123.py took 0.759 seconds
[2025-06-15T05:18:49.145+0000] {processor.py:161} INFO - Started process (PID=5899) to work on /opt/airflow/dags/tes123.py
[2025-06-15T05:18:49.148+0000] {processor.py:830} INFO - Processing file /opt/airflow/dags/tes123.py for tasks to queue
[2025-06-15T05:18:49.155+0000] {logging_mixin.py:188} INFO - [2025-06-15T05:18:49.154+0000] {dagbag.py:540} INFO - Filling up the DagBag from /opt/airflow/dags/tes123.py
[2025-06-15T05:18:49.852+0000] {processor.py:840} INFO - DAG(s) 'etl_apple_sales' retrieved from /opt/airflow/dags/tes123.py
[2025-06-15T05:18:49.869+0000] {logging_mixin.py:188} INFO - [2025-06-15T05:18:49.869+0000] {dag.py:3096} INFO - Sync 1 DAGs
[2025-06-15T05:18:49.881+0000] {logging_mixin.py:188} INFO - [2025-06-15T05:18:49.881+0000] {dag.py:3954} INFO - Setting next_dagrun for etl_apple_sales to 2025-06-15 00:00:00+00:00, run_after=2025-06-16 00:00:00+00:00
[2025-06-15T05:18:49.890+0000] {processor.py:183} INFO - Processing /opt/airflow/dags/tes123.py took 0.776 seconds
[2025-06-15T05:19:20.600+0000] {processor.py:161} INFO - Started process (PID=5963) to work on /opt/airflow/dags/tes123.py
[2025-06-15T05:19:20.602+0000] {processor.py:830} INFO - Processing file /opt/airflow/dags/tes123.py for tasks to queue
[2025-06-15T05:19:20.606+0000] {logging_mixin.py:188} INFO - [2025-06-15T05:19:20.606+0000] {dagbag.py:540} INFO - Filling up the DagBag from /opt/airflow/dags/tes123.py
[2025-06-15T05:19:21.057+0000] {processor.py:840} INFO - DAG(s) 'etl_apple_sales' retrieved from /opt/airflow/dags/tes123.py
[2025-06-15T05:19:21.129+0000] {logging_mixin.py:188} INFO - [2025-06-15T05:19:21.129+0000] {dag.py:3096} INFO - Sync 1 DAGs
[2025-06-15T05:19:21.139+0000] {logging_mixin.py:188} INFO - [2025-06-15T05:19:21.139+0000] {dag.py:3954} INFO - Setting next_dagrun for etl_apple_sales to 2025-06-15 00:00:00+00:00, run_after=2025-06-16 00:00:00+00:00
[2025-06-15T05:19:21.152+0000] {processor.py:183} INFO - Processing /opt/airflow/dags/tes123.py took 0.569 seconds
[2025-06-15T05:24:47.052+0000] {processor.py:161} INFO - Started process (PID=6027) to work on /opt/airflow/dags/tes123.py
[2025-06-15T05:24:47.053+0000] {processor.py:830} INFO - Processing file /opt/airflow/dags/tes123.py for tasks to queue
[2025-06-15T05:24:47.058+0000] {logging_mixin.py:188} INFO - [2025-06-15T05:24:47.057+0000] {dagbag.py:540} INFO - Filling up the DagBag from /opt/airflow/dags/tes123.py
[2025-06-15T05:24:47.368+0000] {processor.py:840} INFO - DAG(s) 'etl_apple_sales' retrieved from /opt/airflow/dags/tes123.py
[2025-06-15T05:24:47.705+0000] {logging_mixin.py:188} INFO - [2025-06-15T05:24:47.704+0000] {dag.py:3096} INFO - Sync 1 DAGs
[2025-06-15T05:24:47.725+0000] {logging_mixin.py:188} INFO - [2025-06-15T05:24:47.725+0000] {dag.py:3954} INFO - Setting next_dagrun for etl_apple_sales to 2025-06-15 00:00:00+00:00, run_after=2025-06-16 00:00:00+00:00
[2025-06-15T05:24:47.737+0000] {processor.py:183} INFO - Processing /opt/airflow/dags/tes123.py took 0.721 seconds
[2025-06-15T05:25:18.458+0000] {processor.py:161} INFO - Started process (PID=6091) to work on /opt/airflow/dags/tes123.py
[2025-06-15T05:25:18.465+0000] {processor.py:830} INFO - Processing file /opt/airflow/dags/tes123.py for tasks to queue
[2025-06-15T05:25:18.471+0000] {logging_mixin.py:188} INFO - [2025-06-15T05:25:18.470+0000] {dagbag.py:540} INFO - Filling up the DagBag from /opt/airflow/dags/tes123.py
[2025-06-15T05:25:18.680+0000] {processor.py:840} INFO - DAG(s) 'etl_apple_sales' retrieved from /opt/airflow/dags/tes123.py
[2025-06-15T05:25:18.999+0000] {logging_mixin.py:188} INFO - [2025-06-15T05:25:18.999+0000] {dag.py:3096} INFO - Sync 1 DAGs
[2025-06-15T05:25:19.017+0000] {logging_mixin.py:188} INFO - [2025-06-15T05:25:19.017+0000] {dag.py:3954} INFO - Setting next_dagrun for etl_apple_sales to 2025-06-15 00:00:00+00:00, run_after=2025-06-16 00:00:00+00:00
[2025-06-15T05:25:19.032+0000] {processor.py:183} INFO - Processing /opt/airflow/dags/tes123.py took 0.599 seconds
[2025-06-15T05:32:45.900+0000] {processor.py:161} INFO - Started process (PID=6155) to work on /opt/airflow/dags/tes123.py
[2025-06-15T05:32:45.902+0000] {processor.py:830} INFO - Processing file /opt/airflow/dags/tes123.py for tasks to queue
[2025-06-15T05:32:45.907+0000] {logging_mixin.py:188} INFO - [2025-06-15T05:32:45.906+0000] {dagbag.py:540} INFO - Filling up the DagBag from /opt/airflow/dags/tes123.py
[2025-06-15T05:32:46.478+0000] {processor.py:840} INFO - DAG(s) 'etl_apple_sales' retrieved from /opt/airflow/dags/tes123.py
[2025-06-15T05:32:46.561+0000] {logging_mixin.py:188} INFO - [2025-06-15T05:32:46.560+0000] {dag.py:3096} INFO - Sync 1 DAGs
[2025-06-15T05:32:46.824+0000] {logging_mixin.py:188} INFO - [2025-06-15T05:32:46.824+0000] {dag.py:3954} INFO - Setting next_dagrun for etl_apple_sales to 2025-06-15 00:00:00+00:00, run_after=2025-06-16 00:00:00+00:00
[2025-06-15T05:32:46.846+0000] {processor.py:183} INFO - Processing /opt/airflow/dags/tes123.py took 0.980 seconds
[2025-06-15T05:33:17.650+0000] {processor.py:161} INFO - Started process (PID=6219) to work on /opt/airflow/dags/tes123.py
[2025-06-15T05:33:17.653+0000] {processor.py:830} INFO - Processing file /opt/airflow/dags/tes123.py for tasks to queue
[2025-06-15T05:33:17.657+0000] {logging_mixin.py:188} INFO - [2025-06-15T05:33:17.657+0000] {dagbag.py:540} INFO - Filling up the DagBag from /opt/airflow/dags/tes123.py
[2025-06-15T05:33:17.901+0000] {processor.py:840} INFO - DAG(s) 'etl_apple_sales' retrieved from /opt/airflow/dags/tes123.py
[2025-06-15T05:33:18.228+0000] {logging_mixin.py:188} INFO - [2025-06-15T05:33:18.228+0000] {dag.py:3096} INFO - Sync 1 DAGs
[2025-06-15T05:33:18.239+0000] {logging_mixin.py:188} INFO - [2025-06-15T05:33:18.239+0000] {dag.py:3954} INFO - Setting next_dagrun for etl_apple_sales to 2025-06-15 00:00:00+00:00, run_after=2025-06-16 00:00:00+00:00
[2025-06-15T05:33:18.253+0000] {processor.py:183} INFO - Processing /opt/airflow/dags/tes123.py took 0.643 seconds
[2025-06-15T05:35:21.590+0000] {processor.py:161} INFO - Started process (PID=6283) to work on /opt/airflow/dags/tes123.py
[2025-06-15T05:35:21.602+0000] {processor.py:830} INFO - Processing file /opt/airflow/dags/tes123.py for tasks to queue
[2025-06-15T05:35:21.637+0000] {logging_mixin.py:188} INFO - [2025-06-15T05:35:21.636+0000] {dagbag.py:540} INFO - Filling up the DagBag from /opt/airflow/dags/tes123.py
[2025-06-15T05:35:22.202+0000] {processor.py:840} INFO - DAG(s) 'etl_apple_sales' retrieved from /opt/airflow/dags/tes123.py
[2025-06-15T05:35:22.274+0000] {logging_mixin.py:188} INFO - [2025-06-15T05:35:22.272+0000] {dag.py:3096} INFO - Sync 1 DAGs
[2025-06-15T05:35:23.542+0000] {logging_mixin.py:188} INFO - [2025-06-15T05:35:23.541+0000] {dag.py:3954} INFO - Setting next_dagrun for etl_apple_sales to 2025-06-15 00:00:00+00:00, run_after=2025-06-16 00:00:00+00:00
[2025-06-15T05:35:23.556+0000] {processor.py:183} INFO - Processing /opt/airflow/dags/tes123.py took 2.041 seconds
[2025-06-15T05:58:59.956+0000] {processor.py:161} INFO - Started process (PID=6347) to work on /opt/airflow/dags/tes123.py
[2025-06-15T05:58:59.958+0000] {processor.py:830} INFO - Processing file /opt/airflow/dags/tes123.py for tasks to queue
[2025-06-15T05:58:59.970+0000] {logging_mixin.py:188} INFO - [2025-06-15T05:58:59.969+0000] {dagbag.py:540} INFO - Filling up the DagBag from /opt/airflow/dags/tes123.py
[2025-06-15T05:59:03.846+0000] {processor.py:840} INFO - DAG(s) 'etl_apple_sales' retrieved from /opt/airflow/dags/tes123.py
[2025-06-15T05:59:04.252+0000] {logging_mixin.py:188} INFO - [2025-06-15T05:59:04.250+0000] {dag.py:3096} INFO - Sync 1 DAGs
[2025-06-15T05:59:04.300+0000] {logging_mixin.py:188} INFO - [2025-06-15T05:59:04.300+0000] {dag.py:3954} INFO - Setting next_dagrun for etl_apple_sales to 2025-06-15 00:00:00+00:00, run_after=2025-06-16 00:00:00+00:00
[2025-06-15T05:59:04.337+0000] {processor.py:183} INFO - Processing /opt/airflow/dags/tes123.py took 4.405 seconds
[2025-06-15T06:00:58.236+0000] {processor.py:161} INFO - Started process (PID=6411) to work on /opt/airflow/dags/tes123.py
[2025-06-15T06:00:58.238+0000] {processor.py:830} INFO - Processing file /opt/airflow/dags/tes123.py for tasks to queue
[2025-06-15T06:00:58.243+0000] {logging_mixin.py:188} INFO - [2025-06-15T06:00:58.243+0000] {dagbag.py:540} INFO - Filling up the DagBag from /opt/airflow/dags/tes123.py
[2025-06-15T06:00:58.769+0000] {processor.py:840} INFO - DAG(s) 'etl_apple_sales' retrieved from /opt/airflow/dags/tes123.py
[2025-06-15T06:00:58.802+0000] {logging_mixin.py:188} INFO - [2025-06-15T06:00:58.801+0000] {dag.py:3096} INFO - Sync 1 DAGs
[2025-06-15T06:00:58.816+0000] {logging_mixin.py:188} INFO - [2025-06-15T06:00:58.816+0000] {dag.py:3954} INFO - Setting next_dagrun for etl_apple_sales to 2025-06-15 00:00:00+00:00, run_after=2025-06-16 00:00:00+00:00
[2025-06-15T06:00:58.838+0000] {processor.py:183} INFO - Processing /opt/airflow/dags/tes123.py took 0.624 seconds
[2025-06-15T06:01:29.298+0000] {processor.py:161} INFO - Started process (PID=6475) to work on /opt/airflow/dags/tes123.py
[2025-06-15T06:01:29.302+0000] {processor.py:830} INFO - Processing file /opt/airflow/dags/tes123.py for tasks to queue
[2025-06-15T06:01:29.305+0000] {logging_mixin.py:188} INFO - [2025-06-15T06:01:29.304+0000] {dagbag.py:540} INFO - Filling up the DagBag from /opt/airflow/dags/tes123.py
[2025-06-15T06:01:29.732+0000] {processor.py:840} INFO - DAG(s) 'etl_apple_sales' retrieved from /opt/airflow/dags/tes123.py
[2025-06-15T06:01:29.802+0000] {logging_mixin.py:188} INFO - [2025-06-15T06:01:29.802+0000] {dag.py:3096} INFO - Sync 1 DAGs
[2025-06-15T06:01:29.815+0000] {logging_mixin.py:188} INFO - [2025-06-15T06:01:29.815+0000] {dag.py:3954} INFO - Setting next_dagrun for etl_apple_sales to 2025-06-15 00:00:00+00:00, run_after=2025-06-16 00:00:00+00:00
[2025-06-15T06:01:29.832+0000] {processor.py:183} INFO - Processing /opt/airflow/dags/tes123.py took 0.561 seconds
[2025-06-15T06:02:00.205+0000] {processor.py:161} INFO - Started process (PID=6539) to work on /opt/airflow/dags/tes123.py
[2025-06-15T06:02:00.207+0000] {processor.py:830} INFO - Processing file /opt/airflow/dags/tes123.py for tasks to queue
[2025-06-15T06:02:00.212+0000] {logging_mixin.py:188} INFO - [2025-06-15T06:02:00.211+0000] {dagbag.py:540} INFO - Filling up the DagBag from /opt/airflow/dags/tes123.py
[2025-06-15T06:02:00.735+0000] {processor.py:840} INFO - DAG(s) 'etl_apple_sales' retrieved from /opt/airflow/dags/tes123.py
[2025-06-15T06:02:00.758+0000] {logging_mixin.py:188} INFO - [2025-06-15T06:02:00.758+0000] {dag.py:3096} INFO - Sync 1 DAGs
[2025-06-15T06:02:00.773+0000] {logging_mixin.py:188} INFO - [2025-06-15T06:02:00.773+0000] {dag.py:3954} INFO - Setting next_dagrun for etl_apple_sales to 2025-06-15 00:00:00+00:00, run_after=2025-06-16 00:00:00+00:00
[2025-06-15T06:02:00.788+0000] {processor.py:183} INFO - Processing /opt/airflow/dags/tes123.py took 0.611 seconds
[2025-06-15T06:02:31.285+0000] {processor.py:161} INFO - Started process (PID=6603) to work on /opt/airflow/dags/tes123.py
[2025-06-15T06:02:31.287+0000] {processor.py:830} INFO - Processing file /opt/airflow/dags/tes123.py for tasks to queue
[2025-06-15T06:02:31.292+0000] {logging_mixin.py:188} INFO - [2025-06-15T06:02:31.291+0000] {dagbag.py:540} INFO - Filling up the DagBag from /opt/airflow/dags/tes123.py
[2025-06-15T06:02:32.116+0000] {processor.py:840} INFO - DAG(s) 'etl_apple_sales' retrieved from /opt/airflow/dags/tes123.py
[2025-06-15T06:02:32.243+0000] {logging_mixin.py:188} INFO - [2025-06-15T06:02:32.242+0000] {dag.py:3096} INFO - Sync 1 DAGs
[2025-06-15T06:02:32.264+0000] {logging_mixin.py:188} INFO - [2025-06-15T06:02:32.264+0000] {dag.py:3954} INFO - Setting next_dagrun for etl_apple_sales to 2025-06-15 00:00:00+00:00, run_after=2025-06-16 00:00:00+00:00
[2025-06-15T06:02:32.286+0000] {processor.py:183} INFO - Processing /opt/airflow/dags/tes123.py took 1.020 seconds
[2025-06-15T06:03:03.069+0000] {processor.py:161} INFO - Started process (PID=6667) to work on /opt/airflow/dags/tes123.py
[2025-06-15T06:03:03.087+0000] {processor.py:830} INFO - Processing file /opt/airflow/dags/tes123.py for tasks to queue
[2025-06-15T06:03:03.135+0000] {logging_mixin.py:188} INFO - [2025-06-15T06:03:03.130+0000] {dagbag.py:540} INFO - Filling up the DagBag from /opt/airflow/dags/tes123.py
[2025-06-15T06:03:06.846+0000] {processor.py:840} INFO - DAG(s) 'etl_apple_sales' retrieved from /opt/airflow/dags/tes123.py
[2025-06-15T06:03:06.894+0000] {logging_mixin.py:188} INFO - [2025-06-15T06:03:06.893+0000] {dag.py:3096} INFO - Sync 1 DAGs
[2025-06-15T06:03:06.919+0000] {logging_mixin.py:188} INFO - [2025-06-15T06:03:06.919+0000] {dag.py:3954} INFO - Setting next_dagrun for etl_apple_sales to 2025-06-15 00:00:00+00:00, run_after=2025-06-16 00:00:00+00:00
[2025-06-15T06:03:06.948+0000] {processor.py:183} INFO - Processing /opt/airflow/dags/tes123.py took 3.984 seconds
[2025-06-15T06:03:37.090+0000] {processor.py:161} INFO - Started process (PID=6731) to work on /opt/airflow/dags/tes123.py
[2025-06-15T06:03:37.091+0000] {processor.py:830} INFO - Processing file /opt/airflow/dags/tes123.py for tasks to queue
[2025-06-15T06:03:37.096+0000] {logging_mixin.py:188} INFO - [2025-06-15T06:03:37.095+0000] {dagbag.py:540} INFO - Filling up the DagBag from /opt/airflow/dags/tes123.py
[2025-06-15T06:03:38.207+0000] {processor.py:840} INFO - DAG(s) 'etl_apple_sales' retrieved from /opt/airflow/dags/tes123.py
[2025-06-15T06:03:38.366+0000] {logging_mixin.py:188} INFO - [2025-06-15T06:03:38.364+0000] {dag.py:3096} INFO - Sync 1 DAGs
[2025-06-15T06:03:38.390+0000] {logging_mixin.py:188} INFO - [2025-06-15T06:03:38.390+0000] {dag.py:3954} INFO - Setting next_dagrun for etl_apple_sales to 2025-06-15 00:00:00+00:00, run_after=2025-06-16 00:00:00+00:00
[2025-06-15T06:03:38.414+0000] {processor.py:183} INFO - Processing /opt/airflow/dags/tes123.py took 1.338 seconds
[2025-06-15T06:04:08.943+0000] {processor.py:161} INFO - Started process (PID=6795) to work on /opt/airflow/dags/tes123.py
[2025-06-15T06:04:08.945+0000] {processor.py:830} INFO - Processing file /opt/airflow/dags/tes123.py for tasks to queue
[2025-06-15T06:04:08.950+0000] {logging_mixin.py:188} INFO - [2025-06-15T06:04:08.949+0000] {dagbag.py:540} INFO - Filling up the DagBag from /opt/airflow/dags/tes123.py
[2025-06-15T06:04:09.502+0000] {processor.py:840} INFO - DAG(s) 'etl_apple_sales' retrieved from /opt/airflow/dags/tes123.py
[2025-06-15T06:04:09.523+0000] {logging_mixin.py:188} INFO - [2025-06-15T06:04:09.523+0000] {dag.py:3096} INFO - Sync 1 DAGs
[2025-06-15T06:04:09.537+0000] {logging_mixin.py:188} INFO - [2025-06-15T06:04:09.537+0000] {dag.py:3954} INFO - Setting next_dagrun for etl_apple_sales to 2025-06-15 00:00:00+00:00, run_after=2025-06-16 00:00:00+00:00
[2025-06-15T06:04:09.549+0000] {processor.py:183} INFO - Processing /opt/airflow/dags/tes123.py took 0.624 seconds
[2025-06-15T06:04:40.386+0000] {processor.py:161} INFO - Started process (PID=6860) to work on /opt/airflow/dags/tes123.py
[2025-06-15T06:04:40.389+0000] {processor.py:830} INFO - Processing file /opt/airflow/dags/tes123.py for tasks to queue
[2025-06-15T06:04:40.391+0000] {logging_mixin.py:188} INFO - [2025-06-15T06:04:40.391+0000] {dagbag.py:540} INFO - Filling up the DagBag from /opt/airflow/dags/tes123.py
[2025-06-15T06:04:41.450+0000] {processor.py:840} INFO - DAG(s) 'etl_apple_sales' retrieved from /opt/airflow/dags/tes123.py
[2025-06-15T06:04:41.612+0000] {logging_mixin.py:188} INFO - [2025-06-15T06:04:41.611+0000] {dag.py:3096} INFO - Sync 1 DAGs
[2025-06-15T06:04:41.632+0000] {logging_mixin.py:188} INFO - [2025-06-15T06:04:41.631+0000] {dag.py:3954} INFO - Setting next_dagrun for etl_apple_sales to 2025-06-15 00:00:00+00:00, run_after=2025-06-16 00:00:00+00:00
[2025-06-15T06:04:41.664+0000] {processor.py:183} INFO - Processing /opt/airflow/dags/tes123.py took 1.307 seconds
[2025-06-15T06:05:12.711+0000] {processor.py:161} INFO - Started process (PID=6924) to work on /opt/airflow/dags/tes123.py
[2025-06-15T06:05:12.789+0000] {processor.py:830} INFO - Processing file /opt/airflow/dags/tes123.py for tasks to queue
[2025-06-15T06:05:12.883+0000] {logging_mixin.py:188} INFO - [2025-06-15T06:05:12.882+0000] {dagbag.py:540} INFO - Filling up the DagBag from /opt/airflow/dags/tes123.py
[2025-06-15T06:05:18.481+0000] {processor.py:840} INFO - DAG(s) 'etl_apple_sales' retrieved from /opt/airflow/dags/tes123.py
[2025-06-15T06:05:18.623+0000] {logging_mixin.py:188} INFO - [2025-06-15T06:05:18.621+0000] {dag.py:3096} INFO - Sync 1 DAGs
[2025-06-15T06:05:18.679+0000] {logging_mixin.py:188} INFO - [2025-06-15T06:05:18.678+0000] {dag.py:3954} INFO - Setting next_dagrun for etl_apple_sales to 2025-06-15 00:00:00+00:00, run_after=2025-06-16 00:00:00+00:00
[2025-06-15T06:05:18.702+0000] {processor.py:183} INFO - Processing /opt/airflow/dags/tes123.py took 6.486 seconds
