[2025-06-14T21:19:27.047+0000] {processor.py:161} INFO - Started process (PID=3700) to work on /opt/airflow/dags/tes123.py
[2025-06-14T21:19:27.050+0000] {processor.py:830} INFO - Processing file /opt/airflow/dags/tes123.py for tasks to queue
[2025-06-14T21:19:27.054+0000] {logging_mixin.py:188} INFO - [2025-06-14T21:19:27.051+0000] {dagbag.py:540} INFO - Filling up the DagBag from /opt/airflow/dags/tes123.py
[2025-06-14T21:19:27.729+0000] {processor.py:840} INFO - DAG(s) 'etl_apple_sales' retrieved from /opt/airflow/dags/tes123.py
[2025-06-14T21:19:27.749+0000] {logging_mixin.py:188} INFO - [2025-06-14T21:19:27.748+0000] {dag.py:3096} INFO - Sync 1 DAGs
[2025-06-14T21:19:27.775+0000] {logging_mixin.py:188} INFO - [2025-06-14T21:19:27.775+0000] {dag.py:3954} INFO - Setting next_dagrun for etl_apple_sales to 2025-06-13 00:00:00+00:00, run_after=2025-06-14 00:00:00+00:00
[2025-06-14T21:19:27.789+0000] {processor.py:183} INFO - Processing /opt/airflow/dags/tes123.py took 0.756 seconds
[2025-06-14T21:19:48.856+0000] {processor.py:161} INFO - Started process (PID=3775) to work on /opt/airflow/dags/tes123.py
[2025-06-14T21:19:48.857+0000] {processor.py:830} INFO - Processing file /opt/airflow/dags/tes123.py for tasks to queue
[2025-06-14T21:19:48.860+0000] {logging_mixin.py:188} INFO - [2025-06-14T21:19:48.859+0000] {dagbag.py:540} INFO - Filling up the DagBag from /opt/airflow/dags/tes123.py
[2025-06-14T21:19:49.443+0000] {processor.py:840} INFO - DAG(s) 'etl_apple_sales' retrieved from /opt/airflow/dags/tes123.py
[2025-06-14T21:19:49.507+0000] {logging_mixin.py:188} INFO - [2025-06-14T21:19:49.507+0000] {dag.py:3096} INFO - Sync 1 DAGs
[2025-06-14T21:19:49.525+0000] {logging_mixin.py:188} INFO - [2025-06-14T21:19:49.524+0000] {dag.py:3954} INFO - Setting next_dagrun for etl_apple_sales to 2025-06-13 00:00:00+00:00, run_after=2025-06-14 00:00:00+00:00
[2025-06-14T21:19:49.603+0000] {processor.py:183} INFO - Processing /opt/airflow/dags/tes123.py took 0.755 seconds
[2025-06-14T21:19:58.006+0000] {processor.py:161} INFO - Started process (PID=3825) to work on /opt/airflow/dags/tes123.py
[2025-06-14T21:19:58.009+0000] {processor.py:830} INFO - Processing file /opt/airflow/dags/tes123.py for tasks to queue
[2025-06-14T21:19:58.018+0000] {logging_mixin.py:188} INFO - [2025-06-14T21:19:58.014+0000] {dagbag.py:540} INFO - Filling up the DagBag from /opt/airflow/dags/tes123.py
[2025-06-14T21:19:58.746+0000] {processor.py:840} INFO - DAG(s) 'etl_apple_sales' retrieved from /opt/airflow/dags/tes123.py
[2025-06-14T21:20:09.131+0000] {processor.py:161} INFO - Started process (PID=53) to work on /opt/airflow/dags/tes123.py
[2025-06-14T21:20:09.136+0000] {processor.py:830} INFO - Processing file /opt/airflow/dags/tes123.py for tasks to queue
[2025-06-14T21:20:09.148+0000] {logging_mixin.py:188} INFO - [2025-06-14T21:20:09.148+0000] {dagbag.py:540} INFO - Filling up the DagBag from /opt/airflow/dags/tes123.py
[2025-06-14T21:20:09.693+0000] {processor.py:840} INFO - DAG(s) 'etl_apple_sales' retrieved from /opt/airflow/dags/tes123.py
[2025-06-14T21:20:09.730+0000] {logging_mixin.py:188} INFO - [2025-06-14T21:20:09.729+0000] {dag.py:3096} INFO - Sync 1 DAGs
[2025-06-14T21:20:09.821+0000] {logging_mixin.py:188} INFO - [2025-06-14T21:20:09.820+0000] {dag.py:3954} INFO - Setting next_dagrun for etl_apple_sales to 2025-06-13 00:00:00+00:00, run_after=2025-06-14 00:00:00+00:00
[2025-06-14T21:20:09.882+0000] {processor.py:183} INFO - Processing /opt/airflow/dags/tes123.py took 0.774 seconds
[2025-06-14T21:20:40.377+0000] {processor.py:161} INFO - Started process (PID=123) to work on /opt/airflow/dags/tes123.py
[2025-06-14T21:20:40.382+0000] {processor.py:830} INFO - Processing file /opt/airflow/dags/tes123.py for tasks to queue
[2025-06-14T21:20:40.393+0000] {logging_mixin.py:188} INFO - [2025-06-14T21:20:40.393+0000] {dagbag.py:540} INFO - Filling up the DagBag from /opt/airflow/dags/tes123.py
[2025-06-14T21:20:41.026+0000] {processor.py:840} INFO - DAG(s) 'etl_apple_sales' retrieved from /opt/airflow/dags/tes123.py
[2025-06-14T21:20:41.042+0000] {logging_mixin.py:188} INFO - [2025-06-14T21:20:41.042+0000] {dag.py:3096} INFO - Sync 1 DAGs
[2025-06-14T21:20:41.062+0000] {logging_mixin.py:188} INFO - [2025-06-14T21:20:41.061+0000] {dag.py:3954} INFO - Setting next_dagrun for etl_apple_sales to 2025-06-13 00:00:00+00:00, run_after=2025-06-14 00:00:00+00:00
[2025-06-14T21:20:41.076+0000] {processor.py:183} INFO - Processing /opt/airflow/dags/tes123.py took 0.735 seconds
[2025-06-14T21:21:11.308+0000] {processor.py:161} INFO - Started process (PID=187) to work on /opt/airflow/dags/tes123.py
[2025-06-14T21:21:11.310+0000] {processor.py:830} INFO - Processing file /opt/airflow/dags/tes123.py for tasks to queue
[2025-06-14T21:21:11.314+0000] {logging_mixin.py:188} INFO - [2025-06-14T21:21:11.314+0000] {dagbag.py:540} INFO - Filling up the DagBag from /opt/airflow/dags/tes123.py
[2025-06-14T21:21:11.584+0000] {processor.py:840} INFO - DAG(s) 'etl_apple_sales' retrieved from /opt/airflow/dags/tes123.py
[2025-06-14T21:21:11.862+0000] {logging_mixin.py:188} INFO - [2025-06-14T21:21:11.862+0000] {dag.py:3096} INFO - Sync 1 DAGs
[2025-06-14T21:21:11.876+0000] {logging_mixin.py:188} INFO - [2025-06-14T21:21:11.875+0000] {dag.py:3954} INFO - Setting next_dagrun for etl_apple_sales to 2025-06-13 00:00:00+00:00, run_after=2025-06-14 00:00:00+00:00
[2025-06-14T21:21:11.896+0000] {processor.py:183} INFO - Processing /opt/airflow/dags/tes123.py took 0.604 seconds
[2025-06-14T21:21:42.071+0000] {processor.py:161} INFO - Started process (PID=251) to work on /opt/airflow/dags/tes123.py
[2025-06-14T21:21:42.076+0000] {processor.py:830} INFO - Processing file /opt/airflow/dags/tes123.py for tasks to queue
[2025-06-14T21:21:42.084+0000] {logging_mixin.py:188} INFO - [2025-06-14T21:21:42.083+0000] {dagbag.py:540} INFO - Filling up the DagBag from /opt/airflow/dags/tes123.py
[2025-06-14T21:21:42.370+0000] {processor.py:840} INFO - DAG(s) 'etl_apple_sales' retrieved from /opt/airflow/dags/tes123.py
[2025-06-14T21:21:42.646+0000] {logging_mixin.py:188} INFO - [2025-06-14T21:21:42.645+0000] {dag.py:3096} INFO - Sync 1 DAGs
[2025-06-14T21:21:42.659+0000] {logging_mixin.py:188} INFO - [2025-06-14T21:21:42.658+0000] {dag.py:3954} INFO - Setting next_dagrun for etl_apple_sales to 2025-06-13 00:00:00+00:00, run_after=2025-06-14 00:00:00+00:00
[2025-06-14T21:21:42.669+0000] {processor.py:183} INFO - Processing /opt/airflow/dags/tes123.py took 0.620 seconds
[2025-06-14T21:22:12.967+0000] {processor.py:161} INFO - Started process (PID=323) to work on /opt/airflow/dags/tes123.py
[2025-06-14T21:22:12.970+0000] {processor.py:830} INFO - Processing file /opt/airflow/dags/tes123.py for tasks to queue
[2025-06-14T21:22:12.979+0000] {logging_mixin.py:188} INFO - [2025-06-14T21:22:12.978+0000] {dagbag.py:540} INFO - Filling up the DagBag from /opt/airflow/dags/tes123.py
[2025-06-14T21:22:13.365+0000] {processor.py:840} INFO - DAG(s) 'etl_apple_sales' retrieved from /opt/airflow/dags/tes123.py
[2025-06-14T21:22:13.706+0000] {logging_mixin.py:188} INFO - [2025-06-14T21:22:13.705+0000] {dag.py:3096} INFO - Sync 1 DAGs
[2025-06-14T21:22:13.718+0000] {logging_mixin.py:188} INFO - [2025-06-14T21:22:13.718+0000] {dag.py:3954} INFO - Setting next_dagrun for etl_apple_sales to 2025-06-14 00:00:00+00:00, run_after=2025-06-15 00:00:00+00:00
[2025-06-14T21:22:13.733+0000] {processor.py:183} INFO - Processing /opt/airflow/dags/tes123.py took 0.798 seconds
[2025-06-14T21:22:44.381+0000] {processor.py:161} INFO - Started process (PID=387) to work on /opt/airflow/dags/tes123.py
[2025-06-14T21:22:44.384+0000] {processor.py:830} INFO - Processing file /opt/airflow/dags/tes123.py for tasks to queue
[2025-06-14T21:22:44.389+0000] {logging_mixin.py:188} INFO - [2025-06-14T21:22:44.388+0000] {dagbag.py:540} INFO - Filling up the DagBag from /opt/airflow/dags/tes123.py
[2025-06-14T21:22:45.006+0000] {processor.py:840} INFO - DAG(s) 'etl_apple_sales' retrieved from /opt/airflow/dags/tes123.py
[2025-06-14T21:22:45.048+0000] {logging_mixin.py:188} INFO - [2025-06-14T21:22:45.048+0000] {dag.py:3096} INFO - Sync 1 DAGs
[2025-06-14T21:22:45.071+0000] {logging_mixin.py:188} INFO - [2025-06-14T21:22:45.071+0000] {dag.py:3954} INFO - Setting next_dagrun for etl_apple_sales to 2025-06-14 00:00:00+00:00, run_after=2025-06-15 00:00:00+00:00
[2025-06-14T21:22:45.081+0000] {processor.py:183} INFO - Processing /opt/airflow/dags/tes123.py took 0.729 seconds
[2025-06-14T21:23:15.572+0000] {processor.py:161} INFO - Started process (PID=451) to work on /opt/airflow/dags/tes123.py
[2025-06-14T21:23:15.574+0000] {processor.py:830} INFO - Processing file /opt/airflow/dags/tes123.py for tasks to queue
[2025-06-14T21:23:15.579+0000] {logging_mixin.py:188} INFO - [2025-06-14T21:23:15.579+0000] {dagbag.py:540} INFO - Filling up the DagBag from /opt/airflow/dags/tes123.py
[2025-06-14T21:23:16.057+0000] {processor.py:840} INFO - DAG(s) 'etl_apple_sales' retrieved from /opt/airflow/dags/tes123.py
[2025-06-14T21:23:16.132+0000] {logging_mixin.py:188} INFO - [2025-06-14T21:23:16.131+0000] {dag.py:3096} INFO - Sync 1 DAGs
[2025-06-14T21:23:16.146+0000] {logging_mixin.py:188} INFO - [2025-06-14T21:23:16.145+0000] {dag.py:3954} INFO - Setting next_dagrun for etl_apple_sales to 2025-06-14 00:00:00+00:00, run_after=2025-06-15 00:00:00+00:00
[2025-06-14T21:23:16.162+0000] {processor.py:183} INFO - Processing /opt/airflow/dags/tes123.py took 0.610 seconds
[2025-06-14T21:23:24.486+0000] {processor.py:161} INFO - Started process (PID=509) to work on /opt/airflow/dags/tes123.py
[2025-06-14T21:23:24.489+0000] {processor.py:830} INFO - Processing file /opt/airflow/dags/tes123.py for tasks to queue
[2025-06-14T21:23:24.495+0000] {logging_mixin.py:188} INFO - [2025-06-14T21:23:24.494+0000] {dagbag.py:540} INFO - Filling up the DagBag from /opt/airflow/dags/tes123.py
[2025-06-14T21:23:24.504+0000] {logging_mixin.py:188} INFO - [2025-06-14T21:23:24.503+0000] {dagbag.py:350} ERROR - Failed to import: /opt/airflow/dags/tes123.py
Traceback (most recent call last):
  File "/home/airflow/.local/lib/python3.10/site-packages/airflow/models/dagbag.py", line 346, in parse
    loader.exec_module(new_module)
  File "<frozen importlib._bootstrap_external>", line 883, in exec_module
  File "<frozen importlib._bootstrap>", line 241, in _call_with_frames_removed
  File "/opt/airflow/dags/tes123.py", line 1, in <module>
    from airflow import DAGet
ImportError: cannot import name 'DAGet' from 'airflow' (/home/airflow/.local/lib/python3.10/site-packages/airflow/__init__.py)
[2025-06-14T21:23:24.505+0000] {processor.py:842} WARNING - No viable dags retrieved from /opt/airflow/dags/tes123.py
[2025-06-14T21:23:24.541+0000] {processor.py:183} INFO - Processing /opt/airflow/dags/tes123.py took 0.090 seconds
[2025-06-14T21:23:26.617+0000] {processor.py:161} INFO - Started process (PID=510) to work on /opt/airflow/dags/tes123.py
[2025-06-14T21:23:26.619+0000] {processor.py:830} INFO - Processing file /opt/airflow/dags/tes123.py for tasks to queue
[2025-06-14T21:23:26.624+0000] {logging_mixin.py:188} INFO - [2025-06-14T21:23:26.624+0000] {dagbag.py:540} INFO - Filling up the DagBag from /opt/airflow/dags/tes123.py
[2025-06-14T21:23:27.177+0000] {processor.py:840} INFO - DAG(s) 'etl_apple_sales' retrieved from /opt/airflow/dags/tes123.py
[2025-06-14T21:23:27.200+0000] {logging_mixin.py:188} INFO - [2025-06-14T21:23:27.200+0000] {dag.py:3096} INFO - Sync 1 DAGs
[2025-06-14T21:23:27.217+0000] {logging_mixin.py:188} INFO - [2025-06-14T21:23:27.216+0000] {dag.py:3954} INFO - Setting next_dagrun for etl_apple_sales to 2025-06-14 00:00:00+00:00, run_after=2025-06-15 00:00:00+00:00
[2025-06-14T21:23:27.243+0000] {processor.py:183} INFO - Processing /opt/airflow/dags/tes123.py took 0.710 seconds
[2025-06-14T21:23:57.342+0000] {processor.py:161} INFO - Started process (PID=574) to work on /opt/airflow/dags/tes123.py
[2025-06-14T21:23:57.344+0000] {processor.py:830} INFO - Processing file /opt/airflow/dags/tes123.py for tasks to queue
[2025-06-14T21:23:57.349+0000] {logging_mixin.py:188} INFO - [2025-06-14T21:23:57.348+0000] {dagbag.py:540} INFO - Filling up the DagBag from /opt/airflow/dags/tes123.py
[2025-06-14T21:23:57.806+0000] {processor.py:840} INFO - DAG(s) 'etl_apple_sales' retrieved from /opt/airflow/dags/tes123.py
[2025-06-14T21:23:57.820+0000] {logging_mixin.py:188} INFO - [2025-06-14T21:23:57.819+0000] {dag.py:3096} INFO - Sync 1 DAGs
[2025-06-14T21:23:57.839+0000] {logging_mixin.py:188} INFO - [2025-06-14T21:23:57.839+0000] {dag.py:3954} INFO - Setting next_dagrun for etl_apple_sales to 2025-06-14 00:00:00+00:00, run_after=2025-06-15 00:00:00+00:00
[2025-06-14T21:23:57.849+0000] {processor.py:183} INFO - Processing /opt/airflow/dags/tes123.py took 0.524 seconds
[2025-06-14T21:24:28.130+0000] {processor.py:161} INFO - Started process (PID=638) to work on /opt/airflow/dags/tes123.py
[2025-06-14T21:24:28.133+0000] {processor.py:830} INFO - Processing file /opt/airflow/dags/tes123.py for tasks to queue
[2025-06-14T21:24:28.136+0000] {logging_mixin.py:188} INFO - [2025-06-14T21:24:28.136+0000] {dagbag.py:540} INFO - Filling up the DagBag from /opt/airflow/dags/tes123.py
[2025-06-14T21:24:28.876+0000] {processor.py:840} INFO - DAG(s) 'etl_apple_sales' retrieved from /opt/airflow/dags/tes123.py
[2025-06-14T21:24:28.890+0000] {logging_mixin.py:188} INFO - [2025-06-14T21:24:28.889+0000] {dag.py:3096} INFO - Sync 1 DAGs
[2025-06-14T21:24:28.902+0000] {logging_mixin.py:188} INFO - [2025-06-14T21:24:28.902+0000] {dag.py:3954} INFO - Setting next_dagrun for etl_apple_sales to 2025-06-14 00:00:00+00:00, run_after=2025-06-15 00:00:00+00:00
[2025-06-14T21:24:28.916+0000] {processor.py:183} INFO - Processing /opt/airflow/dags/tes123.py took 0.804 seconds
[2025-06-14T21:24:59.913+0000] {processor.py:161} INFO - Started process (PID=702) to work on /opt/airflow/dags/tes123.py
[2025-06-14T21:24:59.915+0000] {processor.py:830} INFO - Processing file /opt/airflow/dags/tes123.py for tasks to queue
[2025-06-14T21:24:59.920+0000] {logging_mixin.py:188} INFO - [2025-06-14T21:24:59.920+0000] {dagbag.py:540} INFO - Filling up the DagBag from /opt/airflow/dags/tes123.py
[2025-06-14T21:25:00.527+0000] {processor.py:840} INFO - DAG(s) 'etl_apple_sales' retrieved from /opt/airflow/dags/tes123.py
[2025-06-14T21:25:00.589+0000] {logging_mixin.py:188} INFO - [2025-06-14T21:25:00.588+0000] {dag.py:3096} INFO - Sync 1 DAGs
[2025-06-14T21:25:00.599+0000] {logging_mixin.py:188} INFO - [2025-06-14T21:25:00.599+0000] {dag.py:3954} INFO - Setting next_dagrun for etl_apple_sales to 2025-06-14 00:00:00+00:00, run_after=2025-06-15 00:00:00+00:00
[2025-06-14T21:25:00.608+0000] {processor.py:183} INFO - Processing /opt/airflow/dags/tes123.py took 0.733 seconds
[2025-06-14T21:25:30.808+0000] {processor.py:161} INFO - Started process (PID=766) to work on /opt/airflow/dags/tes123.py
[2025-06-14T21:25:30.811+0000] {processor.py:830} INFO - Processing file /opt/airflow/dags/tes123.py for tasks to queue
[2025-06-14T21:25:30.815+0000] {logging_mixin.py:188} INFO - [2025-06-14T21:25:30.814+0000] {dagbag.py:540} INFO - Filling up the DagBag from /opt/airflow/dags/tes123.py
[2025-06-14T21:25:31.117+0000] {processor.py:840} INFO - DAG(s) 'etl_apple_sales' retrieved from /opt/airflow/dags/tes123.py
[2025-06-14T21:25:31.127+0000] {logging_mixin.py:188} INFO - [2025-06-14T21:25:31.127+0000] {dag.py:3096} INFO - Sync 1 DAGs
[2025-06-14T21:25:31.138+0000] {logging_mixin.py:188} INFO - [2025-06-14T21:25:31.138+0000] {dag.py:3954} INFO - Setting next_dagrun for etl_apple_sales to 2025-06-14 00:00:00+00:00, run_after=2025-06-15 00:00:00+00:00
[2025-06-14T21:25:31.145+0000] {processor.py:183} INFO - Processing /opt/airflow/dags/tes123.py took 0.352 seconds
[2025-06-14T21:26:01.413+0000] {processor.py:161} INFO - Started process (PID=830) to work on /opt/airflow/dags/tes123.py
[2025-06-14T21:26:01.414+0000] {processor.py:830} INFO - Processing file /opt/airflow/dags/tes123.py for tasks to queue
[2025-06-14T21:26:01.418+0000] {logging_mixin.py:188} INFO - [2025-06-14T21:26:01.417+0000] {dagbag.py:540} INFO - Filling up the DagBag from /opt/airflow/dags/tes123.py
[2025-06-14T21:26:01.886+0000] {processor.py:840} INFO - DAG(s) 'etl_apple_sales' retrieved from /opt/airflow/dags/tes123.py
[2025-06-14T21:26:01.896+0000] {logging_mixin.py:188} INFO - [2025-06-14T21:26:01.896+0000] {dag.py:3096} INFO - Sync 1 DAGs
[2025-06-14T21:26:01.908+0000] {logging_mixin.py:188} INFO - [2025-06-14T21:26:01.907+0000] {dag.py:3954} INFO - Setting next_dagrun for etl_apple_sales to 2025-06-14 00:00:00+00:00, run_after=2025-06-15 00:00:00+00:00
[2025-06-14T21:26:01.917+0000] {processor.py:183} INFO - Processing /opt/airflow/dags/tes123.py took 0.520 seconds
[2025-06-14T21:26:32.123+0000] {processor.py:161} INFO - Started process (PID=894) to work on /opt/airflow/dags/tes123.py
[2025-06-14T21:26:32.126+0000] {processor.py:830} INFO - Processing file /opt/airflow/dags/tes123.py for tasks to queue
[2025-06-14T21:26:32.130+0000] {logging_mixin.py:188} INFO - [2025-06-14T21:26:32.129+0000] {dagbag.py:540} INFO - Filling up the DagBag from /opt/airflow/dags/tes123.py
[2025-06-14T21:26:32.726+0000] {processor.py:840} INFO - DAG(s) 'etl_apple_sales' retrieved from /opt/airflow/dags/tes123.py
[2025-06-14T21:26:32.740+0000] {logging_mixin.py:188} INFO - [2025-06-14T21:26:32.739+0000] {dag.py:3096} INFO - Sync 1 DAGs
[2025-06-14T21:26:32.754+0000] {logging_mixin.py:188} INFO - [2025-06-14T21:26:32.754+0000] {dag.py:3954} INFO - Setting next_dagrun for etl_apple_sales to 2025-06-14 00:00:00+00:00, run_after=2025-06-15 00:00:00+00:00
[2025-06-14T21:26:32.763+0000] {processor.py:183} INFO - Processing /opt/airflow/dags/tes123.py took 0.666 seconds
[2025-06-14T21:27:02.885+0000] {processor.py:161} INFO - Started process (PID=958) to work on /opt/airflow/dags/tes123.py
[2025-06-14T21:27:02.886+0000] {processor.py:830} INFO - Processing file /opt/airflow/dags/tes123.py for tasks to queue
[2025-06-14T21:27:02.889+0000] {logging_mixin.py:188} INFO - [2025-06-14T21:27:02.889+0000] {dagbag.py:540} INFO - Filling up the DagBag from /opt/airflow/dags/tes123.py
[2025-06-14T21:27:03.517+0000] {processor.py:840} INFO - DAG(s) 'etl_apple_sales' retrieved from /opt/airflow/dags/tes123.py
[2025-06-14T21:27:03.609+0000] {logging_mixin.py:188} INFO - [2025-06-14T21:27:03.609+0000] {dag.py:3096} INFO - Sync 1 DAGs
[2025-06-14T21:27:03.621+0000] {logging_mixin.py:188} INFO - [2025-06-14T21:27:03.621+0000] {dag.py:3954} INFO - Setting next_dagrun for etl_apple_sales to 2025-06-14 00:00:00+00:00, run_after=2025-06-15 00:00:00+00:00
[2025-06-14T21:27:03.632+0000] {processor.py:183} INFO - Processing /opt/airflow/dags/tes123.py took 0.762 seconds
[2025-06-14T21:27:33.822+0000] {processor.py:161} INFO - Started process (PID=1023) to work on /opt/airflow/dags/tes123.py
[2025-06-14T21:27:33.824+0000] {processor.py:830} INFO - Processing file /opt/airflow/dags/tes123.py for tasks to queue
[2025-06-14T21:27:33.828+0000] {logging_mixin.py:188} INFO - [2025-06-14T21:27:33.827+0000] {dagbag.py:540} INFO - Filling up the DagBag from /opt/airflow/dags/tes123.py
[2025-06-14T21:27:34.188+0000] {processor.py:840} INFO - DAG(s) 'etl_apple_sales' retrieved from /opt/airflow/dags/tes123.py
[2025-06-14T21:27:34.205+0000] {logging_mixin.py:188} INFO - [2025-06-14T21:27:34.204+0000] {dag.py:3096} INFO - Sync 1 DAGs
[2025-06-14T21:27:34.216+0000] {logging_mixin.py:188} INFO - [2025-06-14T21:27:34.215+0000] {dag.py:3954} INFO - Setting next_dagrun for etl_apple_sales to 2025-06-14 00:00:00+00:00, run_after=2025-06-15 00:00:00+00:00
[2025-06-14T21:27:34.224+0000] {processor.py:183} INFO - Processing /opt/airflow/dags/tes123.py took 0.418 seconds
[2025-06-14T21:28:04.584+0000] {processor.py:161} INFO - Started process (PID=1087) to work on /opt/airflow/dags/tes123.py
[2025-06-14T21:28:04.585+0000] {processor.py:830} INFO - Processing file /opt/airflow/dags/tes123.py for tasks to queue
[2025-06-14T21:28:04.586+0000] {logging_mixin.py:188} INFO - [2025-06-14T21:28:04.586+0000] {dagbag.py:540} INFO - Filling up the DagBag from /opt/airflow/dags/tes123.py
[2025-06-14T21:28:04.802+0000] {processor.py:840} INFO - DAG(s) 'etl_apple_sales' retrieved from /opt/airflow/dags/tes123.py
[2025-06-14T21:28:04.810+0000] {logging_mixin.py:188} INFO - [2025-06-14T21:28:04.809+0000] {dag.py:3096} INFO - Sync 1 DAGs
[2025-06-14T21:28:04.820+0000] {logging_mixin.py:188} INFO - [2025-06-14T21:28:04.820+0000] {dag.py:3954} INFO - Setting next_dagrun for etl_apple_sales to 2025-06-14 00:00:00+00:00, run_after=2025-06-15 00:00:00+00:00
[2025-06-14T21:28:04.829+0000] {processor.py:183} INFO - Processing /opt/airflow/dags/tes123.py took 0.249 seconds
[2025-06-14T21:28:35.427+0000] {processor.py:161} INFO - Started process (PID=1149) to work on /opt/airflow/dags/tes123.py
[2025-06-14T21:28:35.433+0000] {processor.py:830} INFO - Processing file /opt/airflow/dags/tes123.py for tasks to queue
[2025-06-14T21:28:35.445+0000] {logging_mixin.py:188} INFO - [2025-06-14T21:28:35.443+0000] {dagbag.py:540} INFO - Filling up the DagBag from /opt/airflow/dags/tes123.py
[2025-06-14T21:28:35.972+0000] {processor.py:840} INFO - DAG(s) 'etl_apple_sales' retrieved from /opt/airflow/dags/tes123.py
[2025-06-14T21:28:35.988+0000] {logging_mixin.py:188} INFO - [2025-06-14T21:28:35.987+0000] {dag.py:3096} INFO - Sync 1 DAGs
[2025-06-14T21:28:36.006+0000] {logging_mixin.py:188} INFO - [2025-06-14T21:28:36.006+0000] {dag.py:3954} INFO - Setting next_dagrun for etl_apple_sales to 2025-06-14 00:00:00+00:00, run_after=2025-06-15 00:00:00+00:00
[2025-06-14T21:28:36.021+0000] {processor.py:183} INFO - Processing /opt/airflow/dags/tes123.py took 0.614 seconds
[2025-06-14T21:29:06.150+0000] {processor.py:161} INFO - Started process (PID=1214) to work on /opt/airflow/dags/tes123.py
[2025-06-14T21:29:06.153+0000] {processor.py:830} INFO - Processing file /opt/airflow/dags/tes123.py for tasks to queue
[2025-06-14T21:29:06.157+0000] {logging_mixin.py:188} INFO - [2025-06-14T21:29:06.156+0000] {dagbag.py:540} INFO - Filling up the DagBag from /opt/airflow/dags/tes123.py
[2025-06-14T21:29:06.616+0000] {processor.py:840} INFO - DAG(s) 'etl_apple_sales' retrieved from /opt/airflow/dags/tes123.py
[2025-06-14T21:29:06.669+0000] {logging_mixin.py:188} INFO - [2025-06-14T21:29:06.669+0000] {dag.py:3096} INFO - Sync 1 DAGs
[2025-06-14T21:29:06.679+0000] {logging_mixin.py:188} INFO - [2025-06-14T21:29:06.679+0000] {dag.py:3954} INFO - Setting next_dagrun for etl_apple_sales to 2025-06-14 00:00:00+00:00, run_after=2025-06-15 00:00:00+00:00
[2025-06-14T21:29:06.687+0000] {processor.py:183} INFO - Processing /opt/airflow/dags/tes123.py took 0.547 seconds
[2025-06-14T21:29:36.895+0000] {processor.py:161} INFO - Started process (PID=1277) to work on /opt/airflow/dags/tes123.py
[2025-06-14T21:29:36.898+0000] {processor.py:830} INFO - Processing file /opt/airflow/dags/tes123.py for tasks to queue
[2025-06-14T21:29:36.912+0000] {logging_mixin.py:188} INFO - [2025-06-14T21:29:36.910+0000] {dagbag.py:540} INFO - Filling up the DagBag from /opt/airflow/dags/tes123.py
[2025-06-14T21:29:37.408+0000] {processor.py:840} INFO - DAG(s) 'etl_apple_sales' retrieved from /opt/airflow/dags/tes123.py
[2025-06-14T21:29:37.449+0000] {logging_mixin.py:188} INFO - [2025-06-14T21:29:37.448+0000] {dag.py:3096} INFO - Sync 1 DAGs
[2025-06-14T21:29:37.480+0000] {logging_mixin.py:188} INFO - [2025-06-14T21:29:37.479+0000] {dag.py:3954} INFO - Setting next_dagrun for etl_apple_sales to 2025-06-14 00:00:00+00:00, run_after=2025-06-15 00:00:00+00:00
[2025-06-14T21:29:37.490+0000] {processor.py:183} INFO - Processing /opt/airflow/dags/tes123.py took 0.613 seconds
[2025-06-14T21:30:07.775+0000] {processor.py:161} INFO - Started process (PID=1341) to work on /opt/airflow/dags/tes123.py
[2025-06-14T21:30:07.777+0000] {processor.py:830} INFO - Processing file /opt/airflow/dags/tes123.py for tasks to queue
[2025-06-14T21:30:07.781+0000] {logging_mixin.py:188} INFO - [2025-06-14T21:30:07.780+0000] {dagbag.py:540} INFO - Filling up the DagBag from /opt/airflow/dags/tes123.py
[2025-06-14T21:30:08.253+0000] {processor.py:840} INFO - DAG(s) 'etl_apple_sales' retrieved from /opt/airflow/dags/tes123.py
[2025-06-14T21:30:08.267+0000] {logging_mixin.py:188} INFO - [2025-06-14T21:30:08.267+0000] {dag.py:3096} INFO - Sync 1 DAGs
[2025-06-14T21:30:08.283+0000] {logging_mixin.py:188} INFO - [2025-06-14T21:30:08.282+0000] {dag.py:3954} INFO - Setting next_dagrun for etl_apple_sales to 2025-06-14 00:00:00+00:00, run_after=2025-06-15 00:00:00+00:00
[2025-06-14T21:30:08.292+0000] {processor.py:183} INFO - Processing /opt/airflow/dags/tes123.py took 0.543 seconds
[2025-06-14T21:45:27.708+0000] {processor.py:161} INFO - Started process (PID=1354) to work on /opt/airflow/dags/tes123.py
[2025-06-14T21:45:27.713+0000] {processor.py:830} INFO - Processing file /opt/airflow/dags/tes123.py for tasks to queue
[2025-06-14T21:45:27.714+0000] {logging_mixin.py:188} INFO - [2025-06-14T21:45:27.714+0000] {dagbag.py:540} INFO - Filling up the DagBag from /opt/airflow/dags/tes123.py
[2025-06-14T21:45:28.188+0000] {processor.py:840} INFO - DAG(s) 'etl_apple_sales' retrieved from /opt/airflow/dags/tes123.py
[2025-06-14T21:45:28.278+0000] {logging_mixin.py:188} INFO - [2025-06-14T21:45:28.277+0000] {dag.py:3096} INFO - Sync 1 DAGs
[2025-06-14T21:45:28.295+0000] {logging_mixin.py:188} INFO - [2025-06-14T21:45:28.294+0000] {dag.py:3954} INFO - Setting next_dagrun for etl_apple_sales to 2025-06-14 00:00:00+00:00, run_after=2025-06-15 00:00:00+00:00
[2025-06-14T21:45:28.306+0000] {processor.py:183} INFO - Processing /opt/airflow/dags/tes123.py took 0.603 seconds
[2025-06-14T21:58:00.880+0000] {processor.py:161} INFO - Started process (PID=1418) to work on /opt/airflow/dags/tes123.py
[2025-06-14T21:58:00.895+0000] {processor.py:830} INFO - Processing file /opt/airflow/dags/tes123.py for tasks to queue
[2025-06-14T21:58:00.897+0000] {logging_mixin.py:188} INFO - [2025-06-14T21:58:00.897+0000] {dagbag.py:540} INFO - Filling up the DagBag from /opt/airflow/dags/tes123.py
[2025-06-14T21:58:01.519+0000] {processor.py:840} INFO - DAG(s) 'etl_apple_sales' retrieved from /opt/airflow/dags/tes123.py
[2025-06-14T21:58:01.620+0000] {logging_mixin.py:188} INFO - [2025-06-14T21:58:01.618+0000] {dag.py:3096} INFO - Sync 1 DAGs
[2025-06-14T21:58:01.740+0000] {logging_mixin.py:188} INFO - [2025-06-14T21:58:01.739+0000] {dag.py:3954} INFO - Setting next_dagrun for etl_apple_sales to 2025-06-14 00:00:00+00:00, run_after=2025-06-15 00:00:00+00:00
[2025-06-14T21:58:01.806+0000] {processor.py:183} INFO - Processing /opt/airflow/dags/tes123.py took 0.954 seconds
[2025-06-14T22:13:31.164+0000] {processor.py:161} INFO - Started process (PID=1482) to work on /opt/airflow/dags/tes123.py
[2025-06-14T22:13:31.178+0000] {processor.py:830} INFO - Processing file /opt/airflow/dags/tes123.py for tasks to queue
[2025-06-14T22:13:31.213+0000] {logging_mixin.py:188} INFO - [2025-06-14T22:13:31.212+0000] {dagbag.py:540} INFO - Filling up the DagBag from /opt/airflow/dags/tes123.py
[2025-06-14T22:13:32.358+0000] {processor.py:840} INFO - DAG(s) 'etl_apple_sales' retrieved from /opt/airflow/dags/tes123.py
[2025-06-14T22:13:32.482+0000] {logging_mixin.py:188} INFO - [2025-06-14T22:13:32.480+0000] {dag.py:3096} INFO - Sync 1 DAGs
[2025-06-14T22:13:32.510+0000] {logging_mixin.py:188} INFO - [2025-06-14T22:13:32.510+0000] {dag.py:3954} INFO - Setting next_dagrun for etl_apple_sales to 2025-06-14 00:00:00+00:00, run_after=2025-06-15 00:00:00+00:00
[2025-06-14T22:13:32.532+0000] {processor.py:183} INFO - Processing /opt/airflow/dags/tes123.py took 1.546 seconds
[2025-06-14T22:29:01.797+0000] {processor.py:161} INFO - Started process (PID=1546) to work on /opt/airflow/dags/tes123.py
[2025-06-14T22:29:01.800+0000] {processor.py:830} INFO - Processing file /opt/airflow/dags/tes123.py for tasks to queue
[2025-06-14T22:29:01.806+0000] {logging_mixin.py:188} INFO - [2025-06-14T22:29:01.805+0000] {dagbag.py:540} INFO - Filling up the DagBag from /opt/airflow/dags/tes123.py
[2025-06-14T22:29:02.829+0000] {processor.py:840} INFO - DAG(s) 'etl_apple_sales' retrieved from /opt/airflow/dags/tes123.py
[2025-06-14T22:29:02.854+0000] {logging_mixin.py:188} INFO - [2025-06-14T22:29:02.854+0000] {dag.py:3096} INFO - Sync 1 DAGs
[2025-06-14T22:29:02.880+0000] {logging_mixin.py:188} INFO - [2025-06-14T22:29:02.880+0000] {dag.py:3954} INFO - Setting next_dagrun for etl_apple_sales to 2025-06-14 00:00:00+00:00, run_after=2025-06-15 00:00:00+00:00
[2025-06-14T22:29:02.898+0000] {processor.py:183} INFO - Processing /opt/airflow/dags/tes123.py took 1.125 seconds
[2025-06-14T22:44:30.901+0000] {processor.py:161} INFO - Started process (PID=1610) to work on /opt/airflow/dags/tes123.py
[2025-06-14T22:44:30.907+0000] {processor.py:830} INFO - Processing file /opt/airflow/dags/tes123.py for tasks to queue
[2025-06-14T22:44:30.912+0000] {logging_mixin.py:188} INFO - [2025-06-14T22:44:30.912+0000] {dagbag.py:540} INFO - Filling up the DagBag from /opt/airflow/dags/tes123.py
[2025-06-14T22:44:32.130+0000] {processor.py:840} INFO - DAG(s) 'etl_apple_sales' retrieved from /opt/airflow/dags/tes123.py
[2025-06-14T22:44:32.230+0000] {logging_mixin.py:188} INFO - [2025-06-14T22:44:32.230+0000] {dag.py:3096} INFO - Sync 1 DAGs
[2025-06-14T22:44:32.244+0000] {logging_mixin.py:188} INFO - [2025-06-14T22:44:32.244+0000] {dag.py:3954} INFO - Setting next_dagrun for etl_apple_sales to 2025-06-14 00:00:00+00:00, run_after=2025-06-15 00:00:00+00:00
[2025-06-14T22:44:32.260+0000] {processor.py:183} INFO - Processing /opt/airflow/dags/tes123.py took 1.389 seconds
[2025-06-14T23:00:00.391+0000] {processor.py:161} INFO - Started process (PID=1674) to work on /opt/airflow/dags/tes123.py
[2025-06-14T23:00:00.393+0000] {processor.py:830} INFO - Processing file /opt/airflow/dags/tes123.py for tasks to queue
[2025-06-14T23:00:00.397+0000] {logging_mixin.py:188} INFO - [2025-06-14T23:00:00.397+0000] {dagbag.py:540} INFO - Filling up the DagBag from /opt/airflow/dags/tes123.py
[2025-06-14T23:00:00.883+0000] {processor.py:840} INFO - DAG(s) 'etl_apple_sales' retrieved from /opt/airflow/dags/tes123.py
[2025-06-14T23:00:00.899+0000] {logging_mixin.py:188} INFO - [2025-06-14T23:00:00.898+0000] {dag.py:3096} INFO - Sync 1 DAGs
[2025-06-14T23:00:00.922+0000] {logging_mixin.py:188} INFO - [2025-06-14T23:00:00.921+0000] {dag.py:3954} INFO - Setting next_dagrun for etl_apple_sales to 2025-06-14 00:00:00+00:00, run_after=2025-06-15 00:00:00+00:00
[2025-06-14T23:00:00.931+0000] {processor.py:183} INFO - Processing /opt/airflow/dags/tes123.py took 0.556 seconds
[2025-06-14T23:15:31.568+0000] {processor.py:161} INFO - Started process (PID=1738) to work on /opt/airflow/dags/tes123.py
[2025-06-14T23:15:31.570+0000] {processor.py:830} INFO - Processing file /opt/airflow/dags/tes123.py for tasks to queue
[2025-06-14T23:15:31.576+0000] {logging_mixin.py:188} INFO - [2025-06-14T23:15:31.576+0000] {dagbag.py:540} INFO - Filling up the DagBag from /opt/airflow/dags/tes123.py
[2025-06-14T23:15:32.702+0000] {processor.py:840} INFO - DAG(s) 'etl_apple_sales' retrieved from /opt/airflow/dags/tes123.py
[2025-06-14T23:15:32.844+0000] {logging_mixin.py:188} INFO - [2025-06-14T23:15:32.843+0000] {dag.py:3096} INFO - Sync 1 DAGs
[2025-06-14T23:15:32.881+0000] {logging_mixin.py:188} INFO - [2025-06-14T23:15:32.880+0000] {dag.py:3954} INFO - Setting next_dagrun for etl_apple_sales to 2025-06-14 00:00:00+00:00, run_after=2025-06-15 00:00:00+00:00
[2025-06-14T23:15:32.901+0000] {processor.py:183} INFO - Processing /opt/airflow/dags/tes123.py took 1.347 seconds
[2025-06-14T23:31:01.239+0000] {processor.py:161} INFO - Started process (PID=1802) to work on /opt/airflow/dags/tes123.py
[2025-06-14T23:31:01.242+0000] {processor.py:830} INFO - Processing file /opt/airflow/dags/tes123.py for tasks to queue
[2025-06-14T23:31:01.250+0000] {logging_mixin.py:188} INFO - [2025-06-14T23:31:01.249+0000] {dagbag.py:540} INFO - Filling up the DagBag from /opt/airflow/dags/tes123.py
[2025-06-14T23:31:02.233+0000] {processor.py:840} INFO - DAG(s) 'etl_apple_sales' retrieved from /opt/airflow/dags/tes123.py
[2025-06-14T23:31:02.256+0000] {logging_mixin.py:188} INFO - [2025-06-14T23:31:02.255+0000] {dag.py:3096} INFO - Sync 1 DAGs
[2025-06-14T23:31:02.269+0000] {logging_mixin.py:188} INFO - [2025-06-14T23:31:02.269+0000] {dag.py:3954} INFO - Setting next_dagrun for etl_apple_sales to 2025-06-14 00:00:00+00:00, run_after=2025-06-15 00:00:00+00:00
[2025-06-14T23:31:02.280+0000] {processor.py:183} INFO - Processing /opt/airflow/dags/tes123.py took 1.077 seconds
[2025-06-14T23:46:30.977+0000] {processor.py:161} INFO - Started process (PID=1866) to work on /opt/airflow/dags/tes123.py
[2025-06-14T23:46:30.979+0000] {processor.py:830} INFO - Processing file /opt/airflow/dags/tes123.py for tasks to queue
[2025-06-14T23:46:30.982+0000] {logging_mixin.py:188} INFO - [2025-06-14T23:46:30.982+0000] {dagbag.py:540} INFO - Filling up the DagBag from /opt/airflow/dags/tes123.py
[2025-06-14T23:46:31.413+0000] {processor.py:840} INFO - DAG(s) 'etl_apple_sales' retrieved from /opt/airflow/dags/tes123.py
[2025-06-14T23:46:31.496+0000] {logging_mixin.py:188} INFO - [2025-06-14T23:46:31.495+0000] {dag.py:3096} INFO - Sync 1 DAGs
[2025-06-14T23:46:31.509+0000] {logging_mixin.py:188} INFO - [2025-06-14T23:46:31.509+0000] {dag.py:3954} INFO - Setting next_dagrun for etl_apple_sales to 2025-06-14 00:00:00+00:00, run_after=2025-06-15 00:00:00+00:00
[2025-06-14T23:46:31.523+0000] {processor.py:183} INFO - Processing /opt/airflow/dags/tes123.py took 0.569 seconds
