[2025-06-15T00:02:05.476+0000] {processor.py:161} INFO - Started process (PID=1982) to work on /home/airflow/.local/lib/python3.10/site-packages/airflow/example_dags/subdags/subdag.py
[2025-06-15T00:02:05.477+0000] {processor.py:830} INFO - Processing file /home/airflow/.local/lib/python3.10/site-packages/airflow/example_dags/subdags/subdag.py for tasks to queue
[2025-06-15T00:02:05.478+0000] {logging_mixin.py:188} INFO - [2025-06-15T00:02:05.478+0000] {dagbag.py:540} INFO - Filling up the DagBag from /home/airflow/.local/lib/python3.10/site-packages/airflow/example_dags/subdags/subdag.py
[2025-06-15T00:02:05.480+0000] {processor.py:842} WARNING - No viable dags retrieved from /home/airflow/.local/lib/python3.10/site-packages/airflow/example_dags/subdags/subdag.py
[2025-06-15T00:02:05.506+0000] {processor.py:183} INFO - Processing /home/airflow/.local/lib/python3.10/site-packages/airflow/example_dags/subdags/subdag.py took 0.038 seconds
[2025-06-15T00:02:36.191+0000] {processor.py:161} INFO - Started process (PID=2046) to work on /home/airflow/.local/lib/python3.10/site-packages/airflow/example_dags/subdags/subdag.py
[2025-06-15T00:02:36.193+0000] {processor.py:830} INFO - Processing file /home/airflow/.local/lib/python3.10/site-packages/airflow/example_dags/subdags/subdag.py for tasks to queue
[2025-06-15T00:02:36.196+0000] {logging_mixin.py:188} INFO - [2025-06-15T00:02:36.196+0000] {dagbag.py:540} INFO - Filling up the DagBag from /home/airflow/.local/lib/python3.10/site-packages/airflow/example_dags/subdags/subdag.py
[2025-06-15T00:02:36.197+0000] {processor.py:842} WARNING - No viable dags retrieved from /home/airflow/.local/lib/python3.10/site-packages/airflow/example_dags/subdags/subdag.py
[2025-06-15T00:02:36.205+0000] {processor.py:183} INFO - Processing /home/airflow/.local/lib/python3.10/site-packages/airflow/example_dags/subdags/subdag.py took 0.018 seconds
[2025-06-15T00:18:04.091+0000] {processor.py:161} INFO - Started process (PID=2110) to work on /home/airflow/.local/lib/python3.10/site-packages/airflow/example_dags/subdags/subdag.py
[2025-06-15T00:18:04.094+0000] {processor.py:830} INFO - Processing file /home/airflow/.local/lib/python3.10/site-packages/airflow/example_dags/subdags/subdag.py for tasks to queue
[2025-06-15T00:18:04.096+0000] {logging_mixin.py:188} INFO - [2025-06-15T00:18:04.096+0000] {dagbag.py:540} INFO - Filling up the DagBag from /home/airflow/.local/lib/python3.10/site-packages/airflow/example_dags/subdags/subdag.py
[2025-06-15T00:18:04.098+0000] {processor.py:842} WARNING - No viable dags retrieved from /home/airflow/.local/lib/python3.10/site-packages/airflow/example_dags/subdags/subdag.py
[2025-06-15T00:18:04.111+0000] {processor.py:183} INFO - Processing /home/airflow/.local/lib/python3.10/site-packages/airflow/example_dags/subdags/subdag.py took 0.026 seconds
[2025-06-15T00:32:09.389+0000] {processor.py:161} INFO - Started process (PID=2174) to work on /home/airflow/.local/lib/python3.10/site-packages/airflow/example_dags/subdags/subdag.py
[2025-06-15T00:32:09.390+0000] {processor.py:830} INFO - Processing file /home/airflow/.local/lib/python3.10/site-packages/airflow/example_dags/subdags/subdag.py for tasks to queue
[2025-06-15T00:32:09.391+0000] {logging_mixin.py:188} INFO - [2025-06-15T00:32:09.391+0000] {dagbag.py:540} INFO - Filling up the DagBag from /home/airflow/.local/lib/python3.10/site-packages/airflow/example_dags/subdags/subdag.py
[2025-06-15T00:32:09.397+0000] {processor.py:842} WARNING - No viable dags retrieved from /home/airflow/.local/lib/python3.10/site-packages/airflow/example_dags/subdags/subdag.py
[2025-06-15T00:32:09.410+0000] {processor.py:183} INFO - Processing /home/airflow/.local/lib/python3.10/site-packages/airflow/example_dags/subdags/subdag.py took 0.028 seconds
[2025-06-15T00:47:40.519+0000] {processor.py:161} INFO - Started process (PID=2238) to work on /home/airflow/.local/lib/python3.10/site-packages/airflow/example_dags/subdags/subdag.py
[2025-06-15T00:47:40.520+0000] {processor.py:830} INFO - Processing file /home/airflow/.local/lib/python3.10/site-packages/airflow/example_dags/subdags/subdag.py for tasks to queue
[2025-06-15T00:47:40.522+0000] {logging_mixin.py:188} INFO - [2025-06-15T00:47:40.521+0000] {dagbag.py:540} INFO - Filling up the DagBag from /home/airflow/.local/lib/python3.10/site-packages/airflow/example_dags/subdags/subdag.py
[2025-06-15T00:47:40.523+0000] {processor.py:842} WARNING - No viable dags retrieved from /home/airflow/.local/lib/python3.10/site-packages/airflow/example_dags/subdags/subdag.py
[2025-06-15T00:47:40.546+0000] {processor.py:183} INFO - Processing /home/airflow/.local/lib/python3.10/site-packages/airflow/example_dags/subdags/subdag.py took 0.033 seconds
[2025-06-15T01:03:15.711+0000] {processor.py:161} INFO - Started process (PID=2302) to work on /home/airflow/.local/lib/python3.10/site-packages/airflow/example_dags/subdags/subdag.py
[2025-06-15T01:03:15.714+0000] {processor.py:830} INFO - Processing file /home/airflow/.local/lib/python3.10/site-packages/airflow/example_dags/subdags/subdag.py for tasks to queue
[2025-06-15T01:03:15.715+0000] {logging_mixin.py:188} INFO - [2025-06-15T01:03:15.715+0000] {dagbag.py:540} INFO - Filling up the DagBag from /home/airflow/.local/lib/python3.10/site-packages/airflow/example_dags/subdags/subdag.py
[2025-06-15T01:03:15.716+0000] {processor.py:842} WARNING - No viable dags retrieved from /home/airflow/.local/lib/python3.10/site-packages/airflow/example_dags/subdags/subdag.py
[2025-06-15T01:03:15.724+0000] {processor.py:183} INFO - Processing /home/airflow/.local/lib/python3.10/site-packages/airflow/example_dags/subdags/subdag.py took 0.016 seconds
[2025-06-15T01:12:54.028+0000] {processor.py:161} INFO - Started process (PID=2366) to work on /home/airflow/.local/lib/python3.10/site-packages/airflow/example_dags/subdags/subdag.py
[2025-06-15T01:12:54.028+0000] {processor.py:830} INFO - Processing file /home/airflow/.local/lib/python3.10/site-packages/airflow/example_dags/subdags/subdag.py for tasks to queue
[2025-06-15T01:12:54.029+0000] {logging_mixin.py:188} INFO - [2025-06-15T01:12:54.029+0000] {dagbag.py:540} INFO - Filling up the DagBag from /home/airflow/.local/lib/python3.10/site-packages/airflow/example_dags/subdags/subdag.py
[2025-06-15T01:12:54.030+0000] {processor.py:842} WARNING - No viable dags retrieved from /home/airflow/.local/lib/python3.10/site-packages/airflow/example_dags/subdags/subdag.py
[2025-06-15T01:12:54.039+0000] {processor.py:183} INFO - Processing /home/airflow/.local/lib/python3.10/site-packages/airflow/example_dags/subdags/subdag.py took 0.014 seconds
[2025-06-15T01:28:30.558+0000] {processor.py:161} INFO - Started process (PID=2430) to work on /home/airflow/.local/lib/python3.10/site-packages/airflow/example_dags/subdags/subdag.py
[2025-06-15T01:28:30.559+0000] {processor.py:830} INFO - Processing file /home/airflow/.local/lib/python3.10/site-packages/airflow/example_dags/subdags/subdag.py for tasks to queue
[2025-06-15T01:28:30.560+0000] {logging_mixin.py:188} INFO - [2025-06-15T01:28:30.560+0000] {dagbag.py:540} INFO - Filling up the DagBag from /home/airflow/.local/lib/python3.10/site-packages/airflow/example_dags/subdags/subdag.py
[2025-06-15T01:28:30.561+0000] {processor.py:842} WARNING - No viable dags retrieved from /home/airflow/.local/lib/python3.10/site-packages/airflow/example_dags/subdags/subdag.py
[2025-06-15T01:28:30.574+0000] {processor.py:183} INFO - Processing /home/airflow/.local/lib/python3.10/site-packages/airflow/example_dags/subdags/subdag.py took 0.019 seconds
[2025-06-15T01:29:01.514+0000] {processor.py:161} INFO - Started process (PID=2494) to work on /home/airflow/.local/lib/python3.10/site-packages/airflow/example_dags/subdags/subdag.py
[2025-06-15T01:29:01.515+0000] {processor.py:830} INFO - Processing file /home/airflow/.local/lib/python3.10/site-packages/airflow/example_dags/subdags/subdag.py for tasks to queue
[2025-06-15T01:29:01.516+0000] {logging_mixin.py:188} INFO - [2025-06-15T01:29:01.516+0000] {dagbag.py:540} INFO - Filling up the DagBag from /home/airflow/.local/lib/python3.10/site-packages/airflow/example_dags/subdags/subdag.py
[2025-06-15T01:29:01.517+0000] {processor.py:842} WARNING - No viable dags retrieved from /home/airflow/.local/lib/python3.10/site-packages/airflow/example_dags/subdags/subdag.py
[2025-06-15T01:29:01.527+0000] {processor.py:183} INFO - Processing /home/airflow/.local/lib/python3.10/site-packages/airflow/example_dags/subdags/subdag.py took 0.018 seconds
[2025-06-15T01:38:43.143+0000] {processor.py:161} INFO - Started process (PID=2558) to work on /home/airflow/.local/lib/python3.10/site-packages/airflow/example_dags/subdags/subdag.py
[2025-06-15T01:38:43.145+0000] {processor.py:830} INFO - Processing file /home/airflow/.local/lib/python3.10/site-packages/airflow/example_dags/subdags/subdag.py for tasks to queue
[2025-06-15T01:38:43.146+0000] {logging_mixin.py:188} INFO - [2025-06-15T01:38:43.146+0000] {dagbag.py:540} INFO - Filling up the DagBag from /home/airflow/.local/lib/python3.10/site-packages/airflow/example_dags/subdags/subdag.py
[2025-06-15T01:38:43.148+0000] {processor.py:842} WARNING - No viable dags retrieved from /home/airflow/.local/lib/python3.10/site-packages/airflow/example_dags/subdags/subdag.py
[2025-06-15T01:38:43.156+0000] {processor.py:183} INFO - Processing /home/airflow/.local/lib/python3.10/site-packages/airflow/example_dags/subdags/subdag.py took 0.016 seconds
[2025-06-15T01:57:49.205+0000] {processor.py:161} INFO - Started process (PID=2622) to work on /home/airflow/.local/lib/python3.10/site-packages/airflow/example_dags/subdags/subdag.py
[2025-06-15T01:57:49.206+0000] {processor.py:830} INFO - Processing file /home/airflow/.local/lib/python3.10/site-packages/airflow/example_dags/subdags/subdag.py for tasks to queue
[2025-06-15T01:57:49.208+0000] {logging_mixin.py:188} INFO - [2025-06-15T01:57:49.208+0000] {dagbag.py:540} INFO - Filling up the DagBag from /home/airflow/.local/lib/python3.10/site-packages/airflow/example_dags/subdags/subdag.py
[2025-06-15T01:57:49.210+0000] {processor.py:842} WARNING - No viable dags retrieved from /home/airflow/.local/lib/python3.10/site-packages/airflow/example_dags/subdags/subdag.py
[2025-06-15T01:57:49.225+0000] {processor.py:183} INFO - Processing /home/airflow/.local/lib/python3.10/site-packages/airflow/example_dags/subdags/subdag.py took 0.029 seconds
[2025-06-15T02:03:48.459+0000] {processor.py:161} INFO - Started process (PID=2686) to work on /home/airflow/.local/lib/python3.10/site-packages/airflow/example_dags/subdags/subdag.py
[2025-06-15T02:03:48.461+0000] {processor.py:830} INFO - Processing file /home/airflow/.local/lib/python3.10/site-packages/airflow/example_dags/subdags/subdag.py for tasks to queue
[2025-06-15T02:03:48.463+0000] {logging_mixin.py:188} INFO - [2025-06-15T02:03:48.463+0000] {dagbag.py:540} INFO - Filling up the DagBag from /home/airflow/.local/lib/python3.10/site-packages/airflow/example_dags/subdags/subdag.py
[2025-06-15T02:03:48.464+0000] {processor.py:842} WARNING - No viable dags retrieved from /home/airflow/.local/lib/python3.10/site-packages/airflow/example_dags/subdags/subdag.py
[2025-06-15T02:03:48.473+0000] {processor.py:183} INFO - Processing /home/airflow/.local/lib/python3.10/site-packages/airflow/example_dags/subdags/subdag.py took 0.019 seconds
[2025-06-15T02:04:22.002+0000] {processor.py:161} INFO - Started process (PID=2750) to work on /home/airflow/.local/lib/python3.10/site-packages/airflow/example_dags/subdags/subdag.py
[2025-06-15T02:04:22.003+0000] {processor.py:830} INFO - Processing file /home/airflow/.local/lib/python3.10/site-packages/airflow/example_dags/subdags/subdag.py for tasks to queue
[2025-06-15T02:04:22.004+0000] {logging_mixin.py:188} INFO - [2025-06-15T02:04:22.004+0000] {dagbag.py:540} INFO - Filling up the DagBag from /home/airflow/.local/lib/python3.10/site-packages/airflow/example_dags/subdags/subdag.py
[2025-06-15T02:04:22.005+0000] {processor.py:842} WARNING - No viable dags retrieved from /home/airflow/.local/lib/python3.10/site-packages/airflow/example_dags/subdags/subdag.py
[2025-06-15T02:04:22.015+0000] {processor.py:183} INFO - Processing /home/airflow/.local/lib/python3.10/site-packages/airflow/example_dags/subdags/subdag.py took 0.018 seconds
[2025-06-15T02:19:59.030+0000] {processor.py:161} INFO - Started process (PID=2814) to work on /home/airflow/.local/lib/python3.10/site-packages/airflow/example_dags/subdags/subdag.py
[2025-06-15T02:19:59.032+0000] {processor.py:830} INFO - Processing file /home/airflow/.local/lib/python3.10/site-packages/airflow/example_dags/subdags/subdag.py for tasks to queue
[2025-06-15T02:19:59.034+0000] {logging_mixin.py:188} INFO - [2025-06-15T02:19:59.034+0000] {dagbag.py:540} INFO - Filling up the DagBag from /home/airflow/.local/lib/python3.10/site-packages/airflow/example_dags/subdags/subdag.py
[2025-06-15T02:19:59.035+0000] {processor.py:842} WARNING - No viable dags retrieved from /home/airflow/.local/lib/python3.10/site-packages/airflow/example_dags/subdags/subdag.py
[2025-06-15T02:19:59.057+0000] {processor.py:183} INFO - Processing /home/airflow/.local/lib/python3.10/site-packages/airflow/example_dags/subdags/subdag.py took 0.033 seconds
[2025-06-15T02:23:48.242+0000] {processor.py:161} INFO - Started process (PID=2878) to work on /home/airflow/.local/lib/python3.10/site-packages/airflow/example_dags/subdags/subdag.py
[2025-06-15T02:23:48.243+0000] {processor.py:830} INFO - Processing file /home/airflow/.local/lib/python3.10/site-packages/airflow/example_dags/subdags/subdag.py for tasks to queue
[2025-06-15T02:23:48.245+0000] {logging_mixin.py:188} INFO - [2025-06-15T02:23:48.245+0000] {dagbag.py:540} INFO - Filling up the DagBag from /home/airflow/.local/lib/python3.10/site-packages/airflow/example_dags/subdags/subdag.py
[2025-06-15T02:23:48.246+0000] {processor.py:842} WARNING - No viable dags retrieved from /home/airflow/.local/lib/python3.10/site-packages/airflow/example_dags/subdags/subdag.py
[2025-06-15T02:23:48.258+0000] {processor.py:183} INFO - Processing /home/airflow/.local/lib/python3.10/site-packages/airflow/example_dags/subdags/subdag.py took 0.019 seconds
[2025-06-15T02:25:47.843+0000] {processor.py:161} INFO - Started process (PID=2942) to work on /home/airflow/.local/lib/python3.10/site-packages/airflow/example_dags/subdags/subdag.py
[2025-06-15T02:25:47.844+0000] {processor.py:830} INFO - Processing file /home/airflow/.local/lib/python3.10/site-packages/airflow/example_dags/subdags/subdag.py for tasks to queue
[2025-06-15T02:25:47.846+0000] {logging_mixin.py:188} INFO - [2025-06-15T02:25:47.846+0000] {dagbag.py:540} INFO - Filling up the DagBag from /home/airflow/.local/lib/python3.10/site-packages/airflow/example_dags/subdags/subdag.py
[2025-06-15T02:25:47.847+0000] {processor.py:842} WARNING - No viable dags retrieved from /home/airflow/.local/lib/python3.10/site-packages/airflow/example_dags/subdags/subdag.py
[2025-06-15T02:25:47.859+0000] {processor.py:183} INFO - Processing /home/airflow/.local/lib/python3.10/site-packages/airflow/example_dags/subdags/subdag.py took 0.023 seconds
[2025-06-15T02:27:46.898+0000] {processor.py:161} INFO - Started process (PID=3006) to work on /home/airflow/.local/lib/python3.10/site-packages/airflow/example_dags/subdags/subdag.py
[2025-06-15T02:27:46.900+0000] {processor.py:830} INFO - Processing file /home/airflow/.local/lib/python3.10/site-packages/airflow/example_dags/subdags/subdag.py for tasks to queue
[2025-06-15T02:27:46.902+0000] {logging_mixin.py:188} INFO - [2025-06-15T02:27:46.902+0000] {dagbag.py:540} INFO - Filling up the DagBag from /home/airflow/.local/lib/python3.10/site-packages/airflow/example_dags/subdags/subdag.py
[2025-06-15T02:27:46.904+0000] {processor.py:842} WARNING - No viable dags retrieved from /home/airflow/.local/lib/python3.10/site-packages/airflow/example_dags/subdags/subdag.py
[2025-06-15T02:27:46.914+0000] {processor.py:183} INFO - Processing /home/airflow/.local/lib/python3.10/site-packages/airflow/example_dags/subdags/subdag.py took 0.021 seconds
[2025-06-15T02:34:01.652+0000] {processor.py:161} INFO - Started process (PID=3070) to work on /home/airflow/.local/lib/python3.10/site-packages/airflow/example_dags/subdags/subdag.py
[2025-06-15T02:34:01.653+0000] {processor.py:830} INFO - Processing file /home/airflow/.local/lib/python3.10/site-packages/airflow/example_dags/subdags/subdag.py for tasks to queue
[2025-06-15T02:34:01.654+0000] {logging_mixin.py:188} INFO - [2025-06-15T02:34:01.654+0000] {dagbag.py:540} INFO - Filling up the DagBag from /home/airflow/.local/lib/python3.10/site-packages/airflow/example_dags/subdags/subdag.py
[2025-06-15T02:34:01.655+0000] {processor.py:842} WARNING - No viable dags retrieved from /home/airflow/.local/lib/python3.10/site-packages/airflow/example_dags/subdags/subdag.py
[2025-06-15T02:34:01.666+0000] {processor.py:183} INFO - Processing /home/airflow/.local/lib/python3.10/site-packages/airflow/example_dags/subdags/subdag.py took 0.020 seconds
[2025-06-15T02:39:57.484+0000] {processor.py:161} INFO - Started process (PID=3134) to work on /home/airflow/.local/lib/python3.10/site-packages/airflow/example_dags/subdags/subdag.py
[2025-06-15T02:39:57.486+0000] {processor.py:830} INFO - Processing file /home/airflow/.local/lib/python3.10/site-packages/airflow/example_dags/subdags/subdag.py for tasks to queue
[2025-06-15T02:39:57.488+0000] {logging_mixin.py:188} INFO - [2025-06-15T02:39:57.488+0000] {dagbag.py:540} INFO - Filling up the DagBag from /home/airflow/.local/lib/python3.10/site-packages/airflow/example_dags/subdags/subdag.py
[2025-06-15T02:39:57.489+0000] {processor.py:842} WARNING - No viable dags retrieved from /home/airflow/.local/lib/python3.10/site-packages/airflow/example_dags/subdags/subdag.py
[2025-06-15T02:39:57.500+0000] {processor.py:183} INFO - Processing /home/airflow/.local/lib/python3.10/site-packages/airflow/example_dags/subdags/subdag.py took 0.020 seconds
[2025-06-15T02:40:27.637+0000] {processor.py:161} INFO - Started process (PID=3198) to work on /home/airflow/.local/lib/python3.10/site-packages/airflow/example_dags/subdags/subdag.py
[2025-06-15T02:40:27.641+0000] {processor.py:830} INFO - Processing file /home/airflow/.local/lib/python3.10/site-packages/airflow/example_dags/subdags/subdag.py for tasks to queue
[2025-06-15T02:40:27.642+0000] {logging_mixin.py:188} INFO - [2025-06-15T02:40:27.642+0000] {dagbag.py:540} INFO - Filling up the DagBag from /home/airflow/.local/lib/python3.10/site-packages/airflow/example_dags/subdags/subdag.py
[2025-06-15T02:40:27.643+0000] {processor.py:842} WARNING - No viable dags retrieved from /home/airflow/.local/lib/python3.10/site-packages/airflow/example_dags/subdags/subdag.py
[2025-06-15T02:40:27.654+0000] {processor.py:183} INFO - Processing /home/airflow/.local/lib/python3.10/site-packages/airflow/example_dags/subdags/subdag.py took 0.020 seconds
[2025-06-15T02:55:57.049+0000] {processor.py:161} INFO - Started process (PID=3262) to work on /home/airflow/.local/lib/python3.10/site-packages/airflow/example_dags/subdags/subdag.py
[2025-06-15T02:55:57.050+0000] {processor.py:830} INFO - Processing file /home/airflow/.local/lib/python3.10/site-packages/airflow/example_dags/subdags/subdag.py for tasks to queue
[2025-06-15T02:55:57.051+0000] {logging_mixin.py:188} INFO - [2025-06-15T02:55:57.051+0000] {dagbag.py:540} INFO - Filling up the DagBag from /home/airflow/.local/lib/python3.10/site-packages/airflow/example_dags/subdags/subdag.py
[2025-06-15T02:55:57.052+0000] {processor.py:842} WARNING - No viable dags retrieved from /home/airflow/.local/lib/python3.10/site-packages/airflow/example_dags/subdags/subdag.py
[2025-06-15T02:55:57.062+0000] {processor.py:183} INFO - Processing /home/airflow/.local/lib/python3.10/site-packages/airflow/example_dags/subdags/subdag.py took 0.018 seconds
[2025-06-15T02:56:28.208+0000] {processor.py:161} INFO - Started process (PID=3326) to work on /home/airflow/.local/lib/python3.10/site-packages/airflow/example_dags/subdags/subdag.py
[2025-06-15T02:56:28.211+0000] {processor.py:830} INFO - Processing file /home/airflow/.local/lib/python3.10/site-packages/airflow/example_dags/subdags/subdag.py for tasks to queue
[2025-06-15T02:56:28.215+0000] {logging_mixin.py:188} INFO - [2025-06-15T02:56:28.214+0000] {dagbag.py:540} INFO - Filling up the DagBag from /home/airflow/.local/lib/python3.10/site-packages/airflow/example_dags/subdags/subdag.py
[2025-06-15T02:56:28.216+0000] {processor.py:842} WARNING - No viable dags retrieved from /home/airflow/.local/lib/python3.10/site-packages/airflow/example_dags/subdags/subdag.py
[2025-06-15T02:56:28.234+0000] {processor.py:183} INFO - Processing /home/airflow/.local/lib/python3.10/site-packages/airflow/example_dags/subdags/subdag.py took 0.032 seconds
[2025-06-15T03:08:07.948+0000] {processor.py:161} INFO - Started process (PID=3390) to work on /home/airflow/.local/lib/python3.10/site-packages/airflow/example_dags/subdags/subdag.py
[2025-06-15T03:08:07.949+0000] {processor.py:830} INFO - Processing file /home/airflow/.local/lib/python3.10/site-packages/airflow/example_dags/subdags/subdag.py for tasks to queue
[2025-06-15T03:08:07.950+0000] {logging_mixin.py:188} INFO - [2025-06-15T03:08:07.950+0000] {dagbag.py:540} INFO - Filling up the DagBag from /home/airflow/.local/lib/python3.10/site-packages/airflow/example_dags/subdags/subdag.py
[2025-06-15T03:08:07.956+0000] {processor.py:842} WARNING - No viable dags retrieved from /home/airflow/.local/lib/python3.10/site-packages/airflow/example_dags/subdags/subdag.py
[2025-06-15T03:08:07.968+0000] {processor.py:183} INFO - Processing /home/airflow/.local/lib/python3.10/site-packages/airflow/example_dags/subdags/subdag.py took 0.023 seconds
[2025-06-15T03:09:46.315+0000] {processor.py:161} INFO - Started process (PID=3454) to work on /home/airflow/.local/lib/python3.10/site-packages/airflow/example_dags/subdags/subdag.py
[2025-06-15T03:09:46.319+0000] {processor.py:830} INFO - Processing file /home/airflow/.local/lib/python3.10/site-packages/airflow/example_dags/subdags/subdag.py for tasks to queue
[2025-06-15T03:09:46.321+0000] {logging_mixin.py:188} INFO - [2025-06-15T03:09:46.321+0000] {dagbag.py:540} INFO - Filling up the DagBag from /home/airflow/.local/lib/python3.10/site-packages/airflow/example_dags/subdags/subdag.py
[2025-06-15T03:09:46.324+0000] {processor.py:842} WARNING - No viable dags retrieved from /home/airflow/.local/lib/python3.10/site-packages/airflow/example_dags/subdags/subdag.py
[2025-06-15T03:09:46.335+0000] {processor.py:183} INFO - Processing /home/airflow/.local/lib/python3.10/site-packages/airflow/example_dags/subdags/subdag.py took 0.025 seconds
[2025-06-15T03:13:24.601+0000] {processor.py:161} INFO - Started process (PID=3518) to work on /home/airflow/.local/lib/python3.10/site-packages/airflow/example_dags/subdags/subdag.py
[2025-06-15T03:13:24.603+0000] {processor.py:830} INFO - Processing file /home/airflow/.local/lib/python3.10/site-packages/airflow/example_dags/subdags/subdag.py for tasks to queue
[2025-06-15T03:13:24.605+0000] {logging_mixin.py:188} INFO - [2025-06-15T03:13:24.605+0000] {dagbag.py:540} INFO - Filling up the DagBag from /home/airflow/.local/lib/python3.10/site-packages/airflow/example_dags/subdags/subdag.py
[2025-06-15T03:13:24.606+0000] {processor.py:842} WARNING - No viable dags retrieved from /home/airflow/.local/lib/python3.10/site-packages/airflow/example_dags/subdags/subdag.py
[2025-06-15T03:13:24.618+0000] {processor.py:183} INFO - Processing /home/airflow/.local/lib/python3.10/site-packages/airflow/example_dags/subdags/subdag.py took 0.021 seconds
[2025-06-15T03:20:49.451+0000] {processor.py:161} INFO - Started process (PID=3582) to work on /home/airflow/.local/lib/python3.10/site-packages/airflow/example_dags/subdags/subdag.py
[2025-06-15T03:20:49.453+0000] {processor.py:830} INFO - Processing file /home/airflow/.local/lib/python3.10/site-packages/airflow/example_dags/subdags/subdag.py for tasks to queue
[2025-06-15T03:20:49.457+0000] {logging_mixin.py:188} INFO - [2025-06-15T03:20:49.457+0000] {dagbag.py:540} INFO - Filling up the DagBag from /home/airflow/.local/lib/python3.10/site-packages/airflow/example_dags/subdags/subdag.py
[2025-06-15T03:20:49.458+0000] {processor.py:842} WARNING - No viable dags retrieved from /home/airflow/.local/lib/python3.10/site-packages/airflow/example_dags/subdags/subdag.py
[2025-06-15T03:20:49.468+0000] {processor.py:183} INFO - Processing /home/airflow/.local/lib/python3.10/site-packages/airflow/example_dags/subdags/subdag.py took 0.022 seconds
[2025-06-15T03:24:17.869+0000] {processor.py:161} INFO - Started process (PID=3646) to work on /home/airflow/.local/lib/python3.10/site-packages/airflow/example_dags/subdags/subdag.py
[2025-06-15T03:24:17.870+0000] {processor.py:830} INFO - Processing file /home/airflow/.local/lib/python3.10/site-packages/airflow/example_dags/subdags/subdag.py for tasks to queue
[2025-06-15T03:24:17.871+0000] {logging_mixin.py:188} INFO - [2025-06-15T03:24:17.871+0000] {dagbag.py:540} INFO - Filling up the DagBag from /home/airflow/.local/lib/python3.10/site-packages/airflow/example_dags/subdags/subdag.py
[2025-06-15T03:24:17.875+0000] {processor.py:842} WARNING - No viable dags retrieved from /home/airflow/.local/lib/python3.10/site-packages/airflow/example_dags/subdags/subdag.py
[2025-06-15T03:24:17.891+0000] {processor.py:183} INFO - Processing /home/airflow/.local/lib/python3.10/site-packages/airflow/example_dags/subdags/subdag.py took 0.027 seconds
[2025-06-15T03:26:44.736+0000] {processor.py:161} INFO - Started process (PID=3710) to work on /home/airflow/.local/lib/python3.10/site-packages/airflow/example_dags/subdags/subdag.py
[2025-06-15T03:26:44.737+0000] {processor.py:830} INFO - Processing file /home/airflow/.local/lib/python3.10/site-packages/airflow/example_dags/subdags/subdag.py for tasks to queue
[2025-06-15T03:26:44.738+0000] {logging_mixin.py:188} INFO - [2025-06-15T03:26:44.738+0000] {dagbag.py:540} INFO - Filling up the DagBag from /home/airflow/.local/lib/python3.10/site-packages/airflow/example_dags/subdags/subdag.py
[2025-06-15T03:26:44.740+0000] {processor.py:842} WARNING - No viable dags retrieved from /home/airflow/.local/lib/python3.10/site-packages/airflow/example_dags/subdags/subdag.py
[2025-06-15T03:26:44.752+0000] {processor.py:183} INFO - Processing /home/airflow/.local/lib/python3.10/site-packages/airflow/example_dags/subdags/subdag.py took 0.020 seconds
[2025-06-15T03:28:45.551+0000] {processor.py:161} INFO - Started process (PID=3774) to work on /home/airflow/.local/lib/python3.10/site-packages/airflow/example_dags/subdags/subdag.py
[2025-06-15T03:28:45.552+0000] {processor.py:830} INFO - Processing file /home/airflow/.local/lib/python3.10/site-packages/airflow/example_dags/subdags/subdag.py for tasks to queue
[2025-06-15T03:28:45.555+0000] {logging_mixin.py:188} INFO - [2025-06-15T03:28:45.554+0000] {dagbag.py:540} INFO - Filling up the DagBag from /home/airflow/.local/lib/python3.10/site-packages/airflow/example_dags/subdags/subdag.py
[2025-06-15T03:28:45.556+0000] {processor.py:842} WARNING - No viable dags retrieved from /home/airflow/.local/lib/python3.10/site-packages/airflow/example_dags/subdags/subdag.py
[2025-06-15T03:28:45.565+0000] {processor.py:183} INFO - Processing /home/airflow/.local/lib/python3.10/site-packages/airflow/example_dags/subdags/subdag.py took 0.018 seconds
[2025-06-15T03:34:24.313+0000] {processor.py:161} INFO - Started process (PID=3838) to work on /home/airflow/.local/lib/python3.10/site-packages/airflow/example_dags/subdags/subdag.py
[2025-06-15T03:34:24.317+0000] {processor.py:830} INFO - Processing file /home/airflow/.local/lib/python3.10/site-packages/airflow/example_dags/subdags/subdag.py for tasks to queue
[2025-06-15T03:34:24.320+0000] {logging_mixin.py:188} INFO - [2025-06-15T03:34:24.320+0000] {dagbag.py:540} INFO - Filling up the DagBag from /home/airflow/.local/lib/python3.10/site-packages/airflow/example_dags/subdags/subdag.py
[2025-06-15T03:34:24.327+0000] {processor.py:842} WARNING - No viable dags retrieved from /home/airflow/.local/lib/python3.10/site-packages/airflow/example_dags/subdags/subdag.py
[2025-06-15T03:34:24.351+0000] {processor.py:183} INFO - Processing /home/airflow/.local/lib/python3.10/site-packages/airflow/example_dags/subdags/subdag.py took 0.044 seconds
[2025-06-15T03:34:55.069+0000] {processor.py:161} INFO - Started process (PID=3902) to work on /home/airflow/.local/lib/python3.10/site-packages/airflow/example_dags/subdags/subdag.py
[2025-06-15T03:34:55.070+0000] {processor.py:830} INFO - Processing file /home/airflow/.local/lib/python3.10/site-packages/airflow/example_dags/subdags/subdag.py for tasks to queue
[2025-06-15T03:34:55.072+0000] {logging_mixin.py:188} INFO - [2025-06-15T03:34:55.072+0000] {dagbag.py:540} INFO - Filling up the DagBag from /home/airflow/.local/lib/python3.10/site-packages/airflow/example_dags/subdags/subdag.py
[2025-06-15T03:34:55.075+0000] {processor.py:842} WARNING - No viable dags retrieved from /home/airflow/.local/lib/python3.10/site-packages/airflow/example_dags/subdags/subdag.py
[2025-06-15T03:34:55.088+0000] {processor.py:183} INFO - Processing /home/airflow/.local/lib/python3.10/site-packages/airflow/example_dags/subdags/subdag.py took 0.023 seconds
[2025-06-15T03:40:28.756+0000] {processor.py:161} INFO - Started process (PID=3966) to work on /home/airflow/.local/lib/python3.10/site-packages/airflow/example_dags/subdags/subdag.py
[2025-06-15T03:40:28.759+0000] {processor.py:830} INFO - Processing file /home/airflow/.local/lib/python3.10/site-packages/airflow/example_dags/subdags/subdag.py for tasks to queue
[2025-06-15T03:40:28.760+0000] {logging_mixin.py:188} INFO - [2025-06-15T03:40:28.760+0000] {dagbag.py:540} INFO - Filling up the DagBag from /home/airflow/.local/lib/python3.10/site-packages/airflow/example_dags/subdags/subdag.py
[2025-06-15T03:40:28.761+0000] {processor.py:842} WARNING - No viable dags retrieved from /home/airflow/.local/lib/python3.10/site-packages/airflow/example_dags/subdags/subdag.py
[2025-06-15T03:40:28.772+0000] {processor.py:183} INFO - Processing /home/airflow/.local/lib/python3.10/site-packages/airflow/example_dags/subdags/subdag.py took 0.020 seconds
[2025-06-15T03:40:59.375+0000] {processor.py:161} INFO - Started process (PID=4030) to work on /home/airflow/.local/lib/python3.10/site-packages/airflow/example_dags/subdags/subdag.py
[2025-06-15T03:40:59.380+0000] {processor.py:830} INFO - Processing file /home/airflow/.local/lib/python3.10/site-packages/airflow/example_dags/subdags/subdag.py for tasks to queue
[2025-06-15T03:40:59.383+0000] {logging_mixin.py:188} INFO - [2025-06-15T03:40:59.382+0000] {dagbag.py:540} INFO - Filling up the DagBag from /home/airflow/.local/lib/python3.10/site-packages/airflow/example_dags/subdags/subdag.py
[2025-06-15T03:40:59.386+0000] {processor.py:842} WARNING - No viable dags retrieved from /home/airflow/.local/lib/python3.10/site-packages/airflow/example_dags/subdags/subdag.py
[2025-06-15T03:40:59.411+0000] {processor.py:183} INFO - Processing /home/airflow/.local/lib/python3.10/site-packages/airflow/example_dags/subdags/subdag.py took 0.046 seconds
[2025-06-15T03:46:34.263+0000] {processor.py:161} INFO - Started process (PID=4094) to work on /home/airflow/.local/lib/python3.10/site-packages/airflow/example_dags/subdags/subdag.py
[2025-06-15T03:46:34.265+0000] {processor.py:830} INFO - Processing file /home/airflow/.local/lib/python3.10/site-packages/airflow/example_dags/subdags/subdag.py for tasks to queue
[2025-06-15T03:46:34.266+0000] {logging_mixin.py:188} INFO - [2025-06-15T03:46:34.266+0000] {dagbag.py:540} INFO - Filling up the DagBag from /home/airflow/.local/lib/python3.10/site-packages/airflow/example_dags/subdags/subdag.py
[2025-06-15T03:46:34.268+0000] {processor.py:842} WARNING - No viable dags retrieved from /home/airflow/.local/lib/python3.10/site-packages/airflow/example_dags/subdags/subdag.py
[2025-06-15T03:46:34.280+0000] {processor.py:183} INFO - Processing /home/airflow/.local/lib/python3.10/site-packages/airflow/example_dags/subdags/subdag.py took 0.022 seconds
[2025-06-15T03:48:42.738+0000] {processor.py:161} INFO - Started process (PID=4158) to work on /home/airflow/.local/lib/python3.10/site-packages/airflow/example_dags/subdags/subdag.py
[2025-06-15T03:48:42.739+0000] {processor.py:830} INFO - Processing file /home/airflow/.local/lib/python3.10/site-packages/airflow/example_dags/subdags/subdag.py for tasks to queue
[2025-06-15T03:48:42.740+0000] {logging_mixin.py:188} INFO - [2025-06-15T03:48:42.740+0000] {dagbag.py:540} INFO - Filling up the DagBag from /home/airflow/.local/lib/python3.10/site-packages/airflow/example_dags/subdags/subdag.py
[2025-06-15T03:48:42.742+0000] {processor.py:842} WARNING - No viable dags retrieved from /home/airflow/.local/lib/python3.10/site-packages/airflow/example_dags/subdags/subdag.py
[2025-06-15T03:48:42.752+0000] {processor.py:183} INFO - Processing /home/airflow/.local/lib/python3.10/site-packages/airflow/example_dags/subdags/subdag.py took 0.018 seconds
[2025-06-15T03:51:16.782+0000] {processor.py:161} INFO - Started process (PID=4222) to work on /home/airflow/.local/lib/python3.10/site-packages/airflow/example_dags/subdags/subdag.py
[2025-06-15T03:51:16.783+0000] {processor.py:830} INFO - Processing file /home/airflow/.local/lib/python3.10/site-packages/airflow/example_dags/subdags/subdag.py for tasks to queue
[2025-06-15T03:51:16.785+0000] {logging_mixin.py:188} INFO - [2025-06-15T03:51:16.785+0000] {dagbag.py:540} INFO - Filling up the DagBag from /home/airflow/.local/lib/python3.10/site-packages/airflow/example_dags/subdags/subdag.py
[2025-06-15T03:51:16.789+0000] {processor.py:842} WARNING - No viable dags retrieved from /home/airflow/.local/lib/python3.10/site-packages/airflow/example_dags/subdags/subdag.py
[2025-06-15T03:51:16.802+0000] {processor.py:183} INFO - Processing /home/airflow/.local/lib/python3.10/site-packages/airflow/example_dags/subdags/subdag.py took 0.025 seconds
[2025-06-15T03:52:20.233+0000] {processor.py:161} INFO - Started process (PID=4286) to work on /home/airflow/.local/lib/python3.10/site-packages/airflow/example_dags/subdags/subdag.py
[2025-06-15T03:52:20.234+0000] {processor.py:830} INFO - Processing file /home/airflow/.local/lib/python3.10/site-packages/airflow/example_dags/subdags/subdag.py for tasks to queue
[2025-06-15T03:52:20.235+0000] {logging_mixin.py:188} INFO - [2025-06-15T03:52:20.235+0000] {dagbag.py:540} INFO - Filling up the DagBag from /home/airflow/.local/lib/python3.10/site-packages/airflow/example_dags/subdags/subdag.py
[2025-06-15T03:52:20.236+0000] {processor.py:842} WARNING - No viable dags retrieved from /home/airflow/.local/lib/python3.10/site-packages/airflow/example_dags/subdags/subdag.py
[2025-06-15T03:52:20.249+0000] {processor.py:183} INFO - Processing /home/airflow/.local/lib/python3.10/site-packages/airflow/example_dags/subdags/subdag.py took 0.020 seconds
[2025-06-15T03:54:10.495+0000] {processor.py:161} INFO - Started process (PID=4350) to work on /home/airflow/.local/lib/python3.10/site-packages/airflow/example_dags/subdags/subdag.py
[2025-06-15T03:54:10.496+0000] {processor.py:830} INFO - Processing file /home/airflow/.local/lib/python3.10/site-packages/airflow/example_dags/subdags/subdag.py for tasks to queue
[2025-06-15T03:54:10.497+0000] {logging_mixin.py:188} INFO - [2025-06-15T03:54:10.497+0000] {dagbag.py:540} INFO - Filling up the DagBag from /home/airflow/.local/lib/python3.10/site-packages/airflow/example_dags/subdags/subdag.py
[2025-06-15T03:54:10.499+0000] {processor.py:842} WARNING - No viable dags retrieved from /home/airflow/.local/lib/python3.10/site-packages/airflow/example_dags/subdags/subdag.py
[2025-06-15T03:54:10.508+0000] {processor.py:183} INFO - Processing /home/airflow/.local/lib/python3.10/site-packages/airflow/example_dags/subdags/subdag.py took 0.016 seconds
[2025-06-15T03:54:41.160+0000] {processor.py:161} INFO - Started process (PID=4414) to work on /home/airflow/.local/lib/python3.10/site-packages/airflow/example_dags/subdags/subdag.py
[2025-06-15T03:54:41.161+0000] {processor.py:830} INFO - Processing file /home/airflow/.local/lib/python3.10/site-packages/airflow/example_dags/subdags/subdag.py for tasks to queue
[2025-06-15T03:54:41.162+0000] {logging_mixin.py:188} INFO - [2025-06-15T03:54:41.162+0000] {dagbag.py:540} INFO - Filling up the DagBag from /home/airflow/.local/lib/python3.10/site-packages/airflow/example_dags/subdags/subdag.py
[2025-06-15T03:54:41.163+0000] {processor.py:842} WARNING - No viable dags retrieved from /home/airflow/.local/lib/python3.10/site-packages/airflow/example_dags/subdags/subdag.py
[2025-06-15T03:54:41.174+0000] {processor.py:183} INFO - Processing /home/airflow/.local/lib/python3.10/site-packages/airflow/example_dags/subdags/subdag.py took 0.018 seconds
[2025-06-15T04:01:42.912+0000] {processor.py:161} INFO - Started process (PID=4478) to work on /home/airflow/.local/lib/python3.10/site-packages/airflow/example_dags/subdags/subdag.py
[2025-06-15T04:01:42.915+0000] {processor.py:830} INFO - Processing file /home/airflow/.local/lib/python3.10/site-packages/airflow/example_dags/subdags/subdag.py for tasks to queue
[2025-06-15T04:01:42.916+0000] {logging_mixin.py:188} INFO - [2025-06-15T04:01:42.916+0000] {dagbag.py:540} INFO - Filling up the DagBag from /home/airflow/.local/lib/python3.10/site-packages/airflow/example_dags/subdags/subdag.py
[2025-06-15T04:01:42.920+0000] {processor.py:842} WARNING - No viable dags retrieved from /home/airflow/.local/lib/python3.10/site-packages/airflow/example_dags/subdags/subdag.py
[2025-06-15T04:01:42.927+0000] {processor.py:183} INFO - Processing /home/airflow/.local/lib/python3.10/site-packages/airflow/example_dags/subdags/subdag.py took 0.019 seconds
[2025-06-15T04:02:13.725+0000] {processor.py:161} INFO - Started process (PID=4542) to work on /home/airflow/.local/lib/python3.10/site-packages/airflow/example_dags/subdags/subdag.py
[2025-06-15T04:02:13.726+0000] {processor.py:830} INFO - Processing file /home/airflow/.local/lib/python3.10/site-packages/airflow/example_dags/subdags/subdag.py for tasks to queue
[2025-06-15T04:02:13.730+0000] {logging_mixin.py:188} INFO - [2025-06-15T04:02:13.729+0000] {dagbag.py:540} INFO - Filling up the DagBag from /home/airflow/.local/lib/python3.10/site-packages/airflow/example_dags/subdags/subdag.py
[2025-06-15T04:02:13.731+0000] {processor.py:842} WARNING - No viable dags retrieved from /home/airflow/.local/lib/python3.10/site-packages/airflow/example_dags/subdags/subdag.py
[2025-06-15T04:02:13.740+0000] {processor.py:183} INFO - Processing /home/airflow/.local/lib/python3.10/site-packages/airflow/example_dags/subdags/subdag.py took 0.018 seconds
[2025-06-15T04:08:34.592+0000] {processor.py:161} INFO - Started process (PID=4607) to work on /home/airflow/.local/lib/python3.10/site-packages/airflow/example_dags/subdags/subdag.py
[2025-06-15T04:08:34.593+0000] {processor.py:830} INFO - Processing file /home/airflow/.local/lib/python3.10/site-packages/airflow/example_dags/subdags/subdag.py for tasks to queue
[2025-06-15T04:08:34.594+0000] {logging_mixin.py:188} INFO - [2025-06-15T04:08:34.594+0000] {dagbag.py:540} INFO - Filling up the DagBag from /home/airflow/.local/lib/python3.10/site-packages/airflow/example_dags/subdags/subdag.py
[2025-06-15T04:08:34.595+0000] {processor.py:842} WARNING - No viable dags retrieved from /home/airflow/.local/lib/python3.10/site-packages/airflow/example_dags/subdags/subdag.py
[2025-06-15T04:08:34.603+0000] {processor.py:183} INFO - Processing /home/airflow/.local/lib/python3.10/site-packages/airflow/example_dags/subdags/subdag.py took 0.014 seconds
[2025-06-15T04:09:05.244+0000] {processor.py:161} INFO - Started process (PID=4671) to work on /home/airflow/.local/lib/python3.10/site-packages/airflow/example_dags/subdags/subdag.py
[2025-06-15T04:09:05.245+0000] {processor.py:830} INFO - Processing file /home/airflow/.local/lib/python3.10/site-packages/airflow/example_dags/subdags/subdag.py for tasks to queue
[2025-06-15T04:09:05.246+0000] {logging_mixin.py:188} INFO - [2025-06-15T04:09:05.246+0000] {dagbag.py:540} INFO - Filling up the DagBag from /home/airflow/.local/lib/python3.10/site-packages/airflow/example_dags/subdags/subdag.py
[2025-06-15T04:09:05.247+0000] {processor.py:842} WARNING - No viable dags retrieved from /home/airflow/.local/lib/python3.10/site-packages/airflow/example_dags/subdags/subdag.py
[2025-06-15T04:09:05.257+0000] {processor.py:183} INFO - Processing /home/airflow/.local/lib/python3.10/site-packages/airflow/example_dags/subdags/subdag.py took 0.017 seconds
[2025-06-15T04:15:21.661+0000] {processor.py:161} INFO - Started process (PID=4735) to work on /home/airflow/.local/lib/python3.10/site-packages/airflow/example_dags/subdags/subdag.py
[2025-06-15T04:15:21.662+0000] {processor.py:830} INFO - Processing file /home/airflow/.local/lib/python3.10/site-packages/airflow/example_dags/subdags/subdag.py for tasks to queue
[2025-06-15T04:15:21.665+0000] {logging_mixin.py:188} INFO - [2025-06-15T04:15:21.665+0000] {dagbag.py:540} INFO - Filling up the DagBag from /home/airflow/.local/lib/python3.10/site-packages/airflow/example_dags/subdags/subdag.py
[2025-06-15T04:15:21.668+0000] {processor.py:842} WARNING - No viable dags retrieved from /home/airflow/.local/lib/python3.10/site-packages/airflow/example_dags/subdags/subdag.py
[2025-06-15T04:15:21.689+0000] {processor.py:183} INFO - Processing /home/airflow/.local/lib/python3.10/site-packages/airflow/example_dags/subdags/subdag.py took 0.048 seconds
[2025-06-15T04:15:53.047+0000] {processor.py:161} INFO - Started process (PID=4799) to work on /home/airflow/.local/lib/python3.10/site-packages/airflow/example_dags/subdags/subdag.py
[2025-06-15T04:15:53.048+0000] {processor.py:830} INFO - Processing file /home/airflow/.local/lib/python3.10/site-packages/airflow/example_dags/subdags/subdag.py for tasks to queue
[2025-06-15T04:15:53.049+0000] {logging_mixin.py:188} INFO - [2025-06-15T04:15:53.049+0000] {dagbag.py:540} INFO - Filling up the DagBag from /home/airflow/.local/lib/python3.10/site-packages/airflow/example_dags/subdags/subdag.py
[2025-06-15T04:15:53.051+0000] {processor.py:842} WARNING - No viable dags retrieved from /home/airflow/.local/lib/python3.10/site-packages/airflow/example_dags/subdags/subdag.py
[2025-06-15T04:15:53.061+0000] {processor.py:183} INFO - Processing /home/airflow/.local/lib/python3.10/site-packages/airflow/example_dags/subdags/subdag.py took 0.018 seconds
[2025-06-15T04:18:08.465+0000] {processor.py:161} INFO - Started process (PID=4863) to work on /home/airflow/.local/lib/python3.10/site-packages/airflow/example_dags/subdags/subdag.py
[2025-06-15T04:18:08.466+0000] {processor.py:830} INFO - Processing file /home/airflow/.local/lib/python3.10/site-packages/airflow/example_dags/subdags/subdag.py for tasks to queue
[2025-06-15T04:18:08.468+0000] {logging_mixin.py:188} INFO - [2025-06-15T04:18:08.468+0000] {dagbag.py:540} INFO - Filling up the DagBag from /home/airflow/.local/lib/python3.10/site-packages/airflow/example_dags/subdags/subdag.py
[2025-06-15T04:18:08.469+0000] {processor.py:842} WARNING - No viable dags retrieved from /home/airflow/.local/lib/python3.10/site-packages/airflow/example_dags/subdags/subdag.py
[2025-06-15T04:18:08.482+0000] {processor.py:183} INFO - Processing /home/airflow/.local/lib/python3.10/site-packages/airflow/example_dags/subdags/subdag.py took 0.023 seconds
[2025-06-15T04:18:39.669+0000] {processor.py:161} INFO - Started process (PID=4927) to work on /home/airflow/.local/lib/python3.10/site-packages/airflow/example_dags/subdags/subdag.py
[2025-06-15T04:18:39.672+0000] {processor.py:830} INFO - Processing file /home/airflow/.local/lib/python3.10/site-packages/airflow/example_dags/subdags/subdag.py for tasks to queue
[2025-06-15T04:18:39.673+0000] {logging_mixin.py:188} INFO - [2025-06-15T04:18:39.673+0000] {dagbag.py:540} INFO - Filling up the DagBag from /home/airflow/.local/lib/python3.10/site-packages/airflow/example_dags/subdags/subdag.py
[2025-06-15T04:18:39.676+0000] {processor.py:842} WARNING - No viable dags retrieved from /home/airflow/.local/lib/python3.10/site-packages/airflow/example_dags/subdags/subdag.py
[2025-06-15T04:18:39.686+0000] {processor.py:183} INFO - Processing /home/airflow/.local/lib/python3.10/site-packages/airflow/example_dags/subdags/subdag.py took 0.021 seconds
[2025-06-15T04:19:11.102+0000] {processor.py:161} INFO - Started process (PID=4991) to work on /home/airflow/.local/lib/python3.10/site-packages/airflow/example_dags/subdags/subdag.py
[2025-06-15T04:19:11.102+0000] {processor.py:830} INFO - Processing file /home/airflow/.local/lib/python3.10/site-packages/airflow/example_dags/subdags/subdag.py for tasks to queue
[2025-06-15T04:19:11.104+0000] {logging_mixin.py:188} INFO - [2025-06-15T04:19:11.104+0000] {dagbag.py:540} INFO - Filling up the DagBag from /home/airflow/.local/lib/python3.10/site-packages/airflow/example_dags/subdags/subdag.py
[2025-06-15T04:19:11.106+0000] {processor.py:842} WARNING - No viable dags retrieved from /home/airflow/.local/lib/python3.10/site-packages/airflow/example_dags/subdags/subdag.py
[2025-06-15T04:19:11.115+0000] {processor.py:183} INFO - Processing /home/airflow/.local/lib/python3.10/site-packages/airflow/example_dags/subdags/subdag.py took 0.017 seconds
[2025-06-15T04:21:20.327+0000] {processor.py:161} INFO - Started process (PID=5055) to work on /home/airflow/.local/lib/python3.10/site-packages/airflow/example_dags/subdags/subdag.py
[2025-06-15T04:21:20.328+0000] {processor.py:830} INFO - Processing file /home/airflow/.local/lib/python3.10/site-packages/airflow/example_dags/subdags/subdag.py for tasks to queue
[2025-06-15T04:21:20.330+0000] {logging_mixin.py:188} INFO - [2025-06-15T04:21:20.330+0000] {dagbag.py:540} INFO - Filling up the DagBag from /home/airflow/.local/lib/python3.10/site-packages/airflow/example_dags/subdags/subdag.py
[2025-06-15T04:21:20.331+0000] {processor.py:842} WARNING - No viable dags retrieved from /home/airflow/.local/lib/python3.10/site-packages/airflow/example_dags/subdags/subdag.py
[2025-06-15T04:21:20.342+0000] {processor.py:183} INFO - Processing /home/airflow/.local/lib/python3.10/site-packages/airflow/example_dags/subdags/subdag.py took 0.019 seconds
[2025-06-15T04:21:52.148+0000] {processor.py:161} INFO - Started process (PID=5119) to work on /home/airflow/.local/lib/python3.10/site-packages/airflow/example_dags/subdags/subdag.py
[2025-06-15T04:21:52.152+0000] {processor.py:830} INFO - Processing file /home/airflow/.local/lib/python3.10/site-packages/airflow/example_dags/subdags/subdag.py for tasks to queue
[2025-06-15T04:21:52.153+0000] {logging_mixin.py:188} INFO - [2025-06-15T04:21:52.153+0000] {dagbag.py:540} INFO - Filling up the DagBag from /home/airflow/.local/lib/python3.10/site-packages/airflow/example_dags/subdags/subdag.py
[2025-06-15T04:21:52.154+0000] {processor.py:842} WARNING - No viable dags retrieved from /home/airflow/.local/lib/python3.10/site-packages/airflow/example_dags/subdags/subdag.py
[2025-06-15T04:21:52.161+0000] {processor.py:183} INFO - Processing /home/airflow/.local/lib/python3.10/site-packages/airflow/example_dags/subdags/subdag.py took 0.019 seconds
[2025-06-15T04:25:31.984+0000] {processor.py:161} INFO - Started process (PID=5183) to work on /home/airflow/.local/lib/python3.10/site-packages/airflow/example_dags/subdags/subdag.py
[2025-06-15T04:25:31.985+0000] {processor.py:830} INFO - Processing file /home/airflow/.local/lib/python3.10/site-packages/airflow/example_dags/subdags/subdag.py for tasks to queue
[2025-06-15T04:25:31.986+0000] {logging_mixin.py:188} INFO - [2025-06-15T04:25:31.986+0000] {dagbag.py:540} INFO - Filling up the DagBag from /home/airflow/.local/lib/python3.10/site-packages/airflow/example_dags/subdags/subdag.py
[2025-06-15T04:25:31.988+0000] {processor.py:842} WARNING - No viable dags retrieved from /home/airflow/.local/lib/python3.10/site-packages/airflow/example_dags/subdags/subdag.py
[2025-06-15T04:25:31.998+0000] {processor.py:183} INFO - Processing /home/airflow/.local/lib/python3.10/site-packages/airflow/example_dags/subdags/subdag.py took 0.017 seconds
[2025-06-15T04:27:39.508+0000] {processor.py:161} INFO - Started process (PID=5247) to work on /home/airflow/.local/lib/python3.10/site-packages/airflow/example_dags/subdags/subdag.py
[2025-06-15T04:27:39.510+0000] {processor.py:830} INFO - Processing file /home/airflow/.local/lib/python3.10/site-packages/airflow/example_dags/subdags/subdag.py for tasks to queue
[2025-06-15T04:27:39.511+0000] {logging_mixin.py:188} INFO - [2025-06-15T04:27:39.511+0000] {dagbag.py:540} INFO - Filling up the DagBag from /home/airflow/.local/lib/python3.10/site-packages/airflow/example_dags/subdags/subdag.py
[2025-06-15T04:27:39.513+0000] {processor.py:842} WARNING - No viable dags retrieved from /home/airflow/.local/lib/python3.10/site-packages/airflow/example_dags/subdags/subdag.py
[2025-06-15T04:27:39.535+0000] {processor.py:183} INFO - Processing /home/airflow/.local/lib/python3.10/site-packages/airflow/example_dags/subdags/subdag.py took 0.031 seconds
[2025-06-15T04:32:15.638+0000] {processor.py:161} INFO - Started process (PID=5311) to work on /home/airflow/.local/lib/python3.10/site-packages/airflow/example_dags/subdags/subdag.py
[2025-06-15T04:32:15.640+0000] {processor.py:830} INFO - Processing file /home/airflow/.local/lib/python3.10/site-packages/airflow/example_dags/subdags/subdag.py for tasks to queue
[2025-06-15T04:32:15.643+0000] {logging_mixin.py:188} INFO - [2025-06-15T04:32:15.643+0000] {dagbag.py:540} INFO - Filling up the DagBag from /home/airflow/.local/lib/python3.10/site-packages/airflow/example_dags/subdags/subdag.py
[2025-06-15T04:32:15.644+0000] {processor.py:842} WARNING - No viable dags retrieved from /home/airflow/.local/lib/python3.10/site-packages/airflow/example_dags/subdags/subdag.py
[2025-06-15T04:32:15.657+0000] {processor.py:183} INFO - Processing /home/airflow/.local/lib/python3.10/site-packages/airflow/example_dags/subdags/subdag.py took 0.024 seconds
[2025-06-15T04:34:21.417+0000] {processor.py:161} INFO - Started process (PID=5375) to work on /home/airflow/.local/lib/python3.10/site-packages/airflow/example_dags/subdags/subdag.py
[2025-06-15T04:34:21.421+0000] {processor.py:830} INFO - Processing file /home/airflow/.local/lib/python3.10/site-packages/airflow/example_dags/subdags/subdag.py for tasks to queue
[2025-06-15T04:34:21.422+0000] {logging_mixin.py:188} INFO - [2025-06-15T04:34:21.422+0000] {dagbag.py:540} INFO - Filling up the DagBag from /home/airflow/.local/lib/python3.10/site-packages/airflow/example_dags/subdags/subdag.py
[2025-06-15T04:34:21.423+0000] {processor.py:842} WARNING - No viable dags retrieved from /home/airflow/.local/lib/python3.10/site-packages/airflow/example_dags/subdags/subdag.py
[2025-06-15T04:34:21.430+0000] {processor.py:183} INFO - Processing /home/airflow/.local/lib/python3.10/site-packages/airflow/example_dags/subdags/subdag.py took 0.017 seconds
[2025-06-15T04:49:52.128+0000] {processor.py:161} INFO - Started process (PID=5439) to work on /home/airflow/.local/lib/python3.10/site-packages/airflow/example_dags/subdags/subdag.py
[2025-06-15T04:49:52.129+0000] {processor.py:830} INFO - Processing file /home/airflow/.local/lib/python3.10/site-packages/airflow/example_dags/subdags/subdag.py for tasks to queue
[2025-06-15T04:49:52.130+0000] {logging_mixin.py:188} INFO - [2025-06-15T04:49:52.130+0000] {dagbag.py:540} INFO - Filling up the DagBag from /home/airflow/.local/lib/python3.10/site-packages/airflow/example_dags/subdags/subdag.py
[2025-06-15T04:49:52.131+0000] {processor.py:842} WARNING - No viable dags retrieved from /home/airflow/.local/lib/python3.10/site-packages/airflow/example_dags/subdags/subdag.py
[2025-06-15T04:49:52.145+0000] {processor.py:183} INFO - Processing /home/airflow/.local/lib/python3.10/site-packages/airflow/example_dags/subdags/subdag.py took 0.023 seconds
[2025-06-15T04:50:23.191+0000] {processor.py:161} INFO - Started process (PID=5503) to work on /home/airflow/.local/lib/python3.10/site-packages/airflow/example_dags/subdags/subdag.py
[2025-06-15T04:50:23.192+0000] {processor.py:830} INFO - Processing file /home/airflow/.local/lib/python3.10/site-packages/airflow/example_dags/subdags/subdag.py for tasks to queue
[2025-06-15T04:50:23.194+0000] {logging_mixin.py:188} INFO - [2025-06-15T04:50:23.193+0000] {dagbag.py:540} INFO - Filling up the DagBag from /home/airflow/.local/lib/python3.10/site-packages/airflow/example_dags/subdags/subdag.py
[2025-06-15T04:50:23.196+0000] {processor.py:842} WARNING - No viable dags retrieved from /home/airflow/.local/lib/python3.10/site-packages/airflow/example_dags/subdags/subdag.py
[2025-06-15T04:50:23.209+0000] {processor.py:183} INFO - Processing /home/airflow/.local/lib/python3.10/site-packages/airflow/example_dags/subdags/subdag.py took 0.022 seconds
[2025-06-15T04:50:54.254+0000] {processor.py:161} INFO - Started process (PID=5567) to work on /home/airflow/.local/lib/python3.10/site-packages/airflow/example_dags/subdags/subdag.py
[2025-06-15T04:50:54.254+0000] {processor.py:830} INFO - Processing file /home/airflow/.local/lib/python3.10/site-packages/airflow/example_dags/subdags/subdag.py for tasks to queue
[2025-06-15T04:50:54.255+0000] {logging_mixin.py:188} INFO - [2025-06-15T04:50:54.255+0000] {dagbag.py:540} INFO - Filling up the DagBag from /home/airflow/.local/lib/python3.10/site-packages/airflow/example_dags/subdags/subdag.py
[2025-06-15T04:50:54.256+0000] {processor.py:842} WARNING - No viable dags retrieved from /home/airflow/.local/lib/python3.10/site-packages/airflow/example_dags/subdags/subdag.py
[2025-06-15T04:50:54.267+0000] {processor.py:183} INFO - Processing /home/airflow/.local/lib/python3.10/site-packages/airflow/example_dags/subdags/subdag.py took 0.017 seconds
[2025-06-15T04:51:25.292+0000] {processor.py:161} INFO - Started process (PID=5631) to work on /home/airflow/.local/lib/python3.10/site-packages/airflow/example_dags/subdags/subdag.py
[2025-06-15T04:51:25.294+0000] {processor.py:830} INFO - Processing file /home/airflow/.local/lib/python3.10/site-packages/airflow/example_dags/subdags/subdag.py for tasks to queue
[2025-06-15T04:51:25.295+0000] {logging_mixin.py:188} INFO - [2025-06-15T04:51:25.295+0000] {dagbag.py:540} INFO - Filling up the DagBag from /home/airflow/.local/lib/python3.10/site-packages/airflow/example_dags/subdags/subdag.py
[2025-06-15T04:51:25.297+0000] {processor.py:842} WARNING - No viable dags retrieved from /home/airflow/.local/lib/python3.10/site-packages/airflow/example_dags/subdags/subdag.py
[2025-06-15T04:51:25.307+0000] {processor.py:183} INFO - Processing /home/airflow/.local/lib/python3.10/site-packages/airflow/example_dags/subdags/subdag.py took 0.019 seconds
[2025-06-15T04:53:11.812+0000] {processor.py:161} INFO - Started process (PID=5695) to work on /home/airflow/.local/lib/python3.10/site-packages/airflow/example_dags/subdags/subdag.py
[2025-06-15T04:53:11.813+0000] {processor.py:830} INFO - Processing file /home/airflow/.local/lib/python3.10/site-packages/airflow/example_dags/subdags/subdag.py for tasks to queue
[2025-06-15T04:53:11.814+0000] {logging_mixin.py:188} INFO - [2025-06-15T04:53:11.814+0000] {dagbag.py:540} INFO - Filling up the DagBag from /home/airflow/.local/lib/python3.10/site-packages/airflow/example_dags/subdags/subdag.py
[2025-06-15T04:53:11.816+0000] {processor.py:842} WARNING - No viable dags retrieved from /home/airflow/.local/lib/python3.10/site-packages/airflow/example_dags/subdags/subdag.py
[2025-06-15T04:53:11.826+0000] {processor.py:183} INFO - Processing /home/airflow/.local/lib/python3.10/site-packages/airflow/example_dags/subdags/subdag.py took 0.022 seconds
[2025-06-15T05:04:08.511+0000] {processor.py:161} INFO - Started process (PID=5759) to work on /home/airflow/.local/lib/python3.10/site-packages/airflow/example_dags/subdags/subdag.py
[2025-06-15T05:04:08.512+0000] {processor.py:830} INFO - Processing file /home/airflow/.local/lib/python3.10/site-packages/airflow/example_dags/subdags/subdag.py for tasks to queue
[2025-06-15T05:04:08.515+0000] {logging_mixin.py:188} INFO - [2025-06-15T05:04:08.514+0000] {dagbag.py:540} INFO - Filling up the DagBag from /home/airflow/.local/lib/python3.10/site-packages/airflow/example_dags/subdags/subdag.py
[2025-06-15T05:04:08.516+0000] {processor.py:842} WARNING - No viable dags retrieved from /home/airflow/.local/lib/python3.10/site-packages/airflow/example_dags/subdags/subdag.py
[2025-06-15T05:04:08.526+0000] {processor.py:183} INFO - Processing /home/airflow/.local/lib/python3.10/site-packages/airflow/example_dags/subdags/subdag.py took 0.019 seconds
[2025-06-15T05:06:06.786+0000] {processor.py:161} INFO - Started process (PID=5823) to work on /home/airflow/.local/lib/python3.10/site-packages/airflow/example_dags/subdags/subdag.py
[2025-06-15T05:06:06.787+0000] {processor.py:830} INFO - Processing file /home/airflow/.local/lib/python3.10/site-packages/airflow/example_dags/subdags/subdag.py for tasks to queue
[2025-06-15T05:06:06.789+0000] {logging_mixin.py:188} INFO - [2025-06-15T05:06:06.789+0000] {dagbag.py:540} INFO - Filling up the DagBag from /home/airflow/.local/lib/python3.10/site-packages/airflow/example_dags/subdags/subdag.py
[2025-06-15T05:06:06.791+0000] {processor.py:842} WARNING - No viable dags retrieved from /home/airflow/.local/lib/python3.10/site-packages/airflow/example_dags/subdags/subdag.py
[2025-06-15T05:06:06.802+0000] {processor.py:183} INFO - Processing /home/airflow/.local/lib/python3.10/site-packages/airflow/example_dags/subdags/subdag.py took 0.022 seconds
[2025-06-15T05:09:52.702+0000] {processor.py:161} INFO - Started process (PID=5887) to work on /home/airflow/.local/lib/python3.10/site-packages/airflow/example_dags/subdags/subdag.py
[2025-06-15T05:09:52.703+0000] {processor.py:830} INFO - Processing file /home/airflow/.local/lib/python3.10/site-packages/airflow/example_dags/subdags/subdag.py for tasks to queue
[2025-06-15T05:09:52.704+0000] {logging_mixin.py:188} INFO - [2025-06-15T05:09:52.704+0000] {dagbag.py:540} INFO - Filling up the DagBag from /home/airflow/.local/lib/python3.10/site-packages/airflow/example_dags/subdags/subdag.py
[2025-06-15T05:09:52.706+0000] {processor.py:842} WARNING - No viable dags retrieved from /home/airflow/.local/lib/python3.10/site-packages/airflow/example_dags/subdags/subdag.py
[2025-06-15T05:09:52.716+0000] {processor.py:183} INFO - Processing /home/airflow/.local/lib/python3.10/site-packages/airflow/example_dags/subdags/subdag.py took 0.019 seconds
[2025-06-15T05:18:51.882+0000] {processor.py:161} INFO - Started process (PID=5951) to work on /home/airflow/.local/lib/python3.10/site-packages/airflow/example_dags/subdags/subdag.py
[2025-06-15T05:18:51.883+0000] {processor.py:830} INFO - Processing file /home/airflow/.local/lib/python3.10/site-packages/airflow/example_dags/subdags/subdag.py for tasks to queue
[2025-06-15T05:18:51.884+0000] {logging_mixin.py:188} INFO - [2025-06-15T05:18:51.884+0000] {dagbag.py:540} INFO - Filling up the DagBag from /home/airflow/.local/lib/python3.10/site-packages/airflow/example_dags/subdags/subdag.py
[2025-06-15T05:18:51.886+0000] {processor.py:842} WARNING - No viable dags retrieved from /home/airflow/.local/lib/python3.10/site-packages/airflow/example_dags/subdags/subdag.py
[2025-06-15T05:18:51.898+0000] {processor.py:183} INFO - Processing /home/airflow/.local/lib/python3.10/site-packages/airflow/example_dags/subdags/subdag.py took 0.020 seconds
[2025-06-15T05:19:22.879+0000] {processor.py:161} INFO - Started process (PID=6015) to work on /home/airflow/.local/lib/python3.10/site-packages/airflow/example_dags/subdags/subdag.py
[2025-06-15T05:19:22.883+0000] {processor.py:830} INFO - Processing file /home/airflow/.local/lib/python3.10/site-packages/airflow/example_dags/subdags/subdag.py for tasks to queue
[2025-06-15T05:19:22.886+0000] {logging_mixin.py:188} INFO - [2025-06-15T05:19:22.886+0000] {dagbag.py:540} INFO - Filling up the DagBag from /home/airflow/.local/lib/python3.10/site-packages/airflow/example_dags/subdags/subdag.py
[2025-06-15T05:19:22.888+0000] {processor.py:842} WARNING - No viable dags retrieved from /home/airflow/.local/lib/python3.10/site-packages/airflow/example_dags/subdags/subdag.py
[2025-06-15T05:19:22.900+0000] {processor.py:183} INFO - Processing /home/airflow/.local/lib/python3.10/site-packages/airflow/example_dags/subdags/subdag.py took 0.025 seconds
[2025-06-15T05:24:49.905+0000] {processor.py:161} INFO - Started process (PID=6079) to work on /home/airflow/.local/lib/python3.10/site-packages/airflow/example_dags/subdags/subdag.py
[2025-06-15T05:24:49.907+0000] {processor.py:830} INFO - Processing file /home/airflow/.local/lib/python3.10/site-packages/airflow/example_dags/subdags/subdag.py for tasks to queue
[2025-06-15T05:24:49.909+0000] {logging_mixin.py:188} INFO - [2025-06-15T05:24:49.908+0000] {dagbag.py:540} INFO - Filling up the DagBag from /home/airflow/.local/lib/python3.10/site-packages/airflow/example_dags/subdags/subdag.py
[2025-06-15T05:24:49.910+0000] {processor.py:842} WARNING - No viable dags retrieved from /home/airflow/.local/lib/python3.10/site-packages/airflow/example_dags/subdags/subdag.py
[2025-06-15T05:24:49.920+0000] {processor.py:183} INFO - Processing /home/airflow/.local/lib/python3.10/site-packages/airflow/example_dags/subdags/subdag.py took 0.024 seconds
[2025-06-15T05:25:20.813+0000] {processor.py:161} INFO - Started process (PID=6143) to work on /home/airflow/.local/lib/python3.10/site-packages/airflow/example_dags/subdags/subdag.py
[2025-06-15T05:25:20.814+0000] {processor.py:830} INFO - Processing file /home/airflow/.local/lib/python3.10/site-packages/airflow/example_dags/subdags/subdag.py for tasks to queue
[2025-06-15T05:25:20.815+0000] {logging_mixin.py:188} INFO - [2025-06-15T05:25:20.815+0000] {dagbag.py:540} INFO - Filling up the DagBag from /home/airflow/.local/lib/python3.10/site-packages/airflow/example_dags/subdags/subdag.py
[2025-06-15T05:25:20.816+0000] {processor.py:842} WARNING - No viable dags retrieved from /home/airflow/.local/lib/python3.10/site-packages/airflow/example_dags/subdags/subdag.py
[2025-06-15T05:25:20.829+0000] {processor.py:183} INFO - Processing /home/airflow/.local/lib/python3.10/site-packages/airflow/example_dags/subdags/subdag.py took 0.019 seconds
[2025-06-15T05:32:48.875+0000] {processor.py:161} INFO - Started process (PID=6207) to work on /home/airflow/.local/lib/python3.10/site-packages/airflow/example_dags/subdags/subdag.py
[2025-06-15T05:32:48.876+0000] {processor.py:830} INFO - Processing file /home/airflow/.local/lib/python3.10/site-packages/airflow/example_dags/subdags/subdag.py for tasks to queue
[2025-06-15T05:32:48.877+0000] {logging_mixin.py:188} INFO - [2025-06-15T05:32:48.877+0000] {dagbag.py:540} INFO - Filling up the DagBag from /home/airflow/.local/lib/python3.10/site-packages/airflow/example_dags/subdags/subdag.py
[2025-06-15T05:32:48.878+0000] {processor.py:842} WARNING - No viable dags retrieved from /home/airflow/.local/lib/python3.10/site-packages/airflow/example_dags/subdags/subdag.py
[2025-06-15T05:32:48.896+0000] {processor.py:183} INFO - Processing /home/airflow/.local/lib/python3.10/site-packages/airflow/example_dags/subdags/subdag.py took 0.024 seconds
[2025-06-15T05:33:20.179+0000] {processor.py:161} INFO - Started process (PID=6271) to work on /home/airflow/.local/lib/python3.10/site-packages/airflow/example_dags/subdags/subdag.py
[2025-06-15T05:33:20.179+0000] {processor.py:830} INFO - Processing file /home/airflow/.local/lib/python3.10/site-packages/airflow/example_dags/subdags/subdag.py for tasks to queue
[2025-06-15T05:33:20.181+0000] {logging_mixin.py:188} INFO - [2025-06-15T05:33:20.180+0000] {dagbag.py:540} INFO - Filling up the DagBag from /home/airflow/.local/lib/python3.10/site-packages/airflow/example_dags/subdags/subdag.py
[2025-06-15T05:33:20.182+0000] {processor.py:842} WARNING - No viable dags retrieved from /home/airflow/.local/lib/python3.10/site-packages/airflow/example_dags/subdags/subdag.py
[2025-06-15T05:33:20.193+0000] {processor.py:183} INFO - Processing /home/airflow/.local/lib/python3.10/site-packages/airflow/example_dags/subdags/subdag.py took 0.018 seconds
[2025-06-15T05:35:26.315+0000] {processor.py:161} INFO - Started process (PID=6335) to work on /home/airflow/.local/lib/python3.10/site-packages/airflow/example_dags/subdags/subdag.py
[2025-06-15T05:35:26.317+0000] {processor.py:830} INFO - Processing file /home/airflow/.local/lib/python3.10/site-packages/airflow/example_dags/subdags/subdag.py for tasks to queue
[2025-06-15T05:35:26.321+0000] {logging_mixin.py:188} INFO - [2025-06-15T05:35:26.321+0000] {dagbag.py:540} INFO - Filling up the DagBag from /home/airflow/.local/lib/python3.10/site-packages/airflow/example_dags/subdags/subdag.py
[2025-06-15T05:35:26.322+0000] {processor.py:842} WARNING - No viable dags retrieved from /home/airflow/.local/lib/python3.10/site-packages/airflow/example_dags/subdags/subdag.py
[2025-06-15T05:35:26.330+0000] {processor.py:183} INFO - Processing /home/airflow/.local/lib/python3.10/site-packages/airflow/example_dags/subdags/subdag.py took 0.019 seconds
[2025-06-15T05:59:08.466+0000] {processor.py:161} INFO - Started process (PID=6399) to work on /home/airflow/.local/lib/python3.10/site-packages/airflow/example_dags/subdags/subdag.py
[2025-06-15T05:59:08.468+0000] {processor.py:830} INFO - Processing file /home/airflow/.local/lib/python3.10/site-packages/airflow/example_dags/subdags/subdag.py for tasks to queue
[2025-06-15T05:59:08.470+0000] {logging_mixin.py:188} INFO - [2025-06-15T05:59:08.470+0000] {dagbag.py:540} INFO - Filling up the DagBag from /home/airflow/.local/lib/python3.10/site-packages/airflow/example_dags/subdags/subdag.py
[2025-06-15T05:59:08.479+0000] {processor.py:842} WARNING - No viable dags retrieved from /home/airflow/.local/lib/python3.10/site-packages/airflow/example_dags/subdags/subdag.py
[2025-06-15T05:59:08.517+0000] {processor.py:183} INFO - Processing /home/airflow/.local/lib/python3.10/site-packages/airflow/example_dags/subdags/subdag.py took 0.061 seconds
[2025-06-15T06:01:00.704+0000] {processor.py:161} INFO - Started process (PID=6463) to work on /home/airflow/.local/lib/python3.10/site-packages/airflow/example_dags/subdags/subdag.py
[2025-06-15T06:01:00.705+0000] {processor.py:830} INFO - Processing file /home/airflow/.local/lib/python3.10/site-packages/airflow/example_dags/subdags/subdag.py for tasks to queue
[2025-06-15T06:01:00.706+0000] {logging_mixin.py:188} INFO - [2025-06-15T06:01:00.706+0000] {dagbag.py:540} INFO - Filling up the DagBag from /home/airflow/.local/lib/python3.10/site-packages/airflow/example_dags/subdags/subdag.py
[2025-06-15T06:01:00.709+0000] {processor.py:842} WARNING - No viable dags retrieved from /home/airflow/.local/lib/python3.10/site-packages/airflow/example_dags/subdags/subdag.py
[2025-06-15T06:01:00.716+0000] {processor.py:183} INFO - Processing /home/airflow/.local/lib/python3.10/site-packages/airflow/example_dags/subdags/subdag.py took 0.016 seconds
[2025-06-15T06:01:31.552+0000] {processor.py:161} INFO - Started process (PID=6527) to work on /home/airflow/.local/lib/python3.10/site-packages/airflow/example_dags/subdags/subdag.py
[2025-06-15T06:01:31.554+0000] {processor.py:830} INFO - Processing file /home/airflow/.local/lib/python3.10/site-packages/airflow/example_dags/subdags/subdag.py for tasks to queue
[2025-06-15T06:01:31.556+0000] {logging_mixin.py:188} INFO - [2025-06-15T06:01:31.555+0000] {dagbag.py:540} INFO - Filling up the DagBag from /home/airflow/.local/lib/python3.10/site-packages/airflow/example_dags/subdags/subdag.py
[2025-06-15T06:01:31.557+0000] {processor.py:842} WARNING - No viable dags retrieved from /home/airflow/.local/lib/python3.10/site-packages/airflow/example_dags/subdags/subdag.py
[2025-06-15T06:01:31.569+0000] {processor.py:183} INFO - Processing /home/airflow/.local/lib/python3.10/site-packages/airflow/example_dags/subdags/subdag.py took 0.020 seconds
[2025-06-15T06:02:02.664+0000] {processor.py:161} INFO - Started process (PID=6591) to work on /home/airflow/.local/lib/python3.10/site-packages/airflow/example_dags/subdags/subdag.py
[2025-06-15T06:02:02.665+0000] {processor.py:830} INFO - Processing file /home/airflow/.local/lib/python3.10/site-packages/airflow/example_dags/subdags/subdag.py for tasks to queue
[2025-06-15T06:02:02.666+0000] {logging_mixin.py:188} INFO - [2025-06-15T06:02:02.665+0000] {dagbag.py:540} INFO - Filling up the DagBag from /home/airflow/.local/lib/python3.10/site-packages/airflow/example_dags/subdags/subdag.py
[2025-06-15T06:02:02.667+0000] {processor.py:842} WARNING - No viable dags retrieved from /home/airflow/.local/lib/python3.10/site-packages/airflow/example_dags/subdags/subdag.py
[2025-06-15T06:02:02.680+0000] {processor.py:183} INFO - Processing /home/airflow/.local/lib/python3.10/site-packages/airflow/example_dags/subdags/subdag.py took 0.021 seconds
[2025-06-15T06:02:34.950+0000] {processor.py:161} INFO - Started process (PID=6655) to work on /home/airflow/.local/lib/python3.10/site-packages/airflow/example_dags/subdags/subdag.py
[2025-06-15T06:02:34.951+0000] {processor.py:830} INFO - Processing file /home/airflow/.local/lib/python3.10/site-packages/airflow/example_dags/subdags/subdag.py for tasks to queue
[2025-06-15T06:02:34.953+0000] {logging_mixin.py:188} INFO - [2025-06-15T06:02:34.952+0000] {dagbag.py:540} INFO - Filling up the DagBag from /home/airflow/.local/lib/python3.10/site-packages/airflow/example_dags/subdags/subdag.py
[2025-06-15T06:02:34.954+0000] {processor.py:842} WARNING - No viable dags retrieved from /home/airflow/.local/lib/python3.10/site-packages/airflow/example_dags/subdags/subdag.py
[2025-06-15T06:02:34.966+0000] {processor.py:183} INFO - Processing /home/airflow/.local/lib/python3.10/site-packages/airflow/example_dags/subdags/subdag.py took 0.021 seconds
[2025-06-15T06:03:10.468+0000] {processor.py:161} INFO - Started process (PID=6719) to work on /home/airflow/.local/lib/python3.10/site-packages/airflow/example_dags/subdags/subdag.py
[2025-06-15T06:03:10.470+0000] {processor.py:830} INFO - Processing file /home/airflow/.local/lib/python3.10/site-packages/airflow/example_dags/subdags/subdag.py for tasks to queue
[2025-06-15T06:03:10.471+0000] {logging_mixin.py:188} INFO - [2025-06-15T06:03:10.471+0000] {dagbag.py:540} INFO - Filling up the DagBag from /home/airflow/.local/lib/python3.10/site-packages/airflow/example_dags/subdags/subdag.py
[2025-06-15T06:03:10.473+0000] {processor.py:842} WARNING - No viable dags retrieved from /home/airflow/.local/lib/python3.10/site-packages/airflow/example_dags/subdags/subdag.py
[2025-06-15T06:03:10.485+0000] {processor.py:183} INFO - Processing /home/airflow/.local/lib/python3.10/site-packages/airflow/example_dags/subdags/subdag.py took 0.025 seconds
[2025-06-15T06:03:42.918+0000] {processor.py:161} INFO - Started process (PID=6783) to work on /home/airflow/.local/lib/python3.10/site-packages/airflow/example_dags/subdags/subdag.py
[2025-06-15T06:03:42.919+0000] {processor.py:830} INFO - Processing file /home/airflow/.local/lib/python3.10/site-packages/airflow/example_dags/subdags/subdag.py for tasks to queue
[2025-06-15T06:03:42.920+0000] {logging_mixin.py:188} INFO - [2025-06-15T06:03:42.920+0000] {dagbag.py:540} INFO - Filling up the DagBag from /home/airflow/.local/lib/python3.10/site-packages/airflow/example_dags/subdags/subdag.py
[2025-06-15T06:03:42.922+0000] {processor.py:842} WARNING - No viable dags retrieved from /home/airflow/.local/lib/python3.10/site-packages/airflow/example_dags/subdags/subdag.py
[2025-06-15T06:03:42.931+0000] {processor.py:183} INFO - Processing /home/airflow/.local/lib/python3.10/site-packages/airflow/example_dags/subdags/subdag.py took 0.017 seconds
[2025-06-15T06:04:13.774+0000] {processor.py:161} INFO - Started process (PID=6846) to work on /home/airflow/.local/lib/python3.10/site-packages/airflow/example_dags/subdags/subdag.py
[2025-06-15T06:04:13.775+0000] {processor.py:830} INFO - Processing file /home/airflow/.local/lib/python3.10/site-packages/airflow/example_dags/subdags/subdag.py for tasks to queue
[2025-06-15T06:04:13.776+0000] {logging_mixin.py:188} INFO - [2025-06-15T06:04:13.776+0000] {dagbag.py:540} INFO - Filling up the DagBag from /home/airflow/.local/lib/python3.10/site-packages/airflow/example_dags/subdags/subdag.py
[2025-06-15T06:04:13.778+0000] {processor.py:842} WARNING - No viable dags retrieved from /home/airflow/.local/lib/python3.10/site-packages/airflow/example_dags/subdags/subdag.py
[2025-06-15T06:04:13.795+0000] {processor.py:183} INFO - Processing /home/airflow/.local/lib/python3.10/site-packages/airflow/example_dags/subdags/subdag.py took 0.025 seconds
[2025-06-15T06:04:44.924+0000] {processor.py:161} INFO - Started process (PID=6911) to work on /home/airflow/.local/lib/python3.10/site-packages/airflow/example_dags/subdags/subdag.py
[2025-06-15T06:04:44.925+0000] {processor.py:830} INFO - Processing file /home/airflow/.local/lib/python3.10/site-packages/airflow/example_dags/subdags/subdag.py for tasks to queue
[2025-06-15T06:04:44.927+0000] {logging_mixin.py:188} INFO - [2025-06-15T06:04:44.926+0000] {dagbag.py:540} INFO - Filling up the DagBag from /home/airflow/.local/lib/python3.10/site-packages/airflow/example_dags/subdags/subdag.py
[2025-06-15T06:04:44.928+0000] {processor.py:842} WARNING - No viable dags retrieved from /home/airflow/.local/lib/python3.10/site-packages/airflow/example_dags/subdags/subdag.py
[2025-06-15T06:04:44.950+0000] {processor.py:183} INFO - Processing /home/airflow/.local/lib/python3.10/site-packages/airflow/example_dags/subdags/subdag.py took 0.033 seconds
