[2025-06-13T14:33:26.065+0000] {processor.py:161} INFO - Started process (PID=89) to work on /home/airflow/.local/lib/python3.10/site-packages/airflow/example_dags/plugins/decreasing_priority_weight_strategy.py
[2025-06-13T14:33:26.068+0000] {processor.py:830} INFO - Processing file /home/airflow/.local/lib/python3.10/site-packages/airflow/example_dags/plugins/decreasing_priority_weight_strategy.py for tasks to queue
[2025-06-13T14:33:26.071+0000] {logging_mixin.py:188} INFO - [2025-06-13T14:33:26.071+0000] {dagbag.py:540} INFO - Filling up the DagBag from /home/airflow/.local/lib/python3.10/site-packages/airflow/example_dags/plugins/decreasing_priority_weight_strategy.py
[2025-06-13T14:33:26.075+0000] {processor.py:842} WARNING - No viable dags retrieved from /home/airflow/.local/lib/python3.10/site-packages/airflow/example_dags/plugins/decreasing_priority_weight_strategy.py
[2025-06-13T14:33:26.091+0000] {processor.py:183} INFO - Processing /home/airflow/.local/lib/python3.10/site-packages/airflow/example_dags/plugins/decreasing_priority_weight_strategy.py took 0.034 seconds
[2025-06-13T14:33:56.235+0000] {processor.py:161} INFO - Started process (PID=146) to work on /home/airflow/.local/lib/python3.10/site-packages/airflow/example_dags/plugins/decreasing_priority_weight_strategy.py
[2025-06-13T14:33:56.235+0000] {processor.py:830} INFO - Processing file /home/airflow/.local/lib/python3.10/site-packages/airflow/example_dags/plugins/decreasing_priority_weight_strategy.py for tasks to queue
[2025-06-13T14:33:56.236+0000] {logging_mixin.py:188} INFO - [2025-06-13T14:33:56.236+0000] {dagbag.py:540} INFO - Filling up the DagBag from /home/airflow/.local/lib/python3.10/site-packages/airflow/example_dags/plugins/decreasing_priority_weight_strategy.py
[2025-06-13T14:33:56.238+0000] {processor.py:842} WARNING - No viable dags retrieved from /home/airflow/.local/lib/python3.10/site-packages/airflow/example_dags/plugins/decreasing_priority_weight_strategy.py
[2025-06-13T14:33:56.249+0000] {processor.py:183} INFO - Processing /home/airflow/.local/lib/python3.10/site-packages/airflow/example_dags/plugins/decreasing_priority_weight_strategy.py took 0.018 seconds
[2025-06-13T14:34:26.310+0000] {processor.py:161} INFO - Started process (PID=204) to work on /home/airflow/.local/lib/python3.10/site-packages/airflow/example_dags/plugins/decreasing_priority_weight_strategy.py
[2025-06-13T14:34:26.313+0000] {processor.py:830} INFO - Processing file /home/airflow/.local/lib/python3.10/site-packages/airflow/example_dags/plugins/decreasing_priority_weight_strategy.py for tasks to queue
[2025-06-13T14:34:26.315+0000] {logging_mixin.py:188} INFO - [2025-06-13T14:34:26.315+0000] {dagbag.py:540} INFO - Filling up the DagBag from /home/airflow/.local/lib/python3.10/site-packages/airflow/example_dags/plugins/decreasing_priority_weight_strategy.py
[2025-06-13T14:34:26.318+0000] {processor.py:842} WARNING - No viable dags retrieved from /home/airflow/.local/lib/python3.10/site-packages/airflow/example_dags/plugins/decreasing_priority_weight_strategy.py
[2025-06-13T14:34:26.326+0000] {processor.py:183} INFO - Processing /home/airflow/.local/lib/python3.10/site-packages/airflow/example_dags/plugins/decreasing_priority_weight_strategy.py took 0.021 seconds
[2025-06-13T14:34:56.699+0000] {processor.py:161} INFO - Started process (PID=262) to work on /home/airflow/.local/lib/python3.10/site-packages/airflow/example_dags/plugins/decreasing_priority_weight_strategy.py
[2025-06-13T14:34:56.700+0000] {processor.py:830} INFO - Processing file /home/airflow/.local/lib/python3.10/site-packages/airflow/example_dags/plugins/decreasing_priority_weight_strategy.py for tasks to queue
[2025-06-13T14:34:56.701+0000] {logging_mixin.py:188} INFO - [2025-06-13T14:34:56.701+0000] {dagbag.py:540} INFO - Filling up the DagBag from /home/airflow/.local/lib/python3.10/site-packages/airflow/example_dags/plugins/decreasing_priority_weight_strategy.py
[2025-06-13T14:34:56.702+0000] {processor.py:842} WARNING - No viable dags retrieved from /home/airflow/.local/lib/python3.10/site-packages/airflow/example_dags/plugins/decreasing_priority_weight_strategy.py
[2025-06-13T14:34:56.710+0000] {processor.py:183} INFO - Processing /home/airflow/.local/lib/python3.10/site-packages/airflow/example_dags/plugins/decreasing_priority_weight_strategy.py took 0.014 seconds
[2025-06-13T14:35:27.492+0000] {processor.py:161} INFO - Started process (PID=326) to work on /home/airflow/.local/lib/python3.10/site-packages/airflow/example_dags/plugins/decreasing_priority_weight_strategy.py
[2025-06-13T14:35:27.493+0000] {processor.py:830} INFO - Processing file /home/airflow/.local/lib/python3.10/site-packages/airflow/example_dags/plugins/decreasing_priority_weight_strategy.py for tasks to queue
[2025-06-13T14:35:27.494+0000] {logging_mixin.py:188} INFO - [2025-06-13T14:35:27.494+0000] {dagbag.py:540} INFO - Filling up the DagBag from /home/airflow/.local/lib/python3.10/site-packages/airflow/example_dags/plugins/decreasing_priority_weight_strategy.py
[2025-06-13T14:35:27.495+0000] {processor.py:842} WARNING - No viable dags retrieved from /home/airflow/.local/lib/python3.10/site-packages/airflow/example_dags/plugins/decreasing_priority_weight_strategy.py
[2025-06-13T14:35:27.502+0000] {processor.py:183} INFO - Processing /home/airflow/.local/lib/python3.10/site-packages/airflow/example_dags/plugins/decreasing_priority_weight_strategy.py took 0.012 seconds
[2025-06-13T14:35:58.860+0000] {processor.py:161} INFO - Started process (PID=384) to work on /home/airflow/.local/lib/python3.10/site-packages/airflow/example_dags/plugins/decreasing_priority_weight_strategy.py
[2025-06-13T14:35:58.861+0000] {processor.py:830} INFO - Processing file /home/airflow/.local/lib/python3.10/site-packages/airflow/example_dags/plugins/decreasing_priority_weight_strategy.py for tasks to queue
[2025-06-13T14:35:58.862+0000] {logging_mixin.py:188} INFO - [2025-06-13T14:35:58.862+0000] {dagbag.py:540} INFO - Filling up the DagBag from /home/airflow/.local/lib/python3.10/site-packages/airflow/example_dags/plugins/decreasing_priority_weight_strategy.py
[2025-06-13T14:35:58.864+0000] {processor.py:842} WARNING - No viable dags retrieved from /home/airflow/.local/lib/python3.10/site-packages/airflow/example_dags/plugins/decreasing_priority_weight_strategy.py
[2025-06-13T14:35:58.874+0000] {processor.py:183} INFO - Processing /home/airflow/.local/lib/python3.10/site-packages/airflow/example_dags/plugins/decreasing_priority_weight_strategy.py took 0.017 seconds
[2025-06-13T14:36:29.709+0000] {processor.py:161} INFO - Started process (PID=442) to work on /home/airflow/.local/lib/python3.10/site-packages/airflow/example_dags/plugins/decreasing_priority_weight_strategy.py
[2025-06-13T14:36:29.710+0000] {processor.py:830} INFO - Processing file /home/airflow/.local/lib/python3.10/site-packages/airflow/example_dags/plugins/decreasing_priority_weight_strategy.py for tasks to queue
[2025-06-13T14:36:29.711+0000] {logging_mixin.py:188} INFO - [2025-06-13T14:36:29.710+0000] {dagbag.py:540} INFO - Filling up the DagBag from /home/airflow/.local/lib/python3.10/site-packages/airflow/example_dags/plugins/decreasing_priority_weight_strategy.py
[2025-06-13T14:36:29.712+0000] {processor.py:842} WARNING - No viable dags retrieved from /home/airflow/.local/lib/python3.10/site-packages/airflow/example_dags/plugins/decreasing_priority_weight_strategy.py
[2025-06-13T14:36:29.718+0000] {processor.py:183} INFO - Processing /home/airflow/.local/lib/python3.10/site-packages/airflow/example_dags/plugins/decreasing_priority_weight_strategy.py took 0.013 seconds
[2025-06-13T14:36:59.989+0000] {processor.py:161} INFO - Started process (PID=500) to work on /home/airflow/.local/lib/python3.10/site-packages/airflow/example_dags/plugins/decreasing_priority_weight_strategy.py
[2025-06-13T14:36:59.990+0000] {processor.py:830} INFO - Processing file /home/airflow/.local/lib/python3.10/site-packages/airflow/example_dags/plugins/decreasing_priority_weight_strategy.py for tasks to queue
[2025-06-13T14:36:59.993+0000] {logging_mixin.py:188} INFO - [2025-06-13T14:36:59.993+0000] {dagbag.py:540} INFO - Filling up the DagBag from /home/airflow/.local/lib/python3.10/site-packages/airflow/example_dags/plugins/decreasing_priority_weight_strategy.py
[2025-06-13T14:36:59.996+0000] {processor.py:842} WARNING - No viable dags retrieved from /home/airflow/.local/lib/python3.10/site-packages/airflow/example_dags/plugins/decreasing_priority_weight_strategy.py
[2025-06-13T14:37:00.008+0000] {processor.py:183} INFO - Processing /home/airflow/.local/lib/python3.10/site-packages/airflow/example_dags/plugins/decreasing_priority_weight_strategy.py took 0.023 seconds
[2025-06-13T14:37:30.981+0000] {processor.py:161} INFO - Started process (PID=558) to work on /home/airflow/.local/lib/python3.10/site-packages/airflow/example_dags/plugins/decreasing_priority_weight_strategy.py
[2025-06-13T14:37:30.982+0000] {processor.py:830} INFO - Processing file /home/airflow/.local/lib/python3.10/site-packages/airflow/example_dags/plugins/decreasing_priority_weight_strategy.py for tasks to queue
[2025-06-13T14:37:30.983+0000] {logging_mixin.py:188} INFO - [2025-06-13T14:37:30.983+0000] {dagbag.py:540} INFO - Filling up the DagBag from /home/airflow/.local/lib/python3.10/site-packages/airflow/example_dags/plugins/decreasing_priority_weight_strategy.py
[2025-06-13T14:37:30.984+0000] {processor.py:842} WARNING - No viable dags retrieved from /home/airflow/.local/lib/python3.10/site-packages/airflow/example_dags/plugins/decreasing_priority_weight_strategy.py
[2025-06-13T14:37:30.994+0000] {processor.py:183} INFO - Processing /home/airflow/.local/lib/python3.10/site-packages/airflow/example_dags/plugins/decreasing_priority_weight_strategy.py took 0.017 seconds
[2025-06-13T14:38:01.057+0000] {processor.py:161} INFO - Started process (PID=616) to work on /home/airflow/.local/lib/python3.10/site-packages/airflow/example_dags/plugins/decreasing_priority_weight_strategy.py
[2025-06-13T14:38:01.058+0000] {processor.py:830} INFO - Processing file /home/airflow/.local/lib/python3.10/site-packages/airflow/example_dags/plugins/decreasing_priority_weight_strategy.py for tasks to queue
[2025-06-13T14:38:01.061+0000] {logging_mixin.py:188} INFO - [2025-06-13T14:38:01.061+0000] {dagbag.py:540} INFO - Filling up the DagBag from /home/airflow/.local/lib/python3.10/site-packages/airflow/example_dags/plugins/decreasing_priority_weight_strategy.py
[2025-06-13T14:38:01.063+0000] {processor.py:842} WARNING - No viable dags retrieved from /home/airflow/.local/lib/python3.10/site-packages/airflow/example_dags/plugins/decreasing_priority_weight_strategy.py
[2025-06-13T14:38:01.073+0000] {processor.py:183} INFO - Processing /home/airflow/.local/lib/python3.10/site-packages/airflow/example_dags/plugins/decreasing_priority_weight_strategy.py took 0.024 seconds
[2025-06-13T14:38:31.820+0000] {processor.py:161} INFO - Started process (PID=676) to work on /home/airflow/.local/lib/python3.10/site-packages/airflow/example_dags/plugins/decreasing_priority_weight_strategy.py
[2025-06-13T14:38:31.821+0000] {processor.py:830} INFO - Processing file /home/airflow/.local/lib/python3.10/site-packages/airflow/example_dags/plugins/decreasing_priority_weight_strategy.py for tasks to queue
[2025-06-13T14:38:31.822+0000] {logging_mixin.py:188} INFO - [2025-06-13T14:38:31.822+0000] {dagbag.py:540} INFO - Filling up the DagBag from /home/airflow/.local/lib/python3.10/site-packages/airflow/example_dags/plugins/decreasing_priority_weight_strategy.py
[2025-06-13T14:38:31.824+0000] {processor.py:842} WARNING - No viable dags retrieved from /home/airflow/.local/lib/python3.10/site-packages/airflow/example_dags/plugins/decreasing_priority_weight_strategy.py
[2025-06-13T14:38:31.833+0000] {processor.py:183} INFO - Processing /home/airflow/.local/lib/python3.10/site-packages/airflow/example_dags/plugins/decreasing_priority_weight_strategy.py took 0.017 seconds
[2025-06-13T14:39:02.491+0000] {processor.py:161} INFO - Started process (PID=736) to work on /home/airflow/.local/lib/python3.10/site-packages/airflow/example_dags/plugins/decreasing_priority_weight_strategy.py
[2025-06-13T14:39:02.492+0000] {processor.py:830} INFO - Processing file /home/airflow/.local/lib/python3.10/site-packages/airflow/example_dags/plugins/decreasing_priority_weight_strategy.py for tasks to queue
[2025-06-13T14:39:02.494+0000] {logging_mixin.py:188} INFO - [2025-06-13T14:39:02.494+0000] {dagbag.py:540} INFO - Filling up the DagBag from /home/airflow/.local/lib/python3.10/site-packages/airflow/example_dags/plugins/decreasing_priority_weight_strategy.py
[2025-06-13T14:39:02.497+0000] {processor.py:842} WARNING - No viable dags retrieved from /home/airflow/.local/lib/python3.10/site-packages/airflow/example_dags/plugins/decreasing_priority_weight_strategy.py
[2025-06-13T14:39:02.504+0000] {processor.py:183} INFO - Processing /home/airflow/.local/lib/python3.10/site-packages/airflow/example_dags/plugins/decreasing_priority_weight_strategy.py took 0.016 seconds
[2025-06-13T14:39:33.591+0000] {processor.py:161} INFO - Started process (PID=796) to work on /home/airflow/.local/lib/python3.10/site-packages/airflow/example_dags/plugins/decreasing_priority_weight_strategy.py
[2025-06-13T14:39:33.593+0000] {processor.py:830} INFO - Processing file /home/airflow/.local/lib/python3.10/site-packages/airflow/example_dags/plugins/decreasing_priority_weight_strategy.py for tasks to queue
[2025-06-13T14:39:33.598+0000] {logging_mixin.py:188} INFO - [2025-06-13T14:39:33.598+0000] {dagbag.py:540} INFO - Filling up the DagBag from /home/airflow/.local/lib/python3.10/site-packages/airflow/example_dags/plugins/decreasing_priority_weight_strategy.py
[2025-06-13T14:39:33.610+0000] {processor.py:842} WARNING - No viable dags retrieved from /home/airflow/.local/lib/python3.10/site-packages/airflow/example_dags/plugins/decreasing_priority_weight_strategy.py
[2025-06-13T14:39:33.628+0000] {processor.py:183} INFO - Processing /home/airflow/.local/lib/python3.10/site-packages/airflow/example_dags/plugins/decreasing_priority_weight_strategy.py took 0.045 seconds
[2025-06-13T14:40:03.953+0000] {processor.py:161} INFO - Started process (PID=856) to work on /home/airflow/.local/lib/python3.10/site-packages/airflow/example_dags/plugins/decreasing_priority_weight_strategy.py
[2025-06-13T14:40:03.954+0000] {processor.py:830} INFO - Processing file /home/airflow/.local/lib/python3.10/site-packages/airflow/example_dags/plugins/decreasing_priority_weight_strategy.py for tasks to queue
[2025-06-13T14:40:03.956+0000] {logging_mixin.py:188} INFO - [2025-06-13T14:40:03.955+0000] {dagbag.py:540} INFO - Filling up the DagBag from /home/airflow/.local/lib/python3.10/site-packages/airflow/example_dags/plugins/decreasing_priority_weight_strategy.py
[2025-06-13T14:40:03.958+0000] {processor.py:842} WARNING - No viable dags retrieved from /home/airflow/.local/lib/python3.10/site-packages/airflow/example_dags/plugins/decreasing_priority_weight_strategy.py
[2025-06-13T14:40:03.968+0000] {processor.py:183} INFO - Processing /home/airflow/.local/lib/python3.10/site-packages/airflow/example_dags/plugins/decreasing_priority_weight_strategy.py took 0.021 seconds
[2025-06-13T14:40:35.242+0000] {processor.py:161} INFO - Started process (PID=916) to work on /home/airflow/.local/lib/python3.10/site-packages/airflow/example_dags/plugins/decreasing_priority_weight_strategy.py
[2025-06-13T14:40:35.245+0000] {processor.py:830} INFO - Processing file /home/airflow/.local/lib/python3.10/site-packages/airflow/example_dags/plugins/decreasing_priority_weight_strategy.py for tasks to queue
[2025-06-13T14:40:35.249+0000] {logging_mixin.py:188} INFO - [2025-06-13T14:40:35.249+0000] {dagbag.py:540} INFO - Filling up the DagBag from /home/airflow/.local/lib/python3.10/site-packages/airflow/example_dags/plugins/decreasing_priority_weight_strategy.py
[2025-06-13T14:40:35.252+0000] {processor.py:842} WARNING - No viable dags retrieved from /home/airflow/.local/lib/python3.10/site-packages/airflow/example_dags/plugins/decreasing_priority_weight_strategy.py
[2025-06-13T14:40:35.267+0000] {processor.py:183} INFO - Processing /home/airflow/.local/lib/python3.10/site-packages/airflow/example_dags/plugins/decreasing_priority_weight_strategy.py took 0.039 seconds
[2025-06-13T14:41:05.573+0000] {processor.py:161} INFO - Started process (PID=976) to work on /home/airflow/.local/lib/python3.10/site-packages/airflow/example_dags/plugins/decreasing_priority_weight_strategy.py
[2025-06-13T14:41:05.577+0000] {processor.py:830} INFO - Processing file /home/airflow/.local/lib/python3.10/site-packages/airflow/example_dags/plugins/decreasing_priority_weight_strategy.py for tasks to queue
[2025-06-13T14:41:05.578+0000] {logging_mixin.py:188} INFO - [2025-06-13T14:41:05.578+0000] {dagbag.py:540} INFO - Filling up the DagBag from /home/airflow/.local/lib/python3.10/site-packages/airflow/example_dags/plugins/decreasing_priority_weight_strategy.py
[2025-06-13T14:41:05.581+0000] {processor.py:842} WARNING - No viable dags retrieved from /home/airflow/.local/lib/python3.10/site-packages/airflow/example_dags/plugins/decreasing_priority_weight_strategy.py
[2025-06-13T14:41:05.591+0000] {processor.py:183} INFO - Processing /home/airflow/.local/lib/python3.10/site-packages/airflow/example_dags/plugins/decreasing_priority_weight_strategy.py took 0.022 seconds
[2025-06-13T14:41:35.977+0000] {processor.py:161} INFO - Started process (PID=1036) to work on /home/airflow/.local/lib/python3.10/site-packages/airflow/example_dags/plugins/decreasing_priority_weight_strategy.py
[2025-06-13T14:41:35.978+0000] {processor.py:830} INFO - Processing file /home/airflow/.local/lib/python3.10/site-packages/airflow/example_dags/plugins/decreasing_priority_weight_strategy.py for tasks to queue
[2025-06-13T14:41:35.978+0000] {logging_mixin.py:188} INFO - [2025-06-13T14:41:35.978+0000] {dagbag.py:540} INFO - Filling up the DagBag from /home/airflow/.local/lib/python3.10/site-packages/airflow/example_dags/plugins/decreasing_priority_weight_strategy.py
[2025-06-13T14:41:35.981+0000] {processor.py:842} WARNING - No viable dags retrieved from /home/airflow/.local/lib/python3.10/site-packages/airflow/example_dags/plugins/decreasing_priority_weight_strategy.py
[2025-06-13T14:41:35.992+0000] {processor.py:183} INFO - Processing /home/airflow/.local/lib/python3.10/site-packages/airflow/example_dags/plugins/decreasing_priority_weight_strategy.py took 0.019 seconds
[2025-06-13T14:42:06.349+0000] {processor.py:161} INFO - Started process (PID=1096) to work on /home/airflow/.local/lib/python3.10/site-packages/airflow/example_dags/plugins/decreasing_priority_weight_strategy.py
[2025-06-13T14:42:06.349+0000] {processor.py:830} INFO - Processing file /home/airflow/.local/lib/python3.10/site-packages/airflow/example_dags/plugins/decreasing_priority_weight_strategy.py for tasks to queue
[2025-06-13T14:42:06.350+0000] {logging_mixin.py:188} INFO - [2025-06-13T14:42:06.350+0000] {dagbag.py:540} INFO - Filling up the DagBag from /home/airflow/.local/lib/python3.10/site-packages/airflow/example_dags/plugins/decreasing_priority_weight_strategy.py
[2025-06-13T14:42:06.351+0000] {processor.py:842} WARNING - No viable dags retrieved from /home/airflow/.local/lib/python3.10/site-packages/airflow/example_dags/plugins/decreasing_priority_weight_strategy.py
[2025-06-13T14:42:06.360+0000] {processor.py:183} INFO - Processing /home/airflow/.local/lib/python3.10/site-packages/airflow/example_dags/plugins/decreasing_priority_weight_strategy.py took 0.015 seconds
[2025-06-13T14:42:37.674+0000] {processor.py:161} INFO - Started process (PID=1156) to work on /home/airflow/.local/lib/python3.10/site-packages/airflow/example_dags/plugins/decreasing_priority_weight_strategy.py
[2025-06-13T14:42:37.675+0000] {processor.py:830} INFO - Processing file /home/airflow/.local/lib/python3.10/site-packages/airflow/example_dags/plugins/decreasing_priority_weight_strategy.py for tasks to queue
[2025-06-13T14:42:37.676+0000] {logging_mixin.py:188} INFO - [2025-06-13T14:42:37.676+0000] {dagbag.py:540} INFO - Filling up the DagBag from /home/airflow/.local/lib/python3.10/site-packages/airflow/example_dags/plugins/decreasing_priority_weight_strategy.py
[2025-06-13T14:42:37.679+0000] {processor.py:842} WARNING - No viable dags retrieved from /home/airflow/.local/lib/python3.10/site-packages/airflow/example_dags/plugins/decreasing_priority_weight_strategy.py
[2025-06-13T14:42:37.690+0000] {processor.py:183} INFO - Processing /home/airflow/.local/lib/python3.10/site-packages/airflow/example_dags/plugins/decreasing_priority_weight_strategy.py took 0.020 seconds
[2025-06-13T14:43:08.320+0000] {processor.py:161} INFO - Started process (PID=1216) to work on /home/airflow/.local/lib/python3.10/site-packages/airflow/example_dags/plugins/decreasing_priority_weight_strategy.py
[2025-06-13T14:43:08.321+0000] {processor.py:830} INFO - Processing file /home/airflow/.local/lib/python3.10/site-packages/airflow/example_dags/plugins/decreasing_priority_weight_strategy.py for tasks to queue
[2025-06-13T14:43:08.322+0000] {logging_mixin.py:188} INFO - [2025-06-13T14:43:08.322+0000] {dagbag.py:540} INFO - Filling up the DagBag from /home/airflow/.local/lib/python3.10/site-packages/airflow/example_dags/plugins/decreasing_priority_weight_strategy.py
[2025-06-13T14:43:08.323+0000] {processor.py:842} WARNING - No viable dags retrieved from /home/airflow/.local/lib/python3.10/site-packages/airflow/example_dags/plugins/decreasing_priority_weight_strategy.py
[2025-06-13T14:43:08.338+0000] {processor.py:183} INFO - Processing /home/airflow/.local/lib/python3.10/site-packages/airflow/example_dags/plugins/decreasing_priority_weight_strategy.py took 0.023 seconds
[2025-06-13T14:44:43.808+0000] {processor.py:161} INFO - Started process (PID=107) to work on /home/airflow/.local/lib/python3.10/site-packages/airflow/example_dags/plugins/decreasing_priority_weight_strategy.py
[2025-06-13T14:44:43.810+0000] {processor.py:830} INFO - Processing file /home/airflow/.local/lib/python3.10/site-packages/airflow/example_dags/plugins/decreasing_priority_weight_strategy.py for tasks to queue
[2025-06-13T14:44:43.811+0000] {logging_mixin.py:188} INFO - [2025-06-13T14:44:43.811+0000] {dagbag.py:540} INFO - Filling up the DagBag from /home/airflow/.local/lib/python3.10/site-packages/airflow/example_dags/plugins/decreasing_priority_weight_strategy.py
[2025-06-13T14:44:43.813+0000] {processor.py:842} WARNING - No viable dags retrieved from /home/airflow/.local/lib/python3.10/site-packages/airflow/example_dags/plugins/decreasing_priority_weight_strategy.py
[2025-06-13T14:44:43.820+0000] {processor.py:183} INFO - Processing /home/airflow/.local/lib/python3.10/site-packages/airflow/example_dags/plugins/decreasing_priority_weight_strategy.py took 0.016 seconds
[2025-06-13T14:45:17.687+0000] {processor.py:161} INFO - Started process (PID=177) to work on /home/airflow/.local/lib/python3.10/site-packages/airflow/example_dags/plugins/decreasing_priority_weight_strategy.py
[2025-06-13T14:45:17.688+0000] {processor.py:830} INFO - Processing file /home/airflow/.local/lib/python3.10/site-packages/airflow/example_dags/plugins/decreasing_priority_weight_strategy.py for tasks to queue
[2025-06-13T14:45:17.690+0000] {logging_mixin.py:188} INFO - [2025-06-13T14:45:17.689+0000] {dagbag.py:540} INFO - Filling up the DagBag from /home/airflow/.local/lib/python3.10/site-packages/airflow/example_dags/plugins/decreasing_priority_weight_strategy.py
[2025-06-13T14:45:17.692+0000] {processor.py:842} WARNING - No viable dags retrieved from /home/airflow/.local/lib/python3.10/site-packages/airflow/example_dags/plugins/decreasing_priority_weight_strategy.py
[2025-06-13T14:45:17.714+0000] {processor.py:183} INFO - Processing /home/airflow/.local/lib/python3.10/site-packages/airflow/example_dags/plugins/decreasing_priority_weight_strategy.py took 0.032 seconds
[2025-06-13T14:45:47.927+0000] {processor.py:161} INFO - Started process (PID=245) to work on /home/airflow/.local/lib/python3.10/site-packages/airflow/example_dags/plugins/decreasing_priority_weight_strategy.py
[2025-06-13T14:45:47.927+0000] {processor.py:830} INFO - Processing file /home/airflow/.local/lib/python3.10/site-packages/airflow/example_dags/plugins/decreasing_priority_weight_strategy.py for tasks to queue
[2025-06-13T14:45:47.928+0000] {logging_mixin.py:188} INFO - [2025-06-13T14:45:47.928+0000] {dagbag.py:540} INFO - Filling up the DagBag from /home/airflow/.local/lib/python3.10/site-packages/airflow/example_dags/plugins/decreasing_priority_weight_strategy.py
[2025-06-13T14:45:47.930+0000] {processor.py:842} WARNING - No viable dags retrieved from /home/airflow/.local/lib/python3.10/site-packages/airflow/example_dags/plugins/decreasing_priority_weight_strategy.py
[2025-06-13T14:45:47.936+0000] {processor.py:183} INFO - Processing /home/airflow/.local/lib/python3.10/site-packages/airflow/example_dags/plugins/decreasing_priority_weight_strategy.py took 0.013 seconds
[2025-06-13T14:46:18.569+0000] {processor.py:161} INFO - Started process (PID=305) to work on /home/airflow/.local/lib/python3.10/site-packages/airflow/example_dags/plugins/decreasing_priority_weight_strategy.py
[2025-06-13T14:46:18.570+0000] {processor.py:830} INFO - Processing file /home/airflow/.local/lib/python3.10/site-packages/airflow/example_dags/plugins/decreasing_priority_weight_strategy.py for tasks to queue
[2025-06-13T14:46:18.571+0000] {logging_mixin.py:188} INFO - [2025-06-13T14:46:18.571+0000] {dagbag.py:540} INFO - Filling up the DagBag from /home/airflow/.local/lib/python3.10/site-packages/airflow/example_dags/plugins/decreasing_priority_weight_strategy.py
[2025-06-13T14:46:18.572+0000] {processor.py:842} WARNING - No viable dags retrieved from /home/airflow/.local/lib/python3.10/site-packages/airflow/example_dags/plugins/decreasing_priority_weight_strategy.py
[2025-06-13T14:46:18.579+0000] {processor.py:183} INFO - Processing /home/airflow/.local/lib/python3.10/site-packages/airflow/example_dags/plugins/decreasing_priority_weight_strategy.py took 0.014 seconds
[2025-06-13T14:46:49.404+0000] {processor.py:161} INFO - Started process (PID=365) to work on /home/airflow/.local/lib/python3.10/site-packages/airflow/example_dags/plugins/decreasing_priority_weight_strategy.py
[2025-06-13T14:46:49.407+0000] {processor.py:830} INFO - Processing file /home/airflow/.local/lib/python3.10/site-packages/airflow/example_dags/plugins/decreasing_priority_weight_strategy.py for tasks to queue
[2025-06-13T14:46:49.408+0000] {logging_mixin.py:188} INFO - [2025-06-13T14:46:49.408+0000] {dagbag.py:540} INFO - Filling up the DagBag from /home/airflow/.local/lib/python3.10/site-packages/airflow/example_dags/plugins/decreasing_priority_weight_strategy.py
[2025-06-13T14:46:49.409+0000] {processor.py:842} WARNING - No viable dags retrieved from /home/airflow/.local/lib/python3.10/site-packages/airflow/example_dags/plugins/decreasing_priority_weight_strategy.py
[2025-06-13T14:46:49.417+0000] {processor.py:183} INFO - Processing /home/airflow/.local/lib/python3.10/site-packages/airflow/example_dags/plugins/decreasing_priority_weight_strategy.py took 0.017 seconds
[2025-06-13T14:47:19.808+0000] {processor.py:161} INFO - Started process (PID=425) to work on /home/airflow/.local/lib/python3.10/site-packages/airflow/example_dags/plugins/decreasing_priority_weight_strategy.py
[2025-06-13T14:47:19.809+0000] {processor.py:830} INFO - Processing file /home/airflow/.local/lib/python3.10/site-packages/airflow/example_dags/plugins/decreasing_priority_weight_strategy.py for tasks to queue
[2025-06-13T14:47:19.810+0000] {logging_mixin.py:188} INFO - [2025-06-13T14:47:19.809+0000] {dagbag.py:540} INFO - Filling up the DagBag from /home/airflow/.local/lib/python3.10/site-packages/airflow/example_dags/plugins/decreasing_priority_weight_strategy.py
[2025-06-13T14:47:19.811+0000] {processor.py:842} WARNING - No viable dags retrieved from /home/airflow/.local/lib/python3.10/site-packages/airflow/example_dags/plugins/decreasing_priority_weight_strategy.py
[2025-06-13T14:47:19.818+0000] {processor.py:183} INFO - Processing /home/airflow/.local/lib/python3.10/site-packages/airflow/example_dags/plugins/decreasing_priority_weight_strategy.py took 0.013 seconds
[2025-06-13T14:47:50.087+0000] {processor.py:161} INFO - Started process (PID=485) to work on /home/airflow/.local/lib/python3.10/site-packages/airflow/example_dags/plugins/decreasing_priority_weight_strategy.py
[2025-06-13T14:47:50.088+0000] {processor.py:830} INFO - Processing file /home/airflow/.local/lib/python3.10/site-packages/airflow/example_dags/plugins/decreasing_priority_weight_strategy.py for tasks to queue
[2025-06-13T14:47:50.089+0000] {logging_mixin.py:188} INFO - [2025-06-13T14:47:50.089+0000] {dagbag.py:540} INFO - Filling up the DagBag from /home/airflow/.local/lib/python3.10/site-packages/airflow/example_dags/plugins/decreasing_priority_weight_strategy.py
[2025-06-13T14:47:50.091+0000] {processor.py:842} WARNING - No viable dags retrieved from /home/airflow/.local/lib/python3.10/site-packages/airflow/example_dags/plugins/decreasing_priority_weight_strategy.py
[2025-06-13T14:47:50.108+0000] {processor.py:183} INFO - Processing /home/airflow/.local/lib/python3.10/site-packages/airflow/example_dags/plugins/decreasing_priority_weight_strategy.py took 0.025 seconds
[2025-06-13T14:48:20.933+0000] {processor.py:161} INFO - Started process (PID=545) to work on /home/airflow/.local/lib/python3.10/site-packages/airflow/example_dags/plugins/decreasing_priority_weight_strategy.py
[2025-06-13T14:48:20.933+0000] {processor.py:830} INFO - Processing file /home/airflow/.local/lib/python3.10/site-packages/airflow/example_dags/plugins/decreasing_priority_weight_strategy.py for tasks to queue
[2025-06-13T14:48:20.934+0000] {logging_mixin.py:188} INFO - [2025-06-13T14:48:20.934+0000] {dagbag.py:540} INFO - Filling up the DagBag from /home/airflow/.local/lib/python3.10/site-packages/airflow/example_dags/plugins/decreasing_priority_weight_strategy.py
[2025-06-13T14:48:20.937+0000] {processor.py:842} WARNING - No viable dags retrieved from /home/airflow/.local/lib/python3.10/site-packages/airflow/example_dags/plugins/decreasing_priority_weight_strategy.py
[2025-06-13T14:48:20.952+0000] {processor.py:183} INFO - Processing /home/airflow/.local/lib/python3.10/site-packages/airflow/example_dags/plugins/decreasing_priority_weight_strategy.py took 0.025 seconds
[2025-06-13T14:48:51.553+0000] {processor.py:161} INFO - Started process (PID=605) to work on /home/airflow/.local/lib/python3.10/site-packages/airflow/example_dags/plugins/decreasing_priority_weight_strategy.py
[2025-06-13T14:48:51.554+0000] {processor.py:830} INFO - Processing file /home/airflow/.local/lib/python3.10/site-packages/airflow/example_dags/plugins/decreasing_priority_weight_strategy.py for tasks to queue
[2025-06-13T14:48:51.557+0000] {logging_mixin.py:188} INFO - [2025-06-13T14:48:51.557+0000] {dagbag.py:540} INFO - Filling up the DagBag from /home/airflow/.local/lib/python3.10/site-packages/airflow/example_dags/plugins/decreasing_priority_weight_strategy.py
[2025-06-13T14:48:51.559+0000] {processor.py:842} WARNING - No viable dags retrieved from /home/airflow/.local/lib/python3.10/site-packages/airflow/example_dags/plugins/decreasing_priority_weight_strategy.py
[2025-06-13T14:48:51.568+0000] {processor.py:183} INFO - Processing /home/airflow/.local/lib/python3.10/site-packages/airflow/example_dags/plugins/decreasing_priority_weight_strategy.py took 0.019 seconds
[2025-06-13T14:49:21.902+0000] {processor.py:161} INFO - Started process (PID=665) to work on /home/airflow/.local/lib/python3.10/site-packages/airflow/example_dags/plugins/decreasing_priority_weight_strategy.py
[2025-06-13T14:49:21.903+0000] {processor.py:830} INFO - Processing file /home/airflow/.local/lib/python3.10/site-packages/airflow/example_dags/plugins/decreasing_priority_weight_strategy.py for tasks to queue
[2025-06-13T14:49:21.904+0000] {logging_mixin.py:188} INFO - [2025-06-13T14:49:21.904+0000] {dagbag.py:540} INFO - Filling up the DagBag from /home/airflow/.local/lib/python3.10/site-packages/airflow/example_dags/plugins/decreasing_priority_weight_strategy.py
[2025-06-13T14:49:21.905+0000] {processor.py:842} WARNING - No viable dags retrieved from /home/airflow/.local/lib/python3.10/site-packages/airflow/example_dags/plugins/decreasing_priority_weight_strategy.py
[2025-06-13T14:49:21.920+0000] {processor.py:183} INFO - Processing /home/airflow/.local/lib/python3.10/site-packages/airflow/example_dags/plugins/decreasing_priority_weight_strategy.py took 0.022 seconds
[2025-06-13T14:49:52.111+0000] {processor.py:161} INFO - Started process (PID=725) to work on /home/airflow/.local/lib/python3.10/site-packages/airflow/example_dags/plugins/decreasing_priority_weight_strategy.py
[2025-06-13T14:49:52.113+0000] {processor.py:830} INFO - Processing file /home/airflow/.local/lib/python3.10/site-packages/airflow/example_dags/plugins/decreasing_priority_weight_strategy.py for tasks to queue
[2025-06-13T14:49:52.114+0000] {logging_mixin.py:188} INFO - [2025-06-13T14:49:52.114+0000] {dagbag.py:540} INFO - Filling up the DagBag from /home/airflow/.local/lib/python3.10/site-packages/airflow/example_dags/plugins/decreasing_priority_weight_strategy.py
[2025-06-13T14:49:52.115+0000] {processor.py:842} WARNING - No viable dags retrieved from /home/airflow/.local/lib/python3.10/site-packages/airflow/example_dags/plugins/decreasing_priority_weight_strategy.py
[2025-06-13T14:49:52.123+0000] {processor.py:183} INFO - Processing /home/airflow/.local/lib/python3.10/site-packages/airflow/example_dags/plugins/decreasing_priority_weight_strategy.py took 0.016 seconds
[2025-06-13T14:50:22.607+0000] {processor.py:161} INFO - Started process (PID=785) to work on /home/airflow/.local/lib/python3.10/site-packages/airflow/example_dags/plugins/decreasing_priority_weight_strategy.py
[2025-06-13T14:50:22.610+0000] {processor.py:830} INFO - Processing file /home/airflow/.local/lib/python3.10/site-packages/airflow/example_dags/plugins/decreasing_priority_weight_strategy.py for tasks to queue
[2025-06-13T14:50:22.611+0000] {logging_mixin.py:188} INFO - [2025-06-13T14:50:22.611+0000] {dagbag.py:540} INFO - Filling up the DagBag from /home/airflow/.local/lib/python3.10/site-packages/airflow/example_dags/plugins/decreasing_priority_weight_strategy.py
[2025-06-13T14:50:22.613+0000] {processor.py:842} WARNING - No viable dags retrieved from /home/airflow/.local/lib/python3.10/site-packages/airflow/example_dags/plugins/decreasing_priority_weight_strategy.py
[2025-06-13T14:50:22.619+0000] {processor.py:183} INFO - Processing /home/airflow/.local/lib/python3.10/site-packages/airflow/example_dags/plugins/decreasing_priority_weight_strategy.py took 0.016 seconds
[2025-06-13T14:50:53.342+0000] {processor.py:161} INFO - Started process (PID=845) to work on /home/airflow/.local/lib/python3.10/site-packages/airflow/example_dags/plugins/decreasing_priority_weight_strategy.py
[2025-06-13T14:50:53.344+0000] {processor.py:830} INFO - Processing file /home/airflow/.local/lib/python3.10/site-packages/airflow/example_dags/plugins/decreasing_priority_weight_strategy.py for tasks to queue
[2025-06-13T14:50:53.346+0000] {logging_mixin.py:188} INFO - [2025-06-13T14:50:53.346+0000] {dagbag.py:540} INFO - Filling up the DagBag from /home/airflow/.local/lib/python3.10/site-packages/airflow/example_dags/plugins/decreasing_priority_weight_strategy.py
[2025-06-13T14:50:53.350+0000] {processor.py:842} WARNING - No viable dags retrieved from /home/airflow/.local/lib/python3.10/site-packages/airflow/example_dags/plugins/decreasing_priority_weight_strategy.py
[2025-06-13T14:50:53.363+0000] {processor.py:183} INFO - Processing /home/airflow/.local/lib/python3.10/site-packages/airflow/example_dags/plugins/decreasing_priority_weight_strategy.py took 0.025 seconds
[2025-06-13T14:51:24.054+0000] {processor.py:161} INFO - Started process (PID=905) to work on /home/airflow/.local/lib/python3.10/site-packages/airflow/example_dags/plugins/decreasing_priority_weight_strategy.py
[2025-06-13T14:51:24.058+0000] {processor.py:830} INFO - Processing file /home/airflow/.local/lib/python3.10/site-packages/airflow/example_dags/plugins/decreasing_priority_weight_strategy.py for tasks to queue
[2025-06-13T14:51:24.060+0000] {logging_mixin.py:188} INFO - [2025-06-13T14:51:24.060+0000] {dagbag.py:540} INFO - Filling up the DagBag from /home/airflow/.local/lib/python3.10/site-packages/airflow/example_dags/plugins/decreasing_priority_weight_strategy.py
[2025-06-13T14:51:24.062+0000] {processor.py:842} WARNING - No viable dags retrieved from /home/airflow/.local/lib/python3.10/site-packages/airflow/example_dags/plugins/decreasing_priority_weight_strategy.py
[2025-06-13T14:51:24.078+0000] {processor.py:183} INFO - Processing /home/airflow/.local/lib/python3.10/site-packages/airflow/example_dags/plugins/decreasing_priority_weight_strategy.py took 0.028 seconds
[2025-06-13T14:51:54.503+0000] {processor.py:161} INFO - Started process (PID=965) to work on /home/airflow/.local/lib/python3.10/site-packages/airflow/example_dags/plugins/decreasing_priority_weight_strategy.py
[2025-06-13T14:51:54.505+0000] {processor.py:830} INFO - Processing file /home/airflow/.local/lib/python3.10/site-packages/airflow/example_dags/plugins/decreasing_priority_weight_strategy.py for tasks to queue
[2025-06-13T14:51:54.506+0000] {logging_mixin.py:188} INFO - [2025-06-13T14:51:54.506+0000] {dagbag.py:540} INFO - Filling up the DagBag from /home/airflow/.local/lib/python3.10/site-packages/airflow/example_dags/plugins/decreasing_priority_weight_strategy.py
[2025-06-13T14:51:54.508+0000] {processor.py:842} WARNING - No viable dags retrieved from /home/airflow/.local/lib/python3.10/site-packages/airflow/example_dags/plugins/decreasing_priority_weight_strategy.py
[2025-06-13T14:51:54.518+0000] {processor.py:183} INFO - Processing /home/airflow/.local/lib/python3.10/site-packages/airflow/example_dags/plugins/decreasing_priority_weight_strategy.py took 0.020 seconds
[2025-06-13T14:52:25.108+0000] {processor.py:161} INFO - Started process (PID=1025) to work on /home/airflow/.local/lib/python3.10/site-packages/airflow/example_dags/plugins/decreasing_priority_weight_strategy.py
[2025-06-13T14:52:25.108+0000] {processor.py:830} INFO - Processing file /home/airflow/.local/lib/python3.10/site-packages/airflow/example_dags/plugins/decreasing_priority_weight_strategy.py for tasks to queue
[2025-06-13T14:52:25.110+0000] {logging_mixin.py:188} INFO - [2025-06-13T14:52:25.110+0000] {dagbag.py:540} INFO - Filling up the DagBag from /home/airflow/.local/lib/python3.10/site-packages/airflow/example_dags/plugins/decreasing_priority_weight_strategy.py
[2025-06-13T14:52:25.112+0000] {processor.py:842} WARNING - No viable dags retrieved from /home/airflow/.local/lib/python3.10/site-packages/airflow/example_dags/plugins/decreasing_priority_weight_strategy.py
[2025-06-13T14:52:25.122+0000] {processor.py:183} INFO - Processing /home/airflow/.local/lib/python3.10/site-packages/airflow/example_dags/plugins/decreasing_priority_weight_strategy.py took 0.018 seconds
[2025-06-13T14:52:56.324+0000] {processor.py:161} INFO - Started process (PID=1085) to work on /home/airflow/.local/lib/python3.10/site-packages/airflow/example_dags/plugins/decreasing_priority_weight_strategy.py
[2025-06-13T14:52:56.325+0000] {processor.py:830} INFO - Processing file /home/airflow/.local/lib/python3.10/site-packages/airflow/example_dags/plugins/decreasing_priority_weight_strategy.py for tasks to queue
[2025-06-13T14:52:56.326+0000] {logging_mixin.py:188} INFO - [2025-06-13T14:52:56.326+0000] {dagbag.py:540} INFO - Filling up the DagBag from /home/airflow/.local/lib/python3.10/site-packages/airflow/example_dags/plugins/decreasing_priority_weight_strategy.py
[2025-06-13T14:52:56.327+0000] {processor.py:842} WARNING - No viable dags retrieved from /home/airflow/.local/lib/python3.10/site-packages/airflow/example_dags/plugins/decreasing_priority_weight_strategy.py
[2025-06-13T14:52:56.336+0000] {processor.py:183} INFO - Processing /home/airflow/.local/lib/python3.10/site-packages/airflow/example_dags/plugins/decreasing_priority_weight_strategy.py took 0.015 seconds
[2025-06-13T14:53:26.887+0000] {processor.py:161} INFO - Started process (PID=1145) to work on /home/airflow/.local/lib/python3.10/site-packages/airflow/example_dags/plugins/decreasing_priority_weight_strategy.py
[2025-06-13T14:53:26.889+0000] {processor.py:830} INFO - Processing file /home/airflow/.local/lib/python3.10/site-packages/airflow/example_dags/plugins/decreasing_priority_weight_strategy.py for tasks to queue
[2025-06-13T14:53:26.890+0000] {logging_mixin.py:188} INFO - [2025-06-13T14:53:26.890+0000] {dagbag.py:540} INFO - Filling up the DagBag from /home/airflow/.local/lib/python3.10/site-packages/airflow/example_dags/plugins/decreasing_priority_weight_strategy.py
[2025-06-13T14:53:26.891+0000] {processor.py:842} WARNING - No viable dags retrieved from /home/airflow/.local/lib/python3.10/site-packages/airflow/example_dags/plugins/decreasing_priority_weight_strategy.py
[2025-06-13T14:53:26.898+0000] {processor.py:183} INFO - Processing /home/airflow/.local/lib/python3.10/site-packages/airflow/example_dags/plugins/decreasing_priority_weight_strategy.py took 0.015 seconds
[2025-06-13T14:53:57.842+0000] {processor.py:161} INFO - Started process (PID=1205) to work on /home/airflow/.local/lib/python3.10/site-packages/airflow/example_dags/plugins/decreasing_priority_weight_strategy.py
[2025-06-13T14:53:57.845+0000] {processor.py:830} INFO - Processing file /home/airflow/.local/lib/python3.10/site-packages/airflow/example_dags/plugins/decreasing_priority_weight_strategy.py for tasks to queue
[2025-06-13T14:53:57.846+0000] {logging_mixin.py:188} INFO - [2025-06-13T14:53:57.846+0000] {dagbag.py:540} INFO - Filling up the DagBag from /home/airflow/.local/lib/python3.10/site-packages/airflow/example_dags/plugins/decreasing_priority_weight_strategy.py
[2025-06-13T14:53:57.848+0000] {processor.py:842} WARNING - No viable dags retrieved from /home/airflow/.local/lib/python3.10/site-packages/airflow/example_dags/plugins/decreasing_priority_weight_strategy.py
[2025-06-13T14:53:57.855+0000] {processor.py:183} INFO - Processing /home/airflow/.local/lib/python3.10/site-packages/airflow/example_dags/plugins/decreasing_priority_weight_strategy.py took 0.017 seconds
[2025-06-13T14:54:28.188+0000] {processor.py:161} INFO - Started process (PID=1265) to work on /home/airflow/.local/lib/python3.10/site-packages/airflow/example_dags/plugins/decreasing_priority_weight_strategy.py
[2025-06-13T14:54:28.190+0000] {processor.py:830} INFO - Processing file /home/airflow/.local/lib/python3.10/site-packages/airflow/example_dags/plugins/decreasing_priority_weight_strategy.py for tasks to queue
[2025-06-13T14:54:28.195+0000] {logging_mixin.py:188} INFO - [2025-06-13T14:54:28.194+0000] {dagbag.py:540} INFO - Filling up the DagBag from /home/airflow/.local/lib/python3.10/site-packages/airflow/example_dags/plugins/decreasing_priority_weight_strategy.py
[2025-06-13T14:54:28.199+0000] {processor.py:842} WARNING - No viable dags retrieved from /home/airflow/.local/lib/python3.10/site-packages/airflow/example_dags/plugins/decreasing_priority_weight_strategy.py
[2025-06-13T14:54:28.230+0000] {processor.py:183} INFO - Processing /home/airflow/.local/lib/python3.10/site-packages/airflow/example_dags/plugins/decreasing_priority_weight_strategy.py took 0.059 seconds
[2025-06-13T14:54:59.199+0000] {processor.py:161} INFO - Started process (PID=1325) to work on /home/airflow/.local/lib/python3.10/site-packages/airflow/example_dags/plugins/decreasing_priority_weight_strategy.py
[2025-06-13T14:54:59.201+0000] {processor.py:830} INFO - Processing file /home/airflow/.local/lib/python3.10/site-packages/airflow/example_dags/plugins/decreasing_priority_weight_strategy.py for tasks to queue
[2025-06-13T14:54:59.206+0000] {logging_mixin.py:188} INFO - [2025-06-13T14:54:59.205+0000] {dagbag.py:540} INFO - Filling up the DagBag from /home/airflow/.local/lib/python3.10/site-packages/airflow/example_dags/plugins/decreasing_priority_weight_strategy.py
[2025-06-13T14:54:59.207+0000] {processor.py:842} WARNING - No viable dags retrieved from /home/airflow/.local/lib/python3.10/site-packages/airflow/example_dags/plugins/decreasing_priority_weight_strategy.py
[2025-06-13T14:54:59.219+0000] {processor.py:183} INFO - Processing /home/airflow/.local/lib/python3.10/site-packages/airflow/example_dags/plugins/decreasing_priority_weight_strategy.py took 0.023 seconds
[2025-06-13T14:55:30.017+0000] {processor.py:161} INFO - Started process (PID=1385) to work on /home/airflow/.local/lib/python3.10/site-packages/airflow/example_dags/plugins/decreasing_priority_weight_strategy.py
[2025-06-13T14:55:30.020+0000] {processor.py:830} INFO - Processing file /home/airflow/.local/lib/python3.10/site-packages/airflow/example_dags/plugins/decreasing_priority_weight_strategy.py for tasks to queue
[2025-06-13T14:55:30.021+0000] {logging_mixin.py:188} INFO - [2025-06-13T14:55:30.021+0000] {dagbag.py:540} INFO - Filling up the DagBag from /home/airflow/.local/lib/python3.10/site-packages/airflow/example_dags/plugins/decreasing_priority_weight_strategy.py
[2025-06-13T14:55:30.022+0000] {processor.py:842} WARNING - No viable dags retrieved from /home/airflow/.local/lib/python3.10/site-packages/airflow/example_dags/plugins/decreasing_priority_weight_strategy.py
[2025-06-13T14:55:30.033+0000] {processor.py:183} INFO - Processing /home/airflow/.local/lib/python3.10/site-packages/airflow/example_dags/plugins/decreasing_priority_weight_strategy.py took 0.021 seconds
[2025-06-13T14:56:00.321+0000] {processor.py:161} INFO - Started process (PID=1445) to work on /home/airflow/.local/lib/python3.10/site-packages/airflow/example_dags/plugins/decreasing_priority_weight_strategy.py
[2025-06-13T14:56:00.322+0000] {processor.py:830} INFO - Processing file /home/airflow/.local/lib/python3.10/site-packages/airflow/example_dags/plugins/decreasing_priority_weight_strategy.py for tasks to queue
[2025-06-13T14:56:00.323+0000] {logging_mixin.py:188} INFO - [2025-06-13T14:56:00.323+0000] {dagbag.py:540} INFO - Filling up the DagBag from /home/airflow/.local/lib/python3.10/site-packages/airflow/example_dags/plugins/decreasing_priority_weight_strategy.py
[2025-06-13T14:56:00.324+0000] {processor.py:842} WARNING - No viable dags retrieved from /home/airflow/.local/lib/python3.10/site-packages/airflow/example_dags/plugins/decreasing_priority_weight_strategy.py
[2025-06-13T14:56:00.332+0000] {processor.py:183} INFO - Processing /home/airflow/.local/lib/python3.10/site-packages/airflow/example_dags/plugins/decreasing_priority_weight_strategy.py took 0.015 seconds
[2025-06-13T14:56:30.426+0000] {processor.py:161} INFO - Started process (PID=1503) to work on /home/airflow/.local/lib/python3.10/site-packages/airflow/example_dags/plugins/decreasing_priority_weight_strategy.py
[2025-06-13T14:56:30.427+0000] {processor.py:830} INFO - Processing file /home/airflow/.local/lib/python3.10/site-packages/airflow/example_dags/plugins/decreasing_priority_weight_strategy.py for tasks to queue
[2025-06-13T14:56:30.428+0000] {logging_mixin.py:188} INFO - [2025-06-13T14:56:30.428+0000] {dagbag.py:540} INFO - Filling up the DagBag from /home/airflow/.local/lib/python3.10/site-packages/airflow/example_dags/plugins/decreasing_priority_weight_strategy.py
[2025-06-13T14:56:30.430+0000] {processor.py:842} WARNING - No viable dags retrieved from /home/airflow/.local/lib/python3.10/site-packages/airflow/example_dags/plugins/decreasing_priority_weight_strategy.py
[2025-06-13T14:56:30.443+0000] {processor.py:183} INFO - Processing /home/airflow/.local/lib/python3.10/site-packages/airflow/example_dags/plugins/decreasing_priority_weight_strategy.py took 0.024 seconds
[2025-06-13T14:57:00.919+0000] {processor.py:161} INFO - Started process (PID=1563) to work on /home/airflow/.local/lib/python3.10/site-packages/airflow/example_dags/plugins/decreasing_priority_weight_strategy.py
[2025-06-13T14:57:00.920+0000] {processor.py:830} INFO - Processing file /home/airflow/.local/lib/python3.10/site-packages/airflow/example_dags/plugins/decreasing_priority_weight_strategy.py for tasks to queue
[2025-06-13T14:57:00.921+0000] {logging_mixin.py:188} INFO - [2025-06-13T14:57:00.921+0000] {dagbag.py:540} INFO - Filling up the DagBag from /home/airflow/.local/lib/python3.10/site-packages/airflow/example_dags/plugins/decreasing_priority_weight_strategy.py
[2025-06-13T14:57:00.923+0000] {processor.py:842} WARNING - No viable dags retrieved from /home/airflow/.local/lib/python3.10/site-packages/airflow/example_dags/plugins/decreasing_priority_weight_strategy.py
[2025-06-13T14:57:00.934+0000] {processor.py:183} INFO - Processing /home/airflow/.local/lib/python3.10/site-packages/airflow/example_dags/plugins/decreasing_priority_weight_strategy.py took 0.020 seconds
[2025-06-13T14:57:31.720+0000] {processor.py:161} INFO - Started process (PID=1623) to work on /home/airflow/.local/lib/python3.10/site-packages/airflow/example_dags/plugins/decreasing_priority_weight_strategy.py
[2025-06-13T14:57:31.721+0000] {processor.py:830} INFO - Processing file /home/airflow/.local/lib/python3.10/site-packages/airflow/example_dags/plugins/decreasing_priority_weight_strategy.py for tasks to queue
[2025-06-13T14:57:31.722+0000] {logging_mixin.py:188} INFO - [2025-06-13T14:57:31.722+0000] {dagbag.py:540} INFO - Filling up the DagBag from /home/airflow/.local/lib/python3.10/site-packages/airflow/example_dags/plugins/decreasing_priority_weight_strategy.py
[2025-06-13T14:57:31.723+0000] {processor.py:842} WARNING - No viable dags retrieved from /home/airflow/.local/lib/python3.10/site-packages/airflow/example_dags/plugins/decreasing_priority_weight_strategy.py
[2025-06-13T14:57:31.731+0000] {processor.py:183} INFO - Processing /home/airflow/.local/lib/python3.10/site-packages/airflow/example_dags/plugins/decreasing_priority_weight_strategy.py took 0.015 seconds
[2025-06-13T14:58:02.527+0000] {processor.py:161} INFO - Started process (PID=1683) to work on /home/airflow/.local/lib/python3.10/site-packages/airflow/example_dags/plugins/decreasing_priority_weight_strategy.py
[2025-06-13T14:58:02.528+0000] {processor.py:830} INFO - Processing file /home/airflow/.local/lib/python3.10/site-packages/airflow/example_dags/plugins/decreasing_priority_weight_strategy.py for tasks to queue
[2025-06-13T14:58:02.530+0000] {logging_mixin.py:188} INFO - [2025-06-13T14:58:02.530+0000] {dagbag.py:540} INFO - Filling up the DagBag from /home/airflow/.local/lib/python3.10/site-packages/airflow/example_dags/plugins/decreasing_priority_weight_strategy.py
[2025-06-13T14:58:02.532+0000] {processor.py:842} WARNING - No viable dags retrieved from /home/airflow/.local/lib/python3.10/site-packages/airflow/example_dags/plugins/decreasing_priority_weight_strategy.py
[2025-06-13T14:58:02.564+0000] {processor.py:183} INFO - Processing /home/airflow/.local/lib/python3.10/site-packages/airflow/example_dags/plugins/decreasing_priority_weight_strategy.py took 0.046 seconds
[2025-06-13T14:58:32.759+0000] {processor.py:161} INFO - Started process (PID=1743) to work on /home/airflow/.local/lib/python3.10/site-packages/airflow/example_dags/plugins/decreasing_priority_weight_strategy.py
[2025-06-13T14:58:32.761+0000] {processor.py:830} INFO - Processing file /home/airflow/.local/lib/python3.10/site-packages/airflow/example_dags/plugins/decreasing_priority_weight_strategy.py for tasks to queue
[2025-06-13T14:58:32.763+0000] {logging_mixin.py:188} INFO - [2025-06-13T14:58:32.762+0000] {dagbag.py:540} INFO - Filling up the DagBag from /home/airflow/.local/lib/python3.10/site-packages/airflow/example_dags/plugins/decreasing_priority_weight_strategy.py
[2025-06-13T14:58:32.764+0000] {processor.py:842} WARNING - No viable dags retrieved from /home/airflow/.local/lib/python3.10/site-packages/airflow/example_dags/plugins/decreasing_priority_weight_strategy.py
[2025-06-13T14:58:32.785+0000] {processor.py:183} INFO - Processing /home/airflow/.local/lib/python3.10/site-packages/airflow/example_dags/plugins/decreasing_priority_weight_strategy.py took 0.029 seconds
[2025-06-13T14:59:03.497+0000] {processor.py:161} INFO - Started process (PID=1803) to work on /home/airflow/.local/lib/python3.10/site-packages/airflow/example_dags/plugins/decreasing_priority_weight_strategy.py
[2025-06-13T14:59:03.497+0000] {processor.py:830} INFO - Processing file /home/airflow/.local/lib/python3.10/site-packages/airflow/example_dags/plugins/decreasing_priority_weight_strategy.py for tasks to queue
[2025-06-13T14:59:03.499+0000] {logging_mixin.py:188} INFO - [2025-06-13T14:59:03.499+0000] {dagbag.py:540} INFO - Filling up the DagBag from /home/airflow/.local/lib/python3.10/site-packages/airflow/example_dags/plugins/decreasing_priority_weight_strategy.py
[2025-06-13T14:59:03.500+0000] {processor.py:842} WARNING - No viable dags retrieved from /home/airflow/.local/lib/python3.10/site-packages/airflow/example_dags/plugins/decreasing_priority_weight_strategy.py
[2025-06-13T14:59:03.510+0000] {processor.py:183} INFO - Processing /home/airflow/.local/lib/python3.10/site-packages/airflow/example_dags/plugins/decreasing_priority_weight_strategy.py took 0.020 seconds
[2025-06-13T14:59:33.898+0000] {processor.py:161} INFO - Started process (PID=1863) to work on /home/airflow/.local/lib/python3.10/site-packages/airflow/example_dags/plugins/decreasing_priority_weight_strategy.py
[2025-06-13T14:59:33.900+0000] {processor.py:830} INFO - Processing file /home/airflow/.local/lib/python3.10/site-packages/airflow/example_dags/plugins/decreasing_priority_weight_strategy.py for tasks to queue
[2025-06-13T14:59:33.902+0000] {logging_mixin.py:188} INFO - [2025-06-13T14:59:33.902+0000] {dagbag.py:540} INFO - Filling up the DagBag from /home/airflow/.local/lib/python3.10/site-packages/airflow/example_dags/plugins/decreasing_priority_weight_strategy.py
[2025-06-13T14:59:33.906+0000] {processor.py:842} WARNING - No viable dags retrieved from /home/airflow/.local/lib/python3.10/site-packages/airflow/example_dags/plugins/decreasing_priority_weight_strategy.py
[2025-06-13T14:59:33.916+0000] {processor.py:183} INFO - Processing /home/airflow/.local/lib/python3.10/site-packages/airflow/example_dags/plugins/decreasing_priority_weight_strategy.py took 0.022 seconds
[2025-06-13T15:00:05.180+0000] {processor.py:161} INFO - Started process (PID=1923) to work on /home/airflow/.local/lib/python3.10/site-packages/airflow/example_dags/plugins/decreasing_priority_weight_strategy.py
[2025-06-13T15:00:05.181+0000] {processor.py:830} INFO - Processing file /home/airflow/.local/lib/python3.10/site-packages/airflow/example_dags/plugins/decreasing_priority_weight_strategy.py for tasks to queue
[2025-06-13T15:00:05.186+0000] {logging_mixin.py:188} INFO - [2025-06-13T15:00:05.185+0000] {dagbag.py:540} INFO - Filling up the DagBag from /home/airflow/.local/lib/python3.10/site-packages/airflow/example_dags/plugins/decreasing_priority_weight_strategy.py
[2025-06-13T15:00:05.199+0000] {processor.py:842} WARNING - No viable dags retrieved from /home/airflow/.local/lib/python3.10/site-packages/airflow/example_dags/plugins/decreasing_priority_weight_strategy.py
[2025-06-13T15:00:05.242+0000] {processor.py:183} INFO - Processing /home/airflow/.local/lib/python3.10/site-packages/airflow/example_dags/plugins/decreasing_priority_weight_strategy.py took 0.073 seconds
[2025-06-13T15:00:35.494+0000] {processor.py:161} INFO - Started process (PID=1983) to work on /home/airflow/.local/lib/python3.10/site-packages/airflow/example_dags/plugins/decreasing_priority_weight_strategy.py
[2025-06-13T15:00:35.494+0000] {processor.py:830} INFO - Processing file /home/airflow/.local/lib/python3.10/site-packages/airflow/example_dags/plugins/decreasing_priority_weight_strategy.py for tasks to queue
[2025-06-13T15:00:35.495+0000] {logging_mixin.py:188} INFO - [2025-06-13T15:00:35.495+0000] {dagbag.py:540} INFO - Filling up the DagBag from /home/airflow/.local/lib/python3.10/site-packages/airflow/example_dags/plugins/decreasing_priority_weight_strategy.py
[2025-06-13T15:00:35.497+0000] {processor.py:842} WARNING - No viable dags retrieved from /home/airflow/.local/lib/python3.10/site-packages/airflow/example_dags/plugins/decreasing_priority_weight_strategy.py
[2025-06-13T15:00:35.507+0000] {processor.py:183} INFO - Processing /home/airflow/.local/lib/python3.10/site-packages/airflow/example_dags/plugins/decreasing_priority_weight_strategy.py took 0.018 seconds
[2025-06-13T15:01:05.789+0000] {processor.py:161} INFO - Started process (PID=2043) to work on /home/airflow/.local/lib/python3.10/site-packages/airflow/example_dags/plugins/decreasing_priority_weight_strategy.py
[2025-06-13T15:01:05.790+0000] {processor.py:830} INFO - Processing file /home/airflow/.local/lib/python3.10/site-packages/airflow/example_dags/plugins/decreasing_priority_weight_strategy.py for tasks to queue
[2025-06-13T15:01:05.793+0000] {logging_mixin.py:188} INFO - [2025-06-13T15:01:05.793+0000] {dagbag.py:540} INFO - Filling up the DagBag from /home/airflow/.local/lib/python3.10/site-packages/airflow/example_dags/plugins/decreasing_priority_weight_strategy.py
[2025-06-13T15:01:05.795+0000] {processor.py:842} WARNING - No viable dags retrieved from /home/airflow/.local/lib/python3.10/site-packages/airflow/example_dags/plugins/decreasing_priority_weight_strategy.py
[2025-06-13T15:01:05.807+0000] {processor.py:183} INFO - Processing /home/airflow/.local/lib/python3.10/site-packages/airflow/example_dags/plugins/decreasing_priority_weight_strategy.py took 0.021 seconds
[2025-06-13T15:01:36.158+0000] {processor.py:161} INFO - Started process (PID=2103) to work on /home/airflow/.local/lib/python3.10/site-packages/airflow/example_dags/plugins/decreasing_priority_weight_strategy.py
[2025-06-13T15:01:36.160+0000] {processor.py:830} INFO - Processing file /home/airflow/.local/lib/python3.10/site-packages/airflow/example_dags/plugins/decreasing_priority_weight_strategy.py for tasks to queue
[2025-06-13T15:01:36.162+0000] {logging_mixin.py:188} INFO - [2025-06-13T15:01:36.162+0000] {dagbag.py:540} INFO - Filling up the DagBag from /home/airflow/.local/lib/python3.10/site-packages/airflow/example_dags/plugins/decreasing_priority_weight_strategy.py
[2025-06-13T15:01:36.163+0000] {processor.py:842} WARNING - No viable dags retrieved from /home/airflow/.local/lib/python3.10/site-packages/airflow/example_dags/plugins/decreasing_priority_weight_strategy.py
[2025-06-13T15:01:36.173+0000] {processor.py:183} INFO - Processing /home/airflow/.local/lib/python3.10/site-packages/airflow/example_dags/plugins/decreasing_priority_weight_strategy.py took 0.019 seconds
[2025-06-13T15:02:06.536+0000] {processor.py:161} INFO - Started process (PID=2163) to work on /home/airflow/.local/lib/python3.10/site-packages/airflow/example_dags/plugins/decreasing_priority_weight_strategy.py
[2025-06-13T15:02:06.538+0000] {processor.py:830} INFO - Processing file /home/airflow/.local/lib/python3.10/site-packages/airflow/example_dags/plugins/decreasing_priority_weight_strategy.py for tasks to queue
[2025-06-13T15:02:06.539+0000] {logging_mixin.py:188} INFO - [2025-06-13T15:02:06.539+0000] {dagbag.py:540} INFO - Filling up the DagBag from /home/airflow/.local/lib/python3.10/site-packages/airflow/example_dags/plugins/decreasing_priority_weight_strategy.py
[2025-06-13T15:02:06.540+0000] {processor.py:842} WARNING - No viable dags retrieved from /home/airflow/.local/lib/python3.10/site-packages/airflow/example_dags/plugins/decreasing_priority_weight_strategy.py
[2025-06-13T15:02:06.549+0000] {processor.py:183} INFO - Processing /home/airflow/.local/lib/python3.10/site-packages/airflow/example_dags/plugins/decreasing_priority_weight_strategy.py took 0.017 seconds
[2025-06-13T15:02:37.122+0000] {processor.py:161} INFO - Started process (PID=2223) to work on /home/airflow/.local/lib/python3.10/site-packages/airflow/example_dags/plugins/decreasing_priority_weight_strategy.py
[2025-06-13T15:02:37.123+0000] {processor.py:830} INFO - Processing file /home/airflow/.local/lib/python3.10/site-packages/airflow/example_dags/plugins/decreasing_priority_weight_strategy.py for tasks to queue
[2025-06-13T15:02:37.124+0000] {logging_mixin.py:188} INFO - [2025-06-13T15:02:37.124+0000] {dagbag.py:540} INFO - Filling up the DagBag from /home/airflow/.local/lib/python3.10/site-packages/airflow/example_dags/plugins/decreasing_priority_weight_strategy.py
[2025-06-13T15:02:37.125+0000] {processor.py:842} WARNING - No viable dags retrieved from /home/airflow/.local/lib/python3.10/site-packages/airflow/example_dags/plugins/decreasing_priority_weight_strategy.py
[2025-06-13T15:02:37.136+0000] {processor.py:183} INFO - Processing /home/airflow/.local/lib/python3.10/site-packages/airflow/example_dags/plugins/decreasing_priority_weight_strategy.py took 0.017 seconds
[2025-06-13T15:03:08.160+0000] {processor.py:161} INFO - Started process (PID=2283) to work on /home/airflow/.local/lib/python3.10/site-packages/airflow/example_dags/plugins/decreasing_priority_weight_strategy.py
[2025-06-13T15:03:08.161+0000] {processor.py:830} INFO - Processing file /home/airflow/.local/lib/python3.10/site-packages/airflow/example_dags/plugins/decreasing_priority_weight_strategy.py for tasks to queue
[2025-06-13T15:03:08.162+0000] {logging_mixin.py:188} INFO - [2025-06-13T15:03:08.162+0000] {dagbag.py:540} INFO - Filling up the DagBag from /home/airflow/.local/lib/python3.10/site-packages/airflow/example_dags/plugins/decreasing_priority_weight_strategy.py
[2025-06-13T15:03:08.164+0000] {processor.py:842} WARNING - No viable dags retrieved from /home/airflow/.local/lib/python3.10/site-packages/airflow/example_dags/plugins/decreasing_priority_weight_strategy.py
[2025-06-13T15:03:08.173+0000] {processor.py:183} INFO - Processing /home/airflow/.local/lib/python3.10/site-packages/airflow/example_dags/plugins/decreasing_priority_weight_strategy.py took 0.016 seconds
[2025-06-13T15:03:39.055+0000] {processor.py:161} INFO - Started process (PID=2343) to work on /home/airflow/.local/lib/python3.10/site-packages/airflow/example_dags/plugins/decreasing_priority_weight_strategy.py
[2025-06-13T15:03:39.056+0000] {processor.py:830} INFO - Processing file /home/airflow/.local/lib/python3.10/site-packages/airflow/example_dags/plugins/decreasing_priority_weight_strategy.py for tasks to queue
[2025-06-13T15:03:39.057+0000] {logging_mixin.py:188} INFO - [2025-06-13T15:03:39.057+0000] {dagbag.py:540} INFO - Filling up the DagBag from /home/airflow/.local/lib/python3.10/site-packages/airflow/example_dags/plugins/decreasing_priority_weight_strategy.py
[2025-06-13T15:03:39.058+0000] {processor.py:842} WARNING - No viable dags retrieved from /home/airflow/.local/lib/python3.10/site-packages/airflow/example_dags/plugins/decreasing_priority_weight_strategy.py
[2025-06-13T15:03:39.069+0000] {processor.py:183} INFO - Processing /home/airflow/.local/lib/python3.10/site-packages/airflow/example_dags/plugins/decreasing_priority_weight_strategy.py took 0.018 seconds
[2025-06-13T15:04:09.942+0000] {processor.py:161} INFO - Started process (PID=2403) to work on /home/airflow/.local/lib/python3.10/site-packages/airflow/example_dags/plugins/decreasing_priority_weight_strategy.py
[2025-06-13T15:04:09.943+0000] {processor.py:830} INFO - Processing file /home/airflow/.local/lib/python3.10/site-packages/airflow/example_dags/plugins/decreasing_priority_weight_strategy.py for tasks to queue
[2025-06-13T15:04:09.945+0000] {logging_mixin.py:188} INFO - [2025-06-13T15:04:09.945+0000] {dagbag.py:540} INFO - Filling up the DagBag from /home/airflow/.local/lib/python3.10/site-packages/airflow/example_dags/plugins/decreasing_priority_weight_strategy.py
[2025-06-13T15:04:09.947+0000] {processor.py:842} WARNING - No viable dags retrieved from /home/airflow/.local/lib/python3.10/site-packages/airflow/example_dags/plugins/decreasing_priority_weight_strategy.py
[2025-06-13T15:04:09.956+0000] {processor.py:183} INFO - Processing /home/airflow/.local/lib/python3.10/site-packages/airflow/example_dags/plugins/decreasing_priority_weight_strategy.py took 0.018 seconds
[2025-06-13T15:04:40.018+0000] {processor.py:161} INFO - Started process (PID=2463) to work on /home/airflow/.local/lib/python3.10/site-packages/airflow/example_dags/plugins/decreasing_priority_weight_strategy.py
[2025-06-13T15:04:40.019+0000] {processor.py:830} INFO - Processing file /home/airflow/.local/lib/python3.10/site-packages/airflow/example_dags/plugins/decreasing_priority_weight_strategy.py for tasks to queue
[2025-06-13T15:04:40.022+0000] {logging_mixin.py:188} INFO - [2025-06-13T15:04:40.022+0000] {dagbag.py:540} INFO - Filling up the DagBag from /home/airflow/.local/lib/python3.10/site-packages/airflow/example_dags/plugins/decreasing_priority_weight_strategy.py
[2025-06-13T15:04:40.024+0000] {processor.py:842} WARNING - No viable dags retrieved from /home/airflow/.local/lib/python3.10/site-packages/airflow/example_dags/plugins/decreasing_priority_weight_strategy.py
[2025-06-13T15:04:40.036+0000] {processor.py:183} INFO - Processing /home/airflow/.local/lib/python3.10/site-packages/airflow/example_dags/plugins/decreasing_priority_weight_strategy.py took 0.022 seconds
[2025-06-13T15:05:10.828+0000] {processor.py:161} INFO - Started process (PID=2523) to work on /home/airflow/.local/lib/python3.10/site-packages/airflow/example_dags/plugins/decreasing_priority_weight_strategy.py
[2025-06-13T15:05:10.829+0000] {processor.py:830} INFO - Processing file /home/airflow/.local/lib/python3.10/site-packages/airflow/example_dags/plugins/decreasing_priority_weight_strategy.py for tasks to queue
[2025-06-13T15:05:10.830+0000] {logging_mixin.py:188} INFO - [2025-06-13T15:05:10.830+0000] {dagbag.py:540} INFO - Filling up the DagBag from /home/airflow/.local/lib/python3.10/site-packages/airflow/example_dags/plugins/decreasing_priority_weight_strategy.py
[2025-06-13T15:05:10.831+0000] {processor.py:842} WARNING - No viable dags retrieved from /home/airflow/.local/lib/python3.10/site-packages/airflow/example_dags/plugins/decreasing_priority_weight_strategy.py
[2025-06-13T15:05:10.871+0000] {processor.py:183} INFO - Processing /home/airflow/.local/lib/python3.10/site-packages/airflow/example_dags/plugins/decreasing_priority_weight_strategy.py took 0.049 seconds
