[2025-06-13T14:38:22.996+0000] {processor.py:161} INFO - Started process (PID=621) to work on /opt/airflow/dags/etl_example.py
[2025-06-13T14:38:22.999+0000] {processor.py:830} INFO - Processing file /opt/airflow/dags/etl_example.py for tasks to queue
[2025-06-13T14:38:23.004+0000] {logging_mixin.py:188} INFO - [2025-06-13T14:38:23.003+0000] {dagbag.py:540} INFO - Filling up the DagBag from /opt/airflow/dags/etl_example.py
[2025-06-13T14:38:23.618+0000] {processor.py:840} INFO - DAG(s) 'etl_example' retrieved from /opt/airflow/dags/etl_example.py
[2025-06-13T14:38:23.703+0000] {logging_mixin.py:188} INFO - [2025-06-13T14:38:23.702+0000] {override.py:1829} INFO - Created Permission View: can edit on DAG:etl_example
[2025-06-13T14:38:23.711+0000] {logging_mixin.py:188} INFO - [2025-06-13T14:38:23.711+0000] {override.py:1829} INFO - Created Permission View: can read on DAG:etl_example
[2025-06-13T14:38:23.714+0000] {logging_mixin.py:188} INFO - [2025-06-13T14:38:23.713+0000] {override.py:1829} INFO - Created Permission View: can delete on DAG:etl_example
[2025-06-13T14:38:23.714+0000] {logging_mixin.py:188} INFO - [2025-06-13T14:38:23.714+0000] {dag.py:3096} INFO - Sync 1 DAGs
[2025-06-13T14:38:23.720+0000] {logging_mixin.py:188} INFO - [2025-06-13T14:38:23.719+0000] {dag.py:3118} INFO - Creating ORM DAG for etl_example
[2025-06-13T14:38:23.725+0000] {logging_mixin.py:188} INFO - [2025-06-13T14:38:23.725+0000] {dag.py:3954} INFO - Setting next_dagrun for etl_example to 2025-06-12 00:00:00+00:00, run_after=2025-06-13 00:00:00+00:00
[2025-06-13T14:38:23.738+0000] {processor.py:183} INFO - Processing /opt/airflow/dags/etl_example.py took 0.755 seconds
[2025-06-13T14:38:54.317+0000] {processor.py:161} INFO - Started process (PID=681) to work on /opt/airflow/dags/etl_example.py
[2025-06-13T14:38:54.320+0000] {processor.py:830} INFO - Processing file /opt/airflow/dags/etl_example.py for tasks to queue
[2025-06-13T14:38:54.326+0000] {logging_mixin.py:188} INFO - [2025-06-13T14:38:54.325+0000] {dagbag.py:540} INFO - Filling up the DagBag from /opt/airflow/dags/etl_example.py
[2025-06-13T14:38:54.727+0000] {processor.py:840} INFO - DAG(s) 'etl_example' retrieved from /opt/airflow/dags/etl_example.py
[2025-06-13T14:38:54.743+0000] {logging_mixin.py:188} INFO - [2025-06-13T14:38:54.743+0000] {dag.py:3096} INFO - Sync 1 DAGs
[2025-06-13T14:38:54.753+0000] {logging_mixin.py:188} INFO - [2025-06-13T14:38:54.753+0000] {dag.py:3954} INFO - Setting next_dagrun for etl_example to 2025-06-12 00:00:00+00:00, run_after=2025-06-13 00:00:00+00:00
[2025-06-13T14:38:54.761+0000] {processor.py:183} INFO - Processing /opt/airflow/dags/etl_example.py took 0.461 seconds
[2025-06-13T14:39:24.855+0000] {processor.py:161} INFO - Started process (PID=741) to work on /opt/airflow/dags/etl_example.py
[2025-06-13T14:39:24.857+0000] {processor.py:830} INFO - Processing file /opt/airflow/dags/etl_example.py for tasks to queue
[2025-06-13T14:39:24.861+0000] {logging_mixin.py:188} INFO - [2025-06-13T14:39:24.861+0000] {dagbag.py:540} INFO - Filling up the DagBag from /opt/airflow/dags/etl_example.py
[2025-06-13T14:39:25.224+0000] {processor.py:840} INFO - DAG(s) 'etl_example' retrieved from /opt/airflow/dags/etl_example.py
[2025-06-13T14:39:25.238+0000] {logging_mixin.py:188} INFO - [2025-06-13T14:39:25.237+0000] {dag.py:3096} INFO - Sync 1 DAGs
[2025-06-13T14:39:25.248+0000] {logging_mixin.py:188} INFO - [2025-06-13T14:39:25.248+0000] {dag.py:3954} INFO - Setting next_dagrun for etl_example to 2025-06-12 00:00:00+00:00, run_after=2025-06-13 00:00:00+00:00
[2025-06-13T14:39:25.255+0000] {processor.py:183} INFO - Processing /opt/airflow/dags/etl_example.py took 0.413 seconds
[2025-06-13T14:39:55.488+0000] {processor.py:161} INFO - Started process (PID=801) to work on /opt/airflow/dags/etl_example.py
[2025-06-13T14:39:55.494+0000] {processor.py:830} INFO - Processing file /opt/airflow/dags/etl_example.py for tasks to queue
[2025-06-13T14:39:55.503+0000] {logging_mixin.py:188} INFO - [2025-06-13T14:39:55.501+0000] {dagbag.py:540} INFO - Filling up the DagBag from /opt/airflow/dags/etl_example.py
[2025-06-13T14:39:55.985+0000] {processor.py:840} INFO - DAG(s) 'etl_example' retrieved from /opt/airflow/dags/etl_example.py
[2025-06-13T14:39:56.001+0000] {logging_mixin.py:188} INFO - [2025-06-13T14:39:56.001+0000] {dag.py:3096} INFO - Sync 1 DAGs
[2025-06-13T14:39:56.015+0000] {logging_mixin.py:188} INFO - [2025-06-13T14:39:56.015+0000] {dag.py:3954} INFO - Setting next_dagrun for etl_example to 2025-06-12 00:00:00+00:00, run_after=2025-06-13 00:00:00+00:00
[2025-06-13T14:39:56.023+0000] {processor.py:183} INFO - Processing /opt/airflow/dags/etl_example.py took 0.558 seconds
[2025-06-13T14:40:26.527+0000] {processor.py:161} INFO - Started process (PID=861) to work on /opt/airflow/dags/etl_example.py
[2025-06-13T14:40:26.530+0000] {processor.py:830} INFO - Processing file /opt/airflow/dags/etl_example.py for tasks to queue
[2025-06-13T14:40:26.535+0000] {logging_mixin.py:188} INFO - [2025-06-13T14:40:26.534+0000] {dagbag.py:540} INFO - Filling up the DagBag from /opt/airflow/dags/etl_example.py
[2025-06-13T14:40:27.045+0000] {processor.py:840} INFO - DAG(s) 'etl_example' retrieved from /opt/airflow/dags/etl_example.py
[2025-06-13T14:40:27.069+0000] {logging_mixin.py:188} INFO - [2025-06-13T14:40:27.068+0000] {dag.py:3096} INFO - Sync 1 DAGs
[2025-06-13T14:40:27.083+0000] {logging_mixin.py:188} INFO - [2025-06-13T14:40:27.083+0000] {dag.py:3954} INFO - Setting next_dagrun for etl_example to 2025-06-12 00:00:00+00:00, run_after=2025-06-13 00:00:00+00:00
[2025-06-13T14:40:27.091+0000] {processor.py:183} INFO - Processing /opt/airflow/dags/etl_example.py took 0.598 seconds
[2025-06-13T14:40:57.175+0000] {processor.py:161} INFO - Started process (PID=921) to work on /opt/airflow/dags/etl_example.py
[2025-06-13T14:40:57.178+0000] {processor.py:830} INFO - Processing file /opt/airflow/dags/etl_example.py for tasks to queue
[2025-06-13T14:40:57.182+0000] {logging_mixin.py:188} INFO - [2025-06-13T14:40:57.182+0000] {dagbag.py:540} INFO - Filling up the DagBag from /opt/airflow/dags/etl_example.py
[2025-06-13T14:40:57.693+0000] {processor.py:840} INFO - DAG(s) 'etl_example' retrieved from /opt/airflow/dags/etl_example.py
[2025-06-13T14:40:57.710+0000] {logging_mixin.py:188} INFO - [2025-06-13T14:40:57.709+0000] {dag.py:3096} INFO - Sync 1 DAGs
[2025-06-13T14:40:57.724+0000] {logging_mixin.py:188} INFO - [2025-06-13T14:40:57.724+0000] {dag.py:3954} INFO - Setting next_dagrun for etl_example to 2025-06-12 00:00:00+00:00, run_after=2025-06-13 00:00:00+00:00
[2025-06-13T14:40:57.736+0000] {processor.py:183} INFO - Processing /opt/airflow/dags/etl_example.py took 0.575 seconds
[2025-06-13T14:41:27.813+0000] {processor.py:161} INFO - Started process (PID=981) to work on /opt/airflow/dags/etl_example.py
[2025-06-13T14:41:27.816+0000] {processor.py:830} INFO - Processing file /opt/airflow/dags/etl_example.py for tasks to queue
[2025-06-13T14:41:27.821+0000] {logging_mixin.py:188} INFO - [2025-06-13T14:41:27.820+0000] {dagbag.py:540} INFO - Filling up the DagBag from /opt/airflow/dags/etl_example.py
[2025-06-13T14:41:28.265+0000] {processor.py:840} INFO - DAG(s) 'etl_example' retrieved from /opt/airflow/dags/etl_example.py
[2025-06-13T14:41:28.280+0000] {logging_mixin.py:188} INFO - [2025-06-13T14:41:28.279+0000] {dag.py:3096} INFO - Sync 1 DAGs
[2025-06-13T14:41:28.291+0000] {logging_mixin.py:188} INFO - [2025-06-13T14:41:28.291+0000] {dag.py:3954} INFO - Setting next_dagrun for etl_example to 2025-06-12 00:00:00+00:00, run_after=2025-06-13 00:00:00+00:00
[2025-06-13T14:41:28.300+0000] {processor.py:183} INFO - Processing /opt/airflow/dags/etl_example.py took 0.502 seconds
[2025-06-13T14:41:58.812+0000] {processor.py:161} INFO - Started process (PID=1041) to work on /opt/airflow/dags/etl_example.py
[2025-06-13T14:41:58.815+0000] {processor.py:830} INFO - Processing file /opt/airflow/dags/etl_example.py for tasks to queue
[2025-06-13T14:41:58.820+0000] {logging_mixin.py:188} INFO - [2025-06-13T14:41:58.819+0000] {dagbag.py:540} INFO - Filling up the DagBag from /opt/airflow/dags/etl_example.py
[2025-06-13T14:41:59.330+0000] {processor.py:840} INFO - DAG(s) 'etl_example' retrieved from /opt/airflow/dags/etl_example.py
[2025-06-13T14:41:59.345+0000] {logging_mixin.py:188} INFO - [2025-06-13T14:41:59.345+0000] {dag.py:3096} INFO - Sync 1 DAGs
[2025-06-13T14:41:59.356+0000] {logging_mixin.py:188} INFO - [2025-06-13T14:41:59.356+0000] {dag.py:3954} INFO - Setting next_dagrun for etl_example to 2025-06-12 00:00:00+00:00, run_after=2025-06-13 00:00:00+00:00
[2025-06-13T14:41:59.366+0000] {processor.py:183} INFO - Processing /opt/airflow/dags/etl_example.py took 0.565 seconds
[2025-06-13T14:42:29.722+0000] {processor.py:161} INFO - Started process (PID=1107) to work on /opt/airflow/dags/etl_example.py
[2025-06-13T14:42:29.723+0000] {processor.py:830} INFO - Processing file /opt/airflow/dags/etl_example.py for tasks to queue
[2025-06-13T14:42:29.727+0000] {logging_mixin.py:188} INFO - [2025-06-13T14:42:29.727+0000] {dagbag.py:540} INFO - Filling up the DagBag from /opt/airflow/dags/etl_example.py
[2025-06-13T14:42:30.140+0000] {processor.py:840} INFO - DAG(s) 'etl_example' retrieved from /opt/airflow/dags/etl_example.py
[2025-06-13T14:42:30.164+0000] {logging_mixin.py:188} INFO - [2025-06-13T14:42:30.164+0000] {dag.py:3096} INFO - Sync 1 DAGs
[2025-06-13T14:42:30.178+0000] {logging_mixin.py:188} INFO - [2025-06-13T14:42:30.178+0000] {dag.py:3954} INFO - Setting next_dagrun for etl_example to 2025-06-12 00:00:00+00:00, run_after=2025-06-13 00:00:00+00:00
[2025-06-13T14:42:30.187+0000] {processor.py:183} INFO - Processing /opt/airflow/dags/etl_example.py took 0.479 seconds
[2025-06-13T14:43:00.552+0000] {processor.py:161} INFO - Started process (PID=1167) to work on /opt/airflow/dags/etl_example.py
[2025-06-13T14:43:00.555+0000] {processor.py:830} INFO - Processing file /opt/airflow/dags/etl_example.py for tasks to queue
[2025-06-13T14:43:00.558+0000] {logging_mixin.py:188} INFO - [2025-06-13T14:43:00.557+0000] {dagbag.py:540} INFO - Filling up the DagBag from /opt/airflow/dags/etl_example.py
[2025-06-13T14:43:00.886+0000] {processor.py:840} INFO - DAG(s) 'etl_example' retrieved from /opt/airflow/dags/etl_example.py
[2025-06-13T14:43:00.899+0000] {logging_mixin.py:188} INFO - [2025-06-13T14:43:00.899+0000] {dag.py:3096} INFO - Sync 1 DAGs
[2025-06-13T14:43:00.911+0000] {logging_mixin.py:188} INFO - [2025-06-13T14:43:00.911+0000] {dag.py:3954} INFO - Setting next_dagrun for etl_example to 2025-06-12 00:00:00+00:00, run_after=2025-06-13 00:00:00+00:00
[2025-06-13T14:43:00.920+0000] {processor.py:183} INFO - Processing /opt/airflow/dags/etl_example.py took 0.381 seconds
[2025-06-13T14:44:22.692+0000] {processor.py:161} INFO - Started process (PID=69) to work on /opt/airflow/dags/etl_example.py
[2025-06-13T14:44:22.706+0000] {processor.py:830} INFO - Processing file /opt/airflow/dags/etl_example.py for tasks to queue
[2025-06-13T14:44:22.727+0000] {logging_mixin.py:188} INFO - [2025-06-13T14:44:22.726+0000] {dagbag.py:540} INFO - Filling up the DagBag from /opt/airflow/dags/etl_example.py
[2025-06-13T14:44:41.822+0000] {processor.py:161} INFO - Started process (PID=58) to work on /opt/airflow/dags/etl_example.py
[2025-06-13T14:44:41.824+0000] {processor.py:830} INFO - Processing file /opt/airflow/dags/etl_example.py for tasks to queue
[2025-06-13T14:44:41.826+0000] {logging_mixin.py:188} INFO - [2025-06-13T14:44:41.826+0000] {dagbag.py:540} INFO - Filling up the DagBag from /opt/airflow/dags/etl_example.py
[2025-06-13T14:44:42.297+0000] {processor.py:840} INFO - DAG(s) 'etl_example' retrieved from /opt/airflow/dags/etl_example.py
[2025-06-13T14:44:42.451+0000] {logging_mixin.py:188} INFO - [2025-06-13T14:44:42.451+0000] {dag.py:3096} INFO - Sync 1 DAGs
[2025-06-13T14:44:42.597+0000] {logging_mixin.py:188} INFO - [2025-06-13T14:44:42.597+0000] {dag.py:3954} INFO - Setting next_dagrun for etl_example to 2025-06-12 00:00:00+00:00, run_after=2025-06-13 00:00:00+00:00
[2025-06-13T14:44:42.611+0000] {processor.py:183} INFO - Processing /opt/airflow/dags/etl_example.py took 0.797 seconds
[2025-06-13T14:45:13.076+0000] {processor.py:161} INFO - Started process (PID=125) to work on /opt/airflow/dags/etl_example.py
[2025-06-13T14:45:13.076+0000] {processor.py:830} INFO - Processing file /opt/airflow/dags/etl_example.py for tasks to queue
[2025-06-13T14:45:13.077+0000] {logging_mixin.py:188} INFO - [2025-06-13T14:45:13.077+0000] {dagbag.py:540} INFO - Filling up the DagBag from /opt/airflow/dags/etl_example.py
[2025-06-13T14:45:13.641+0000] {processor.py:840} INFO - DAG(s) 'etl_example' retrieved from /opt/airflow/dags/etl_example.py
[2025-06-13T14:45:13.657+0000] {logging_mixin.py:188} INFO - [2025-06-13T14:45:13.656+0000] {dag.py:3096} INFO - Sync 1 DAGs
[2025-06-13T14:45:13.668+0000] {logging_mixin.py:188} INFO - [2025-06-13T14:45:13.668+0000] {dag.py:3954} INFO - Setting next_dagrun for etl_example to 2025-06-12 00:00:00+00:00, run_after=2025-06-13 00:00:00+00:00
[2025-06-13T14:45:13.689+0000] {processor.py:183} INFO - Processing /opt/airflow/dags/etl_example.py took 0.617 seconds
[2025-06-13T14:45:43.963+0000] {processor.py:161} INFO - Started process (PID=199) to work on /opt/airflow/dags/etl_example.py
[2025-06-13T14:45:43.966+0000] {processor.py:830} INFO - Processing file /opt/airflow/dags/etl_example.py for tasks to queue
[2025-06-13T14:45:43.974+0000] {logging_mixin.py:188} INFO - [2025-06-13T14:45:43.973+0000] {dagbag.py:540} INFO - Filling up the DagBag from /opt/airflow/dags/etl_example.py
[2025-06-13T14:45:44.244+0000] {processor.py:840} INFO - DAG(s) 'etl_example' retrieved from /opt/airflow/dags/etl_example.py
[2025-06-13T14:45:44.261+0000] {logging_mixin.py:188} INFO - [2025-06-13T14:45:44.260+0000] {dag.py:3096} INFO - Sync 1 DAGs
[2025-06-13T14:45:44.276+0000] {logging_mixin.py:188} INFO - [2025-06-13T14:45:44.275+0000] {dag.py:3954} INFO - Setting next_dagrun for etl_example to 2025-06-13 00:00:00+00:00, run_after=2025-06-14 00:00:00+00:00
[2025-06-13T14:45:44.285+0000] {processor.py:183} INFO - Processing /opt/airflow/dags/etl_example.py took 0.329 seconds
[2025-06-13T14:46:14.381+0000] {processor.py:161} INFO - Started process (PID=250) to work on /opt/airflow/dags/etl_example.py
[2025-06-13T14:46:14.384+0000] {processor.py:830} INFO - Processing file /opt/airflow/dags/etl_example.py for tasks to queue
[2025-06-13T14:46:14.392+0000] {logging_mixin.py:188} INFO - [2025-06-13T14:46:14.391+0000] {dagbag.py:540} INFO - Filling up the DagBag from /opt/airflow/dags/etl_example.py
[2025-06-13T14:46:14.773+0000] {processor.py:840} INFO - DAG(s) 'etl_example' retrieved from /opt/airflow/dags/etl_example.py
[2025-06-13T14:46:15.034+0000] {logging_mixin.py:188} INFO - [2025-06-13T14:46:15.034+0000] {dag.py:3096} INFO - Sync 1 DAGs
[2025-06-13T14:46:15.049+0000] {logging_mixin.py:188} INFO - [2025-06-13T14:46:15.049+0000] {dag.py:3954} INFO - Setting next_dagrun for etl_example to 2025-06-13 00:00:00+00:00, run_after=2025-06-14 00:00:00+00:00
[2025-06-13T14:46:15.063+0000] {processor.py:183} INFO - Processing /opt/airflow/dags/etl_example.py took 0.703 seconds
[2025-06-13T14:46:45.311+0000] {processor.py:161} INFO - Started process (PID=321) to work on /opt/airflow/dags/etl_example.py
[2025-06-13T14:46:45.312+0000] {processor.py:830} INFO - Processing file /opt/airflow/dags/etl_example.py for tasks to queue
[2025-06-13T14:46:45.313+0000] {logging_mixin.py:188} INFO - [2025-06-13T14:46:45.313+0000] {dagbag.py:540} INFO - Filling up the DagBag from /opt/airflow/dags/etl_example.py
[2025-06-13T14:46:45.676+0000] {processor.py:840} INFO - DAG(s) 'etl_example' retrieved from /opt/airflow/dags/etl_example.py
[2025-06-13T14:46:45.687+0000] {logging_mixin.py:188} INFO - [2025-06-13T14:46:45.687+0000] {dag.py:3096} INFO - Sync 1 DAGs
[2025-06-13T14:46:45.701+0000] {logging_mixin.py:188} INFO - [2025-06-13T14:46:45.701+0000] {dag.py:3954} INFO - Setting next_dagrun for etl_example to 2025-06-13 00:00:00+00:00, run_after=2025-06-14 00:00:00+00:00
[2025-06-13T14:46:45.711+0000] {processor.py:183} INFO - Processing /opt/airflow/dags/etl_example.py took 0.403 seconds
[2025-06-13T14:47:16.674+0000] {processor.py:161} INFO - Started process (PID=381) to work on /opt/airflow/dags/etl_example.py
[2025-06-13T14:47:16.678+0000] {processor.py:830} INFO - Processing file /opt/airflow/dags/etl_example.py for tasks to queue
[2025-06-13T14:47:16.683+0000] {logging_mixin.py:188} INFO - [2025-06-13T14:47:16.682+0000] {dagbag.py:540} INFO - Filling up the DagBag from /opt/airflow/dags/etl_example.py
[2025-06-13T14:47:17.356+0000] {processor.py:840} INFO - DAG(s) 'etl_example' retrieved from /opt/airflow/dags/etl_example.py
[2025-06-13T14:47:17.374+0000] {logging_mixin.py:188} INFO - [2025-06-13T14:47:17.373+0000] {dag.py:3096} INFO - Sync 1 DAGs
[2025-06-13T14:47:17.399+0000] {logging_mixin.py:188} INFO - [2025-06-13T14:47:17.399+0000] {dag.py:3954} INFO - Setting next_dagrun for etl_example to 2025-06-13 00:00:00+00:00, run_after=2025-06-14 00:00:00+00:00
[2025-06-13T14:47:17.410+0000] {processor.py:183} INFO - Processing /opt/airflow/dags/etl_example.py took 0.754 seconds
[2025-06-13T14:47:48.305+0000] {processor.py:161} INFO - Started process (PID=444) to work on /opt/airflow/dags/etl_example.py
[2025-06-13T14:47:48.307+0000] {processor.py:830} INFO - Processing file /opt/airflow/dags/etl_example.py for tasks to queue
[2025-06-13T14:47:48.312+0000] {logging_mixin.py:188} INFO - [2025-06-13T14:47:48.312+0000] {dagbag.py:540} INFO - Filling up the DagBag from /opt/airflow/dags/etl_example.py
[2025-06-13T14:47:48.782+0000] {processor.py:840} INFO - DAG(s) 'etl_example' retrieved from /opt/airflow/dags/etl_example.py
[2025-06-13T14:47:48.796+0000] {logging_mixin.py:188} INFO - [2025-06-13T14:47:48.796+0000] {dag.py:3096} INFO - Sync 1 DAGs
[2025-06-13T14:47:48.810+0000] {logging_mixin.py:188} INFO - [2025-06-13T14:47:48.810+0000] {dag.py:3954} INFO - Setting next_dagrun for etl_example to 2025-06-13 00:00:00+00:00, run_after=2025-06-14 00:00:00+00:00
[2025-06-13T14:47:48.823+0000] {processor.py:183} INFO - Processing /opt/airflow/dags/etl_example.py took 0.530 seconds
[2025-06-13T14:48:19.014+0000] {processor.py:161} INFO - Started process (PID=504) to work on /opt/airflow/dags/etl_example.py
[2025-06-13T14:48:19.015+0000] {processor.py:830} INFO - Processing file /opt/airflow/dags/etl_example.py for tasks to queue
[2025-06-13T14:48:19.016+0000] {logging_mixin.py:188} INFO - [2025-06-13T14:48:19.016+0000] {dagbag.py:540} INFO - Filling up the DagBag from /opt/airflow/dags/etl_example.py
[2025-06-13T14:48:19.501+0000] {processor.py:840} INFO - DAG(s) 'etl_example' retrieved from /opt/airflow/dags/etl_example.py
[2025-06-13T14:48:19.530+0000] {logging_mixin.py:188} INFO - [2025-06-13T14:48:19.530+0000] {dag.py:3096} INFO - Sync 1 DAGs
[2025-06-13T14:48:19.546+0000] {logging_mixin.py:188} INFO - [2025-06-13T14:48:19.546+0000] {dag.py:3954} INFO - Setting next_dagrun for etl_example to 2025-06-13 00:00:00+00:00, run_after=2025-06-14 00:00:00+00:00
[2025-06-13T14:48:19.560+0000] {processor.py:183} INFO - Processing /opt/airflow/dags/etl_example.py took 0.552 seconds
[2025-06-13T14:48:49.631+0000] {processor.py:161} INFO - Started process (PID=567) to work on /opt/airflow/dags/etl_example.py
[2025-06-13T14:48:49.632+0000] {processor.py:830} INFO - Processing file /opt/airflow/dags/etl_example.py for tasks to queue
[2025-06-13T14:48:49.635+0000] {logging_mixin.py:188} INFO - [2025-06-13T14:48:49.635+0000] {dagbag.py:540} INFO - Filling up the DagBag from /opt/airflow/dags/etl_example.py
[2025-06-13T14:48:50.131+0000] {processor.py:840} INFO - DAG(s) 'etl_example' retrieved from /opt/airflow/dags/etl_example.py
[2025-06-13T14:48:50.144+0000] {logging_mixin.py:188} INFO - [2025-06-13T14:48:50.143+0000] {dag.py:3096} INFO - Sync 1 DAGs
[2025-06-13T14:48:50.155+0000] {logging_mixin.py:188} INFO - [2025-06-13T14:48:50.155+0000] {dag.py:3954} INFO - Setting next_dagrun for etl_example to 2025-06-13 00:00:00+00:00, run_after=2025-06-14 00:00:00+00:00
[2025-06-13T14:48:50.169+0000] {processor.py:183} INFO - Processing /opt/airflow/dags/etl_example.py took 0.547 seconds
[2025-06-13T14:49:20.320+0000] {processor.py:161} INFO - Started process (PID=630) to work on /opt/airflow/dags/etl_example.py
[2025-06-13T14:49:20.322+0000] {processor.py:830} INFO - Processing file /opt/airflow/dags/etl_example.py for tasks to queue
[2025-06-13T14:49:20.332+0000] {logging_mixin.py:188} INFO - [2025-06-13T14:49:20.331+0000] {dagbag.py:540} INFO - Filling up the DagBag from /opt/airflow/dags/etl_example.py
[2025-06-13T14:49:20.794+0000] {processor.py:840} INFO - DAG(s) 'etl_example' retrieved from /opt/airflow/dags/etl_example.py
[2025-06-13T14:49:20.810+0000] {logging_mixin.py:188} INFO - [2025-06-13T14:49:20.810+0000] {dag.py:3096} INFO - Sync 1 DAGs
[2025-06-13T14:49:20.823+0000] {logging_mixin.py:188} INFO - [2025-06-13T14:49:20.823+0000] {dag.py:3954} INFO - Setting next_dagrun for etl_example to 2025-06-13 00:00:00+00:00, run_after=2025-06-14 00:00:00+00:00
[2025-06-13T14:49:20.834+0000] {processor.py:183} INFO - Processing /opt/airflow/dags/etl_example.py took 0.520 seconds
[2025-06-13T14:49:50.876+0000] {processor.py:161} INFO - Started process (PID=694) to work on /opt/airflow/dags/etl_example.py
[2025-06-13T14:49:50.877+0000] {processor.py:830} INFO - Processing file /opt/airflow/dags/etl_example.py for tasks to queue
[2025-06-13T14:49:50.879+0000] {logging_mixin.py:188} INFO - [2025-06-13T14:49:50.878+0000] {dagbag.py:540} INFO - Filling up the DagBag from /opt/airflow/dags/etl_example.py
[2025-06-13T14:49:51.298+0000] {processor.py:840} INFO - DAG(s) 'etl_example' retrieved from /opt/airflow/dags/etl_example.py
[2025-06-13T14:49:51.307+0000] {logging_mixin.py:188} INFO - [2025-06-13T14:49:51.307+0000] {dag.py:3096} INFO - Sync 1 DAGs
[2025-06-13T14:49:51.320+0000] {logging_mixin.py:188} INFO - [2025-06-13T14:49:51.320+0000] {dag.py:3954} INFO - Setting next_dagrun for etl_example to 2025-06-13 00:00:00+00:00, run_after=2025-06-14 00:00:00+00:00
[2025-06-13T14:49:51.334+0000] {processor.py:183} INFO - Processing /opt/airflow/dags/etl_example.py took 0.464 seconds
[2025-06-13T14:50:21.510+0000] {processor.py:161} INFO - Started process (PID=760) to work on /opt/airflow/dags/etl_example.py
[2025-06-13T14:50:21.512+0000] {processor.py:830} INFO - Processing file /opt/airflow/dags/etl_example.py for tasks to queue
[2025-06-13T14:50:21.513+0000] {logging_mixin.py:188} INFO - [2025-06-13T14:50:21.513+0000] {dagbag.py:540} INFO - Filling up the DagBag from /opt/airflow/dags/etl_example.py
[2025-06-13T14:50:21.892+0000] {processor.py:840} INFO - DAG(s) 'etl_example' retrieved from /opt/airflow/dags/etl_example.py
[2025-06-13T14:50:21.905+0000] {logging_mixin.py:188} INFO - [2025-06-13T14:50:21.905+0000] {dag.py:3096} INFO - Sync 1 DAGs
[2025-06-13T14:50:21.918+0000] {logging_mixin.py:188} INFO - [2025-06-13T14:50:21.918+0000] {dag.py:3954} INFO - Setting next_dagrun for etl_example to 2025-06-13 00:00:00+00:00, run_after=2025-06-14 00:00:00+00:00
[2025-06-13T14:50:21.929+0000] {processor.py:183} INFO - Processing /opt/airflow/dags/etl_example.py took 0.424 seconds
[2025-06-13T14:50:52.158+0000] {processor.py:161} INFO - Started process (PID=823) to work on /opt/airflow/dags/etl_example.py
[2025-06-13T14:50:52.159+0000] {processor.py:830} INFO - Processing file /opt/airflow/dags/etl_example.py for tasks to queue
[2025-06-13T14:50:52.160+0000] {logging_mixin.py:188} INFO - [2025-06-13T14:50:52.160+0000] {dagbag.py:540} INFO - Filling up the DagBag from /opt/airflow/dags/etl_example.py
[2025-06-13T14:50:52.524+0000] {processor.py:840} INFO - DAG(s) 'etl_example' retrieved from /opt/airflow/dags/etl_example.py
[2025-06-13T14:50:52.536+0000] {logging_mixin.py:188} INFO - [2025-06-13T14:50:52.536+0000] {dag.py:3096} INFO - Sync 1 DAGs
[2025-06-13T14:50:52.546+0000] {logging_mixin.py:188} INFO - [2025-06-13T14:50:52.546+0000] {dag.py:3954} INFO - Setting next_dagrun for etl_example to 2025-06-13 00:00:00+00:00, run_after=2025-06-14 00:00:00+00:00
[2025-06-13T14:50:52.554+0000] {processor.py:183} INFO - Processing /opt/airflow/dags/etl_example.py took 0.400 seconds
[2025-06-13T14:51:22.869+0000] {processor.py:161} INFO - Started process (PID=881) to work on /opt/airflow/dags/etl_example.py
[2025-06-13T14:51:22.871+0000] {processor.py:830} INFO - Processing file /opt/airflow/dags/etl_example.py for tasks to queue
[2025-06-13T14:51:22.873+0000] {logging_mixin.py:188} INFO - [2025-06-13T14:51:22.873+0000] {dagbag.py:540} INFO - Filling up the DagBag from /opt/airflow/dags/etl_example.py
[2025-06-13T14:51:23.317+0000] {processor.py:840} INFO - DAG(s) 'etl_example' retrieved from /opt/airflow/dags/etl_example.py
[2025-06-13T14:51:23.338+0000] {logging_mixin.py:188} INFO - [2025-06-13T14:51:23.337+0000] {dag.py:3096} INFO - Sync 1 DAGs
[2025-06-13T14:51:23.357+0000] {logging_mixin.py:188} INFO - [2025-06-13T14:51:23.357+0000] {dag.py:3954} INFO - Setting next_dagrun for etl_example to 2025-06-13 00:00:00+00:00, run_after=2025-06-14 00:00:00+00:00
[2025-06-13T14:51:23.368+0000] {processor.py:183} INFO - Processing /opt/airflow/dags/etl_example.py took 0.504 seconds
[2025-06-13T14:51:53.633+0000] {processor.py:161} INFO - Started process (PID=942) to work on /opt/airflow/dags/etl_example.py
[2025-06-13T14:51:53.637+0000] {processor.py:830} INFO - Processing file /opt/airflow/dags/etl_example.py for tasks to queue
[2025-06-13T14:51:53.638+0000] {logging_mixin.py:188} INFO - [2025-06-13T14:51:53.638+0000] {dagbag.py:540} INFO - Filling up the DagBag from /opt/airflow/dags/etl_example.py
[2025-06-13T14:51:53.987+0000] {processor.py:840} INFO - DAG(s) 'etl_example' retrieved from /opt/airflow/dags/etl_example.py
[2025-06-13T14:51:53.999+0000] {logging_mixin.py:188} INFO - [2025-06-13T14:51:53.999+0000] {dag.py:3096} INFO - Sync 1 DAGs
[2025-06-13T14:51:54.010+0000] {logging_mixin.py:188} INFO - [2025-06-13T14:51:54.010+0000] {dag.py:3954} INFO - Setting next_dagrun for etl_example to 2025-06-13 00:00:00+00:00, run_after=2025-06-14 00:00:00+00:00
[2025-06-13T14:51:54.018+0000] {processor.py:183} INFO - Processing /opt/airflow/dags/etl_example.py took 0.389 seconds
[2025-06-13T14:52:24.197+0000] {processor.py:161} INFO - Started process (PID=1005) to work on /opt/airflow/dags/etl_example.py
[2025-06-13T14:52:24.198+0000] {processor.py:830} INFO - Processing file /opt/airflow/dags/etl_example.py for tasks to queue
[2025-06-13T14:52:24.200+0000] {logging_mixin.py:188} INFO - [2025-06-13T14:52:24.200+0000] {dagbag.py:540} INFO - Filling up the DagBag from /opt/airflow/dags/etl_example.py
[2025-06-13T14:52:24.613+0000] {processor.py:840} INFO - DAG(s) 'etl_example' retrieved from /opt/airflow/dags/etl_example.py
[2025-06-13T14:52:24.633+0000] {logging_mixin.py:188} INFO - [2025-06-13T14:52:24.633+0000] {dag.py:3096} INFO - Sync 1 DAGs
[2025-06-13T14:52:24.659+0000] {logging_mixin.py:188} INFO - [2025-06-13T14:52:24.659+0000] {dag.py:3954} INFO - Setting next_dagrun for etl_example to 2025-06-13 00:00:00+00:00, run_after=2025-06-14 00:00:00+00:00
[2025-06-13T14:52:24.672+0000] {processor.py:183} INFO - Processing /opt/airflow/dags/etl_example.py took 0.479 seconds
[2025-06-13T14:52:55.580+0000] {processor.py:161} INFO - Started process (PID=1069) to work on /opt/airflow/dags/etl_example.py
[2025-06-13T14:52:55.581+0000] {processor.py:830} INFO - Processing file /opt/airflow/dags/etl_example.py for tasks to queue
[2025-06-13T14:52:55.583+0000] {logging_mixin.py:188} INFO - [2025-06-13T14:52:55.583+0000] {dagbag.py:540} INFO - Filling up the DagBag from /opt/airflow/dags/etl_example.py
[2025-06-13T14:52:56.032+0000] {processor.py:840} INFO - DAG(s) 'etl_example' retrieved from /opt/airflow/dags/etl_example.py
[2025-06-13T14:52:56.047+0000] {logging_mixin.py:188} INFO - [2025-06-13T14:52:56.047+0000] {dag.py:3096} INFO - Sync 1 DAGs
[2025-06-13T14:52:56.067+0000] {logging_mixin.py:188} INFO - [2025-06-13T14:52:56.067+0000] {dag.py:3954} INFO - Setting next_dagrun for etl_example to 2025-06-13 00:00:00+00:00, run_after=2025-06-14 00:00:00+00:00
[2025-06-13T14:52:56.086+0000] {processor.py:183} INFO - Processing /opt/airflow/dags/etl_example.py took 0.516 seconds
[2025-06-13T14:53:26.310+0000] {processor.py:161} INFO - Started process (PID=1135) to work on /opt/airflow/dags/etl_example.py
[2025-06-13T14:53:26.311+0000] {processor.py:830} INFO - Processing file /opt/airflow/dags/etl_example.py for tasks to queue
[2025-06-13T14:53:26.312+0000] {logging_mixin.py:188} INFO - [2025-06-13T14:53:26.312+0000] {dagbag.py:540} INFO - Filling up the DagBag from /opt/airflow/dags/etl_example.py
[2025-06-13T14:53:26.607+0000] {processor.py:840} INFO - DAG(s) 'etl_example' retrieved from /opt/airflow/dags/etl_example.py
[2025-06-13T14:53:26.616+0000] {logging_mixin.py:188} INFO - [2025-06-13T14:53:26.616+0000] {dag.py:3096} INFO - Sync 1 DAGs
[2025-06-13T14:53:26.626+0000] {logging_mixin.py:188} INFO - [2025-06-13T14:53:26.626+0000] {dag.py:3954} INFO - Setting next_dagrun for etl_example to 2025-06-13 00:00:00+00:00, run_after=2025-06-14 00:00:00+00:00
[2025-06-13T14:53:26.633+0000] {processor.py:183} INFO - Processing /opt/airflow/dags/etl_example.py took 0.326 seconds
[2025-06-13T14:53:57.073+0000] {processor.py:161} INFO - Started process (PID=1189) to work on /opt/airflow/dags/etl_example.py
[2025-06-13T14:53:57.075+0000] {processor.py:830} INFO - Processing file /opt/airflow/dags/etl_example.py for tasks to queue
[2025-06-13T14:53:57.077+0000] {logging_mixin.py:188} INFO - [2025-06-13T14:53:57.077+0000] {dagbag.py:540} INFO - Filling up the DagBag from /opt/airflow/dags/etl_example.py
[2025-06-13T14:53:57.535+0000] {processor.py:840} INFO - DAG(s) 'etl_example' retrieved from /opt/airflow/dags/etl_example.py
[2025-06-13T14:53:57.547+0000] {logging_mixin.py:188} INFO - [2025-06-13T14:53:57.547+0000] {dag.py:3096} INFO - Sync 1 DAGs
[2025-06-13T14:53:57.564+0000] {logging_mixin.py:188} INFO - [2025-06-13T14:53:57.563+0000] {dag.py:3954} INFO - Setting next_dagrun for etl_example to 2025-06-13 00:00:00+00:00, run_after=2025-06-14 00:00:00+00:00
[2025-06-13T14:53:57.575+0000] {processor.py:183} INFO - Processing /opt/airflow/dags/etl_example.py took 0.509 seconds
[2025-06-13T14:54:27.623+0000] {processor.py:161} INFO - Started process (PID=1254) to work on /opt/airflow/dags/etl_example.py
[2025-06-13T14:54:27.624+0000] {processor.py:830} INFO - Processing file /opt/airflow/dags/etl_example.py for tasks to queue
[2025-06-13T14:54:27.625+0000] {logging_mixin.py:188} INFO - [2025-06-13T14:54:27.625+0000] {dagbag.py:540} INFO - Filling up the DagBag from /opt/airflow/dags/etl_example.py
[2025-06-13T14:54:28.036+0000] {processor.py:840} INFO - DAG(s) 'etl_example' retrieved from /opt/airflow/dags/etl_example.py
[2025-06-13T14:54:28.056+0000] {logging_mixin.py:188} INFO - [2025-06-13T14:54:28.056+0000] {dag.py:3096} INFO - Sync 1 DAGs
[2025-06-13T14:54:28.072+0000] {logging_mixin.py:188} INFO - [2025-06-13T14:54:28.071+0000] {dag.py:3954} INFO - Setting next_dagrun for etl_example to 2025-06-13 00:00:00+00:00, run_after=2025-06-14 00:00:00+00:00
[2025-06-13T14:54:28.091+0000] {processor.py:183} INFO - Processing /opt/airflow/dags/etl_example.py took 0.483 seconds
[2025-06-13T14:54:58.645+0000] {processor.py:161} INFO - Started process (PID=1313) to work on /opt/airflow/dags/etl_example.py
[2025-06-13T14:54:58.649+0000] {processor.py:830} INFO - Processing file /opt/airflow/dags/etl_example.py for tasks to queue
[2025-06-13T14:54:58.653+0000] {logging_mixin.py:188} INFO - [2025-06-13T14:54:58.652+0000] {dagbag.py:540} INFO - Filling up the DagBag from /opt/airflow/dags/etl_example.py
[2025-06-13T14:54:59.043+0000] {processor.py:840} INFO - DAG(s) 'etl_example' retrieved from /opt/airflow/dags/etl_example.py
[2025-06-13T14:54:59.055+0000] {logging_mixin.py:188} INFO - [2025-06-13T14:54:59.055+0000] {dag.py:3096} INFO - Sync 1 DAGs
[2025-06-13T14:54:59.066+0000] {logging_mixin.py:188} INFO - [2025-06-13T14:54:59.066+0000] {dag.py:3954} INFO - Setting next_dagrun for etl_example to 2025-06-13 00:00:00+00:00, run_after=2025-06-14 00:00:00+00:00
[2025-06-13T14:54:59.079+0000] {processor.py:183} INFO - Processing /opt/airflow/dags/etl_example.py took 0.448 seconds
[2025-06-13T14:55:29.417+0000] {processor.py:161} INFO - Started process (PID=1373) to work on /opt/airflow/dags/etl_example.py
[2025-06-13T14:55:29.419+0000] {processor.py:830} INFO - Processing file /opt/airflow/dags/etl_example.py for tasks to queue
[2025-06-13T14:55:29.421+0000] {logging_mixin.py:188} INFO - [2025-06-13T14:55:29.420+0000] {dagbag.py:540} INFO - Filling up the DagBag from /opt/airflow/dags/etl_example.py
[2025-06-13T14:55:29.872+0000] {processor.py:840} INFO - DAG(s) 'etl_example' retrieved from /opt/airflow/dags/etl_example.py
[2025-06-13T14:55:29.886+0000] {logging_mixin.py:188} INFO - [2025-06-13T14:55:29.886+0000] {dag.py:3096} INFO - Sync 1 DAGs
[2025-06-13T14:55:29.897+0000] {logging_mixin.py:188} INFO - [2025-06-13T14:55:29.897+0000] {dag.py:3954} INFO - Setting next_dagrun for etl_example to 2025-06-13 00:00:00+00:00, run_after=2025-06-14 00:00:00+00:00
[2025-06-13T14:55:29.906+0000] {processor.py:183} INFO - Processing /opt/airflow/dags/etl_example.py took 0.497 seconds
[2025-06-13T14:55:59.934+0000] {processor.py:161} INFO - Started process (PID=1438) to work on /opt/airflow/dags/etl_example.py
[2025-06-13T14:55:59.935+0000] {processor.py:830} INFO - Processing file /opt/airflow/dags/etl_example.py for tasks to queue
[2025-06-13T14:55:59.936+0000] {logging_mixin.py:188} INFO - [2025-06-13T14:55:59.936+0000] {dagbag.py:540} INFO - Filling up the DagBag from /opt/airflow/dags/etl_example.py
[2025-06-13T14:56:00.398+0000] {processor.py:840} INFO - DAG(s) 'etl_example' retrieved from /opt/airflow/dags/etl_example.py
[2025-06-13T14:56:00.410+0000] {logging_mixin.py:188} INFO - [2025-06-13T14:56:00.410+0000] {dag.py:3096} INFO - Sync 1 DAGs
[2025-06-13T14:56:00.419+0000] {logging_mixin.py:188} INFO - [2025-06-13T14:56:00.419+0000] {dag.py:3954} INFO - Setting next_dagrun for etl_example to 2025-06-13 00:00:00+00:00, run_after=2025-06-14 00:00:00+00:00
[2025-06-13T14:56:00.426+0000] {processor.py:183} INFO - Processing /opt/airflow/dags/etl_example.py took 0.498 seconds
[2025-06-13T14:56:30.557+0000] {processor.py:161} INFO - Started process (PID=1506) to work on /opt/airflow/dags/etl_example.py
[2025-06-13T14:56:30.558+0000] {processor.py:830} INFO - Processing file /opt/airflow/dags/etl_example.py for tasks to queue
[2025-06-13T14:56:30.560+0000] {logging_mixin.py:188} INFO - [2025-06-13T14:56:30.560+0000] {dagbag.py:540} INFO - Filling up the DagBag from /opt/airflow/dags/etl_example.py
[2025-06-13T14:56:30.892+0000] {processor.py:840} INFO - DAG(s) 'etl_example' retrieved from /opt/airflow/dags/etl_example.py
[2025-06-13T14:56:30.903+0000] {logging_mixin.py:188} INFO - [2025-06-13T14:56:30.903+0000] {dag.py:3096} INFO - Sync 1 DAGs
[2025-06-13T14:56:30.912+0000] {logging_mixin.py:188} INFO - [2025-06-13T14:56:30.912+0000] {dag.py:3954} INFO - Setting next_dagrun for etl_example to 2025-06-13 00:00:00+00:00, run_after=2025-06-14 00:00:00+00:00
[2025-06-13T14:56:30.921+0000] {processor.py:183} INFO - Processing /opt/airflow/dags/etl_example.py took 0.370 seconds
[2025-06-13T14:57:01.004+0000] {processor.py:161} INFO - Started process (PID=1566) to work on /opt/airflow/dags/etl_example.py
[2025-06-13T14:57:01.005+0000] {processor.py:830} INFO - Processing file /opt/airflow/dags/etl_example.py for tasks to queue
[2025-06-13T14:57:01.006+0000] {logging_mixin.py:188} INFO - [2025-06-13T14:57:01.006+0000] {dagbag.py:540} INFO - Filling up the DagBag from /opt/airflow/dags/etl_example.py
[2025-06-13T14:57:01.553+0000] {processor.py:840} INFO - DAG(s) 'etl_example' retrieved from /opt/airflow/dags/etl_example.py
[2025-06-13T14:57:01.599+0000] {logging_mixin.py:188} INFO - [2025-06-13T14:57:01.599+0000] {dag.py:3096} INFO - Sync 1 DAGs
[2025-06-13T14:57:01.615+0000] {logging_mixin.py:188} INFO - [2025-06-13T14:57:01.615+0000] {dag.py:3954} INFO - Setting next_dagrun for etl_example to 2025-06-13 00:00:00+00:00, run_after=2025-06-14 00:00:00+00:00
[2025-06-13T14:57:01.625+0000] {processor.py:183} INFO - Processing /opt/airflow/dags/etl_example.py took 0.626 seconds
[2025-06-13T14:57:31.765+0000] {processor.py:161} INFO - Started process (PID=1626) to work on /opt/airflow/dags/etl_example.py
[2025-06-13T14:57:31.765+0000] {processor.py:830} INFO - Processing file /opt/airflow/dags/etl_example.py for tasks to queue
[2025-06-13T14:57:31.767+0000] {logging_mixin.py:188} INFO - [2025-06-13T14:57:31.766+0000] {dagbag.py:540} INFO - Filling up the DagBag from /opt/airflow/dags/etl_example.py
[2025-06-13T14:57:32.162+0000] {processor.py:840} INFO - DAG(s) 'etl_example' retrieved from /opt/airflow/dags/etl_example.py
[2025-06-13T14:57:32.175+0000] {logging_mixin.py:188} INFO - [2025-06-13T14:57:32.175+0000] {dag.py:3096} INFO - Sync 1 DAGs
[2025-06-13T14:57:32.201+0000] {logging_mixin.py:188} INFO - [2025-06-13T14:57:32.200+0000] {dag.py:3954} INFO - Setting next_dagrun for etl_example to 2025-06-13 00:00:00+00:00, run_after=2025-06-14 00:00:00+00:00
[2025-06-13T14:57:32.216+0000] {processor.py:183} INFO - Processing /opt/airflow/dags/etl_example.py took 0.458 seconds
[2025-06-13T14:58:02.656+0000] {processor.py:161} INFO - Started process (PID=1686) to work on /opt/airflow/dags/etl_example.py
[2025-06-13T14:58:02.657+0000] {processor.py:830} INFO - Processing file /opt/airflow/dags/etl_example.py for tasks to queue
[2025-06-13T14:58:02.658+0000] {logging_mixin.py:188} INFO - [2025-06-13T14:58:02.658+0000] {dagbag.py:540} INFO - Filling up the DagBag from /opt/airflow/dags/etl_example.py
[2025-06-13T14:58:03.169+0000] {processor.py:840} INFO - DAG(s) 'etl_example' retrieved from /opt/airflow/dags/etl_example.py
[2025-06-13T14:58:03.187+0000] {logging_mixin.py:188} INFO - [2025-06-13T14:58:03.187+0000] {dag.py:3096} INFO - Sync 1 DAGs
[2025-06-13T14:58:03.199+0000] {logging_mixin.py:188} INFO - [2025-06-13T14:58:03.199+0000] {dag.py:3954} INFO - Setting next_dagrun for etl_example to 2025-06-13 00:00:00+00:00, run_after=2025-06-14 00:00:00+00:00
[2025-06-13T14:58:03.209+0000] {processor.py:183} INFO - Processing /opt/airflow/dags/etl_example.py took 0.559 seconds
[2025-06-13T14:58:33.885+0000] {processor.py:161} INFO - Started process (PID=1746) to work on /opt/airflow/dags/etl_example.py
[2025-06-13T14:58:33.889+0000] {processor.py:830} INFO - Processing file /opt/airflow/dags/etl_example.py for tasks to queue
[2025-06-13T14:58:33.898+0000] {logging_mixin.py:188} INFO - [2025-06-13T14:58:33.897+0000] {dagbag.py:540} INFO - Filling up the DagBag from /opt/airflow/dags/etl_example.py
[2025-06-13T14:58:34.251+0000] {processor.py:840} INFO - DAG(s) 'etl_example' retrieved from /opt/airflow/dags/etl_example.py
[2025-06-13T14:58:34.276+0000] {logging_mixin.py:188} INFO - [2025-06-13T14:58:34.275+0000] {dag.py:3096} INFO - Sync 1 DAGs
[2025-06-13T14:58:34.291+0000] {logging_mixin.py:188} INFO - [2025-06-13T14:58:34.291+0000] {dag.py:3954} INFO - Setting next_dagrun for etl_example to 2025-06-13 00:00:00+00:00, run_after=2025-06-14 00:00:00+00:00
[2025-06-13T14:58:34.300+0000] {processor.py:183} INFO - Processing /opt/airflow/dags/etl_example.py took 0.428 seconds
[2025-06-13T14:59:04.586+0000] {processor.py:161} INFO - Started process (PID=1806) to work on /opt/airflow/dags/etl_example.py
[2025-06-13T14:59:04.588+0000] {processor.py:830} INFO - Processing file /opt/airflow/dags/etl_example.py for tasks to queue
[2025-06-13T14:59:04.590+0000] {logging_mixin.py:188} INFO - [2025-06-13T14:59:04.590+0000] {dagbag.py:540} INFO - Filling up the DagBag from /opt/airflow/dags/etl_example.py
[2025-06-13T14:59:04.954+0000] {processor.py:840} INFO - DAG(s) 'etl_example' retrieved from /opt/airflow/dags/etl_example.py
[2025-06-13T14:59:04.970+0000] {logging_mixin.py:188} INFO - [2025-06-13T14:59:04.970+0000] {dag.py:3096} INFO - Sync 1 DAGs
[2025-06-13T14:59:04.980+0000] {logging_mixin.py:188} INFO - [2025-06-13T14:59:04.980+0000] {dag.py:3954} INFO - Setting next_dagrun for etl_example to 2025-06-13 00:00:00+00:00, run_after=2025-06-14 00:00:00+00:00
[2025-06-13T14:59:04.988+0000] {processor.py:183} INFO - Processing /opt/airflow/dags/etl_example.py took 0.410 seconds
[2025-06-13T14:59:35.022+0000] {processor.py:161} INFO - Started process (PID=1866) to work on /opt/airflow/dags/etl_example.py
[2025-06-13T14:59:35.024+0000] {processor.py:830} INFO - Processing file /opt/airflow/dags/etl_example.py for tasks to queue
[2025-06-13T14:59:35.026+0000] {logging_mixin.py:188} INFO - [2025-06-13T14:59:35.025+0000] {dagbag.py:540} INFO - Filling up the DagBag from /opt/airflow/dags/etl_example.py
[2025-06-13T14:59:35.403+0000] {processor.py:840} INFO - DAG(s) 'etl_example' retrieved from /opt/airflow/dags/etl_example.py
[2025-06-13T14:59:35.418+0000] {logging_mixin.py:188} INFO - [2025-06-13T14:59:35.417+0000] {dag.py:3096} INFO - Sync 1 DAGs
[2025-06-13T14:59:35.429+0000] {logging_mixin.py:188} INFO - [2025-06-13T14:59:35.429+0000] {dag.py:3954} INFO - Setting next_dagrun for etl_example to 2025-06-13 00:00:00+00:00, run_after=2025-06-14 00:00:00+00:00
[2025-06-13T14:59:35.438+0000] {processor.py:183} INFO - Processing /opt/airflow/dags/etl_example.py took 0.424 seconds
[2025-06-13T15:00:06.357+0000] {processor.py:161} INFO - Started process (PID=1926) to work on /opt/airflow/dags/etl_example.py
[2025-06-13T15:00:06.359+0000] {processor.py:830} INFO - Processing file /opt/airflow/dags/etl_example.py for tasks to queue
[2025-06-13T15:00:06.361+0000] {logging_mixin.py:188} INFO - [2025-06-13T15:00:06.361+0000] {dagbag.py:540} INFO - Filling up the DagBag from /opt/airflow/dags/etl_example.py
[2025-06-13T15:00:06.780+0000] {processor.py:840} INFO - DAG(s) 'etl_example' retrieved from /opt/airflow/dags/etl_example.py
[2025-06-13T15:00:06.794+0000] {logging_mixin.py:188} INFO - [2025-06-13T15:00:06.794+0000] {dag.py:3096} INFO - Sync 1 DAGs
[2025-06-13T15:00:06.805+0000] {logging_mixin.py:188} INFO - [2025-06-13T15:00:06.804+0000] {dag.py:3954} INFO - Setting next_dagrun for etl_example to 2025-06-13 00:00:00+00:00, run_after=2025-06-14 00:00:00+00:00
[2025-06-13T15:00:06.812+0000] {processor.py:183} INFO - Processing /opt/airflow/dags/etl_example.py took 0.464 seconds
[2025-06-13T15:00:37.605+0000] {processor.py:161} INFO - Started process (PID=1986) to work on /opt/airflow/dags/etl_example.py
[2025-06-13T15:00:37.606+0000] {processor.py:830} INFO - Processing file /opt/airflow/dags/etl_example.py for tasks to queue
[2025-06-13T15:00:37.608+0000] {logging_mixin.py:188} INFO - [2025-06-13T15:00:37.608+0000] {dagbag.py:540} INFO - Filling up the DagBag from /opt/airflow/dags/etl_example.py
[2025-06-13T15:00:38.043+0000] {processor.py:840} INFO - DAG(s) 'etl_example' retrieved from /opt/airflow/dags/etl_example.py
[2025-06-13T15:00:38.065+0000] {logging_mixin.py:188} INFO - [2025-06-13T15:00:38.065+0000] {dag.py:3096} INFO - Sync 1 DAGs
[2025-06-13T15:00:38.084+0000] {logging_mixin.py:188} INFO - [2025-06-13T15:00:38.084+0000] {dag.py:3954} INFO - Setting next_dagrun for etl_example to 2025-06-13 00:00:00+00:00, run_after=2025-06-14 00:00:00+00:00
[2025-06-13T15:00:38.093+0000] {processor.py:183} INFO - Processing /opt/airflow/dags/etl_example.py took 0.497 seconds
[2025-06-13T15:01:08.903+0000] {processor.py:161} INFO - Started process (PID=2046) to work on /opt/airflow/dags/etl_example.py
[2025-06-13T15:01:08.906+0000] {processor.py:830} INFO - Processing file /opt/airflow/dags/etl_example.py for tasks to queue
[2025-06-13T15:01:08.908+0000] {logging_mixin.py:188} INFO - [2025-06-13T15:01:08.907+0000] {dagbag.py:540} INFO - Filling up the DagBag from /opt/airflow/dags/etl_example.py
[2025-06-13T15:01:09.196+0000] {processor.py:840} INFO - DAG(s) 'etl_example' retrieved from /opt/airflow/dags/etl_example.py
[2025-06-13T15:01:09.206+0000] {logging_mixin.py:188} INFO - [2025-06-13T15:01:09.205+0000] {dag.py:3096} INFO - Sync 1 DAGs
[2025-06-13T15:01:09.215+0000] {logging_mixin.py:188} INFO - [2025-06-13T15:01:09.215+0000] {dag.py:3954} INFO - Setting next_dagrun for etl_example to 2025-06-13 00:00:00+00:00, run_after=2025-06-14 00:00:00+00:00
[2025-06-13T15:01:09.224+0000] {processor.py:183} INFO - Processing /opt/airflow/dags/etl_example.py took 0.328 seconds
[2025-06-13T15:01:39.293+0000] {processor.py:161} INFO - Started process (PID=2106) to work on /opt/airflow/dags/etl_example.py
[2025-06-13T15:01:39.294+0000] {processor.py:830} INFO - Processing file /opt/airflow/dags/etl_example.py for tasks to queue
[2025-06-13T15:01:39.296+0000] {logging_mixin.py:188} INFO - [2025-06-13T15:01:39.296+0000] {dagbag.py:540} INFO - Filling up the DagBag from /opt/airflow/dags/etl_example.py
[2025-06-13T15:01:39.641+0000] {processor.py:840} INFO - DAG(s) 'etl_example' retrieved from /opt/airflow/dags/etl_example.py
[2025-06-13T15:01:39.655+0000] {logging_mixin.py:188} INFO - [2025-06-13T15:01:39.654+0000] {dag.py:3096} INFO - Sync 1 DAGs
[2025-06-13T15:01:39.664+0000] {logging_mixin.py:188} INFO - [2025-06-13T15:01:39.664+0000] {dag.py:3954} INFO - Setting next_dagrun for etl_example to 2025-06-13 00:00:00+00:00, run_after=2025-06-14 00:00:00+00:00
[2025-06-13T15:01:39.672+0000] {processor.py:183} INFO - Processing /opt/airflow/dags/etl_example.py took 0.387 seconds
[2025-06-13T15:02:10.670+0000] {processor.py:161} INFO - Started process (PID=2166) to work on /opt/airflow/dags/etl_example.py
[2025-06-13T15:02:10.675+0000] {processor.py:830} INFO - Processing file /opt/airflow/dags/etl_example.py for tasks to queue
[2025-06-13T15:02:10.679+0000] {logging_mixin.py:188} INFO - [2025-06-13T15:02:10.678+0000] {dagbag.py:540} INFO - Filling up the DagBag from /opt/airflow/dags/etl_example.py
[2025-06-13T15:02:11.103+0000] {processor.py:840} INFO - DAG(s) 'etl_example' retrieved from /opt/airflow/dags/etl_example.py
[2025-06-13T15:02:11.119+0000] {logging_mixin.py:188} INFO - [2025-06-13T15:02:11.119+0000] {dag.py:3096} INFO - Sync 1 DAGs
[2025-06-13T15:02:11.130+0000] {logging_mixin.py:188} INFO - [2025-06-13T15:02:11.130+0000] {dag.py:3954} INFO - Setting next_dagrun for etl_example to 2025-06-13 00:00:00+00:00, run_after=2025-06-14 00:00:00+00:00
[2025-06-13T15:02:11.139+0000] {processor.py:183} INFO - Processing /opt/airflow/dags/etl_example.py took 0.479 seconds
[2025-06-13T15:02:41.361+0000] {processor.py:161} INFO - Started process (PID=2226) to work on /opt/airflow/dags/etl_example.py
[2025-06-13T15:02:41.363+0000] {processor.py:830} INFO - Processing file /opt/airflow/dags/etl_example.py for tasks to queue
[2025-06-13T15:02:41.367+0000] {logging_mixin.py:188} INFO - [2025-06-13T15:02:41.367+0000] {dagbag.py:540} INFO - Filling up the DagBag from /opt/airflow/dags/etl_example.py
[2025-06-13T15:02:41.824+0000] {processor.py:840} INFO - DAG(s) 'etl_example' retrieved from /opt/airflow/dags/etl_example.py
[2025-06-13T15:02:41.852+0000] {logging_mixin.py:188} INFO - [2025-06-13T15:02:41.851+0000] {dag.py:3096} INFO - Sync 1 DAGs
[2025-06-13T15:02:41.864+0000] {logging_mixin.py:188} INFO - [2025-06-13T15:02:41.863+0000] {dag.py:3954} INFO - Setting next_dagrun for etl_example to 2025-06-13 00:00:00+00:00, run_after=2025-06-14 00:00:00+00:00
[2025-06-13T15:02:41.872+0000] {processor.py:183} INFO - Processing /opt/airflow/dags/etl_example.py took 0.531 seconds
[2025-06-13T15:03:12.301+0000] {processor.py:161} INFO - Started process (PID=2286) to work on /opt/airflow/dags/etl_example.py
[2025-06-13T15:03:12.303+0000] {processor.py:830} INFO - Processing file /opt/airflow/dags/etl_example.py for tasks to queue
[2025-06-13T15:03:12.306+0000] {logging_mixin.py:188} INFO - [2025-06-13T15:03:12.305+0000] {dagbag.py:540} INFO - Filling up the DagBag from /opt/airflow/dags/etl_example.py
[2025-06-13T15:03:12.701+0000] {processor.py:840} INFO - DAG(s) 'etl_example' retrieved from /opt/airflow/dags/etl_example.py
[2025-06-13T15:03:12.713+0000] {logging_mixin.py:188} INFO - [2025-06-13T15:03:12.713+0000] {dag.py:3096} INFO - Sync 1 DAGs
[2025-06-13T15:03:12.723+0000] {logging_mixin.py:188} INFO - [2025-06-13T15:03:12.723+0000] {dag.py:3954} INFO - Setting next_dagrun for etl_example to 2025-06-13 00:00:00+00:00, run_after=2025-06-14 00:00:00+00:00
[2025-06-13T15:03:12.731+0000] {processor.py:183} INFO - Processing /opt/airflow/dags/etl_example.py took 0.440 seconds
[2025-06-13T15:03:43.231+0000] {processor.py:161} INFO - Started process (PID=2346) to work on /opt/airflow/dags/etl_example.py
[2025-06-13T15:03:43.233+0000] {processor.py:830} INFO - Processing file /opt/airflow/dags/etl_example.py for tasks to queue
[2025-06-13T15:03:43.246+0000] {logging_mixin.py:188} INFO - [2025-06-13T15:03:43.245+0000] {dagbag.py:540} INFO - Filling up the DagBag from /opt/airflow/dags/etl_example.py
[2025-06-13T15:03:43.641+0000] {processor.py:840} INFO - DAG(s) 'etl_example' retrieved from /opt/airflow/dags/etl_example.py
[2025-06-13T15:03:43.658+0000] {logging_mixin.py:188} INFO - [2025-06-13T15:03:43.658+0000] {dag.py:3096} INFO - Sync 1 DAGs
[2025-06-13T15:03:43.670+0000] {logging_mixin.py:188} INFO - [2025-06-13T15:03:43.670+0000] {dag.py:3954} INFO - Setting next_dagrun for etl_example to 2025-06-13 00:00:00+00:00, run_after=2025-06-14 00:00:00+00:00
[2025-06-13T15:03:43.682+0000] {processor.py:183} INFO - Processing /opt/airflow/dags/etl_example.py took 0.465 seconds
[2025-06-13T15:04:14.103+0000] {processor.py:161} INFO - Started process (PID=2406) to work on /opt/airflow/dags/etl_example.py
[2025-06-13T15:04:14.105+0000] {processor.py:830} INFO - Processing file /opt/airflow/dags/etl_example.py for tasks to queue
[2025-06-13T15:04:14.108+0000] {logging_mixin.py:188} INFO - [2025-06-13T15:04:14.108+0000] {dagbag.py:540} INFO - Filling up the DagBag from /opt/airflow/dags/etl_example.py
[2025-06-13T15:04:14.745+0000] {processor.py:840} INFO - DAG(s) 'etl_example' retrieved from /opt/airflow/dags/etl_example.py
[2025-06-13T15:04:14.770+0000] {logging_mixin.py:188} INFO - [2025-06-13T15:04:14.770+0000] {dag.py:3096} INFO - Sync 1 DAGs
[2025-06-13T15:04:14.781+0000] {logging_mixin.py:188} INFO - [2025-06-13T15:04:14.781+0000] {dag.py:3954} INFO - Setting next_dagrun for etl_example to 2025-06-13 00:00:00+00:00, run_after=2025-06-14 00:00:00+00:00
[2025-06-13T15:04:14.789+0000] {processor.py:183} INFO - Processing /opt/airflow/dags/etl_example.py took 0.706 seconds
[2025-06-13T15:04:45.167+0000] {processor.py:161} INFO - Started process (PID=2466) to work on /opt/airflow/dags/etl_example.py
[2025-06-13T15:04:45.169+0000] {processor.py:830} INFO - Processing file /opt/airflow/dags/etl_example.py for tasks to queue
[2025-06-13T15:04:45.171+0000] {logging_mixin.py:188} INFO - [2025-06-13T15:04:45.170+0000] {dagbag.py:540} INFO - Filling up the DagBag from /opt/airflow/dags/etl_example.py
[2025-06-13T15:04:45.532+0000] {processor.py:840} INFO - DAG(s) 'etl_example' retrieved from /opt/airflow/dags/etl_example.py
[2025-06-13T15:04:45.545+0000] {logging_mixin.py:188} INFO - [2025-06-13T15:04:45.545+0000] {dag.py:3096} INFO - Sync 1 DAGs
[2025-06-13T15:04:45.555+0000] {logging_mixin.py:188} INFO - [2025-06-13T15:04:45.554+0000] {dag.py:3954} INFO - Setting next_dagrun for etl_example to 2025-06-13 00:00:00+00:00, run_after=2025-06-14 00:00:00+00:00
[2025-06-13T15:04:45.563+0000] {processor.py:183} INFO - Processing /opt/airflow/dags/etl_example.py took 0.403 seconds
