[2025-06-13T14:45:18.584+0000] {local_task_job_runner.py:120} INFO - ::group::Pre task execution logs
[2025-06-13T14:45:18.597+0000] {taskinstance.py:2073} INFO - Dependencies all met for dep_context=non-requeueable deps ti=<TaskInstance: etl_example.extract manual__2025-06-13T14:45:14.620624+00:00 [queued]>
[2025-06-13T14:45:18.601+0000] {taskinstance.py:2073} INFO - Dependencies all met for dep_context=requeueable deps ti=<TaskInstance: etl_example.extract manual__2025-06-13T14:45:14.620624+00:00 [queued]>
[2025-06-13T14:45:18.602+0000] {taskinstance.py:2303} INFO - Starting attempt 1 of 1
[2025-06-13T14:45:18.609+0000] {taskinstance.py:2327} INFO - Executing <Task(PythonOperator): extract> on 2025-06-13 14:45:14.620624+00:00
[2025-06-13T14:45:18.621+0000] {standard_task_runner.py:63} INFO - Started process 92 to run task
[2025-06-13T14:45:18.625+0000] {standard_task_runner.py:90} INFO - Running: ['***', 'tasks', 'run', 'etl_example', 'extract', 'manual__2025-06-13T14:45:14.620624+00:00', '--job-id', '6', '--raw', '--subdir', 'DAGS_FOLDER/etl_example.py', '--cfg-path', '/tmp/tmpgu2k3cgm']
[2025-06-13T14:45:18.626+0000] {standard_task_runner.py:91} INFO - Job 6: Subtask extract
[2025-06-13T14:45:18.658+0000] {task_command.py:426} INFO - Running <TaskInstance: etl_example.extract manual__2025-06-13T14:45:14.620624+00:00 [running]> on host 4e443a97cd9f
[2025-06-13T14:45:18.721+0000] {taskinstance.py:2644} INFO - Exporting env vars: AIRFLOW_CTX_DAG_OWNER='***' AIRFLOW_CTX_DAG_ID='etl_example' AIRFLOW_CTX_TASK_ID='extract' AIRFLOW_CTX_EXECUTION_DATE='2025-06-13T14:45:14.620624+00:00' AIRFLOW_CTX_TRY_NUMBER='1' AIRFLOW_CTX_DAG_RUN_ID='manual__2025-06-13T14:45:14.620624+00:00'
[2025-06-13T14:45:18.722+0000] {taskinstance.py:430} INFO - ::endgroup::
[2025-06-13T14:45:18.723+0000] {etl_example.py:16} INFO - [EXTRACT] Mencari file: /opt/***/dags/apple.csv
[2025-06-13T14:45:18.753+0000] {etl_example.py:23} INFO - [EXTRACT] CSV berhasil dibaca. Jumlah baris: 1000
[2025-06-13T14:45:18.774+0000] {etl_example.py:34} INFO - [EXTRACT] Data disimpan di: /tmp/extracted_data.csv
[2025-06-13T14:45:18.774+0000] {python.py:237} INFO - Done. Returned value was: None
[2025-06-13T14:45:18.774+0000] {taskinstance.py:441} INFO - ::group::Post task execution logs
[2025-06-13T14:45:18.780+0000] {taskinstance.py:1205} INFO - Marking task as SUCCESS. dag_id=etl_example, task_id=extract, execution_date=20250613T144514, start_date=20250613T144518, end_date=20250613T144518
[2025-06-13T14:45:18.805+0000] {local_task_job_runner.py:240} INFO - Task exited with return code 0
[2025-06-13T14:45:18.821+0000] {taskinstance.py:3482} INFO - 1 downstream tasks scheduled from follow-on schedule check
[2025-06-13T14:45:18.823+0000] {local_task_job_runner.py:222} INFO - ::endgroup::
