[2025-06-14T21:22:00.975+0000] {local_task_job_runner.py:120} INFO - ::group::Pre task execution logs
[2025-06-14T21:22:01.032+0000] {taskinstance.py:2073} INFO - Dependencies all met for dep_context=non-requeueable deps ti=<TaskInstance: etl_apple_sales.extract scheduled__2025-06-13T00:00:00+00:00 [queued]>
[2025-06-14T21:22:01.067+0000] {taskinstance.py:2073} INFO - Dependencies all met for dep_context=requeueable deps ti=<TaskInstance: etl_apple_sales.extract scheduled__2025-06-13T00:00:00+00:00 [queued]>
[2025-06-14T21:22:01.070+0000] {taskinstance.py:2303} INFO - Starting attempt 1 of 1
[2025-06-14T21:22:01.091+0000] {taskinstance.py:2327} INFO - Executing <Task(PythonOperator): extract> on 2025-06-13 00:00:00+00:00
[2025-06-14T21:22:01.102+0000] {standard_task_runner.py:63} INFO - Started process 453 to run task
[2025-06-14T21:22:01.110+0000] {standard_task_runner.py:90} INFO - Running: ['***', 'tasks', 'run', 'etl_apple_sales', 'extract', 'scheduled__2025-06-13T00:00:00+00:00', '--job-id', '20', '--raw', '--subdir', 'DAGS_FOLDER/appleolap.py', '--cfg-path', '/tmp/tmpnot2k1f6']
[2025-06-14T21:22:01.112+0000] {standard_task_runner.py:91} INFO - Job 20: Subtask extract
[2025-06-14T21:22:01.193+0000] {task_command.py:426} INFO - Running <TaskInstance: etl_apple_sales.extract scheduled__2025-06-13T00:00:00+00:00 [running]> on host 4e443a97cd9f
[2025-06-14T21:22:01.273+0000] {taskinstance.py:2644} INFO - Exporting env vars: AIRFLOW_CTX_DAG_OWNER='***' AIRFLOW_CTX_DAG_ID='etl_apple_sales' AIRFLOW_CTX_TASK_ID='extract' AIRFLOW_CTX_EXECUTION_DATE='2025-06-13T00:00:00+00:00' AIRFLOW_CTX_TRY_NUMBER='1' AIRFLOW_CTX_DAG_RUN_ID='scheduled__2025-06-13T00:00:00+00:00'
[2025-06-14T21:22:01.274+0000] {taskinstance.py:430} INFO - ::endgroup::
[2025-06-14T21:22:01.276+0000] {appleolap.py:16} INFO - [EXTRACT] Mencari file: /opt/***/dags/apple.csv
[2025-06-14T21:22:01.295+0000] {appleolap.py:23} INFO - [EXTRACT] CSV berhasil dibaca. Jumlah baris: 1000
[2025-06-14T21:22:01.304+0000] {appleolap.py:28} INFO - [EXTRACT] Data disimpan di: /tmp/extracted_data.csv
[2025-06-14T21:22:01.305+0000] {python.py:237} INFO - Done. Returned value was: None
[2025-06-14T21:22:01.305+0000] {taskinstance.py:441} INFO - ::group::Post task execution logs
[2025-06-14T21:22:01.321+0000] {taskinstance.py:1205} INFO - Marking task as SUCCESS. dag_id=etl_apple_sales, task_id=extract, execution_date=20250613T000000, start_date=20250614T212201, end_date=20250614T212201
[2025-06-14T21:22:01.373+0000] {local_task_job_runner.py:240} INFO - Task exited with return code 0
[2025-06-14T21:22:01.418+0000] {taskinstance.py:3482} INFO - 0 downstream tasks scheduled from follow-on schedule check
[2025-06-14T21:22:01.420+0000] {local_task_job_runner.py:222} INFO - ::endgroup::
