[2025-06-13T14:33:25.003+0000] {processor.py:161} INFO - Started process (PID=68) to work on /home/airflow/.local/lib/python3.10/site-packages/airflow/example_dags/example_task_group_decorator.py
[2025-06-13T14:33:25.005+0000] {processor.py:830} INFO - Processing file /home/airflow/.local/lib/python3.10/site-packages/airflow/example_dags/example_task_group_decorator.py for tasks to queue
[2025-06-13T14:33:25.006+0000] {logging_mixin.py:188} INFO - [2025-06-13T14:33:25.006+0000] {dagbag.py:540} INFO - Filling up the DagBag from /home/airflow/.local/lib/python3.10/site-packages/airflow/example_dags/example_task_group_decorator.py
[2025-06-13T14:33:25.017+0000] {processor.py:840} INFO - DAG(s) 'example_task_group_decorator' retrieved from /home/airflow/.local/lib/python3.10/site-packages/airflow/example_dags/example_task_group_decorator.py
[2025-06-13T14:33:25.030+0000] {logging_mixin.py:188} INFO - [2025-06-13T14:33:25.030+0000] {dag.py:3096} INFO - Sync 1 DAGs
[2025-06-13T14:33:25.045+0000] {logging_mixin.py:188} INFO - [2025-06-13T14:33:25.044+0000] {dag.py:3954} INFO - Setting next_dagrun for example_task_group_decorator to 2025-06-12 00:00:00+00:00, run_after=2025-06-13 00:00:00+00:00
[2025-06-13T14:33:25.066+0000] {processor.py:183} INFO - Processing /home/airflow/.local/lib/python3.10/site-packages/airflow/example_dags/example_task_group_decorator.py took 0.072 seconds
[2025-06-13T14:33:55.149+0000] {processor.py:161} INFO - Started process (PID=125) to work on /home/airflow/.local/lib/python3.10/site-packages/airflow/example_dags/example_task_group_decorator.py
[2025-06-13T14:33:55.150+0000] {processor.py:830} INFO - Processing file /home/airflow/.local/lib/python3.10/site-packages/airflow/example_dags/example_task_group_decorator.py for tasks to queue
[2025-06-13T14:33:55.151+0000] {logging_mixin.py:188} INFO - [2025-06-13T14:33:55.151+0000] {dagbag.py:540} INFO - Filling up the DagBag from /home/airflow/.local/lib/python3.10/site-packages/airflow/example_dags/example_task_group_decorator.py
[2025-06-13T14:33:55.158+0000] {processor.py:840} INFO - DAG(s) 'example_task_group_decorator' retrieved from /home/airflow/.local/lib/python3.10/site-packages/airflow/example_dags/example_task_group_decorator.py
[2025-06-13T14:33:55.212+0000] {logging_mixin.py:188} INFO - [2025-06-13T14:33:55.211+0000] {dag.py:3096} INFO - Sync 1 DAGs
[2025-06-13T14:33:55.220+0000] {logging_mixin.py:188} INFO - [2025-06-13T14:33:55.220+0000] {dag.py:3954} INFO - Setting next_dagrun for example_task_group_decorator to 2025-06-12 00:00:00+00:00, run_after=2025-06-13 00:00:00+00:00
[2025-06-13T14:33:55.233+0000] {processor.py:183} INFO - Processing /home/airflow/.local/lib/python3.10/site-packages/airflow/example_dags/example_task_group_decorator.py took 0.088 seconds
[2025-06-13T14:34:25.689+0000] {processor.py:161} INFO - Started process (PID=183) to work on /home/airflow/.local/lib/python3.10/site-packages/airflow/example_dags/example_task_group_decorator.py
[2025-06-13T14:34:25.691+0000] {processor.py:830} INFO - Processing file /home/airflow/.local/lib/python3.10/site-packages/airflow/example_dags/example_task_group_decorator.py for tasks to queue
[2025-06-13T14:34:25.694+0000] {logging_mixin.py:188} INFO - [2025-06-13T14:34:25.694+0000] {dagbag.py:540} INFO - Filling up the DagBag from /home/airflow/.local/lib/python3.10/site-packages/airflow/example_dags/example_task_group_decorator.py
[2025-06-13T14:34:25.701+0000] {processor.py:840} INFO - DAG(s) 'example_task_group_decorator' retrieved from /home/airflow/.local/lib/python3.10/site-packages/airflow/example_dags/example_task_group_decorator.py
[2025-06-13T14:34:25.717+0000] {logging_mixin.py:188} INFO - [2025-06-13T14:34:25.717+0000] {dag.py:3096} INFO - Sync 1 DAGs
[2025-06-13T14:34:25.728+0000] {logging_mixin.py:188} INFO - [2025-06-13T14:34:25.728+0000] {dag.py:3954} INFO - Setting next_dagrun for example_task_group_decorator to 2025-06-12 00:00:00+00:00, run_after=2025-06-13 00:00:00+00:00
[2025-06-13T14:34:25.738+0000] {processor.py:183} INFO - Processing /home/airflow/.local/lib/python3.10/site-packages/airflow/example_dags/example_task_group_decorator.py took 0.052 seconds
[2025-06-13T14:34:56.068+0000] {processor.py:161} INFO - Started process (PID=241) to work on /home/airflow/.local/lib/python3.10/site-packages/airflow/example_dags/example_task_group_decorator.py
[2025-06-13T14:34:56.070+0000] {processor.py:830} INFO - Processing file /home/airflow/.local/lib/python3.10/site-packages/airflow/example_dags/example_task_group_decorator.py for tasks to queue
[2025-06-13T14:34:56.071+0000] {logging_mixin.py:188} INFO - [2025-06-13T14:34:56.071+0000] {dagbag.py:540} INFO - Filling up the DagBag from /home/airflow/.local/lib/python3.10/site-packages/airflow/example_dags/example_task_group_decorator.py
[2025-06-13T14:34:56.078+0000] {processor.py:840} INFO - DAG(s) 'example_task_group_decorator' retrieved from /home/airflow/.local/lib/python3.10/site-packages/airflow/example_dags/example_task_group_decorator.py
[2025-06-13T14:34:56.097+0000] {logging_mixin.py:188} INFO - [2025-06-13T14:34:56.096+0000] {dag.py:3096} INFO - Sync 1 DAGs
[2025-06-13T14:34:56.108+0000] {logging_mixin.py:188} INFO - [2025-06-13T14:34:56.108+0000] {dag.py:3954} INFO - Setting next_dagrun for example_task_group_decorator to 2025-06-12 00:00:00+00:00, run_after=2025-06-13 00:00:00+00:00
[2025-06-13T14:34:56.119+0000] {processor.py:183} INFO - Processing /home/airflow/.local/lib/python3.10/site-packages/airflow/example_dags/example_task_group_decorator.py took 0.055 seconds
[2025-06-13T14:35:26.737+0000] {processor.py:161} INFO - Started process (PID=299) to work on /home/airflow/.local/lib/python3.10/site-packages/airflow/example_dags/example_task_group_decorator.py
[2025-06-13T14:35:26.739+0000] {processor.py:830} INFO - Processing file /home/airflow/.local/lib/python3.10/site-packages/airflow/example_dags/example_task_group_decorator.py for tasks to queue
[2025-06-13T14:35:26.740+0000] {logging_mixin.py:188} INFO - [2025-06-13T14:35:26.740+0000] {dagbag.py:540} INFO - Filling up the DagBag from /home/airflow/.local/lib/python3.10/site-packages/airflow/example_dags/example_task_group_decorator.py
[2025-06-13T14:35:26.747+0000] {processor.py:840} INFO - DAG(s) 'example_task_group_decorator' retrieved from /home/airflow/.local/lib/python3.10/site-packages/airflow/example_dags/example_task_group_decorator.py
[2025-06-13T14:35:26.764+0000] {logging_mixin.py:188} INFO - [2025-06-13T14:35:26.764+0000] {dag.py:3096} INFO - Sync 1 DAGs
[2025-06-13T14:35:26.776+0000] {logging_mixin.py:188} INFO - [2025-06-13T14:35:26.776+0000] {dag.py:3954} INFO - Setting next_dagrun for example_task_group_decorator to 2025-06-12 00:00:00+00:00, run_after=2025-06-13 00:00:00+00:00
[2025-06-13T14:35:26.787+0000] {processor.py:183} INFO - Processing /home/airflow/.local/lib/python3.10/site-packages/airflow/example_dags/example_task_group_decorator.py took 0.053 seconds
[2025-06-13T14:35:58.225+0000] {processor.py:161} INFO - Started process (PID=363) to work on /home/airflow/.local/lib/python3.10/site-packages/airflow/example_dags/example_task_group_decorator.py
[2025-06-13T14:35:58.226+0000] {processor.py:830} INFO - Processing file /home/airflow/.local/lib/python3.10/site-packages/airflow/example_dags/example_task_group_decorator.py for tasks to queue
[2025-06-13T14:35:58.227+0000] {logging_mixin.py:188} INFO - [2025-06-13T14:35:58.227+0000] {dagbag.py:540} INFO - Filling up the DagBag from /home/airflow/.local/lib/python3.10/site-packages/airflow/example_dags/example_task_group_decorator.py
[2025-06-13T14:35:58.234+0000] {processor.py:840} INFO - DAG(s) 'example_task_group_decorator' retrieved from /home/airflow/.local/lib/python3.10/site-packages/airflow/example_dags/example_task_group_decorator.py
[2025-06-13T14:35:58.251+0000] {logging_mixin.py:188} INFO - [2025-06-13T14:35:58.251+0000] {dag.py:3096} INFO - Sync 1 DAGs
[2025-06-13T14:35:58.263+0000] {logging_mixin.py:188} INFO - [2025-06-13T14:35:58.263+0000] {dag.py:3954} INFO - Setting next_dagrun for example_task_group_decorator to 2025-06-12 00:00:00+00:00, run_after=2025-06-13 00:00:00+00:00
[2025-06-13T14:35:58.272+0000] {processor.py:183} INFO - Processing /home/airflow/.local/lib/python3.10/site-packages/airflow/example_dags/example_task_group_decorator.py took 0.051 seconds
[2025-06-13T14:36:28.963+0000] {processor.py:161} INFO - Started process (PID=421) to work on /home/airflow/.local/lib/python3.10/site-packages/airflow/example_dags/example_task_group_decorator.py
[2025-06-13T14:36:28.965+0000] {processor.py:830} INFO - Processing file /home/airflow/.local/lib/python3.10/site-packages/airflow/example_dags/example_task_group_decorator.py for tasks to queue
[2025-06-13T14:36:28.966+0000] {logging_mixin.py:188} INFO - [2025-06-13T14:36:28.966+0000] {dagbag.py:540} INFO - Filling up the DagBag from /home/airflow/.local/lib/python3.10/site-packages/airflow/example_dags/example_task_group_decorator.py
[2025-06-13T14:36:28.973+0000] {processor.py:840} INFO - DAG(s) 'example_task_group_decorator' retrieved from /home/airflow/.local/lib/python3.10/site-packages/airflow/example_dags/example_task_group_decorator.py
[2025-06-13T14:36:28.996+0000] {logging_mixin.py:188} INFO - [2025-06-13T14:36:28.995+0000] {dag.py:3096} INFO - Sync 1 DAGs
[2025-06-13T14:36:29.008+0000] {logging_mixin.py:188} INFO - [2025-06-13T14:36:29.008+0000] {dag.py:3954} INFO - Setting next_dagrun for example_task_group_decorator to 2025-06-12 00:00:00+00:00, run_after=2025-06-13 00:00:00+00:00
[2025-06-13T14:36:29.018+0000] {processor.py:183} INFO - Processing /home/airflow/.local/lib/python3.10/site-packages/airflow/example_dags/example_task_group_decorator.py took 0.060 seconds
[2025-06-13T14:36:59.279+0000] {processor.py:161} INFO - Started process (PID=479) to work on /home/airflow/.local/lib/python3.10/site-packages/airflow/example_dags/example_task_group_decorator.py
[2025-06-13T14:36:59.281+0000] {processor.py:830} INFO - Processing file /home/airflow/.local/lib/python3.10/site-packages/airflow/example_dags/example_task_group_decorator.py for tasks to queue
[2025-06-13T14:36:59.283+0000] {logging_mixin.py:188} INFO - [2025-06-13T14:36:59.283+0000] {dagbag.py:540} INFO - Filling up the DagBag from /home/airflow/.local/lib/python3.10/site-packages/airflow/example_dags/example_task_group_decorator.py
[2025-06-13T14:36:59.291+0000] {processor.py:840} INFO - DAG(s) 'example_task_group_decorator' retrieved from /home/airflow/.local/lib/python3.10/site-packages/airflow/example_dags/example_task_group_decorator.py
[2025-06-13T14:36:59.308+0000] {logging_mixin.py:188} INFO - [2025-06-13T14:36:59.308+0000] {dag.py:3096} INFO - Sync 1 DAGs
[2025-06-13T14:36:59.325+0000] {logging_mixin.py:188} INFO - [2025-06-13T14:36:59.325+0000] {dag.py:3954} INFO - Setting next_dagrun for example_task_group_decorator to 2025-06-12 00:00:00+00:00, run_after=2025-06-13 00:00:00+00:00
[2025-06-13T14:36:59.339+0000] {processor.py:183} INFO - Processing /home/airflow/.local/lib/python3.10/site-packages/airflow/example_dags/example_task_group_decorator.py took 0.064 seconds
[2025-06-13T14:37:30.179+0000] {processor.py:161} INFO - Started process (PID=537) to work on /home/airflow/.local/lib/python3.10/site-packages/airflow/example_dags/example_task_group_decorator.py
[2025-06-13T14:37:30.180+0000] {processor.py:830} INFO - Processing file /home/airflow/.local/lib/python3.10/site-packages/airflow/example_dags/example_task_group_decorator.py for tasks to queue
[2025-06-13T14:37:30.181+0000] {logging_mixin.py:188} INFO - [2025-06-13T14:37:30.181+0000] {dagbag.py:540} INFO - Filling up the DagBag from /home/airflow/.local/lib/python3.10/site-packages/airflow/example_dags/example_task_group_decorator.py
[2025-06-13T14:37:30.189+0000] {processor.py:840} INFO - DAG(s) 'example_task_group_decorator' retrieved from /home/airflow/.local/lib/python3.10/site-packages/airflow/example_dags/example_task_group_decorator.py
[2025-06-13T14:37:30.205+0000] {logging_mixin.py:188} INFO - [2025-06-13T14:37:30.205+0000] {dag.py:3096} INFO - Sync 1 DAGs
[2025-06-13T14:37:30.219+0000] {logging_mixin.py:188} INFO - [2025-06-13T14:37:30.219+0000] {dag.py:3954} INFO - Setting next_dagrun for example_task_group_decorator to 2025-06-12 00:00:00+00:00, run_after=2025-06-13 00:00:00+00:00
[2025-06-13T14:37:30.234+0000] {processor.py:183} INFO - Processing /home/airflow/.local/lib/python3.10/site-packages/airflow/example_dags/example_task_group_decorator.py took 0.060 seconds
[2025-06-13T14:38:00.354+0000] {processor.py:161} INFO - Started process (PID=595) to work on /home/airflow/.local/lib/python3.10/site-packages/airflow/example_dags/example_task_group_decorator.py
[2025-06-13T14:38:00.357+0000] {processor.py:830} INFO - Processing file /home/airflow/.local/lib/python3.10/site-packages/airflow/example_dags/example_task_group_decorator.py for tasks to queue
[2025-06-13T14:38:00.358+0000] {logging_mixin.py:188} INFO - [2025-06-13T14:38:00.358+0000] {dagbag.py:540} INFO - Filling up the DagBag from /home/airflow/.local/lib/python3.10/site-packages/airflow/example_dags/example_task_group_decorator.py
[2025-06-13T14:38:00.365+0000] {processor.py:840} INFO - DAG(s) 'example_task_group_decorator' retrieved from /home/airflow/.local/lib/python3.10/site-packages/airflow/example_dags/example_task_group_decorator.py
[2025-06-13T14:38:00.385+0000] {logging_mixin.py:188} INFO - [2025-06-13T14:38:00.385+0000] {dag.py:3096} INFO - Sync 1 DAGs
[2025-06-13T14:38:00.398+0000] {logging_mixin.py:188} INFO - [2025-06-13T14:38:00.397+0000] {dag.py:3954} INFO - Setting next_dagrun for example_task_group_decorator to 2025-06-12 00:00:00+00:00, run_after=2025-06-13 00:00:00+00:00
[2025-06-13T14:38:00.410+0000] {processor.py:183} INFO - Processing /home/airflow/.local/lib/python3.10/site-packages/airflow/example_dags/example_task_group_decorator.py took 0.060 seconds
[2025-06-13T14:38:31.082+0000] {processor.py:161} INFO - Started process (PID=655) to work on /home/airflow/.local/lib/python3.10/site-packages/airflow/example_dags/example_task_group_decorator.py
[2025-06-13T14:38:31.083+0000] {processor.py:830} INFO - Processing file /home/airflow/.local/lib/python3.10/site-packages/airflow/example_dags/example_task_group_decorator.py for tasks to queue
[2025-06-13T14:38:31.084+0000] {logging_mixin.py:188} INFO - [2025-06-13T14:38:31.084+0000] {dagbag.py:540} INFO - Filling up the DagBag from /home/airflow/.local/lib/python3.10/site-packages/airflow/example_dags/example_task_group_decorator.py
[2025-06-13T14:38:31.091+0000] {processor.py:840} INFO - DAG(s) 'example_task_group_decorator' retrieved from /home/airflow/.local/lib/python3.10/site-packages/airflow/example_dags/example_task_group_decorator.py
[2025-06-13T14:38:31.109+0000] {logging_mixin.py:188} INFO - [2025-06-13T14:38:31.109+0000] {dag.py:3096} INFO - Sync 1 DAGs
[2025-06-13T14:38:31.120+0000] {logging_mixin.py:188} INFO - [2025-06-13T14:38:31.120+0000] {dag.py:3954} INFO - Setting next_dagrun for example_task_group_decorator to 2025-06-12 00:00:00+00:00, run_after=2025-06-13 00:00:00+00:00
[2025-06-13T14:38:31.129+0000] {processor.py:183} INFO - Processing /home/airflow/.local/lib/python3.10/site-packages/airflow/example_dags/example_task_group_decorator.py took 0.052 seconds
[2025-06-13T14:39:01.859+0000] {processor.py:161} INFO - Started process (PID=715) to work on /home/airflow/.local/lib/python3.10/site-packages/airflow/example_dags/example_task_group_decorator.py
[2025-06-13T14:39:01.861+0000] {processor.py:830} INFO - Processing file /home/airflow/.local/lib/python3.10/site-packages/airflow/example_dags/example_task_group_decorator.py for tasks to queue
[2025-06-13T14:39:01.862+0000] {logging_mixin.py:188} INFO - [2025-06-13T14:39:01.862+0000] {dagbag.py:540} INFO - Filling up the DagBag from /home/airflow/.local/lib/python3.10/site-packages/airflow/example_dags/example_task_group_decorator.py
[2025-06-13T14:39:01.870+0000] {processor.py:840} INFO - DAG(s) 'example_task_group_decorator' retrieved from /home/airflow/.local/lib/python3.10/site-packages/airflow/example_dags/example_task_group_decorator.py
[2025-06-13T14:39:01.888+0000] {logging_mixin.py:188} INFO - [2025-06-13T14:39:01.887+0000] {dag.py:3096} INFO - Sync 1 DAGs
[2025-06-13T14:39:01.900+0000] {logging_mixin.py:188} INFO - [2025-06-13T14:39:01.900+0000] {dag.py:3954} INFO - Setting next_dagrun for example_task_group_decorator to 2025-06-12 00:00:00+00:00, run_after=2025-06-13 00:00:00+00:00
[2025-06-13T14:39:01.910+0000] {processor.py:183} INFO - Processing /home/airflow/.local/lib/python3.10/site-packages/airflow/example_dags/example_task_group_decorator.py took 0.055 seconds
[2025-06-13T14:39:32.834+0000] {processor.py:161} INFO - Started process (PID=775) to work on /home/airflow/.local/lib/python3.10/site-packages/airflow/example_dags/example_task_group_decorator.py
[2025-06-13T14:39:32.835+0000] {processor.py:830} INFO - Processing file /home/airflow/.local/lib/python3.10/site-packages/airflow/example_dags/example_task_group_decorator.py for tasks to queue
[2025-06-13T14:39:32.836+0000] {logging_mixin.py:188} INFO - [2025-06-13T14:39:32.836+0000] {dagbag.py:540} INFO - Filling up the DagBag from /home/airflow/.local/lib/python3.10/site-packages/airflow/example_dags/example_task_group_decorator.py
[2025-06-13T14:39:32.846+0000] {processor.py:840} INFO - DAG(s) 'example_task_group_decorator' retrieved from /home/airflow/.local/lib/python3.10/site-packages/airflow/example_dags/example_task_group_decorator.py
[2025-06-13T14:39:32.862+0000] {logging_mixin.py:188} INFO - [2025-06-13T14:39:32.862+0000] {dag.py:3096} INFO - Sync 1 DAGs
[2025-06-13T14:39:32.880+0000] {logging_mixin.py:188} INFO - [2025-06-13T14:39:32.879+0000] {dag.py:3954} INFO - Setting next_dagrun for example_task_group_decorator to 2025-06-12 00:00:00+00:00, run_after=2025-06-13 00:00:00+00:00
[2025-06-13T14:39:32.899+0000] {processor.py:183} INFO - Processing /home/airflow/.local/lib/python3.10/site-packages/airflow/example_dags/example_task_group_decorator.py took 0.068 seconds
[2025-06-13T14:40:03.298+0000] {processor.py:161} INFO - Started process (PID=835) to work on /home/airflow/.local/lib/python3.10/site-packages/airflow/example_dags/example_task_group_decorator.py
[2025-06-13T14:40:03.299+0000] {processor.py:830} INFO - Processing file /home/airflow/.local/lib/python3.10/site-packages/airflow/example_dags/example_task_group_decorator.py for tasks to queue
[2025-06-13T14:40:03.301+0000] {logging_mixin.py:188} INFO - [2025-06-13T14:40:03.301+0000] {dagbag.py:540} INFO - Filling up the DagBag from /home/airflow/.local/lib/python3.10/site-packages/airflow/example_dags/example_task_group_decorator.py
[2025-06-13T14:40:03.307+0000] {processor.py:840} INFO - DAG(s) 'example_task_group_decorator' retrieved from /home/airflow/.local/lib/python3.10/site-packages/airflow/example_dags/example_task_group_decorator.py
[2025-06-13T14:40:03.322+0000] {logging_mixin.py:188} INFO - [2025-06-13T14:40:03.322+0000] {dag.py:3096} INFO - Sync 1 DAGs
[2025-06-13T14:40:03.334+0000] {logging_mixin.py:188} INFO - [2025-06-13T14:40:03.333+0000] {dag.py:3954} INFO - Setting next_dagrun for example_task_group_decorator to 2025-06-12 00:00:00+00:00, run_after=2025-06-13 00:00:00+00:00
[2025-06-13T14:40:03.342+0000] {processor.py:183} INFO - Processing /home/airflow/.local/lib/python3.10/site-packages/airflow/example_dags/example_task_group_decorator.py took 0.049 seconds
[2025-06-13T14:40:34.362+0000] {processor.py:161} INFO - Started process (PID=895) to work on /home/airflow/.local/lib/python3.10/site-packages/airflow/example_dags/example_task_group_decorator.py
[2025-06-13T14:40:34.364+0000] {processor.py:830} INFO - Processing file /home/airflow/.local/lib/python3.10/site-packages/airflow/example_dags/example_task_group_decorator.py for tasks to queue
[2025-06-13T14:40:34.366+0000] {logging_mixin.py:188} INFO - [2025-06-13T14:40:34.366+0000] {dagbag.py:540} INFO - Filling up the DagBag from /home/airflow/.local/lib/python3.10/site-packages/airflow/example_dags/example_task_group_decorator.py
[2025-06-13T14:40:34.374+0000] {processor.py:840} INFO - DAG(s) 'example_task_group_decorator' retrieved from /home/airflow/.local/lib/python3.10/site-packages/airflow/example_dags/example_task_group_decorator.py
[2025-06-13T14:40:34.390+0000] {logging_mixin.py:188} INFO - [2025-06-13T14:40:34.390+0000] {dag.py:3096} INFO - Sync 1 DAGs
[2025-06-13T14:40:34.403+0000] {logging_mixin.py:188} INFO - [2025-06-13T14:40:34.402+0000] {dag.py:3954} INFO - Setting next_dagrun for example_task_group_decorator to 2025-06-12 00:00:00+00:00, run_after=2025-06-13 00:00:00+00:00
[2025-06-13T14:40:34.414+0000] {processor.py:183} INFO - Processing /home/airflow/.local/lib/python3.10/site-packages/airflow/example_dags/example_task_group_decorator.py took 0.057 seconds
[2025-06-13T14:41:04.865+0000] {processor.py:161} INFO - Started process (PID=955) to work on /home/airflow/.local/lib/python3.10/site-packages/airflow/example_dags/example_task_group_decorator.py
[2025-06-13T14:41:04.866+0000] {processor.py:830} INFO - Processing file /home/airflow/.local/lib/python3.10/site-packages/airflow/example_dags/example_task_group_decorator.py for tasks to queue
[2025-06-13T14:41:04.867+0000] {logging_mixin.py:188} INFO - [2025-06-13T14:41:04.867+0000] {dagbag.py:540} INFO - Filling up the DagBag from /home/airflow/.local/lib/python3.10/site-packages/airflow/example_dags/example_task_group_decorator.py
[2025-06-13T14:41:04.875+0000] {processor.py:840} INFO - DAG(s) 'example_task_group_decorator' retrieved from /home/airflow/.local/lib/python3.10/site-packages/airflow/example_dags/example_task_group_decorator.py
[2025-06-13T14:41:04.893+0000] {logging_mixin.py:188} INFO - [2025-06-13T14:41:04.893+0000] {dag.py:3096} INFO - Sync 1 DAGs
[2025-06-13T14:41:04.904+0000] {logging_mixin.py:188} INFO - [2025-06-13T14:41:04.904+0000] {dag.py:3954} INFO - Setting next_dagrun for example_task_group_decorator to 2025-06-12 00:00:00+00:00, run_after=2025-06-13 00:00:00+00:00
[2025-06-13T14:41:04.916+0000] {processor.py:183} INFO - Processing /home/airflow/.local/lib/python3.10/site-packages/airflow/example_dags/example_task_group_decorator.py took 0.055 seconds
[2025-06-13T14:41:35.302+0000] {processor.py:161} INFO - Started process (PID=1015) to work on /home/airflow/.local/lib/python3.10/site-packages/airflow/example_dags/example_task_group_decorator.py
[2025-06-13T14:41:35.304+0000] {processor.py:830} INFO - Processing file /home/airflow/.local/lib/python3.10/site-packages/airflow/example_dags/example_task_group_decorator.py for tasks to queue
[2025-06-13T14:41:35.305+0000] {logging_mixin.py:188} INFO - [2025-06-13T14:41:35.304+0000] {dagbag.py:540} INFO - Filling up the DagBag from /home/airflow/.local/lib/python3.10/site-packages/airflow/example_dags/example_task_group_decorator.py
[2025-06-13T14:41:35.311+0000] {processor.py:840} INFO - DAG(s) 'example_task_group_decorator' retrieved from /home/airflow/.local/lib/python3.10/site-packages/airflow/example_dags/example_task_group_decorator.py
[2025-06-13T14:41:35.327+0000] {logging_mixin.py:188} INFO - [2025-06-13T14:41:35.327+0000] {dag.py:3096} INFO - Sync 1 DAGs
[2025-06-13T14:41:35.339+0000] {logging_mixin.py:188} INFO - [2025-06-13T14:41:35.339+0000] {dag.py:3954} INFO - Setting next_dagrun for example_task_group_decorator to 2025-06-12 00:00:00+00:00, run_after=2025-06-13 00:00:00+00:00
[2025-06-13T14:41:35.348+0000] {processor.py:183} INFO - Processing /home/airflow/.local/lib/python3.10/site-packages/airflow/example_dags/example_task_group_decorator.py took 0.050 seconds
[2025-06-13T14:42:05.703+0000] {processor.py:161} INFO - Started process (PID=1075) to work on /home/airflow/.local/lib/python3.10/site-packages/airflow/example_dags/example_task_group_decorator.py
[2025-06-13T14:42:05.703+0000] {processor.py:830} INFO - Processing file /home/airflow/.local/lib/python3.10/site-packages/airflow/example_dags/example_task_group_decorator.py for tasks to queue
[2025-06-13T14:42:05.704+0000] {logging_mixin.py:188} INFO - [2025-06-13T14:42:05.704+0000] {dagbag.py:540} INFO - Filling up the DagBag from /home/airflow/.local/lib/python3.10/site-packages/airflow/example_dags/example_task_group_decorator.py
[2025-06-13T14:42:05.711+0000] {processor.py:840} INFO - DAG(s) 'example_task_group_decorator' retrieved from /home/airflow/.local/lib/python3.10/site-packages/airflow/example_dags/example_task_group_decorator.py
[2025-06-13T14:42:05.727+0000] {logging_mixin.py:188} INFO - [2025-06-13T14:42:05.726+0000] {dag.py:3096} INFO - Sync 1 DAGs
[2025-06-13T14:42:05.737+0000] {logging_mixin.py:188} INFO - [2025-06-13T14:42:05.737+0000] {dag.py:3954} INFO - Setting next_dagrun for example_task_group_decorator to 2025-06-12 00:00:00+00:00, run_after=2025-06-13 00:00:00+00:00
[2025-06-13T14:42:05.746+0000] {processor.py:183} INFO - Processing /home/airflow/.local/lib/python3.10/site-packages/airflow/example_dags/example_task_group_decorator.py took 0.047 seconds
[2025-06-13T14:42:36.918+0000] {processor.py:161} INFO - Started process (PID=1135) to work on /home/airflow/.local/lib/python3.10/site-packages/airflow/example_dags/example_task_group_decorator.py
[2025-06-13T14:42:36.919+0000] {processor.py:830} INFO - Processing file /home/airflow/.local/lib/python3.10/site-packages/airflow/example_dags/example_task_group_decorator.py for tasks to queue
[2025-06-13T14:42:36.920+0000] {logging_mixin.py:188} INFO - [2025-06-13T14:42:36.920+0000] {dagbag.py:540} INFO - Filling up the DagBag from /home/airflow/.local/lib/python3.10/site-packages/airflow/example_dags/example_task_group_decorator.py
[2025-06-13T14:42:36.927+0000] {processor.py:840} INFO - DAG(s) 'example_task_group_decorator' retrieved from /home/airflow/.local/lib/python3.10/site-packages/airflow/example_dags/example_task_group_decorator.py
[2025-06-13T14:42:36.947+0000] {logging_mixin.py:188} INFO - [2025-06-13T14:42:36.947+0000] {dag.py:3096} INFO - Sync 1 DAGs
[2025-06-13T14:42:36.958+0000] {logging_mixin.py:188} INFO - [2025-06-13T14:42:36.958+0000] {dag.py:3954} INFO - Setting next_dagrun for example_task_group_decorator to 2025-06-12 00:00:00+00:00, run_after=2025-06-13 00:00:00+00:00
[2025-06-13T14:42:36.970+0000] {processor.py:183} INFO - Processing /home/airflow/.local/lib/python3.10/site-packages/airflow/example_dags/example_task_group_decorator.py took 0.056 seconds
[2025-06-13T14:43:07.663+0000] {processor.py:161} INFO - Started process (PID=1195) to work on /home/airflow/.local/lib/python3.10/site-packages/airflow/example_dags/example_task_group_decorator.py
[2025-06-13T14:43:07.664+0000] {processor.py:830} INFO - Processing file /home/airflow/.local/lib/python3.10/site-packages/airflow/example_dags/example_task_group_decorator.py for tasks to queue
[2025-06-13T14:43:07.666+0000] {logging_mixin.py:188} INFO - [2025-06-13T14:43:07.665+0000] {dagbag.py:540} INFO - Filling up the DagBag from /home/airflow/.local/lib/python3.10/site-packages/airflow/example_dags/example_task_group_decorator.py
[2025-06-13T14:43:07.674+0000] {processor.py:840} INFO - DAG(s) 'example_task_group_decorator' retrieved from /home/airflow/.local/lib/python3.10/site-packages/airflow/example_dags/example_task_group_decorator.py
[2025-06-13T14:43:07.694+0000] {logging_mixin.py:188} INFO - [2025-06-13T14:43:07.693+0000] {dag.py:3096} INFO - Sync 1 DAGs
[2025-06-13T14:43:07.704+0000] {logging_mixin.py:188} INFO - [2025-06-13T14:43:07.704+0000] {dag.py:3954} INFO - Setting next_dagrun for example_task_group_decorator to 2025-06-12 00:00:00+00:00, run_after=2025-06-13 00:00:00+00:00
[2025-06-13T14:43:07.714+0000] {processor.py:183} INFO - Processing /home/airflow/.local/lib/python3.10/site-packages/airflow/example_dags/example_task_group_decorator.py took 0.055 seconds
[2025-06-13T14:44:43.109+0000] {processor.py:161} INFO - Started process (PID=86) to work on /home/airflow/.local/lib/python3.10/site-packages/airflow/example_dags/example_task_group_decorator.py
[2025-06-13T14:44:43.110+0000] {processor.py:830} INFO - Processing file /home/airflow/.local/lib/python3.10/site-packages/airflow/example_dags/example_task_group_decorator.py for tasks to queue
[2025-06-13T14:44:43.111+0000] {logging_mixin.py:188} INFO - [2025-06-13T14:44:43.111+0000] {dagbag.py:540} INFO - Filling up the DagBag from /home/airflow/.local/lib/python3.10/site-packages/airflow/example_dags/example_task_group_decorator.py
[2025-06-13T14:44:43.120+0000] {processor.py:840} INFO - DAG(s) 'example_task_group_decorator' retrieved from /home/airflow/.local/lib/python3.10/site-packages/airflow/example_dags/example_task_group_decorator.py
[2025-06-13T14:44:43.129+0000] {logging_mixin.py:188} INFO - [2025-06-13T14:44:43.129+0000] {dag.py:3096} INFO - Sync 1 DAGs
[2025-06-13T14:44:43.141+0000] {logging_mixin.py:188} INFO - [2025-06-13T14:44:43.140+0000] {dag.py:3954} INFO - Setting next_dagrun for example_task_group_decorator to 2025-06-12 00:00:00+00:00, run_after=2025-06-13 00:00:00+00:00
[2025-06-13T14:44:43.152+0000] {processor.py:183} INFO - Processing /home/airflow/.local/lib/python3.10/site-packages/airflow/example_dags/example_task_group_decorator.py took 0.046 seconds
[2025-06-13T14:45:15.891+0000] {processor.py:161} INFO - Started process (PID=156) to work on /home/airflow/.local/lib/python3.10/site-packages/airflow/example_dags/example_task_group_decorator.py
[2025-06-13T14:45:15.893+0000] {processor.py:830} INFO - Processing file /home/airflow/.local/lib/python3.10/site-packages/airflow/example_dags/example_task_group_decorator.py for tasks to queue
[2025-06-13T14:45:15.897+0000] {logging_mixin.py:188} INFO - [2025-06-13T14:45:15.897+0000] {dagbag.py:540} INFO - Filling up the DagBag from /home/airflow/.local/lib/python3.10/site-packages/airflow/example_dags/example_task_group_decorator.py
[2025-06-13T14:45:15.912+0000] {processor.py:840} INFO - DAG(s) 'example_task_group_decorator' retrieved from /home/airflow/.local/lib/python3.10/site-packages/airflow/example_dags/example_task_group_decorator.py
[2025-06-13T14:45:16.033+0000] {logging_mixin.py:188} INFO - [2025-06-13T14:45:16.032+0000] {dag.py:3096} INFO - Sync 1 DAGs
[2025-06-13T14:45:16.055+0000] {logging_mixin.py:188} INFO - [2025-06-13T14:45:16.055+0000] {dag.py:3954} INFO - Setting next_dagrun for example_task_group_decorator to 2025-06-12 00:00:00+00:00, run_after=2025-06-13 00:00:00+00:00
[2025-06-13T14:45:16.079+0000] {processor.py:183} INFO - Processing /home/airflow/.local/lib/python3.10/site-packages/airflow/example_dags/example_task_group_decorator.py took 0.195 seconds
[2025-06-13T14:45:46.123+0000] {processor.py:161} INFO - Started process (PID=224) to work on /home/airflow/.local/lib/python3.10/site-packages/airflow/example_dags/example_task_group_decorator.py
[2025-06-13T14:45:46.124+0000] {processor.py:830} INFO - Processing file /home/airflow/.local/lib/python3.10/site-packages/airflow/example_dags/example_task_group_decorator.py for tasks to queue
[2025-06-13T14:45:46.126+0000] {logging_mixin.py:188} INFO - [2025-06-13T14:45:46.125+0000] {dagbag.py:540} INFO - Filling up the DagBag from /home/airflow/.local/lib/python3.10/site-packages/airflow/example_dags/example_task_group_decorator.py
[2025-06-13T14:45:46.135+0000] {processor.py:840} INFO - DAG(s) 'example_task_group_decorator' retrieved from /home/airflow/.local/lib/python3.10/site-packages/airflow/example_dags/example_task_group_decorator.py
[2025-06-13T14:45:46.155+0000] {logging_mixin.py:188} INFO - [2025-06-13T14:45:46.154+0000] {dag.py:3096} INFO - Sync 1 DAGs
[2025-06-13T14:45:46.169+0000] {logging_mixin.py:188} INFO - [2025-06-13T14:45:46.169+0000] {dag.py:3954} INFO - Setting next_dagrun for example_task_group_decorator to 2025-06-12 00:00:00+00:00, run_after=2025-06-13 00:00:00+00:00
[2025-06-13T14:45:46.183+0000] {processor.py:183} INFO - Processing /home/airflow/.local/lib/python3.10/site-packages/airflow/example_dags/example_task_group_decorator.py took 0.065 seconds
[2025-06-13T14:46:16.845+0000] {processor.py:161} INFO - Started process (PID=284) to work on /home/airflow/.local/lib/python3.10/site-packages/airflow/example_dags/example_task_group_decorator.py
[2025-06-13T14:46:16.846+0000] {processor.py:830} INFO - Processing file /home/airflow/.local/lib/python3.10/site-packages/airflow/example_dags/example_task_group_decorator.py for tasks to queue
[2025-06-13T14:46:16.848+0000] {logging_mixin.py:188} INFO - [2025-06-13T14:46:16.848+0000] {dagbag.py:540} INFO - Filling up the DagBag from /home/airflow/.local/lib/python3.10/site-packages/airflow/example_dags/example_task_group_decorator.py
[2025-06-13T14:46:16.856+0000] {processor.py:840} INFO - DAG(s) 'example_task_group_decorator' retrieved from /home/airflow/.local/lib/python3.10/site-packages/airflow/example_dags/example_task_group_decorator.py
[2025-06-13T14:46:16.876+0000] {logging_mixin.py:188} INFO - [2025-06-13T14:46:16.875+0000] {dag.py:3096} INFO - Sync 1 DAGs
[2025-06-13T14:46:16.888+0000] {logging_mixin.py:188} INFO - [2025-06-13T14:46:16.888+0000] {dag.py:3954} INFO - Setting next_dagrun for example_task_group_decorator to 2025-06-12 00:00:00+00:00, run_after=2025-06-13 00:00:00+00:00
[2025-06-13T14:46:16.905+0000] {processor.py:183} INFO - Processing /home/airflow/.local/lib/python3.10/site-packages/airflow/example_dags/example_task_group_decorator.py took 0.064 seconds
[2025-06-13T14:46:47.645+0000] {processor.py:161} INFO - Started process (PID=344) to work on /home/airflow/.local/lib/python3.10/site-packages/airflow/example_dags/example_task_group_decorator.py
[2025-06-13T14:46:47.646+0000] {processor.py:830} INFO - Processing file /home/airflow/.local/lib/python3.10/site-packages/airflow/example_dags/example_task_group_decorator.py for tasks to queue
[2025-06-13T14:46:47.647+0000] {logging_mixin.py:188} INFO - [2025-06-13T14:46:47.647+0000] {dagbag.py:540} INFO - Filling up the DagBag from /home/airflow/.local/lib/python3.10/site-packages/airflow/example_dags/example_task_group_decorator.py
[2025-06-13T14:46:47.659+0000] {processor.py:840} INFO - DAG(s) 'example_task_group_decorator' retrieved from /home/airflow/.local/lib/python3.10/site-packages/airflow/example_dags/example_task_group_decorator.py
[2025-06-13T14:46:47.680+0000] {logging_mixin.py:188} INFO - [2025-06-13T14:46:47.680+0000] {dag.py:3096} INFO - Sync 1 DAGs
[2025-06-13T14:46:47.696+0000] {logging_mixin.py:188} INFO - [2025-06-13T14:46:47.696+0000] {dag.py:3954} INFO - Setting next_dagrun for example_task_group_decorator to 2025-06-12 00:00:00+00:00, run_after=2025-06-13 00:00:00+00:00
[2025-06-13T14:46:47.715+0000] {processor.py:183} INFO - Processing /home/airflow/.local/lib/python3.10/site-packages/airflow/example_dags/example_task_group_decorator.py took 0.075 seconds
[2025-06-13T14:47:18.140+0000] {processor.py:161} INFO - Started process (PID=404) to work on /home/airflow/.local/lib/python3.10/site-packages/airflow/example_dags/example_task_group_decorator.py
[2025-06-13T14:47:18.143+0000] {processor.py:830} INFO - Processing file /home/airflow/.local/lib/python3.10/site-packages/airflow/example_dags/example_task_group_decorator.py for tasks to queue
[2025-06-13T14:47:18.144+0000] {logging_mixin.py:188} INFO - [2025-06-13T14:47:18.144+0000] {dagbag.py:540} INFO - Filling up the DagBag from /home/airflow/.local/lib/python3.10/site-packages/airflow/example_dags/example_task_group_decorator.py
[2025-06-13T14:47:18.151+0000] {processor.py:840} INFO - DAG(s) 'example_task_group_decorator' retrieved from /home/airflow/.local/lib/python3.10/site-packages/airflow/example_dags/example_task_group_decorator.py
[2025-06-13T14:47:18.168+0000] {logging_mixin.py:188} INFO - [2025-06-13T14:47:18.167+0000] {dag.py:3096} INFO - Sync 1 DAGs
[2025-06-13T14:47:18.178+0000] {logging_mixin.py:188} INFO - [2025-06-13T14:47:18.178+0000] {dag.py:3954} INFO - Setting next_dagrun for example_task_group_decorator to 2025-06-12 00:00:00+00:00, run_after=2025-06-13 00:00:00+00:00
[2025-06-13T14:47:18.190+0000] {processor.py:183} INFO - Processing /home/airflow/.local/lib/python3.10/site-packages/airflow/example_dags/example_task_group_decorator.py took 0.054 seconds
[2025-06-13T14:47:49.354+0000] {processor.py:161} INFO - Started process (PID=464) to work on /home/airflow/.local/lib/python3.10/site-packages/airflow/example_dags/example_task_group_decorator.py
[2025-06-13T14:47:49.355+0000] {processor.py:830} INFO - Processing file /home/airflow/.local/lib/python3.10/site-packages/airflow/example_dags/example_task_group_decorator.py for tasks to queue
[2025-06-13T14:47:49.356+0000] {logging_mixin.py:188} INFO - [2025-06-13T14:47:49.356+0000] {dagbag.py:540} INFO - Filling up the DagBag from /home/airflow/.local/lib/python3.10/site-packages/airflow/example_dags/example_task_group_decorator.py
[2025-06-13T14:47:49.367+0000] {processor.py:840} INFO - DAG(s) 'example_task_group_decorator' retrieved from /home/airflow/.local/lib/python3.10/site-packages/airflow/example_dags/example_task_group_decorator.py
[2025-06-13T14:47:49.394+0000] {logging_mixin.py:188} INFO - [2025-06-13T14:47:49.394+0000] {dag.py:3096} INFO - Sync 1 DAGs
[2025-06-13T14:47:49.413+0000] {logging_mixin.py:188} INFO - [2025-06-13T14:47:49.413+0000] {dag.py:3954} INFO - Setting next_dagrun for example_task_group_decorator to 2025-06-12 00:00:00+00:00, run_after=2025-06-13 00:00:00+00:00
[2025-06-13T14:47:49.424+0000] {processor.py:183} INFO - Processing /home/airflow/.local/lib/python3.10/site-packages/airflow/example_dags/example_task_group_decorator.py took 0.073 seconds
[2025-06-13T14:48:20.167+0000] {processor.py:161} INFO - Started process (PID=524) to work on /home/airflow/.local/lib/python3.10/site-packages/airflow/example_dags/example_task_group_decorator.py
[2025-06-13T14:48:20.168+0000] {processor.py:830} INFO - Processing file /home/airflow/.local/lib/python3.10/site-packages/airflow/example_dags/example_task_group_decorator.py for tasks to queue
[2025-06-13T14:48:20.169+0000] {logging_mixin.py:188} INFO - [2025-06-13T14:48:20.169+0000] {dagbag.py:540} INFO - Filling up the DagBag from /home/airflow/.local/lib/python3.10/site-packages/airflow/example_dags/example_task_group_decorator.py
[2025-06-13T14:48:20.177+0000] {processor.py:840} INFO - DAG(s) 'example_task_group_decorator' retrieved from /home/airflow/.local/lib/python3.10/site-packages/airflow/example_dags/example_task_group_decorator.py
[2025-06-13T14:48:20.201+0000] {logging_mixin.py:188} INFO - [2025-06-13T14:48:20.201+0000] {dag.py:3096} INFO - Sync 1 DAGs
[2025-06-13T14:48:20.223+0000] {logging_mixin.py:188} INFO - [2025-06-13T14:48:20.223+0000] {dag.py:3954} INFO - Setting next_dagrun for example_task_group_decorator to 2025-06-12 00:00:00+00:00, run_after=2025-06-13 00:00:00+00:00
[2025-06-13T14:48:20.238+0000] {processor.py:183} INFO - Processing /home/airflow/.local/lib/python3.10/site-packages/airflow/example_dags/example_task_group_decorator.py took 0.075 seconds
[2025-06-13T14:48:50.604+0000] {processor.py:161} INFO - Started process (PID=584) to work on /home/airflow/.local/lib/python3.10/site-packages/airflow/example_dags/example_task_group_decorator.py
[2025-06-13T14:48:50.605+0000] {processor.py:830} INFO - Processing file /home/airflow/.local/lib/python3.10/site-packages/airflow/example_dags/example_task_group_decorator.py for tasks to queue
[2025-06-13T14:48:50.607+0000] {logging_mixin.py:188} INFO - [2025-06-13T14:48:50.607+0000] {dagbag.py:540} INFO - Filling up the DagBag from /home/airflow/.local/lib/python3.10/site-packages/airflow/example_dags/example_task_group_decorator.py
[2025-06-13T14:48:50.617+0000] {processor.py:840} INFO - DAG(s) 'example_task_group_decorator' retrieved from /home/airflow/.local/lib/python3.10/site-packages/airflow/example_dags/example_task_group_decorator.py
[2025-06-13T14:48:50.640+0000] {logging_mixin.py:188} INFO - [2025-06-13T14:48:50.640+0000] {dag.py:3096} INFO - Sync 1 DAGs
[2025-06-13T14:48:50.660+0000] {logging_mixin.py:188} INFO - [2025-06-13T14:48:50.660+0000] {dag.py:3954} INFO - Setting next_dagrun for example_task_group_decorator to 2025-06-12 00:00:00+00:00, run_after=2025-06-13 00:00:00+00:00
[2025-06-13T14:48:50.675+0000] {processor.py:183} INFO - Processing /home/airflow/.local/lib/python3.10/site-packages/airflow/example_dags/example_task_group_decorator.py took 0.080 seconds
[2025-06-13T14:49:21.112+0000] {processor.py:161} INFO - Started process (PID=644) to work on /home/airflow/.local/lib/python3.10/site-packages/airflow/example_dags/example_task_group_decorator.py
[2025-06-13T14:49:21.115+0000] {processor.py:830} INFO - Processing file /home/airflow/.local/lib/python3.10/site-packages/airflow/example_dags/example_task_group_decorator.py for tasks to queue
[2025-06-13T14:49:21.117+0000] {logging_mixin.py:188} INFO - [2025-06-13T14:49:21.117+0000] {dagbag.py:540} INFO - Filling up the DagBag from /home/airflow/.local/lib/python3.10/site-packages/airflow/example_dags/example_task_group_decorator.py
[2025-06-13T14:49:21.129+0000] {processor.py:840} INFO - DAG(s) 'example_task_group_decorator' retrieved from /home/airflow/.local/lib/python3.10/site-packages/airflow/example_dags/example_task_group_decorator.py
[2025-06-13T14:49:21.148+0000] {logging_mixin.py:188} INFO - [2025-06-13T14:49:21.148+0000] {dag.py:3096} INFO - Sync 1 DAGs
[2025-06-13T14:49:21.161+0000] {logging_mixin.py:188} INFO - [2025-06-13T14:49:21.160+0000] {dag.py:3954} INFO - Setting next_dagrun for example_task_group_decorator to 2025-06-12 00:00:00+00:00, run_after=2025-06-13 00:00:00+00:00
[2025-06-13T14:49:21.171+0000] {processor.py:183} INFO - Processing /home/airflow/.local/lib/python3.10/site-packages/airflow/example_dags/example_task_group_decorator.py took 0.064 seconds
[2025-06-13T14:49:51.385+0000] {processor.py:161} INFO - Started process (PID=704) to work on /home/airflow/.local/lib/python3.10/site-packages/airflow/example_dags/example_task_group_decorator.py
[2025-06-13T14:49:51.387+0000] {processor.py:830} INFO - Processing file /home/airflow/.local/lib/python3.10/site-packages/airflow/example_dags/example_task_group_decorator.py for tasks to queue
[2025-06-13T14:49:51.388+0000] {logging_mixin.py:188} INFO - [2025-06-13T14:49:51.388+0000] {dagbag.py:540} INFO - Filling up the DagBag from /home/airflow/.local/lib/python3.10/site-packages/airflow/example_dags/example_task_group_decorator.py
[2025-06-13T14:49:51.396+0000] {processor.py:840} INFO - DAG(s) 'example_task_group_decorator' retrieved from /home/airflow/.local/lib/python3.10/site-packages/airflow/example_dags/example_task_group_decorator.py
[2025-06-13T14:49:51.412+0000] {logging_mixin.py:188} INFO - [2025-06-13T14:49:51.412+0000] {dag.py:3096} INFO - Sync 1 DAGs
[2025-06-13T14:49:51.424+0000] {logging_mixin.py:188} INFO - [2025-06-13T14:49:51.424+0000] {dag.py:3954} INFO - Setting next_dagrun for example_task_group_decorator to 2025-06-12 00:00:00+00:00, run_after=2025-06-13 00:00:00+00:00
[2025-06-13T14:49:51.435+0000] {processor.py:183} INFO - Processing /home/airflow/.local/lib/python3.10/site-packages/airflow/example_dags/example_task_group_decorator.py took 0.053 seconds
[2025-06-13T14:50:21.710+0000] {processor.py:161} INFO - Started process (PID=764) to work on /home/airflow/.local/lib/python3.10/site-packages/airflow/example_dags/example_task_group_decorator.py
[2025-06-13T14:50:21.711+0000] {processor.py:830} INFO - Processing file /home/airflow/.local/lib/python3.10/site-packages/airflow/example_dags/example_task_group_decorator.py for tasks to queue
[2025-06-13T14:50:21.712+0000] {logging_mixin.py:188} INFO - [2025-06-13T14:50:21.712+0000] {dagbag.py:540} INFO - Filling up the DagBag from /home/airflow/.local/lib/python3.10/site-packages/airflow/example_dags/example_task_group_decorator.py
[2025-06-13T14:50:21.722+0000] {processor.py:840} INFO - DAG(s) 'example_task_group_decorator' retrieved from /home/airflow/.local/lib/python3.10/site-packages/airflow/example_dags/example_task_group_decorator.py
[2025-06-13T14:50:21.741+0000] {logging_mixin.py:188} INFO - [2025-06-13T14:50:21.741+0000] {dag.py:3096} INFO - Sync 1 DAGs
[2025-06-13T14:50:21.754+0000] {logging_mixin.py:188} INFO - [2025-06-13T14:50:21.754+0000] {dag.py:3954} INFO - Setting next_dagrun for example_task_group_decorator to 2025-06-12 00:00:00+00:00, run_after=2025-06-13 00:00:00+00:00
[2025-06-13T14:50:21.764+0000] {processor.py:183} INFO - Processing /home/airflow/.local/lib/python3.10/site-packages/airflow/example_dags/example_task_group_decorator.py took 0.059 seconds
[2025-06-13T14:50:52.096+0000] {processor.py:161} INFO - Started process (PID=822) to work on /home/airflow/.local/lib/python3.10/site-packages/airflow/example_dags/example_task_group_decorator.py
[2025-06-13T14:50:52.097+0000] {processor.py:830} INFO - Processing file /home/airflow/.local/lib/python3.10/site-packages/airflow/example_dags/example_task_group_decorator.py for tasks to queue
[2025-06-13T14:50:52.098+0000] {logging_mixin.py:188} INFO - [2025-06-13T14:50:52.098+0000] {dagbag.py:540} INFO - Filling up the DagBag from /home/airflow/.local/lib/python3.10/site-packages/airflow/example_dags/example_task_group_decorator.py
[2025-06-13T14:50:52.105+0000] {processor.py:840} INFO - DAG(s) 'example_task_group_decorator' retrieved from /home/airflow/.local/lib/python3.10/site-packages/airflow/example_dags/example_task_group_decorator.py
[2025-06-13T14:50:52.122+0000] {logging_mixin.py:188} INFO - [2025-06-13T14:50:52.122+0000] {dag.py:3096} INFO - Sync 1 DAGs
[2025-06-13T14:50:52.136+0000] {logging_mixin.py:188} INFO - [2025-06-13T14:50:52.135+0000] {dag.py:3954} INFO - Setting next_dagrun for example_task_group_decorator to 2025-06-12 00:00:00+00:00, run_after=2025-06-13 00:00:00+00:00
[2025-06-13T14:50:52.147+0000] {processor.py:183} INFO - Processing /home/airflow/.local/lib/python3.10/site-packages/airflow/example_dags/example_task_group_decorator.py took 0.056 seconds
[2025-06-13T14:51:22.969+0000] {processor.py:161} INFO - Started process (PID=884) to work on /home/airflow/.local/lib/python3.10/site-packages/airflow/example_dags/example_task_group_decorator.py
[2025-06-13T14:51:22.971+0000] {processor.py:830} INFO - Processing file /home/airflow/.local/lib/python3.10/site-packages/airflow/example_dags/example_task_group_decorator.py for tasks to queue
[2025-06-13T14:51:22.972+0000] {logging_mixin.py:188} INFO - [2025-06-13T14:51:22.972+0000] {dagbag.py:540} INFO - Filling up the DagBag from /home/airflow/.local/lib/python3.10/site-packages/airflow/example_dags/example_task_group_decorator.py
[2025-06-13T14:51:22.981+0000] {processor.py:840} INFO - DAG(s) 'example_task_group_decorator' retrieved from /home/airflow/.local/lib/python3.10/site-packages/airflow/example_dags/example_task_group_decorator.py
[2025-06-13T14:51:22.995+0000] {logging_mixin.py:188} INFO - [2025-06-13T14:51:22.995+0000] {dag.py:3096} INFO - Sync 1 DAGs
[2025-06-13T14:51:23.007+0000] {logging_mixin.py:188} INFO - [2025-06-13T14:51:23.007+0000] {dag.py:3954} INFO - Setting next_dagrun for example_task_group_decorator to 2025-06-12 00:00:00+00:00, run_after=2025-06-13 00:00:00+00:00
[2025-06-13T14:51:23.016+0000] {processor.py:183} INFO - Processing /home/airflow/.local/lib/python3.10/site-packages/airflow/example_dags/example_task_group_decorator.py took 0.051 seconds
[2025-06-13T14:51:53.695+0000] {processor.py:161} INFO - Started process (PID=944) to work on /home/airflow/.local/lib/python3.10/site-packages/airflow/example_dags/example_task_group_decorator.py
[2025-06-13T14:51:53.697+0000] {processor.py:830} INFO - Processing file /home/airflow/.local/lib/python3.10/site-packages/airflow/example_dags/example_task_group_decorator.py for tasks to queue
[2025-06-13T14:51:53.698+0000] {logging_mixin.py:188} INFO - [2025-06-13T14:51:53.698+0000] {dagbag.py:540} INFO - Filling up the DagBag from /home/airflow/.local/lib/python3.10/site-packages/airflow/example_dags/example_task_group_decorator.py
[2025-06-13T14:51:53.706+0000] {processor.py:840} INFO - DAG(s) 'example_task_group_decorator' retrieved from /home/airflow/.local/lib/python3.10/site-packages/airflow/example_dags/example_task_group_decorator.py
[2025-06-13T14:51:53.725+0000] {logging_mixin.py:188} INFO - [2025-06-13T14:51:53.725+0000] {dag.py:3096} INFO - Sync 1 DAGs
[2025-06-13T14:51:53.738+0000] {logging_mixin.py:188} INFO - [2025-06-13T14:51:53.738+0000] {dag.py:3954} INFO - Setting next_dagrun for example_task_group_decorator to 2025-06-12 00:00:00+00:00, run_after=2025-06-13 00:00:00+00:00
[2025-06-13T14:51:53.748+0000] {processor.py:183} INFO - Processing /home/airflow/.local/lib/python3.10/site-packages/airflow/example_dags/example_task_group_decorator.py took 0.058 seconds
[2025-06-13T14:52:24.063+0000] {processor.py:161} INFO - Started process (PID=1002) to work on /home/airflow/.local/lib/python3.10/site-packages/airflow/example_dags/example_task_group_decorator.py
[2025-06-13T14:52:24.064+0000] {processor.py:830} INFO - Processing file /home/airflow/.local/lib/python3.10/site-packages/airflow/example_dags/example_task_group_decorator.py for tasks to queue
[2025-06-13T14:52:24.066+0000] {logging_mixin.py:188} INFO - [2025-06-13T14:52:24.066+0000] {dagbag.py:540} INFO - Filling up the DagBag from /home/airflow/.local/lib/python3.10/site-packages/airflow/example_dags/example_task_group_decorator.py
[2025-06-13T14:52:24.074+0000] {processor.py:840} INFO - DAG(s) 'example_task_group_decorator' retrieved from /home/airflow/.local/lib/python3.10/site-packages/airflow/example_dags/example_task_group_decorator.py
[2025-06-13T14:52:24.096+0000] {logging_mixin.py:188} INFO - [2025-06-13T14:52:24.096+0000] {dag.py:3096} INFO - Sync 1 DAGs
[2025-06-13T14:52:24.111+0000] {logging_mixin.py:188} INFO - [2025-06-13T14:52:24.111+0000] {dag.py:3954} INFO - Setting next_dagrun for example_task_group_decorator to 2025-06-12 00:00:00+00:00, run_after=2025-06-13 00:00:00+00:00
[2025-06-13T14:52:24.124+0000] {processor.py:183} INFO - Processing /home/airflow/.local/lib/python3.10/site-packages/airflow/example_dags/example_task_group_decorator.py took 0.065 seconds
[2025-06-13T14:52:54.314+0000] {processor.py:161} INFO - Started process (PID=1062) to work on /home/airflow/.local/lib/python3.10/site-packages/airflow/example_dags/example_task_group_decorator.py
[2025-06-13T14:52:54.314+0000] {processor.py:830} INFO - Processing file /home/airflow/.local/lib/python3.10/site-packages/airflow/example_dags/example_task_group_decorator.py for tasks to queue
[2025-06-13T14:52:54.315+0000] {logging_mixin.py:188} INFO - [2025-06-13T14:52:54.315+0000] {dagbag.py:540} INFO - Filling up the DagBag from /home/airflow/.local/lib/python3.10/site-packages/airflow/example_dags/example_task_group_decorator.py
[2025-06-13T14:52:54.323+0000] {processor.py:840} INFO - DAG(s) 'example_task_group_decorator' retrieved from /home/airflow/.local/lib/python3.10/site-packages/airflow/example_dags/example_task_group_decorator.py
[2025-06-13T14:52:54.338+0000] {logging_mixin.py:188} INFO - [2025-06-13T14:52:54.338+0000] {dag.py:3096} INFO - Sync 1 DAGs
[2025-06-13T14:52:54.351+0000] {logging_mixin.py:188} INFO - [2025-06-13T14:52:54.351+0000] {dag.py:3954} INFO - Setting next_dagrun for example_task_group_decorator to 2025-06-12 00:00:00+00:00, run_after=2025-06-13 00:00:00+00:00
[2025-06-13T14:52:54.362+0000] {processor.py:183} INFO - Processing /home/airflow/.local/lib/python3.10/site-packages/airflow/example_dags/example_task_group_decorator.py took 0.052 seconds
[2025-06-13T14:53:24.856+0000] {processor.py:161} INFO - Started process (PID=1122) to work on /home/airflow/.local/lib/python3.10/site-packages/airflow/example_dags/example_task_group_decorator.py
[2025-06-13T14:53:24.857+0000] {processor.py:830} INFO - Processing file /home/airflow/.local/lib/python3.10/site-packages/airflow/example_dags/example_task_group_decorator.py for tasks to queue
[2025-06-13T14:53:24.858+0000] {logging_mixin.py:188} INFO - [2025-06-13T14:53:24.857+0000] {dagbag.py:540} INFO - Filling up the DagBag from /home/airflow/.local/lib/python3.10/site-packages/airflow/example_dags/example_task_group_decorator.py
[2025-06-13T14:53:24.865+0000] {processor.py:840} INFO - DAG(s) 'example_task_group_decorator' retrieved from /home/airflow/.local/lib/python3.10/site-packages/airflow/example_dags/example_task_group_decorator.py
[2025-06-13T14:53:24.880+0000] {logging_mixin.py:188} INFO - [2025-06-13T14:53:24.879+0000] {dag.py:3096} INFO - Sync 1 DAGs
[2025-06-13T14:53:24.892+0000] {logging_mixin.py:188} INFO - [2025-06-13T14:53:24.892+0000] {dag.py:3954} INFO - Setting next_dagrun for example_task_group_decorator to 2025-06-12 00:00:00+00:00, run_after=2025-06-13 00:00:00+00:00
[2025-06-13T14:53:24.908+0000] {processor.py:183} INFO - Processing /home/airflow/.local/lib/python3.10/site-packages/airflow/example_dags/example_task_group_decorator.py took 0.056 seconds
[2025-06-13T14:53:55.784+0000] {processor.py:161} INFO - Started process (PID=1182) to work on /home/airflow/.local/lib/python3.10/site-packages/airflow/example_dags/example_task_group_decorator.py
[2025-06-13T14:53:55.785+0000] {processor.py:830} INFO - Processing file /home/airflow/.local/lib/python3.10/site-packages/airflow/example_dags/example_task_group_decorator.py for tasks to queue
[2025-06-13T14:53:55.787+0000] {logging_mixin.py:188} INFO - [2025-06-13T14:53:55.786+0000] {dagbag.py:540} INFO - Filling up the DagBag from /home/airflow/.local/lib/python3.10/site-packages/airflow/example_dags/example_task_group_decorator.py
[2025-06-13T14:53:55.795+0000] {processor.py:840} INFO - DAG(s) 'example_task_group_decorator' retrieved from /home/airflow/.local/lib/python3.10/site-packages/airflow/example_dags/example_task_group_decorator.py
[2025-06-13T14:53:55.814+0000] {logging_mixin.py:188} INFO - [2025-06-13T14:53:55.814+0000] {dag.py:3096} INFO - Sync 1 DAGs
[2025-06-13T14:53:55.840+0000] {logging_mixin.py:188} INFO - [2025-06-13T14:53:55.839+0000] {dag.py:3954} INFO - Setting next_dagrun for example_task_group_decorator to 2025-06-12 00:00:00+00:00, run_after=2025-06-13 00:00:00+00:00
[2025-06-13T14:53:55.867+0000] {processor.py:183} INFO - Processing /home/airflow/.local/lib/python3.10/site-packages/airflow/example_dags/example_task_group_decorator.py took 0.087 seconds
[2025-06-13T14:54:26.131+0000] {processor.py:161} INFO - Started process (PID=1242) to work on /home/airflow/.local/lib/python3.10/site-packages/airflow/example_dags/example_task_group_decorator.py
[2025-06-13T14:54:26.133+0000] {processor.py:830} INFO - Processing file /home/airflow/.local/lib/python3.10/site-packages/airflow/example_dags/example_task_group_decorator.py for tasks to queue
[2025-06-13T14:54:26.134+0000] {logging_mixin.py:188} INFO - [2025-06-13T14:54:26.134+0000] {dagbag.py:540} INFO - Filling up the DagBag from /home/airflow/.local/lib/python3.10/site-packages/airflow/example_dags/example_task_group_decorator.py
[2025-06-13T14:54:26.142+0000] {processor.py:840} INFO - DAG(s) 'example_task_group_decorator' retrieved from /home/airflow/.local/lib/python3.10/site-packages/airflow/example_dags/example_task_group_decorator.py
[2025-06-13T14:54:26.162+0000] {logging_mixin.py:188} INFO - [2025-06-13T14:54:26.162+0000] {dag.py:3096} INFO - Sync 1 DAGs
[2025-06-13T14:54:26.174+0000] {logging_mixin.py:188} INFO - [2025-06-13T14:54:26.173+0000] {dag.py:3954} INFO - Setting next_dagrun for example_task_group_decorator to 2025-06-12 00:00:00+00:00, run_after=2025-06-13 00:00:00+00:00
[2025-06-13T14:54:26.184+0000] {processor.py:183} INFO - Processing /home/airflow/.local/lib/python3.10/site-packages/airflow/example_dags/example_task_group_decorator.py took 0.057 seconds
[2025-06-13T14:54:56.213+0000] {processor.py:161} INFO - Started process (PID=1302) to work on /home/airflow/.local/lib/python3.10/site-packages/airflow/example_dags/example_task_group_decorator.py
[2025-06-13T14:54:56.214+0000] {processor.py:830} INFO - Processing file /home/airflow/.local/lib/python3.10/site-packages/airflow/example_dags/example_task_group_decorator.py for tasks to queue
[2025-06-13T14:54:56.218+0000] {logging_mixin.py:188} INFO - [2025-06-13T14:54:56.218+0000] {dagbag.py:540} INFO - Filling up the DagBag from /home/airflow/.local/lib/python3.10/site-packages/airflow/example_dags/example_task_group_decorator.py
[2025-06-13T14:54:56.225+0000] {processor.py:840} INFO - DAG(s) 'example_task_group_decorator' retrieved from /home/airflow/.local/lib/python3.10/site-packages/airflow/example_dags/example_task_group_decorator.py
[2025-06-13T14:54:56.241+0000] {logging_mixin.py:188} INFO - [2025-06-13T14:54:56.240+0000] {dag.py:3096} INFO - Sync 1 DAGs
[2025-06-13T14:54:56.253+0000] {logging_mixin.py:188} INFO - [2025-06-13T14:54:56.252+0000] {dag.py:3954} INFO - Setting next_dagrun for example_task_group_decorator to 2025-06-12 00:00:00+00:00, run_after=2025-06-13 00:00:00+00:00
[2025-06-13T14:54:56.262+0000] {processor.py:183} INFO - Processing /home/airflow/.local/lib/python3.10/site-packages/airflow/example_dags/example_task_group_decorator.py took 0.052 seconds
[2025-06-13T14:55:26.915+0000] {processor.py:161} INFO - Started process (PID=1362) to work on /home/airflow/.local/lib/python3.10/site-packages/airflow/example_dags/example_task_group_decorator.py
[2025-06-13T14:55:26.917+0000] {processor.py:830} INFO - Processing file /home/airflow/.local/lib/python3.10/site-packages/airflow/example_dags/example_task_group_decorator.py for tasks to queue
[2025-06-13T14:55:26.918+0000] {logging_mixin.py:188} INFO - [2025-06-13T14:55:26.918+0000] {dagbag.py:540} INFO - Filling up the DagBag from /home/airflow/.local/lib/python3.10/site-packages/airflow/example_dags/example_task_group_decorator.py
[2025-06-13T14:55:26.925+0000] {processor.py:840} INFO - DAG(s) 'example_task_group_decorator' retrieved from /home/airflow/.local/lib/python3.10/site-packages/airflow/example_dags/example_task_group_decorator.py
[2025-06-13T14:55:26.942+0000] {logging_mixin.py:188} INFO - [2025-06-13T14:55:26.942+0000] {dag.py:3096} INFO - Sync 1 DAGs
[2025-06-13T14:55:26.955+0000] {logging_mixin.py:188} INFO - [2025-06-13T14:55:26.955+0000] {dag.py:3954} INFO - Setting next_dagrun for example_task_group_decorator to 2025-06-12 00:00:00+00:00, run_after=2025-06-13 00:00:00+00:00
[2025-06-13T14:55:26.975+0000] {processor.py:183} INFO - Processing /home/airflow/.local/lib/python3.10/site-packages/airflow/example_dags/example_task_group_decorator.py took 0.064 seconds
[2025-06-13T14:55:57.102+0000] {processor.py:161} INFO - Started process (PID=1422) to work on /home/airflow/.local/lib/python3.10/site-packages/airflow/example_dags/example_task_group_decorator.py
[2025-06-13T14:55:57.103+0000] {processor.py:830} INFO - Processing file /home/airflow/.local/lib/python3.10/site-packages/airflow/example_dags/example_task_group_decorator.py for tasks to queue
[2025-06-13T14:55:57.104+0000] {logging_mixin.py:188} INFO - [2025-06-13T14:55:57.104+0000] {dagbag.py:540} INFO - Filling up the DagBag from /home/airflow/.local/lib/python3.10/site-packages/airflow/example_dags/example_task_group_decorator.py
[2025-06-13T14:55:57.110+0000] {processor.py:840} INFO - DAG(s) 'example_task_group_decorator' retrieved from /home/airflow/.local/lib/python3.10/site-packages/airflow/example_dags/example_task_group_decorator.py
[2025-06-13T14:55:57.131+0000] {logging_mixin.py:188} INFO - [2025-06-13T14:55:57.131+0000] {dag.py:3096} INFO - Sync 1 DAGs
[2025-06-13T14:55:57.147+0000] {logging_mixin.py:188} INFO - [2025-06-13T14:55:57.147+0000] {dag.py:3954} INFO - Setting next_dagrun for example_task_group_decorator to 2025-06-12 00:00:00+00:00, run_after=2025-06-13 00:00:00+00:00
[2025-06-13T14:55:57.159+0000] {processor.py:183} INFO - Processing /home/airflow/.local/lib/python3.10/site-packages/airflow/example_dags/example_task_group_decorator.py took 0.061 seconds
[2025-06-13T14:56:27.587+0000] {processor.py:161} INFO - Started process (PID=1482) to work on /home/airflow/.local/lib/python3.10/site-packages/airflow/example_dags/example_task_group_decorator.py
[2025-06-13T14:56:27.588+0000] {processor.py:830} INFO - Processing file /home/airflow/.local/lib/python3.10/site-packages/airflow/example_dags/example_task_group_decorator.py for tasks to queue
[2025-06-13T14:56:27.589+0000] {logging_mixin.py:188} INFO - [2025-06-13T14:56:27.589+0000] {dagbag.py:540} INFO - Filling up the DagBag from /home/airflow/.local/lib/python3.10/site-packages/airflow/example_dags/example_task_group_decorator.py
[2025-06-13T14:56:27.596+0000] {processor.py:840} INFO - DAG(s) 'example_task_group_decorator' retrieved from /home/airflow/.local/lib/python3.10/site-packages/airflow/example_dags/example_task_group_decorator.py
[2025-06-13T14:56:27.615+0000] {logging_mixin.py:188} INFO - [2025-06-13T14:56:27.615+0000] {dag.py:3096} INFO - Sync 1 DAGs
[2025-06-13T14:56:27.630+0000] {logging_mixin.py:188} INFO - [2025-06-13T14:56:27.629+0000] {dag.py:3954} INFO - Setting next_dagrun for example_task_group_decorator to 2025-06-12 00:00:00+00:00, run_after=2025-06-13 00:00:00+00:00
[2025-06-13T14:56:27.644+0000] {processor.py:183} INFO - Processing /home/airflow/.local/lib/python3.10/site-packages/airflow/example_dags/example_task_group_decorator.py took 0.060 seconds
[2025-06-13T14:56:57.899+0000] {processor.py:161} INFO - Started process (PID=1542) to work on /home/airflow/.local/lib/python3.10/site-packages/airflow/example_dags/example_task_group_decorator.py
[2025-06-13T14:56:57.900+0000] {processor.py:830} INFO - Processing file /home/airflow/.local/lib/python3.10/site-packages/airflow/example_dags/example_task_group_decorator.py for tasks to queue
[2025-06-13T14:56:57.901+0000] {logging_mixin.py:188} INFO - [2025-06-13T14:56:57.901+0000] {dagbag.py:540} INFO - Filling up the DagBag from /home/airflow/.local/lib/python3.10/site-packages/airflow/example_dags/example_task_group_decorator.py
[2025-06-13T14:56:57.908+0000] {processor.py:840} INFO - DAG(s) 'example_task_group_decorator' retrieved from /home/airflow/.local/lib/python3.10/site-packages/airflow/example_dags/example_task_group_decorator.py
[2025-06-13T14:56:57.928+0000] {logging_mixin.py:188} INFO - [2025-06-13T14:56:57.928+0000] {dag.py:3096} INFO - Sync 1 DAGs
[2025-06-13T14:56:57.946+0000] {logging_mixin.py:188} INFO - [2025-06-13T14:56:57.946+0000] {dag.py:3954} INFO - Setting next_dagrun for example_task_group_decorator to 2025-06-12 00:00:00+00:00, run_after=2025-06-13 00:00:00+00:00
[2025-06-13T14:56:57.967+0000] {processor.py:183} INFO - Processing /home/airflow/.local/lib/python3.10/site-packages/airflow/example_dags/example_task_group_decorator.py took 0.072 seconds
[2025-06-13T14:57:28.804+0000] {processor.py:161} INFO - Started process (PID=1602) to work on /home/airflow/.local/lib/python3.10/site-packages/airflow/example_dags/example_task_group_decorator.py
[2025-06-13T14:57:28.805+0000] {processor.py:830} INFO - Processing file /home/airflow/.local/lib/python3.10/site-packages/airflow/example_dags/example_task_group_decorator.py for tasks to queue
[2025-06-13T14:57:28.806+0000] {logging_mixin.py:188} INFO - [2025-06-13T14:57:28.806+0000] {dagbag.py:540} INFO - Filling up the DagBag from /home/airflow/.local/lib/python3.10/site-packages/airflow/example_dags/example_task_group_decorator.py
[2025-06-13T14:57:28.813+0000] {processor.py:840} INFO - DAG(s) 'example_task_group_decorator' retrieved from /home/airflow/.local/lib/python3.10/site-packages/airflow/example_dags/example_task_group_decorator.py
[2025-06-13T14:57:28.828+0000] {logging_mixin.py:188} INFO - [2025-06-13T14:57:28.828+0000] {dag.py:3096} INFO - Sync 1 DAGs
[2025-06-13T14:57:28.844+0000] {logging_mixin.py:188} INFO - [2025-06-13T14:57:28.844+0000] {dag.py:3954} INFO - Setting next_dagrun for example_task_group_decorator to 2025-06-12 00:00:00+00:00, run_after=2025-06-13 00:00:00+00:00
[2025-06-13T14:57:28.859+0000] {processor.py:183} INFO - Processing /home/airflow/.local/lib/python3.10/site-packages/airflow/example_dags/example_task_group_decorator.py took 0.059 seconds
[2025-06-13T14:57:59.591+0000] {processor.py:161} INFO - Started process (PID=1662) to work on /home/airflow/.local/lib/python3.10/site-packages/airflow/example_dags/example_task_group_decorator.py
[2025-06-13T14:57:59.593+0000] {processor.py:830} INFO - Processing file /home/airflow/.local/lib/python3.10/site-packages/airflow/example_dags/example_task_group_decorator.py for tasks to queue
[2025-06-13T14:57:59.596+0000] {logging_mixin.py:188} INFO - [2025-06-13T14:57:59.596+0000] {dagbag.py:540} INFO - Filling up the DagBag from /home/airflow/.local/lib/python3.10/site-packages/airflow/example_dags/example_task_group_decorator.py
[2025-06-13T14:57:59.606+0000] {processor.py:840} INFO - DAG(s) 'example_task_group_decorator' retrieved from /home/airflow/.local/lib/python3.10/site-packages/airflow/example_dags/example_task_group_decorator.py
[2025-06-13T14:57:59.628+0000] {logging_mixin.py:188} INFO - [2025-06-13T14:57:59.628+0000] {dag.py:3096} INFO - Sync 1 DAGs
[2025-06-13T14:57:59.648+0000] {logging_mixin.py:188} INFO - [2025-06-13T14:57:59.648+0000] {dag.py:3954} INFO - Setting next_dagrun for example_task_group_decorator to 2025-06-12 00:00:00+00:00, run_after=2025-06-13 00:00:00+00:00
[2025-06-13T14:57:59.662+0000] {processor.py:183} INFO - Processing /home/airflow/.local/lib/python3.10/site-packages/airflow/example_dags/example_task_group_decorator.py took 0.075 seconds
[2025-06-13T14:58:30.968+0000] {processor.py:161} INFO - Started process (PID=1722) to work on /home/airflow/.local/lib/python3.10/site-packages/airflow/example_dags/example_task_group_decorator.py
[2025-06-13T14:58:30.968+0000] {processor.py:830} INFO - Processing file /home/airflow/.local/lib/python3.10/site-packages/airflow/example_dags/example_task_group_decorator.py for tasks to queue
[2025-06-13T14:58:30.970+0000] {logging_mixin.py:188} INFO - [2025-06-13T14:58:30.969+0000] {dagbag.py:540} INFO - Filling up the DagBag from /home/airflow/.local/lib/python3.10/site-packages/airflow/example_dags/example_task_group_decorator.py
[2025-06-13T14:58:30.977+0000] {processor.py:840} INFO - DAG(s) 'example_task_group_decorator' retrieved from /home/airflow/.local/lib/python3.10/site-packages/airflow/example_dags/example_task_group_decorator.py
[2025-06-13T14:58:30.995+0000] {logging_mixin.py:188} INFO - [2025-06-13T14:58:30.995+0000] {dag.py:3096} INFO - Sync 1 DAGs
[2025-06-13T14:58:31.010+0000] {logging_mixin.py:188} INFO - [2025-06-13T14:58:31.010+0000] {dag.py:3954} INFO - Setting next_dagrun for example_task_group_decorator to 2025-06-12 00:00:00+00:00, run_after=2025-06-13 00:00:00+00:00
[2025-06-13T14:58:31.024+0000] {processor.py:183} INFO - Processing /home/airflow/.local/lib/python3.10/site-packages/airflow/example_dags/example_task_group_decorator.py took 0.060 seconds
[2025-06-13T14:59:01.746+0000] {processor.py:161} INFO - Started process (PID=1782) to work on /home/airflow/.local/lib/python3.10/site-packages/airflow/example_dags/example_task_group_decorator.py
[2025-06-13T14:59:01.748+0000] {processor.py:830} INFO - Processing file /home/airflow/.local/lib/python3.10/site-packages/airflow/example_dags/example_task_group_decorator.py for tasks to queue
[2025-06-13T14:59:01.750+0000] {logging_mixin.py:188} INFO - [2025-06-13T14:59:01.750+0000] {dagbag.py:540} INFO - Filling up the DagBag from /home/airflow/.local/lib/python3.10/site-packages/airflow/example_dags/example_task_group_decorator.py
[2025-06-13T14:59:01.757+0000] {processor.py:840} INFO - DAG(s) 'example_task_group_decorator' retrieved from /home/airflow/.local/lib/python3.10/site-packages/airflow/example_dags/example_task_group_decorator.py
[2025-06-13T14:59:01.773+0000] {logging_mixin.py:188} INFO - [2025-06-13T14:59:01.773+0000] {dag.py:3096} INFO - Sync 1 DAGs
[2025-06-13T14:59:01.786+0000] {logging_mixin.py:188} INFO - [2025-06-13T14:59:01.785+0000] {dag.py:3954} INFO - Setting next_dagrun for example_task_group_decorator to 2025-06-12 00:00:00+00:00, run_after=2025-06-13 00:00:00+00:00
[2025-06-13T14:59:01.798+0000] {processor.py:183} INFO - Processing /home/airflow/.local/lib/python3.10/site-packages/airflow/example_dags/example_task_group_decorator.py took 0.056 seconds
[2025-06-13T14:59:32.056+0000] {processor.py:161} INFO - Started process (PID=1842) to work on /home/airflow/.local/lib/python3.10/site-packages/airflow/example_dags/example_task_group_decorator.py
[2025-06-13T14:59:32.058+0000] {processor.py:830} INFO - Processing file /home/airflow/.local/lib/python3.10/site-packages/airflow/example_dags/example_task_group_decorator.py for tasks to queue
[2025-06-13T14:59:32.059+0000] {logging_mixin.py:188} INFO - [2025-06-13T14:59:32.059+0000] {dagbag.py:540} INFO - Filling up the DagBag from /home/airflow/.local/lib/python3.10/site-packages/airflow/example_dags/example_task_group_decorator.py
[2025-06-13T14:59:32.066+0000] {processor.py:840} INFO - DAG(s) 'example_task_group_decorator' retrieved from /home/airflow/.local/lib/python3.10/site-packages/airflow/example_dags/example_task_group_decorator.py
[2025-06-13T14:59:32.080+0000] {logging_mixin.py:188} INFO - [2025-06-13T14:59:32.080+0000] {dag.py:3096} INFO - Sync 1 DAGs
[2025-06-13T14:59:32.092+0000] {logging_mixin.py:188} INFO - [2025-06-13T14:59:32.091+0000] {dag.py:3954} INFO - Setting next_dagrun for example_task_group_decorator to 2025-06-12 00:00:00+00:00, run_after=2025-06-13 00:00:00+00:00
[2025-06-13T14:59:32.103+0000] {processor.py:183} INFO - Processing /home/airflow/.local/lib/python3.10/site-packages/airflow/example_dags/example_task_group_decorator.py took 0.050 seconds
[2025-06-13T15:00:03.198+0000] {processor.py:161} INFO - Started process (PID=1902) to work on /home/airflow/.local/lib/python3.10/site-packages/airflow/example_dags/example_task_group_decorator.py
[2025-06-13T15:00:03.204+0000] {processor.py:830} INFO - Processing file /home/airflow/.local/lib/python3.10/site-packages/airflow/example_dags/example_task_group_decorator.py for tasks to queue
[2025-06-13T15:00:03.219+0000] {logging_mixin.py:188} INFO - [2025-06-13T15:00:03.219+0000] {dagbag.py:540} INFO - Filling up the DagBag from /home/airflow/.local/lib/python3.10/site-packages/airflow/example_dags/example_task_group_decorator.py
[2025-06-13T15:00:03.261+0000] {processor.py:840} INFO - DAG(s) 'example_task_group_decorator' retrieved from /home/airflow/.local/lib/python3.10/site-packages/airflow/example_dags/example_task_group_decorator.py
[2025-06-13T15:00:03.334+0000] {logging_mixin.py:188} INFO - [2025-06-13T15:00:03.334+0000] {dag.py:3096} INFO - Sync 1 DAGs
[2025-06-13T15:00:03.362+0000] {logging_mixin.py:188} INFO - [2025-06-13T15:00:03.362+0000] {dag.py:3954} INFO - Setting next_dagrun for example_task_group_decorator to 2025-06-12 00:00:00+00:00, run_after=2025-06-13 00:00:00+00:00
[2025-06-13T15:00:03.378+0000] {processor.py:183} INFO - Processing /home/airflow/.local/lib/python3.10/site-packages/airflow/example_dags/example_task_group_decorator.py took 0.190 seconds
[2025-06-13T15:00:33.539+0000] {processor.py:161} INFO - Started process (PID=1962) to work on /home/airflow/.local/lib/python3.10/site-packages/airflow/example_dags/example_task_group_decorator.py
[2025-06-13T15:00:33.541+0000] {processor.py:830} INFO - Processing file /home/airflow/.local/lib/python3.10/site-packages/airflow/example_dags/example_task_group_decorator.py for tasks to queue
[2025-06-13T15:00:33.543+0000] {logging_mixin.py:188} INFO - [2025-06-13T15:00:33.542+0000] {dagbag.py:540} INFO - Filling up the DagBag from /home/airflow/.local/lib/python3.10/site-packages/airflow/example_dags/example_task_group_decorator.py
[2025-06-13T15:00:33.551+0000] {processor.py:840} INFO - DAG(s) 'example_task_group_decorator' retrieved from /home/airflow/.local/lib/python3.10/site-packages/airflow/example_dags/example_task_group_decorator.py
[2025-06-13T15:00:33.566+0000] {logging_mixin.py:188} INFO - [2025-06-13T15:00:33.566+0000] {dag.py:3096} INFO - Sync 1 DAGs
[2025-06-13T15:00:33.578+0000] {logging_mixin.py:188} INFO - [2025-06-13T15:00:33.578+0000] {dag.py:3954} INFO - Setting next_dagrun for example_task_group_decorator to 2025-06-12 00:00:00+00:00, run_after=2025-06-13 00:00:00+00:00
[2025-06-13T15:00:33.590+0000] {processor.py:183} INFO - Processing /home/airflow/.local/lib/python3.10/site-packages/airflow/example_dags/example_task_group_decorator.py took 0.055 seconds
[2025-06-13T15:01:04.051+0000] {processor.py:161} INFO - Started process (PID=2022) to work on /home/airflow/.local/lib/python3.10/site-packages/airflow/example_dags/example_task_group_decorator.py
[2025-06-13T15:01:04.052+0000] {processor.py:830} INFO - Processing file /home/airflow/.local/lib/python3.10/site-packages/airflow/example_dags/example_task_group_decorator.py for tasks to queue
[2025-06-13T15:01:04.053+0000] {logging_mixin.py:188} INFO - [2025-06-13T15:01:04.053+0000] {dagbag.py:540} INFO - Filling up the DagBag from /home/airflow/.local/lib/python3.10/site-packages/airflow/example_dags/example_task_group_decorator.py
[2025-06-13T15:01:04.063+0000] {processor.py:840} INFO - DAG(s) 'example_task_group_decorator' retrieved from /home/airflow/.local/lib/python3.10/site-packages/airflow/example_dags/example_task_group_decorator.py
[2025-06-13T15:01:04.080+0000] {logging_mixin.py:188} INFO - [2025-06-13T15:01:04.080+0000] {dag.py:3096} INFO - Sync 1 DAGs
[2025-06-13T15:01:04.091+0000] {logging_mixin.py:188} INFO - [2025-06-13T15:01:04.091+0000] {dag.py:3954} INFO - Setting next_dagrun for example_task_group_decorator to 2025-06-12 00:00:00+00:00, run_after=2025-06-13 00:00:00+00:00
[2025-06-13T15:01:04.100+0000] {processor.py:183} INFO - Processing /home/airflow/.local/lib/python3.10/site-packages/airflow/example_dags/example_task_group_decorator.py took 0.052 seconds
[2025-06-13T15:01:34.419+0000] {processor.py:161} INFO - Started process (PID=2082) to work on /home/airflow/.local/lib/python3.10/site-packages/airflow/example_dags/example_task_group_decorator.py
[2025-06-13T15:01:34.421+0000] {processor.py:830} INFO - Processing file /home/airflow/.local/lib/python3.10/site-packages/airflow/example_dags/example_task_group_decorator.py for tasks to queue
[2025-06-13T15:01:34.423+0000] {logging_mixin.py:188} INFO - [2025-06-13T15:01:34.423+0000] {dagbag.py:540} INFO - Filling up the DagBag from /home/airflow/.local/lib/python3.10/site-packages/airflow/example_dags/example_task_group_decorator.py
[2025-06-13T15:01:34.430+0000] {processor.py:840} INFO - DAG(s) 'example_task_group_decorator' retrieved from /home/airflow/.local/lib/python3.10/site-packages/airflow/example_dags/example_task_group_decorator.py
[2025-06-13T15:01:34.444+0000] {logging_mixin.py:188} INFO - [2025-06-13T15:01:34.444+0000] {dag.py:3096} INFO - Sync 1 DAGs
[2025-06-13T15:01:34.456+0000] {logging_mixin.py:188} INFO - [2025-06-13T15:01:34.456+0000] {dag.py:3954} INFO - Setting next_dagrun for example_task_group_decorator to 2025-06-12 00:00:00+00:00, run_after=2025-06-13 00:00:00+00:00
[2025-06-13T15:01:34.465+0000] {processor.py:183} INFO - Processing /home/airflow/.local/lib/python3.10/site-packages/airflow/example_dags/example_task_group_decorator.py took 0.050 seconds
[2025-06-13T15:02:04.879+0000] {processor.py:161} INFO - Started process (PID=2142) to work on /home/airflow/.local/lib/python3.10/site-packages/airflow/example_dags/example_task_group_decorator.py
[2025-06-13T15:02:04.880+0000] {processor.py:830} INFO - Processing file /home/airflow/.local/lib/python3.10/site-packages/airflow/example_dags/example_task_group_decorator.py for tasks to queue
[2025-06-13T15:02:04.881+0000] {logging_mixin.py:188} INFO - [2025-06-13T15:02:04.881+0000] {dagbag.py:540} INFO - Filling up the DagBag from /home/airflow/.local/lib/python3.10/site-packages/airflow/example_dags/example_task_group_decorator.py
[2025-06-13T15:02:04.888+0000] {processor.py:840} INFO - DAG(s) 'example_task_group_decorator' retrieved from /home/airflow/.local/lib/python3.10/site-packages/airflow/example_dags/example_task_group_decorator.py
[2025-06-13T15:02:04.901+0000] {logging_mixin.py:188} INFO - [2025-06-13T15:02:04.901+0000] {dag.py:3096} INFO - Sync 1 DAGs
[2025-06-13T15:02:04.913+0000] {logging_mixin.py:188} INFO - [2025-06-13T15:02:04.912+0000] {dag.py:3954} INFO - Setting next_dagrun for example_task_group_decorator to 2025-06-12 00:00:00+00:00, run_after=2025-06-13 00:00:00+00:00
[2025-06-13T15:02:04.928+0000] {processor.py:183} INFO - Processing /home/airflow/.local/lib/python3.10/site-packages/airflow/example_dags/example_task_group_decorator.py took 0.053 seconds
[2025-06-13T15:02:35.438+0000] {processor.py:161} INFO - Started process (PID=2202) to work on /home/airflow/.local/lib/python3.10/site-packages/airflow/example_dags/example_task_group_decorator.py
[2025-06-13T15:02:35.440+0000] {processor.py:830} INFO - Processing file /home/airflow/.local/lib/python3.10/site-packages/airflow/example_dags/example_task_group_decorator.py for tasks to queue
[2025-06-13T15:02:35.441+0000] {logging_mixin.py:188} INFO - [2025-06-13T15:02:35.441+0000] {dagbag.py:540} INFO - Filling up the DagBag from /home/airflow/.local/lib/python3.10/site-packages/airflow/example_dags/example_task_group_decorator.py
[2025-06-13T15:02:35.448+0000] {processor.py:840} INFO - DAG(s) 'example_task_group_decorator' retrieved from /home/airflow/.local/lib/python3.10/site-packages/airflow/example_dags/example_task_group_decorator.py
[2025-06-13T15:02:35.464+0000] {logging_mixin.py:188} INFO - [2025-06-13T15:02:35.464+0000] {dag.py:3096} INFO - Sync 1 DAGs
[2025-06-13T15:02:35.478+0000] {logging_mixin.py:188} INFO - [2025-06-13T15:02:35.478+0000] {dag.py:3954} INFO - Setting next_dagrun for example_task_group_decorator to 2025-06-12 00:00:00+00:00, run_after=2025-06-13 00:00:00+00:00
[2025-06-13T15:02:35.487+0000] {processor.py:183} INFO - Processing /home/airflow/.local/lib/python3.10/site-packages/airflow/example_dags/example_task_group_decorator.py took 0.053 seconds
[2025-06-13T15:03:06.128+0000] {processor.py:161} INFO - Started process (PID=2262) to work on /home/airflow/.local/lib/python3.10/site-packages/airflow/example_dags/example_task_group_decorator.py
[2025-06-13T15:03:06.129+0000] {processor.py:830} INFO - Processing file /home/airflow/.local/lib/python3.10/site-packages/airflow/example_dags/example_task_group_decorator.py for tasks to queue
[2025-06-13T15:03:06.130+0000] {logging_mixin.py:188} INFO - [2025-06-13T15:03:06.130+0000] {dagbag.py:540} INFO - Filling up the DagBag from /home/airflow/.local/lib/python3.10/site-packages/airflow/example_dags/example_task_group_decorator.py
[2025-06-13T15:03:06.138+0000] {processor.py:840} INFO - DAG(s) 'example_task_group_decorator' retrieved from /home/airflow/.local/lib/python3.10/site-packages/airflow/example_dags/example_task_group_decorator.py
[2025-06-13T15:03:06.156+0000] {logging_mixin.py:188} INFO - [2025-06-13T15:03:06.155+0000] {dag.py:3096} INFO - Sync 1 DAGs
[2025-06-13T15:03:06.202+0000] {logging_mixin.py:188} INFO - [2025-06-13T15:03:06.202+0000] {dag.py:3954} INFO - Setting next_dagrun for example_task_group_decorator to 2025-06-12 00:00:00+00:00, run_after=2025-06-13 00:00:00+00:00
[2025-06-13T15:03:06.235+0000] {processor.py:183} INFO - Processing /home/airflow/.local/lib/python3.10/site-packages/airflow/example_dags/example_task_group_decorator.py took 0.111 seconds
[2025-06-13T15:03:37.161+0000] {processor.py:161} INFO - Started process (PID=2322) to work on /home/airflow/.local/lib/python3.10/site-packages/airflow/example_dags/example_task_group_decorator.py
[2025-06-13T15:03:37.162+0000] {processor.py:830} INFO - Processing file /home/airflow/.local/lib/python3.10/site-packages/airflow/example_dags/example_task_group_decorator.py for tasks to queue
[2025-06-13T15:03:37.163+0000] {logging_mixin.py:188} INFO - [2025-06-13T15:03:37.163+0000] {dagbag.py:540} INFO - Filling up the DagBag from /home/airflow/.local/lib/python3.10/site-packages/airflow/example_dags/example_task_group_decorator.py
[2025-06-13T15:03:37.171+0000] {processor.py:840} INFO - DAG(s) 'example_task_group_decorator' retrieved from /home/airflow/.local/lib/python3.10/site-packages/airflow/example_dags/example_task_group_decorator.py
[2025-06-13T15:03:37.191+0000] {logging_mixin.py:188} INFO - [2025-06-13T15:03:37.191+0000] {dag.py:3096} INFO - Sync 1 DAGs
[2025-06-13T15:03:37.210+0000] {logging_mixin.py:188} INFO - [2025-06-13T15:03:37.210+0000] {dag.py:3954} INFO - Setting next_dagrun for example_task_group_decorator to 2025-06-12 00:00:00+00:00, run_after=2025-06-13 00:00:00+00:00
[2025-06-13T15:03:37.224+0000] {processor.py:183} INFO - Processing /home/airflow/.local/lib/python3.10/site-packages/airflow/example_dags/example_task_group_decorator.py took 0.067 seconds
[2025-06-13T15:04:08.003+0000] {processor.py:161} INFO - Started process (PID=2382) to work on /home/airflow/.local/lib/python3.10/site-packages/airflow/example_dags/example_task_group_decorator.py
[2025-06-13T15:04:08.004+0000] {processor.py:830} INFO - Processing file /home/airflow/.local/lib/python3.10/site-packages/airflow/example_dags/example_task_group_decorator.py for tasks to queue
[2025-06-13T15:04:08.006+0000] {logging_mixin.py:188} INFO - [2025-06-13T15:04:08.006+0000] {dagbag.py:540} INFO - Filling up the DagBag from /home/airflow/.local/lib/python3.10/site-packages/airflow/example_dags/example_task_group_decorator.py
[2025-06-13T15:04:08.016+0000] {processor.py:840} INFO - DAG(s) 'example_task_group_decorator' retrieved from /home/airflow/.local/lib/python3.10/site-packages/airflow/example_dags/example_task_group_decorator.py
[2025-06-13T15:04:08.048+0000] {logging_mixin.py:188} INFO - [2025-06-13T15:04:08.048+0000] {dag.py:3096} INFO - Sync 1 DAGs
[2025-06-13T15:04:08.063+0000] {logging_mixin.py:188} INFO - [2025-06-13T15:04:08.062+0000] {dag.py:3954} INFO - Setting next_dagrun for example_task_group_decorator to 2025-06-12 00:00:00+00:00, run_after=2025-06-13 00:00:00+00:00
[2025-06-13T15:04:08.075+0000] {processor.py:183} INFO - Processing /home/airflow/.local/lib/python3.10/site-packages/airflow/example_dags/example_task_group_decorator.py took 0.080 seconds
[2025-06-13T15:04:38.306+0000] {processor.py:161} INFO - Started process (PID=2442) to work on /home/airflow/.local/lib/python3.10/site-packages/airflow/example_dags/example_task_group_decorator.py
[2025-06-13T15:04:38.307+0000] {processor.py:830} INFO - Processing file /home/airflow/.local/lib/python3.10/site-packages/airflow/example_dags/example_task_group_decorator.py for tasks to queue
[2025-06-13T15:04:38.308+0000] {logging_mixin.py:188} INFO - [2025-06-13T15:04:38.308+0000] {dagbag.py:540} INFO - Filling up the DagBag from /home/airflow/.local/lib/python3.10/site-packages/airflow/example_dags/example_task_group_decorator.py
[2025-06-13T15:04:38.317+0000] {processor.py:840} INFO - DAG(s) 'example_task_group_decorator' retrieved from /home/airflow/.local/lib/python3.10/site-packages/airflow/example_dags/example_task_group_decorator.py
[2025-06-13T15:04:38.332+0000] {logging_mixin.py:188} INFO - [2025-06-13T15:04:38.332+0000] {dag.py:3096} INFO - Sync 1 DAGs
[2025-06-13T15:04:38.344+0000] {logging_mixin.py:188} INFO - [2025-06-13T15:04:38.344+0000] {dag.py:3954} INFO - Setting next_dagrun for example_task_group_decorator to 2025-06-12 00:00:00+00:00, run_after=2025-06-13 00:00:00+00:00
[2025-06-13T15:04:38.355+0000] {processor.py:183} INFO - Processing /home/airflow/.local/lib/python3.10/site-packages/airflow/example_dags/example_task_group_decorator.py took 0.053 seconds
[2025-06-13T15:05:08.970+0000] {processor.py:161} INFO - Started process (PID=2502) to work on /home/airflow/.local/lib/python3.10/site-packages/airflow/example_dags/example_task_group_decorator.py
[2025-06-13T15:05:08.972+0000] {processor.py:830} INFO - Processing file /home/airflow/.local/lib/python3.10/site-packages/airflow/example_dags/example_task_group_decorator.py for tasks to queue
[2025-06-13T15:05:08.973+0000] {logging_mixin.py:188} INFO - [2025-06-13T15:05:08.973+0000] {dagbag.py:540} INFO - Filling up the DagBag from /home/airflow/.local/lib/python3.10/site-packages/airflow/example_dags/example_task_group_decorator.py
[2025-06-13T15:05:08.980+0000] {processor.py:840} INFO - DAG(s) 'example_task_group_decorator' retrieved from /home/airflow/.local/lib/python3.10/site-packages/airflow/example_dags/example_task_group_decorator.py
[2025-06-13T15:05:08.999+0000] {logging_mixin.py:188} INFO - [2025-06-13T15:05:08.999+0000] {dag.py:3096} INFO - Sync 1 DAGs
[2025-06-13T15:05:09.011+0000] {logging_mixin.py:188} INFO - [2025-06-13T15:05:09.011+0000] {dag.py:3954} INFO - Setting next_dagrun for example_task_group_decorator to 2025-06-12 00:00:00+00:00, run_after=2025-06-13 00:00:00+00:00
[2025-06-13T15:05:09.021+0000] {processor.py:183} INFO - Processing /home/airflow/.local/lib/python3.10/site-packages/airflow/example_dags/example_task_group_decorator.py took 0.055 seconds
