[2025-06-13T14:33:22.868+0000] {processor.py:161} INFO - Started process (PID=43) to work on /home/airflow/.local/lib/python3.10/site-packages/airflow/example_dags/example_local_kubernetes_executor.py
[2025-06-13T14:33:22.870+0000] {processor.py:830} INFO - Processing file /home/airflow/.local/lib/python3.10/site-packages/airflow/example_dags/example_local_kubernetes_executor.py for tasks to queue
[2025-06-13T14:33:22.874+0000] {logging_mixin.py:188} INFO - [2025-06-13T14:33:22.873+0000] {dagbag.py:540} INFO - Filling up the DagBag from /home/airflow/.local/lib/python3.10/site-packages/airflow/example_dags/example_local_kubernetes_executor.py
[2025-06-13T14:33:22.902+0000] {processor.py:840} INFO - DAG(s) 'example_local_kubernetes_executor' retrieved from /home/airflow/.local/lib/python3.10/site-packages/airflow/example_dags/example_local_kubernetes_executor.py
[2025-06-13T14:33:22.928+0000] {logging_mixin.py:188} INFO - [2025-06-13T14:33:22.928+0000] {dag.py:3096} INFO - Sync 1 DAGs
[2025-06-13T14:33:22.939+0000] {logging_mixin.py:188} INFO - [2025-06-13T14:33:22.939+0000] {dag.py:3954} INFO - Setting next_dagrun for example_local_kubernetes_executor to None, run_after=None
[2025-06-13T14:33:22.964+0000] {processor.py:183} INFO - Processing /home/airflow/.local/lib/python3.10/site-packages/airflow/example_dags/example_local_kubernetes_executor.py took 0.104 seconds
[2025-06-13T14:33:53.032+0000] {processor.py:161} INFO - Started process (PID=100) to work on /home/airflow/.local/lib/python3.10/site-packages/airflow/example_dags/example_local_kubernetes_executor.py
[2025-06-13T14:33:53.041+0000] {processor.py:830} INFO - Processing file /home/airflow/.local/lib/python3.10/site-packages/airflow/example_dags/example_local_kubernetes_executor.py for tasks to queue
[2025-06-13T14:33:53.043+0000] {logging_mixin.py:188} INFO - [2025-06-13T14:33:53.043+0000] {dagbag.py:540} INFO - Filling up the DagBag from /home/airflow/.local/lib/python3.10/site-packages/airflow/example_dags/example_local_kubernetes_executor.py
[2025-06-13T14:33:53.077+0000] {processor.py:840} INFO - DAG(s) 'example_local_kubernetes_executor' retrieved from /home/airflow/.local/lib/python3.10/site-packages/airflow/example_dags/example_local_kubernetes_executor.py
[2025-06-13T14:33:53.462+0000] {logging_mixin.py:188} INFO - [2025-06-13T14:33:53.462+0000] {dag.py:3096} INFO - Sync 1 DAGs
[2025-06-13T14:33:53.475+0000] {logging_mixin.py:188} INFO - [2025-06-13T14:33:53.475+0000] {dag.py:3954} INFO - Setting next_dagrun for example_local_kubernetes_executor to None, run_after=None
[2025-06-13T14:33:53.499+0000] {processor.py:183} INFO - Processing /home/airflow/.local/lib/python3.10/site-packages/airflow/example_dags/example_local_kubernetes_executor.py took 0.475 seconds
[2025-06-13T14:34:23.672+0000] {processor.py:161} INFO - Started process (PID=158) to work on /home/airflow/.local/lib/python3.10/site-packages/airflow/example_dags/example_local_kubernetes_executor.py
[2025-06-13T14:34:23.673+0000] {processor.py:830} INFO - Processing file /home/airflow/.local/lib/python3.10/site-packages/airflow/example_dags/example_local_kubernetes_executor.py for tasks to queue
[2025-06-13T14:34:23.676+0000] {logging_mixin.py:188} INFO - [2025-06-13T14:34:23.676+0000] {dagbag.py:540} INFO - Filling up the DagBag from /home/airflow/.local/lib/python3.10/site-packages/airflow/example_dags/example_local_kubernetes_executor.py
[2025-06-13T14:34:23.688+0000] {processor.py:840} INFO - DAG(s) 'example_local_kubernetes_executor' retrieved from /home/airflow/.local/lib/python3.10/site-packages/airflow/example_dags/example_local_kubernetes_executor.py
[2025-06-13T14:34:23.749+0000] {logging_mixin.py:188} INFO - [2025-06-13T14:34:23.749+0000] {dag.py:3096} INFO - Sync 1 DAGs
[2025-06-13T14:34:23.759+0000] {logging_mixin.py:188} INFO - [2025-06-13T14:34:23.758+0000] {dag.py:3954} INFO - Setting next_dagrun for example_local_kubernetes_executor to None, run_after=None
[2025-06-13T14:34:23.773+0000] {processor.py:183} INFO - Processing /home/airflow/.local/lib/python3.10/site-packages/airflow/example_dags/example_local_kubernetes_executor.py took 0.108 seconds
[2025-06-13T14:34:54.153+0000] {processor.py:161} INFO - Started process (PID=216) to work on /home/airflow/.local/lib/python3.10/site-packages/airflow/example_dags/example_local_kubernetes_executor.py
[2025-06-13T14:34:54.156+0000] {processor.py:830} INFO - Processing file /home/airflow/.local/lib/python3.10/site-packages/airflow/example_dags/example_local_kubernetes_executor.py for tasks to queue
[2025-06-13T14:34:54.161+0000] {logging_mixin.py:188} INFO - [2025-06-13T14:34:54.160+0000] {dagbag.py:540} INFO - Filling up the DagBag from /home/airflow/.local/lib/python3.10/site-packages/airflow/example_dags/example_local_kubernetes_executor.py
[2025-06-13T14:34:54.171+0000] {processor.py:840} INFO - DAG(s) 'example_local_kubernetes_executor' retrieved from /home/airflow/.local/lib/python3.10/site-packages/airflow/example_dags/example_local_kubernetes_executor.py
[2025-06-13T14:34:54.221+0000] {logging_mixin.py:188} INFO - [2025-06-13T14:34:54.221+0000] {dag.py:3096} INFO - Sync 1 DAGs
[2025-06-13T14:34:54.230+0000] {logging_mixin.py:188} INFO - [2025-06-13T14:34:54.230+0000] {dag.py:3954} INFO - Setting next_dagrun for example_local_kubernetes_executor to None, run_after=None
[2025-06-13T14:34:54.248+0000] {processor.py:183} INFO - Processing /home/airflow/.local/lib/python3.10/site-packages/airflow/example_dags/example_local_kubernetes_executor.py took 0.116 seconds
[2025-06-13T14:35:24.593+0000] {processor.py:161} INFO - Started process (PID=274) to work on /home/airflow/.local/lib/python3.10/site-packages/airflow/example_dags/example_local_kubernetes_executor.py
[2025-06-13T14:35:24.598+0000] {processor.py:830} INFO - Processing file /home/airflow/.local/lib/python3.10/site-packages/airflow/example_dags/example_local_kubernetes_executor.py for tasks to queue
[2025-06-13T14:35:24.610+0000] {logging_mixin.py:188} INFO - [2025-06-13T14:35:24.609+0000] {dagbag.py:540} INFO - Filling up the DagBag from /home/airflow/.local/lib/python3.10/site-packages/airflow/example_dags/example_local_kubernetes_executor.py
[2025-06-13T14:35:24.629+0000] {processor.py:840} INFO - DAG(s) 'example_local_kubernetes_executor' retrieved from /home/airflow/.local/lib/python3.10/site-packages/airflow/example_dags/example_local_kubernetes_executor.py
[2025-06-13T14:35:24.674+0000] {logging_mixin.py:188} INFO - [2025-06-13T14:35:24.674+0000] {dag.py:3096} INFO - Sync 1 DAGs
[2025-06-13T14:35:24.683+0000] {logging_mixin.py:188} INFO - [2025-06-13T14:35:24.683+0000] {dag.py:3954} INFO - Setting next_dagrun for example_local_kubernetes_executor to None, run_after=None
[2025-06-13T14:35:24.698+0000] {processor.py:183} INFO - Processing /home/airflow/.local/lib/python3.10/site-packages/airflow/example_dags/example_local_kubernetes_executor.py took 0.121 seconds
[2025-06-13T14:35:55.229+0000] {processor.py:161} INFO - Started process (PID=332) to work on /home/airflow/.local/lib/python3.10/site-packages/airflow/example_dags/example_local_kubernetes_executor.py
[2025-06-13T14:35:55.240+0000] {processor.py:830} INFO - Processing file /home/airflow/.local/lib/python3.10/site-packages/airflow/example_dags/example_local_kubernetes_executor.py for tasks to queue
[2025-06-13T14:35:55.258+0000] {logging_mixin.py:188} INFO - [2025-06-13T14:35:55.257+0000] {dagbag.py:540} INFO - Filling up the DagBag from /home/airflow/.local/lib/python3.10/site-packages/airflow/example_dags/example_local_kubernetes_executor.py
[2025-06-13T14:35:55.313+0000] {processor.py:840} INFO - DAG(s) 'example_local_kubernetes_executor' retrieved from /home/airflow/.local/lib/python3.10/site-packages/airflow/example_dags/example_local_kubernetes_executor.py
[2025-06-13T14:35:55.439+0000] {logging_mixin.py:188} INFO - [2025-06-13T14:35:55.439+0000] {dag.py:3096} INFO - Sync 1 DAGs
[2025-06-13T14:35:55.471+0000] {logging_mixin.py:188} INFO - [2025-06-13T14:35:55.471+0000] {dag.py:3954} INFO - Setting next_dagrun for example_local_kubernetes_executor to None, run_after=None
[2025-06-13T14:35:55.505+0000] {processor.py:183} INFO - Processing /home/airflow/.local/lib/python3.10/site-packages/airflow/example_dags/example_local_kubernetes_executor.py took 0.305 seconds
[2025-06-13T14:36:25.638+0000] {processor.py:161} INFO - Started process (PID=390) to work on /home/airflow/.local/lib/python3.10/site-packages/airflow/example_dags/example_local_kubernetes_executor.py
[2025-06-13T14:36:25.639+0000] {processor.py:830} INFO - Processing file /home/airflow/.local/lib/python3.10/site-packages/airflow/example_dags/example_local_kubernetes_executor.py for tasks to queue
[2025-06-13T14:36:25.647+0000] {logging_mixin.py:188} INFO - [2025-06-13T14:36:25.646+0000] {dagbag.py:540} INFO - Filling up the DagBag from /home/airflow/.local/lib/python3.10/site-packages/airflow/example_dags/example_local_kubernetes_executor.py
[2025-06-13T14:36:25.662+0000] {processor.py:840} INFO - DAG(s) 'example_local_kubernetes_executor' retrieved from /home/airflow/.local/lib/python3.10/site-packages/airflow/example_dags/example_local_kubernetes_executor.py
[2025-06-13T14:36:25.715+0000] {logging_mixin.py:188} INFO - [2025-06-13T14:36:25.715+0000] {dag.py:3096} INFO - Sync 1 DAGs
[2025-06-13T14:36:25.725+0000] {logging_mixin.py:188} INFO - [2025-06-13T14:36:25.725+0000] {dag.py:3954} INFO - Setting next_dagrun for example_local_kubernetes_executor to None, run_after=None
[2025-06-13T14:36:25.738+0000] {processor.py:183} INFO - Processing /home/airflow/.local/lib/python3.10/site-packages/airflow/example_dags/example_local_kubernetes_executor.py took 0.113 seconds
[2025-06-13T14:36:56.256+0000] {processor.py:161} INFO - Started process (PID=448) to work on /home/airflow/.local/lib/python3.10/site-packages/airflow/example_dags/example_local_kubernetes_executor.py
[2025-06-13T14:36:56.258+0000] {processor.py:830} INFO - Processing file /home/airflow/.local/lib/python3.10/site-packages/airflow/example_dags/example_local_kubernetes_executor.py for tasks to queue
[2025-06-13T14:36:56.264+0000] {logging_mixin.py:188} INFO - [2025-06-13T14:36:56.263+0000] {dagbag.py:540} INFO - Filling up the DagBag from /home/airflow/.local/lib/python3.10/site-packages/airflow/example_dags/example_local_kubernetes_executor.py
[2025-06-13T14:36:56.282+0000] {processor.py:840} INFO - DAG(s) 'example_local_kubernetes_executor' retrieved from /home/airflow/.local/lib/python3.10/site-packages/airflow/example_dags/example_local_kubernetes_executor.py
[2025-06-13T14:36:56.355+0000] {logging_mixin.py:188} INFO - [2025-06-13T14:36:56.355+0000] {dag.py:3096} INFO - Sync 1 DAGs
[2025-06-13T14:36:56.368+0000] {logging_mixin.py:188} INFO - [2025-06-13T14:36:56.367+0000] {dag.py:3954} INFO - Setting next_dagrun for example_local_kubernetes_executor to None, run_after=None
[2025-06-13T14:36:56.384+0000] {processor.py:183} INFO - Processing /home/airflow/.local/lib/python3.10/site-packages/airflow/example_dags/example_local_kubernetes_executor.py took 0.146 seconds
[2025-06-13T14:37:26.665+0000] {processor.py:161} INFO - Started process (PID=506) to work on /home/airflow/.local/lib/python3.10/site-packages/airflow/example_dags/example_local_kubernetes_executor.py
[2025-06-13T14:37:26.666+0000] {processor.py:830} INFO - Processing file /home/airflow/.local/lib/python3.10/site-packages/airflow/example_dags/example_local_kubernetes_executor.py for tasks to queue
[2025-06-13T14:37:26.668+0000] {logging_mixin.py:188} INFO - [2025-06-13T14:37:26.668+0000] {dagbag.py:540} INFO - Filling up the DagBag from /home/airflow/.local/lib/python3.10/site-packages/airflow/example_dags/example_local_kubernetes_executor.py
[2025-06-13T14:37:26.677+0000] {processor.py:840} INFO - DAG(s) 'example_local_kubernetes_executor' retrieved from /home/airflow/.local/lib/python3.10/site-packages/airflow/example_dags/example_local_kubernetes_executor.py
[2025-06-13T14:37:26.736+0000] {logging_mixin.py:188} INFO - [2025-06-13T14:37:26.736+0000] {dag.py:3096} INFO - Sync 1 DAGs
[2025-06-13T14:37:26.767+0000] {logging_mixin.py:188} INFO - [2025-06-13T14:37:26.767+0000] {dag.py:3954} INFO - Setting next_dagrun for example_local_kubernetes_executor to None, run_after=None
[2025-06-13T14:37:26.820+0000] {processor.py:183} INFO - Processing /home/airflow/.local/lib/python3.10/site-packages/airflow/example_dags/example_local_kubernetes_executor.py took 0.162 seconds
[2025-06-13T14:37:57.145+0000] {processor.py:161} INFO - Started process (PID=564) to work on /home/airflow/.local/lib/python3.10/site-packages/airflow/example_dags/example_local_kubernetes_executor.py
[2025-06-13T14:37:57.148+0000] {processor.py:830} INFO - Processing file /home/airflow/.local/lib/python3.10/site-packages/airflow/example_dags/example_local_kubernetes_executor.py for tasks to queue
[2025-06-13T14:37:57.153+0000] {logging_mixin.py:188} INFO - [2025-06-13T14:37:57.152+0000] {dagbag.py:540} INFO - Filling up the DagBag from /home/airflow/.local/lib/python3.10/site-packages/airflow/example_dags/example_local_kubernetes_executor.py
[2025-06-13T14:37:57.192+0000] {processor.py:840} INFO - DAG(s) 'example_local_kubernetes_executor' retrieved from /home/airflow/.local/lib/python3.10/site-packages/airflow/example_dags/example_local_kubernetes_executor.py
[2025-06-13T14:37:57.255+0000] {logging_mixin.py:188} INFO - [2025-06-13T14:37:57.255+0000] {dag.py:3096} INFO - Sync 1 DAGs
[2025-06-13T14:37:57.271+0000] {logging_mixin.py:188} INFO - [2025-06-13T14:37:57.270+0000] {dag.py:3954} INFO - Setting next_dagrun for example_local_kubernetes_executor to None, run_after=None
[2025-06-13T14:37:57.294+0000] {processor.py:183} INFO - Processing /home/airflow/.local/lib/python3.10/site-packages/airflow/example_dags/example_local_kubernetes_executor.py took 0.160 seconds
[2025-06-13T14:38:27.499+0000] {processor.py:161} INFO - Started process (PID=624) to work on /home/airflow/.local/lib/python3.10/site-packages/airflow/example_dags/example_local_kubernetes_executor.py
[2025-06-13T14:38:27.502+0000] {processor.py:830} INFO - Processing file /home/airflow/.local/lib/python3.10/site-packages/airflow/example_dags/example_local_kubernetes_executor.py for tasks to queue
[2025-06-13T14:38:27.506+0000] {logging_mixin.py:188} INFO - [2025-06-13T14:38:27.505+0000] {dagbag.py:540} INFO - Filling up the DagBag from /home/airflow/.local/lib/python3.10/site-packages/airflow/example_dags/example_local_kubernetes_executor.py
[2025-06-13T14:38:27.541+0000] {processor.py:840} INFO - DAG(s) 'example_local_kubernetes_executor' retrieved from /home/airflow/.local/lib/python3.10/site-packages/airflow/example_dags/example_local_kubernetes_executor.py
[2025-06-13T14:38:27.596+0000] {logging_mixin.py:188} INFO - [2025-06-13T14:38:27.596+0000] {dag.py:3096} INFO - Sync 1 DAGs
[2025-06-13T14:38:27.610+0000] {logging_mixin.py:188} INFO - [2025-06-13T14:38:27.610+0000] {dag.py:3954} INFO - Setting next_dagrun for example_local_kubernetes_executor to None, run_after=None
[2025-06-13T14:38:27.634+0000] {processor.py:183} INFO - Processing /home/airflow/.local/lib/python3.10/site-packages/airflow/example_dags/example_local_kubernetes_executor.py took 0.168 seconds
[2025-06-13T14:38:57.764+0000] {processor.py:161} INFO - Started process (PID=684) to work on /home/airflow/.local/lib/python3.10/site-packages/airflow/example_dags/example_local_kubernetes_executor.py
[2025-06-13T14:38:57.766+0000] {processor.py:830} INFO - Processing file /home/airflow/.local/lib/python3.10/site-packages/airflow/example_dags/example_local_kubernetes_executor.py for tasks to queue
[2025-06-13T14:38:57.772+0000] {logging_mixin.py:188} INFO - [2025-06-13T14:38:57.771+0000] {dagbag.py:540} INFO - Filling up the DagBag from /home/airflow/.local/lib/python3.10/site-packages/airflow/example_dags/example_local_kubernetes_executor.py
[2025-06-13T14:38:57.787+0000] {processor.py:840} INFO - DAG(s) 'example_local_kubernetes_executor' retrieved from /home/airflow/.local/lib/python3.10/site-packages/airflow/example_dags/example_local_kubernetes_executor.py
[2025-06-13T14:38:57.837+0000] {logging_mixin.py:188} INFO - [2025-06-13T14:38:57.836+0000] {dag.py:3096} INFO - Sync 1 DAGs
[2025-06-13T14:38:57.857+0000] {logging_mixin.py:188} INFO - [2025-06-13T14:38:57.856+0000] {dag.py:3954} INFO - Setting next_dagrun for example_local_kubernetes_executor to None, run_after=None
[2025-06-13T14:38:57.873+0000] {processor.py:183} INFO - Processing /home/airflow/.local/lib/python3.10/site-packages/airflow/example_dags/example_local_kubernetes_executor.py took 0.119 seconds
[2025-06-13T14:39:28.358+0000] {processor.py:161} INFO - Started process (PID=744) to work on /home/airflow/.local/lib/python3.10/site-packages/airflow/example_dags/example_local_kubernetes_executor.py
[2025-06-13T14:39:28.359+0000] {processor.py:830} INFO - Processing file /home/airflow/.local/lib/python3.10/site-packages/airflow/example_dags/example_local_kubernetes_executor.py for tasks to queue
[2025-06-13T14:39:28.362+0000] {logging_mixin.py:188} INFO - [2025-06-13T14:39:28.361+0000] {dagbag.py:540} INFO - Filling up the DagBag from /home/airflow/.local/lib/python3.10/site-packages/airflow/example_dags/example_local_kubernetes_executor.py
[2025-06-13T14:39:28.375+0000] {processor.py:840} INFO - DAG(s) 'example_local_kubernetes_executor' retrieved from /home/airflow/.local/lib/python3.10/site-packages/airflow/example_dags/example_local_kubernetes_executor.py
[2025-06-13T14:39:28.438+0000] {logging_mixin.py:188} INFO - [2025-06-13T14:39:28.438+0000] {dag.py:3096} INFO - Sync 1 DAGs
[2025-06-13T14:39:28.448+0000] {logging_mixin.py:188} INFO - [2025-06-13T14:39:28.448+0000] {dag.py:3954} INFO - Setting next_dagrun for example_local_kubernetes_executor to None, run_after=None
[2025-06-13T14:39:28.474+0000] {processor.py:183} INFO - Processing /home/airflow/.local/lib/python3.10/site-packages/airflow/example_dags/example_local_kubernetes_executor.py took 0.127 seconds
[2025-06-13T14:39:59.133+0000] {processor.py:161} INFO - Started process (PID=810) to work on /home/airflow/.local/lib/python3.10/site-packages/airflow/example_dags/example_local_kubernetes_executor.py
[2025-06-13T14:39:59.137+0000] {processor.py:830} INFO - Processing file /home/airflow/.local/lib/python3.10/site-packages/airflow/example_dags/example_local_kubernetes_executor.py for tasks to queue
[2025-06-13T14:39:59.145+0000] {logging_mixin.py:188} INFO - [2025-06-13T14:39:59.145+0000] {dagbag.py:540} INFO - Filling up the DagBag from /home/airflow/.local/lib/python3.10/site-packages/airflow/example_dags/example_local_kubernetes_executor.py
[2025-06-13T14:39:59.158+0000] {processor.py:840} INFO - DAG(s) 'example_local_kubernetes_executor' retrieved from /home/airflow/.local/lib/python3.10/site-packages/airflow/example_dags/example_local_kubernetes_executor.py
[2025-06-13T14:39:59.200+0000] {logging_mixin.py:188} INFO - [2025-06-13T14:39:59.200+0000] {dag.py:3096} INFO - Sync 1 DAGs
[2025-06-13T14:39:59.210+0000] {logging_mixin.py:188} INFO - [2025-06-13T14:39:59.210+0000] {dag.py:3954} INFO - Setting next_dagrun for example_local_kubernetes_executor to None, run_after=None
[2025-06-13T14:39:59.228+0000] {processor.py:183} INFO - Processing /home/airflow/.local/lib/python3.10/site-packages/airflow/example_dags/example_local_kubernetes_executor.py took 0.107 seconds
[2025-06-13T14:40:30.103+0000] {processor.py:161} INFO - Started process (PID=870) to work on /home/airflow/.local/lib/python3.10/site-packages/airflow/example_dags/example_local_kubernetes_executor.py
[2025-06-13T14:40:30.108+0000] {processor.py:830} INFO - Processing file /home/airflow/.local/lib/python3.10/site-packages/airflow/example_dags/example_local_kubernetes_executor.py for tasks to queue
[2025-06-13T14:40:30.119+0000] {logging_mixin.py:188} INFO - [2025-06-13T14:40:30.118+0000] {dagbag.py:540} INFO - Filling up the DagBag from /home/airflow/.local/lib/python3.10/site-packages/airflow/example_dags/example_local_kubernetes_executor.py
[2025-06-13T14:40:30.136+0000] {processor.py:840} INFO - DAG(s) 'example_local_kubernetes_executor' retrieved from /home/airflow/.local/lib/python3.10/site-packages/airflow/example_dags/example_local_kubernetes_executor.py
[2025-06-13T14:40:30.200+0000] {logging_mixin.py:188} INFO - [2025-06-13T14:40:30.200+0000] {dag.py:3096} INFO - Sync 1 DAGs
[2025-06-13T14:40:30.208+0000] {logging_mixin.py:188} INFO - [2025-06-13T14:40:30.208+0000] {dag.py:3954} INFO - Setting next_dagrun for example_local_kubernetes_executor to None, run_after=None
[2025-06-13T14:40:30.227+0000] {processor.py:183} INFO - Processing /home/airflow/.local/lib/python3.10/site-packages/airflow/example_dags/example_local_kubernetes_executor.py took 0.140 seconds
[2025-06-13T14:41:00.730+0000] {processor.py:161} INFO - Started process (PID=930) to work on /home/airflow/.local/lib/python3.10/site-packages/airflow/example_dags/example_local_kubernetes_executor.py
[2025-06-13T14:41:00.732+0000] {processor.py:830} INFO - Processing file /home/airflow/.local/lib/python3.10/site-packages/airflow/example_dags/example_local_kubernetes_executor.py for tasks to queue
[2025-06-13T14:41:00.734+0000] {logging_mixin.py:188} INFO - [2025-06-13T14:41:00.734+0000] {dagbag.py:540} INFO - Filling up the DagBag from /home/airflow/.local/lib/python3.10/site-packages/airflow/example_dags/example_local_kubernetes_executor.py
[2025-06-13T14:41:00.747+0000] {processor.py:840} INFO - DAG(s) 'example_local_kubernetes_executor' retrieved from /home/airflow/.local/lib/python3.10/site-packages/airflow/example_dags/example_local_kubernetes_executor.py
[2025-06-13T14:41:00.796+0000] {logging_mixin.py:188} INFO - [2025-06-13T14:41:00.795+0000] {dag.py:3096} INFO - Sync 1 DAGs
[2025-06-13T14:41:00.805+0000] {logging_mixin.py:188} INFO - [2025-06-13T14:41:00.805+0000] {dag.py:3954} INFO - Setting next_dagrun for example_local_kubernetes_executor to None, run_after=None
[2025-06-13T14:41:00.822+0000] {processor.py:183} INFO - Processing /home/airflow/.local/lib/python3.10/site-packages/airflow/example_dags/example_local_kubernetes_executor.py took 0.104 seconds
[2025-06-13T14:41:30.959+0000] {processor.py:161} INFO - Started process (PID=990) to work on /home/airflow/.local/lib/python3.10/site-packages/airflow/example_dags/example_local_kubernetes_executor.py
[2025-06-13T14:41:30.961+0000] {processor.py:830} INFO - Processing file /home/airflow/.local/lib/python3.10/site-packages/airflow/example_dags/example_local_kubernetes_executor.py for tasks to queue
[2025-06-13T14:41:30.962+0000] {logging_mixin.py:188} INFO - [2025-06-13T14:41:30.962+0000] {dagbag.py:540} INFO - Filling up the DagBag from /home/airflow/.local/lib/python3.10/site-packages/airflow/example_dags/example_local_kubernetes_executor.py
[2025-06-13T14:41:30.971+0000] {processor.py:840} INFO - DAG(s) 'example_local_kubernetes_executor' retrieved from /home/airflow/.local/lib/python3.10/site-packages/airflow/example_dags/example_local_kubernetes_executor.py
[2025-06-13T14:41:31.008+0000] {logging_mixin.py:188} INFO - [2025-06-13T14:41:31.008+0000] {dag.py:3096} INFO - Sync 1 DAGs
[2025-06-13T14:41:31.017+0000] {logging_mixin.py:188} INFO - [2025-06-13T14:41:31.016+0000] {dag.py:3954} INFO - Setting next_dagrun for example_local_kubernetes_executor to None, run_after=None
[2025-06-13T14:41:31.029+0000] {processor.py:183} INFO - Processing /home/airflow/.local/lib/python3.10/site-packages/airflow/example_dags/example_local_kubernetes_executor.py took 0.079 seconds
[2025-06-13T14:42:01.389+0000] {processor.py:161} INFO - Started process (PID=1050) to work on /home/airflow/.local/lib/python3.10/site-packages/airflow/example_dags/example_local_kubernetes_executor.py
[2025-06-13T14:42:01.393+0000] {processor.py:830} INFO - Processing file /home/airflow/.local/lib/python3.10/site-packages/airflow/example_dags/example_local_kubernetes_executor.py for tasks to queue
[2025-06-13T14:42:01.398+0000] {logging_mixin.py:188} INFO - [2025-06-13T14:42:01.397+0000] {dagbag.py:540} INFO - Filling up the DagBag from /home/airflow/.local/lib/python3.10/site-packages/airflow/example_dags/example_local_kubernetes_executor.py
[2025-06-13T14:42:01.419+0000] {processor.py:840} INFO - DAG(s) 'example_local_kubernetes_executor' retrieved from /home/airflow/.local/lib/python3.10/site-packages/airflow/example_dags/example_local_kubernetes_executor.py
[2025-06-13T14:42:01.456+0000] {logging_mixin.py:188} INFO - [2025-06-13T14:42:01.456+0000] {dag.py:3096} INFO - Sync 1 DAGs
[2025-06-13T14:42:01.466+0000] {logging_mixin.py:188} INFO - [2025-06-13T14:42:01.465+0000] {dag.py:3954} INFO - Setting next_dagrun for example_local_kubernetes_executor to None, run_after=None
[2025-06-13T14:42:01.481+0000] {processor.py:183} INFO - Processing /home/airflow/.local/lib/python3.10/site-packages/airflow/example_dags/example_local_kubernetes_executor.py took 0.108 seconds
[2025-06-13T14:42:32.194+0000] {processor.py:161} INFO - Started process (PID=1110) to work on /home/airflow/.local/lib/python3.10/site-packages/airflow/example_dags/example_local_kubernetes_executor.py
[2025-06-13T14:42:32.196+0000] {processor.py:830} INFO - Processing file /home/airflow/.local/lib/python3.10/site-packages/airflow/example_dags/example_local_kubernetes_executor.py for tasks to queue
[2025-06-13T14:42:32.197+0000] {logging_mixin.py:188} INFO - [2025-06-13T14:42:32.197+0000] {dagbag.py:540} INFO - Filling up the DagBag from /home/airflow/.local/lib/python3.10/site-packages/airflow/example_dags/example_local_kubernetes_executor.py
[2025-06-13T14:42:32.210+0000] {processor.py:840} INFO - DAG(s) 'example_local_kubernetes_executor' retrieved from /home/airflow/.local/lib/python3.10/site-packages/airflow/example_dags/example_local_kubernetes_executor.py
[2025-06-13T14:42:32.239+0000] {logging_mixin.py:188} INFO - [2025-06-13T14:42:32.239+0000] {dag.py:3096} INFO - Sync 1 DAGs
[2025-06-13T14:42:32.246+0000] {logging_mixin.py:188} INFO - [2025-06-13T14:42:32.246+0000] {dag.py:3954} INFO - Setting next_dagrun for example_local_kubernetes_executor to None, run_after=None
[2025-06-13T14:42:32.260+0000] {processor.py:183} INFO - Processing /home/airflow/.local/lib/python3.10/site-packages/airflow/example_dags/example_local_kubernetes_executor.py took 0.073 seconds
[2025-06-13T14:43:02.598+0000] {processor.py:161} INFO - Started process (PID=1170) to work on /home/airflow/.local/lib/python3.10/site-packages/airflow/example_dags/example_local_kubernetes_executor.py
[2025-06-13T14:43:02.600+0000] {processor.py:830} INFO - Processing file /home/airflow/.local/lib/python3.10/site-packages/airflow/example_dags/example_local_kubernetes_executor.py for tasks to queue
[2025-06-13T14:43:02.603+0000] {logging_mixin.py:188} INFO - [2025-06-13T14:43:02.603+0000] {dagbag.py:540} INFO - Filling up the DagBag from /home/airflow/.local/lib/python3.10/site-packages/airflow/example_dags/example_local_kubernetes_executor.py
[2025-06-13T14:43:02.615+0000] {processor.py:840} INFO - DAG(s) 'example_local_kubernetes_executor' retrieved from /home/airflow/.local/lib/python3.10/site-packages/airflow/example_dags/example_local_kubernetes_executor.py
[2025-06-13T14:43:02.654+0000] {logging_mixin.py:188} INFO - [2025-06-13T14:43:02.654+0000] {dag.py:3096} INFO - Sync 1 DAGs
[2025-06-13T14:43:02.664+0000] {logging_mixin.py:188} INFO - [2025-06-13T14:43:02.664+0000] {dag.py:3954} INFO - Setting next_dagrun for example_local_kubernetes_executor to None, run_after=None
[2025-06-13T14:43:02.679+0000] {processor.py:183} INFO - Processing /home/airflow/.local/lib/python3.10/site-packages/airflow/example_dags/example_local_kubernetes_executor.py took 0.097 seconds
[2025-06-13T14:44:23.176+0000] {processor.py:161} INFO - Started process (PID=72) to work on /home/airflow/.local/lib/python3.10/site-packages/airflow/example_dags/example_local_kubernetes_executor.py
[2025-06-13T14:44:23.179+0000] {processor.py:830} INFO - Processing file /home/airflow/.local/lib/python3.10/site-packages/airflow/example_dags/example_local_kubernetes_executor.py for tasks to queue
[2025-06-13T14:44:23.182+0000] {logging_mixin.py:188} INFO - [2025-06-13T14:44:23.182+0000] {dagbag.py:540} INFO - Filling up the DagBag from /home/airflow/.local/lib/python3.10/site-packages/airflow/example_dags/example_local_kubernetes_executor.py
[2025-06-13T14:44:23.217+0000] {processor.py:840} INFO - DAG(s) 'example_local_kubernetes_executor' retrieved from /home/airflow/.local/lib/python3.10/site-packages/airflow/example_dags/example_local_kubernetes_executor.py
[2025-06-13T14:44:23.257+0000] {logging_mixin.py:188} INFO - [2025-06-13T14:44:23.256+0000] {dag.py:3096} INFO - Sync 1 DAGs
[2025-06-13T14:44:23.292+0000] {logging_mixin.py:188} INFO - [2025-06-13T14:44:23.292+0000] {dag.py:3954} INFO - Setting next_dagrun for example_local_kubernetes_executor to None, run_after=None
[2025-06-13T14:44:23.334+0000] {processor.py:183} INFO - Processing /home/airflow/.local/lib/python3.10/site-packages/airflow/example_dags/example_local_kubernetes_executor.py took 0.176 seconds
[2025-06-13T14:44:41.960+0000] {processor.py:161} INFO - Started process (PID=61) to work on /home/airflow/.local/lib/python3.10/site-packages/airflow/example_dags/example_local_kubernetes_executor.py
[2025-06-13T14:44:41.964+0000] {processor.py:830} INFO - Processing file /home/airflow/.local/lib/python3.10/site-packages/airflow/example_dags/example_local_kubernetes_executor.py for tasks to queue
[2025-06-13T14:44:41.966+0000] {logging_mixin.py:188} INFO - [2025-06-13T14:44:41.966+0000] {dagbag.py:540} INFO - Filling up the DagBag from /home/airflow/.local/lib/python3.10/site-packages/airflow/example_dags/example_local_kubernetes_executor.py
[2025-06-13T14:44:41.976+0000] {processor.py:840} INFO - DAG(s) 'example_local_kubernetes_executor' retrieved from /home/airflow/.local/lib/python3.10/site-packages/airflow/example_dags/example_local_kubernetes_executor.py
[2025-06-13T14:44:41.984+0000] {logging_mixin.py:188} INFO - [2025-06-13T14:44:41.984+0000] {dag.py:3096} INFO - Sync 1 DAGs
[2025-06-13T14:44:41.993+0000] {logging_mixin.py:188} INFO - [2025-06-13T14:44:41.993+0000] {dag.py:3954} INFO - Setting next_dagrun for example_local_kubernetes_executor to None, run_after=None
[2025-06-13T14:44:42.006+0000] {processor.py:183} INFO - Processing /home/airflow/.local/lib/python3.10/site-packages/airflow/example_dags/example_local_kubernetes_executor.py took 0.051 seconds
[2025-06-13T14:45:12.434+0000] {processor.py:161} INFO - Started process (PID=119) to work on /home/airflow/.local/lib/python3.10/site-packages/airflow/example_dags/example_local_kubernetes_executor.py
[2025-06-13T14:45:12.436+0000] {processor.py:830} INFO - Processing file /home/airflow/.local/lib/python3.10/site-packages/airflow/example_dags/example_local_kubernetes_executor.py for tasks to queue
[2025-06-13T14:45:12.439+0000] {logging_mixin.py:188} INFO - [2025-06-13T14:45:12.439+0000] {dagbag.py:540} INFO - Filling up the DagBag from /home/airflow/.local/lib/python3.10/site-packages/airflow/example_dags/example_local_kubernetes_executor.py
[2025-06-13T14:45:12.461+0000] {processor.py:840} INFO - DAG(s) 'example_local_kubernetes_executor' retrieved from /home/airflow/.local/lib/python3.10/site-packages/airflow/example_dags/example_local_kubernetes_executor.py
[2025-06-13T14:45:12.634+0000] {logging_mixin.py:188} INFO - [2025-06-13T14:45:12.634+0000] {dag.py:3096} INFO - Sync 1 DAGs
[2025-06-13T14:45:12.653+0000] {logging_mixin.py:188} INFO - [2025-06-13T14:45:12.653+0000] {dag.py:3954} INFO - Setting next_dagrun for example_local_kubernetes_executor to None, run_after=None
[2025-06-13T14:45:12.677+0000] {processor.py:183} INFO - Processing /home/airflow/.local/lib/python3.10/site-packages/airflow/example_dags/example_local_kubernetes_executor.py took 0.267 seconds
[2025-06-13T14:45:43.515+0000] {processor.py:161} INFO - Started process (PID=191) to work on /home/airflow/.local/lib/python3.10/site-packages/airflow/example_dags/example_local_kubernetes_executor.py
[2025-06-13T14:45:43.518+0000] {processor.py:830} INFO - Processing file /home/airflow/.local/lib/python3.10/site-packages/airflow/example_dags/example_local_kubernetes_executor.py for tasks to queue
[2025-06-13T14:45:43.524+0000] {logging_mixin.py:188} INFO - [2025-06-13T14:45:43.523+0000] {dagbag.py:540} INFO - Filling up the DagBag from /home/airflow/.local/lib/python3.10/site-packages/airflow/example_dags/example_local_kubernetes_executor.py
[2025-06-13T14:45:43.551+0000] {processor.py:840} INFO - DAG(s) 'example_local_kubernetes_executor' retrieved from /home/airflow/.local/lib/python3.10/site-packages/airflow/example_dags/example_local_kubernetes_executor.py
[2025-06-13T14:45:43.644+0000] {logging_mixin.py:188} INFO - [2025-06-13T14:45:43.643+0000] {dag.py:3096} INFO - Sync 1 DAGs
[2025-06-13T14:45:43.657+0000] {logging_mixin.py:188} INFO - [2025-06-13T14:45:43.657+0000] {dag.py:3954} INFO - Setting next_dagrun for example_local_kubernetes_executor to None, run_after=None
[2025-06-13T14:45:43.680+0000] {processor.py:183} INFO - Processing /home/airflow/.local/lib/python3.10/site-packages/airflow/example_dags/example_local_kubernetes_executor.py took 0.177 seconds
[2025-06-13T14:46:14.630+0000] {processor.py:161} INFO - Started process (PID=259) to work on /home/airflow/.local/lib/python3.10/site-packages/airflow/example_dags/example_local_kubernetes_executor.py
[2025-06-13T14:46:14.632+0000] {processor.py:830} INFO - Processing file /home/airflow/.local/lib/python3.10/site-packages/airflow/example_dags/example_local_kubernetes_executor.py for tasks to queue
[2025-06-13T14:46:14.634+0000] {logging_mixin.py:188} INFO - [2025-06-13T14:46:14.634+0000] {dagbag.py:540} INFO - Filling up the DagBag from /home/airflow/.local/lib/python3.10/site-packages/airflow/example_dags/example_local_kubernetes_executor.py
[2025-06-13T14:46:14.644+0000] {processor.py:840} INFO - DAG(s) 'example_local_kubernetes_executor' retrieved from /home/airflow/.local/lib/python3.10/site-packages/airflow/example_dags/example_local_kubernetes_executor.py
[2025-06-13T14:46:14.672+0000] {logging_mixin.py:188} INFO - [2025-06-13T14:46:14.672+0000] {dag.py:3096} INFO - Sync 1 DAGs
[2025-06-13T14:46:14.680+0000] {logging_mixin.py:188} INFO - [2025-06-13T14:46:14.680+0000] {dag.py:3954} INFO - Setting next_dagrun for example_local_kubernetes_executor to None, run_after=None
[2025-06-13T14:46:14.691+0000] {processor.py:183} INFO - Processing /home/airflow/.local/lib/python3.10/site-packages/airflow/example_dags/example_local_kubernetes_executor.py took 0.071 seconds
[2025-06-13T14:46:45.032+0000] {processor.py:161} INFO - Started process (PID=317) to work on /home/airflow/.local/lib/python3.10/site-packages/airflow/example_dags/example_local_kubernetes_executor.py
[2025-06-13T14:46:45.034+0000] {processor.py:830} INFO - Processing file /home/airflow/.local/lib/python3.10/site-packages/airflow/example_dags/example_local_kubernetes_executor.py for tasks to queue
[2025-06-13T14:46:45.040+0000] {logging_mixin.py:188} INFO - [2025-06-13T14:46:45.039+0000] {dagbag.py:540} INFO - Filling up the DagBag from /home/airflow/.local/lib/python3.10/site-packages/airflow/example_dags/example_local_kubernetes_executor.py
[2025-06-13T14:46:45.066+0000] {processor.py:840} INFO - DAG(s) 'example_local_kubernetes_executor' retrieved from /home/airflow/.local/lib/python3.10/site-packages/airflow/example_dags/example_local_kubernetes_executor.py
[2025-06-13T14:46:45.130+0000] {logging_mixin.py:188} INFO - [2025-06-13T14:46:45.129+0000] {dag.py:3096} INFO - Sync 1 DAGs
[2025-06-13T14:46:45.139+0000] {logging_mixin.py:188} INFO - [2025-06-13T14:46:45.139+0000] {dag.py:3954} INFO - Setting next_dagrun for example_local_kubernetes_executor to None, run_after=None
[2025-06-13T14:46:45.156+0000] {processor.py:183} INFO - Processing /home/airflow/.local/lib/python3.10/site-packages/airflow/example_dags/example_local_kubernetes_executor.py took 0.134 seconds
[2025-06-13T14:47:15.291+0000] {processor.py:161} INFO - Started process (PID=377) to work on /home/airflow/.local/lib/python3.10/site-packages/airflow/example_dags/example_local_kubernetes_executor.py
[2025-06-13T14:47:15.293+0000] {processor.py:830} INFO - Processing file /home/airflow/.local/lib/python3.10/site-packages/airflow/example_dags/example_local_kubernetes_executor.py for tasks to queue
[2025-06-13T14:47:15.303+0000] {logging_mixin.py:188} INFO - [2025-06-13T14:47:15.302+0000] {dagbag.py:540} INFO - Filling up the DagBag from /home/airflow/.local/lib/python3.10/site-packages/airflow/example_dags/example_local_kubernetes_executor.py
[2025-06-13T14:47:15.319+0000] {processor.py:840} INFO - DAG(s) 'example_local_kubernetes_executor' retrieved from /home/airflow/.local/lib/python3.10/site-packages/airflow/example_dags/example_local_kubernetes_executor.py
[2025-06-13T14:47:15.428+0000] {logging_mixin.py:188} INFO - [2025-06-13T14:47:15.428+0000] {dag.py:3096} INFO - Sync 1 DAGs
[2025-06-13T14:47:15.440+0000] {logging_mixin.py:188} INFO - [2025-06-13T14:47:15.440+0000] {dag.py:3954} INFO - Setting next_dagrun for example_local_kubernetes_executor to None, run_after=None
[2025-06-13T14:47:15.456+0000] {processor.py:183} INFO - Processing /home/airflow/.local/lib/python3.10/site-packages/airflow/example_dags/example_local_kubernetes_executor.py took 0.177 seconds
[2025-06-13T14:47:45.833+0000] {processor.py:161} INFO - Started process (PID=437) to work on /home/airflow/.local/lib/python3.10/site-packages/airflow/example_dags/example_local_kubernetes_executor.py
[2025-06-13T14:47:45.835+0000] {processor.py:830} INFO - Processing file /home/airflow/.local/lib/python3.10/site-packages/airflow/example_dags/example_local_kubernetes_executor.py for tasks to queue
[2025-06-13T14:47:45.841+0000] {logging_mixin.py:188} INFO - [2025-06-13T14:47:45.841+0000] {dagbag.py:540} INFO - Filling up the DagBag from /home/airflow/.local/lib/python3.10/site-packages/airflow/example_dags/example_local_kubernetes_executor.py
[2025-06-13T14:47:45.863+0000] {processor.py:840} INFO - DAG(s) 'example_local_kubernetes_executor' retrieved from /home/airflow/.local/lib/python3.10/site-packages/airflow/example_dags/example_local_kubernetes_executor.py
[2025-06-13T14:47:45.919+0000] {logging_mixin.py:188} INFO - [2025-06-13T14:47:45.919+0000] {dag.py:3096} INFO - Sync 1 DAGs
[2025-06-13T14:47:45.930+0000] {logging_mixin.py:188} INFO - [2025-06-13T14:47:45.930+0000] {dag.py:3954} INFO - Setting next_dagrun for example_local_kubernetes_executor to None, run_after=None
[2025-06-13T14:47:45.947+0000] {processor.py:183} INFO - Processing /home/airflow/.local/lib/python3.10/site-packages/airflow/example_dags/example_local_kubernetes_executor.py took 0.127 seconds
[2025-06-13T14:48:16.552+0000] {processor.py:161} INFO - Started process (PID=497) to work on /home/airflow/.local/lib/python3.10/site-packages/airflow/example_dags/example_local_kubernetes_executor.py
[2025-06-13T14:48:16.554+0000] {processor.py:830} INFO - Processing file /home/airflow/.local/lib/python3.10/site-packages/airflow/example_dags/example_local_kubernetes_executor.py for tasks to queue
[2025-06-13T14:48:16.560+0000] {logging_mixin.py:188} INFO - [2025-06-13T14:48:16.558+0000] {dagbag.py:540} INFO - Filling up the DagBag from /home/airflow/.local/lib/python3.10/site-packages/airflow/example_dags/example_local_kubernetes_executor.py
[2025-06-13T14:48:16.579+0000] {processor.py:840} INFO - DAG(s) 'example_local_kubernetes_executor' retrieved from /home/airflow/.local/lib/python3.10/site-packages/airflow/example_dags/example_local_kubernetes_executor.py
[2025-06-13T14:48:16.648+0000] {logging_mixin.py:188} INFO - [2025-06-13T14:48:16.647+0000] {dag.py:3096} INFO - Sync 1 DAGs
[2025-06-13T14:48:16.659+0000] {logging_mixin.py:188} INFO - [2025-06-13T14:48:16.659+0000] {dag.py:3954} INFO - Setting next_dagrun for example_local_kubernetes_executor to None, run_after=None
[2025-06-13T14:48:16.687+0000] {processor.py:183} INFO - Processing /home/airflow/.local/lib/python3.10/site-packages/airflow/example_dags/example_local_kubernetes_executor.py took 0.142 seconds
[2025-06-13T14:48:46.803+0000] {processor.py:161} INFO - Started process (PID=557) to work on /home/airflow/.local/lib/python3.10/site-packages/airflow/example_dags/example_local_kubernetes_executor.py
[2025-06-13T14:48:46.813+0000] {processor.py:830} INFO - Processing file /home/airflow/.local/lib/python3.10/site-packages/airflow/example_dags/example_local_kubernetes_executor.py for tasks to queue
[2025-06-13T14:48:46.823+0000] {logging_mixin.py:188} INFO - [2025-06-13T14:48:46.823+0000] {dagbag.py:540} INFO - Filling up the DagBag from /home/airflow/.local/lib/python3.10/site-packages/airflow/example_dags/example_local_kubernetes_executor.py
[2025-06-13T14:48:46.849+0000] {processor.py:840} INFO - DAG(s) 'example_local_kubernetes_executor' retrieved from /home/airflow/.local/lib/python3.10/site-packages/airflow/example_dags/example_local_kubernetes_executor.py
[2025-06-13T14:48:46.925+0000] {logging_mixin.py:188} INFO - [2025-06-13T14:48:46.925+0000] {dag.py:3096} INFO - Sync 1 DAGs
[2025-06-13T14:48:46.937+0000] {logging_mixin.py:188} INFO - [2025-06-13T14:48:46.937+0000] {dag.py:3954} INFO - Setting next_dagrun for example_local_kubernetes_executor to None, run_after=None
[2025-06-13T14:48:46.956+0000] {processor.py:183} INFO - Processing /home/airflow/.local/lib/python3.10/site-packages/airflow/example_dags/example_local_kubernetes_executor.py took 0.161 seconds
[2025-06-13T14:49:17.501+0000] {processor.py:161} INFO - Started process (PID=617) to work on /home/airflow/.local/lib/python3.10/site-packages/airflow/example_dags/example_local_kubernetes_executor.py
[2025-06-13T14:49:17.503+0000] {processor.py:830} INFO - Processing file /home/airflow/.local/lib/python3.10/site-packages/airflow/example_dags/example_local_kubernetes_executor.py for tasks to queue
[2025-06-13T14:49:17.508+0000] {logging_mixin.py:188} INFO - [2025-06-13T14:49:17.507+0000] {dagbag.py:540} INFO - Filling up the DagBag from /home/airflow/.local/lib/python3.10/site-packages/airflow/example_dags/example_local_kubernetes_executor.py
[2025-06-13T14:49:17.525+0000] {processor.py:840} INFO - DAG(s) 'example_local_kubernetes_executor' retrieved from /home/airflow/.local/lib/python3.10/site-packages/airflow/example_dags/example_local_kubernetes_executor.py
[2025-06-13T14:49:17.580+0000] {logging_mixin.py:188} INFO - [2025-06-13T14:49:17.580+0000] {dag.py:3096} INFO - Sync 1 DAGs
[2025-06-13T14:49:17.599+0000] {logging_mixin.py:188} INFO - [2025-06-13T14:49:17.599+0000] {dag.py:3954} INFO - Setting next_dagrun for example_local_kubernetes_executor to None, run_after=None
[2025-06-13T14:49:17.620+0000] {processor.py:183} INFO - Processing /home/airflow/.local/lib/python3.10/site-packages/airflow/example_dags/example_local_kubernetes_executor.py took 0.130 seconds
[2025-06-13T14:49:48.081+0000] {processor.py:161} INFO - Started process (PID=677) to work on /home/airflow/.local/lib/python3.10/site-packages/airflow/example_dags/example_local_kubernetes_executor.py
[2025-06-13T14:49:48.085+0000] {processor.py:830} INFO - Processing file /home/airflow/.local/lib/python3.10/site-packages/airflow/example_dags/example_local_kubernetes_executor.py for tasks to queue
[2025-06-13T14:49:48.094+0000] {logging_mixin.py:188} INFO - [2025-06-13T14:49:48.092+0000] {dagbag.py:540} INFO - Filling up the DagBag from /home/airflow/.local/lib/python3.10/site-packages/airflow/example_dags/example_local_kubernetes_executor.py
[2025-06-13T14:49:48.112+0000] {processor.py:840} INFO - DAG(s) 'example_local_kubernetes_executor' retrieved from /home/airflow/.local/lib/python3.10/site-packages/airflow/example_dags/example_local_kubernetes_executor.py
[2025-06-13T14:49:48.172+0000] {logging_mixin.py:188} INFO - [2025-06-13T14:49:48.172+0000] {dag.py:3096} INFO - Sync 1 DAGs
[2025-06-13T14:49:48.181+0000] {logging_mixin.py:188} INFO - [2025-06-13T14:49:48.181+0000] {dag.py:3954} INFO - Setting next_dagrun for example_local_kubernetes_executor to None, run_after=None
[2025-06-13T14:49:48.193+0000] {processor.py:183} INFO - Processing /home/airflow/.local/lib/python3.10/site-packages/airflow/example_dags/example_local_kubernetes_executor.py took 0.129 seconds
[2025-06-13T14:50:18.612+0000] {processor.py:161} INFO - Started process (PID=737) to work on /home/airflow/.local/lib/python3.10/site-packages/airflow/example_dags/example_local_kubernetes_executor.py
[2025-06-13T14:50:18.614+0000] {processor.py:830} INFO - Processing file /home/airflow/.local/lib/python3.10/site-packages/airflow/example_dags/example_local_kubernetes_executor.py for tasks to queue
[2025-06-13T14:50:18.631+0000] {logging_mixin.py:188} INFO - [2025-06-13T14:50:18.630+0000] {dagbag.py:540} INFO - Filling up the DagBag from /home/airflow/.local/lib/python3.10/site-packages/airflow/example_dags/example_local_kubernetes_executor.py
[2025-06-13T14:50:18.644+0000] {processor.py:840} INFO - DAG(s) 'example_local_kubernetes_executor' retrieved from /home/airflow/.local/lib/python3.10/site-packages/airflow/example_dags/example_local_kubernetes_executor.py
[2025-06-13T14:50:18.686+0000] {logging_mixin.py:188} INFO - [2025-06-13T14:50:18.686+0000] {dag.py:3096} INFO - Sync 1 DAGs
[2025-06-13T14:50:18.696+0000] {logging_mixin.py:188} INFO - [2025-06-13T14:50:18.696+0000] {dag.py:3954} INFO - Setting next_dagrun for example_local_kubernetes_executor to None, run_after=None
[2025-06-13T14:50:18.714+0000] {processor.py:183} INFO - Processing /home/airflow/.local/lib/python3.10/site-packages/airflow/example_dags/example_local_kubernetes_executor.py took 0.117 seconds
[2025-06-13T14:50:49.042+0000] {processor.py:161} INFO - Started process (PID=797) to work on /home/airflow/.local/lib/python3.10/site-packages/airflow/example_dags/example_local_kubernetes_executor.py
[2025-06-13T14:50:49.045+0000] {processor.py:830} INFO - Processing file /home/airflow/.local/lib/python3.10/site-packages/airflow/example_dags/example_local_kubernetes_executor.py for tasks to queue
[2025-06-13T14:50:49.049+0000] {logging_mixin.py:188} INFO - [2025-06-13T14:50:49.048+0000] {dagbag.py:540} INFO - Filling up the DagBag from /home/airflow/.local/lib/python3.10/site-packages/airflow/example_dags/example_local_kubernetes_executor.py
[2025-06-13T14:50:49.062+0000] {processor.py:840} INFO - DAG(s) 'example_local_kubernetes_executor' retrieved from /home/airflow/.local/lib/python3.10/site-packages/airflow/example_dags/example_local_kubernetes_executor.py
[2025-06-13T14:50:49.103+0000] {logging_mixin.py:188} INFO - [2025-06-13T14:50:49.103+0000] {dag.py:3096} INFO - Sync 1 DAGs
[2025-06-13T14:50:49.117+0000] {logging_mixin.py:188} INFO - [2025-06-13T14:50:49.117+0000] {dag.py:3954} INFO - Setting next_dagrun for example_local_kubernetes_executor to None, run_after=None
[2025-06-13T14:50:49.134+0000] {processor.py:183} INFO - Processing /home/airflow/.local/lib/python3.10/site-packages/airflow/example_dags/example_local_kubernetes_executor.py took 0.116 seconds
[2025-06-13T14:51:19.360+0000] {processor.py:161} INFO - Started process (PID=857) to work on /home/airflow/.local/lib/python3.10/site-packages/airflow/example_dags/example_local_kubernetes_executor.py
[2025-06-13T14:51:19.362+0000] {processor.py:830} INFO - Processing file /home/airflow/.local/lib/python3.10/site-packages/airflow/example_dags/example_local_kubernetes_executor.py for tasks to queue
[2025-06-13T14:51:19.365+0000] {logging_mixin.py:188} INFO - [2025-06-13T14:51:19.365+0000] {dagbag.py:540} INFO - Filling up the DagBag from /home/airflow/.local/lib/python3.10/site-packages/airflow/example_dags/example_local_kubernetes_executor.py
[2025-06-13T14:51:19.402+0000] {processor.py:840} INFO - DAG(s) 'example_local_kubernetes_executor' retrieved from /home/airflow/.local/lib/python3.10/site-packages/airflow/example_dags/example_local_kubernetes_executor.py
[2025-06-13T14:51:19.480+0000] {logging_mixin.py:188} INFO - [2025-06-13T14:51:19.480+0000] {dag.py:3096} INFO - Sync 1 DAGs
[2025-06-13T14:51:19.494+0000] {logging_mixin.py:188} INFO - [2025-06-13T14:51:19.494+0000] {dag.py:3954} INFO - Setting next_dagrun for example_local_kubernetes_executor to None, run_after=None
[2025-06-13T14:51:19.530+0000] {processor.py:183} INFO - Processing /home/airflow/.local/lib/python3.10/site-packages/airflow/example_dags/example_local_kubernetes_executor.py took 0.178 seconds
[2025-06-13T14:51:49.641+0000] {processor.py:161} INFO - Started process (PID=917) to work on /home/airflow/.local/lib/python3.10/site-packages/airflow/example_dags/example_local_kubernetes_executor.py
[2025-06-13T14:51:49.642+0000] {processor.py:830} INFO - Processing file /home/airflow/.local/lib/python3.10/site-packages/airflow/example_dags/example_local_kubernetes_executor.py for tasks to queue
[2025-06-13T14:51:49.644+0000] {logging_mixin.py:188} INFO - [2025-06-13T14:51:49.644+0000] {dagbag.py:540} INFO - Filling up the DagBag from /home/airflow/.local/lib/python3.10/site-packages/airflow/example_dags/example_local_kubernetes_executor.py
[2025-06-13T14:51:49.656+0000] {processor.py:840} INFO - DAG(s) 'example_local_kubernetes_executor' retrieved from /home/airflow/.local/lib/python3.10/site-packages/airflow/example_dags/example_local_kubernetes_executor.py
[2025-06-13T14:51:49.721+0000] {logging_mixin.py:188} INFO - [2025-06-13T14:51:49.721+0000] {dag.py:3096} INFO - Sync 1 DAGs
[2025-06-13T14:51:49.737+0000] {logging_mixin.py:188} INFO - [2025-06-13T14:51:49.737+0000] {dag.py:3954} INFO - Setting next_dagrun for example_local_kubernetes_executor to None, run_after=None
[2025-06-13T14:51:49.760+0000] {processor.py:183} INFO - Processing /home/airflow/.local/lib/python3.10/site-packages/airflow/example_dags/example_local_kubernetes_executor.py took 0.130 seconds
[2025-06-13T14:52:19.990+0000] {processor.py:161} INFO - Started process (PID=977) to work on /home/airflow/.local/lib/python3.10/site-packages/airflow/example_dags/example_local_kubernetes_executor.py
[2025-06-13T14:52:19.993+0000] {processor.py:830} INFO - Processing file /home/airflow/.local/lib/python3.10/site-packages/airflow/example_dags/example_local_kubernetes_executor.py for tasks to queue
[2025-06-13T14:52:20.000+0000] {logging_mixin.py:188} INFO - [2025-06-13T14:52:20.000+0000] {dagbag.py:540} INFO - Filling up the DagBag from /home/airflow/.local/lib/python3.10/site-packages/airflow/example_dags/example_local_kubernetes_executor.py
[2025-06-13T14:52:20.011+0000] {processor.py:840} INFO - DAG(s) 'example_local_kubernetes_executor' retrieved from /home/airflow/.local/lib/python3.10/site-packages/airflow/example_dags/example_local_kubernetes_executor.py
[2025-06-13T14:52:20.072+0000] {logging_mixin.py:188} INFO - [2025-06-13T14:52:20.072+0000] {dag.py:3096} INFO - Sync 1 DAGs
[2025-06-13T14:52:20.088+0000] {logging_mixin.py:188} INFO - [2025-06-13T14:52:20.088+0000] {dag.py:3954} INFO - Setting next_dagrun for example_local_kubernetes_executor to None, run_after=None
[2025-06-13T14:52:20.105+0000] {processor.py:183} INFO - Processing /home/airflow/.local/lib/python3.10/site-packages/airflow/example_dags/example_local_kubernetes_executor.py took 0.125 seconds
[2025-06-13T14:52:50.196+0000] {processor.py:161} INFO - Started process (PID=1037) to work on /home/airflow/.local/lib/python3.10/site-packages/airflow/example_dags/example_local_kubernetes_executor.py
[2025-06-13T14:52:50.199+0000] {processor.py:830} INFO - Processing file /home/airflow/.local/lib/python3.10/site-packages/airflow/example_dags/example_local_kubernetes_executor.py for tasks to queue
[2025-06-13T14:52:50.201+0000] {logging_mixin.py:188} INFO - [2025-06-13T14:52:50.201+0000] {dagbag.py:540} INFO - Filling up the DagBag from /home/airflow/.local/lib/python3.10/site-packages/airflow/example_dags/example_local_kubernetes_executor.py
[2025-06-13T14:52:50.214+0000] {processor.py:840} INFO - DAG(s) 'example_local_kubernetes_executor' retrieved from /home/airflow/.local/lib/python3.10/site-packages/airflow/example_dags/example_local_kubernetes_executor.py
[2025-06-13T14:52:50.254+0000] {logging_mixin.py:188} INFO - [2025-06-13T14:52:50.254+0000] {dag.py:3096} INFO - Sync 1 DAGs
[2025-06-13T14:52:50.263+0000] {logging_mixin.py:188} INFO - [2025-06-13T14:52:50.263+0000] {dag.py:3954} INFO - Setting next_dagrun for example_local_kubernetes_executor to None, run_after=None
[2025-06-13T14:52:50.276+0000] {processor.py:183} INFO - Processing /home/airflow/.local/lib/python3.10/site-packages/airflow/example_dags/example_local_kubernetes_executor.py took 0.087 seconds
[2025-06-13T14:53:20.699+0000] {processor.py:161} INFO - Started process (PID=1097) to work on /home/airflow/.local/lib/python3.10/site-packages/airflow/example_dags/example_local_kubernetes_executor.py
[2025-06-13T14:53:20.702+0000] {processor.py:830} INFO - Processing file /home/airflow/.local/lib/python3.10/site-packages/airflow/example_dags/example_local_kubernetes_executor.py for tasks to queue
[2025-06-13T14:53:20.704+0000] {logging_mixin.py:188} INFO - [2025-06-13T14:53:20.704+0000] {dagbag.py:540} INFO - Filling up the DagBag from /home/airflow/.local/lib/python3.10/site-packages/airflow/example_dags/example_local_kubernetes_executor.py
[2025-06-13T14:53:20.730+0000] {processor.py:840} INFO - DAG(s) 'example_local_kubernetes_executor' retrieved from /home/airflow/.local/lib/python3.10/site-packages/airflow/example_dags/example_local_kubernetes_executor.py
[2025-06-13T14:53:20.780+0000] {logging_mixin.py:188} INFO - [2025-06-13T14:53:20.779+0000] {dag.py:3096} INFO - Sync 1 DAGs
[2025-06-13T14:53:20.791+0000] {logging_mixin.py:188} INFO - [2025-06-13T14:53:20.791+0000] {dag.py:3954} INFO - Setting next_dagrun for example_local_kubernetes_executor to None, run_after=None
[2025-06-13T14:53:20.810+0000] {processor.py:183} INFO - Processing /home/airflow/.local/lib/python3.10/site-packages/airflow/example_dags/example_local_kubernetes_executor.py took 0.119 seconds
[2025-06-13T14:53:51.243+0000] {processor.py:161} INFO - Started process (PID=1157) to work on /home/airflow/.local/lib/python3.10/site-packages/airflow/example_dags/example_local_kubernetes_executor.py
[2025-06-13T14:53:51.246+0000] {processor.py:830} INFO - Processing file /home/airflow/.local/lib/python3.10/site-packages/airflow/example_dags/example_local_kubernetes_executor.py for tasks to queue
[2025-06-13T14:53:51.248+0000] {logging_mixin.py:188} INFO - [2025-06-13T14:53:51.248+0000] {dagbag.py:540} INFO - Filling up the DagBag from /home/airflow/.local/lib/python3.10/site-packages/airflow/example_dags/example_local_kubernetes_executor.py
[2025-06-13T14:53:51.267+0000] {processor.py:840} INFO - DAG(s) 'example_local_kubernetes_executor' retrieved from /home/airflow/.local/lib/python3.10/site-packages/airflow/example_dags/example_local_kubernetes_executor.py
[2025-06-13T14:53:51.339+0000] {logging_mixin.py:188} INFO - [2025-06-13T14:53:51.339+0000] {dag.py:3096} INFO - Sync 1 DAGs
[2025-06-13T14:53:51.367+0000] {logging_mixin.py:188} INFO - [2025-06-13T14:53:51.367+0000] {dag.py:3954} INFO - Setting next_dagrun for example_local_kubernetes_executor to None, run_after=None
[2025-06-13T14:53:51.383+0000] {processor.py:183} INFO - Processing /home/airflow/.local/lib/python3.10/site-packages/airflow/example_dags/example_local_kubernetes_executor.py took 0.147 seconds
[2025-06-13T14:54:22.121+0000] {processor.py:161} INFO - Started process (PID=1217) to work on /home/airflow/.local/lib/python3.10/site-packages/airflow/example_dags/example_local_kubernetes_executor.py
[2025-06-13T14:54:22.124+0000] {processor.py:830} INFO - Processing file /home/airflow/.local/lib/python3.10/site-packages/airflow/example_dags/example_local_kubernetes_executor.py for tasks to queue
[2025-06-13T14:54:22.131+0000] {logging_mixin.py:188} INFO - [2025-06-13T14:54:22.131+0000] {dagbag.py:540} INFO - Filling up the DagBag from /home/airflow/.local/lib/python3.10/site-packages/airflow/example_dags/example_local_kubernetes_executor.py
[2025-06-13T14:54:22.145+0000] {processor.py:840} INFO - DAG(s) 'example_local_kubernetes_executor' retrieved from /home/airflow/.local/lib/python3.10/site-packages/airflow/example_dags/example_local_kubernetes_executor.py
[2025-06-13T14:54:22.196+0000] {logging_mixin.py:188} INFO - [2025-06-13T14:54:22.196+0000] {dag.py:3096} INFO - Sync 1 DAGs
[2025-06-13T14:54:22.210+0000] {logging_mixin.py:188} INFO - [2025-06-13T14:54:22.210+0000] {dag.py:3954} INFO - Setting next_dagrun for example_local_kubernetes_executor to None, run_after=None
[2025-06-13T14:54:22.225+0000] {processor.py:183} INFO - Processing /home/airflow/.local/lib/python3.10/site-packages/airflow/example_dags/example_local_kubernetes_executor.py took 0.115 seconds
[2025-06-13T14:54:52.341+0000] {processor.py:161} INFO - Started process (PID=1277) to work on /home/airflow/.local/lib/python3.10/site-packages/airflow/example_dags/example_local_kubernetes_executor.py
[2025-06-13T14:54:52.342+0000] {processor.py:830} INFO - Processing file /home/airflow/.local/lib/python3.10/site-packages/airflow/example_dags/example_local_kubernetes_executor.py for tasks to queue
[2025-06-13T14:54:52.343+0000] {logging_mixin.py:188} INFO - [2025-06-13T14:54:52.343+0000] {dagbag.py:540} INFO - Filling up the DagBag from /home/airflow/.local/lib/python3.10/site-packages/airflow/example_dags/example_local_kubernetes_executor.py
[2025-06-13T14:54:52.349+0000] {processor.py:840} INFO - DAG(s) 'example_local_kubernetes_executor' retrieved from /home/airflow/.local/lib/python3.10/site-packages/airflow/example_dags/example_local_kubernetes_executor.py
[2025-06-13T14:54:52.384+0000] {logging_mixin.py:188} INFO - [2025-06-13T14:54:52.384+0000] {dag.py:3096} INFO - Sync 1 DAGs
[2025-06-13T14:54:52.393+0000] {logging_mixin.py:188} INFO - [2025-06-13T14:54:52.393+0000] {dag.py:3954} INFO - Setting next_dagrun for example_local_kubernetes_executor to None, run_after=None
[2025-06-13T14:54:52.404+0000] {processor.py:183} INFO - Processing /home/airflow/.local/lib/python3.10/site-packages/airflow/example_dags/example_local_kubernetes_executor.py took 0.067 seconds
[2025-06-13T14:55:22.613+0000] {processor.py:161} INFO - Started process (PID=1337) to work on /home/airflow/.local/lib/python3.10/site-packages/airflow/example_dags/example_local_kubernetes_executor.py
[2025-06-13T14:55:22.615+0000] {processor.py:830} INFO - Processing file /home/airflow/.local/lib/python3.10/site-packages/airflow/example_dags/example_local_kubernetes_executor.py for tasks to queue
[2025-06-13T14:55:22.618+0000] {logging_mixin.py:188} INFO - [2025-06-13T14:55:22.617+0000] {dagbag.py:540} INFO - Filling up the DagBag from /home/airflow/.local/lib/python3.10/site-packages/airflow/example_dags/example_local_kubernetes_executor.py
[2025-06-13T14:55:22.659+0000] {processor.py:840} INFO - DAG(s) 'example_local_kubernetes_executor' retrieved from /home/airflow/.local/lib/python3.10/site-packages/airflow/example_dags/example_local_kubernetes_executor.py
[2025-06-13T14:55:22.726+0000] {logging_mixin.py:188} INFO - [2025-06-13T14:55:22.725+0000] {dag.py:3096} INFO - Sync 1 DAGs
[2025-06-13T14:55:22.738+0000] {logging_mixin.py:188} INFO - [2025-06-13T14:55:22.738+0000] {dag.py:3954} INFO - Setting next_dagrun for example_local_kubernetes_executor to None, run_after=None
[2025-06-13T14:55:22.756+0000] {processor.py:183} INFO - Processing /home/airflow/.local/lib/python3.10/site-packages/airflow/example_dags/example_local_kubernetes_executor.py took 0.156 seconds
[2025-06-13T14:55:52.868+0000] {processor.py:161} INFO - Started process (PID=1397) to work on /home/airflow/.local/lib/python3.10/site-packages/airflow/example_dags/example_local_kubernetes_executor.py
[2025-06-13T14:55:52.870+0000] {processor.py:830} INFO - Processing file /home/airflow/.local/lib/python3.10/site-packages/airflow/example_dags/example_local_kubernetes_executor.py for tasks to queue
[2025-06-13T14:55:52.875+0000] {logging_mixin.py:188} INFO - [2025-06-13T14:55:52.874+0000] {dagbag.py:540} INFO - Filling up the DagBag from /home/airflow/.local/lib/python3.10/site-packages/airflow/example_dags/example_local_kubernetes_executor.py
[2025-06-13T14:55:52.901+0000] {processor.py:840} INFO - DAG(s) 'example_local_kubernetes_executor' retrieved from /home/airflow/.local/lib/python3.10/site-packages/airflow/example_dags/example_local_kubernetes_executor.py
[2025-06-13T14:55:52.957+0000] {logging_mixin.py:188} INFO - [2025-06-13T14:55:52.957+0000] {dag.py:3096} INFO - Sync 1 DAGs
[2025-06-13T14:55:52.971+0000] {logging_mixin.py:188} INFO - [2025-06-13T14:55:52.971+0000] {dag.py:3954} INFO - Setting next_dagrun for example_local_kubernetes_executor to None, run_after=None
[2025-06-13T14:55:52.988+0000] {processor.py:183} INFO - Processing /home/airflow/.local/lib/python3.10/site-packages/airflow/example_dags/example_local_kubernetes_executor.py took 0.135 seconds
[2025-06-13T14:56:23.305+0000] {processor.py:161} INFO - Started process (PID=1457) to work on /home/airflow/.local/lib/python3.10/site-packages/airflow/example_dags/example_local_kubernetes_executor.py
[2025-06-13T14:56:23.308+0000] {processor.py:830} INFO - Processing file /home/airflow/.local/lib/python3.10/site-packages/airflow/example_dags/example_local_kubernetes_executor.py for tasks to queue
[2025-06-13T14:56:23.311+0000] {logging_mixin.py:188} INFO - [2025-06-13T14:56:23.310+0000] {dagbag.py:540} INFO - Filling up the DagBag from /home/airflow/.local/lib/python3.10/site-packages/airflow/example_dags/example_local_kubernetes_executor.py
[2025-06-13T14:56:23.324+0000] {processor.py:840} INFO - DAG(s) 'example_local_kubernetes_executor' retrieved from /home/airflow/.local/lib/python3.10/site-packages/airflow/example_dags/example_local_kubernetes_executor.py
[2025-06-13T14:56:23.375+0000] {logging_mixin.py:188} INFO - [2025-06-13T14:56:23.375+0000] {dag.py:3096} INFO - Sync 1 DAGs
[2025-06-13T14:56:23.394+0000] {logging_mixin.py:188} INFO - [2025-06-13T14:56:23.394+0000] {dag.py:3954} INFO - Setting next_dagrun for example_local_kubernetes_executor to None, run_after=None
[2025-06-13T14:56:23.414+0000] {processor.py:183} INFO - Processing /home/airflow/.local/lib/python3.10/site-packages/airflow/example_dags/example_local_kubernetes_executor.py took 0.123 seconds
[2025-06-13T14:56:54.262+0000] {processor.py:161} INFO - Started process (PID=1517) to work on /home/airflow/.local/lib/python3.10/site-packages/airflow/example_dags/example_local_kubernetes_executor.py
[2025-06-13T14:56:54.268+0000] {processor.py:830} INFO - Processing file /home/airflow/.local/lib/python3.10/site-packages/airflow/example_dags/example_local_kubernetes_executor.py for tasks to queue
[2025-06-13T14:56:54.277+0000] {logging_mixin.py:188} INFO - [2025-06-13T14:56:54.276+0000] {dagbag.py:540} INFO - Filling up the DagBag from /home/airflow/.local/lib/python3.10/site-packages/airflow/example_dags/example_local_kubernetes_executor.py
[2025-06-13T14:56:54.310+0000] {processor.py:840} INFO - DAG(s) 'example_local_kubernetes_executor' retrieved from /home/airflow/.local/lib/python3.10/site-packages/airflow/example_dags/example_local_kubernetes_executor.py
[2025-06-13T14:56:54.373+0000] {logging_mixin.py:188} INFO - [2025-06-13T14:56:54.372+0000] {dag.py:3096} INFO - Sync 1 DAGs
[2025-06-13T14:56:54.385+0000] {logging_mixin.py:188} INFO - [2025-06-13T14:56:54.384+0000] {dag.py:3954} INFO - Setting next_dagrun for example_local_kubernetes_executor to None, run_after=None
[2025-06-13T14:56:54.402+0000] {processor.py:183} INFO - Processing /home/airflow/.local/lib/python3.10/site-packages/airflow/example_dags/example_local_kubernetes_executor.py took 0.153 seconds
[2025-06-13T14:57:24.503+0000] {processor.py:161} INFO - Started process (PID=1577) to work on /home/airflow/.local/lib/python3.10/site-packages/airflow/example_dags/example_local_kubernetes_executor.py
[2025-06-13T14:57:24.510+0000] {processor.py:830} INFO - Processing file /home/airflow/.local/lib/python3.10/site-packages/airflow/example_dags/example_local_kubernetes_executor.py for tasks to queue
[2025-06-13T14:57:24.512+0000] {logging_mixin.py:188} INFO - [2025-06-13T14:57:24.512+0000] {dagbag.py:540} INFO - Filling up the DagBag from /home/airflow/.local/lib/python3.10/site-packages/airflow/example_dags/example_local_kubernetes_executor.py
[2025-06-13T14:57:24.525+0000] {processor.py:840} INFO - DAG(s) 'example_local_kubernetes_executor' retrieved from /home/airflow/.local/lib/python3.10/site-packages/airflow/example_dags/example_local_kubernetes_executor.py
[2025-06-13T14:57:24.595+0000] {logging_mixin.py:188} INFO - [2025-06-13T14:57:24.595+0000] {dag.py:3096} INFO - Sync 1 DAGs
[2025-06-13T14:57:24.607+0000] {logging_mixin.py:188} INFO - [2025-06-13T14:57:24.607+0000] {dag.py:3954} INFO - Setting next_dagrun for example_local_kubernetes_executor to None, run_after=None
[2025-06-13T14:57:24.624+0000] {processor.py:183} INFO - Processing /home/airflow/.local/lib/python3.10/site-packages/airflow/example_dags/example_local_kubernetes_executor.py took 0.131 seconds
[2025-06-13T14:57:54.977+0000] {processor.py:161} INFO - Started process (PID=1637) to work on /home/airflow/.local/lib/python3.10/site-packages/airflow/example_dags/example_local_kubernetes_executor.py
[2025-06-13T14:57:54.981+0000] {processor.py:830} INFO - Processing file /home/airflow/.local/lib/python3.10/site-packages/airflow/example_dags/example_local_kubernetes_executor.py for tasks to queue
[2025-06-13T14:57:54.984+0000] {logging_mixin.py:188} INFO - [2025-06-13T14:57:54.983+0000] {dagbag.py:540} INFO - Filling up the DagBag from /home/airflow/.local/lib/python3.10/site-packages/airflow/example_dags/example_local_kubernetes_executor.py
[2025-06-13T14:57:55.001+0000] {processor.py:840} INFO - DAG(s) 'example_local_kubernetes_executor' retrieved from /home/airflow/.local/lib/python3.10/site-packages/airflow/example_dags/example_local_kubernetes_executor.py
[2025-06-13T14:57:55.094+0000] {logging_mixin.py:188} INFO - [2025-06-13T14:57:55.094+0000] {dag.py:3096} INFO - Sync 1 DAGs
[2025-06-13T14:57:55.112+0000] {logging_mixin.py:188} INFO - [2025-06-13T14:57:55.111+0000] {dag.py:3954} INFO - Setting next_dagrun for example_local_kubernetes_executor to None, run_after=None
[2025-06-13T14:57:55.137+0000] {processor.py:183} INFO - Processing /home/airflow/.local/lib/python3.10/site-packages/airflow/example_dags/example_local_kubernetes_executor.py took 0.172 seconds
[2025-06-13T14:58:26.083+0000] {processor.py:161} INFO - Started process (PID=1697) to work on /home/airflow/.local/lib/python3.10/site-packages/airflow/example_dags/example_local_kubernetes_executor.py
[2025-06-13T14:58:26.089+0000] {processor.py:830} INFO - Processing file /home/airflow/.local/lib/python3.10/site-packages/airflow/example_dags/example_local_kubernetes_executor.py for tasks to queue
[2025-06-13T14:58:26.102+0000] {logging_mixin.py:188} INFO - [2025-06-13T14:58:26.100+0000] {dagbag.py:540} INFO - Filling up the DagBag from /home/airflow/.local/lib/python3.10/site-packages/airflow/example_dags/example_local_kubernetes_executor.py
[2025-06-13T14:58:26.132+0000] {processor.py:840} INFO - DAG(s) 'example_local_kubernetes_executor' retrieved from /home/airflow/.local/lib/python3.10/site-packages/airflow/example_dags/example_local_kubernetes_executor.py
[2025-06-13T14:58:26.225+0000] {logging_mixin.py:188} INFO - [2025-06-13T14:58:26.225+0000] {dag.py:3096} INFO - Sync 1 DAGs
[2025-06-13T14:58:26.237+0000] {logging_mixin.py:188} INFO - [2025-06-13T14:58:26.237+0000] {dag.py:3954} INFO - Setting next_dagrun for example_local_kubernetes_executor to None, run_after=None
[2025-06-13T14:58:26.269+0000] {processor.py:183} INFO - Processing /home/airflow/.local/lib/python3.10/site-packages/airflow/example_dags/example_local_kubernetes_executor.py took 0.194 seconds
[2025-06-13T14:58:56.590+0000] {processor.py:161} INFO - Started process (PID=1757) to work on /home/airflow/.local/lib/python3.10/site-packages/airflow/example_dags/example_local_kubernetes_executor.py
[2025-06-13T14:58:56.593+0000] {processor.py:830} INFO - Processing file /home/airflow/.local/lib/python3.10/site-packages/airflow/example_dags/example_local_kubernetes_executor.py for tasks to queue
[2025-06-13T14:58:56.597+0000] {logging_mixin.py:188} INFO - [2025-06-13T14:58:56.596+0000] {dagbag.py:540} INFO - Filling up the DagBag from /home/airflow/.local/lib/python3.10/site-packages/airflow/example_dags/example_local_kubernetes_executor.py
[2025-06-13T14:58:56.613+0000] {processor.py:840} INFO - DAG(s) 'example_local_kubernetes_executor' retrieved from /home/airflow/.local/lib/python3.10/site-packages/airflow/example_dags/example_local_kubernetes_executor.py
[2025-06-13T14:58:56.672+0000] {logging_mixin.py:188} INFO - [2025-06-13T14:58:56.672+0000] {dag.py:3096} INFO - Sync 1 DAGs
[2025-06-13T14:58:56.684+0000] {logging_mixin.py:188} INFO - [2025-06-13T14:58:56.684+0000] {dag.py:3954} INFO - Setting next_dagrun for example_local_kubernetes_executor to None, run_after=None
[2025-06-13T14:58:56.704+0000] {processor.py:183} INFO - Processing /home/airflow/.local/lib/python3.10/site-packages/airflow/example_dags/example_local_kubernetes_executor.py took 0.127 seconds
[2025-06-13T14:59:26.914+0000] {processor.py:161} INFO - Started process (PID=1817) to work on /home/airflow/.local/lib/python3.10/site-packages/airflow/example_dags/example_local_kubernetes_executor.py
[2025-06-13T14:59:26.918+0000] {processor.py:830} INFO - Processing file /home/airflow/.local/lib/python3.10/site-packages/airflow/example_dags/example_local_kubernetes_executor.py for tasks to queue
[2025-06-13T14:59:26.926+0000] {logging_mixin.py:188} INFO - [2025-06-13T14:59:26.925+0000] {dagbag.py:540} INFO - Filling up the DagBag from /home/airflow/.local/lib/python3.10/site-packages/airflow/example_dags/example_local_kubernetes_executor.py
[2025-06-13T14:59:26.936+0000] {processor.py:840} INFO - DAG(s) 'example_local_kubernetes_executor' retrieved from /home/airflow/.local/lib/python3.10/site-packages/airflow/example_dags/example_local_kubernetes_executor.py
[2025-06-13T14:59:27.011+0000] {logging_mixin.py:188} INFO - [2025-06-13T14:59:27.011+0000] {dag.py:3096} INFO - Sync 1 DAGs
[2025-06-13T14:59:27.025+0000] {logging_mixin.py:188} INFO - [2025-06-13T14:59:27.025+0000] {dag.py:3954} INFO - Setting next_dagrun for example_local_kubernetes_executor to None, run_after=None
[2025-06-13T14:59:27.043+0000] {processor.py:183} INFO - Processing /home/airflow/.local/lib/python3.10/site-packages/airflow/example_dags/example_local_kubernetes_executor.py took 0.138 seconds
[2025-06-13T14:59:57.759+0000] {processor.py:161} INFO - Started process (PID=1877) to work on /home/airflow/.local/lib/python3.10/site-packages/airflow/example_dags/example_local_kubernetes_executor.py
[2025-06-13T14:59:57.761+0000] {processor.py:830} INFO - Processing file /home/airflow/.local/lib/python3.10/site-packages/airflow/example_dags/example_local_kubernetes_executor.py for tasks to queue
[2025-06-13T14:59:57.764+0000] {logging_mixin.py:188} INFO - [2025-06-13T14:59:57.764+0000] {dagbag.py:540} INFO - Filling up the DagBag from /home/airflow/.local/lib/python3.10/site-packages/airflow/example_dags/example_local_kubernetes_executor.py
[2025-06-13T14:59:57.775+0000] {processor.py:840} INFO - DAG(s) 'example_local_kubernetes_executor' retrieved from /home/airflow/.local/lib/python3.10/site-packages/airflow/example_dags/example_local_kubernetes_executor.py
[2025-06-13T14:59:57.827+0000] {logging_mixin.py:188} INFO - [2025-06-13T14:59:57.827+0000] {dag.py:3096} INFO - Sync 1 DAGs
[2025-06-13T14:59:57.837+0000] {logging_mixin.py:188} INFO - [2025-06-13T14:59:57.836+0000] {dag.py:3954} INFO - Setting next_dagrun for example_local_kubernetes_executor to None, run_after=None
[2025-06-13T14:59:57.849+0000] {processor.py:183} INFO - Processing /home/airflow/.local/lib/python3.10/site-packages/airflow/example_dags/example_local_kubernetes_executor.py took 0.100 seconds
[2025-06-13T15:00:28.128+0000] {processor.py:161} INFO - Started process (PID=1937) to work on /home/airflow/.local/lib/python3.10/site-packages/airflow/example_dags/example_local_kubernetes_executor.py
[2025-06-13T15:00:28.131+0000] {processor.py:830} INFO - Processing file /home/airflow/.local/lib/python3.10/site-packages/airflow/example_dags/example_local_kubernetes_executor.py for tasks to queue
[2025-06-13T15:00:28.139+0000] {logging_mixin.py:188} INFO - [2025-06-13T15:00:28.138+0000] {dagbag.py:540} INFO - Filling up the DagBag from /home/airflow/.local/lib/python3.10/site-packages/airflow/example_dags/example_local_kubernetes_executor.py
[2025-06-13T15:00:28.159+0000] {processor.py:840} INFO - DAG(s) 'example_local_kubernetes_executor' retrieved from /home/airflow/.local/lib/python3.10/site-packages/airflow/example_dags/example_local_kubernetes_executor.py
[2025-06-13T15:00:28.217+0000] {logging_mixin.py:188} INFO - [2025-06-13T15:00:28.217+0000] {dag.py:3096} INFO - Sync 1 DAGs
[2025-06-13T15:00:28.237+0000] {logging_mixin.py:188} INFO - [2025-06-13T15:00:28.237+0000] {dag.py:3954} INFO - Setting next_dagrun for example_local_kubernetes_executor to None, run_after=None
[2025-06-13T15:00:28.251+0000] {processor.py:183} INFO - Processing /home/airflow/.local/lib/python3.10/site-packages/airflow/example_dags/example_local_kubernetes_executor.py took 0.134 seconds
[2025-06-13T15:00:58.844+0000] {processor.py:161} INFO - Started process (PID=1997) to work on /home/airflow/.local/lib/python3.10/site-packages/airflow/example_dags/example_local_kubernetes_executor.py
[2025-06-13T15:00:58.849+0000] {processor.py:830} INFO - Processing file /home/airflow/.local/lib/python3.10/site-packages/airflow/example_dags/example_local_kubernetes_executor.py for tasks to queue
[2025-06-13T15:00:58.856+0000] {logging_mixin.py:188} INFO - [2025-06-13T15:00:58.855+0000] {dagbag.py:540} INFO - Filling up the DagBag from /home/airflow/.local/lib/python3.10/site-packages/airflow/example_dags/example_local_kubernetes_executor.py
[2025-06-13T15:00:58.883+0000] {processor.py:840} INFO - DAG(s) 'example_local_kubernetes_executor' retrieved from /home/airflow/.local/lib/python3.10/site-packages/airflow/example_dags/example_local_kubernetes_executor.py
[2025-06-13T15:00:58.954+0000] {logging_mixin.py:188} INFO - [2025-06-13T15:00:58.954+0000] {dag.py:3096} INFO - Sync 1 DAGs
[2025-06-13T15:00:58.967+0000] {logging_mixin.py:188} INFO - [2025-06-13T15:00:58.966+0000] {dag.py:3954} INFO - Setting next_dagrun for example_local_kubernetes_executor to None, run_after=None
[2025-06-13T15:00:58.979+0000] {processor.py:183} INFO - Processing /home/airflow/.local/lib/python3.10/site-packages/airflow/example_dags/example_local_kubernetes_executor.py took 0.144 seconds
[2025-06-13T15:01:29.222+0000] {processor.py:161} INFO - Started process (PID=2057) to work on /home/airflow/.local/lib/python3.10/site-packages/airflow/example_dags/example_local_kubernetes_executor.py
[2025-06-13T15:01:29.233+0000] {processor.py:830} INFO - Processing file /home/airflow/.local/lib/python3.10/site-packages/airflow/example_dags/example_local_kubernetes_executor.py for tasks to queue
[2025-06-13T15:01:29.250+0000] {logging_mixin.py:188} INFO - [2025-06-13T15:01:29.250+0000] {dagbag.py:540} INFO - Filling up the DagBag from /home/airflow/.local/lib/python3.10/site-packages/airflow/example_dags/example_local_kubernetes_executor.py
[2025-06-13T15:01:29.264+0000] {processor.py:840} INFO - DAG(s) 'example_local_kubernetes_executor' retrieved from /home/airflow/.local/lib/python3.10/site-packages/airflow/example_dags/example_local_kubernetes_executor.py
[2025-06-13T15:01:29.316+0000] {logging_mixin.py:188} INFO - [2025-06-13T15:01:29.316+0000] {dag.py:3096} INFO - Sync 1 DAGs
[2025-06-13T15:01:29.328+0000] {logging_mixin.py:188} INFO - [2025-06-13T15:01:29.328+0000] {dag.py:3954} INFO - Setting next_dagrun for example_local_kubernetes_executor to None, run_after=None
[2025-06-13T15:01:29.344+0000] {processor.py:183} INFO - Processing /home/airflow/.local/lib/python3.10/site-packages/airflow/example_dags/example_local_kubernetes_executor.py took 0.135 seconds
[2025-06-13T15:01:59.500+0000] {processor.py:161} INFO - Started process (PID=2117) to work on /home/airflow/.local/lib/python3.10/site-packages/airflow/example_dags/example_local_kubernetes_executor.py
[2025-06-13T15:01:59.502+0000] {processor.py:830} INFO - Processing file /home/airflow/.local/lib/python3.10/site-packages/airflow/example_dags/example_local_kubernetes_executor.py for tasks to queue
[2025-06-13T15:01:59.510+0000] {logging_mixin.py:188} INFO - [2025-06-13T15:01:59.510+0000] {dagbag.py:540} INFO - Filling up the DagBag from /home/airflow/.local/lib/python3.10/site-packages/airflow/example_dags/example_local_kubernetes_executor.py
[2025-06-13T15:01:59.525+0000] {processor.py:840} INFO - DAG(s) 'example_local_kubernetes_executor' retrieved from /home/airflow/.local/lib/python3.10/site-packages/airflow/example_dags/example_local_kubernetes_executor.py
[2025-06-13T15:01:59.583+0000] {logging_mixin.py:188} INFO - [2025-06-13T15:01:59.583+0000] {dag.py:3096} INFO - Sync 1 DAGs
[2025-06-13T15:01:59.600+0000] {logging_mixin.py:188} INFO - [2025-06-13T15:01:59.600+0000] {dag.py:3954} INFO - Setting next_dagrun for example_local_kubernetes_executor to None, run_after=None
[2025-06-13T15:01:59.631+0000] {processor.py:183} INFO - Processing /home/airflow/.local/lib/python3.10/site-packages/airflow/example_dags/example_local_kubernetes_executor.py took 0.141 seconds
[2025-06-13T15:02:29.960+0000] {processor.py:161} INFO - Started process (PID=2177) to work on /home/airflow/.local/lib/python3.10/site-packages/airflow/example_dags/example_local_kubernetes_executor.py
[2025-06-13T15:02:29.963+0000] {processor.py:830} INFO - Processing file /home/airflow/.local/lib/python3.10/site-packages/airflow/example_dags/example_local_kubernetes_executor.py for tasks to queue
[2025-06-13T15:02:29.968+0000] {logging_mixin.py:188} INFO - [2025-06-13T15:02:29.967+0000] {dagbag.py:540} INFO - Filling up the DagBag from /home/airflow/.local/lib/python3.10/site-packages/airflow/example_dags/example_local_kubernetes_executor.py
[2025-06-13T15:02:29.982+0000] {processor.py:840} INFO - DAG(s) 'example_local_kubernetes_executor' retrieved from /home/airflow/.local/lib/python3.10/site-packages/airflow/example_dags/example_local_kubernetes_executor.py
[2025-06-13T15:02:30.026+0000] {logging_mixin.py:188} INFO - [2025-06-13T15:02:30.026+0000] {dag.py:3096} INFO - Sync 1 DAGs
[2025-06-13T15:02:30.035+0000] {logging_mixin.py:188} INFO - [2025-06-13T15:02:30.035+0000] {dag.py:3954} INFO - Setting next_dagrun for example_local_kubernetes_executor to None, run_after=None
[2025-06-13T15:02:30.051+0000] {processor.py:183} INFO - Processing /home/airflow/.local/lib/python3.10/site-packages/airflow/example_dags/example_local_kubernetes_executor.py took 0.101 seconds
[2025-06-13T15:03:00.668+0000] {processor.py:161} INFO - Started process (PID=2237) to work on /home/airflow/.local/lib/python3.10/site-packages/airflow/example_dags/example_local_kubernetes_executor.py
[2025-06-13T15:03:00.671+0000] {processor.py:830} INFO - Processing file /home/airflow/.local/lib/python3.10/site-packages/airflow/example_dags/example_local_kubernetes_executor.py for tasks to queue
[2025-06-13T15:03:00.675+0000] {logging_mixin.py:188} INFO - [2025-06-13T15:03:00.674+0000] {dagbag.py:540} INFO - Filling up the DagBag from /home/airflow/.local/lib/python3.10/site-packages/airflow/example_dags/example_local_kubernetes_executor.py
[2025-06-13T15:03:00.686+0000] {processor.py:840} INFO - DAG(s) 'example_local_kubernetes_executor' retrieved from /home/airflow/.local/lib/python3.10/site-packages/airflow/example_dags/example_local_kubernetes_executor.py
[2025-06-13T15:03:00.751+0000] {logging_mixin.py:188} INFO - [2025-06-13T15:03:00.751+0000] {dag.py:3096} INFO - Sync 1 DAGs
[2025-06-13T15:03:00.769+0000] {logging_mixin.py:188} INFO - [2025-06-13T15:03:00.769+0000] {dag.py:3954} INFO - Setting next_dagrun for example_local_kubernetes_executor to None, run_after=None
[2025-06-13T15:03:00.787+0000] {processor.py:183} INFO - Processing /home/airflow/.local/lib/python3.10/site-packages/airflow/example_dags/example_local_kubernetes_executor.py took 0.131 seconds
[2025-06-13T15:03:31.012+0000] {processor.py:161} INFO - Started process (PID=2297) to work on /home/airflow/.local/lib/python3.10/site-packages/airflow/example_dags/example_local_kubernetes_executor.py
[2025-06-13T15:03:31.014+0000] {processor.py:830} INFO - Processing file /home/airflow/.local/lib/python3.10/site-packages/airflow/example_dags/example_local_kubernetes_executor.py for tasks to queue
[2025-06-13T15:03:31.018+0000] {logging_mixin.py:188} INFO - [2025-06-13T15:03:31.017+0000] {dagbag.py:540} INFO - Filling up the DagBag from /home/airflow/.local/lib/python3.10/site-packages/airflow/example_dags/example_local_kubernetes_executor.py
[2025-06-13T15:03:31.031+0000] {processor.py:840} INFO - DAG(s) 'example_local_kubernetes_executor' retrieved from /home/airflow/.local/lib/python3.10/site-packages/airflow/example_dags/example_local_kubernetes_executor.py
[2025-06-13T15:03:31.106+0000] {logging_mixin.py:188} INFO - [2025-06-13T15:03:31.106+0000] {dag.py:3096} INFO - Sync 1 DAGs
[2025-06-13T15:03:31.120+0000] {logging_mixin.py:188} INFO - [2025-06-13T15:03:31.120+0000] {dag.py:3954} INFO - Setting next_dagrun for example_local_kubernetes_executor to None, run_after=None
[2025-06-13T15:03:31.136+0000] {processor.py:183} INFO - Processing /home/airflow/.local/lib/python3.10/site-packages/airflow/example_dags/example_local_kubernetes_executor.py took 0.136 seconds
[2025-06-13T15:04:02.012+0000] {processor.py:161} INFO - Started process (PID=2357) to work on /home/airflow/.local/lib/python3.10/site-packages/airflow/example_dags/example_local_kubernetes_executor.py
[2025-06-13T15:04:02.016+0000] {processor.py:830} INFO - Processing file /home/airflow/.local/lib/python3.10/site-packages/airflow/example_dags/example_local_kubernetes_executor.py for tasks to queue
[2025-06-13T15:04:02.019+0000] {logging_mixin.py:188} INFO - [2025-06-13T15:04:02.019+0000] {dagbag.py:540} INFO - Filling up the DagBag from /home/airflow/.local/lib/python3.10/site-packages/airflow/example_dags/example_local_kubernetes_executor.py
[2025-06-13T15:04:02.045+0000] {processor.py:840} INFO - DAG(s) 'example_local_kubernetes_executor' retrieved from /home/airflow/.local/lib/python3.10/site-packages/airflow/example_dags/example_local_kubernetes_executor.py
[2025-06-13T15:04:02.106+0000] {logging_mixin.py:188} INFO - [2025-06-13T15:04:02.106+0000] {dag.py:3096} INFO - Sync 1 DAGs
[2025-06-13T15:04:02.116+0000] {logging_mixin.py:188} INFO - [2025-06-13T15:04:02.116+0000] {dag.py:3954} INFO - Setting next_dagrun for example_local_kubernetes_executor to None, run_after=None
[2025-06-13T15:04:02.130+0000] {processor.py:183} INFO - Processing /home/airflow/.local/lib/python3.10/site-packages/airflow/example_dags/example_local_kubernetes_executor.py took 0.144 seconds
[2025-06-13T15:04:32.301+0000] {processor.py:161} INFO - Started process (PID=2416) to work on /home/airflow/.local/lib/python3.10/site-packages/airflow/example_dags/example_local_kubernetes_executor.py
[2025-06-13T15:04:32.304+0000] {processor.py:830} INFO - Processing file /home/airflow/.local/lib/python3.10/site-packages/airflow/example_dags/example_local_kubernetes_executor.py for tasks to queue
[2025-06-13T15:04:32.308+0000] {logging_mixin.py:188} INFO - [2025-06-13T15:04:32.307+0000] {dagbag.py:540} INFO - Filling up the DagBag from /home/airflow/.local/lib/python3.10/site-packages/airflow/example_dags/example_local_kubernetes_executor.py
[2025-06-13T15:04:32.335+0000] {processor.py:840} INFO - DAG(s) 'example_local_kubernetes_executor' retrieved from /home/airflow/.local/lib/python3.10/site-packages/airflow/example_dags/example_local_kubernetes_executor.py
[2025-06-13T15:04:32.381+0000] {logging_mixin.py:188} INFO - [2025-06-13T15:04:32.381+0000] {dag.py:3096} INFO - Sync 1 DAGs
[2025-06-13T15:04:32.391+0000] {logging_mixin.py:188} INFO - [2025-06-13T15:04:32.391+0000] {dag.py:3954} INFO - Setting next_dagrun for example_local_kubernetes_executor to None, run_after=None
[2025-06-13T15:04:32.594+0000] {processor.py:183} INFO - Processing /home/airflow/.local/lib/python3.10/site-packages/airflow/example_dags/example_local_kubernetes_executor.py took 0.308 seconds
[2025-06-13T15:05:02.830+0000] {processor.py:161} INFO - Started process (PID=2477) to work on /home/airflow/.local/lib/python3.10/site-packages/airflow/example_dags/example_local_kubernetes_executor.py
[2025-06-13T15:05:02.832+0000] {processor.py:830} INFO - Processing file /home/airflow/.local/lib/python3.10/site-packages/airflow/example_dags/example_local_kubernetes_executor.py for tasks to queue
[2025-06-13T15:05:02.840+0000] {logging_mixin.py:188} INFO - [2025-06-13T15:05:02.840+0000] {dagbag.py:540} INFO - Filling up the DagBag from /home/airflow/.local/lib/python3.10/site-packages/airflow/example_dags/example_local_kubernetes_executor.py
[2025-06-13T15:05:02.866+0000] {processor.py:840} INFO - DAG(s) 'example_local_kubernetes_executor' retrieved from /home/airflow/.local/lib/python3.10/site-packages/airflow/example_dags/example_local_kubernetes_executor.py
[2025-06-13T15:05:02.913+0000] {logging_mixin.py:188} INFO - [2025-06-13T15:05:02.913+0000] {dag.py:3096} INFO - Sync 1 DAGs
[2025-06-13T15:05:02.925+0000] {logging_mixin.py:188} INFO - [2025-06-13T15:05:02.924+0000] {dag.py:3954} INFO - Setting next_dagrun for example_local_kubernetes_executor to None, run_after=None
[2025-06-13T15:05:03.133+0000] {processor.py:183} INFO - Processing /home/airflow/.local/lib/python3.10/site-packages/airflow/example_dags/example_local_kubernetes_executor.py took 0.312 seconds
