[2025-06-13T14:33:23.038+0000] {processor.py:161} INFO - Started process (PID=46) to work on /home/airflow/.local/lib/python3.10/site-packages/airflow/example_dags/example_branch_day_of_week_operator.py
[2025-06-13T14:33:23.039+0000] {processor.py:830} INFO - Processing file /home/airflow/.local/lib/python3.10/site-packages/airflow/example_dags/example_branch_day_of_week_operator.py for tasks to queue
[2025-06-13T14:33:23.042+0000] {logging_mixin.py:188} INFO - [2025-06-13T14:33:23.041+0000] {dagbag.py:540} INFO - Filling up the DagBag from /home/airflow/.local/lib/python3.10/site-packages/airflow/example_dags/example_branch_day_of_week_operator.py
[2025-06-13T14:33:23.051+0000] {processor.py:840} INFO - DAG(s) 'example_weekday_branch_operator' retrieved from /home/airflow/.local/lib/python3.10/site-packages/airflow/example_dags/example_branch_day_of_week_operator.py
[2025-06-13T14:33:23.072+0000] {logging_mixin.py:188} INFO - [2025-06-13T14:33:23.072+0000] {dag.py:3096} INFO - Sync 1 DAGs
[2025-06-13T14:33:23.119+0000] {logging_mixin.py:188} INFO - [2025-06-13T14:33:23.118+0000] {dag.py:3954} INFO - Setting next_dagrun for example_weekday_branch_operator to 2025-06-12 00:00:00+00:00, run_after=2025-06-13 00:00:00+00:00
[2025-06-13T14:33:23.278+0000] {processor.py:183} INFO - Processing /home/airflow/.local/lib/python3.10/site-packages/airflow/example_dags/example_branch_day_of_week_operator.py took 0.244 seconds
[2025-06-13T14:33:53.631+0000] {processor.py:161} INFO - Started process (PID=103) to work on /home/airflow/.local/lib/python3.10/site-packages/airflow/example_dags/example_branch_day_of_week_operator.py
[2025-06-13T14:33:53.633+0000] {processor.py:830} INFO - Processing file /home/airflow/.local/lib/python3.10/site-packages/airflow/example_dags/example_branch_day_of_week_operator.py for tasks to queue
[2025-06-13T14:33:53.634+0000] {logging_mixin.py:188} INFO - [2025-06-13T14:33:53.634+0000] {dagbag.py:540} INFO - Filling up the DagBag from /home/airflow/.local/lib/python3.10/site-packages/airflow/example_dags/example_branch_day_of_week_operator.py
[2025-06-13T14:33:53.639+0000] {processor.py:840} INFO - DAG(s) 'example_weekday_branch_operator' retrieved from /home/airflow/.local/lib/python3.10/site-packages/airflow/example_dags/example_branch_day_of_week_operator.py
[2025-06-13T14:33:53.718+0000] {logging_mixin.py:188} INFO - [2025-06-13T14:33:53.718+0000] {dag.py:3096} INFO - Sync 1 DAGs
[2025-06-13T14:33:53.732+0000] {logging_mixin.py:188} INFO - [2025-06-13T14:33:53.732+0000] {dag.py:3954} INFO - Setting next_dagrun for example_weekday_branch_operator to 2025-06-12 00:00:00+00:00, run_after=2025-06-13 00:00:00+00:00
[2025-06-13T14:33:53.753+0000] {processor.py:183} INFO - Processing /home/airflow/.local/lib/python3.10/site-packages/airflow/example_dags/example_branch_day_of_week_operator.py took 0.125 seconds
[2025-06-13T14:34:23.842+0000] {processor.py:161} INFO - Started process (PID=161) to work on /home/airflow/.local/lib/python3.10/site-packages/airflow/example_dags/example_branch_day_of_week_operator.py
[2025-06-13T14:34:23.844+0000] {processor.py:830} INFO - Processing file /home/airflow/.local/lib/python3.10/site-packages/airflow/example_dags/example_branch_day_of_week_operator.py for tasks to queue
[2025-06-13T14:34:23.845+0000] {logging_mixin.py:188} INFO - [2025-06-13T14:34:23.845+0000] {dagbag.py:540} INFO - Filling up the DagBag from /home/airflow/.local/lib/python3.10/site-packages/airflow/example_dags/example_branch_day_of_week_operator.py
[2025-06-13T14:34:23.851+0000] {processor.py:840} INFO - DAG(s) 'example_weekday_branch_operator' retrieved from /home/airflow/.local/lib/python3.10/site-packages/airflow/example_dags/example_branch_day_of_week_operator.py
[2025-06-13T14:34:23.867+0000] {logging_mixin.py:188} INFO - [2025-06-13T14:34:23.867+0000] {dag.py:3096} INFO - Sync 1 DAGs
[2025-06-13T14:34:23.880+0000] {logging_mixin.py:188} INFO - [2025-06-13T14:34:23.880+0000] {dag.py:3954} INFO - Setting next_dagrun for example_weekday_branch_operator to 2025-06-12 00:00:00+00:00, run_after=2025-06-13 00:00:00+00:00
[2025-06-13T14:34:23.894+0000] {processor.py:183} INFO - Processing /home/airflow/.local/lib/python3.10/site-packages/airflow/example_dags/example_branch_day_of_week_operator.py took 0.054 seconds
[2025-06-13T14:34:54.316+0000] {processor.py:161} INFO - Started process (PID=219) to work on /home/airflow/.local/lib/python3.10/site-packages/airflow/example_dags/example_branch_day_of_week_operator.py
[2025-06-13T14:34:54.317+0000] {processor.py:830} INFO - Processing file /home/airflow/.local/lib/python3.10/site-packages/airflow/example_dags/example_branch_day_of_week_operator.py for tasks to queue
[2025-06-13T14:34:54.320+0000] {logging_mixin.py:188} INFO - [2025-06-13T14:34:54.319+0000] {dagbag.py:540} INFO - Filling up the DagBag from /home/airflow/.local/lib/python3.10/site-packages/airflow/example_dags/example_branch_day_of_week_operator.py
[2025-06-13T14:34:54.325+0000] {processor.py:840} INFO - DAG(s) 'example_weekday_branch_operator' retrieved from /home/airflow/.local/lib/python3.10/site-packages/airflow/example_dags/example_branch_day_of_week_operator.py
[2025-06-13T14:34:54.342+0000] {logging_mixin.py:188} INFO - [2025-06-13T14:34:54.342+0000] {dag.py:3096} INFO - Sync 1 DAGs
[2025-06-13T14:34:54.354+0000] {logging_mixin.py:188} INFO - [2025-06-13T14:34:54.354+0000] {dag.py:3954} INFO - Setting next_dagrun for example_weekday_branch_operator to 2025-06-12 00:00:00+00:00, run_after=2025-06-13 00:00:00+00:00
[2025-06-13T14:34:54.365+0000] {processor.py:183} INFO - Processing /home/airflow/.local/lib/python3.10/site-packages/airflow/example_dags/example_branch_day_of_week_operator.py took 0.054 seconds
[2025-06-13T14:35:24.761+0000] {processor.py:161} INFO - Started process (PID=277) to work on /home/airflow/.local/lib/python3.10/site-packages/airflow/example_dags/example_branch_day_of_week_operator.py
[2025-06-13T14:35:24.762+0000] {processor.py:830} INFO - Processing file /home/airflow/.local/lib/python3.10/site-packages/airflow/example_dags/example_branch_day_of_week_operator.py for tasks to queue
[2025-06-13T14:35:24.764+0000] {logging_mixin.py:188} INFO - [2025-06-13T14:35:24.764+0000] {dagbag.py:540} INFO - Filling up the DagBag from /home/airflow/.local/lib/python3.10/site-packages/airflow/example_dags/example_branch_day_of_week_operator.py
[2025-06-13T14:35:24.770+0000] {processor.py:840} INFO - DAG(s) 'example_weekday_branch_operator' retrieved from /home/airflow/.local/lib/python3.10/site-packages/airflow/example_dags/example_branch_day_of_week_operator.py
[2025-06-13T14:35:24.782+0000] {logging_mixin.py:188} INFO - [2025-06-13T14:35:24.782+0000] {dag.py:3096} INFO - Sync 1 DAGs
[2025-06-13T14:35:24.794+0000] {logging_mixin.py:188} INFO - [2025-06-13T14:35:24.794+0000] {dag.py:3954} INFO - Setting next_dagrun for example_weekday_branch_operator to 2025-06-12 00:00:00+00:00, run_after=2025-06-13 00:00:00+00:00
[2025-06-13T14:35:24.808+0000] {processor.py:183} INFO - Processing /home/airflow/.local/lib/python3.10/site-packages/airflow/example_dags/example_branch_day_of_week_operator.py took 0.052 seconds
[2025-06-13T14:35:55.605+0000] {processor.py:161} INFO - Started process (PID=335) to work on /home/airflow/.local/lib/python3.10/site-packages/airflow/example_dags/example_branch_day_of_week_operator.py
[2025-06-13T14:35:55.609+0000] {processor.py:830} INFO - Processing file /home/airflow/.local/lib/python3.10/site-packages/airflow/example_dags/example_branch_day_of_week_operator.py for tasks to queue
[2025-06-13T14:35:55.611+0000] {logging_mixin.py:188} INFO - [2025-06-13T14:35:55.611+0000] {dagbag.py:540} INFO - Filling up the DagBag from /home/airflow/.local/lib/python3.10/site-packages/airflow/example_dags/example_branch_day_of_week_operator.py
[2025-06-13T14:35:55.617+0000] {processor.py:840} INFO - DAG(s) 'example_weekday_branch_operator' retrieved from /home/airflow/.local/lib/python3.10/site-packages/airflow/example_dags/example_branch_day_of_week_operator.py
[2025-06-13T14:35:55.631+0000] {logging_mixin.py:188} INFO - [2025-06-13T14:35:55.631+0000] {dag.py:3096} INFO - Sync 1 DAGs
[2025-06-13T14:35:55.644+0000] {logging_mixin.py:188} INFO - [2025-06-13T14:35:55.644+0000] {dag.py:3954} INFO - Setting next_dagrun for example_weekday_branch_operator to 2025-06-12 00:00:00+00:00, run_after=2025-06-13 00:00:00+00:00
[2025-06-13T14:35:55.657+0000] {processor.py:183} INFO - Processing /home/airflow/.local/lib/python3.10/site-packages/airflow/example_dags/example_branch_day_of_week_operator.py took 0.057 seconds
[2025-06-13T14:36:25.833+0000] {processor.py:161} INFO - Started process (PID=393) to work on /home/airflow/.local/lib/python3.10/site-packages/airflow/example_dags/example_branch_day_of_week_operator.py
[2025-06-13T14:36:25.835+0000] {processor.py:830} INFO - Processing file /home/airflow/.local/lib/python3.10/site-packages/airflow/example_dags/example_branch_day_of_week_operator.py for tasks to queue
[2025-06-13T14:36:25.836+0000] {logging_mixin.py:188} INFO - [2025-06-13T14:36:25.836+0000] {dagbag.py:540} INFO - Filling up the DagBag from /home/airflow/.local/lib/python3.10/site-packages/airflow/example_dags/example_branch_day_of_week_operator.py
[2025-06-13T14:36:25.842+0000] {processor.py:840} INFO - DAG(s) 'example_weekday_branch_operator' retrieved from /home/airflow/.local/lib/python3.10/site-packages/airflow/example_dags/example_branch_day_of_week_operator.py
[2025-06-13T14:36:25.863+0000] {logging_mixin.py:188} INFO - [2025-06-13T14:36:25.863+0000] {dag.py:3096} INFO - Sync 1 DAGs
[2025-06-13T14:36:25.881+0000] {logging_mixin.py:188} INFO - [2025-06-13T14:36:25.881+0000] {dag.py:3954} INFO - Setting next_dagrun for example_weekday_branch_operator to 2025-06-12 00:00:00+00:00, run_after=2025-06-13 00:00:00+00:00
[2025-06-13T14:36:25.904+0000] {processor.py:183} INFO - Processing /home/airflow/.local/lib/python3.10/site-packages/airflow/example_dags/example_branch_day_of_week_operator.py took 0.085 seconds
[2025-06-13T14:36:56.460+0000] {processor.py:161} INFO - Started process (PID=451) to work on /home/airflow/.local/lib/python3.10/site-packages/airflow/example_dags/example_branch_day_of_week_operator.py
[2025-06-13T14:36:56.461+0000] {processor.py:830} INFO - Processing file /home/airflow/.local/lib/python3.10/site-packages/airflow/example_dags/example_branch_day_of_week_operator.py for tasks to queue
[2025-06-13T14:36:56.462+0000] {logging_mixin.py:188} INFO - [2025-06-13T14:36:56.462+0000] {dagbag.py:540} INFO - Filling up the DagBag from /home/airflow/.local/lib/python3.10/site-packages/airflow/example_dags/example_branch_day_of_week_operator.py
[2025-06-13T14:36:56.467+0000] {processor.py:840} INFO - DAG(s) 'example_weekday_branch_operator' retrieved from /home/airflow/.local/lib/python3.10/site-packages/airflow/example_dags/example_branch_day_of_week_operator.py
[2025-06-13T14:36:56.479+0000] {logging_mixin.py:188} INFO - [2025-06-13T14:36:56.479+0000] {dag.py:3096} INFO - Sync 1 DAGs
[2025-06-13T14:36:56.490+0000] {logging_mixin.py:188} INFO - [2025-06-13T14:36:56.489+0000] {dag.py:3954} INFO - Setting next_dagrun for example_weekday_branch_operator to 2025-06-12 00:00:00+00:00, run_after=2025-06-13 00:00:00+00:00
[2025-06-13T14:36:56.517+0000] {processor.py:183} INFO - Processing /home/airflow/.local/lib/python3.10/site-packages/airflow/example_dags/example_branch_day_of_week_operator.py took 0.061 seconds
[2025-06-13T14:37:26.968+0000] {processor.py:161} INFO - Started process (PID=509) to work on /home/airflow/.local/lib/python3.10/site-packages/airflow/example_dags/example_branch_day_of_week_operator.py
[2025-06-13T14:37:26.968+0000] {processor.py:830} INFO - Processing file /home/airflow/.local/lib/python3.10/site-packages/airflow/example_dags/example_branch_day_of_week_operator.py for tasks to queue
[2025-06-13T14:37:26.970+0000] {logging_mixin.py:188} INFO - [2025-06-13T14:37:26.970+0000] {dagbag.py:540} INFO - Filling up the DagBag from /home/airflow/.local/lib/python3.10/site-packages/airflow/example_dags/example_branch_day_of_week_operator.py
[2025-06-13T14:37:26.975+0000] {processor.py:840} INFO - DAG(s) 'example_weekday_branch_operator' retrieved from /home/airflow/.local/lib/python3.10/site-packages/airflow/example_dags/example_branch_day_of_week_operator.py
[2025-06-13T14:37:26.990+0000] {logging_mixin.py:188} INFO - [2025-06-13T14:37:26.989+0000] {dag.py:3096} INFO - Sync 1 DAGs
[2025-06-13T14:37:27.003+0000] {logging_mixin.py:188} INFO - [2025-06-13T14:37:27.003+0000] {dag.py:3954} INFO - Setting next_dagrun for example_weekday_branch_operator to 2025-06-12 00:00:00+00:00, run_after=2025-06-13 00:00:00+00:00
[2025-06-13T14:37:27.017+0000] {processor.py:183} INFO - Processing /home/airflow/.local/lib/python3.10/site-packages/airflow/example_dags/example_branch_day_of_week_operator.py took 0.054 seconds
[2025-06-13T14:37:57.365+0000] {processor.py:161} INFO - Started process (PID=567) to work on /home/airflow/.local/lib/python3.10/site-packages/airflow/example_dags/example_branch_day_of_week_operator.py
[2025-06-13T14:37:57.365+0000] {processor.py:830} INFO - Processing file /home/airflow/.local/lib/python3.10/site-packages/airflow/example_dags/example_branch_day_of_week_operator.py for tasks to queue
[2025-06-13T14:37:57.367+0000] {logging_mixin.py:188} INFO - [2025-06-13T14:37:57.366+0000] {dagbag.py:540} INFO - Filling up the DagBag from /home/airflow/.local/lib/python3.10/site-packages/airflow/example_dags/example_branch_day_of_week_operator.py
[2025-06-13T14:37:57.371+0000] {processor.py:840} INFO - DAG(s) 'example_weekday_branch_operator' retrieved from /home/airflow/.local/lib/python3.10/site-packages/airflow/example_dags/example_branch_day_of_week_operator.py
[2025-06-13T14:37:57.383+0000] {logging_mixin.py:188} INFO - [2025-06-13T14:37:57.383+0000] {dag.py:3096} INFO - Sync 1 DAGs
[2025-06-13T14:37:57.419+0000] {logging_mixin.py:188} INFO - [2025-06-13T14:37:57.419+0000] {dag.py:3954} INFO - Setting next_dagrun for example_weekday_branch_operator to 2025-06-12 00:00:00+00:00, run_after=2025-06-13 00:00:00+00:00
[2025-06-13T14:37:57.431+0000] {processor.py:183} INFO - Processing /home/airflow/.local/lib/python3.10/site-packages/airflow/example_dags/example_branch_day_of_week_operator.py took 0.070 seconds
[2025-06-13T14:38:27.817+0000] {processor.py:161} INFO - Started process (PID=627) to work on /home/airflow/.local/lib/python3.10/site-packages/airflow/example_dags/example_branch_day_of_week_operator.py
[2025-06-13T14:38:27.818+0000] {processor.py:830} INFO - Processing file /home/airflow/.local/lib/python3.10/site-packages/airflow/example_dags/example_branch_day_of_week_operator.py for tasks to queue
[2025-06-13T14:38:27.819+0000] {logging_mixin.py:188} INFO - [2025-06-13T14:38:27.819+0000] {dagbag.py:540} INFO - Filling up the DagBag from /home/airflow/.local/lib/python3.10/site-packages/airflow/example_dags/example_branch_day_of_week_operator.py
[2025-06-13T14:38:27.824+0000] {processor.py:840} INFO - DAG(s) 'example_weekday_branch_operator' retrieved from /home/airflow/.local/lib/python3.10/site-packages/airflow/example_dags/example_branch_day_of_week_operator.py
[2025-06-13T14:38:27.841+0000] {logging_mixin.py:188} INFO - [2025-06-13T14:38:27.841+0000] {dag.py:3096} INFO - Sync 1 DAGs
[2025-06-13T14:38:27.856+0000] {logging_mixin.py:188} INFO - [2025-06-13T14:38:27.856+0000] {dag.py:3954} INFO - Setting next_dagrun for example_weekday_branch_operator to 2025-06-12 00:00:00+00:00, run_after=2025-06-13 00:00:00+00:00
[2025-06-13T14:38:27.877+0000] {processor.py:183} INFO - Processing /home/airflow/.local/lib/python3.10/site-packages/airflow/example_dags/example_branch_day_of_week_operator.py took 0.065 seconds
[2025-06-13T14:38:57.947+0000] {processor.py:161} INFO - Started process (PID=687) to work on /home/airflow/.local/lib/python3.10/site-packages/airflow/example_dags/example_branch_day_of_week_operator.py
[2025-06-13T14:38:57.948+0000] {processor.py:830} INFO - Processing file /home/airflow/.local/lib/python3.10/site-packages/airflow/example_dags/example_branch_day_of_week_operator.py for tasks to queue
[2025-06-13T14:38:57.950+0000] {logging_mixin.py:188} INFO - [2025-06-13T14:38:57.950+0000] {dagbag.py:540} INFO - Filling up the DagBag from /home/airflow/.local/lib/python3.10/site-packages/airflow/example_dags/example_branch_day_of_week_operator.py
[2025-06-13T14:38:57.955+0000] {processor.py:840} INFO - DAG(s) 'example_weekday_branch_operator' retrieved from /home/airflow/.local/lib/python3.10/site-packages/airflow/example_dags/example_branch_day_of_week_operator.py
[2025-06-13T14:38:57.968+0000] {logging_mixin.py:188} INFO - [2025-06-13T14:38:57.968+0000] {dag.py:3096} INFO - Sync 1 DAGs
[2025-06-13T14:38:57.979+0000] {logging_mixin.py:188} INFO - [2025-06-13T14:38:57.979+0000] {dag.py:3954} INFO - Setting next_dagrun for example_weekday_branch_operator to 2025-06-12 00:00:00+00:00, run_after=2025-06-13 00:00:00+00:00
[2025-06-13T14:38:57.988+0000] {processor.py:183} INFO - Processing /home/airflow/.local/lib/python3.10/site-packages/airflow/example_dags/example_branch_day_of_week_operator.py took 0.045 seconds
[2025-06-13T14:39:28.738+0000] {processor.py:161} INFO - Started process (PID=753) to work on /home/airflow/.local/lib/python3.10/site-packages/airflow/example_dags/example_branch_day_of_week_operator.py
[2025-06-13T14:39:28.742+0000] {processor.py:830} INFO - Processing file /home/airflow/.local/lib/python3.10/site-packages/airflow/example_dags/example_branch_day_of_week_operator.py for tasks to queue
[2025-06-13T14:39:28.744+0000] {logging_mixin.py:188} INFO - [2025-06-13T14:39:28.744+0000] {dagbag.py:540} INFO - Filling up the DagBag from /home/airflow/.local/lib/python3.10/site-packages/airflow/example_dags/example_branch_day_of_week_operator.py
[2025-06-13T14:39:28.749+0000] {processor.py:840} INFO - DAG(s) 'example_weekday_branch_operator' retrieved from /home/airflow/.local/lib/python3.10/site-packages/airflow/example_dags/example_branch_day_of_week_operator.py
[2025-06-13T14:39:28.765+0000] {logging_mixin.py:188} INFO - [2025-06-13T14:39:28.765+0000] {dag.py:3096} INFO - Sync 1 DAGs
[2025-06-13T14:39:28.778+0000] {logging_mixin.py:188} INFO - [2025-06-13T14:39:28.778+0000] {dag.py:3954} INFO - Setting next_dagrun for example_weekday_branch_operator to 2025-06-12 00:00:00+00:00, run_after=2025-06-13 00:00:00+00:00
[2025-06-13T14:39:28.805+0000] {processor.py:183} INFO - Processing /home/airflow/.local/lib/python3.10/site-packages/airflow/example_dags/example_branch_day_of_week_operator.py took 0.073 seconds
[2025-06-13T14:39:59.301+0000] {processor.py:161} INFO - Started process (PID=813) to work on /home/airflow/.local/lib/python3.10/site-packages/airflow/example_dags/example_branch_day_of_week_operator.py
[2025-06-13T14:39:59.305+0000] {processor.py:830} INFO - Processing file /home/airflow/.local/lib/python3.10/site-packages/airflow/example_dags/example_branch_day_of_week_operator.py for tasks to queue
[2025-06-13T14:39:59.305+0000] {logging_mixin.py:188} INFO - [2025-06-13T14:39:59.305+0000] {dagbag.py:540} INFO - Filling up the DagBag from /home/airflow/.local/lib/python3.10/site-packages/airflow/example_dags/example_branch_day_of_week_operator.py
[2025-06-13T14:39:59.311+0000] {processor.py:840} INFO - DAG(s) 'example_weekday_branch_operator' retrieved from /home/airflow/.local/lib/python3.10/site-packages/airflow/example_dags/example_branch_day_of_week_operator.py
[2025-06-13T14:39:59.325+0000] {logging_mixin.py:188} INFO - [2025-06-13T14:39:59.325+0000] {dag.py:3096} INFO - Sync 1 DAGs
[2025-06-13T14:39:59.339+0000] {logging_mixin.py:188} INFO - [2025-06-13T14:39:59.339+0000] {dag.py:3954} INFO - Setting next_dagrun for example_weekday_branch_operator to 2025-06-12 00:00:00+00:00, run_after=2025-06-13 00:00:00+00:00
[2025-06-13T14:39:59.353+0000] {processor.py:183} INFO - Processing /home/airflow/.local/lib/python3.10/site-packages/airflow/example_dags/example_branch_day_of_week_operator.py took 0.056 seconds
[2025-06-13T14:40:30.288+0000] {processor.py:161} INFO - Started process (PID=873) to work on /home/airflow/.local/lib/python3.10/site-packages/airflow/example_dags/example_branch_day_of_week_operator.py
[2025-06-13T14:40:30.292+0000] {processor.py:830} INFO - Processing file /home/airflow/.local/lib/python3.10/site-packages/airflow/example_dags/example_branch_day_of_week_operator.py for tasks to queue
[2025-06-13T14:40:30.293+0000] {logging_mixin.py:188} INFO - [2025-06-13T14:40:30.293+0000] {dagbag.py:540} INFO - Filling up the DagBag from /home/airflow/.local/lib/python3.10/site-packages/airflow/example_dags/example_branch_day_of_week_operator.py
[2025-06-13T14:40:30.300+0000] {processor.py:840} INFO - DAG(s) 'example_weekday_branch_operator' retrieved from /home/airflow/.local/lib/python3.10/site-packages/airflow/example_dags/example_branch_day_of_week_operator.py
[2025-06-13T14:40:30.316+0000] {logging_mixin.py:188} INFO - [2025-06-13T14:40:30.316+0000] {dag.py:3096} INFO - Sync 1 DAGs
[2025-06-13T14:40:30.329+0000] {logging_mixin.py:188} INFO - [2025-06-13T14:40:30.329+0000] {dag.py:3954} INFO - Setting next_dagrun for example_weekday_branch_operator to 2025-06-12 00:00:00+00:00, run_after=2025-06-13 00:00:00+00:00
[2025-06-13T14:40:30.340+0000] {processor.py:183} INFO - Processing /home/airflow/.local/lib/python3.10/site-packages/airflow/example_dags/example_branch_day_of_week_operator.py took 0.056 seconds
[2025-06-13T14:41:00.882+0000] {processor.py:161} INFO - Started process (PID=933) to work on /home/airflow/.local/lib/python3.10/site-packages/airflow/example_dags/example_branch_day_of_week_operator.py
[2025-06-13T14:41:00.887+0000] {processor.py:830} INFO - Processing file /home/airflow/.local/lib/python3.10/site-packages/airflow/example_dags/example_branch_day_of_week_operator.py for tasks to queue
[2025-06-13T14:41:00.889+0000] {logging_mixin.py:188} INFO - [2025-06-13T14:41:00.889+0000] {dagbag.py:540} INFO - Filling up the DagBag from /home/airflow/.local/lib/python3.10/site-packages/airflow/example_dags/example_branch_day_of_week_operator.py
[2025-06-13T14:41:00.894+0000] {processor.py:840} INFO - DAG(s) 'example_weekday_branch_operator' retrieved from /home/airflow/.local/lib/python3.10/site-packages/airflow/example_dags/example_branch_day_of_week_operator.py
[2025-06-13T14:41:00.915+0000] {logging_mixin.py:188} INFO - [2025-06-13T14:41:00.914+0000] {dag.py:3096} INFO - Sync 1 DAGs
[2025-06-13T14:41:00.929+0000] {logging_mixin.py:188} INFO - [2025-06-13T14:41:00.929+0000] {dag.py:3954} INFO - Setting next_dagrun for example_weekday_branch_operator to 2025-06-12 00:00:00+00:00, run_after=2025-06-13 00:00:00+00:00
[2025-06-13T14:41:00.941+0000] {processor.py:183} INFO - Processing /home/airflow/.local/lib/python3.10/site-packages/airflow/example_dags/example_branch_day_of_week_operator.py took 0.063 seconds
[2025-06-13T14:41:31.092+0000] {processor.py:161} INFO - Started process (PID=993) to work on /home/airflow/.local/lib/python3.10/site-packages/airflow/example_dags/example_branch_day_of_week_operator.py
[2025-06-13T14:41:31.094+0000] {processor.py:830} INFO - Processing file /home/airflow/.local/lib/python3.10/site-packages/airflow/example_dags/example_branch_day_of_week_operator.py for tasks to queue
[2025-06-13T14:41:31.096+0000] {logging_mixin.py:188} INFO - [2025-06-13T14:41:31.095+0000] {dagbag.py:540} INFO - Filling up the DagBag from /home/airflow/.local/lib/python3.10/site-packages/airflow/example_dags/example_branch_day_of_week_operator.py
[2025-06-13T14:41:31.102+0000] {processor.py:840} INFO - DAG(s) 'example_weekday_branch_operator' retrieved from /home/airflow/.local/lib/python3.10/site-packages/airflow/example_dags/example_branch_day_of_week_operator.py
[2025-06-13T14:41:31.117+0000] {logging_mixin.py:188} INFO - [2025-06-13T14:41:31.117+0000] {dag.py:3096} INFO - Sync 1 DAGs
[2025-06-13T14:41:31.130+0000] {logging_mixin.py:188} INFO - [2025-06-13T14:41:31.130+0000] {dag.py:3954} INFO - Setting next_dagrun for example_weekday_branch_operator to 2025-06-12 00:00:00+00:00, run_after=2025-06-13 00:00:00+00:00
[2025-06-13T14:41:31.140+0000] {processor.py:183} INFO - Processing /home/airflow/.local/lib/python3.10/site-packages/airflow/example_dags/example_branch_day_of_week_operator.py took 0.052 seconds
[2025-06-13T14:42:01.551+0000] {processor.py:161} INFO - Started process (PID=1053) to work on /home/airflow/.local/lib/python3.10/site-packages/airflow/example_dags/example_branch_day_of_week_operator.py
[2025-06-13T14:42:01.556+0000] {processor.py:830} INFO - Processing file /home/airflow/.local/lib/python3.10/site-packages/airflow/example_dags/example_branch_day_of_week_operator.py for tasks to queue
[2025-06-13T14:42:01.558+0000] {logging_mixin.py:188} INFO - [2025-06-13T14:42:01.557+0000] {dagbag.py:540} INFO - Filling up the DagBag from /home/airflow/.local/lib/python3.10/site-packages/airflow/example_dags/example_branch_day_of_week_operator.py
[2025-06-13T14:42:01.578+0000] {processor.py:840} INFO - DAG(s) 'example_weekday_branch_operator' retrieved from /home/airflow/.local/lib/python3.10/site-packages/airflow/example_dags/example_branch_day_of_week_operator.py
[2025-06-13T14:42:01.612+0000] {logging_mixin.py:188} INFO - [2025-06-13T14:42:01.611+0000] {dag.py:3096} INFO - Sync 1 DAGs
[2025-06-13T14:42:01.631+0000] {logging_mixin.py:188} INFO - [2025-06-13T14:42:01.631+0000] {dag.py:3954} INFO - Setting next_dagrun for example_weekday_branch_operator to 2025-06-12 00:00:00+00:00, run_after=2025-06-13 00:00:00+00:00
[2025-06-13T14:42:01.660+0000] {processor.py:183} INFO - Processing /home/airflow/.local/lib/python3.10/site-packages/airflow/example_dags/example_branch_day_of_week_operator.py took 0.114 seconds
[2025-06-13T14:42:32.319+0000] {processor.py:161} INFO - Started process (PID=1113) to work on /home/airflow/.local/lib/python3.10/site-packages/airflow/example_dags/example_branch_day_of_week_operator.py
[2025-06-13T14:42:32.322+0000] {processor.py:830} INFO - Processing file /home/airflow/.local/lib/python3.10/site-packages/airflow/example_dags/example_branch_day_of_week_operator.py for tasks to queue
[2025-06-13T14:42:32.324+0000] {logging_mixin.py:188} INFO - [2025-06-13T14:42:32.324+0000] {dagbag.py:540} INFO - Filling up the DagBag from /home/airflow/.local/lib/python3.10/site-packages/airflow/example_dags/example_branch_day_of_week_operator.py
[2025-06-13T14:42:32.329+0000] {processor.py:840} INFO - DAG(s) 'example_weekday_branch_operator' retrieved from /home/airflow/.local/lib/python3.10/site-packages/airflow/example_dags/example_branch_day_of_week_operator.py
[2025-06-13T14:42:32.344+0000] {logging_mixin.py:188} INFO - [2025-06-13T14:42:32.344+0000] {dag.py:3096} INFO - Sync 1 DAGs
[2025-06-13T14:42:32.359+0000] {logging_mixin.py:188} INFO - [2025-06-13T14:42:32.359+0000] {dag.py:3954} INFO - Setting next_dagrun for example_weekday_branch_operator to 2025-06-12 00:00:00+00:00, run_after=2025-06-13 00:00:00+00:00
[2025-06-13T14:42:32.371+0000] {processor.py:183} INFO - Processing /home/airflow/.local/lib/python3.10/site-packages/airflow/example_dags/example_branch_day_of_week_operator.py took 0.056 seconds
[2025-06-13T14:43:02.741+0000] {processor.py:161} INFO - Started process (PID=1173) to work on /home/airflow/.local/lib/python3.10/site-packages/airflow/example_dags/example_branch_day_of_week_operator.py
[2025-06-13T14:43:02.745+0000] {processor.py:830} INFO - Processing file /home/airflow/.local/lib/python3.10/site-packages/airflow/example_dags/example_branch_day_of_week_operator.py for tasks to queue
[2025-06-13T14:43:02.746+0000] {logging_mixin.py:188} INFO - [2025-06-13T14:43:02.746+0000] {dagbag.py:540} INFO - Filling up the DagBag from /home/airflow/.local/lib/python3.10/site-packages/airflow/example_dags/example_branch_day_of_week_operator.py
[2025-06-13T14:43:02.750+0000] {processor.py:840} INFO - DAG(s) 'example_weekday_branch_operator' retrieved from /home/airflow/.local/lib/python3.10/site-packages/airflow/example_dags/example_branch_day_of_week_operator.py
[2025-06-13T14:43:02.767+0000] {logging_mixin.py:188} INFO - [2025-06-13T14:43:02.767+0000] {dag.py:3096} INFO - Sync 1 DAGs
[2025-06-13T14:43:02.780+0000] {logging_mixin.py:188} INFO - [2025-06-13T14:43:02.780+0000] {dag.py:3954} INFO - Setting next_dagrun for example_weekday_branch_operator to 2025-06-12 00:00:00+00:00, run_after=2025-06-13 00:00:00+00:00
[2025-06-13T14:43:02.794+0000] {processor.py:183} INFO - Processing /home/airflow/.local/lib/python3.10/site-packages/airflow/example_dags/example_branch_day_of_week_operator.py took 0.057 seconds
[2025-06-13T14:44:24.776+0000] {processor.py:161} INFO - Started process (PID=80) to work on /home/airflow/.local/lib/python3.10/site-packages/airflow/example_dags/example_branch_day_of_week_operator.py
[2025-06-13T14:44:24.782+0000] {processor.py:830} INFO - Processing file /home/airflow/.local/lib/python3.10/site-packages/airflow/example_dags/example_branch_day_of_week_operator.py for tasks to queue
[2025-06-13T14:44:24.788+0000] {logging_mixin.py:188} INFO - [2025-06-13T14:44:24.787+0000] {dagbag.py:540} INFO - Filling up the DagBag from /home/airflow/.local/lib/python3.10/site-packages/airflow/example_dags/example_branch_day_of_week_operator.py
[2025-06-13T14:44:24.821+0000] {processor.py:840} INFO - DAG(s) 'example_weekday_branch_operator' retrieved from /home/airflow/.local/lib/python3.10/site-packages/airflow/example_dags/example_branch_day_of_week_operator.py
[2025-06-13T14:44:24.870+0000] {logging_mixin.py:188} INFO - [2025-06-13T14:44:24.870+0000] {dag.py:3096} INFO - Sync 1 DAGs
[2025-06-13T14:44:24.947+0000] {logging_mixin.py:188} INFO - [2025-06-13T14:44:24.946+0000] {dag.py:3954} INFO - Setting next_dagrun for example_weekday_branch_operator to 2025-06-12 00:00:00+00:00, run_after=2025-06-13 00:00:00+00:00
[2025-06-13T14:44:24.987+0000] {processor.py:183} INFO - Processing /home/airflow/.local/lib/python3.10/site-packages/airflow/example_dags/example_branch_day_of_week_operator.py took 0.255 seconds
[2025-06-13T14:44:42.170+0000] {processor.py:161} INFO - Started process (PID=64) to work on /home/airflow/.local/lib/python3.10/site-packages/airflow/example_dags/example_branch_day_of_week_operator.py
[2025-06-13T14:44:42.171+0000] {processor.py:830} INFO - Processing file /home/airflow/.local/lib/python3.10/site-packages/airflow/example_dags/example_branch_day_of_week_operator.py for tasks to queue
[2025-06-13T14:44:42.172+0000] {logging_mixin.py:188} INFO - [2025-06-13T14:44:42.172+0000] {dagbag.py:540} INFO - Filling up the DagBag from /home/airflow/.local/lib/python3.10/site-packages/airflow/example_dags/example_branch_day_of_week_operator.py
[2025-06-13T14:44:42.177+0000] {processor.py:840} INFO - DAG(s) 'example_weekday_branch_operator' retrieved from /home/airflow/.local/lib/python3.10/site-packages/airflow/example_dags/example_branch_day_of_week_operator.py
[2025-06-13T14:44:42.183+0000] {logging_mixin.py:188} INFO - [2025-06-13T14:44:42.183+0000] {dag.py:3096} INFO - Sync 1 DAGs
[2025-06-13T14:44:42.200+0000] {logging_mixin.py:188} INFO - [2025-06-13T14:44:42.199+0000] {dag.py:3954} INFO - Setting next_dagrun for example_weekday_branch_operator to 2025-06-12 00:00:00+00:00, run_after=2025-06-13 00:00:00+00:00
[2025-06-13T14:44:42.207+0000] {processor.py:183} INFO - Processing /home/airflow/.local/lib/python3.10/site-packages/airflow/example_dags/example_branch_day_of_week_operator.py took 0.042 seconds
[2025-06-13T14:45:12.830+0000] {processor.py:161} INFO - Started process (PID=122) to work on /home/airflow/.local/lib/python3.10/site-packages/airflow/example_dags/example_branch_day_of_week_operator.py
[2025-06-13T14:45:12.832+0000] {processor.py:830} INFO - Processing file /home/airflow/.local/lib/python3.10/site-packages/airflow/example_dags/example_branch_day_of_week_operator.py for tasks to queue
[2025-06-13T14:45:12.837+0000] {logging_mixin.py:188} INFO - [2025-06-13T14:45:12.836+0000] {dagbag.py:540} INFO - Filling up the DagBag from /home/airflow/.local/lib/python3.10/site-packages/airflow/example_dags/example_branch_day_of_week_operator.py
[2025-06-13T14:45:12.843+0000] {processor.py:840} INFO - DAG(s) 'example_weekday_branch_operator' retrieved from /home/airflow/.local/lib/python3.10/site-packages/airflow/example_dags/example_branch_day_of_week_operator.py
[2025-06-13T14:45:12.923+0000] {logging_mixin.py:188} INFO - [2025-06-13T14:45:12.923+0000] {dag.py:3096} INFO - Sync 1 DAGs
[2025-06-13T14:45:12.933+0000] {logging_mixin.py:188} INFO - [2025-06-13T14:45:12.933+0000] {dag.py:3954} INFO - Setting next_dagrun for example_weekday_branch_operator to 2025-06-12 00:00:00+00:00, run_after=2025-06-13 00:00:00+00:00
[2025-06-13T14:45:12.947+0000] {processor.py:183} INFO - Processing /home/airflow/.local/lib/python3.10/site-packages/airflow/example_dags/example_branch_day_of_week_operator.py took 0.122 seconds
[2025-06-13T14:45:43.745+0000] {processor.py:161} INFO - Started process (PID=194) to work on /home/airflow/.local/lib/python3.10/site-packages/airflow/example_dags/example_branch_day_of_week_operator.py
[2025-06-13T14:45:43.746+0000] {processor.py:830} INFO - Processing file /home/airflow/.local/lib/python3.10/site-packages/airflow/example_dags/example_branch_day_of_week_operator.py for tasks to queue
[2025-06-13T14:45:43.748+0000] {logging_mixin.py:188} INFO - [2025-06-13T14:45:43.747+0000] {dagbag.py:540} INFO - Filling up the DagBag from /home/airflow/.local/lib/python3.10/site-packages/airflow/example_dags/example_branch_day_of_week_operator.py
[2025-06-13T14:45:43.755+0000] {processor.py:840} INFO - DAG(s) 'example_weekday_branch_operator' retrieved from /home/airflow/.local/lib/python3.10/site-packages/airflow/example_dags/example_branch_day_of_week_operator.py
[2025-06-13T14:45:43.773+0000] {logging_mixin.py:188} INFO - [2025-06-13T14:45:43.772+0000] {dag.py:3096} INFO - Sync 1 DAGs
[2025-06-13T14:45:43.785+0000] {logging_mixin.py:188} INFO - [2025-06-13T14:45:43.785+0000] {dag.py:3954} INFO - Setting next_dagrun for example_weekday_branch_operator to 2025-06-12 00:00:00+00:00, run_after=2025-06-13 00:00:00+00:00
[2025-06-13T14:45:43.799+0000] {processor.py:183} INFO - Processing /home/airflow/.local/lib/python3.10/site-packages/airflow/example_dags/example_branch_day_of_week_operator.py took 0.058 seconds
[2025-06-13T14:46:14.903+0000] {processor.py:161} INFO - Started process (PID=262) to work on /home/airflow/.local/lib/python3.10/site-packages/airflow/example_dags/example_branch_day_of_week_operator.py
[2025-06-13T14:46:14.905+0000] {processor.py:830} INFO - Processing file /home/airflow/.local/lib/python3.10/site-packages/airflow/example_dags/example_branch_day_of_week_operator.py for tasks to queue
[2025-06-13T14:46:14.906+0000] {logging_mixin.py:188} INFO - [2025-06-13T14:46:14.906+0000] {dagbag.py:540} INFO - Filling up the DagBag from /home/airflow/.local/lib/python3.10/site-packages/airflow/example_dags/example_branch_day_of_week_operator.py
[2025-06-13T14:46:14.911+0000] {processor.py:840} INFO - DAG(s) 'example_weekday_branch_operator' retrieved from /home/airflow/.local/lib/python3.10/site-packages/airflow/example_dags/example_branch_day_of_week_operator.py
[2025-06-13T14:46:14.926+0000] {logging_mixin.py:188} INFO - [2025-06-13T14:46:14.926+0000] {dag.py:3096} INFO - Sync 1 DAGs
[2025-06-13T14:46:14.941+0000] {logging_mixin.py:188} INFO - [2025-06-13T14:46:14.940+0000] {dag.py:3954} INFO - Setting next_dagrun for example_weekday_branch_operator to 2025-06-12 00:00:00+00:00, run_after=2025-06-13 00:00:00+00:00
[2025-06-13T14:46:14.951+0000] {processor.py:183} INFO - Processing /home/airflow/.local/lib/python3.10/site-packages/airflow/example_dags/example_branch_day_of_week_operator.py took 0.066 seconds
[2025-06-13T14:46:45.247+0000] {processor.py:161} INFO - Started process (PID=320) to work on /home/airflow/.local/lib/python3.10/site-packages/airflow/example_dags/example_branch_day_of_week_operator.py
[2025-06-13T14:46:45.249+0000] {processor.py:830} INFO - Processing file /home/airflow/.local/lib/python3.10/site-packages/airflow/example_dags/example_branch_day_of_week_operator.py for tasks to queue
[2025-06-13T14:46:45.251+0000] {logging_mixin.py:188} INFO - [2025-06-13T14:46:45.250+0000] {dagbag.py:540} INFO - Filling up the DagBag from /home/airflow/.local/lib/python3.10/site-packages/airflow/example_dags/example_branch_day_of_week_operator.py
[2025-06-13T14:46:45.256+0000] {processor.py:840} INFO - DAG(s) 'example_weekday_branch_operator' retrieved from /home/airflow/.local/lib/python3.10/site-packages/airflow/example_dags/example_branch_day_of_week_operator.py
[2025-06-13T14:46:45.270+0000] {logging_mixin.py:188} INFO - [2025-06-13T14:46:45.269+0000] {dag.py:3096} INFO - Sync 1 DAGs
[2025-06-13T14:46:45.284+0000] {logging_mixin.py:188} INFO - [2025-06-13T14:46:45.284+0000] {dag.py:3954} INFO - Setting next_dagrun for example_weekday_branch_operator to 2025-06-12 00:00:00+00:00, run_after=2025-06-13 00:00:00+00:00
[2025-06-13T14:46:45.300+0000] {processor.py:183} INFO - Processing /home/airflow/.local/lib/python3.10/site-packages/airflow/example_dags/example_branch_day_of_week_operator.py took 0.059 seconds
[2025-06-13T14:47:15.529+0000] {processor.py:161} INFO - Started process (PID=380) to work on /home/airflow/.local/lib/python3.10/site-packages/airflow/example_dags/example_branch_day_of_week_operator.py
[2025-06-13T14:47:15.532+0000] {processor.py:830} INFO - Processing file /home/airflow/.local/lib/python3.10/site-packages/airflow/example_dags/example_branch_day_of_week_operator.py for tasks to queue
[2025-06-13T14:47:15.534+0000] {logging_mixin.py:188} INFO - [2025-06-13T14:47:15.534+0000] {dagbag.py:540} INFO - Filling up the DagBag from /home/airflow/.local/lib/python3.10/site-packages/airflow/example_dags/example_branch_day_of_week_operator.py
[2025-06-13T14:47:15.541+0000] {processor.py:840} INFO - DAG(s) 'example_weekday_branch_operator' retrieved from /home/airflow/.local/lib/python3.10/site-packages/airflow/example_dags/example_branch_day_of_week_operator.py
[2025-06-13T14:47:15.552+0000] {logging_mixin.py:188} INFO - [2025-06-13T14:47:15.552+0000] {dag.py:3096} INFO - Sync 1 DAGs
[2025-06-13T14:47:15.577+0000] {logging_mixin.py:188} INFO - [2025-06-13T14:47:15.577+0000] {dag.py:3954} INFO - Setting next_dagrun for example_weekday_branch_operator to 2025-06-12 00:00:00+00:00, run_after=2025-06-13 00:00:00+00:00
[2025-06-13T14:47:15.597+0000] {processor.py:183} INFO - Processing /home/airflow/.local/lib/python3.10/site-packages/airflow/example_dags/example_branch_day_of_week_operator.py took 0.073 seconds
[2025-06-13T14:47:46.026+0000] {processor.py:161} INFO - Started process (PID=440) to work on /home/airflow/.local/lib/python3.10/site-packages/airflow/example_dags/example_branch_day_of_week_operator.py
[2025-06-13T14:47:46.033+0000] {processor.py:830} INFO - Processing file /home/airflow/.local/lib/python3.10/site-packages/airflow/example_dags/example_branch_day_of_week_operator.py for tasks to queue
[2025-06-13T14:47:46.034+0000] {logging_mixin.py:188} INFO - [2025-06-13T14:47:46.034+0000] {dagbag.py:540} INFO - Filling up the DagBag from /home/airflow/.local/lib/python3.10/site-packages/airflow/example_dags/example_branch_day_of_week_operator.py
[2025-06-13T14:47:46.038+0000] {processor.py:840} INFO - DAG(s) 'example_weekday_branch_operator' retrieved from /home/airflow/.local/lib/python3.10/site-packages/airflow/example_dags/example_branch_day_of_week_operator.py
[2025-06-13T14:47:46.051+0000] {logging_mixin.py:188} INFO - [2025-06-13T14:47:46.051+0000] {dag.py:3096} INFO - Sync 1 DAGs
[2025-06-13T14:47:46.066+0000] {logging_mixin.py:188} INFO - [2025-06-13T14:47:46.066+0000] {dag.py:3954} INFO - Setting next_dagrun for example_weekday_branch_operator to 2025-06-12 00:00:00+00:00, run_after=2025-06-13 00:00:00+00:00
[2025-06-13T14:47:46.082+0000] {processor.py:183} INFO - Processing /home/airflow/.local/lib/python3.10/site-packages/airflow/example_dags/example_branch_day_of_week_operator.py took 0.060 seconds
[2025-06-13T14:48:16.760+0000] {processor.py:161} INFO - Started process (PID=500) to work on /home/airflow/.local/lib/python3.10/site-packages/airflow/example_dags/example_branch_day_of_week_operator.py
[2025-06-13T14:48:16.761+0000] {processor.py:830} INFO - Processing file /home/airflow/.local/lib/python3.10/site-packages/airflow/example_dags/example_branch_day_of_week_operator.py for tasks to queue
[2025-06-13T14:48:16.762+0000] {logging_mixin.py:188} INFO - [2025-06-13T14:48:16.762+0000] {dagbag.py:540} INFO - Filling up the DagBag from /home/airflow/.local/lib/python3.10/site-packages/airflow/example_dags/example_branch_day_of_week_operator.py
[2025-06-13T14:48:16.766+0000] {processor.py:840} INFO - DAG(s) 'example_weekday_branch_operator' retrieved from /home/airflow/.local/lib/python3.10/site-packages/airflow/example_dags/example_branch_day_of_week_operator.py
[2025-06-13T14:48:16.778+0000] {logging_mixin.py:188} INFO - [2025-06-13T14:48:16.777+0000] {dag.py:3096} INFO - Sync 1 DAGs
[2025-06-13T14:48:16.790+0000] {logging_mixin.py:188} INFO - [2025-06-13T14:48:16.789+0000] {dag.py:3954} INFO - Setting next_dagrun for example_weekday_branch_operator to 2025-06-12 00:00:00+00:00, run_after=2025-06-13 00:00:00+00:00
[2025-06-13T14:48:16.804+0000] {processor.py:183} INFO - Processing /home/airflow/.local/lib/python3.10/site-packages/airflow/example_dags/example_branch_day_of_week_operator.py took 0.047 seconds
[2025-06-13T14:48:47.044+0000] {processor.py:161} INFO - Started process (PID=560) to work on /home/airflow/.local/lib/python3.10/site-packages/airflow/example_dags/example_branch_day_of_week_operator.py
[2025-06-13T14:48:47.047+0000] {processor.py:830} INFO - Processing file /home/airflow/.local/lib/python3.10/site-packages/airflow/example_dags/example_branch_day_of_week_operator.py for tasks to queue
[2025-06-13T14:48:47.051+0000] {logging_mixin.py:188} INFO - [2025-06-13T14:48:47.050+0000] {dagbag.py:540} INFO - Filling up the DagBag from /home/airflow/.local/lib/python3.10/site-packages/airflow/example_dags/example_branch_day_of_week_operator.py
[2025-06-13T14:48:47.055+0000] {processor.py:840} INFO - DAG(s) 'example_weekday_branch_operator' retrieved from /home/airflow/.local/lib/python3.10/site-packages/airflow/example_dags/example_branch_day_of_week_operator.py
[2025-06-13T14:48:47.075+0000] {logging_mixin.py:188} INFO - [2025-06-13T14:48:47.075+0000] {dag.py:3096} INFO - Sync 1 DAGs
[2025-06-13T14:48:47.097+0000] {logging_mixin.py:188} INFO - [2025-06-13T14:48:47.097+0000] {dag.py:3954} INFO - Setting next_dagrun for example_weekday_branch_operator to 2025-06-12 00:00:00+00:00, run_after=2025-06-13 00:00:00+00:00
[2025-06-13T14:48:47.121+0000] {processor.py:183} INFO - Processing /home/airflow/.local/lib/python3.10/site-packages/airflow/example_dags/example_branch_day_of_week_operator.py took 0.085 seconds
[2025-06-13T14:49:17.705+0000] {processor.py:161} INFO - Started process (PID=620) to work on /home/airflow/.local/lib/python3.10/site-packages/airflow/example_dags/example_branch_day_of_week_operator.py
[2025-06-13T14:49:17.709+0000] {processor.py:830} INFO - Processing file /home/airflow/.local/lib/python3.10/site-packages/airflow/example_dags/example_branch_day_of_week_operator.py for tasks to queue
[2025-06-13T14:49:17.711+0000] {logging_mixin.py:188} INFO - [2025-06-13T14:49:17.711+0000] {dagbag.py:540} INFO - Filling up the DagBag from /home/airflow/.local/lib/python3.10/site-packages/airflow/example_dags/example_branch_day_of_week_operator.py
[2025-06-13T14:49:17.716+0000] {processor.py:840} INFO - DAG(s) 'example_weekday_branch_operator' retrieved from /home/airflow/.local/lib/python3.10/site-packages/airflow/example_dags/example_branch_day_of_week_operator.py
[2025-06-13T14:49:17.730+0000] {logging_mixin.py:188} INFO - [2025-06-13T14:49:17.730+0000] {dag.py:3096} INFO - Sync 1 DAGs
[2025-06-13T14:49:17.744+0000] {logging_mixin.py:188} INFO - [2025-06-13T14:49:17.744+0000] {dag.py:3954} INFO - Setting next_dagrun for example_weekday_branch_operator to 2025-06-12 00:00:00+00:00, run_after=2025-06-13 00:00:00+00:00
[2025-06-13T14:49:17.757+0000] {processor.py:183} INFO - Processing /home/airflow/.local/lib/python3.10/site-packages/airflow/example_dags/example_branch_day_of_week_operator.py took 0.056 seconds
[2025-06-13T14:49:48.256+0000] {processor.py:161} INFO - Started process (PID=680) to work on /home/airflow/.local/lib/python3.10/site-packages/airflow/example_dags/example_branch_day_of_week_operator.py
[2025-06-13T14:49:48.257+0000] {processor.py:830} INFO - Processing file /home/airflow/.local/lib/python3.10/site-packages/airflow/example_dags/example_branch_day_of_week_operator.py for tasks to queue
[2025-06-13T14:49:48.258+0000] {logging_mixin.py:188} INFO - [2025-06-13T14:49:48.257+0000] {dagbag.py:540} INFO - Filling up the DagBag from /home/airflow/.local/lib/python3.10/site-packages/airflow/example_dags/example_branch_day_of_week_operator.py
[2025-06-13T14:49:48.265+0000] {processor.py:840} INFO - DAG(s) 'example_weekday_branch_operator' retrieved from /home/airflow/.local/lib/python3.10/site-packages/airflow/example_dags/example_branch_day_of_week_operator.py
[2025-06-13T14:49:48.282+0000] {logging_mixin.py:188} INFO - [2025-06-13T14:49:48.281+0000] {dag.py:3096} INFO - Sync 1 DAGs
[2025-06-13T14:49:48.296+0000] {logging_mixin.py:188} INFO - [2025-06-13T14:49:48.296+0000] {dag.py:3954} INFO - Setting next_dagrun for example_weekday_branch_operator to 2025-06-12 00:00:00+00:00, run_after=2025-06-13 00:00:00+00:00
[2025-06-13T14:49:48.310+0000] {processor.py:183} INFO - Processing /home/airflow/.local/lib/python3.10/site-packages/airflow/example_dags/example_branch_day_of_week_operator.py took 0.059 seconds
[2025-06-13T14:50:18.790+0000] {processor.py:161} INFO - Started process (PID=740) to work on /home/airflow/.local/lib/python3.10/site-packages/airflow/example_dags/example_branch_day_of_week_operator.py
[2025-06-13T14:50:18.794+0000] {processor.py:830} INFO - Processing file /home/airflow/.local/lib/python3.10/site-packages/airflow/example_dags/example_branch_day_of_week_operator.py for tasks to queue
[2025-06-13T14:50:18.795+0000] {logging_mixin.py:188} INFO - [2025-06-13T14:50:18.795+0000] {dagbag.py:540} INFO - Filling up the DagBag from /home/airflow/.local/lib/python3.10/site-packages/airflow/example_dags/example_branch_day_of_week_operator.py
[2025-06-13T14:50:18.800+0000] {processor.py:840} INFO - DAG(s) 'example_weekday_branch_operator' retrieved from /home/airflow/.local/lib/python3.10/site-packages/airflow/example_dags/example_branch_day_of_week_operator.py
[2025-06-13T14:50:18.810+0000] {logging_mixin.py:188} INFO - [2025-06-13T14:50:18.810+0000] {dag.py:3096} INFO - Sync 1 DAGs
[2025-06-13T14:50:18.824+0000] {logging_mixin.py:188} INFO - [2025-06-13T14:50:18.824+0000] {dag.py:3954} INFO - Setting next_dagrun for example_weekday_branch_operator to 2025-06-12 00:00:00+00:00, run_after=2025-06-13 00:00:00+00:00
[2025-06-13T14:50:18.832+0000] {processor.py:183} INFO - Processing /home/airflow/.local/lib/python3.10/site-packages/airflow/example_dags/example_branch_day_of_week_operator.py took 0.046 seconds
[2025-06-13T14:50:49.237+0000] {processor.py:161} INFO - Started process (PID=800) to work on /home/airflow/.local/lib/python3.10/site-packages/airflow/example_dags/example_branch_day_of_week_operator.py
[2025-06-13T14:50:49.240+0000] {processor.py:830} INFO - Processing file /home/airflow/.local/lib/python3.10/site-packages/airflow/example_dags/example_branch_day_of_week_operator.py for tasks to queue
[2025-06-13T14:50:49.243+0000] {logging_mixin.py:188} INFO - [2025-06-13T14:50:49.242+0000] {dagbag.py:540} INFO - Filling up the DagBag from /home/airflow/.local/lib/python3.10/site-packages/airflow/example_dags/example_branch_day_of_week_operator.py
[2025-06-13T14:50:49.252+0000] {processor.py:840} INFO - DAG(s) 'example_weekday_branch_operator' retrieved from /home/airflow/.local/lib/python3.10/site-packages/airflow/example_dags/example_branch_day_of_week_operator.py
[2025-06-13T14:50:49.276+0000] {logging_mixin.py:188} INFO - [2025-06-13T14:50:49.276+0000] {dag.py:3096} INFO - Sync 1 DAGs
[2025-06-13T14:50:49.326+0000] {logging_mixin.py:188} INFO - [2025-06-13T14:50:49.326+0000] {dag.py:3954} INFO - Setting next_dagrun for example_weekday_branch_operator to 2025-06-12 00:00:00+00:00, run_after=2025-06-13 00:00:00+00:00
[2025-06-13T14:50:49.347+0000] {processor.py:183} INFO - Processing /home/airflow/.local/lib/python3.10/site-packages/airflow/example_dags/example_branch_day_of_week_operator.py took 0.120 seconds
[2025-06-13T14:51:19.677+0000] {processor.py:161} INFO - Started process (PID=860) to work on /home/airflow/.local/lib/python3.10/site-packages/airflow/example_dags/example_branch_day_of_week_operator.py
[2025-06-13T14:51:19.680+0000] {processor.py:830} INFO - Processing file /home/airflow/.local/lib/python3.10/site-packages/airflow/example_dags/example_branch_day_of_week_operator.py for tasks to queue
[2025-06-13T14:51:19.685+0000] {logging_mixin.py:188} INFO - [2025-06-13T14:51:19.685+0000] {dagbag.py:540} INFO - Filling up the DagBag from /home/airflow/.local/lib/python3.10/site-packages/airflow/example_dags/example_branch_day_of_week_operator.py
[2025-06-13T14:51:19.690+0000] {processor.py:840} INFO - DAG(s) 'example_weekday_branch_operator' retrieved from /home/airflow/.local/lib/python3.10/site-packages/airflow/example_dags/example_branch_day_of_week_operator.py
[2025-06-13T14:51:19.711+0000] {logging_mixin.py:188} INFO - [2025-06-13T14:51:19.711+0000] {dag.py:3096} INFO - Sync 1 DAGs
[2025-06-13T14:51:19.750+0000] {logging_mixin.py:188} INFO - [2025-06-13T14:51:19.749+0000] {dag.py:3954} INFO - Setting next_dagrun for example_weekday_branch_operator to 2025-06-12 00:00:00+00:00, run_after=2025-06-13 00:00:00+00:00
[2025-06-13T14:51:19.771+0000] {processor.py:183} INFO - Processing /home/airflow/.local/lib/python3.10/site-packages/airflow/example_dags/example_branch_day_of_week_operator.py took 0.103 seconds
[2025-06-13T14:51:49.835+0000] {processor.py:161} INFO - Started process (PID=920) to work on /home/airflow/.local/lib/python3.10/site-packages/airflow/example_dags/example_branch_day_of_week_operator.py
[2025-06-13T14:51:49.837+0000] {processor.py:830} INFO - Processing file /home/airflow/.local/lib/python3.10/site-packages/airflow/example_dags/example_branch_day_of_week_operator.py for tasks to queue
[2025-06-13T14:51:49.838+0000] {logging_mixin.py:188} INFO - [2025-06-13T14:51:49.838+0000] {dagbag.py:540} INFO - Filling up the DagBag from /home/airflow/.local/lib/python3.10/site-packages/airflow/example_dags/example_branch_day_of_week_operator.py
[2025-06-13T14:51:49.843+0000] {processor.py:840} INFO - DAG(s) 'example_weekday_branch_operator' retrieved from /home/airflow/.local/lib/python3.10/site-packages/airflow/example_dags/example_branch_day_of_week_operator.py
[2025-06-13T14:51:49.857+0000] {logging_mixin.py:188} INFO - [2025-06-13T14:51:49.857+0000] {dag.py:3096} INFO - Sync 1 DAGs
[2025-06-13T14:51:49.870+0000] {logging_mixin.py:188} INFO - [2025-06-13T14:51:49.870+0000] {dag.py:3954} INFO - Setting next_dagrun for example_weekday_branch_operator to 2025-06-12 00:00:00+00:00, run_after=2025-06-13 00:00:00+00:00
[2025-06-13T14:51:49.886+0000] {processor.py:183} INFO - Processing /home/airflow/.local/lib/python3.10/site-packages/airflow/example_dags/example_branch_day_of_week_operator.py took 0.056 seconds
[2025-06-13T14:52:20.186+0000] {processor.py:161} INFO - Started process (PID=980) to work on /home/airflow/.local/lib/python3.10/site-packages/airflow/example_dags/example_branch_day_of_week_operator.py
[2025-06-13T14:52:20.187+0000] {processor.py:830} INFO - Processing file /home/airflow/.local/lib/python3.10/site-packages/airflow/example_dags/example_branch_day_of_week_operator.py for tasks to queue
[2025-06-13T14:52:20.189+0000] {logging_mixin.py:188} INFO - [2025-06-13T14:52:20.188+0000] {dagbag.py:540} INFO - Filling up the DagBag from /home/airflow/.local/lib/python3.10/site-packages/airflow/example_dags/example_branch_day_of_week_operator.py
[2025-06-13T14:52:20.195+0000] {processor.py:840} INFO - DAG(s) 'example_weekday_branch_operator' retrieved from /home/airflow/.local/lib/python3.10/site-packages/airflow/example_dags/example_branch_day_of_week_operator.py
[2025-06-13T14:52:20.212+0000] {logging_mixin.py:188} INFO - [2025-06-13T14:52:20.212+0000] {dag.py:3096} INFO - Sync 1 DAGs
[2025-06-13T14:52:20.226+0000] {logging_mixin.py:188} INFO - [2025-06-13T14:52:20.225+0000] {dag.py:3954} INFO - Setting next_dagrun for example_weekday_branch_operator to 2025-06-12 00:00:00+00:00, run_after=2025-06-13 00:00:00+00:00
[2025-06-13T14:52:20.235+0000] {processor.py:183} INFO - Processing /home/airflow/.local/lib/python3.10/site-packages/airflow/example_dags/example_branch_day_of_week_operator.py took 0.062 seconds
[2025-06-13T14:52:50.336+0000] {processor.py:161} INFO - Started process (PID=1040) to work on /home/airflow/.local/lib/python3.10/site-packages/airflow/example_dags/example_branch_day_of_week_operator.py
[2025-06-13T14:52:50.337+0000] {processor.py:830} INFO - Processing file /home/airflow/.local/lib/python3.10/site-packages/airflow/example_dags/example_branch_day_of_week_operator.py for tasks to queue
[2025-06-13T14:52:50.340+0000] {logging_mixin.py:188} INFO - [2025-06-13T14:52:50.340+0000] {dagbag.py:540} INFO - Filling up the DagBag from /home/airflow/.local/lib/python3.10/site-packages/airflow/example_dags/example_branch_day_of_week_operator.py
[2025-06-13T14:52:50.345+0000] {processor.py:840} INFO - DAG(s) 'example_weekday_branch_operator' retrieved from /home/airflow/.local/lib/python3.10/site-packages/airflow/example_dags/example_branch_day_of_week_operator.py
[2025-06-13T14:52:50.357+0000] {logging_mixin.py:188} INFO - [2025-06-13T14:52:50.357+0000] {dag.py:3096} INFO - Sync 1 DAGs
[2025-06-13T14:52:50.368+0000] {logging_mixin.py:188} INFO - [2025-06-13T14:52:50.368+0000] {dag.py:3954} INFO - Setting next_dagrun for example_weekday_branch_operator to 2025-06-12 00:00:00+00:00, run_after=2025-06-13 00:00:00+00:00
[2025-06-13T14:52:50.380+0000] {processor.py:183} INFO - Processing /home/airflow/.local/lib/python3.10/site-packages/airflow/example_dags/example_branch_day_of_week_operator.py took 0.048 seconds
[2025-06-13T14:53:20.875+0000] {processor.py:161} INFO - Started process (PID=1100) to work on /home/airflow/.local/lib/python3.10/site-packages/airflow/example_dags/example_branch_day_of_week_operator.py
[2025-06-13T14:53:20.878+0000] {processor.py:830} INFO - Processing file /home/airflow/.local/lib/python3.10/site-packages/airflow/example_dags/example_branch_day_of_week_operator.py for tasks to queue
[2025-06-13T14:53:20.880+0000] {logging_mixin.py:188} INFO - [2025-06-13T14:53:20.879+0000] {dagbag.py:540} INFO - Filling up the DagBag from /home/airflow/.local/lib/python3.10/site-packages/airflow/example_dags/example_branch_day_of_week_operator.py
[2025-06-13T14:53:20.885+0000] {processor.py:840} INFO - DAG(s) 'example_weekday_branch_operator' retrieved from /home/airflow/.local/lib/python3.10/site-packages/airflow/example_dags/example_branch_day_of_week_operator.py
[2025-06-13T14:53:20.899+0000] {logging_mixin.py:188} INFO - [2025-06-13T14:53:20.899+0000] {dag.py:3096} INFO - Sync 1 DAGs
[2025-06-13T14:53:20.910+0000] {logging_mixin.py:188} INFO - [2025-06-13T14:53:20.910+0000] {dag.py:3954} INFO - Setting next_dagrun for example_weekday_branch_operator to 2025-06-12 00:00:00+00:00, run_after=2025-06-13 00:00:00+00:00
[2025-06-13T14:53:20.924+0000] {processor.py:183} INFO - Processing /home/airflow/.local/lib/python3.10/site-packages/airflow/example_dags/example_branch_day_of_week_operator.py took 0.053 seconds
[2025-06-13T14:53:51.464+0000] {processor.py:161} INFO - Started process (PID=1160) to work on /home/airflow/.local/lib/python3.10/site-packages/airflow/example_dags/example_branch_day_of_week_operator.py
[2025-06-13T14:53:51.465+0000] {processor.py:830} INFO - Processing file /home/airflow/.local/lib/python3.10/site-packages/airflow/example_dags/example_branch_day_of_week_operator.py for tasks to queue
[2025-06-13T14:53:51.469+0000] {logging_mixin.py:188} INFO - [2025-06-13T14:53:51.469+0000] {dagbag.py:540} INFO - Filling up the DagBag from /home/airflow/.local/lib/python3.10/site-packages/airflow/example_dags/example_branch_day_of_week_operator.py
[2025-06-13T14:53:51.476+0000] {processor.py:840} INFO - DAG(s) 'example_weekday_branch_operator' retrieved from /home/airflow/.local/lib/python3.10/site-packages/airflow/example_dags/example_branch_day_of_week_operator.py
[2025-06-13T14:53:51.494+0000] {logging_mixin.py:188} INFO - [2025-06-13T14:53:51.494+0000] {dag.py:3096} INFO - Sync 1 DAGs
[2025-06-13T14:53:51.508+0000] {logging_mixin.py:188} INFO - [2025-06-13T14:53:51.508+0000] {dag.py:3954} INFO - Setting next_dagrun for example_weekday_branch_operator to 2025-06-12 00:00:00+00:00, run_after=2025-06-13 00:00:00+00:00
[2025-06-13T14:53:51.519+0000] {processor.py:183} INFO - Processing /home/airflow/.local/lib/python3.10/site-packages/airflow/example_dags/example_branch_day_of_week_operator.py took 0.059 seconds
[2025-06-13T14:54:22.288+0000] {processor.py:161} INFO - Started process (PID=1220) to work on /home/airflow/.local/lib/python3.10/site-packages/airflow/example_dags/example_branch_day_of_week_operator.py
[2025-06-13T14:54:22.289+0000] {processor.py:830} INFO - Processing file /home/airflow/.local/lib/python3.10/site-packages/airflow/example_dags/example_branch_day_of_week_operator.py for tasks to queue
[2025-06-13T14:54:22.290+0000] {logging_mixin.py:188} INFO - [2025-06-13T14:54:22.290+0000] {dagbag.py:540} INFO - Filling up the DagBag from /home/airflow/.local/lib/python3.10/site-packages/airflow/example_dags/example_branch_day_of_week_operator.py
[2025-06-13T14:54:22.295+0000] {processor.py:840} INFO - DAG(s) 'example_weekday_branch_operator' retrieved from /home/airflow/.local/lib/python3.10/site-packages/airflow/example_dags/example_branch_day_of_week_operator.py
[2025-06-13T14:54:22.315+0000] {logging_mixin.py:188} INFO - [2025-06-13T14:54:22.315+0000] {dag.py:3096} INFO - Sync 1 DAGs
[2025-06-13T14:54:22.329+0000] {logging_mixin.py:188} INFO - [2025-06-13T14:54:22.329+0000] {dag.py:3954} INFO - Setting next_dagrun for example_weekday_branch_operator to 2025-06-12 00:00:00+00:00, run_after=2025-06-13 00:00:00+00:00
[2025-06-13T14:54:22.344+0000] {processor.py:183} INFO - Processing /home/airflow/.local/lib/python3.10/site-packages/airflow/example_dags/example_branch_day_of_week_operator.py took 0.060 seconds
[2025-06-13T14:54:52.423+0000] {processor.py:161} INFO - Started process (PID=1280) to work on /home/airflow/.local/lib/python3.10/site-packages/airflow/example_dags/example_branch_day_of_week_operator.py
[2025-06-13T14:54:52.424+0000] {processor.py:830} INFO - Processing file /home/airflow/.local/lib/python3.10/site-packages/airflow/example_dags/example_branch_day_of_week_operator.py for tasks to queue
[2025-06-13T14:54:52.426+0000] {logging_mixin.py:188} INFO - [2025-06-13T14:54:52.426+0000] {dagbag.py:540} INFO - Filling up the DagBag from /home/airflow/.local/lib/python3.10/site-packages/airflow/example_dags/example_branch_day_of_week_operator.py
[2025-06-13T14:54:52.431+0000] {processor.py:840} INFO - DAG(s) 'example_weekday_branch_operator' retrieved from /home/airflow/.local/lib/python3.10/site-packages/airflow/example_dags/example_branch_day_of_week_operator.py
[2025-06-13T14:54:52.442+0000] {logging_mixin.py:188} INFO - [2025-06-13T14:54:52.442+0000] {dag.py:3096} INFO - Sync 1 DAGs
[2025-06-13T14:54:52.454+0000] {logging_mixin.py:188} INFO - [2025-06-13T14:54:52.454+0000] {dag.py:3954} INFO - Setting next_dagrun for example_weekday_branch_operator to 2025-06-12 00:00:00+00:00, run_after=2025-06-13 00:00:00+00:00
[2025-06-13T14:54:52.463+0000] {processor.py:183} INFO - Processing /home/airflow/.local/lib/python3.10/site-packages/airflow/example_dags/example_branch_day_of_week_operator.py took 0.044 seconds
[2025-06-13T14:55:22.822+0000] {processor.py:161} INFO - Started process (PID=1340) to work on /home/airflow/.local/lib/python3.10/site-packages/airflow/example_dags/example_branch_day_of_week_operator.py
[2025-06-13T14:55:22.822+0000] {processor.py:830} INFO - Processing file /home/airflow/.local/lib/python3.10/site-packages/airflow/example_dags/example_branch_day_of_week_operator.py for tasks to queue
[2025-06-13T14:55:22.823+0000] {logging_mixin.py:188} INFO - [2025-06-13T14:55:22.823+0000] {dagbag.py:540} INFO - Filling up the DagBag from /home/airflow/.local/lib/python3.10/site-packages/airflow/example_dags/example_branch_day_of_week_operator.py
[2025-06-13T14:55:22.830+0000] {processor.py:840} INFO - DAG(s) 'example_weekday_branch_operator' retrieved from /home/airflow/.local/lib/python3.10/site-packages/airflow/example_dags/example_branch_day_of_week_operator.py
[2025-06-13T14:55:22.844+0000] {logging_mixin.py:188} INFO - [2025-06-13T14:55:22.844+0000] {dag.py:3096} INFO - Sync 1 DAGs
[2025-06-13T14:55:22.858+0000] {logging_mixin.py:188} INFO - [2025-06-13T14:55:22.858+0000] {dag.py:3954} INFO - Setting next_dagrun for example_weekday_branch_operator to 2025-06-12 00:00:00+00:00, run_after=2025-06-13 00:00:00+00:00
[2025-06-13T14:55:22.870+0000] {processor.py:183} INFO - Processing /home/airflow/.local/lib/python3.10/site-packages/airflow/example_dags/example_branch_day_of_week_operator.py took 0.052 seconds
[2025-06-13T14:55:53.060+0000] {processor.py:161} INFO - Started process (PID=1400) to work on /home/airflow/.local/lib/python3.10/site-packages/airflow/example_dags/example_branch_day_of_week_operator.py
[2025-06-13T14:55:53.061+0000] {processor.py:830} INFO - Processing file /home/airflow/.local/lib/python3.10/site-packages/airflow/example_dags/example_branch_day_of_week_operator.py for tasks to queue
[2025-06-13T14:55:53.063+0000] {logging_mixin.py:188} INFO - [2025-06-13T14:55:53.063+0000] {dagbag.py:540} INFO - Filling up the DagBag from /home/airflow/.local/lib/python3.10/site-packages/airflow/example_dags/example_branch_day_of_week_operator.py
[2025-06-13T14:55:53.070+0000] {processor.py:840} INFO - DAG(s) 'example_weekday_branch_operator' retrieved from /home/airflow/.local/lib/python3.10/site-packages/airflow/example_dags/example_branch_day_of_week_operator.py
[2025-06-13T14:55:53.092+0000] {logging_mixin.py:188} INFO - [2025-06-13T14:55:53.092+0000] {dag.py:3096} INFO - Sync 1 DAGs
[2025-06-13T14:55:53.110+0000] {logging_mixin.py:188} INFO - [2025-06-13T14:55:53.109+0000] {dag.py:3954} INFO - Setting next_dagrun for example_weekday_branch_operator to 2025-06-12 00:00:00+00:00, run_after=2025-06-13 00:00:00+00:00
[2025-06-13T14:55:53.130+0000] {processor.py:183} INFO - Processing /home/airflow/.local/lib/python3.10/site-packages/airflow/example_dags/example_branch_day_of_week_operator.py took 0.074 seconds
[2025-06-13T14:56:23.475+0000] {processor.py:161} INFO - Started process (PID=1460) to work on /home/airflow/.local/lib/python3.10/site-packages/airflow/example_dags/example_branch_day_of_week_operator.py
[2025-06-13T14:56:23.477+0000] {processor.py:830} INFO - Processing file /home/airflow/.local/lib/python3.10/site-packages/airflow/example_dags/example_branch_day_of_week_operator.py for tasks to queue
[2025-06-13T14:56:23.478+0000] {logging_mixin.py:188} INFO - [2025-06-13T14:56:23.477+0000] {dagbag.py:540} INFO - Filling up the DagBag from /home/airflow/.local/lib/python3.10/site-packages/airflow/example_dags/example_branch_day_of_week_operator.py
[2025-06-13T14:56:23.482+0000] {processor.py:840} INFO - DAG(s) 'example_weekday_branch_operator' retrieved from /home/airflow/.local/lib/python3.10/site-packages/airflow/example_dags/example_branch_day_of_week_operator.py
[2025-06-13T14:56:23.492+0000] {logging_mixin.py:188} INFO - [2025-06-13T14:56:23.492+0000] {dag.py:3096} INFO - Sync 1 DAGs
[2025-06-13T14:56:23.504+0000] {logging_mixin.py:188} INFO - [2025-06-13T14:56:23.504+0000] {dag.py:3954} INFO - Setting next_dagrun for example_weekday_branch_operator to 2025-06-12 00:00:00+00:00, run_after=2025-06-13 00:00:00+00:00
[2025-06-13T14:56:23.525+0000] {processor.py:183} INFO - Processing /home/airflow/.local/lib/python3.10/site-packages/airflow/example_dags/example_branch_day_of_week_operator.py took 0.053 seconds
[2025-06-13T14:56:54.466+0000] {processor.py:161} INFO - Started process (PID=1520) to work on /home/airflow/.local/lib/python3.10/site-packages/airflow/example_dags/example_branch_day_of_week_operator.py
[2025-06-13T14:56:54.467+0000] {processor.py:830} INFO - Processing file /home/airflow/.local/lib/python3.10/site-packages/airflow/example_dags/example_branch_day_of_week_operator.py for tasks to queue
[2025-06-13T14:56:54.470+0000] {logging_mixin.py:188} INFO - [2025-06-13T14:56:54.470+0000] {dagbag.py:540} INFO - Filling up the DagBag from /home/airflow/.local/lib/python3.10/site-packages/airflow/example_dags/example_branch_day_of_week_operator.py
[2025-06-13T14:56:54.474+0000] {processor.py:840} INFO - DAG(s) 'example_weekday_branch_operator' retrieved from /home/airflow/.local/lib/python3.10/site-packages/airflow/example_dags/example_branch_day_of_week_operator.py
[2025-06-13T14:56:54.487+0000] {logging_mixin.py:188} INFO - [2025-06-13T14:56:54.487+0000] {dag.py:3096} INFO - Sync 1 DAGs
[2025-06-13T14:56:54.500+0000] {logging_mixin.py:188} INFO - [2025-06-13T14:56:54.499+0000] {dag.py:3954} INFO - Setting next_dagrun for example_weekday_branch_operator to 2025-06-12 00:00:00+00:00, run_after=2025-06-13 00:00:00+00:00
[2025-06-13T14:56:54.518+0000] {processor.py:183} INFO - Processing /home/airflow/.local/lib/python3.10/site-packages/airflow/example_dags/example_branch_day_of_week_operator.py took 0.056 seconds
[2025-06-13T14:57:24.768+0000] {processor.py:161} INFO - Started process (PID=1580) to work on /home/airflow/.local/lib/python3.10/site-packages/airflow/example_dags/example_branch_day_of_week_operator.py
[2025-06-13T14:57:24.771+0000] {processor.py:830} INFO - Processing file /home/airflow/.local/lib/python3.10/site-packages/airflow/example_dags/example_branch_day_of_week_operator.py for tasks to queue
[2025-06-13T14:57:24.773+0000] {logging_mixin.py:188} INFO - [2025-06-13T14:57:24.773+0000] {dagbag.py:540} INFO - Filling up the DagBag from /home/airflow/.local/lib/python3.10/site-packages/airflow/example_dags/example_branch_day_of_week_operator.py
[2025-06-13T14:57:24.780+0000] {processor.py:840} INFO - DAG(s) 'example_weekday_branch_operator' retrieved from /home/airflow/.local/lib/python3.10/site-packages/airflow/example_dags/example_branch_day_of_week_operator.py
[2025-06-13T14:57:24.803+0000] {logging_mixin.py:188} INFO - [2025-06-13T14:57:24.802+0000] {dag.py:3096} INFO - Sync 1 DAGs
[2025-06-13T14:57:24.816+0000] {logging_mixin.py:188} INFO - [2025-06-13T14:57:24.816+0000] {dag.py:3954} INFO - Setting next_dagrun for example_weekday_branch_operator to 2025-06-12 00:00:00+00:00, run_after=2025-06-13 00:00:00+00:00
[2025-06-13T14:57:24.832+0000] {processor.py:183} INFO - Processing /home/airflow/.local/lib/python3.10/site-packages/airflow/example_dags/example_branch_day_of_week_operator.py took 0.073 seconds
[2025-06-13T14:57:55.328+0000] {processor.py:161} INFO - Started process (PID=1640) to work on /home/airflow/.local/lib/python3.10/site-packages/airflow/example_dags/example_branch_day_of_week_operator.py
[2025-06-13T14:57:55.334+0000] {processor.py:830} INFO - Processing file /home/airflow/.local/lib/python3.10/site-packages/airflow/example_dags/example_branch_day_of_week_operator.py for tasks to queue
[2025-06-13T14:57:55.336+0000] {logging_mixin.py:188} INFO - [2025-06-13T14:57:55.336+0000] {dagbag.py:540} INFO - Filling up the DagBag from /home/airflow/.local/lib/python3.10/site-packages/airflow/example_dags/example_branch_day_of_week_operator.py
[2025-06-13T14:57:55.346+0000] {processor.py:840} INFO - DAG(s) 'example_weekday_branch_operator' retrieved from /home/airflow/.local/lib/python3.10/site-packages/airflow/example_dags/example_branch_day_of_week_operator.py
[2025-06-13T14:57:55.366+0000] {logging_mixin.py:188} INFO - [2025-06-13T14:57:55.366+0000] {dag.py:3096} INFO - Sync 1 DAGs
[2025-06-13T14:57:55.410+0000] {logging_mixin.py:188} INFO - [2025-06-13T14:57:55.409+0000] {dag.py:3954} INFO - Setting next_dagrun for example_weekday_branch_operator to 2025-06-12 00:00:00+00:00, run_after=2025-06-13 00:00:00+00:00
[2025-06-13T14:57:55.434+0000] {processor.py:183} INFO - Processing /home/airflow/.local/lib/python3.10/site-packages/airflow/example_dags/example_branch_day_of_week_operator.py took 0.121 seconds
[2025-06-13T14:58:26.356+0000] {processor.py:161} INFO - Started process (PID=1700) to work on /home/airflow/.local/lib/python3.10/site-packages/airflow/example_dags/example_branch_day_of_week_operator.py
[2025-06-13T14:58:26.357+0000] {processor.py:830} INFO - Processing file /home/airflow/.local/lib/python3.10/site-packages/airflow/example_dags/example_branch_day_of_week_operator.py for tasks to queue
[2025-06-13T14:58:26.360+0000] {logging_mixin.py:188} INFO - [2025-06-13T14:58:26.360+0000] {dagbag.py:540} INFO - Filling up the DagBag from /home/airflow/.local/lib/python3.10/site-packages/airflow/example_dags/example_branch_day_of_week_operator.py
[2025-06-13T14:58:26.369+0000] {processor.py:840} INFO - DAG(s) 'example_weekday_branch_operator' retrieved from /home/airflow/.local/lib/python3.10/site-packages/airflow/example_dags/example_branch_day_of_week_operator.py
[2025-06-13T14:58:26.391+0000] {logging_mixin.py:188} INFO - [2025-06-13T14:58:26.390+0000] {dag.py:3096} INFO - Sync 1 DAGs
[2025-06-13T14:58:26.404+0000] {logging_mixin.py:188} INFO - [2025-06-13T14:58:26.404+0000] {dag.py:3954} INFO - Setting next_dagrun for example_weekday_branch_operator to 2025-06-12 00:00:00+00:00, run_after=2025-06-13 00:00:00+00:00
[2025-06-13T14:58:26.421+0000] {processor.py:183} INFO - Processing /home/airflow/.local/lib/python3.10/site-packages/airflow/example_dags/example_branch_day_of_week_operator.py took 0.069 seconds
[2025-06-13T14:58:56.773+0000] {processor.py:161} INFO - Started process (PID=1760) to work on /home/airflow/.local/lib/python3.10/site-packages/airflow/example_dags/example_branch_day_of_week_operator.py
[2025-06-13T14:58:56.773+0000] {processor.py:830} INFO - Processing file /home/airflow/.local/lib/python3.10/site-packages/airflow/example_dags/example_branch_day_of_week_operator.py for tasks to queue
[2025-06-13T14:58:56.775+0000] {logging_mixin.py:188} INFO - [2025-06-13T14:58:56.775+0000] {dagbag.py:540} INFO - Filling up the DagBag from /home/airflow/.local/lib/python3.10/site-packages/airflow/example_dags/example_branch_day_of_week_operator.py
[2025-06-13T14:58:56.780+0000] {processor.py:840} INFO - DAG(s) 'example_weekday_branch_operator' retrieved from /home/airflow/.local/lib/python3.10/site-packages/airflow/example_dags/example_branch_day_of_week_operator.py
[2025-06-13T14:58:56.801+0000] {logging_mixin.py:188} INFO - [2025-06-13T14:58:56.801+0000] {dag.py:3096} INFO - Sync 1 DAGs
[2025-06-13T14:58:56.813+0000] {logging_mixin.py:188} INFO - [2025-06-13T14:58:56.813+0000] {dag.py:3954} INFO - Setting next_dagrun for example_weekday_branch_operator to 2025-06-12 00:00:00+00:00, run_after=2025-06-13 00:00:00+00:00
[2025-06-13T14:58:56.826+0000] {processor.py:183} INFO - Processing /home/airflow/.local/lib/python3.10/site-packages/airflow/example_dags/example_branch_day_of_week_operator.py took 0.057 seconds
[2025-06-13T14:59:27.073+0000] {processor.py:161} INFO - Started process (PID=1819) to work on /home/airflow/.local/lib/python3.10/site-packages/airflow/example_dags/example_branch_day_of_week_operator.py
[2025-06-13T14:59:27.077+0000] {processor.py:830} INFO - Processing file /home/airflow/.local/lib/python3.10/site-packages/airflow/example_dags/example_branch_day_of_week_operator.py for tasks to queue
[2025-06-13T14:59:27.082+0000] {logging_mixin.py:188} INFO - [2025-06-13T14:59:27.082+0000] {dagbag.py:540} INFO - Filling up the DagBag from /home/airflow/.local/lib/python3.10/site-packages/airflow/example_dags/example_branch_day_of_week_operator.py
[2025-06-13T14:59:27.087+0000] {processor.py:840} INFO - DAG(s) 'example_weekday_branch_operator' retrieved from /home/airflow/.local/lib/python3.10/site-packages/airflow/example_dags/example_branch_day_of_week_operator.py
[2025-06-13T14:59:27.110+0000] {logging_mixin.py:188} INFO - [2025-06-13T14:59:27.110+0000] {dag.py:3096} INFO - Sync 1 DAGs
[2025-06-13T14:59:27.123+0000] {logging_mixin.py:188} INFO - [2025-06-13T14:59:27.123+0000] {dag.py:3954} INFO - Setting next_dagrun for example_weekday_branch_operator to 2025-06-12 00:00:00+00:00, run_after=2025-06-13 00:00:00+00:00
[2025-06-13T14:59:27.141+0000] {processor.py:183} INFO - Processing /home/airflow/.local/lib/python3.10/site-packages/airflow/example_dags/example_branch_day_of_week_operator.py took 0.073 seconds
[2025-06-13T14:59:57.919+0000] {processor.py:161} INFO - Started process (PID=1880) to work on /home/airflow/.local/lib/python3.10/site-packages/airflow/example_dags/example_branch_day_of_week_operator.py
[2025-06-13T14:59:57.920+0000] {processor.py:830} INFO - Processing file /home/airflow/.local/lib/python3.10/site-packages/airflow/example_dags/example_branch_day_of_week_operator.py for tasks to queue
[2025-06-13T14:59:57.922+0000] {logging_mixin.py:188} INFO - [2025-06-13T14:59:57.921+0000] {dagbag.py:540} INFO - Filling up the DagBag from /home/airflow/.local/lib/python3.10/site-packages/airflow/example_dags/example_branch_day_of_week_operator.py
[2025-06-13T14:59:57.926+0000] {processor.py:840} INFO - DAG(s) 'example_weekday_branch_operator' retrieved from /home/airflow/.local/lib/python3.10/site-packages/airflow/example_dags/example_branch_day_of_week_operator.py
[2025-06-13T14:59:57.941+0000] {logging_mixin.py:188} INFO - [2025-06-13T14:59:57.941+0000] {dag.py:3096} INFO - Sync 1 DAGs
[2025-06-13T14:59:57.954+0000] {logging_mixin.py:188} INFO - [2025-06-13T14:59:57.954+0000] {dag.py:3954} INFO - Setting next_dagrun for example_weekday_branch_operator to 2025-06-12 00:00:00+00:00, run_after=2025-06-13 00:00:00+00:00
[2025-06-13T14:59:57.973+0000] {processor.py:183} INFO - Processing /home/airflow/.local/lib/python3.10/site-packages/airflow/example_dags/example_branch_day_of_week_operator.py took 0.058 seconds
[2025-06-13T15:00:28.309+0000] {processor.py:161} INFO - Started process (PID=1940) to work on /home/airflow/.local/lib/python3.10/site-packages/airflow/example_dags/example_branch_day_of_week_operator.py
[2025-06-13T15:00:28.313+0000] {processor.py:830} INFO - Processing file /home/airflow/.local/lib/python3.10/site-packages/airflow/example_dags/example_branch_day_of_week_operator.py for tasks to queue
[2025-06-13T15:00:28.315+0000] {logging_mixin.py:188} INFO - [2025-06-13T15:00:28.315+0000] {dagbag.py:540} INFO - Filling up the DagBag from /home/airflow/.local/lib/python3.10/site-packages/airflow/example_dags/example_branch_day_of_week_operator.py
[2025-06-13T15:00:28.322+0000] {processor.py:840} INFO - DAG(s) 'example_weekday_branch_operator' retrieved from /home/airflow/.local/lib/python3.10/site-packages/airflow/example_dags/example_branch_day_of_week_operator.py
[2025-06-13T15:00:28.338+0000] {logging_mixin.py:188} INFO - [2025-06-13T15:00:28.338+0000] {dag.py:3096} INFO - Sync 1 DAGs
[2025-06-13T15:00:28.351+0000] {logging_mixin.py:188} INFO - [2025-06-13T15:00:28.351+0000] {dag.py:3954} INFO - Setting next_dagrun for example_weekday_branch_operator to 2025-06-12 00:00:00+00:00, run_after=2025-06-13 00:00:00+00:00
[2025-06-13T15:00:28.365+0000] {processor.py:183} INFO - Processing /home/airflow/.local/lib/python3.10/site-packages/airflow/example_dags/example_branch_day_of_week_operator.py took 0.061 seconds
[2025-06-13T15:00:59.043+0000] {processor.py:161} INFO - Started process (PID=2000) to work on /home/airflow/.local/lib/python3.10/site-packages/airflow/example_dags/example_branch_day_of_week_operator.py
[2025-06-13T15:00:59.044+0000] {processor.py:830} INFO - Processing file /home/airflow/.local/lib/python3.10/site-packages/airflow/example_dags/example_branch_day_of_week_operator.py for tasks to queue
[2025-06-13T15:00:59.046+0000] {logging_mixin.py:188} INFO - [2025-06-13T15:00:59.046+0000] {dagbag.py:540} INFO - Filling up the DagBag from /home/airflow/.local/lib/python3.10/site-packages/airflow/example_dags/example_branch_day_of_week_operator.py
[2025-06-13T15:00:59.050+0000] {processor.py:840} INFO - DAG(s) 'example_weekday_branch_operator' retrieved from /home/airflow/.local/lib/python3.10/site-packages/airflow/example_dags/example_branch_day_of_week_operator.py
[2025-06-13T15:00:59.062+0000] {logging_mixin.py:188} INFO - [2025-06-13T15:00:59.062+0000] {dag.py:3096} INFO - Sync 1 DAGs
[2025-06-13T15:00:59.083+0000] {logging_mixin.py:188} INFO - [2025-06-13T15:00:59.082+0000] {dag.py:3954} INFO - Setting next_dagrun for example_weekday_branch_operator to 2025-06-12 00:00:00+00:00, run_after=2025-06-13 00:00:00+00:00
[2025-06-13T15:00:59.095+0000] {processor.py:183} INFO - Processing /home/airflow/.local/lib/python3.10/site-packages/airflow/example_dags/example_branch_day_of_week_operator.py took 0.055 seconds
[2025-06-13T15:01:29.417+0000] {processor.py:161} INFO - Started process (PID=2060) to work on /home/airflow/.local/lib/python3.10/site-packages/airflow/example_dags/example_branch_day_of_week_operator.py
[2025-06-13T15:01:29.422+0000] {processor.py:830} INFO - Processing file /home/airflow/.local/lib/python3.10/site-packages/airflow/example_dags/example_branch_day_of_week_operator.py for tasks to queue
[2025-06-13T15:01:29.424+0000] {logging_mixin.py:188} INFO - [2025-06-13T15:01:29.424+0000] {dagbag.py:540} INFO - Filling up the DagBag from /home/airflow/.local/lib/python3.10/site-packages/airflow/example_dags/example_branch_day_of_week_operator.py
[2025-06-13T15:01:29.429+0000] {processor.py:840} INFO - DAG(s) 'example_weekday_branch_operator' retrieved from /home/airflow/.local/lib/python3.10/site-packages/airflow/example_dags/example_branch_day_of_week_operator.py
[2025-06-13T15:01:29.443+0000] {logging_mixin.py:188} INFO - [2025-06-13T15:01:29.443+0000] {dag.py:3096} INFO - Sync 1 DAGs
[2025-06-13T15:01:29.458+0000] {logging_mixin.py:188} INFO - [2025-06-13T15:01:29.458+0000] {dag.py:3954} INFO - Setting next_dagrun for example_weekday_branch_operator to 2025-06-12 00:00:00+00:00, run_after=2025-06-13 00:00:00+00:00
[2025-06-13T15:01:29.480+0000] {processor.py:183} INFO - Processing /home/airflow/.local/lib/python3.10/site-packages/airflow/example_dags/example_branch_day_of_week_operator.py took 0.066 seconds
[2025-06-13T15:01:59.723+0000] {processor.py:161} INFO - Started process (PID=2120) to work on /home/airflow/.local/lib/python3.10/site-packages/airflow/example_dags/example_branch_day_of_week_operator.py
[2025-06-13T15:01:59.727+0000] {processor.py:830} INFO - Processing file /home/airflow/.local/lib/python3.10/site-packages/airflow/example_dags/example_branch_day_of_week_operator.py for tasks to queue
[2025-06-13T15:01:59.730+0000] {logging_mixin.py:188} INFO - [2025-06-13T15:01:59.730+0000] {dagbag.py:540} INFO - Filling up the DagBag from /home/airflow/.local/lib/python3.10/site-packages/airflow/example_dags/example_branch_day_of_week_operator.py
[2025-06-13T15:01:59.736+0000] {processor.py:840} INFO - DAG(s) 'example_weekday_branch_operator' retrieved from /home/airflow/.local/lib/python3.10/site-packages/airflow/example_dags/example_branch_day_of_week_operator.py
[2025-06-13T15:01:59.767+0000] {logging_mixin.py:188} INFO - [2025-06-13T15:01:59.767+0000] {dag.py:3096} INFO - Sync 1 DAGs
[2025-06-13T15:01:59.783+0000] {logging_mixin.py:188} INFO - [2025-06-13T15:01:59.783+0000] {dag.py:3954} INFO - Setting next_dagrun for example_weekday_branch_operator to 2025-06-12 00:00:00+00:00, run_after=2025-06-13 00:00:00+00:00
[2025-06-13T15:01:59.801+0000] {processor.py:183} INFO - Processing /home/airflow/.local/lib/python3.10/site-packages/airflow/example_dags/example_branch_day_of_week_operator.py took 0.084 seconds
[2025-06-13T15:02:30.119+0000] {processor.py:161} INFO - Started process (PID=2180) to work on /home/airflow/.local/lib/python3.10/site-packages/airflow/example_dags/example_branch_day_of_week_operator.py
[2025-06-13T15:02:30.120+0000] {processor.py:830} INFO - Processing file /home/airflow/.local/lib/python3.10/site-packages/airflow/example_dags/example_branch_day_of_week_operator.py for tasks to queue
[2025-06-13T15:02:30.121+0000] {logging_mixin.py:188} INFO - [2025-06-13T15:02:30.121+0000] {dagbag.py:540} INFO - Filling up the DagBag from /home/airflow/.local/lib/python3.10/site-packages/airflow/example_dags/example_branch_day_of_week_operator.py
[2025-06-13T15:02:30.125+0000] {processor.py:840} INFO - DAG(s) 'example_weekday_branch_operator' retrieved from /home/airflow/.local/lib/python3.10/site-packages/airflow/example_dags/example_branch_day_of_week_operator.py
[2025-06-13T15:02:30.138+0000] {logging_mixin.py:188} INFO - [2025-06-13T15:02:30.138+0000] {dag.py:3096} INFO - Sync 1 DAGs
[2025-06-13T15:02:30.152+0000] {logging_mixin.py:188} INFO - [2025-06-13T15:02:30.152+0000] {dag.py:3954} INFO - Setting next_dagrun for example_weekday_branch_operator to 2025-06-12 00:00:00+00:00, run_after=2025-06-13 00:00:00+00:00
[2025-06-13T15:02:30.167+0000] {processor.py:183} INFO - Processing /home/airflow/.local/lib/python3.10/site-packages/airflow/example_dags/example_branch_day_of_week_operator.py took 0.052 seconds
[2025-06-13T15:03:00.906+0000] {processor.py:161} INFO - Started process (PID=2240) to work on /home/airflow/.local/lib/python3.10/site-packages/airflow/example_dags/example_branch_day_of_week_operator.py
[2025-06-13T15:03:00.911+0000] {processor.py:830} INFO - Processing file /home/airflow/.local/lib/python3.10/site-packages/airflow/example_dags/example_branch_day_of_week_operator.py for tasks to queue
[2025-06-13T15:03:00.913+0000] {logging_mixin.py:188} INFO - [2025-06-13T15:03:00.913+0000] {dagbag.py:540} INFO - Filling up the DagBag from /home/airflow/.local/lib/python3.10/site-packages/airflow/example_dags/example_branch_day_of_week_operator.py
[2025-06-13T15:03:00.918+0000] {processor.py:840} INFO - DAG(s) 'example_weekday_branch_operator' retrieved from /home/airflow/.local/lib/python3.10/site-packages/airflow/example_dags/example_branch_day_of_week_operator.py
[2025-06-13T15:03:00.943+0000] {logging_mixin.py:188} INFO - [2025-06-13T15:03:00.942+0000] {dag.py:3096} INFO - Sync 1 DAGs
[2025-06-13T15:03:00.965+0000] {logging_mixin.py:188} INFO - [2025-06-13T15:03:00.964+0000] {dag.py:3954} INFO - Setting next_dagrun for example_weekday_branch_operator to 2025-06-12 00:00:00+00:00, run_after=2025-06-13 00:00:00+00:00
[2025-06-13T15:03:00.979+0000] {processor.py:183} INFO - Processing /home/airflow/.local/lib/python3.10/site-packages/airflow/example_dags/example_branch_day_of_week_operator.py took 0.078 seconds
[2025-06-13T15:03:31.219+0000] {processor.py:161} INFO - Started process (PID=2300) to work on /home/airflow/.local/lib/python3.10/site-packages/airflow/example_dags/example_branch_day_of_week_operator.py
[2025-06-13T15:03:31.223+0000] {processor.py:830} INFO - Processing file /home/airflow/.local/lib/python3.10/site-packages/airflow/example_dags/example_branch_day_of_week_operator.py for tasks to queue
[2025-06-13T15:03:31.226+0000] {logging_mixin.py:188} INFO - [2025-06-13T15:03:31.225+0000] {dagbag.py:540} INFO - Filling up the DagBag from /home/airflow/.local/lib/python3.10/site-packages/airflow/example_dags/example_branch_day_of_week_operator.py
[2025-06-13T15:03:31.235+0000] {processor.py:840} INFO - DAG(s) 'example_weekday_branch_operator' retrieved from /home/airflow/.local/lib/python3.10/site-packages/airflow/example_dags/example_branch_day_of_week_operator.py
[2025-06-13T15:03:31.252+0000] {logging_mixin.py:188} INFO - [2025-06-13T15:03:31.252+0000] {dag.py:3096} INFO - Sync 1 DAGs
[2025-06-13T15:03:31.264+0000] {logging_mixin.py:188} INFO - [2025-06-13T15:03:31.264+0000] {dag.py:3954} INFO - Setting next_dagrun for example_weekday_branch_operator to 2025-06-12 00:00:00+00:00, run_after=2025-06-13 00:00:00+00:00
[2025-06-13T15:03:31.277+0000] {processor.py:183} INFO - Processing /home/airflow/.local/lib/python3.10/site-packages/airflow/example_dags/example_branch_day_of_week_operator.py took 0.063 seconds
[2025-06-13T15:04:02.343+0000] {processor.py:161} INFO - Started process (PID=2360) to work on /home/airflow/.local/lib/python3.10/site-packages/airflow/example_dags/example_branch_day_of_week_operator.py
[2025-06-13T15:04:02.344+0000] {processor.py:830} INFO - Processing file /home/airflow/.local/lib/python3.10/site-packages/airflow/example_dags/example_branch_day_of_week_operator.py for tasks to queue
[2025-06-13T15:04:02.345+0000] {logging_mixin.py:188} INFO - [2025-06-13T15:04:02.345+0000] {dagbag.py:540} INFO - Filling up the DagBag from /home/airflow/.local/lib/python3.10/site-packages/airflow/example_dags/example_branch_day_of_week_operator.py
[2025-06-13T15:04:02.350+0000] {processor.py:840} INFO - DAG(s) 'example_weekday_branch_operator' retrieved from /home/airflow/.local/lib/python3.10/site-packages/airflow/example_dags/example_branch_day_of_week_operator.py
[2025-06-13T15:04:02.365+0000] {logging_mixin.py:188} INFO - [2025-06-13T15:04:02.365+0000] {dag.py:3096} INFO - Sync 1 DAGs
[2025-06-13T15:04:02.376+0000] {logging_mixin.py:188} INFO - [2025-06-13T15:04:02.375+0000] {dag.py:3954} INFO - Setting next_dagrun for example_weekday_branch_operator to 2025-06-12 00:00:00+00:00, run_after=2025-06-13 00:00:00+00:00
[2025-06-13T15:04:02.384+0000] {processor.py:183} INFO - Processing /home/airflow/.local/lib/python3.10/site-packages/airflow/example_dags/example_branch_day_of_week_operator.py took 0.044 seconds
[2025-06-13T15:04:32.617+0000] {processor.py:161} INFO - Started process (PID=2420) to work on /home/airflow/.local/lib/python3.10/site-packages/airflow/example_dags/example_branch_day_of_week_operator.py
[2025-06-13T15:04:32.618+0000] {processor.py:830} INFO - Processing file /home/airflow/.local/lib/python3.10/site-packages/airflow/example_dags/example_branch_day_of_week_operator.py for tasks to queue
[2025-06-13T15:04:32.621+0000] {logging_mixin.py:188} INFO - [2025-06-13T15:04:32.621+0000] {dagbag.py:540} INFO - Filling up the DagBag from /home/airflow/.local/lib/python3.10/site-packages/airflow/example_dags/example_branch_day_of_week_operator.py
[2025-06-13T15:04:32.627+0000] {processor.py:840} INFO - DAG(s) 'example_weekday_branch_operator' retrieved from /home/airflow/.local/lib/python3.10/site-packages/airflow/example_dags/example_branch_day_of_week_operator.py
[2025-06-13T15:04:32.644+0000] {logging_mixin.py:188} INFO - [2025-06-13T15:04:32.644+0000] {dag.py:3096} INFO - Sync 1 DAGs
[2025-06-13T15:04:32.659+0000] {logging_mixin.py:188} INFO - [2025-06-13T15:04:32.659+0000] {dag.py:3954} INFO - Setting next_dagrun for example_weekday_branch_operator to 2025-06-12 00:00:00+00:00, run_after=2025-06-13 00:00:00+00:00
[2025-06-13T15:04:32.780+0000] {processor.py:183} INFO - Processing /home/airflow/.local/lib/python3.10/site-packages/airflow/example_dags/example_branch_day_of_week_operator.py took 0.168 seconds
[2025-06-13T15:05:03.155+0000] {processor.py:161} INFO - Started process (PID=2480) to work on /home/airflow/.local/lib/python3.10/site-packages/airflow/example_dags/example_branch_day_of_week_operator.py
[2025-06-13T15:05:03.156+0000] {processor.py:830} INFO - Processing file /home/airflow/.local/lib/python3.10/site-packages/airflow/example_dags/example_branch_day_of_week_operator.py for tasks to queue
[2025-06-13T15:05:03.157+0000] {logging_mixin.py:188} INFO - [2025-06-13T15:05:03.157+0000] {dagbag.py:540} INFO - Filling up the DagBag from /home/airflow/.local/lib/python3.10/site-packages/airflow/example_dags/example_branch_day_of_week_operator.py
[2025-06-13T15:05:03.162+0000] {processor.py:840} INFO - DAG(s) 'example_weekday_branch_operator' retrieved from /home/airflow/.local/lib/python3.10/site-packages/airflow/example_dags/example_branch_day_of_week_operator.py
[2025-06-13T15:05:03.174+0000] {logging_mixin.py:188} INFO - [2025-06-13T15:05:03.174+0000] {dag.py:3096} INFO - Sync 1 DAGs
[2025-06-13T15:05:03.187+0000] {logging_mixin.py:188} INFO - [2025-06-13T15:05:03.187+0000] {dag.py:3954} INFO - Setting next_dagrun for example_weekday_branch_operator to 2025-06-12 00:00:00+00:00, run_after=2025-06-13 00:00:00+00:00
[2025-06-13T15:05:03.298+0000] {processor.py:183} INFO - Processing /home/airflow/.local/lib/python3.10/site-packages/airflow/example_dags/example_branch_day_of_week_operator.py took 0.147 seconds
