[2025-06-13T14:33:23.925+0000] {processor.py:161} INFO - Started process (PID=54) to work on /home/airflow/.local/lib/python3.10/site-packages/airflow/example_dags/example_complex.py
[2025-06-13T14:33:23.926+0000] {processor.py:830} INFO - Processing file /home/airflow/.local/lib/python3.10/site-packages/airflow/example_dags/example_complex.py for tasks to queue
[2025-06-13T14:33:23.929+0000] {logging_mixin.py:188} INFO - [2025-06-13T14:33:23.928+0000] {dagbag.py:540} INFO - Filling up the DagBag from /home/airflow/.local/lib/python3.10/site-packages/airflow/example_dags/example_complex.py
[2025-06-13T14:33:23.942+0000] {processor.py:840} INFO - DAG(s) 'example_complex' retrieved from /home/airflow/.local/lib/python3.10/site-packages/airflow/example_dags/example_complex.py
[2025-06-13T14:33:23.966+0000] {logging_mixin.py:188} INFO - [2025-06-13T14:33:23.965+0000] {dag.py:3096} INFO - Sync 1 DAGs
[2025-06-13T14:33:23.986+0000] {logging_mixin.py:188} INFO - [2025-06-13T14:33:23.985+0000] {dag.py:3954} INFO - Setting next_dagrun for example_complex to None, run_after=None
[2025-06-13T14:33:24.012+0000] {processor.py:183} INFO - Processing /home/airflow/.local/lib/python3.10/site-packages/airflow/example_dags/example_complex.py took 0.092 seconds
[2025-06-13T14:33:54.336+0000] {processor.py:161} INFO - Started process (PID=111) to work on /home/airflow/.local/lib/python3.10/site-packages/airflow/example_dags/example_complex.py
[2025-06-13T14:33:54.338+0000] {processor.py:830} INFO - Processing file /home/airflow/.local/lib/python3.10/site-packages/airflow/example_dags/example_complex.py for tasks to queue
[2025-06-13T14:33:54.340+0000] {logging_mixin.py:188} INFO - [2025-06-13T14:33:54.339+0000] {dagbag.py:540} INFO - Filling up the DagBag from /home/airflow/.local/lib/python3.10/site-packages/airflow/example_dags/example_complex.py
[2025-06-13T14:33:54.347+0000] {processor.py:840} INFO - DAG(s) 'example_complex' retrieved from /home/airflow/.local/lib/python3.10/site-packages/airflow/example_dags/example_complex.py
[2025-06-13T14:33:54.402+0000] {logging_mixin.py:188} INFO - [2025-06-13T14:33:54.402+0000] {dag.py:3096} INFO - Sync 1 DAGs
[2025-06-13T14:33:54.408+0000] {logging_mixin.py:188} INFO - [2025-06-13T14:33:54.408+0000] {dag.py:3954} INFO - Setting next_dagrun for example_complex to None, run_after=None
[2025-06-13T14:33:54.422+0000] {processor.py:183} INFO - Processing /home/airflow/.local/lib/python3.10/site-packages/airflow/example_dags/example_complex.py took 0.089 seconds
[2025-06-13T14:34:25.233+0000] {processor.py:161} INFO - Started process (PID=169) to work on /home/airflow/.local/lib/python3.10/site-packages/airflow/example_dags/example_complex.py
[2025-06-13T14:34:25.233+0000] {processor.py:830} INFO - Processing file /home/airflow/.local/lib/python3.10/site-packages/airflow/example_dags/example_complex.py for tasks to queue
[2025-06-13T14:34:25.235+0000] {logging_mixin.py:188} INFO - [2025-06-13T14:34:25.234+0000] {dagbag.py:540} INFO - Filling up the DagBag from /home/airflow/.local/lib/python3.10/site-packages/airflow/example_dags/example_complex.py
[2025-06-13T14:34:25.240+0000] {processor.py:840} INFO - DAG(s) 'example_complex' retrieved from /home/airflow/.local/lib/python3.10/site-packages/airflow/example_dags/example_complex.py
[2025-06-13T14:34:25.262+0000] {logging_mixin.py:188} INFO - [2025-06-13T14:34:25.262+0000] {dag.py:3096} INFO - Sync 1 DAGs
[2025-06-13T14:34:25.269+0000] {logging_mixin.py:188} INFO - [2025-06-13T14:34:25.268+0000] {dag.py:3954} INFO - Setting next_dagrun for example_complex to None, run_after=None
[2025-06-13T14:34:25.277+0000] {processor.py:183} INFO - Processing /home/airflow/.local/lib/python3.10/site-packages/airflow/example_dags/example_complex.py took 0.048 seconds
[2025-06-13T14:34:55.666+0000] {processor.py:161} INFO - Started process (PID=227) to work on /home/airflow/.local/lib/python3.10/site-packages/airflow/example_dags/example_complex.py
[2025-06-13T14:34:55.667+0000] {processor.py:830} INFO - Processing file /home/airflow/.local/lib/python3.10/site-packages/airflow/example_dags/example_complex.py for tasks to queue
[2025-06-13T14:34:55.668+0000] {logging_mixin.py:188} INFO - [2025-06-13T14:34:55.668+0000] {dagbag.py:540} INFO - Filling up the DagBag from /home/airflow/.local/lib/python3.10/site-packages/airflow/example_dags/example_complex.py
[2025-06-13T14:34:55.673+0000] {processor.py:840} INFO - DAG(s) 'example_complex' retrieved from /home/airflow/.local/lib/python3.10/site-packages/airflow/example_dags/example_complex.py
[2025-06-13T14:34:55.687+0000] {logging_mixin.py:188} INFO - [2025-06-13T14:34:55.687+0000] {dag.py:3096} INFO - Sync 1 DAGs
[2025-06-13T14:34:55.692+0000] {logging_mixin.py:188} INFO - [2025-06-13T14:34:55.692+0000] {dag.py:3954} INFO - Setting next_dagrun for example_complex to None, run_after=None
[2025-06-13T14:34:55.700+0000] {processor.py:183} INFO - Processing /home/airflow/.local/lib/python3.10/site-packages/airflow/example_dags/example_complex.py took 0.037 seconds
[2025-06-13T14:35:26.271+0000] {processor.py:161} INFO - Started process (PID=285) to work on /home/airflow/.local/lib/python3.10/site-packages/airflow/example_dags/example_complex.py
[2025-06-13T14:35:26.272+0000] {processor.py:830} INFO - Processing file /home/airflow/.local/lib/python3.10/site-packages/airflow/example_dags/example_complex.py for tasks to queue
[2025-06-13T14:35:26.274+0000] {logging_mixin.py:188} INFO - [2025-06-13T14:35:26.274+0000] {dagbag.py:540} INFO - Filling up the DagBag from /home/airflow/.local/lib/python3.10/site-packages/airflow/example_dags/example_complex.py
[2025-06-13T14:35:26.285+0000] {processor.py:840} INFO - DAG(s) 'example_complex' retrieved from /home/airflow/.local/lib/python3.10/site-packages/airflow/example_dags/example_complex.py
[2025-06-13T14:35:26.311+0000] {logging_mixin.py:188} INFO - [2025-06-13T14:35:26.311+0000] {dag.py:3096} INFO - Sync 1 DAGs
[2025-06-13T14:35:26.329+0000] {logging_mixin.py:188} INFO - [2025-06-13T14:35:26.328+0000] {dag.py:3954} INFO - Setting next_dagrun for example_complex to None, run_after=None
[2025-06-13T14:35:26.347+0000] {processor.py:183} INFO - Processing /home/airflow/.local/lib/python3.10/site-packages/airflow/example_dags/example_complex.py took 0.084 seconds
[2025-06-13T14:35:57.262+0000] {processor.py:161} INFO - Started process (PID=343) to work on /home/airflow/.local/lib/python3.10/site-packages/airflow/example_dags/example_complex.py
[2025-06-13T14:35:57.269+0000] {processor.py:830} INFO - Processing file /home/airflow/.local/lib/python3.10/site-packages/airflow/example_dags/example_complex.py for tasks to queue
[2025-06-13T14:35:57.272+0000] {logging_mixin.py:188} INFO - [2025-06-13T14:35:57.271+0000] {dagbag.py:540} INFO - Filling up the DagBag from /home/airflow/.local/lib/python3.10/site-packages/airflow/example_dags/example_complex.py
[2025-06-13T14:35:57.281+0000] {processor.py:840} INFO - DAG(s) 'example_complex' retrieved from /home/airflow/.local/lib/python3.10/site-packages/airflow/example_dags/example_complex.py
[2025-06-13T14:35:57.311+0000] {logging_mixin.py:188} INFO - [2025-06-13T14:35:57.311+0000] {dag.py:3096} INFO - Sync 1 DAGs
[2025-06-13T14:35:57.322+0000] {logging_mixin.py:188} INFO - [2025-06-13T14:35:57.322+0000] {dag.py:3954} INFO - Setting next_dagrun for example_complex to None, run_after=None
[2025-06-13T14:35:57.361+0000] {processor.py:183} INFO - Processing /home/airflow/.local/lib/python3.10/site-packages/airflow/example_dags/example_complex.py took 0.112 seconds
[2025-06-13T14:36:28.379+0000] {processor.py:161} INFO - Started process (PID=407) to work on /home/airflow/.local/lib/python3.10/site-packages/airflow/example_dags/example_complex.py
[2025-06-13T14:36:28.380+0000] {processor.py:830} INFO - Processing file /home/airflow/.local/lib/python3.10/site-packages/airflow/example_dags/example_complex.py for tasks to queue
[2025-06-13T14:36:28.383+0000] {logging_mixin.py:188} INFO - [2025-06-13T14:36:28.383+0000] {dagbag.py:540} INFO - Filling up the DagBag from /home/airflow/.local/lib/python3.10/site-packages/airflow/example_dags/example_complex.py
[2025-06-13T14:36:28.391+0000] {processor.py:840} INFO - DAG(s) 'example_complex' retrieved from /home/airflow/.local/lib/python3.10/site-packages/airflow/example_dags/example_complex.py
[2025-06-13T14:36:28.414+0000] {logging_mixin.py:188} INFO - [2025-06-13T14:36:28.413+0000] {dag.py:3096} INFO - Sync 1 DAGs
[2025-06-13T14:36:28.421+0000] {logging_mixin.py:188} INFO - [2025-06-13T14:36:28.420+0000] {dag.py:3954} INFO - Setting next_dagrun for example_complex to None, run_after=None
[2025-06-13T14:36:28.434+0000] {processor.py:183} INFO - Processing /home/airflow/.local/lib/python3.10/site-packages/airflow/example_dags/example_complex.py took 0.060 seconds
[2025-06-13T14:36:58.811+0000] {processor.py:161} INFO - Started process (PID=465) to work on /home/airflow/.local/lib/python3.10/site-packages/airflow/example_dags/example_complex.py
[2025-06-13T14:36:58.813+0000] {processor.py:830} INFO - Processing file /home/airflow/.local/lib/python3.10/site-packages/airflow/example_dags/example_complex.py for tasks to queue
[2025-06-13T14:36:58.815+0000] {logging_mixin.py:188} INFO - [2025-06-13T14:36:58.815+0000] {dagbag.py:540} INFO - Filling up the DagBag from /home/airflow/.local/lib/python3.10/site-packages/airflow/example_dags/example_complex.py
[2025-06-13T14:36:58.821+0000] {processor.py:840} INFO - DAG(s) 'example_complex' retrieved from /home/airflow/.local/lib/python3.10/site-packages/airflow/example_dags/example_complex.py
[2025-06-13T14:36:58.842+0000] {logging_mixin.py:188} INFO - [2025-06-13T14:36:58.842+0000] {dag.py:3096} INFO - Sync 1 DAGs
[2025-06-13T14:36:58.849+0000] {logging_mixin.py:188} INFO - [2025-06-13T14:36:58.849+0000] {dag.py:3954} INFO - Setting next_dagrun for example_complex to None, run_after=None
[2025-06-13T14:36:58.868+0000] {processor.py:183} INFO - Processing /home/airflow/.local/lib/python3.10/site-packages/airflow/example_dags/example_complex.py took 0.062 seconds
[2025-06-13T14:37:29.413+0000] {processor.py:161} INFO - Started process (PID=523) to work on /home/airflow/.local/lib/python3.10/site-packages/airflow/example_dags/example_complex.py
[2025-06-13T14:37:29.414+0000] {processor.py:830} INFO - Processing file /home/airflow/.local/lib/python3.10/site-packages/airflow/example_dags/example_complex.py for tasks to queue
[2025-06-13T14:37:29.415+0000] {logging_mixin.py:188} INFO - [2025-06-13T14:37:29.415+0000] {dagbag.py:540} INFO - Filling up the DagBag from /home/airflow/.local/lib/python3.10/site-packages/airflow/example_dags/example_complex.py
[2025-06-13T14:37:29.421+0000] {processor.py:840} INFO - DAG(s) 'example_complex' retrieved from /home/airflow/.local/lib/python3.10/site-packages/airflow/example_dags/example_complex.py
[2025-06-13T14:37:29.442+0000] {logging_mixin.py:188} INFO - [2025-06-13T14:37:29.442+0000] {dag.py:3096} INFO - Sync 1 DAGs
[2025-06-13T14:37:29.448+0000] {logging_mixin.py:188} INFO - [2025-06-13T14:37:29.448+0000] {dag.py:3954} INFO - Setting next_dagrun for example_complex to None, run_after=None
[2025-06-13T14:37:29.457+0000] {processor.py:183} INFO - Processing /home/airflow/.local/lib/python3.10/site-packages/airflow/example_dags/example_complex.py took 0.049 seconds
[2025-06-13T14:37:59.806+0000] {processor.py:161} INFO - Started process (PID=581) to work on /home/airflow/.local/lib/python3.10/site-packages/airflow/example_dags/example_complex.py
[2025-06-13T14:37:59.807+0000] {processor.py:830} INFO - Processing file /home/airflow/.local/lib/python3.10/site-packages/airflow/example_dags/example_complex.py for tasks to queue
[2025-06-13T14:37:59.809+0000] {logging_mixin.py:188} INFO - [2025-06-13T14:37:59.809+0000] {dagbag.py:540} INFO - Filling up the DagBag from /home/airflow/.local/lib/python3.10/site-packages/airflow/example_dags/example_complex.py
[2025-06-13T14:37:59.816+0000] {processor.py:840} INFO - DAG(s) 'example_complex' retrieved from /home/airflow/.local/lib/python3.10/site-packages/airflow/example_dags/example_complex.py
[2025-06-13T14:37:59.837+0000] {logging_mixin.py:188} INFO - [2025-06-13T14:37:59.836+0000] {dag.py:3096} INFO - Sync 1 DAGs
[2025-06-13T14:37:59.844+0000] {logging_mixin.py:188} INFO - [2025-06-13T14:37:59.844+0000] {dag.py:3954} INFO - Setting next_dagrun for example_complex to None, run_after=None
[2025-06-13T14:37:59.860+0000] {processor.py:183} INFO - Processing /home/airflow/.local/lib/python3.10/site-packages/airflow/example_dags/example_complex.py took 0.060 seconds
[2025-06-13T14:38:30.336+0000] {processor.py:161} INFO - Started process (PID=641) to work on /home/airflow/.local/lib/python3.10/site-packages/airflow/example_dags/example_complex.py
[2025-06-13T14:38:30.338+0000] {processor.py:830} INFO - Processing file /home/airflow/.local/lib/python3.10/site-packages/airflow/example_dags/example_complex.py for tasks to queue
[2025-06-13T14:38:30.340+0000] {logging_mixin.py:188} INFO - [2025-06-13T14:38:30.340+0000] {dagbag.py:540} INFO - Filling up the DagBag from /home/airflow/.local/lib/python3.10/site-packages/airflow/example_dags/example_complex.py
[2025-06-13T14:38:30.348+0000] {processor.py:840} INFO - DAG(s) 'example_complex' retrieved from /home/airflow/.local/lib/python3.10/site-packages/airflow/example_dags/example_complex.py
[2025-06-13T14:38:30.382+0000] {logging_mixin.py:188} INFO - [2025-06-13T14:38:30.382+0000] {dag.py:3096} INFO - Sync 1 DAGs
[2025-06-13T14:38:30.393+0000] {logging_mixin.py:188} INFO - [2025-06-13T14:38:30.393+0000] {dag.py:3954} INFO - Setting next_dagrun for example_complex to None, run_after=None
[2025-06-13T14:38:30.429+0000] {processor.py:183} INFO - Processing /home/airflow/.local/lib/python3.10/site-packages/airflow/example_dags/example_complex.py took 0.099 seconds
[2025-06-13T14:39:01.369+0000] {processor.py:161} INFO - Started process (PID=701) to work on /home/airflow/.local/lib/python3.10/site-packages/airflow/example_dags/example_complex.py
[2025-06-13T14:39:01.370+0000] {processor.py:830} INFO - Processing file /home/airflow/.local/lib/python3.10/site-packages/airflow/example_dags/example_complex.py for tasks to queue
[2025-06-13T14:39:01.373+0000] {logging_mixin.py:188} INFO - [2025-06-13T14:39:01.372+0000] {dagbag.py:540} INFO - Filling up the DagBag from /home/airflow/.local/lib/python3.10/site-packages/airflow/example_dags/example_complex.py
[2025-06-13T14:39:01.380+0000] {processor.py:840} INFO - DAG(s) 'example_complex' retrieved from /home/airflow/.local/lib/python3.10/site-packages/airflow/example_dags/example_complex.py
[2025-06-13T14:39:01.419+0000] {logging_mixin.py:188} INFO - [2025-06-13T14:39:01.419+0000] {dag.py:3096} INFO - Sync 1 DAGs
[2025-06-13T14:39:01.434+0000] {logging_mixin.py:188} INFO - [2025-06-13T14:39:01.434+0000] {dag.py:3954} INFO - Setting next_dagrun for example_complex to None, run_after=None
[2025-06-13T14:39:01.451+0000] {processor.py:183} INFO - Processing /home/airflow/.local/lib/python3.10/site-packages/airflow/example_dags/example_complex.py took 0.086 seconds
[2025-06-13T14:39:32.226+0000] {processor.py:161} INFO - Started process (PID=761) to work on /home/airflow/.local/lib/python3.10/site-packages/airflow/example_dags/example_complex.py
[2025-06-13T14:39:32.228+0000] {processor.py:830} INFO - Processing file /home/airflow/.local/lib/python3.10/site-packages/airflow/example_dags/example_complex.py for tasks to queue
[2025-06-13T14:39:32.229+0000] {logging_mixin.py:188} INFO - [2025-06-13T14:39:32.229+0000] {dagbag.py:540} INFO - Filling up the DagBag from /home/airflow/.local/lib/python3.10/site-packages/airflow/example_dags/example_complex.py
[2025-06-13T14:39:32.239+0000] {processor.py:840} INFO - DAG(s) 'example_complex' retrieved from /home/airflow/.local/lib/python3.10/site-packages/airflow/example_dags/example_complex.py
[2025-06-13T14:39:32.274+0000] {logging_mixin.py:188} INFO - [2025-06-13T14:39:32.273+0000] {dag.py:3096} INFO - Sync 1 DAGs
[2025-06-13T14:39:32.292+0000] {logging_mixin.py:188} INFO - [2025-06-13T14:39:32.291+0000] {dag.py:3954} INFO - Setting next_dagrun for example_complex to None, run_after=None
[2025-06-13T14:39:32.317+0000] {processor.py:183} INFO - Processing /home/airflow/.local/lib/python3.10/site-packages/airflow/example_dags/example_complex.py took 0.103 seconds
[2025-06-13T14:40:02.737+0000] {processor.py:161} INFO - Started process (PID=821) to work on /home/airflow/.local/lib/python3.10/site-packages/airflow/example_dags/example_complex.py
[2025-06-13T14:40:02.737+0000] {processor.py:830} INFO - Processing file /home/airflow/.local/lib/python3.10/site-packages/airflow/example_dags/example_complex.py for tasks to queue
[2025-06-13T14:40:02.739+0000] {logging_mixin.py:188} INFO - [2025-06-13T14:40:02.738+0000] {dagbag.py:540} INFO - Filling up the DagBag from /home/airflow/.local/lib/python3.10/site-packages/airflow/example_dags/example_complex.py
[2025-06-13T14:40:02.749+0000] {processor.py:840} INFO - DAG(s) 'example_complex' retrieved from /home/airflow/.local/lib/python3.10/site-packages/airflow/example_dags/example_complex.py
[2025-06-13T14:40:02.776+0000] {logging_mixin.py:188} INFO - [2025-06-13T14:40:02.776+0000] {dag.py:3096} INFO - Sync 1 DAGs
[2025-06-13T14:40:02.786+0000] {logging_mixin.py:188} INFO - [2025-06-13T14:40:02.785+0000] {dag.py:3954} INFO - Setting next_dagrun for example_complex to None, run_after=None
[2025-06-13T14:40:02.796+0000] {processor.py:183} INFO - Processing /home/airflow/.local/lib/python3.10/site-packages/airflow/example_dags/example_complex.py took 0.062 seconds
[2025-06-13T14:40:33.707+0000] {processor.py:161} INFO - Started process (PID=881) to work on /home/airflow/.local/lib/python3.10/site-packages/airflow/example_dags/example_complex.py
[2025-06-13T14:40:33.710+0000] {processor.py:830} INFO - Processing file /home/airflow/.local/lib/python3.10/site-packages/airflow/example_dags/example_complex.py for tasks to queue
[2025-06-13T14:40:33.714+0000] {logging_mixin.py:188} INFO - [2025-06-13T14:40:33.713+0000] {dagbag.py:540} INFO - Filling up the DagBag from /home/airflow/.local/lib/python3.10/site-packages/airflow/example_dags/example_complex.py
[2025-06-13T14:40:33.721+0000] {processor.py:840} INFO - DAG(s) 'example_complex' retrieved from /home/airflow/.local/lib/python3.10/site-packages/airflow/example_dags/example_complex.py
[2025-06-13T14:40:33.740+0000] {logging_mixin.py:188} INFO - [2025-06-13T14:40:33.739+0000] {dag.py:3096} INFO - Sync 1 DAGs
[2025-06-13T14:40:33.747+0000] {logging_mixin.py:188} INFO - [2025-06-13T14:40:33.747+0000] {dag.py:3954} INFO - Setting next_dagrun for example_complex to None, run_after=None
[2025-06-13T14:40:33.759+0000] {processor.py:183} INFO - Processing /home/airflow/.local/lib/python3.10/site-packages/airflow/example_dags/example_complex.py took 0.055 seconds
[2025-06-13T14:41:04.385+0000] {processor.py:161} INFO - Started process (PID=941) to work on /home/airflow/.local/lib/python3.10/site-packages/airflow/example_dags/example_complex.py
[2025-06-13T14:41:04.386+0000] {processor.py:830} INFO - Processing file /home/airflow/.local/lib/python3.10/site-packages/airflow/example_dags/example_complex.py for tasks to queue
[2025-06-13T14:41:04.386+0000] {logging_mixin.py:188} INFO - [2025-06-13T14:41:04.386+0000] {dagbag.py:540} INFO - Filling up the DagBag from /home/airflow/.local/lib/python3.10/site-packages/airflow/example_dags/example_complex.py
[2025-06-13T14:41:04.392+0000] {processor.py:840} INFO - DAG(s) 'example_complex' retrieved from /home/airflow/.local/lib/python3.10/site-packages/airflow/example_dags/example_complex.py
[2025-06-13T14:41:04.426+0000] {logging_mixin.py:188} INFO - [2025-06-13T14:41:04.426+0000] {dag.py:3096} INFO - Sync 1 DAGs
[2025-06-13T14:41:04.438+0000] {logging_mixin.py:188} INFO - [2025-06-13T14:41:04.438+0000] {dag.py:3954} INFO - Setting next_dagrun for example_complex to None, run_after=None
[2025-06-13T14:41:04.453+0000] {processor.py:183} INFO - Processing /home/airflow/.local/lib/python3.10/site-packages/airflow/example_dags/example_complex.py took 0.072 seconds
[2025-06-13T14:41:34.655+0000] {processor.py:161} INFO - Started process (PID=1001) to work on /home/airflow/.local/lib/python3.10/site-packages/airflow/example_dags/example_complex.py
[2025-06-13T14:41:34.655+0000] {processor.py:830} INFO - Processing file /home/airflow/.local/lib/python3.10/site-packages/airflow/example_dags/example_complex.py for tasks to queue
[2025-06-13T14:41:34.657+0000] {logging_mixin.py:188} INFO - [2025-06-13T14:41:34.657+0000] {dagbag.py:540} INFO - Filling up the DagBag from /home/airflow/.local/lib/python3.10/site-packages/airflow/example_dags/example_complex.py
[2025-06-13T14:41:34.665+0000] {processor.py:840} INFO - DAG(s) 'example_complex' retrieved from /home/airflow/.local/lib/python3.10/site-packages/airflow/example_dags/example_complex.py
[2025-06-13T14:41:34.685+0000] {logging_mixin.py:188} INFO - [2025-06-13T14:41:34.685+0000] {dag.py:3096} INFO - Sync 1 DAGs
[2025-06-13T14:41:34.693+0000] {logging_mixin.py:188} INFO - [2025-06-13T14:41:34.693+0000] {dag.py:3954} INFO - Setting next_dagrun for example_complex to None, run_after=None
[2025-06-13T14:41:34.706+0000] {processor.py:183} INFO - Processing /home/airflow/.local/lib/python3.10/site-packages/airflow/example_dags/example_complex.py took 0.055 seconds
[2025-06-13T14:42:04.925+0000] {processor.py:161} INFO - Started process (PID=1060) to work on /home/airflow/.local/lib/python3.10/site-packages/airflow/example_dags/example_complex.py
[2025-06-13T14:42:04.929+0000] {processor.py:830} INFO - Processing file /home/airflow/.local/lib/python3.10/site-packages/airflow/example_dags/example_complex.py for tasks to queue
[2025-06-13T14:42:04.933+0000] {logging_mixin.py:188} INFO - [2025-06-13T14:42:04.932+0000] {dagbag.py:540} INFO - Filling up the DagBag from /home/airflow/.local/lib/python3.10/site-packages/airflow/example_dags/example_complex.py
[2025-06-13T14:42:04.943+0000] {processor.py:840} INFO - DAG(s) 'example_complex' retrieved from /home/airflow/.local/lib/python3.10/site-packages/airflow/example_dags/example_complex.py
[2025-06-13T14:42:04.968+0000] {logging_mixin.py:188} INFO - [2025-06-13T14:42:04.968+0000] {dag.py:3096} INFO - Sync 1 DAGs
[2025-06-13T14:42:04.975+0000] {logging_mixin.py:188} INFO - [2025-06-13T14:42:04.975+0000] {dag.py:3954} INFO - Setting next_dagrun for example_complex to None, run_after=None
[2025-06-13T14:42:04.988+0000] {processor.py:183} INFO - Processing /home/airflow/.local/lib/python3.10/site-packages/airflow/example_dags/example_complex.py took 0.071 seconds
[2025-06-13T14:42:36.154+0000] {processor.py:161} INFO - Started process (PID=1121) to work on /home/airflow/.local/lib/python3.10/site-packages/airflow/example_dags/example_complex.py
[2025-06-13T14:42:36.156+0000] {processor.py:830} INFO - Processing file /home/airflow/.local/lib/python3.10/site-packages/airflow/example_dags/example_complex.py for tasks to queue
[2025-06-13T14:42:36.161+0000] {logging_mixin.py:188} INFO - [2025-06-13T14:42:36.161+0000] {dagbag.py:540} INFO - Filling up the DagBag from /home/airflow/.local/lib/python3.10/site-packages/airflow/example_dags/example_complex.py
[2025-06-13T14:42:36.174+0000] {processor.py:840} INFO - DAG(s) 'example_complex' retrieved from /home/airflow/.local/lib/python3.10/site-packages/airflow/example_dags/example_complex.py
[2025-06-13T14:42:36.207+0000] {logging_mixin.py:188} INFO - [2025-06-13T14:42:36.207+0000] {dag.py:3096} INFO - Sync 1 DAGs
[2025-06-13T14:42:36.229+0000] {logging_mixin.py:188} INFO - [2025-06-13T14:42:36.229+0000] {dag.py:3954} INFO - Setting next_dagrun for example_complex to None, run_after=None
[2025-06-13T14:42:36.249+0000] {processor.py:183} INFO - Processing /home/airflow/.local/lib/python3.10/site-packages/airflow/example_dags/example_complex.py took 0.110 seconds
[2025-06-13T14:43:07.146+0000] {processor.py:161} INFO - Started process (PID=1181) to work on /home/airflow/.local/lib/python3.10/site-packages/airflow/example_dags/example_complex.py
[2025-06-13T14:43:07.147+0000] {processor.py:830} INFO - Processing file /home/airflow/.local/lib/python3.10/site-packages/airflow/example_dags/example_complex.py for tasks to queue
[2025-06-13T14:43:07.148+0000] {logging_mixin.py:188} INFO - [2025-06-13T14:43:07.148+0000] {dagbag.py:540} INFO - Filling up the DagBag from /home/airflow/.local/lib/python3.10/site-packages/airflow/example_dags/example_complex.py
[2025-06-13T14:43:07.155+0000] {processor.py:840} INFO - DAG(s) 'example_complex' retrieved from /home/airflow/.local/lib/python3.10/site-packages/airflow/example_dags/example_complex.py
[2025-06-13T14:43:07.180+0000] {logging_mixin.py:188} INFO - [2025-06-13T14:43:07.180+0000] {dag.py:3096} INFO - Sync 1 DAGs
[2025-06-13T14:43:07.190+0000] {logging_mixin.py:188} INFO - [2025-06-13T14:43:07.190+0000] {dag.py:3954} INFO - Setting next_dagrun for example_complex to None, run_after=None
[2025-06-13T14:43:07.209+0000] {processor.py:183} INFO - Processing /home/airflow/.local/lib/python3.10/site-packages/airflow/example_dags/example_complex.py took 0.068 seconds
[2025-06-13T14:44:42.686+0000] {processor.py:161} INFO - Started process (PID=72) to work on /home/airflow/.local/lib/python3.10/site-packages/airflow/example_dags/example_complex.py
[2025-06-13T14:44:42.687+0000] {processor.py:830} INFO - Processing file /home/airflow/.local/lib/python3.10/site-packages/airflow/example_dags/example_complex.py for tasks to queue
[2025-06-13T14:44:42.689+0000] {logging_mixin.py:188} INFO - [2025-06-13T14:44:42.689+0000] {dagbag.py:540} INFO - Filling up the DagBag from /home/airflow/.local/lib/python3.10/site-packages/airflow/example_dags/example_complex.py
[2025-06-13T14:44:42.701+0000] {processor.py:840} INFO - DAG(s) 'example_complex' retrieved from /home/airflow/.local/lib/python3.10/site-packages/airflow/example_dags/example_complex.py
[2025-06-13T14:44:42.707+0000] {logging_mixin.py:188} INFO - [2025-06-13T14:44:42.707+0000] {dag.py:3096} INFO - Sync 1 DAGs
[2025-06-13T14:44:42.714+0000] {logging_mixin.py:188} INFO - [2025-06-13T14:44:42.714+0000] {dag.py:3954} INFO - Setting next_dagrun for example_complex to None, run_after=None
[2025-06-13T14:44:42.727+0000] {processor.py:183} INFO - Processing /home/airflow/.local/lib/python3.10/site-packages/airflow/example_dags/example_complex.py took 0.045 seconds
[2025-06-13T14:45:13.790+0000] {processor.py:161} INFO - Started process (PID=132) to work on /home/airflow/.local/lib/python3.10/site-packages/airflow/example_dags/example_complex.py
[2025-06-13T14:45:13.791+0000] {processor.py:830} INFO - Processing file /home/airflow/.local/lib/python3.10/site-packages/airflow/example_dags/example_complex.py for tasks to queue
[2025-06-13T14:45:13.793+0000] {logging_mixin.py:188} INFO - [2025-06-13T14:45:13.793+0000] {dagbag.py:540} INFO - Filling up the DagBag from /home/airflow/.local/lib/python3.10/site-packages/airflow/example_dags/example_complex.py
[2025-06-13T14:45:13.801+0000] {processor.py:840} INFO - DAG(s) 'example_complex' retrieved from /home/airflow/.local/lib/python3.10/site-packages/airflow/example_dags/example_complex.py
[2025-06-13T14:45:13.853+0000] {logging_mixin.py:188} INFO - [2025-06-13T14:45:13.853+0000] {dag.py:3096} INFO - Sync 1 DAGs
[2025-06-13T14:45:13.862+0000] {logging_mixin.py:188} INFO - [2025-06-13T14:45:13.862+0000] {dag.py:3954} INFO - Setting next_dagrun for example_complex to None, run_after=None
[2025-06-13T14:45:13.878+0000] {processor.py:183} INFO - Processing /home/airflow/.local/lib/python3.10/site-packages/airflow/example_dags/example_complex.py took 0.091 seconds
[2025-06-13T14:45:44.312+0000] {processor.py:161} INFO - Started process (PID=204) to work on /home/airflow/.local/lib/python3.10/site-packages/airflow/example_dags/example_complex.py
[2025-06-13T14:45:44.315+0000] {processor.py:830} INFO - Processing file /home/airflow/.local/lib/python3.10/site-packages/airflow/example_dags/example_complex.py for tasks to queue
[2025-06-13T14:45:44.318+0000] {logging_mixin.py:188} INFO - [2025-06-13T14:45:44.318+0000] {dagbag.py:540} INFO - Filling up the DagBag from /home/airflow/.local/lib/python3.10/site-packages/airflow/example_dags/example_complex.py
[2025-06-13T14:45:44.328+0000] {processor.py:840} INFO - DAG(s) 'example_complex' retrieved from /home/airflow/.local/lib/python3.10/site-packages/airflow/example_dags/example_complex.py
[2025-06-13T14:45:44.359+0000] {logging_mixin.py:188} INFO - [2025-06-13T14:45:44.359+0000] {dag.py:3096} INFO - Sync 1 DAGs
[2025-06-13T14:45:44.369+0000] {logging_mixin.py:188} INFO - [2025-06-13T14:45:44.369+0000] {dag.py:3954} INFO - Setting next_dagrun for example_complex to None, run_after=None
[2025-06-13T14:45:44.380+0000] {processor.py:183} INFO - Processing /home/airflow/.local/lib/python3.10/site-packages/airflow/example_dags/example_complex.py took 0.073 seconds
[2025-06-13T14:46:15.290+0000] {processor.py:161} INFO - Started process (PID=270) to work on /home/airflow/.local/lib/python3.10/site-packages/airflow/example_dags/example_complex.py
[2025-06-13T14:46:15.292+0000] {processor.py:830} INFO - Processing file /home/airflow/.local/lib/python3.10/site-packages/airflow/example_dags/example_complex.py for tasks to queue
[2025-06-13T14:46:15.297+0000] {logging_mixin.py:188} INFO - [2025-06-13T14:46:15.296+0000] {dagbag.py:540} INFO - Filling up the DagBag from /home/airflow/.local/lib/python3.10/site-packages/airflow/example_dags/example_complex.py
[2025-06-13T14:46:15.309+0000] {processor.py:840} INFO - DAG(s) 'example_complex' retrieved from /home/airflow/.local/lib/python3.10/site-packages/airflow/example_dags/example_complex.py
[2025-06-13T14:46:15.337+0000] {logging_mixin.py:188} INFO - [2025-06-13T14:46:15.337+0000] {dag.py:3096} INFO - Sync 1 DAGs
[2025-06-13T14:46:15.345+0000] {logging_mixin.py:188} INFO - [2025-06-13T14:46:15.345+0000] {dag.py:3954} INFO - Setting next_dagrun for example_complex to None, run_after=None
[2025-06-13T14:46:15.360+0000] {processor.py:183} INFO - Processing /home/airflow/.local/lib/python3.10/site-packages/airflow/example_dags/example_complex.py took 0.074 seconds
[2025-06-13T14:46:46.016+0000] {processor.py:161} INFO - Started process (PID=330) to work on /home/airflow/.local/lib/python3.10/site-packages/airflow/example_dags/example_complex.py
[2025-06-13T14:46:46.018+0000] {processor.py:830} INFO - Processing file /home/airflow/.local/lib/python3.10/site-packages/airflow/example_dags/example_complex.py for tasks to queue
[2025-06-13T14:46:46.020+0000] {logging_mixin.py:188} INFO - [2025-06-13T14:46:46.019+0000] {dagbag.py:540} INFO - Filling up the DagBag from /home/airflow/.local/lib/python3.10/site-packages/airflow/example_dags/example_complex.py
[2025-06-13T14:46:46.026+0000] {processor.py:840} INFO - DAG(s) 'example_complex' retrieved from /home/airflow/.local/lib/python3.10/site-packages/airflow/example_dags/example_complex.py
[2025-06-13T14:46:46.044+0000] {logging_mixin.py:188} INFO - [2025-06-13T14:46:46.044+0000] {dag.py:3096} INFO - Sync 1 DAGs
[2025-06-13T14:46:46.054+0000] {logging_mixin.py:188} INFO - [2025-06-13T14:46:46.054+0000] {dag.py:3954} INFO - Setting next_dagrun for example_complex to None, run_after=None
[2025-06-13T14:46:46.069+0000] {processor.py:183} INFO - Processing /home/airflow/.local/lib/python3.10/site-packages/airflow/example_dags/example_complex.py took 0.057 seconds
[2025-06-13T14:47:17.608+0000] {processor.py:161} INFO - Started process (PID=390) to work on /home/airflow/.local/lib/python3.10/site-packages/airflow/example_dags/example_complex.py
[2025-06-13T14:47:17.611+0000] {processor.py:830} INFO - Processing file /home/airflow/.local/lib/python3.10/site-packages/airflow/example_dags/example_complex.py for tasks to queue
[2025-06-13T14:47:17.612+0000] {logging_mixin.py:188} INFO - [2025-06-13T14:47:17.612+0000] {dagbag.py:540} INFO - Filling up the DagBag from /home/airflow/.local/lib/python3.10/site-packages/airflow/example_dags/example_complex.py
[2025-06-13T14:47:17.617+0000] {processor.py:840} INFO - DAG(s) 'example_complex' retrieved from /home/airflow/.local/lib/python3.10/site-packages/airflow/example_dags/example_complex.py
[2025-06-13T14:47:17.636+0000] {logging_mixin.py:188} INFO - [2025-06-13T14:47:17.635+0000] {dag.py:3096} INFO - Sync 1 DAGs
[2025-06-13T14:47:17.645+0000] {logging_mixin.py:188} INFO - [2025-06-13T14:47:17.645+0000] {dag.py:3954} INFO - Setting next_dagrun for example_complex to None, run_after=None
[2025-06-13T14:47:17.660+0000] {processor.py:183} INFO - Processing /home/airflow/.local/lib/python3.10/site-packages/airflow/example_dags/example_complex.py took 0.055 seconds
[2025-06-13T14:47:48.770+0000] {processor.py:161} INFO - Started process (PID=450) to work on /home/airflow/.local/lib/python3.10/site-packages/airflow/example_dags/example_complex.py
[2025-06-13T14:47:48.771+0000] {processor.py:830} INFO - Processing file /home/airflow/.local/lib/python3.10/site-packages/airflow/example_dags/example_complex.py for tasks to queue
[2025-06-13T14:47:48.773+0000] {logging_mixin.py:188} INFO - [2025-06-13T14:47:48.773+0000] {dagbag.py:540} INFO - Filling up the DagBag from /home/airflow/.local/lib/python3.10/site-packages/airflow/example_dags/example_complex.py
[2025-06-13T14:47:48.778+0000] {processor.py:840} INFO - DAG(s) 'example_complex' retrieved from /home/airflow/.local/lib/python3.10/site-packages/airflow/example_dags/example_complex.py
[2025-06-13T14:47:48.802+0000] {logging_mixin.py:188} INFO - [2025-06-13T14:47:48.802+0000] {dag.py:3096} INFO - Sync 1 DAGs
[2025-06-13T14:47:48.808+0000] {logging_mixin.py:188} INFO - [2025-06-13T14:47:48.808+0000] {dag.py:3954} INFO - Setting next_dagrun for example_complex to None, run_after=None
[2025-06-13T14:47:48.820+0000] {processor.py:183} INFO - Processing /home/airflow/.local/lib/python3.10/site-packages/airflow/example_dags/example_complex.py took 0.054 seconds
[2025-06-13T14:48:19.363+0000] {processor.py:161} INFO - Started process (PID=510) to work on /home/airflow/.local/lib/python3.10/site-packages/airflow/example_dags/example_complex.py
[2025-06-13T14:48:19.364+0000] {processor.py:830} INFO - Processing file /home/airflow/.local/lib/python3.10/site-packages/airflow/example_dags/example_complex.py for tasks to queue
[2025-06-13T14:48:19.366+0000] {logging_mixin.py:188} INFO - [2025-06-13T14:48:19.366+0000] {dagbag.py:540} INFO - Filling up the DagBag from /home/airflow/.local/lib/python3.10/site-packages/airflow/example_dags/example_complex.py
[2025-06-13T14:48:19.374+0000] {processor.py:840} INFO - DAG(s) 'example_complex' retrieved from /home/airflow/.local/lib/python3.10/site-packages/airflow/example_dags/example_complex.py
[2025-06-13T14:48:19.444+0000] {logging_mixin.py:188} INFO - [2025-06-13T14:48:19.444+0000] {dag.py:3096} INFO - Sync 1 DAGs
[2025-06-13T14:48:19.456+0000] {logging_mixin.py:188} INFO - [2025-06-13T14:48:19.455+0000] {dag.py:3954} INFO - Setting next_dagrun for example_complex to None, run_after=None
[2025-06-13T14:48:19.471+0000] {processor.py:183} INFO - Processing /home/airflow/.local/lib/python3.10/site-packages/airflow/example_dags/example_complex.py took 0.115 seconds
[2025-06-13T14:48:49.757+0000] {processor.py:161} INFO - Started process (PID=570) to work on /home/airflow/.local/lib/python3.10/site-packages/airflow/example_dags/example_complex.py
[2025-06-13T14:48:49.758+0000] {processor.py:830} INFO - Processing file /home/airflow/.local/lib/python3.10/site-packages/airflow/example_dags/example_complex.py for tasks to queue
[2025-06-13T14:48:49.759+0000] {logging_mixin.py:188} INFO - [2025-06-13T14:48:49.759+0000] {dagbag.py:540} INFO - Filling up the DagBag from /home/airflow/.local/lib/python3.10/site-packages/airflow/example_dags/example_complex.py
[2025-06-13T14:48:49.766+0000] {processor.py:840} INFO - DAG(s) 'example_complex' retrieved from /home/airflow/.local/lib/python3.10/site-packages/airflow/example_dags/example_complex.py
[2025-06-13T14:48:49.786+0000] {logging_mixin.py:188} INFO - [2025-06-13T14:48:49.785+0000] {dag.py:3096} INFO - Sync 1 DAGs
[2025-06-13T14:48:49.805+0000] {logging_mixin.py:188} INFO - [2025-06-13T14:48:49.805+0000] {dag.py:3954} INFO - Setting next_dagrun for example_complex to None, run_after=None
[2025-06-13T14:48:49.825+0000] {processor.py:183} INFO - Processing /home/airflow/.local/lib/python3.10/site-packages/airflow/example_dags/example_complex.py took 0.073 seconds
[2025-06-13T14:49:20.250+0000] {processor.py:161} INFO - Started process (PID=628) to work on /home/airflow/.local/lib/python3.10/site-packages/airflow/example_dags/example_complex.py
[2025-06-13T14:49:20.252+0000] {processor.py:830} INFO - Processing file /home/airflow/.local/lib/python3.10/site-packages/airflow/example_dags/example_complex.py for tasks to queue
[2025-06-13T14:49:20.253+0000] {logging_mixin.py:188} INFO - [2025-06-13T14:49:20.253+0000] {dagbag.py:540} INFO - Filling up the DagBag from /home/airflow/.local/lib/python3.10/site-packages/airflow/example_dags/example_complex.py
[2025-06-13T14:49:20.259+0000] {processor.py:840} INFO - DAG(s) 'example_complex' retrieved from /home/airflow/.local/lib/python3.10/site-packages/airflow/example_dags/example_complex.py
[2025-06-13T14:49:20.276+0000] {logging_mixin.py:188} INFO - [2025-06-13T14:49:20.276+0000] {dag.py:3096} INFO - Sync 1 DAGs
[2025-06-13T14:49:20.282+0000] {logging_mixin.py:188} INFO - [2025-06-13T14:49:20.282+0000] {dag.py:3954} INFO - Setting next_dagrun for example_complex to None, run_after=None
[2025-06-13T14:49:20.298+0000] {processor.py:183} INFO - Processing /home/airflow/.local/lib/python3.10/site-packages/airflow/example_dags/example_complex.py took 0.053 seconds
[2025-06-13T14:49:50.679+0000] {processor.py:161} INFO - Started process (PID=688) to work on /home/airflow/.local/lib/python3.10/site-packages/airflow/example_dags/example_complex.py
[2025-06-13T14:49:50.681+0000] {processor.py:830} INFO - Processing file /home/airflow/.local/lib/python3.10/site-packages/airflow/example_dags/example_complex.py for tasks to queue
[2025-06-13T14:49:50.682+0000] {logging_mixin.py:188} INFO - [2025-06-13T14:49:50.682+0000] {dagbag.py:540} INFO - Filling up the DagBag from /home/airflow/.local/lib/python3.10/site-packages/airflow/example_dags/example_complex.py
[2025-06-13T14:49:50.690+0000] {processor.py:840} INFO - DAG(s) 'example_complex' retrieved from /home/airflow/.local/lib/python3.10/site-packages/airflow/example_dags/example_complex.py
[2025-06-13T14:49:50.707+0000] {logging_mixin.py:188} INFO - [2025-06-13T14:49:50.707+0000] {dag.py:3096} INFO - Sync 1 DAGs
[2025-06-13T14:49:50.714+0000] {logging_mixin.py:188} INFO - [2025-06-13T14:49:50.714+0000] {dag.py:3954} INFO - Setting next_dagrun for example_complex to None, run_after=None
[2025-06-13T14:49:50.724+0000] {processor.py:183} INFO - Processing /home/airflow/.local/lib/python3.10/site-packages/airflow/example_dags/example_complex.py took 0.049 seconds
[2025-06-13T14:50:21.132+0000] {processor.py:161} INFO - Started process (PID=748) to work on /home/airflow/.local/lib/python3.10/site-packages/airflow/example_dags/example_complex.py
[2025-06-13T14:50:21.134+0000] {processor.py:830} INFO - Processing file /home/airflow/.local/lib/python3.10/site-packages/airflow/example_dags/example_complex.py for tasks to queue
[2025-06-13T14:50:21.135+0000] {logging_mixin.py:188} INFO - [2025-06-13T14:50:21.135+0000] {dagbag.py:540} INFO - Filling up the DagBag from /home/airflow/.local/lib/python3.10/site-packages/airflow/example_dags/example_complex.py
[2025-06-13T14:50:21.141+0000] {processor.py:840} INFO - DAG(s) 'example_complex' retrieved from /home/airflow/.local/lib/python3.10/site-packages/airflow/example_dags/example_complex.py
[2025-06-13T14:50:21.157+0000] {logging_mixin.py:188} INFO - [2025-06-13T14:50:21.157+0000] {dag.py:3096} INFO - Sync 1 DAGs
[2025-06-13T14:50:21.163+0000] {logging_mixin.py:188} INFO - [2025-06-13T14:50:21.163+0000] {dag.py:3954} INFO - Setting next_dagrun for example_complex to None, run_after=None
[2025-06-13T14:50:21.177+0000] {processor.py:183} INFO - Processing /home/airflow/.local/lib/python3.10/site-packages/airflow/example_dags/example_complex.py took 0.049 seconds
[2025-06-13T14:50:51.610+0000] {processor.py:161} INFO - Started process (PID=808) to work on /home/airflow/.local/lib/python3.10/site-packages/airflow/example_dags/example_complex.py
[2025-06-13T14:50:51.611+0000] {processor.py:830} INFO - Processing file /home/airflow/.local/lib/python3.10/site-packages/airflow/example_dags/example_complex.py for tasks to queue
[2025-06-13T14:50:51.613+0000] {logging_mixin.py:188} INFO - [2025-06-13T14:50:51.613+0000] {dagbag.py:540} INFO - Filling up the DagBag from /home/airflow/.local/lib/python3.10/site-packages/airflow/example_dags/example_complex.py
[2025-06-13T14:50:51.627+0000] {processor.py:840} INFO - DAG(s) 'example_complex' retrieved from /home/airflow/.local/lib/python3.10/site-packages/airflow/example_dags/example_complex.py
[2025-06-13T14:50:51.650+0000] {logging_mixin.py:188} INFO - [2025-06-13T14:50:51.650+0000] {dag.py:3096} INFO - Sync 1 DAGs
[2025-06-13T14:50:51.657+0000] {logging_mixin.py:188} INFO - [2025-06-13T14:50:51.657+0000] {dag.py:3954} INFO - Setting next_dagrun for example_complex to None, run_after=None
[2025-06-13T14:50:51.667+0000] {processor.py:183} INFO - Processing /home/airflow/.local/lib/python3.10/site-packages/airflow/example_dags/example_complex.py took 0.061 seconds
[2025-06-13T14:51:22.386+0000] {processor.py:161} INFO - Started process (PID=868) to work on /home/airflow/.local/lib/python3.10/site-packages/airflow/example_dags/example_complex.py
[2025-06-13T14:51:22.387+0000] {processor.py:830} INFO - Processing file /home/airflow/.local/lib/python3.10/site-packages/airflow/example_dags/example_complex.py for tasks to queue
[2025-06-13T14:51:22.389+0000] {logging_mixin.py:188} INFO - [2025-06-13T14:51:22.389+0000] {dagbag.py:540} INFO - Filling up the DagBag from /home/airflow/.local/lib/python3.10/site-packages/airflow/example_dags/example_complex.py
[2025-06-13T14:51:22.397+0000] {processor.py:840} INFO - DAG(s) 'example_complex' retrieved from /home/airflow/.local/lib/python3.10/site-packages/airflow/example_dags/example_complex.py
[2025-06-13T14:51:22.414+0000] {logging_mixin.py:188} INFO - [2025-06-13T14:51:22.414+0000] {dag.py:3096} INFO - Sync 1 DAGs
[2025-06-13T14:51:22.420+0000] {logging_mixin.py:188} INFO - [2025-06-13T14:51:22.420+0000] {dag.py:3954} INFO - Setting next_dagrun for example_complex to None, run_after=None
[2025-06-13T14:51:22.429+0000] {processor.py:183} INFO - Processing /home/airflow/.local/lib/python3.10/site-packages/airflow/example_dags/example_complex.py took 0.055 seconds
[2025-06-13T14:51:53.217+0000] {processor.py:161} INFO - Started process (PID=928) to work on /home/airflow/.local/lib/python3.10/site-packages/airflow/example_dags/example_complex.py
[2025-06-13T14:51:53.218+0000] {processor.py:830} INFO - Processing file /home/airflow/.local/lib/python3.10/site-packages/airflow/example_dags/example_complex.py for tasks to queue
[2025-06-13T14:51:53.222+0000] {logging_mixin.py:188} INFO - [2025-06-13T14:51:53.221+0000] {dagbag.py:540} INFO - Filling up the DagBag from /home/airflow/.local/lib/python3.10/site-packages/airflow/example_dags/example_complex.py
[2025-06-13T14:51:53.228+0000] {processor.py:840} INFO - DAG(s) 'example_complex' retrieved from /home/airflow/.local/lib/python3.10/site-packages/airflow/example_dags/example_complex.py
[2025-06-13T14:51:53.247+0000] {logging_mixin.py:188} INFO - [2025-06-13T14:51:53.246+0000] {dag.py:3096} INFO - Sync 1 DAGs
[2025-06-13T14:51:53.256+0000] {logging_mixin.py:188} INFO - [2025-06-13T14:51:53.255+0000] {dag.py:3954} INFO - Setting next_dagrun for example_complex to None, run_after=None
[2025-06-13T14:51:53.266+0000] {processor.py:183} INFO - Processing /home/airflow/.local/lib/python3.10/site-packages/airflow/example_dags/example_complex.py took 0.052 seconds
[2025-06-13T14:52:23.539+0000] {processor.py:161} INFO - Started process (PID=988) to work on /home/airflow/.local/lib/python3.10/site-packages/airflow/example_dags/example_complex.py
[2025-06-13T14:52:23.540+0000] {processor.py:830} INFO - Processing file /home/airflow/.local/lib/python3.10/site-packages/airflow/example_dags/example_complex.py for tasks to queue
[2025-06-13T14:52:23.542+0000] {logging_mixin.py:188} INFO - [2025-06-13T14:52:23.542+0000] {dagbag.py:540} INFO - Filling up the DagBag from /home/airflow/.local/lib/python3.10/site-packages/airflow/example_dags/example_complex.py
[2025-06-13T14:52:23.548+0000] {processor.py:840} INFO - DAG(s) 'example_complex' retrieved from /home/airflow/.local/lib/python3.10/site-packages/airflow/example_dags/example_complex.py
[2025-06-13T14:52:23.566+0000] {logging_mixin.py:188} INFO - [2025-06-13T14:52:23.566+0000] {dag.py:3096} INFO - Sync 1 DAGs
[2025-06-13T14:52:23.572+0000] {logging_mixin.py:188} INFO - [2025-06-13T14:52:23.572+0000] {dag.py:3954} INFO - Setting next_dagrun for example_complex to None, run_after=None
[2025-06-13T14:52:23.585+0000] {processor.py:183} INFO - Processing /home/airflow/.local/lib/python3.10/site-packages/airflow/example_dags/example_complex.py took 0.049 seconds
[2025-06-13T14:52:53.810+0000] {processor.py:161} INFO - Started process (PID=1048) to work on /home/airflow/.local/lib/python3.10/site-packages/airflow/example_dags/example_complex.py
[2025-06-13T14:52:53.816+0000] {processor.py:830} INFO - Processing file /home/airflow/.local/lib/python3.10/site-packages/airflow/example_dags/example_complex.py for tasks to queue
[2025-06-13T14:52:53.817+0000] {logging_mixin.py:188} INFO - [2025-06-13T14:52:53.817+0000] {dagbag.py:540} INFO - Filling up the DagBag from /home/airflow/.local/lib/python3.10/site-packages/airflow/example_dags/example_complex.py
[2025-06-13T14:52:53.824+0000] {processor.py:840} INFO - DAG(s) 'example_complex' retrieved from /home/airflow/.local/lib/python3.10/site-packages/airflow/example_dags/example_complex.py
[2025-06-13T14:52:53.845+0000] {logging_mixin.py:188} INFO - [2025-06-13T14:52:53.845+0000] {dag.py:3096} INFO - Sync 1 DAGs
[2025-06-13T14:52:53.853+0000] {logging_mixin.py:188} INFO - [2025-06-13T14:52:53.853+0000] {dag.py:3954} INFO - Setting next_dagrun for example_complex to None, run_after=None
[2025-06-13T14:52:53.865+0000] {processor.py:183} INFO - Processing /home/airflow/.local/lib/python3.10/site-packages/airflow/example_dags/example_complex.py took 0.069 seconds
[2025-06-13T14:53:24.241+0000] {processor.py:161} INFO - Started process (PID=1108) to work on /home/airflow/.local/lib/python3.10/site-packages/airflow/example_dags/example_complex.py
[2025-06-13T14:53:24.241+0000] {processor.py:830} INFO - Processing file /home/airflow/.local/lib/python3.10/site-packages/airflow/example_dags/example_complex.py for tasks to queue
[2025-06-13T14:53:24.243+0000] {logging_mixin.py:188} INFO - [2025-06-13T14:53:24.242+0000] {dagbag.py:540} INFO - Filling up the DagBag from /home/airflow/.local/lib/python3.10/site-packages/airflow/example_dags/example_complex.py
[2025-06-13T14:53:24.250+0000] {processor.py:840} INFO - DAG(s) 'example_complex' retrieved from /home/airflow/.local/lib/python3.10/site-packages/airflow/example_dags/example_complex.py
[2025-06-13T14:53:24.272+0000] {logging_mixin.py:188} INFO - [2025-06-13T14:53:24.272+0000] {dag.py:3096} INFO - Sync 1 DAGs
[2025-06-13T14:53:24.282+0000] {logging_mixin.py:188} INFO - [2025-06-13T14:53:24.282+0000] {dag.py:3954} INFO - Setting next_dagrun for example_complex to None, run_after=None
[2025-06-13T14:53:24.301+0000] {processor.py:183} INFO - Processing /home/airflow/.local/lib/python3.10/site-packages/airflow/example_dags/example_complex.py took 0.064 seconds
[2025-06-13T14:53:54.990+0000] {processor.py:161} INFO - Started process (PID=1168) to work on /home/airflow/.local/lib/python3.10/site-packages/airflow/example_dags/example_complex.py
[2025-06-13T14:53:54.992+0000] {processor.py:830} INFO - Processing file /home/airflow/.local/lib/python3.10/site-packages/airflow/example_dags/example_complex.py for tasks to queue
[2025-06-13T14:53:54.993+0000] {logging_mixin.py:188} INFO - [2025-06-13T14:53:54.993+0000] {dagbag.py:540} INFO - Filling up the DagBag from /home/airflow/.local/lib/python3.10/site-packages/airflow/example_dags/example_complex.py
[2025-06-13T14:53:55.001+0000] {processor.py:840} INFO - DAG(s) 'example_complex' retrieved from /home/airflow/.local/lib/python3.10/site-packages/airflow/example_dags/example_complex.py
[2025-06-13T14:53:55.024+0000] {logging_mixin.py:188} INFO - [2025-06-13T14:53:55.024+0000] {dag.py:3096} INFO - Sync 1 DAGs
[2025-06-13T14:53:55.034+0000] {logging_mixin.py:188} INFO - [2025-06-13T14:53:55.034+0000] {dag.py:3954} INFO - Setting next_dagrun for example_complex to None, run_after=None
[2025-06-13T14:53:55.063+0000] {processor.py:183} INFO - Processing /home/airflow/.local/lib/python3.10/site-packages/airflow/example_dags/example_complex.py took 0.079 seconds
[2025-06-13T14:54:25.690+0000] {processor.py:161} INFO - Started process (PID=1228) to work on /home/airflow/.local/lib/python3.10/site-packages/airflow/example_dags/example_complex.py
[2025-06-13T14:54:25.694+0000] {processor.py:830} INFO - Processing file /home/airflow/.local/lib/python3.10/site-packages/airflow/example_dags/example_complex.py for tasks to queue
[2025-06-13T14:54:25.695+0000] {logging_mixin.py:188} INFO - [2025-06-13T14:54:25.695+0000] {dagbag.py:540} INFO - Filling up the DagBag from /home/airflow/.local/lib/python3.10/site-packages/airflow/example_dags/example_complex.py
[2025-06-13T14:54:25.701+0000] {processor.py:840} INFO - DAG(s) 'example_complex' retrieved from /home/airflow/.local/lib/python3.10/site-packages/airflow/example_dags/example_complex.py
[2025-06-13T14:54:25.719+0000] {logging_mixin.py:188} INFO - [2025-06-13T14:54:25.719+0000] {dag.py:3096} INFO - Sync 1 DAGs
[2025-06-13T14:54:25.725+0000] {logging_mixin.py:188} INFO - [2025-06-13T14:54:25.725+0000] {dag.py:3954} INFO - Setting next_dagrun for example_complex to None, run_after=None
[2025-06-13T14:54:25.735+0000] {processor.py:183} INFO - Processing /home/airflow/.local/lib/python3.10/site-packages/airflow/example_dags/example_complex.py took 0.048 seconds
[2025-06-13T14:54:55.788+0000] {processor.py:161} INFO - Started process (PID=1288) to work on /home/airflow/.local/lib/python3.10/site-packages/airflow/example_dags/example_complex.py
[2025-06-13T14:54:55.788+0000] {processor.py:830} INFO - Processing file /home/airflow/.local/lib/python3.10/site-packages/airflow/example_dags/example_complex.py for tasks to queue
[2025-06-13T14:54:55.789+0000] {logging_mixin.py:188} INFO - [2025-06-13T14:54:55.789+0000] {dagbag.py:540} INFO - Filling up the DagBag from /home/airflow/.local/lib/python3.10/site-packages/airflow/example_dags/example_complex.py
[2025-06-13T14:54:55.795+0000] {processor.py:840} INFO - DAG(s) 'example_complex' retrieved from /home/airflow/.local/lib/python3.10/site-packages/airflow/example_dags/example_complex.py
[2025-06-13T14:54:55.816+0000] {logging_mixin.py:188} INFO - [2025-06-13T14:54:55.815+0000] {dag.py:3096} INFO - Sync 1 DAGs
[2025-06-13T14:54:55.822+0000] {logging_mixin.py:188} INFO - [2025-06-13T14:54:55.822+0000] {dag.py:3954} INFO - Setting next_dagrun for example_complex to None, run_after=None
[2025-06-13T14:54:55.832+0000] {processor.py:183} INFO - Processing /home/airflow/.local/lib/python3.10/site-packages/airflow/example_dags/example_complex.py took 0.048 seconds
[2025-06-13T14:55:26.369+0000] {processor.py:161} INFO - Started process (PID=1348) to work on /home/airflow/.local/lib/python3.10/site-packages/airflow/example_dags/example_complex.py
[2025-06-13T14:55:26.370+0000] {processor.py:830} INFO - Processing file /home/airflow/.local/lib/python3.10/site-packages/airflow/example_dags/example_complex.py for tasks to queue
[2025-06-13T14:55:26.371+0000] {logging_mixin.py:188} INFO - [2025-06-13T14:55:26.371+0000] {dagbag.py:540} INFO - Filling up the DagBag from /home/airflow/.local/lib/python3.10/site-packages/airflow/example_dags/example_complex.py
[2025-06-13T14:55:26.378+0000] {processor.py:840} INFO - DAG(s) 'example_complex' retrieved from /home/airflow/.local/lib/python3.10/site-packages/airflow/example_dags/example_complex.py
[2025-06-13T14:55:26.417+0000] {logging_mixin.py:188} INFO - [2025-06-13T14:55:26.417+0000] {dag.py:3096} INFO - Sync 1 DAGs
[2025-06-13T14:55:26.426+0000] {logging_mixin.py:188} INFO - [2025-06-13T14:55:26.426+0000] {dag.py:3954} INFO - Setting next_dagrun for example_complex to None, run_after=None
[2025-06-13T14:55:26.436+0000] {processor.py:183} INFO - Processing /home/airflow/.local/lib/python3.10/site-packages/airflow/example_dags/example_complex.py took 0.072 seconds
[2025-06-13T14:55:56.502+0000] {processor.py:161} INFO - Started process (PID=1408) to work on /home/airflow/.local/lib/python3.10/site-packages/airflow/example_dags/example_complex.py
[2025-06-13T14:55:56.503+0000] {processor.py:830} INFO - Processing file /home/airflow/.local/lib/python3.10/site-packages/airflow/example_dags/example_complex.py for tasks to queue
[2025-06-13T14:55:56.504+0000] {logging_mixin.py:188} INFO - [2025-06-13T14:55:56.504+0000] {dagbag.py:540} INFO - Filling up the DagBag from /home/airflow/.local/lib/python3.10/site-packages/airflow/example_dags/example_complex.py
[2025-06-13T14:55:56.510+0000] {processor.py:840} INFO - DAG(s) 'example_complex' retrieved from /home/airflow/.local/lib/python3.10/site-packages/airflow/example_dags/example_complex.py
[2025-06-13T14:55:56.532+0000] {logging_mixin.py:188} INFO - [2025-06-13T14:55:56.532+0000] {dag.py:3096} INFO - Sync 1 DAGs
[2025-06-13T14:55:56.542+0000] {logging_mixin.py:188} INFO - [2025-06-13T14:55:56.542+0000] {dag.py:3954} INFO - Setting next_dagrun for example_complex to None, run_after=None
[2025-06-13T14:55:56.558+0000] {processor.py:183} INFO - Processing /home/airflow/.local/lib/python3.10/site-packages/airflow/example_dags/example_complex.py took 0.061 seconds
[2025-06-13T14:56:26.833+0000] {processor.py:161} INFO - Started process (PID=1467) to work on /home/airflow/.local/lib/python3.10/site-packages/airflow/example_dags/example_complex.py
[2025-06-13T14:56:26.835+0000] {processor.py:830} INFO - Processing file /home/airflow/.local/lib/python3.10/site-packages/airflow/example_dags/example_complex.py for tasks to queue
[2025-06-13T14:56:26.836+0000] {logging_mixin.py:188} INFO - [2025-06-13T14:56:26.836+0000] {dagbag.py:540} INFO - Filling up the DagBag from /home/airflow/.local/lib/python3.10/site-packages/airflow/example_dags/example_complex.py
[2025-06-13T14:56:26.842+0000] {processor.py:840} INFO - DAG(s) 'example_complex' retrieved from /home/airflow/.local/lib/python3.10/site-packages/airflow/example_dags/example_complex.py
[2025-06-13T14:56:26.858+0000] {logging_mixin.py:188} INFO - [2025-06-13T14:56:26.858+0000] {dag.py:3096} INFO - Sync 1 DAGs
[2025-06-13T14:56:26.865+0000] {logging_mixin.py:188} INFO - [2025-06-13T14:56:26.865+0000] {dag.py:3954} INFO - Setting next_dagrun for example_complex to None, run_after=None
[2025-06-13T14:56:26.876+0000] {processor.py:183} INFO - Processing /home/airflow/.local/lib/python3.10/site-packages/airflow/example_dags/example_complex.py took 0.049 seconds
[2025-06-13T14:56:56.987+0000] {processor.py:161} INFO - Started process (PID=1527) to work on /home/airflow/.local/lib/python3.10/site-packages/airflow/example_dags/example_complex.py
[2025-06-13T14:56:56.990+0000] {processor.py:830} INFO - Processing file /home/airflow/.local/lib/python3.10/site-packages/airflow/example_dags/example_complex.py for tasks to queue
[2025-06-13T14:56:56.997+0000] {logging_mixin.py:188} INFO - [2025-06-13T14:56:56.996+0000] {dagbag.py:540} INFO - Filling up the DagBag from /home/airflow/.local/lib/python3.10/site-packages/airflow/example_dags/example_complex.py
[2025-06-13T14:56:57.014+0000] {processor.py:840} INFO - DAG(s) 'example_complex' retrieved from /home/airflow/.local/lib/python3.10/site-packages/airflow/example_dags/example_complex.py
[2025-06-13T14:56:57.039+0000] {logging_mixin.py:188} INFO - [2025-06-13T14:56:57.039+0000] {dag.py:3096} INFO - Sync 1 DAGs
[2025-06-13T14:56:57.047+0000] {logging_mixin.py:188} INFO - [2025-06-13T14:56:57.047+0000] {dag.py:3954} INFO - Setting next_dagrun for example_complex to None, run_after=None
[2025-06-13T14:56:57.065+0000] {processor.py:183} INFO - Processing /home/airflow/.local/lib/python3.10/site-packages/airflow/example_dags/example_complex.py took 0.083 seconds
[2025-06-13T14:57:28.211+0000] {processor.py:161} INFO - Started process (PID=1588) to work on /home/airflow/.local/lib/python3.10/site-packages/airflow/example_dags/example_complex.py
[2025-06-13T14:57:28.213+0000] {processor.py:830} INFO - Processing file /home/airflow/.local/lib/python3.10/site-packages/airflow/example_dags/example_complex.py for tasks to queue
[2025-06-13T14:57:28.216+0000] {logging_mixin.py:188} INFO - [2025-06-13T14:57:28.215+0000] {dagbag.py:540} INFO - Filling up the DagBag from /home/airflow/.local/lib/python3.10/site-packages/airflow/example_dags/example_complex.py
[2025-06-13T14:57:28.223+0000] {processor.py:840} INFO - DAG(s) 'example_complex' retrieved from /home/airflow/.local/lib/python3.10/site-packages/airflow/example_dags/example_complex.py
[2025-06-13T14:57:28.260+0000] {logging_mixin.py:188} INFO - [2025-06-13T14:57:28.259+0000] {dag.py:3096} INFO - Sync 1 DAGs
[2025-06-13T14:57:28.291+0000] {logging_mixin.py:188} INFO - [2025-06-13T14:57:28.291+0000] {dag.py:3954} INFO - Setting next_dagrun for example_complex to None, run_after=None
[2025-06-13T14:57:28.309+0000] {processor.py:183} INFO - Processing /home/airflow/.local/lib/python3.10/site-packages/airflow/example_dags/example_complex.py took 0.103 seconds
[2025-06-13T14:57:58.945+0000] {processor.py:161} INFO - Started process (PID=1648) to work on /home/airflow/.local/lib/python3.10/site-packages/airflow/example_dags/example_complex.py
[2025-06-13T14:57:58.946+0000] {processor.py:830} INFO - Processing file /home/airflow/.local/lib/python3.10/site-packages/airflow/example_dags/example_complex.py for tasks to queue
[2025-06-13T14:57:58.949+0000] {logging_mixin.py:188} INFO - [2025-06-13T14:57:58.949+0000] {dagbag.py:540} INFO - Filling up the DagBag from /home/airflow/.local/lib/python3.10/site-packages/airflow/example_dags/example_complex.py
[2025-06-13T14:57:58.956+0000] {processor.py:840} INFO - DAG(s) 'example_complex' retrieved from /home/airflow/.local/lib/python3.10/site-packages/airflow/example_dags/example_complex.py
[2025-06-13T14:57:58.987+0000] {logging_mixin.py:188} INFO - [2025-06-13T14:57:58.987+0000] {dag.py:3096} INFO - Sync 1 DAGs
[2025-06-13T14:57:58.997+0000] {logging_mixin.py:188} INFO - [2025-06-13T14:57:58.997+0000] {dag.py:3954} INFO - Setting next_dagrun for example_complex to None, run_after=None
[2025-06-13T14:57:59.019+0000] {processor.py:183} INFO - Processing /home/airflow/.local/lib/python3.10/site-packages/airflow/example_dags/example_complex.py took 0.078 seconds
[2025-06-13T14:58:30.071+0000] {processor.py:161} INFO - Started process (PID=1708) to work on /home/airflow/.local/lib/python3.10/site-packages/airflow/example_dags/example_complex.py
[2025-06-13T14:58:30.074+0000] {processor.py:830} INFO - Processing file /home/airflow/.local/lib/python3.10/site-packages/airflow/example_dags/example_complex.py for tasks to queue
[2025-06-13T14:58:30.076+0000] {logging_mixin.py:188} INFO - [2025-06-13T14:58:30.076+0000] {dagbag.py:540} INFO - Filling up the DagBag from /home/airflow/.local/lib/python3.10/site-packages/airflow/example_dags/example_complex.py
[2025-06-13T14:58:30.092+0000] {processor.py:840} INFO - DAG(s) 'example_complex' retrieved from /home/airflow/.local/lib/python3.10/site-packages/airflow/example_dags/example_complex.py
[2025-06-13T14:58:30.133+0000] {logging_mixin.py:188} INFO - [2025-06-13T14:58:30.133+0000] {dag.py:3096} INFO - Sync 1 DAGs
[2025-06-13T14:58:30.144+0000] {logging_mixin.py:188} INFO - [2025-06-13T14:58:30.144+0000] {dag.py:3954} INFO - Setting next_dagrun for example_complex to None, run_after=None
[2025-06-13T14:58:30.160+0000] {processor.py:183} INFO - Processing /home/airflow/.local/lib/python3.10/site-packages/airflow/example_dags/example_complex.py took 0.106 seconds
[2025-06-13T14:59:01.161+0000] {processor.py:161} INFO - Started process (PID=1768) to work on /home/airflow/.local/lib/python3.10/site-packages/airflow/example_dags/example_complex.py
[2025-06-13T14:59:01.166+0000] {processor.py:830} INFO - Processing file /home/airflow/.local/lib/python3.10/site-packages/airflow/example_dags/example_complex.py for tasks to queue
[2025-06-13T14:59:01.170+0000] {logging_mixin.py:188} INFO - [2025-06-13T14:59:01.169+0000] {dagbag.py:540} INFO - Filling up the DagBag from /home/airflow/.local/lib/python3.10/site-packages/airflow/example_dags/example_complex.py
[2025-06-13T14:59:01.179+0000] {processor.py:840} INFO - DAG(s) 'example_complex' retrieved from /home/airflow/.local/lib/python3.10/site-packages/airflow/example_dags/example_complex.py
[2025-06-13T14:59:01.199+0000] {logging_mixin.py:188} INFO - [2025-06-13T14:59:01.199+0000] {dag.py:3096} INFO - Sync 1 DAGs
[2025-06-13T14:59:01.207+0000] {logging_mixin.py:188} INFO - [2025-06-13T14:59:01.207+0000] {dag.py:3954} INFO - Setting next_dagrun for example_complex to None, run_after=None
[2025-06-13T14:59:01.217+0000] {processor.py:183} INFO - Processing /home/airflow/.local/lib/python3.10/site-packages/airflow/example_dags/example_complex.py took 0.064 seconds
[2025-06-13T14:59:31.453+0000] {processor.py:161} INFO - Started process (PID=1828) to work on /home/airflow/.local/lib/python3.10/site-packages/airflow/example_dags/example_complex.py
[2025-06-13T14:59:31.461+0000] {processor.py:830} INFO - Processing file /home/airflow/.local/lib/python3.10/site-packages/airflow/example_dags/example_complex.py for tasks to queue
[2025-06-13T14:59:31.462+0000] {logging_mixin.py:188} INFO - [2025-06-13T14:59:31.462+0000] {dagbag.py:540} INFO - Filling up the DagBag from /home/airflow/.local/lib/python3.10/site-packages/airflow/example_dags/example_complex.py
[2025-06-13T14:59:31.470+0000] {processor.py:840} INFO - DAG(s) 'example_complex' retrieved from /home/airflow/.local/lib/python3.10/site-packages/airflow/example_dags/example_complex.py
[2025-06-13T14:59:31.491+0000] {logging_mixin.py:188} INFO - [2025-06-13T14:59:31.491+0000] {dag.py:3096} INFO - Sync 1 DAGs
[2025-06-13T14:59:31.498+0000] {logging_mixin.py:188} INFO - [2025-06-13T14:59:31.498+0000] {dag.py:3954} INFO - Setting next_dagrun for example_complex to None, run_after=None
[2025-06-13T14:59:31.507+0000] {processor.py:183} INFO - Processing /home/airflow/.local/lib/python3.10/site-packages/airflow/example_dags/example_complex.py took 0.061 seconds
[2025-06-13T15:00:02.268+0000] {processor.py:161} INFO - Started process (PID=1888) to work on /home/airflow/.local/lib/python3.10/site-packages/airflow/example_dags/example_complex.py
[2025-06-13T15:00:02.274+0000] {processor.py:830} INFO - Processing file /home/airflow/.local/lib/python3.10/site-packages/airflow/example_dags/example_complex.py for tasks to queue
[2025-06-13T15:00:02.276+0000] {logging_mixin.py:188} INFO - [2025-06-13T15:00:02.276+0000] {dagbag.py:540} INFO - Filling up the DagBag from /home/airflow/.local/lib/python3.10/site-packages/airflow/example_dags/example_complex.py
[2025-06-13T15:00:02.287+0000] {processor.py:840} INFO - DAG(s) 'example_complex' retrieved from /home/airflow/.local/lib/python3.10/site-packages/airflow/example_dags/example_complex.py
[2025-06-13T15:00:02.323+0000] {logging_mixin.py:188} INFO - [2025-06-13T15:00:02.323+0000] {dag.py:3096} INFO - Sync 1 DAGs
[2025-06-13T15:00:02.330+0000] {logging_mixin.py:188} INFO - [2025-06-13T15:00:02.330+0000] {dag.py:3954} INFO - Setting next_dagrun for example_complex to None, run_after=None
[2025-06-13T15:00:02.343+0000] {processor.py:183} INFO - Processing /home/airflow/.local/lib/python3.10/site-packages/airflow/example_dags/example_complex.py took 0.082 seconds
[2025-06-13T15:00:32.670+0000] {processor.py:161} INFO - Started process (PID=1947) to work on /home/airflow/.local/lib/python3.10/site-packages/airflow/example_dags/example_complex.py
[2025-06-13T15:00:32.671+0000] {processor.py:830} INFO - Processing file /home/airflow/.local/lib/python3.10/site-packages/airflow/example_dags/example_complex.py for tasks to queue
[2025-06-13T15:00:32.676+0000] {logging_mixin.py:188} INFO - [2025-06-13T15:00:32.675+0000] {dagbag.py:540} INFO - Filling up the DagBag from /home/airflow/.local/lib/python3.10/site-packages/airflow/example_dags/example_complex.py
[2025-06-13T15:00:32.686+0000] {processor.py:840} INFO - DAG(s) 'example_complex' retrieved from /home/airflow/.local/lib/python3.10/site-packages/airflow/example_dags/example_complex.py
[2025-06-13T15:00:32.714+0000] {logging_mixin.py:188} INFO - [2025-06-13T15:00:32.713+0000] {dag.py:3096} INFO - Sync 1 DAGs
[2025-06-13T15:00:32.727+0000] {logging_mixin.py:188} INFO - [2025-06-13T15:00:32.726+0000] {dag.py:3954} INFO - Setting next_dagrun for example_complex to None, run_after=None
[2025-06-13T15:00:32.745+0000] {processor.py:183} INFO - Processing /home/airflow/.local/lib/python3.10/site-packages/airflow/example_dags/example_complex.py took 0.091 seconds
[2025-06-13T15:01:03.393+0000] {processor.py:161} INFO - Started process (PID=2008) to work on /home/airflow/.local/lib/python3.10/site-packages/airflow/example_dags/example_complex.py
[2025-06-13T15:01:03.395+0000] {processor.py:830} INFO - Processing file /home/airflow/.local/lib/python3.10/site-packages/airflow/example_dags/example_complex.py for tasks to queue
[2025-06-13T15:01:03.399+0000] {logging_mixin.py:188} INFO - [2025-06-13T15:01:03.398+0000] {dagbag.py:540} INFO - Filling up the DagBag from /home/airflow/.local/lib/python3.10/site-packages/airflow/example_dags/example_complex.py
[2025-06-13T15:01:03.410+0000] {processor.py:840} INFO - DAG(s) 'example_complex' retrieved from /home/airflow/.local/lib/python3.10/site-packages/airflow/example_dags/example_complex.py
[2025-06-13T15:01:03.444+0000] {logging_mixin.py:188} INFO - [2025-06-13T15:01:03.444+0000] {dag.py:3096} INFO - Sync 1 DAGs
[2025-06-13T15:01:03.452+0000] {logging_mixin.py:188} INFO - [2025-06-13T15:01:03.452+0000] {dag.py:3954} INFO - Setting next_dagrun for example_complex to None, run_after=None
[2025-06-13T15:01:03.467+0000] {processor.py:183} INFO - Processing /home/airflow/.local/lib/python3.10/site-packages/airflow/example_dags/example_complex.py took 0.082 seconds
[2025-06-13T15:01:33.781+0000] {processor.py:161} INFO - Started process (PID=2068) to work on /home/airflow/.local/lib/python3.10/site-packages/airflow/example_dags/example_complex.py
[2025-06-13T15:01:33.784+0000] {processor.py:830} INFO - Processing file /home/airflow/.local/lib/python3.10/site-packages/airflow/example_dags/example_complex.py for tasks to queue
[2025-06-13T15:01:33.786+0000] {logging_mixin.py:188} INFO - [2025-06-13T15:01:33.786+0000] {dagbag.py:540} INFO - Filling up the DagBag from /home/airflow/.local/lib/python3.10/site-packages/airflow/example_dags/example_complex.py
[2025-06-13T15:01:33.797+0000] {processor.py:840} INFO - DAG(s) 'example_complex' retrieved from /home/airflow/.local/lib/python3.10/site-packages/airflow/example_dags/example_complex.py
[2025-06-13T15:01:33.822+0000] {logging_mixin.py:188} INFO - [2025-06-13T15:01:33.822+0000] {dag.py:3096} INFO - Sync 1 DAGs
[2025-06-13T15:01:33.829+0000] {logging_mixin.py:188} INFO - [2025-06-13T15:01:33.829+0000] {dag.py:3954} INFO - Setting next_dagrun for example_complex to None, run_after=None
[2025-06-13T15:01:33.843+0000] {processor.py:183} INFO - Processing /home/airflow/.local/lib/python3.10/site-packages/airflow/example_dags/example_complex.py took 0.070 seconds
[2025-06-13T15:02:04.131+0000] {processor.py:161} INFO - Started process (PID=2127) to work on /home/airflow/.local/lib/python3.10/site-packages/airflow/example_dags/example_complex.py
[2025-06-13T15:02:04.134+0000] {processor.py:830} INFO - Processing file /home/airflow/.local/lib/python3.10/site-packages/airflow/example_dags/example_complex.py for tasks to queue
[2025-06-13T15:02:04.139+0000] {logging_mixin.py:188} INFO - [2025-06-13T15:02:04.138+0000] {dagbag.py:540} INFO - Filling up the DagBag from /home/airflow/.local/lib/python3.10/site-packages/airflow/example_dags/example_complex.py
[2025-06-13T15:02:04.155+0000] {processor.py:840} INFO - DAG(s) 'example_complex' retrieved from /home/airflow/.local/lib/python3.10/site-packages/airflow/example_dags/example_complex.py
[2025-06-13T15:02:04.178+0000] {logging_mixin.py:188} INFO - [2025-06-13T15:02:04.178+0000] {dag.py:3096} INFO - Sync 1 DAGs
[2025-06-13T15:02:04.187+0000] {logging_mixin.py:188} INFO - [2025-06-13T15:02:04.187+0000] {dag.py:3954} INFO - Setting next_dagrun for example_complex to None, run_after=None
[2025-06-13T15:02:04.199+0000] {processor.py:183} INFO - Processing /home/airflow/.local/lib/python3.10/site-packages/airflow/example_dags/example_complex.py took 0.081 seconds
[2025-06-13T15:02:34.575+0000] {processor.py:161} INFO - Started process (PID=2187) to work on /home/airflow/.local/lib/python3.10/site-packages/airflow/example_dags/example_complex.py
[2025-06-13T15:02:34.604+0000] {processor.py:830} INFO - Processing file /home/airflow/.local/lib/python3.10/site-packages/airflow/example_dags/example_complex.py for tasks to queue
[2025-06-13T15:02:34.619+0000] {logging_mixin.py:188} INFO - [2025-06-13T15:02:34.619+0000] {dagbag.py:540} INFO - Filling up the DagBag from /home/airflow/.local/lib/python3.10/site-packages/airflow/example_dags/example_complex.py
[2025-06-13T15:02:34.634+0000] {processor.py:840} INFO - DAG(s) 'example_complex' retrieved from /home/airflow/.local/lib/python3.10/site-packages/airflow/example_dags/example_complex.py
[2025-06-13T15:02:34.676+0000] {logging_mixin.py:188} INFO - [2025-06-13T15:02:34.675+0000] {dag.py:3096} INFO - Sync 1 DAGs
[2025-06-13T15:02:34.688+0000] {logging_mixin.py:188} INFO - [2025-06-13T15:02:34.687+0000] {dag.py:3954} INFO - Setting next_dagrun for example_complex to None, run_after=None
[2025-06-13T15:02:34.707+0000] {processor.py:183} INFO - Processing /home/airflow/.local/lib/python3.10/site-packages/airflow/example_dags/example_complex.py took 0.169 seconds
[2025-06-13T15:03:05.285+0000] {processor.py:161} INFO - Started process (PID=2247) to work on /home/airflow/.local/lib/python3.10/site-packages/airflow/example_dags/example_complex.py
[2025-06-13T15:03:05.297+0000] {processor.py:830} INFO - Processing file /home/airflow/.local/lib/python3.10/site-packages/airflow/example_dags/example_complex.py for tasks to queue
[2025-06-13T15:03:05.313+0000] {logging_mixin.py:188} INFO - [2025-06-13T15:03:05.312+0000] {dagbag.py:540} INFO - Filling up the DagBag from /home/airflow/.local/lib/python3.10/site-packages/airflow/example_dags/example_complex.py
[2025-06-13T15:03:05.337+0000] {processor.py:840} INFO - DAG(s) 'example_complex' retrieved from /home/airflow/.local/lib/python3.10/site-packages/airflow/example_dags/example_complex.py
[2025-06-13T15:03:05.370+0000] {logging_mixin.py:188} INFO - [2025-06-13T15:03:05.370+0000] {dag.py:3096} INFO - Sync 1 DAGs
[2025-06-13T15:03:05.385+0000] {logging_mixin.py:188} INFO - [2025-06-13T15:03:05.385+0000] {dag.py:3954} INFO - Setting next_dagrun for example_complex to None, run_after=None
[2025-06-13T15:03:05.404+0000] {processor.py:183} INFO - Processing /home/airflow/.local/lib/python3.10/site-packages/airflow/example_dags/example_complex.py took 0.161 seconds
[2025-06-13T15:03:35.556+0000] {processor.py:161} INFO - Started process (PID=2307) to work on /home/airflow/.local/lib/python3.10/site-packages/airflow/example_dags/example_complex.py
[2025-06-13T15:03:35.558+0000] {processor.py:830} INFO - Processing file /home/airflow/.local/lib/python3.10/site-packages/airflow/example_dags/example_complex.py for tasks to queue
[2025-06-13T15:03:35.560+0000] {logging_mixin.py:188} INFO - [2025-06-13T15:03:35.560+0000] {dagbag.py:540} INFO - Filling up the DagBag from /home/airflow/.local/lib/python3.10/site-packages/airflow/example_dags/example_complex.py
[2025-06-13T15:03:35.574+0000] {processor.py:840} INFO - DAG(s) 'example_complex' retrieved from /home/airflow/.local/lib/python3.10/site-packages/airflow/example_dags/example_complex.py
[2025-06-13T15:03:35.599+0000] {logging_mixin.py:188} INFO - [2025-06-13T15:03:35.599+0000] {dag.py:3096} INFO - Sync 1 DAGs
[2025-06-13T15:03:35.606+0000] {logging_mixin.py:188} INFO - [2025-06-13T15:03:35.606+0000] {dag.py:3954} INFO - Setting next_dagrun for example_complex to None, run_after=None
[2025-06-13T15:03:35.621+0000] {processor.py:183} INFO - Processing /home/airflow/.local/lib/python3.10/site-packages/airflow/example_dags/example_complex.py took 0.075 seconds
[2025-06-13T15:04:05.890+0000] {processor.py:161} INFO - Started process (PID=2367) to work on /home/airflow/.local/lib/python3.10/site-packages/airflow/example_dags/example_complex.py
[2025-06-13T15:04:05.892+0000] {processor.py:830} INFO - Processing file /home/airflow/.local/lib/python3.10/site-packages/airflow/example_dags/example_complex.py for tasks to queue
[2025-06-13T15:04:05.897+0000] {logging_mixin.py:188} INFO - [2025-06-13T15:04:05.896+0000] {dagbag.py:540} INFO - Filling up the DagBag from /home/airflow/.local/lib/python3.10/site-packages/airflow/example_dags/example_complex.py
[2025-06-13T15:04:05.911+0000] {processor.py:840} INFO - DAG(s) 'example_complex' retrieved from /home/airflow/.local/lib/python3.10/site-packages/airflow/example_dags/example_complex.py
[2025-06-13T15:04:05.963+0000] {logging_mixin.py:188} INFO - [2025-06-13T15:04:05.963+0000] {dag.py:3096} INFO - Sync 1 DAGs
[2025-06-13T15:04:05.983+0000] {logging_mixin.py:188} INFO - [2025-06-13T15:04:05.982+0000] {dag.py:3954} INFO - Setting next_dagrun for example_complex to None, run_after=None
[2025-06-13T15:04:06.026+0000] {processor.py:183} INFO - Processing /home/airflow/.local/lib/python3.10/site-packages/airflow/example_dags/example_complex.py took 0.160 seconds
[2025-06-13T15:04:36.365+0000] {processor.py:161} INFO - Started process (PID=2427) to work on /home/airflow/.local/lib/python3.10/site-packages/airflow/example_dags/example_complex.py
[2025-06-13T15:04:36.368+0000] {processor.py:830} INFO - Processing file /home/airflow/.local/lib/python3.10/site-packages/airflow/example_dags/example_complex.py for tasks to queue
[2025-06-13T15:04:36.371+0000] {logging_mixin.py:188} INFO - [2025-06-13T15:04:36.371+0000] {dagbag.py:540} INFO - Filling up the DagBag from /home/airflow/.local/lib/python3.10/site-packages/airflow/example_dags/example_complex.py
[2025-06-13T15:04:36.389+0000] {processor.py:840} INFO - DAG(s) 'example_complex' retrieved from /home/airflow/.local/lib/python3.10/site-packages/airflow/example_dags/example_complex.py
[2025-06-13T15:04:36.422+0000] {logging_mixin.py:188} INFO - [2025-06-13T15:04:36.422+0000] {dag.py:3096} INFO - Sync 1 DAGs
[2025-06-13T15:04:36.566+0000] {logging_mixin.py:188} INFO - [2025-06-13T15:04:36.566+0000] {dag.py:3954} INFO - Setting next_dagrun for example_complex to None, run_after=None
[2025-06-13T15:04:36.581+0000] {processor.py:183} INFO - Processing /home/airflow/.local/lib/python3.10/site-packages/airflow/example_dags/example_complex.py took 0.228 seconds
[2025-06-13T15:05:07.300+0000] {processor.py:161} INFO - Started process (PID=2487) to work on /home/airflow/.local/lib/python3.10/site-packages/airflow/example_dags/example_complex.py
[2025-06-13T15:05:07.303+0000] {processor.py:830} INFO - Processing file /home/airflow/.local/lib/python3.10/site-packages/airflow/example_dags/example_complex.py for tasks to queue
[2025-06-13T15:05:07.309+0000] {logging_mixin.py:188} INFO - [2025-06-13T15:05:07.308+0000] {dagbag.py:540} INFO - Filling up the DagBag from /home/airflow/.local/lib/python3.10/site-packages/airflow/example_dags/example_complex.py
[2025-06-13T15:05:07.324+0000] {processor.py:840} INFO - DAG(s) 'example_complex' retrieved from /home/airflow/.local/lib/python3.10/site-packages/airflow/example_dags/example_complex.py
[2025-06-13T15:05:07.371+0000] {logging_mixin.py:188} INFO - [2025-06-13T15:05:07.370+0000] {dag.py:3096} INFO - Sync 1 DAGs
[2025-06-13T15:05:07.663+0000] {logging_mixin.py:188} INFO - [2025-06-13T15:05:07.663+0000] {dag.py:3954} INFO - Setting next_dagrun for example_complex to None, run_after=None
[2025-06-13T15:05:07.683+0000] {processor.py:183} INFO - Processing /home/airflow/.local/lib/python3.10/site-packages/airflow/example_dags/example_complex.py took 0.413 seconds
