[2025-06-13T14:33:25.524+0000] {processor.py:161} INFO - Started process (PID=80) to work on /home/airflow/.local/lib/python3.10/site-packages/airflow/example_dags/example_dynamic_task_mapping.py
[2025-06-13T14:33:25.525+0000] {processor.py:830} INFO - Processing file /home/airflow/.local/lib/python3.10/site-packages/airflow/example_dags/example_dynamic_task_mapping.py for tasks to queue
[2025-06-13T14:33:25.528+0000] {logging_mixin.py:188} INFO - [2025-06-13T14:33:25.527+0000] {dagbag.py:540} INFO - Filling up the DagBag from /home/airflow/.local/lib/python3.10/site-packages/airflow/example_dags/example_dynamic_task_mapping.py
[2025-06-13T14:33:25.535+0000] {processor.py:840} INFO - DAG(s) 'example_dynamic_task_mapping' retrieved from /home/airflow/.local/lib/python3.10/site-packages/airflow/example_dags/example_dynamic_task_mapping.py
[2025-06-13T14:33:25.545+0000] {logging_mixin.py:188} INFO - [2025-06-13T14:33:25.545+0000] {dag.py:3096} INFO - Sync 1 DAGs
[2025-06-13T14:33:25.564+0000] {logging_mixin.py:188} INFO - [2025-06-13T14:33:25.563+0000] {dag.py:3954} INFO - Setting next_dagrun for example_dynamic_task_mapping to 2022-03-04 00:00:00+00:00, run_after=2022-03-05 00:00:00+00:00
[2025-06-13T14:33:25.578+0000] {processor.py:183} INFO - Processing /home/airflow/.local/lib/python3.10/site-packages/airflow/example_dags/example_dynamic_task_mapping.py took 0.062 seconds
[2025-06-13T14:33:55.730+0000] {processor.py:161} INFO - Started process (PID=137) to work on /home/airflow/.local/lib/python3.10/site-packages/airflow/example_dags/example_dynamic_task_mapping.py
[2025-06-13T14:33:55.730+0000] {processor.py:830} INFO - Processing file /home/airflow/.local/lib/python3.10/site-packages/airflow/example_dags/example_dynamic_task_mapping.py for tasks to queue
[2025-06-13T14:33:55.731+0000] {logging_mixin.py:188} INFO - [2025-06-13T14:33:55.731+0000] {dagbag.py:540} INFO - Filling up the DagBag from /home/airflow/.local/lib/python3.10/site-packages/airflow/example_dags/example_dynamic_task_mapping.py
[2025-06-13T14:33:55.735+0000] {processor.py:840} INFO - DAG(s) 'example_dynamic_task_mapping' retrieved from /home/airflow/.local/lib/python3.10/site-packages/airflow/example_dags/example_dynamic_task_mapping.py
[2025-06-13T14:33:55.783+0000] {logging_mixin.py:188} INFO - [2025-06-13T14:33:55.782+0000] {dag.py:3096} INFO - Sync 1 DAGs
[2025-06-13T14:33:55.793+0000] {logging_mixin.py:188} INFO - [2025-06-13T14:33:55.793+0000] {dag.py:3954} INFO - Setting next_dagrun for example_dynamic_task_mapping to 2022-03-04 00:00:00+00:00, run_after=2022-03-05 00:00:00+00:00
[2025-06-13T14:33:55.801+0000] {processor.py:183} INFO - Processing /home/airflow/.local/lib/python3.10/site-packages/airflow/example_dags/example_dynamic_task_mapping.py took 0.075 seconds
[2025-06-13T14:34:26.056+0000] {processor.py:161} INFO - Started process (PID=195) to work on /home/airflow/.local/lib/python3.10/site-packages/airflow/example_dags/example_dynamic_task_mapping.py
[2025-06-13T14:34:26.057+0000] {processor.py:830} INFO - Processing file /home/airflow/.local/lib/python3.10/site-packages/airflow/example_dags/example_dynamic_task_mapping.py for tasks to queue
[2025-06-13T14:34:26.058+0000] {logging_mixin.py:188} INFO - [2025-06-13T14:34:26.057+0000] {dagbag.py:540} INFO - Filling up the DagBag from /home/airflow/.local/lib/python3.10/site-packages/airflow/example_dags/example_dynamic_task_mapping.py
[2025-06-13T14:34:26.061+0000] {processor.py:840} INFO - DAG(s) 'example_dynamic_task_mapping' retrieved from /home/airflow/.local/lib/python3.10/site-packages/airflow/example_dags/example_dynamic_task_mapping.py
[2025-06-13T14:34:26.072+0000] {logging_mixin.py:188} INFO - [2025-06-13T14:34:26.072+0000] {dag.py:3096} INFO - Sync 1 DAGs
[2025-06-13T14:34:26.082+0000] {logging_mixin.py:188} INFO - [2025-06-13T14:34:26.082+0000] {dag.py:3954} INFO - Setting next_dagrun for example_dynamic_task_mapping to 2022-03-04 00:00:00+00:00, run_after=2022-03-05 00:00:00+00:00
[2025-06-13T14:34:26.091+0000] {processor.py:183} INFO - Processing /home/airflow/.local/lib/python3.10/site-packages/airflow/example_dags/example_dynamic_task_mapping.py took 0.039 seconds
[2025-06-13T14:34:56.437+0000] {processor.py:161} INFO - Started process (PID=253) to work on /home/airflow/.local/lib/python3.10/site-packages/airflow/example_dags/example_dynamic_task_mapping.py
[2025-06-13T14:34:56.437+0000] {processor.py:830} INFO - Processing file /home/airflow/.local/lib/python3.10/site-packages/airflow/example_dags/example_dynamic_task_mapping.py for tasks to queue
[2025-06-13T14:34:56.438+0000] {logging_mixin.py:188} INFO - [2025-06-13T14:34:56.438+0000] {dagbag.py:540} INFO - Filling up the DagBag from /home/airflow/.local/lib/python3.10/site-packages/airflow/example_dags/example_dynamic_task_mapping.py
[2025-06-13T14:34:56.442+0000] {processor.py:840} INFO - DAG(s) 'example_dynamic_task_mapping' retrieved from /home/airflow/.local/lib/python3.10/site-packages/airflow/example_dags/example_dynamic_task_mapping.py
[2025-06-13T14:34:56.452+0000] {logging_mixin.py:188} INFO - [2025-06-13T14:34:56.452+0000] {dag.py:3096} INFO - Sync 1 DAGs
[2025-06-13T14:34:56.463+0000] {logging_mixin.py:188} INFO - [2025-06-13T14:34:56.463+0000] {dag.py:3954} INFO - Setting next_dagrun for example_dynamic_task_mapping to 2022-03-04 00:00:00+00:00, run_after=2022-03-05 00:00:00+00:00
[2025-06-13T14:34:56.472+0000] {processor.py:183} INFO - Processing /home/airflow/.local/lib/python3.10/site-packages/airflow/example_dags/example_dynamic_task_mapping.py took 0.039 seconds
[2025-06-13T14:35:27.174+0000] {processor.py:161} INFO - Started process (PID=311) to work on /home/airflow/.local/lib/python3.10/site-packages/airflow/example_dags/example_dynamic_task_mapping.py
[2025-06-13T14:35:27.175+0000] {processor.py:830} INFO - Processing file /home/airflow/.local/lib/python3.10/site-packages/airflow/example_dags/example_dynamic_task_mapping.py for tasks to queue
[2025-06-13T14:35:27.177+0000] {logging_mixin.py:188} INFO - [2025-06-13T14:35:27.176+0000] {dagbag.py:540} INFO - Filling up the DagBag from /home/airflow/.local/lib/python3.10/site-packages/airflow/example_dags/example_dynamic_task_mapping.py
[2025-06-13T14:35:27.184+0000] {processor.py:840} INFO - DAG(s) 'example_dynamic_task_mapping' retrieved from /home/airflow/.local/lib/python3.10/site-packages/airflow/example_dags/example_dynamic_task_mapping.py
[2025-06-13T14:35:27.205+0000] {logging_mixin.py:188} INFO - [2025-06-13T14:35:27.205+0000] {dag.py:3096} INFO - Sync 1 DAGs
[2025-06-13T14:35:27.226+0000] {logging_mixin.py:188} INFO - [2025-06-13T14:35:27.226+0000] {dag.py:3954} INFO - Setting next_dagrun for example_dynamic_task_mapping to 2022-03-04 00:00:00+00:00, run_after=2022-03-05 00:00:00+00:00
[2025-06-13T14:35:27.244+0000] {processor.py:183} INFO - Processing /home/airflow/.local/lib/python3.10/site-packages/airflow/example_dags/example_dynamic_task_mapping.py took 0.078 seconds
[2025-06-13T14:35:58.607+0000] {processor.py:161} INFO - Started process (PID=375) to work on /home/airflow/.local/lib/python3.10/site-packages/airflow/example_dags/example_dynamic_task_mapping.py
[2025-06-13T14:35:58.608+0000] {processor.py:830} INFO - Processing file /home/airflow/.local/lib/python3.10/site-packages/airflow/example_dags/example_dynamic_task_mapping.py for tasks to queue
[2025-06-13T14:35:58.609+0000] {logging_mixin.py:188} INFO - [2025-06-13T14:35:58.609+0000] {dagbag.py:540} INFO - Filling up the DagBag from /home/airflow/.local/lib/python3.10/site-packages/airflow/example_dags/example_dynamic_task_mapping.py
[2025-06-13T14:35:58.613+0000] {processor.py:840} INFO - DAG(s) 'example_dynamic_task_mapping' retrieved from /home/airflow/.local/lib/python3.10/site-packages/airflow/example_dags/example_dynamic_task_mapping.py
[2025-06-13T14:35:58.625+0000] {logging_mixin.py:188} INFO - [2025-06-13T14:35:58.625+0000] {dag.py:3096} INFO - Sync 1 DAGs
[2025-06-13T14:35:58.636+0000] {logging_mixin.py:188} INFO - [2025-06-13T14:35:58.636+0000] {dag.py:3954} INFO - Setting next_dagrun for example_dynamic_task_mapping to 2022-03-04 00:00:00+00:00, run_after=2022-03-05 00:00:00+00:00
[2025-06-13T14:35:58.646+0000] {processor.py:183} INFO - Processing /home/airflow/.local/lib/python3.10/site-packages/airflow/example_dags/example_dynamic_task_mapping.py took 0.043 seconds
[2025-06-13T14:36:29.432+0000] {processor.py:161} INFO - Started process (PID=433) to work on /home/airflow/.local/lib/python3.10/site-packages/airflow/example_dags/example_dynamic_task_mapping.py
[2025-06-13T14:36:29.433+0000] {processor.py:830} INFO - Processing file /home/airflow/.local/lib/python3.10/site-packages/airflow/example_dags/example_dynamic_task_mapping.py for tasks to queue
[2025-06-13T14:36:29.434+0000] {logging_mixin.py:188} INFO - [2025-06-13T14:36:29.434+0000] {dagbag.py:540} INFO - Filling up the DagBag from /home/airflow/.local/lib/python3.10/site-packages/airflow/example_dags/example_dynamic_task_mapping.py
[2025-06-13T14:36:29.438+0000] {processor.py:840} INFO - DAG(s) 'example_dynamic_task_mapping' retrieved from /home/airflow/.local/lib/python3.10/site-packages/airflow/example_dags/example_dynamic_task_mapping.py
[2025-06-13T14:36:29.449+0000] {logging_mixin.py:188} INFO - [2025-06-13T14:36:29.448+0000] {dag.py:3096} INFO - Sync 1 DAGs
[2025-06-13T14:36:29.462+0000] {logging_mixin.py:188} INFO - [2025-06-13T14:36:29.462+0000] {dag.py:3954} INFO - Setting next_dagrun for example_dynamic_task_mapping to 2022-03-04 00:00:00+00:00, run_after=2022-03-05 00:00:00+00:00
[2025-06-13T14:36:29.472+0000] {processor.py:183} INFO - Processing /home/airflow/.local/lib/python3.10/site-packages/airflow/example_dags/example_dynamic_task_mapping.py took 0.044 seconds
[2025-06-13T14:36:59.691+0000] {processor.py:161} INFO - Started process (PID=491) to work on /home/airflow/.local/lib/python3.10/site-packages/airflow/example_dags/example_dynamic_task_mapping.py
[2025-06-13T14:36:59.693+0000] {processor.py:830} INFO - Processing file /home/airflow/.local/lib/python3.10/site-packages/airflow/example_dags/example_dynamic_task_mapping.py for tasks to queue
[2025-06-13T14:36:59.695+0000] {logging_mixin.py:188} INFO - [2025-06-13T14:36:59.695+0000] {dagbag.py:540} INFO - Filling up the DagBag from /home/airflow/.local/lib/python3.10/site-packages/airflow/example_dags/example_dynamic_task_mapping.py
[2025-06-13T14:36:59.701+0000] {processor.py:840} INFO - DAG(s) 'example_dynamic_task_mapping' retrieved from /home/airflow/.local/lib/python3.10/site-packages/airflow/example_dags/example_dynamic_task_mapping.py
[2025-06-13T14:36:59.717+0000] {logging_mixin.py:188} INFO - [2025-06-13T14:36:59.717+0000] {dag.py:3096} INFO - Sync 1 DAGs
[2025-06-13T14:36:59.730+0000] {logging_mixin.py:188} INFO - [2025-06-13T14:36:59.730+0000] {dag.py:3954} INFO - Setting next_dagrun for example_dynamic_task_mapping to 2022-03-04 00:00:00+00:00, run_after=2022-03-05 00:00:00+00:00
[2025-06-13T14:36:59.740+0000] {processor.py:183} INFO - Processing /home/airflow/.local/lib/python3.10/site-packages/airflow/example_dags/example_dynamic_task_mapping.py took 0.054 seconds
[2025-06-13T14:37:30.671+0000] {processor.py:161} INFO - Started process (PID=549) to work on /home/airflow/.local/lib/python3.10/site-packages/airflow/example_dags/example_dynamic_task_mapping.py
[2025-06-13T14:37:30.675+0000] {processor.py:830} INFO - Processing file /home/airflow/.local/lib/python3.10/site-packages/airflow/example_dags/example_dynamic_task_mapping.py for tasks to queue
[2025-06-13T14:37:30.677+0000] {logging_mixin.py:188} INFO - [2025-06-13T14:37:30.676+0000] {dagbag.py:540} INFO - Filling up the DagBag from /home/airflow/.local/lib/python3.10/site-packages/airflow/example_dags/example_dynamic_task_mapping.py
[2025-06-13T14:37:30.681+0000] {processor.py:840} INFO - DAG(s) 'example_dynamic_task_mapping' retrieved from /home/airflow/.local/lib/python3.10/site-packages/airflow/example_dags/example_dynamic_task_mapping.py
[2025-06-13T14:37:30.706+0000] {logging_mixin.py:188} INFO - [2025-06-13T14:37:30.706+0000] {dag.py:3096} INFO - Sync 1 DAGs
[2025-06-13T14:37:30.722+0000] {logging_mixin.py:188} INFO - [2025-06-13T14:37:30.722+0000] {dag.py:3954} INFO - Setting next_dagrun for example_dynamic_task_mapping to 2022-03-04 00:00:00+00:00, run_after=2022-03-05 00:00:00+00:00
[2025-06-13T14:37:30.733+0000] {processor.py:183} INFO - Processing /home/airflow/.local/lib/python3.10/site-packages/airflow/example_dags/example_dynamic_task_mapping.py took 0.067 seconds
[2025-06-13T14:38:00.757+0000] {processor.py:161} INFO - Started process (PID=607) to work on /home/airflow/.local/lib/python3.10/site-packages/airflow/example_dags/example_dynamic_task_mapping.py
[2025-06-13T14:38:00.759+0000] {processor.py:830} INFO - Processing file /home/airflow/.local/lib/python3.10/site-packages/airflow/example_dags/example_dynamic_task_mapping.py for tasks to queue
[2025-06-13T14:38:00.760+0000] {logging_mixin.py:188} INFO - [2025-06-13T14:38:00.760+0000] {dagbag.py:540} INFO - Filling up the DagBag from /home/airflow/.local/lib/python3.10/site-packages/airflow/example_dags/example_dynamic_task_mapping.py
[2025-06-13T14:38:00.764+0000] {processor.py:840} INFO - DAG(s) 'example_dynamic_task_mapping' retrieved from /home/airflow/.local/lib/python3.10/site-packages/airflow/example_dags/example_dynamic_task_mapping.py
[2025-06-13T14:38:00.774+0000] {logging_mixin.py:188} INFO - [2025-06-13T14:38:00.774+0000] {dag.py:3096} INFO - Sync 1 DAGs
[2025-06-13T14:38:00.785+0000] {logging_mixin.py:188} INFO - [2025-06-13T14:38:00.785+0000] {dag.py:3954} INFO - Setting next_dagrun for example_dynamic_task_mapping to 2022-03-04 00:00:00+00:00, run_after=2022-03-05 00:00:00+00:00
[2025-06-13T14:38:00.796+0000] {processor.py:183} INFO - Processing /home/airflow/.local/lib/python3.10/site-packages/airflow/example_dags/example_dynamic_task_mapping.py took 0.042 seconds
[2025-06-13T14:38:31.509+0000] {processor.py:161} INFO - Started process (PID=667) to work on /home/airflow/.local/lib/python3.10/site-packages/airflow/example_dags/example_dynamic_task_mapping.py
[2025-06-13T14:38:31.510+0000] {processor.py:830} INFO - Processing file /home/airflow/.local/lib/python3.10/site-packages/airflow/example_dags/example_dynamic_task_mapping.py for tasks to queue
[2025-06-13T14:38:31.512+0000] {logging_mixin.py:188} INFO - [2025-06-13T14:38:31.512+0000] {dagbag.py:540} INFO - Filling up the DagBag from /home/airflow/.local/lib/python3.10/site-packages/airflow/example_dags/example_dynamic_task_mapping.py
[2025-06-13T14:38:31.516+0000] {processor.py:840} INFO - DAG(s) 'example_dynamic_task_mapping' retrieved from /home/airflow/.local/lib/python3.10/site-packages/airflow/example_dags/example_dynamic_task_mapping.py
[2025-06-13T14:38:31.528+0000] {logging_mixin.py:188} INFO - [2025-06-13T14:38:31.528+0000] {dag.py:3096} INFO - Sync 1 DAGs
[2025-06-13T14:38:31.539+0000] {logging_mixin.py:188} INFO - [2025-06-13T14:38:31.539+0000] {dag.py:3954} INFO - Setting next_dagrun for example_dynamic_task_mapping to 2022-03-04 00:00:00+00:00, run_after=2022-03-05 00:00:00+00:00
[2025-06-13T14:38:31.549+0000] {processor.py:183} INFO - Processing /home/airflow/.local/lib/python3.10/site-packages/airflow/example_dags/example_dynamic_task_mapping.py took 0.043 seconds
[2025-06-13T14:39:02.234+0000] {processor.py:161} INFO - Started process (PID=727) to work on /home/airflow/.local/lib/python3.10/site-packages/airflow/example_dags/example_dynamic_task_mapping.py
[2025-06-13T14:39:02.236+0000] {processor.py:830} INFO - Processing file /home/airflow/.local/lib/python3.10/site-packages/airflow/example_dags/example_dynamic_task_mapping.py for tasks to queue
[2025-06-13T14:39:02.237+0000] {logging_mixin.py:188} INFO - [2025-06-13T14:39:02.237+0000] {dagbag.py:540} INFO - Filling up the DagBag from /home/airflow/.local/lib/python3.10/site-packages/airflow/example_dags/example_dynamic_task_mapping.py
[2025-06-13T14:39:02.241+0000] {processor.py:840} INFO - DAG(s) 'example_dynamic_task_mapping' retrieved from /home/airflow/.local/lib/python3.10/site-packages/airflow/example_dags/example_dynamic_task_mapping.py
[2025-06-13T14:39:02.251+0000] {logging_mixin.py:188} INFO - [2025-06-13T14:39:02.251+0000] {dag.py:3096} INFO - Sync 1 DAGs
[2025-06-13T14:39:02.261+0000] {logging_mixin.py:188} INFO - [2025-06-13T14:39:02.261+0000] {dag.py:3954} INFO - Setting next_dagrun for example_dynamic_task_mapping to 2022-03-04 00:00:00+00:00, run_after=2022-03-05 00:00:00+00:00
[2025-06-13T14:39:02.270+0000] {processor.py:183} INFO - Processing /home/airflow/.local/lib/python3.10/site-packages/airflow/example_dags/example_dynamic_task_mapping.py took 0.040 seconds
[2025-06-13T14:39:33.282+0000] {processor.py:161} INFO - Started process (PID=787) to work on /home/airflow/.local/lib/python3.10/site-packages/airflow/example_dags/example_dynamic_task_mapping.py
[2025-06-13T14:39:33.283+0000] {processor.py:830} INFO - Processing file /home/airflow/.local/lib/python3.10/site-packages/airflow/example_dags/example_dynamic_task_mapping.py for tasks to queue
[2025-06-13T14:39:33.285+0000] {logging_mixin.py:188} INFO - [2025-06-13T14:39:33.285+0000] {dagbag.py:540} INFO - Filling up the DagBag from /home/airflow/.local/lib/python3.10/site-packages/airflow/example_dags/example_dynamic_task_mapping.py
[2025-06-13T14:39:33.289+0000] {processor.py:840} INFO - DAG(s) 'example_dynamic_task_mapping' retrieved from /home/airflow/.local/lib/python3.10/site-packages/airflow/example_dags/example_dynamic_task_mapping.py
[2025-06-13T14:39:33.303+0000] {logging_mixin.py:188} INFO - [2025-06-13T14:39:33.303+0000] {dag.py:3096} INFO - Sync 1 DAGs
[2025-06-13T14:39:33.316+0000] {logging_mixin.py:188} INFO - [2025-06-13T14:39:33.316+0000] {dag.py:3954} INFO - Setting next_dagrun for example_dynamic_task_mapping to 2022-03-04 00:00:00+00:00, run_after=2022-03-05 00:00:00+00:00
[2025-06-13T14:39:33.327+0000] {processor.py:183} INFO - Processing /home/airflow/.local/lib/python3.10/site-packages/airflow/example_dags/example_dynamic_task_mapping.py took 0.050 seconds
[2025-06-13T14:40:03.674+0000] {processor.py:161} INFO - Started process (PID=847) to work on /home/airflow/.local/lib/python3.10/site-packages/airflow/example_dags/example_dynamic_task_mapping.py
[2025-06-13T14:40:03.675+0000] {processor.py:830} INFO - Processing file /home/airflow/.local/lib/python3.10/site-packages/airflow/example_dags/example_dynamic_task_mapping.py for tasks to queue
[2025-06-13T14:40:03.678+0000] {logging_mixin.py:188} INFO - [2025-06-13T14:40:03.678+0000] {dagbag.py:540} INFO - Filling up the DagBag from /home/airflow/.local/lib/python3.10/site-packages/airflow/example_dags/example_dynamic_task_mapping.py
[2025-06-13T14:40:03.681+0000] {processor.py:840} INFO - DAG(s) 'example_dynamic_task_mapping' retrieved from /home/airflow/.local/lib/python3.10/site-packages/airflow/example_dags/example_dynamic_task_mapping.py
[2025-06-13T14:40:03.693+0000] {logging_mixin.py:188} INFO - [2025-06-13T14:40:03.693+0000] {dag.py:3096} INFO - Sync 1 DAGs
[2025-06-13T14:40:03.704+0000] {logging_mixin.py:188} INFO - [2025-06-13T14:40:03.704+0000] {dag.py:3954} INFO - Setting next_dagrun for example_dynamic_task_mapping to 2022-03-04 00:00:00+00:00, run_after=2022-03-05 00:00:00+00:00
[2025-06-13T14:40:03.718+0000] {processor.py:183} INFO - Processing /home/airflow/.local/lib/python3.10/site-packages/airflow/example_dags/example_dynamic_task_mapping.py took 0.047 seconds
[2025-06-13T14:40:34.799+0000] {processor.py:161} INFO - Started process (PID=907) to work on /home/airflow/.local/lib/python3.10/site-packages/airflow/example_dags/example_dynamic_task_mapping.py
[2025-06-13T14:40:34.800+0000] {processor.py:830} INFO - Processing file /home/airflow/.local/lib/python3.10/site-packages/airflow/example_dags/example_dynamic_task_mapping.py for tasks to queue
[2025-06-13T14:40:34.802+0000] {logging_mixin.py:188} INFO - [2025-06-13T14:40:34.802+0000] {dagbag.py:540} INFO - Filling up the DagBag from /home/airflow/.local/lib/python3.10/site-packages/airflow/example_dags/example_dynamic_task_mapping.py
[2025-06-13T14:40:34.809+0000] {processor.py:840} INFO - DAG(s) 'example_dynamic_task_mapping' retrieved from /home/airflow/.local/lib/python3.10/site-packages/airflow/example_dags/example_dynamic_task_mapping.py
[2025-06-13T14:40:34.822+0000] {logging_mixin.py:188} INFO - [2025-06-13T14:40:34.822+0000] {dag.py:3096} INFO - Sync 1 DAGs
[2025-06-13T14:40:34.840+0000] {logging_mixin.py:188} INFO - [2025-06-13T14:40:34.840+0000] {dag.py:3954} INFO - Setting next_dagrun for example_dynamic_task_mapping to 2022-03-04 00:00:00+00:00, run_after=2022-03-05 00:00:00+00:00
[2025-06-13T14:40:34.852+0000] {processor.py:183} INFO - Processing /home/airflow/.local/lib/python3.10/site-packages/airflow/example_dags/example_dynamic_task_mapping.py took 0.058 seconds
[2025-06-13T14:41:05.292+0000] {processor.py:161} INFO - Started process (PID=967) to work on /home/airflow/.local/lib/python3.10/site-packages/airflow/example_dags/example_dynamic_task_mapping.py
[2025-06-13T14:41:05.293+0000] {processor.py:830} INFO - Processing file /home/airflow/.local/lib/python3.10/site-packages/airflow/example_dags/example_dynamic_task_mapping.py for tasks to queue
[2025-06-13T14:41:05.294+0000] {logging_mixin.py:188} INFO - [2025-06-13T14:41:05.294+0000] {dagbag.py:540} INFO - Filling up the DagBag from /home/airflow/.local/lib/python3.10/site-packages/airflow/example_dags/example_dynamic_task_mapping.py
[2025-06-13T14:41:05.298+0000] {processor.py:840} INFO - DAG(s) 'example_dynamic_task_mapping' retrieved from /home/airflow/.local/lib/python3.10/site-packages/airflow/example_dags/example_dynamic_task_mapping.py
[2025-06-13T14:41:05.308+0000] {logging_mixin.py:188} INFO - [2025-06-13T14:41:05.308+0000] {dag.py:3096} INFO - Sync 1 DAGs
[2025-06-13T14:41:05.322+0000] {logging_mixin.py:188} INFO - [2025-06-13T14:41:05.322+0000] {dag.py:3954} INFO - Setting next_dagrun for example_dynamic_task_mapping to 2022-03-04 00:00:00+00:00, run_after=2022-03-05 00:00:00+00:00
[2025-06-13T14:41:05.338+0000] {processor.py:183} INFO - Processing /home/airflow/.local/lib/python3.10/site-packages/airflow/example_dags/example_dynamic_task_mapping.py took 0.050 seconds
[2025-06-13T14:41:35.712+0000] {processor.py:161} INFO - Started process (PID=1027) to work on /home/airflow/.local/lib/python3.10/site-packages/airflow/example_dags/example_dynamic_task_mapping.py
[2025-06-13T14:41:35.713+0000] {processor.py:830} INFO - Processing file /home/airflow/.local/lib/python3.10/site-packages/airflow/example_dags/example_dynamic_task_mapping.py for tasks to queue
[2025-06-13T14:41:35.715+0000] {logging_mixin.py:188} INFO - [2025-06-13T14:41:35.714+0000] {dagbag.py:540} INFO - Filling up the DagBag from /home/airflow/.local/lib/python3.10/site-packages/airflow/example_dags/example_dynamic_task_mapping.py
[2025-06-13T14:41:35.718+0000] {processor.py:840} INFO - DAG(s) 'example_dynamic_task_mapping' retrieved from /home/airflow/.local/lib/python3.10/site-packages/airflow/example_dags/example_dynamic_task_mapping.py
[2025-06-13T14:41:35.730+0000] {logging_mixin.py:188} INFO - [2025-06-13T14:41:35.730+0000] {dag.py:3096} INFO - Sync 1 DAGs
[2025-06-13T14:41:35.745+0000] {logging_mixin.py:188} INFO - [2025-06-13T14:41:35.745+0000] {dag.py:3954} INFO - Setting next_dagrun for example_dynamic_task_mapping to 2022-03-04 00:00:00+00:00, run_after=2022-03-05 00:00:00+00:00
[2025-06-13T14:41:35.761+0000] {processor.py:183} INFO - Processing /home/airflow/.local/lib/python3.10/site-packages/airflow/example_dags/example_dynamic_task_mapping.py took 0.052 seconds
[2025-06-13T14:42:06.085+0000] {processor.py:161} INFO - Started process (PID=1087) to work on /home/airflow/.local/lib/python3.10/site-packages/airflow/example_dags/example_dynamic_task_mapping.py
[2025-06-13T14:42:06.086+0000] {processor.py:830} INFO - Processing file /home/airflow/.local/lib/python3.10/site-packages/airflow/example_dags/example_dynamic_task_mapping.py for tasks to queue
[2025-06-13T14:42:06.087+0000] {logging_mixin.py:188} INFO - [2025-06-13T14:42:06.087+0000] {dagbag.py:540} INFO - Filling up the DagBag from /home/airflow/.local/lib/python3.10/site-packages/airflow/example_dags/example_dynamic_task_mapping.py
[2025-06-13T14:42:06.091+0000] {processor.py:840} INFO - DAG(s) 'example_dynamic_task_mapping' retrieved from /home/airflow/.local/lib/python3.10/site-packages/airflow/example_dags/example_dynamic_task_mapping.py
[2025-06-13T14:42:06.101+0000] {logging_mixin.py:188} INFO - [2025-06-13T14:42:06.101+0000] {dag.py:3096} INFO - Sync 1 DAGs
[2025-06-13T14:42:06.112+0000] {logging_mixin.py:188} INFO - [2025-06-13T14:42:06.112+0000] {dag.py:3954} INFO - Setting next_dagrun for example_dynamic_task_mapping to 2022-03-04 00:00:00+00:00, run_after=2022-03-05 00:00:00+00:00
[2025-06-13T14:42:06.123+0000] {processor.py:183} INFO - Processing /home/airflow/.local/lib/python3.10/site-packages/airflow/example_dags/example_dynamic_task_mapping.py took 0.041 seconds
[2025-06-13T14:42:37.387+0000] {processor.py:161} INFO - Started process (PID=1147) to work on /home/airflow/.local/lib/python3.10/site-packages/airflow/example_dags/example_dynamic_task_mapping.py
[2025-06-13T14:42:37.389+0000] {processor.py:830} INFO - Processing file /home/airflow/.local/lib/python3.10/site-packages/airflow/example_dags/example_dynamic_task_mapping.py for tasks to queue
[2025-06-13T14:42:37.390+0000] {logging_mixin.py:188} INFO - [2025-06-13T14:42:37.390+0000] {dagbag.py:540} INFO - Filling up the DagBag from /home/airflow/.local/lib/python3.10/site-packages/airflow/example_dags/example_dynamic_task_mapping.py
[2025-06-13T14:42:37.393+0000] {processor.py:840} INFO - DAG(s) 'example_dynamic_task_mapping' retrieved from /home/airflow/.local/lib/python3.10/site-packages/airflow/example_dags/example_dynamic_task_mapping.py
[2025-06-13T14:42:37.408+0000] {logging_mixin.py:188} INFO - [2025-06-13T14:42:37.408+0000] {dag.py:3096} INFO - Sync 1 DAGs
[2025-06-13T14:42:37.422+0000] {logging_mixin.py:188} INFO - [2025-06-13T14:42:37.422+0000] {dag.py:3954} INFO - Setting next_dagrun for example_dynamic_task_mapping to 2022-03-04 00:00:00+00:00, run_after=2022-03-05 00:00:00+00:00
[2025-06-13T14:42:37.434+0000] {processor.py:183} INFO - Processing /home/airflow/.local/lib/python3.10/site-packages/airflow/example_dags/example_dynamic_task_mapping.py took 0.051 seconds
[2025-06-13T14:43:08.055+0000] {processor.py:161} INFO - Started process (PID=1207) to work on /home/airflow/.local/lib/python3.10/site-packages/airflow/example_dags/example_dynamic_task_mapping.py
[2025-06-13T14:43:08.056+0000] {processor.py:830} INFO - Processing file /home/airflow/.local/lib/python3.10/site-packages/airflow/example_dags/example_dynamic_task_mapping.py for tasks to queue
[2025-06-13T14:43:08.058+0000] {logging_mixin.py:188} INFO - [2025-06-13T14:43:08.058+0000] {dagbag.py:540} INFO - Filling up the DagBag from /home/airflow/.local/lib/python3.10/site-packages/airflow/example_dags/example_dynamic_task_mapping.py
[2025-06-13T14:43:08.062+0000] {processor.py:840} INFO - DAG(s) 'example_dynamic_task_mapping' retrieved from /home/airflow/.local/lib/python3.10/site-packages/airflow/example_dags/example_dynamic_task_mapping.py
[2025-06-13T14:43:08.078+0000] {logging_mixin.py:188} INFO - [2025-06-13T14:43:08.078+0000] {dag.py:3096} INFO - Sync 1 DAGs
[2025-06-13T14:43:08.088+0000] {logging_mixin.py:188} INFO - [2025-06-13T14:43:08.088+0000] {dag.py:3954} INFO - Setting next_dagrun for example_dynamic_task_mapping to 2022-03-04 00:00:00+00:00, run_after=2022-03-05 00:00:00+00:00
[2025-06-13T14:43:08.097+0000] {processor.py:183} INFO - Processing /home/airflow/.local/lib/python3.10/site-packages/airflow/example_dags/example_dynamic_task_mapping.py took 0.046 seconds
[2025-06-13T14:44:43.468+0000] {processor.py:161} INFO - Started process (PID=98) to work on /home/airflow/.local/lib/python3.10/site-packages/airflow/example_dags/example_dynamic_task_mapping.py
[2025-06-13T14:44:43.470+0000] {processor.py:830} INFO - Processing file /home/airflow/.local/lib/python3.10/site-packages/airflow/example_dags/example_dynamic_task_mapping.py for tasks to queue
[2025-06-13T14:44:43.472+0000] {logging_mixin.py:188} INFO - [2025-06-13T14:44:43.472+0000] {dagbag.py:540} INFO - Filling up the DagBag from /home/airflow/.local/lib/python3.10/site-packages/airflow/example_dags/example_dynamic_task_mapping.py
[2025-06-13T14:44:43.476+0000] {processor.py:840} INFO - DAG(s) 'example_dynamic_task_mapping' retrieved from /home/airflow/.local/lib/python3.10/site-packages/airflow/example_dags/example_dynamic_task_mapping.py
[2025-06-13T14:44:43.483+0000] {logging_mixin.py:188} INFO - [2025-06-13T14:44:43.483+0000] {dag.py:3096} INFO - Sync 1 DAGs
[2025-06-13T14:44:43.496+0000] {logging_mixin.py:188} INFO - [2025-06-13T14:44:43.496+0000] {dag.py:3954} INFO - Setting next_dagrun for example_dynamic_task_mapping to 2022-03-04 00:00:00+00:00, run_after=2022-03-05 00:00:00+00:00
[2025-06-13T14:44:43.508+0000] {processor.py:183} INFO - Processing /home/airflow/.local/lib/python3.10/site-packages/airflow/example_dags/example_dynamic_task_mapping.py took 0.043 seconds
[2025-06-13T14:45:16.944+0000] {processor.py:161} INFO - Started process (PID=168) to work on /home/airflow/.local/lib/python3.10/site-packages/airflow/example_dags/example_dynamic_task_mapping.py
[2025-06-13T14:45:16.949+0000] {processor.py:830} INFO - Processing file /home/airflow/.local/lib/python3.10/site-packages/airflow/example_dags/example_dynamic_task_mapping.py for tasks to queue
[2025-06-13T14:45:16.952+0000] {logging_mixin.py:188} INFO - [2025-06-13T14:45:16.951+0000] {dagbag.py:540} INFO - Filling up the DagBag from /home/airflow/.local/lib/python3.10/site-packages/airflow/example_dags/example_dynamic_task_mapping.py
[2025-06-13T14:45:16.958+0000] {processor.py:840} INFO - DAG(s) 'example_dynamic_task_mapping' retrieved from /home/airflow/.local/lib/python3.10/site-packages/airflow/example_dags/example_dynamic_task_mapping.py
[2025-06-13T14:45:17.061+0000] {logging_mixin.py:188} INFO - [2025-06-13T14:45:17.061+0000] {dag.py:3096} INFO - Sync 1 DAGs
[2025-06-13T14:45:17.075+0000] {logging_mixin.py:188} INFO - [2025-06-13T14:45:17.075+0000] {dag.py:3954} INFO - Setting next_dagrun for example_dynamic_task_mapping to 2022-03-04 00:00:00+00:00, run_after=2022-03-05 00:00:00+00:00
[2025-06-13T14:45:17.101+0000] {processor.py:183} INFO - Processing /home/airflow/.local/lib/python3.10/site-packages/airflow/example_dags/example_dynamic_task_mapping.py took 0.162 seconds
[2025-06-13T14:45:47.601+0000] {processor.py:161} INFO - Started process (PID=236) to work on /home/airflow/.local/lib/python3.10/site-packages/airflow/example_dags/example_dynamic_task_mapping.py
[2025-06-13T14:45:47.603+0000] {processor.py:830} INFO - Processing file /home/airflow/.local/lib/python3.10/site-packages/airflow/example_dags/example_dynamic_task_mapping.py for tasks to queue
[2025-06-13T14:45:47.605+0000] {logging_mixin.py:188} INFO - [2025-06-13T14:45:47.605+0000] {dagbag.py:540} INFO - Filling up the DagBag from /home/airflow/.local/lib/python3.10/site-packages/airflow/example_dags/example_dynamic_task_mapping.py
[2025-06-13T14:45:47.609+0000] {processor.py:840} INFO - DAG(s) 'example_dynamic_task_mapping' retrieved from /home/airflow/.local/lib/python3.10/site-packages/airflow/example_dags/example_dynamic_task_mapping.py
[2025-06-13T14:45:47.624+0000] {logging_mixin.py:188} INFO - [2025-06-13T14:45:47.624+0000] {dag.py:3096} INFO - Sync 1 DAGs
[2025-06-13T14:45:47.638+0000] {logging_mixin.py:188} INFO - [2025-06-13T14:45:47.637+0000] {dag.py:3954} INFO - Setting next_dagrun for example_dynamic_task_mapping to 2022-03-04 00:00:00+00:00, run_after=2022-03-05 00:00:00+00:00
[2025-06-13T14:45:47.655+0000] {processor.py:183} INFO - Processing /home/airflow/.local/lib/python3.10/site-packages/airflow/example_dags/example_dynamic_task_mapping.py took 0.059 seconds
[2025-06-13T14:46:18.289+0000] {processor.py:161} INFO - Started process (PID=296) to work on /home/airflow/.local/lib/python3.10/site-packages/airflow/example_dags/example_dynamic_task_mapping.py
[2025-06-13T14:46:18.291+0000] {processor.py:830} INFO - Processing file /home/airflow/.local/lib/python3.10/site-packages/airflow/example_dags/example_dynamic_task_mapping.py for tasks to queue
[2025-06-13T14:46:18.293+0000] {logging_mixin.py:188} INFO - [2025-06-13T14:46:18.293+0000] {dagbag.py:540} INFO - Filling up the DagBag from /home/airflow/.local/lib/python3.10/site-packages/airflow/example_dags/example_dynamic_task_mapping.py
[2025-06-13T14:46:18.298+0000] {processor.py:840} INFO - DAG(s) 'example_dynamic_task_mapping' retrieved from /home/airflow/.local/lib/python3.10/site-packages/airflow/example_dags/example_dynamic_task_mapping.py
[2025-06-13T14:46:18.312+0000] {logging_mixin.py:188} INFO - [2025-06-13T14:46:18.312+0000] {dag.py:3096} INFO - Sync 1 DAGs
[2025-06-13T14:46:18.323+0000] {logging_mixin.py:188} INFO - [2025-06-13T14:46:18.323+0000] {dag.py:3954} INFO - Setting next_dagrun for example_dynamic_task_mapping to 2022-03-04 00:00:00+00:00, run_after=2022-03-05 00:00:00+00:00
[2025-06-13T14:46:18.339+0000] {processor.py:183} INFO - Processing /home/airflow/.local/lib/python3.10/site-packages/airflow/example_dags/example_dynamic_task_mapping.py took 0.053 seconds
[2025-06-13T14:46:49.105+0000] {processor.py:161} INFO - Started process (PID=356) to work on /home/airflow/.local/lib/python3.10/site-packages/airflow/example_dags/example_dynamic_task_mapping.py
[2025-06-13T14:46:49.108+0000] {processor.py:830} INFO - Processing file /home/airflow/.local/lib/python3.10/site-packages/airflow/example_dags/example_dynamic_task_mapping.py for tasks to queue
[2025-06-13T14:46:49.109+0000] {logging_mixin.py:188} INFO - [2025-06-13T14:46:49.109+0000] {dagbag.py:540} INFO - Filling up the DagBag from /home/airflow/.local/lib/python3.10/site-packages/airflow/example_dags/example_dynamic_task_mapping.py
[2025-06-13T14:46:49.114+0000] {processor.py:840} INFO - DAG(s) 'example_dynamic_task_mapping' retrieved from /home/airflow/.local/lib/python3.10/site-packages/airflow/example_dags/example_dynamic_task_mapping.py
[2025-06-13T14:46:49.127+0000] {logging_mixin.py:188} INFO - [2025-06-13T14:46:49.127+0000] {dag.py:3096} INFO - Sync 1 DAGs
[2025-06-13T14:46:49.140+0000] {logging_mixin.py:188} INFO - [2025-06-13T14:46:49.140+0000] {dag.py:3954} INFO - Setting next_dagrun for example_dynamic_task_mapping to 2022-03-04 00:00:00+00:00, run_after=2022-03-05 00:00:00+00:00
[2025-06-13T14:46:49.152+0000] {processor.py:183} INFO - Processing /home/airflow/.local/lib/python3.10/site-packages/airflow/example_dags/example_dynamic_task_mapping.py took 0.051 seconds
[2025-06-13T14:47:19.548+0000] {processor.py:161} INFO - Started process (PID=416) to work on /home/airflow/.local/lib/python3.10/site-packages/airflow/example_dags/example_dynamic_task_mapping.py
[2025-06-13T14:47:19.550+0000] {processor.py:830} INFO - Processing file /home/airflow/.local/lib/python3.10/site-packages/airflow/example_dags/example_dynamic_task_mapping.py for tasks to queue
[2025-06-13T14:47:19.551+0000] {logging_mixin.py:188} INFO - [2025-06-13T14:47:19.551+0000] {dagbag.py:540} INFO - Filling up the DagBag from /home/airflow/.local/lib/python3.10/site-packages/airflow/example_dags/example_dynamic_task_mapping.py
[2025-06-13T14:47:19.555+0000] {processor.py:840} INFO - DAG(s) 'example_dynamic_task_mapping' retrieved from /home/airflow/.local/lib/python3.10/site-packages/airflow/example_dags/example_dynamic_task_mapping.py
[2025-06-13T14:47:19.566+0000] {logging_mixin.py:188} INFO - [2025-06-13T14:47:19.565+0000] {dag.py:3096} INFO - Sync 1 DAGs
[2025-06-13T14:47:19.581+0000] {logging_mixin.py:188} INFO - [2025-06-13T14:47:19.580+0000] {dag.py:3954} INFO - Setting next_dagrun for example_dynamic_task_mapping to 2022-03-04 00:00:00+00:00, run_after=2022-03-05 00:00:00+00:00
[2025-06-13T14:47:19.597+0000] {processor.py:183} INFO - Processing /home/airflow/.local/lib/python3.10/site-packages/airflow/example_dags/example_dynamic_task_mapping.py took 0.053 seconds
[2025-06-13T14:47:49.780+0000] {processor.py:161} INFO - Started process (PID=476) to work on /home/airflow/.local/lib/python3.10/site-packages/airflow/example_dags/example_dynamic_task_mapping.py
[2025-06-13T14:47:49.782+0000] {processor.py:830} INFO - Processing file /home/airflow/.local/lib/python3.10/site-packages/airflow/example_dags/example_dynamic_task_mapping.py for tasks to queue
[2025-06-13T14:47:49.784+0000] {logging_mixin.py:188} INFO - [2025-06-13T14:47:49.784+0000] {dagbag.py:540} INFO - Filling up the DagBag from /home/airflow/.local/lib/python3.10/site-packages/airflow/example_dags/example_dynamic_task_mapping.py
[2025-06-13T14:47:49.787+0000] {processor.py:840} INFO - DAG(s) 'example_dynamic_task_mapping' retrieved from /home/airflow/.local/lib/python3.10/site-packages/airflow/example_dags/example_dynamic_task_mapping.py
[2025-06-13T14:47:49.805+0000] {logging_mixin.py:188} INFO - [2025-06-13T14:47:49.805+0000] {dag.py:3096} INFO - Sync 1 DAGs
[2025-06-13T14:47:49.817+0000] {logging_mixin.py:188} INFO - [2025-06-13T14:47:49.817+0000] {dag.py:3954} INFO - Setting next_dagrun for example_dynamic_task_mapping to 2022-03-04 00:00:00+00:00, run_after=2022-03-05 00:00:00+00:00
[2025-06-13T14:47:49.826+0000] {processor.py:183} INFO - Processing /home/airflow/.local/lib/python3.10/site-packages/airflow/example_dags/example_dynamic_task_mapping.py took 0.050 seconds
[2025-06-13T14:48:20.623+0000] {processor.py:161} INFO - Started process (PID=536) to work on /home/airflow/.local/lib/python3.10/site-packages/airflow/example_dags/example_dynamic_task_mapping.py
[2025-06-13T14:48:20.630+0000] {processor.py:830} INFO - Processing file /home/airflow/.local/lib/python3.10/site-packages/airflow/example_dags/example_dynamic_task_mapping.py for tasks to queue
[2025-06-13T14:48:20.631+0000] {logging_mixin.py:188} INFO - [2025-06-13T14:48:20.630+0000] {dagbag.py:540} INFO - Filling up the DagBag from /home/airflow/.local/lib/python3.10/site-packages/airflow/example_dags/example_dynamic_task_mapping.py
[2025-06-13T14:48:20.634+0000] {processor.py:840} INFO - DAG(s) 'example_dynamic_task_mapping' retrieved from /home/airflow/.local/lib/python3.10/site-packages/airflow/example_dags/example_dynamic_task_mapping.py
[2025-06-13T14:48:20.648+0000] {logging_mixin.py:188} INFO - [2025-06-13T14:48:20.648+0000] {dag.py:3096} INFO - Sync 1 DAGs
[2025-06-13T14:48:20.660+0000] {logging_mixin.py:188} INFO - [2025-06-13T14:48:20.660+0000] {dag.py:3954} INFO - Setting next_dagrun for example_dynamic_task_mapping to 2022-03-04 00:00:00+00:00, run_after=2022-03-05 00:00:00+00:00
[2025-06-13T14:48:20.675+0000] {processor.py:183} INFO - Processing /home/airflow/.local/lib/python3.10/site-packages/airflow/example_dags/example_dynamic_task_mapping.py took 0.056 seconds
[2025-06-13T14:48:51.169+0000] {processor.py:161} INFO - Started process (PID=596) to work on /home/airflow/.local/lib/python3.10/site-packages/airflow/example_dags/example_dynamic_task_mapping.py
[2025-06-13T14:48:51.169+0000] {processor.py:830} INFO - Processing file /home/airflow/.local/lib/python3.10/site-packages/airflow/example_dags/example_dynamic_task_mapping.py for tasks to queue
[2025-06-13T14:48:51.171+0000] {logging_mixin.py:188} INFO - [2025-06-13T14:48:51.170+0000] {dagbag.py:540} INFO - Filling up the DagBag from /home/airflow/.local/lib/python3.10/site-packages/airflow/example_dags/example_dynamic_task_mapping.py
[2025-06-13T14:48:51.177+0000] {processor.py:840} INFO - DAG(s) 'example_dynamic_task_mapping' retrieved from /home/airflow/.local/lib/python3.10/site-packages/airflow/example_dags/example_dynamic_task_mapping.py
[2025-06-13T14:48:51.193+0000] {logging_mixin.py:188} INFO - [2025-06-13T14:48:51.192+0000] {dag.py:3096} INFO - Sync 1 DAGs
[2025-06-13T14:48:51.211+0000] {logging_mixin.py:188} INFO - [2025-06-13T14:48:51.211+0000] {dag.py:3954} INFO - Setting next_dagrun for example_dynamic_task_mapping to 2022-03-04 00:00:00+00:00, run_after=2022-03-05 00:00:00+00:00
[2025-06-13T14:48:51.231+0000] {processor.py:183} INFO - Processing /home/airflow/.local/lib/python3.10/site-packages/airflow/example_dags/example_dynamic_task_mapping.py took 0.067 seconds
[2025-06-13T14:49:21.615+0000] {processor.py:161} INFO - Started process (PID=656) to work on /home/airflow/.local/lib/python3.10/site-packages/airflow/example_dags/example_dynamic_task_mapping.py
[2025-06-13T14:49:21.618+0000] {processor.py:830} INFO - Processing file /home/airflow/.local/lib/python3.10/site-packages/airflow/example_dags/example_dynamic_task_mapping.py for tasks to queue
[2025-06-13T14:49:21.619+0000] {logging_mixin.py:188} INFO - [2025-06-13T14:49:21.619+0000] {dagbag.py:540} INFO - Filling up the DagBag from /home/airflow/.local/lib/python3.10/site-packages/airflow/example_dags/example_dynamic_task_mapping.py
[2025-06-13T14:49:21.625+0000] {processor.py:840} INFO - DAG(s) 'example_dynamic_task_mapping' retrieved from /home/airflow/.local/lib/python3.10/site-packages/airflow/example_dags/example_dynamic_task_mapping.py
[2025-06-13T14:49:21.636+0000] {logging_mixin.py:188} INFO - [2025-06-13T14:49:21.636+0000] {dag.py:3096} INFO - Sync 1 DAGs
[2025-06-13T14:49:21.653+0000] {logging_mixin.py:188} INFO - [2025-06-13T14:49:21.652+0000] {dag.py:3954} INFO - Setting next_dagrun for example_dynamic_task_mapping to 2022-03-04 00:00:00+00:00, run_after=2022-03-05 00:00:00+00:00
[2025-06-13T14:49:21.669+0000] {processor.py:183} INFO - Processing /home/airflow/.local/lib/python3.10/site-packages/airflow/example_dags/example_dynamic_task_mapping.py took 0.058 seconds
[2025-06-13T14:49:51.799+0000] {processor.py:161} INFO - Started process (PID=716) to work on /home/airflow/.local/lib/python3.10/site-packages/airflow/example_dags/example_dynamic_task_mapping.py
[2025-06-13T14:49:51.800+0000] {processor.py:830} INFO - Processing file /home/airflow/.local/lib/python3.10/site-packages/airflow/example_dags/example_dynamic_task_mapping.py for tasks to queue
[2025-06-13T14:49:51.805+0000] {logging_mixin.py:188} INFO - [2025-06-13T14:49:51.805+0000] {dagbag.py:540} INFO - Filling up the DagBag from /home/airflow/.local/lib/python3.10/site-packages/airflow/example_dags/example_dynamic_task_mapping.py
[2025-06-13T14:49:51.809+0000] {processor.py:840} INFO - DAG(s) 'example_dynamic_task_mapping' retrieved from /home/airflow/.local/lib/python3.10/site-packages/airflow/example_dags/example_dynamic_task_mapping.py
[2025-06-13T14:49:51.823+0000] {logging_mixin.py:188} INFO - [2025-06-13T14:49:51.823+0000] {dag.py:3096} INFO - Sync 1 DAGs
[2025-06-13T14:49:51.838+0000] {logging_mixin.py:188} INFO - [2025-06-13T14:49:51.837+0000] {dag.py:3954} INFO - Setting next_dagrun for example_dynamic_task_mapping to 2022-03-04 00:00:00+00:00, run_after=2022-03-05 00:00:00+00:00
[2025-06-13T14:49:51.855+0000] {processor.py:183} INFO - Processing /home/airflow/.local/lib/python3.10/site-packages/airflow/example_dags/example_dynamic_task_mapping.py took 0.060 seconds
[2025-06-13T14:50:22.340+0000] {processor.py:161} INFO - Started process (PID=776) to work on /home/airflow/.local/lib/python3.10/site-packages/airflow/example_dags/example_dynamic_task_mapping.py
[2025-06-13T14:50:22.341+0000] {processor.py:830} INFO - Processing file /home/airflow/.local/lib/python3.10/site-packages/airflow/example_dags/example_dynamic_task_mapping.py for tasks to queue
[2025-06-13T14:50:22.343+0000] {logging_mixin.py:188} INFO - [2025-06-13T14:50:22.343+0000] {dagbag.py:540} INFO - Filling up the DagBag from /home/airflow/.local/lib/python3.10/site-packages/airflow/example_dags/example_dynamic_task_mapping.py
[2025-06-13T14:50:22.348+0000] {processor.py:840} INFO - DAG(s) 'example_dynamic_task_mapping' retrieved from /home/airflow/.local/lib/python3.10/site-packages/airflow/example_dags/example_dynamic_task_mapping.py
[2025-06-13T14:50:22.362+0000] {logging_mixin.py:188} INFO - [2025-06-13T14:50:22.362+0000] {dag.py:3096} INFO - Sync 1 DAGs
[2025-06-13T14:50:22.374+0000] {logging_mixin.py:188} INFO - [2025-06-13T14:50:22.374+0000] {dag.py:3954} INFO - Setting next_dagrun for example_dynamic_task_mapping to 2022-03-04 00:00:00+00:00, run_after=2022-03-05 00:00:00+00:00
[2025-06-13T14:50:22.386+0000] {processor.py:183} INFO - Processing /home/airflow/.local/lib/python3.10/site-packages/airflow/example_dags/example_dynamic_task_mapping.py took 0.051 seconds
[2025-06-13T14:50:52.929+0000] {processor.py:161} INFO - Started process (PID=836) to work on /home/airflow/.local/lib/python3.10/site-packages/airflow/example_dags/example_dynamic_task_mapping.py
[2025-06-13T14:50:52.930+0000] {processor.py:830} INFO - Processing file /home/airflow/.local/lib/python3.10/site-packages/airflow/example_dags/example_dynamic_task_mapping.py for tasks to queue
[2025-06-13T14:50:52.931+0000] {logging_mixin.py:188} INFO - [2025-06-13T14:50:52.931+0000] {dagbag.py:540} INFO - Filling up the DagBag from /home/airflow/.local/lib/python3.10/site-packages/airflow/example_dags/example_dynamic_task_mapping.py
[2025-06-13T14:50:52.935+0000] {processor.py:840} INFO - DAG(s) 'example_dynamic_task_mapping' retrieved from /home/airflow/.local/lib/python3.10/site-packages/airflow/example_dags/example_dynamic_task_mapping.py
[2025-06-13T14:50:52.945+0000] {logging_mixin.py:188} INFO - [2025-06-13T14:50:52.945+0000] {dag.py:3096} INFO - Sync 1 DAGs
[2025-06-13T14:50:52.955+0000] {logging_mixin.py:188} INFO - [2025-06-13T14:50:52.955+0000] {dag.py:3954} INFO - Setting next_dagrun for example_dynamic_task_mapping to 2022-03-04 00:00:00+00:00, run_after=2022-03-05 00:00:00+00:00
[2025-06-13T14:50:52.965+0000] {processor.py:183} INFO - Processing /home/airflow/.local/lib/python3.10/site-packages/airflow/example_dags/example_dynamic_task_mapping.py took 0.041 seconds
[2025-06-13T14:51:23.631+0000] {processor.py:161} INFO - Started process (PID=896) to work on /home/airflow/.local/lib/python3.10/site-packages/airflow/example_dags/example_dynamic_task_mapping.py
[2025-06-13T14:51:23.633+0000] {processor.py:830} INFO - Processing file /home/airflow/.local/lib/python3.10/site-packages/airflow/example_dags/example_dynamic_task_mapping.py for tasks to queue
[2025-06-13T14:51:23.635+0000] {logging_mixin.py:188} INFO - [2025-06-13T14:51:23.635+0000] {dagbag.py:540} INFO - Filling up the DagBag from /home/airflow/.local/lib/python3.10/site-packages/airflow/example_dags/example_dynamic_task_mapping.py
[2025-06-13T14:51:23.639+0000] {processor.py:840} INFO - DAG(s) 'example_dynamic_task_mapping' retrieved from /home/airflow/.local/lib/python3.10/site-packages/airflow/example_dags/example_dynamic_task_mapping.py
[2025-06-13T14:51:23.652+0000] {logging_mixin.py:188} INFO - [2025-06-13T14:51:23.652+0000] {dag.py:3096} INFO - Sync 1 DAGs
[2025-06-13T14:51:23.669+0000] {logging_mixin.py:188} INFO - [2025-06-13T14:51:23.668+0000] {dag.py:3954} INFO - Setting next_dagrun for example_dynamic_task_mapping to 2022-03-04 00:00:00+00:00, run_after=2022-03-05 00:00:00+00:00
[2025-06-13T14:51:23.695+0000] {processor.py:183} INFO - Processing /home/airflow/.local/lib/python3.10/site-packages/airflow/example_dags/example_dynamic_task_mapping.py took 0.068 seconds
[2025-06-13T14:51:54.232+0000] {processor.py:161} INFO - Started process (PID=956) to work on /home/airflow/.local/lib/python3.10/site-packages/airflow/example_dags/example_dynamic_task_mapping.py
[2025-06-13T14:51:54.234+0000] {processor.py:830} INFO - Processing file /home/airflow/.local/lib/python3.10/site-packages/airflow/example_dags/example_dynamic_task_mapping.py for tasks to queue
[2025-06-13T14:51:54.235+0000] {logging_mixin.py:188} INFO - [2025-06-13T14:51:54.235+0000] {dagbag.py:540} INFO - Filling up the DagBag from /home/airflow/.local/lib/python3.10/site-packages/airflow/example_dags/example_dynamic_task_mapping.py
[2025-06-13T14:51:54.238+0000] {processor.py:840} INFO - DAG(s) 'example_dynamic_task_mapping' retrieved from /home/airflow/.local/lib/python3.10/site-packages/airflow/example_dags/example_dynamic_task_mapping.py
[2025-06-13T14:51:54.250+0000] {logging_mixin.py:188} INFO - [2025-06-13T14:51:54.250+0000] {dag.py:3096} INFO - Sync 1 DAGs
[2025-06-13T14:51:54.263+0000] {logging_mixin.py:188} INFO - [2025-06-13T14:51:54.262+0000] {dag.py:3954} INFO - Setting next_dagrun for example_dynamic_task_mapping to 2022-03-04 00:00:00+00:00, run_after=2022-03-05 00:00:00+00:00
[2025-06-13T14:51:54.272+0000] {processor.py:183} INFO - Processing /home/airflow/.local/lib/python3.10/site-packages/airflow/example_dags/example_dynamic_task_mapping.py took 0.043 seconds
[2025-06-13T14:52:24.822+0000] {processor.py:161} INFO - Started process (PID=1016) to work on /home/airflow/.local/lib/python3.10/site-packages/airflow/example_dags/example_dynamic_task_mapping.py
[2025-06-13T14:52:24.823+0000] {processor.py:830} INFO - Processing file /home/airflow/.local/lib/python3.10/site-packages/airflow/example_dags/example_dynamic_task_mapping.py for tasks to queue
[2025-06-13T14:52:24.824+0000] {logging_mixin.py:188} INFO - [2025-06-13T14:52:24.824+0000] {dagbag.py:540} INFO - Filling up the DagBag from /home/airflow/.local/lib/python3.10/site-packages/airflow/example_dags/example_dynamic_task_mapping.py
[2025-06-13T14:52:24.828+0000] {processor.py:840} INFO - DAG(s) 'example_dynamic_task_mapping' retrieved from /home/airflow/.local/lib/python3.10/site-packages/airflow/example_dags/example_dynamic_task_mapping.py
[2025-06-13T14:52:24.840+0000] {logging_mixin.py:188} INFO - [2025-06-13T14:52:24.840+0000] {dag.py:3096} INFO - Sync 1 DAGs
[2025-06-13T14:52:24.852+0000] {logging_mixin.py:188} INFO - [2025-06-13T14:52:24.852+0000] {dag.py:3954} INFO - Setting next_dagrun for example_dynamic_task_mapping to 2022-03-04 00:00:00+00:00, run_after=2022-03-05 00:00:00+00:00
[2025-06-13T14:52:24.864+0000] {processor.py:183} INFO - Processing /home/airflow/.local/lib/python3.10/site-packages/airflow/example_dags/example_dynamic_task_mapping.py took 0.047 seconds
[2025-06-13T14:52:55.984+0000] {processor.py:161} INFO - Started process (PID=1076) to work on /home/airflow/.local/lib/python3.10/site-packages/airflow/example_dags/example_dynamic_task_mapping.py
[2025-06-13T14:52:55.985+0000] {processor.py:830} INFO - Processing file /home/airflow/.local/lib/python3.10/site-packages/airflow/example_dags/example_dynamic_task_mapping.py for tasks to queue
[2025-06-13T14:52:55.987+0000] {logging_mixin.py:188} INFO - [2025-06-13T14:52:55.986+0000] {dagbag.py:540} INFO - Filling up the DagBag from /home/airflow/.local/lib/python3.10/site-packages/airflow/example_dags/example_dynamic_task_mapping.py
[2025-06-13T14:52:55.991+0000] {processor.py:840} INFO - DAG(s) 'example_dynamic_task_mapping' retrieved from /home/airflow/.local/lib/python3.10/site-packages/airflow/example_dags/example_dynamic_task_mapping.py
[2025-06-13T14:52:56.006+0000] {logging_mixin.py:188} INFO - [2025-06-13T14:52:56.006+0000] {dag.py:3096} INFO - Sync 1 DAGs
[2025-06-13T14:52:56.020+0000] {logging_mixin.py:188} INFO - [2025-06-13T14:52:56.020+0000] {dag.py:3954} INFO - Setting next_dagrun for example_dynamic_task_mapping to 2022-03-04 00:00:00+00:00, run_after=2022-03-05 00:00:00+00:00
[2025-06-13T14:52:56.031+0000] {processor.py:183} INFO - Processing /home/airflow/.local/lib/python3.10/site-packages/airflow/example_dags/example_dynamic_task_mapping.py took 0.052 seconds
[2025-06-13T14:53:26.248+0000] {processor.py:161} INFO - Started process (PID=1134) to work on /home/airflow/.local/lib/python3.10/site-packages/airflow/example_dags/example_dynamic_task_mapping.py
[2025-06-13T14:53:26.253+0000] {processor.py:830} INFO - Processing file /home/airflow/.local/lib/python3.10/site-packages/airflow/example_dags/example_dynamic_task_mapping.py for tasks to queue
[2025-06-13T14:53:26.254+0000] {logging_mixin.py:188} INFO - [2025-06-13T14:53:26.254+0000] {dagbag.py:540} INFO - Filling up the DagBag from /home/airflow/.local/lib/python3.10/site-packages/airflow/example_dags/example_dynamic_task_mapping.py
[2025-06-13T14:53:26.259+0000] {processor.py:840} INFO - DAG(s) 'example_dynamic_task_mapping' retrieved from /home/airflow/.local/lib/python3.10/site-packages/airflow/example_dags/example_dynamic_task_mapping.py
[2025-06-13T14:53:26.276+0000] {logging_mixin.py:188} INFO - [2025-06-13T14:53:26.276+0000] {dag.py:3096} INFO - Sync 1 DAGs
[2025-06-13T14:53:26.288+0000] {logging_mixin.py:188} INFO - [2025-06-13T14:53:26.288+0000] {dag.py:3954} INFO - Setting next_dagrun for example_dynamic_task_mapping to 2022-03-04 00:00:00+00:00, run_after=2022-03-05 00:00:00+00:00
[2025-06-13T14:53:26.299+0000] {processor.py:183} INFO - Processing /home/airflow/.local/lib/python3.10/site-packages/airflow/example_dags/example_dynamic_task_mapping.py took 0.055 seconds
[2025-06-13T14:53:57.512+0000] {processor.py:161} INFO - Started process (PID=1196) to work on /home/airflow/.local/lib/python3.10/site-packages/airflow/example_dags/example_dynamic_task_mapping.py
[2025-06-13T14:53:57.513+0000] {processor.py:830} INFO - Processing file /home/airflow/.local/lib/python3.10/site-packages/airflow/example_dags/example_dynamic_task_mapping.py for tasks to queue
[2025-06-13T14:53:57.514+0000] {logging_mixin.py:188} INFO - [2025-06-13T14:53:57.514+0000] {dagbag.py:540} INFO - Filling up the DagBag from /home/airflow/.local/lib/python3.10/site-packages/airflow/example_dags/example_dynamic_task_mapping.py
[2025-06-13T14:53:57.518+0000] {processor.py:840} INFO - DAG(s) 'example_dynamic_task_mapping' retrieved from /home/airflow/.local/lib/python3.10/site-packages/airflow/example_dags/example_dynamic_task_mapping.py
[2025-06-13T14:53:57.531+0000] {logging_mixin.py:188} INFO - [2025-06-13T14:53:57.530+0000] {dag.py:3096} INFO - Sync 1 DAGs
[2025-06-13T14:53:57.545+0000] {logging_mixin.py:188} INFO - [2025-06-13T14:53:57.544+0000] {dag.py:3954} INFO - Setting next_dagrun for example_dynamic_task_mapping to 2022-03-04 00:00:00+00:00, run_after=2022-03-05 00:00:00+00:00
[2025-06-13T14:53:57.560+0000] {processor.py:183} INFO - Processing /home/airflow/.local/lib/python3.10/site-packages/airflow/example_dags/example_dynamic_task_mapping.py took 0.052 seconds
[2025-06-13T14:54:27.624+0000] {processor.py:161} INFO - Started process (PID=1255) to work on /home/airflow/.local/lib/python3.10/site-packages/airflow/example_dags/example_dynamic_task_mapping.py
[2025-06-13T14:54:27.624+0000] {processor.py:830} INFO - Processing file /home/airflow/.local/lib/python3.10/site-packages/airflow/example_dags/example_dynamic_task_mapping.py for tasks to queue
[2025-06-13T14:54:27.626+0000] {logging_mixin.py:188} INFO - [2025-06-13T14:54:27.626+0000] {dagbag.py:540} INFO - Filling up the DagBag from /home/airflow/.local/lib/python3.10/site-packages/airflow/example_dags/example_dynamic_task_mapping.py
[2025-06-13T14:54:27.633+0000] {processor.py:840} INFO - DAG(s) 'example_dynamic_task_mapping' retrieved from /home/airflow/.local/lib/python3.10/site-packages/airflow/example_dags/example_dynamic_task_mapping.py
[2025-06-13T14:54:27.655+0000] {logging_mixin.py:188} INFO - [2025-06-13T14:54:27.655+0000] {dag.py:3096} INFO - Sync 1 DAGs
[2025-06-13T14:54:27.671+0000] {logging_mixin.py:188} INFO - [2025-06-13T14:54:27.671+0000] {dag.py:3954} INFO - Setting next_dagrun for example_dynamic_task_mapping to 2022-03-04 00:00:00+00:00, run_after=2022-03-05 00:00:00+00:00
[2025-06-13T14:54:27.681+0000] {processor.py:183} INFO - Processing /home/airflow/.local/lib/python3.10/site-packages/airflow/example_dags/example_dynamic_task_mapping.py took 0.062 seconds
[2025-06-13T14:54:58.767+0000] {processor.py:161} INFO - Started process (PID=1316) to work on /home/airflow/.local/lib/python3.10/site-packages/airflow/example_dags/example_dynamic_task_mapping.py
[2025-06-13T14:54:58.768+0000] {processor.py:830} INFO - Processing file /home/airflow/.local/lib/python3.10/site-packages/airflow/example_dags/example_dynamic_task_mapping.py for tasks to queue
[2025-06-13T14:54:58.769+0000] {logging_mixin.py:188} INFO - [2025-06-13T14:54:58.769+0000] {dagbag.py:540} INFO - Filling up the DagBag from /home/airflow/.local/lib/python3.10/site-packages/airflow/example_dags/example_dynamic_task_mapping.py
[2025-06-13T14:54:58.773+0000] {processor.py:840} INFO - DAG(s) 'example_dynamic_task_mapping' retrieved from /home/airflow/.local/lib/python3.10/site-packages/airflow/example_dags/example_dynamic_task_mapping.py
[2025-06-13T14:54:58.788+0000] {logging_mixin.py:188} INFO - [2025-06-13T14:54:58.788+0000] {dag.py:3096} INFO - Sync 1 DAGs
[2025-06-13T14:54:58.805+0000] {logging_mixin.py:188} INFO - [2025-06-13T14:54:58.805+0000] {dag.py:3954} INFO - Setting next_dagrun for example_dynamic_task_mapping to 2022-03-04 00:00:00+00:00, run_after=2022-03-05 00:00:00+00:00
[2025-06-13T14:54:58.818+0000] {processor.py:183} INFO - Processing /home/airflow/.local/lib/python3.10/site-packages/airflow/example_dags/example_dynamic_task_mapping.py took 0.056 seconds
[2025-06-13T14:55:29.544+0000] {processor.py:161} INFO - Started process (PID=1376) to work on /home/airflow/.local/lib/python3.10/site-packages/airflow/example_dags/example_dynamic_task_mapping.py
[2025-06-13T14:55:29.547+0000] {processor.py:830} INFO - Processing file /home/airflow/.local/lib/python3.10/site-packages/airflow/example_dags/example_dynamic_task_mapping.py for tasks to queue
[2025-06-13T14:55:29.549+0000] {logging_mixin.py:188} INFO - [2025-06-13T14:55:29.549+0000] {dagbag.py:540} INFO - Filling up the DagBag from /home/airflow/.local/lib/python3.10/site-packages/airflow/example_dags/example_dynamic_task_mapping.py
[2025-06-13T14:55:29.558+0000] {processor.py:840} INFO - DAG(s) 'example_dynamic_task_mapping' retrieved from /home/airflow/.local/lib/python3.10/site-packages/airflow/example_dags/example_dynamic_task_mapping.py
[2025-06-13T14:55:29.577+0000] {logging_mixin.py:188} INFO - [2025-06-13T14:55:29.577+0000] {dag.py:3096} INFO - Sync 1 DAGs
[2025-06-13T14:55:29.594+0000] {logging_mixin.py:188} INFO - [2025-06-13T14:55:29.594+0000] {dag.py:3954} INFO - Setting next_dagrun for example_dynamic_task_mapping to 2022-03-04 00:00:00+00:00, run_after=2022-03-05 00:00:00+00:00
[2025-06-13T14:55:29.610+0000] {processor.py:183} INFO - Processing /home/airflow/.local/lib/python3.10/site-packages/airflow/example_dags/example_dynamic_task_mapping.py took 0.076 seconds
[2025-06-13T14:55:59.726+0000] {processor.py:161} INFO - Started process (PID=1434) to work on /home/airflow/.local/lib/python3.10/site-packages/airflow/example_dags/example_dynamic_task_mapping.py
[2025-06-13T14:55:59.727+0000] {processor.py:830} INFO - Processing file /home/airflow/.local/lib/python3.10/site-packages/airflow/example_dags/example_dynamic_task_mapping.py for tasks to queue
[2025-06-13T14:55:59.730+0000] {logging_mixin.py:188} INFO - [2025-06-13T14:55:59.729+0000] {dagbag.py:540} INFO - Filling up the DagBag from /home/airflow/.local/lib/python3.10/site-packages/airflow/example_dags/example_dynamic_task_mapping.py
[2025-06-13T14:55:59.739+0000] {processor.py:840} INFO - DAG(s) 'example_dynamic_task_mapping' retrieved from /home/airflow/.local/lib/python3.10/site-packages/airflow/example_dags/example_dynamic_task_mapping.py
[2025-06-13T14:55:59.756+0000] {logging_mixin.py:188} INFO - [2025-06-13T14:55:59.756+0000] {dag.py:3096} INFO - Sync 1 DAGs
[2025-06-13T14:55:59.768+0000] {logging_mixin.py:188} INFO - [2025-06-13T14:55:59.768+0000] {dag.py:3954} INFO - Setting next_dagrun for example_dynamic_task_mapping to 2022-03-04 00:00:00+00:00, run_after=2022-03-05 00:00:00+00:00
[2025-06-13T14:55:59.778+0000] {processor.py:183} INFO - Processing /home/airflow/.local/lib/python3.10/site-packages/airflow/example_dags/example_dynamic_task_mapping.py took 0.060 seconds
[2025-06-13T14:56:30.086+0000] {processor.py:161} INFO - Started process (PID=1494) to work on /home/airflow/.local/lib/python3.10/site-packages/airflow/example_dags/example_dynamic_task_mapping.py
[2025-06-13T14:56:30.088+0000] {processor.py:830} INFO - Processing file /home/airflow/.local/lib/python3.10/site-packages/airflow/example_dags/example_dynamic_task_mapping.py for tasks to queue
[2025-06-13T14:56:30.090+0000] {logging_mixin.py:188} INFO - [2025-06-13T14:56:30.090+0000] {dagbag.py:540} INFO - Filling up the DagBag from /home/airflow/.local/lib/python3.10/site-packages/airflow/example_dags/example_dynamic_task_mapping.py
[2025-06-13T14:56:30.096+0000] {processor.py:840} INFO - DAG(s) 'example_dynamic_task_mapping' retrieved from /home/airflow/.local/lib/python3.10/site-packages/airflow/example_dags/example_dynamic_task_mapping.py
[2025-06-13T14:56:30.126+0000] {logging_mixin.py:188} INFO - [2025-06-13T14:56:30.125+0000] {dag.py:3096} INFO - Sync 1 DAGs
[2025-06-13T14:56:30.147+0000] {logging_mixin.py:188} INFO - [2025-06-13T14:56:30.147+0000] {dag.py:3954} INFO - Setting next_dagrun for example_dynamic_task_mapping to 2022-03-04 00:00:00+00:00, run_after=2022-03-05 00:00:00+00:00
[2025-06-13T14:56:30.164+0000] {processor.py:183} INFO - Processing /home/airflow/.local/lib/python3.10/site-packages/airflow/example_dags/example_dynamic_task_mapping.py took 0.084 seconds
[2025-06-13T14:57:00.472+0000] {processor.py:161} INFO - Started process (PID=1554) to work on /home/airflow/.local/lib/python3.10/site-packages/airflow/example_dags/example_dynamic_task_mapping.py
[2025-06-13T14:57:00.474+0000] {processor.py:830} INFO - Processing file /home/airflow/.local/lib/python3.10/site-packages/airflow/example_dags/example_dynamic_task_mapping.py for tasks to queue
[2025-06-13T14:57:00.478+0000] {logging_mixin.py:188} INFO - [2025-06-13T14:57:00.478+0000] {dagbag.py:540} INFO - Filling up the DagBag from /home/airflow/.local/lib/python3.10/site-packages/airflow/example_dags/example_dynamic_task_mapping.py
[2025-06-13T14:57:00.497+0000] {processor.py:840} INFO - DAG(s) 'example_dynamic_task_mapping' retrieved from /home/airflow/.local/lib/python3.10/site-packages/airflow/example_dags/example_dynamic_task_mapping.py
[2025-06-13T14:57:00.526+0000] {logging_mixin.py:188} INFO - [2025-06-13T14:57:00.526+0000] {dag.py:3096} INFO - Sync 1 DAGs
[2025-06-13T14:57:00.548+0000] {logging_mixin.py:188} INFO - [2025-06-13T14:57:00.548+0000] {dag.py:3954} INFO - Setting next_dagrun for example_dynamic_task_mapping to 2022-03-04 00:00:00+00:00, run_after=2022-03-05 00:00:00+00:00
[2025-06-13T14:57:00.566+0000] {processor.py:183} INFO - Processing /home/airflow/.local/lib/python3.10/site-packages/airflow/example_dags/example_dynamic_task_mapping.py took 0.101 seconds
[2025-06-13T14:57:31.292+0000] {processor.py:161} INFO - Started process (PID=1614) to work on /home/airflow/.local/lib/python3.10/site-packages/airflow/example_dags/example_dynamic_task_mapping.py
[2025-06-13T14:57:31.296+0000] {processor.py:830} INFO - Processing file /home/airflow/.local/lib/python3.10/site-packages/airflow/example_dags/example_dynamic_task_mapping.py for tasks to queue
[2025-06-13T14:57:31.299+0000] {logging_mixin.py:188} INFO - [2025-06-13T14:57:31.298+0000] {dagbag.py:540} INFO - Filling up the DagBag from /home/airflow/.local/lib/python3.10/site-packages/airflow/example_dags/example_dynamic_task_mapping.py
[2025-06-13T14:57:31.310+0000] {processor.py:840} INFO - DAG(s) 'example_dynamic_task_mapping' retrieved from /home/airflow/.local/lib/python3.10/site-packages/airflow/example_dags/example_dynamic_task_mapping.py
[2025-06-13T14:57:31.338+0000] {logging_mixin.py:188} INFO - [2025-06-13T14:57:31.337+0000] {dag.py:3096} INFO - Sync 1 DAGs
[2025-06-13T14:57:31.360+0000] {logging_mixin.py:188} INFO - [2025-06-13T14:57:31.360+0000] {dag.py:3954} INFO - Setting next_dagrun for example_dynamic_task_mapping to 2022-03-04 00:00:00+00:00, run_after=2022-03-05 00:00:00+00:00
[2025-06-13T14:57:31.392+0000] {processor.py:183} INFO - Processing /home/airflow/.local/lib/python3.10/site-packages/airflow/example_dags/example_dynamic_task_mapping.py took 0.111 seconds
[2025-06-13T14:58:02.114+0000] {processor.py:161} INFO - Started process (PID=1674) to work on /home/airflow/.local/lib/python3.10/site-packages/airflow/example_dags/example_dynamic_task_mapping.py
[2025-06-13T14:58:02.115+0000] {processor.py:830} INFO - Processing file /home/airflow/.local/lib/python3.10/site-packages/airflow/example_dags/example_dynamic_task_mapping.py for tasks to queue
[2025-06-13T14:58:02.116+0000] {logging_mixin.py:188} INFO - [2025-06-13T14:58:02.116+0000] {dagbag.py:540} INFO - Filling up the DagBag from /home/airflow/.local/lib/python3.10/site-packages/airflow/example_dags/example_dynamic_task_mapping.py
[2025-06-13T14:58:02.122+0000] {processor.py:840} INFO - DAG(s) 'example_dynamic_task_mapping' retrieved from /home/airflow/.local/lib/python3.10/site-packages/airflow/example_dags/example_dynamic_task_mapping.py
[2025-06-13T14:58:02.144+0000] {logging_mixin.py:188} INFO - [2025-06-13T14:58:02.143+0000] {dag.py:3096} INFO - Sync 1 DAGs
[2025-06-13T14:58:02.173+0000] {logging_mixin.py:188} INFO - [2025-06-13T14:58:02.172+0000] {dag.py:3954} INFO - Setting next_dagrun for example_dynamic_task_mapping to 2022-03-04 00:00:00+00:00, run_after=2022-03-05 00:00:00+00:00
[2025-06-13T14:58:02.195+0000] {processor.py:183} INFO - Processing /home/airflow/.local/lib/python3.10/site-packages/airflow/example_dags/example_dynamic_task_mapping.py took 0.086 seconds
[2025-06-13T14:58:32.440+0000] {processor.py:161} INFO - Started process (PID=1734) to work on /home/airflow/.local/lib/python3.10/site-packages/airflow/example_dags/example_dynamic_task_mapping.py
[2025-06-13T14:58:32.447+0000] {processor.py:830} INFO - Processing file /home/airflow/.local/lib/python3.10/site-packages/airflow/example_dags/example_dynamic_task_mapping.py for tasks to queue
[2025-06-13T14:58:32.449+0000] {logging_mixin.py:188} INFO - [2025-06-13T14:58:32.449+0000] {dagbag.py:540} INFO - Filling up the DagBag from /home/airflow/.local/lib/python3.10/site-packages/airflow/example_dags/example_dynamic_task_mapping.py
[2025-06-13T14:58:32.456+0000] {processor.py:840} INFO - DAG(s) 'example_dynamic_task_mapping' retrieved from /home/airflow/.local/lib/python3.10/site-packages/airflow/example_dags/example_dynamic_task_mapping.py
[2025-06-13T14:58:32.475+0000] {logging_mixin.py:188} INFO - [2025-06-13T14:58:32.474+0000] {dag.py:3096} INFO - Sync 1 DAGs
[2025-06-13T14:58:32.493+0000] {logging_mixin.py:188} INFO - [2025-06-13T14:58:32.493+0000] {dag.py:3954} INFO - Setting next_dagrun for example_dynamic_task_mapping to 2022-03-04 00:00:00+00:00, run_after=2022-03-05 00:00:00+00:00
[2025-06-13T14:58:32.506+0000] {processor.py:183} INFO - Processing /home/airflow/.local/lib/python3.10/site-packages/airflow/example_dags/example_dynamic_task_mapping.py took 0.073 seconds
[2025-06-13T14:59:03.132+0000] {processor.py:161} INFO - Started process (PID=1794) to work on /home/airflow/.local/lib/python3.10/site-packages/airflow/example_dags/example_dynamic_task_mapping.py
[2025-06-13T14:59:03.138+0000] {processor.py:830} INFO - Processing file /home/airflow/.local/lib/python3.10/site-packages/airflow/example_dags/example_dynamic_task_mapping.py for tasks to queue
[2025-06-13T14:59:03.139+0000] {logging_mixin.py:188} INFO - [2025-06-13T14:59:03.139+0000] {dagbag.py:540} INFO - Filling up the DagBag from /home/airflow/.local/lib/python3.10/site-packages/airflow/example_dags/example_dynamic_task_mapping.py
[2025-06-13T14:59:03.145+0000] {processor.py:840} INFO - DAG(s) 'example_dynamic_task_mapping' retrieved from /home/airflow/.local/lib/python3.10/site-packages/airflow/example_dags/example_dynamic_task_mapping.py
[2025-06-13T14:59:03.164+0000] {logging_mixin.py:188} INFO - [2025-06-13T14:59:03.164+0000] {dag.py:3096} INFO - Sync 1 DAGs
[2025-06-13T14:59:03.186+0000] {logging_mixin.py:188} INFO - [2025-06-13T14:59:03.186+0000] {dag.py:3954} INFO - Setting next_dagrun for example_dynamic_task_mapping to 2022-03-04 00:00:00+00:00, run_after=2022-03-05 00:00:00+00:00
[2025-06-13T14:59:03.199+0000] {processor.py:183} INFO - Processing /home/airflow/.local/lib/python3.10/site-packages/airflow/example_dags/example_dynamic_task_mapping.py took 0.073 seconds
[2025-06-13T14:59:33.481+0000] {processor.py:161} INFO - Started process (PID=1854) to work on /home/airflow/.local/lib/python3.10/site-packages/airflow/example_dags/example_dynamic_task_mapping.py
[2025-06-13T14:59:33.483+0000] {processor.py:830} INFO - Processing file /home/airflow/.local/lib/python3.10/site-packages/airflow/example_dags/example_dynamic_task_mapping.py for tasks to queue
[2025-06-13T14:59:33.484+0000] {logging_mixin.py:188} INFO - [2025-06-13T14:59:33.484+0000] {dagbag.py:540} INFO - Filling up the DagBag from /home/airflow/.local/lib/python3.10/site-packages/airflow/example_dags/example_dynamic_task_mapping.py
[2025-06-13T14:59:33.495+0000] {processor.py:840} INFO - DAG(s) 'example_dynamic_task_mapping' retrieved from /home/airflow/.local/lib/python3.10/site-packages/airflow/example_dags/example_dynamic_task_mapping.py
[2025-06-13T14:59:33.523+0000] {logging_mixin.py:188} INFO - [2025-06-13T14:59:33.522+0000] {dag.py:3096} INFO - Sync 1 DAGs
[2025-06-13T14:59:33.549+0000] {logging_mixin.py:188} INFO - [2025-06-13T14:59:33.549+0000] {dag.py:3954} INFO - Setting next_dagrun for example_dynamic_task_mapping to 2022-03-04 00:00:00+00:00, run_after=2022-03-05 00:00:00+00:00
[2025-06-13T14:59:33.569+0000] {processor.py:183} INFO - Processing /home/airflow/.local/lib/python3.10/site-packages/airflow/example_dags/example_dynamic_task_mapping.py took 0.093 seconds
[2025-06-13T15:00:04.051+0000] {processor.py:161} INFO - Started process (PID=1914) to work on /home/airflow/.local/lib/python3.10/site-packages/airflow/example_dags/example_dynamic_task_mapping.py
[2025-06-13T15:00:04.052+0000] {processor.py:830} INFO - Processing file /home/airflow/.local/lib/python3.10/site-packages/airflow/example_dags/example_dynamic_task_mapping.py for tasks to queue
[2025-06-13T15:00:04.054+0000] {logging_mixin.py:188} INFO - [2025-06-13T15:00:04.054+0000] {dagbag.py:540} INFO - Filling up the DagBag from /home/airflow/.local/lib/python3.10/site-packages/airflow/example_dags/example_dynamic_task_mapping.py
[2025-06-13T15:00:04.067+0000] {processor.py:840} INFO - DAG(s) 'example_dynamic_task_mapping' retrieved from /home/airflow/.local/lib/python3.10/site-packages/airflow/example_dags/example_dynamic_task_mapping.py
[2025-06-13T15:00:04.091+0000] {logging_mixin.py:188} INFO - [2025-06-13T15:00:04.091+0000] {dag.py:3096} INFO - Sync 1 DAGs
[2025-06-13T15:00:04.106+0000] {logging_mixin.py:188} INFO - [2025-06-13T15:00:04.106+0000] {dag.py:3954} INFO - Setting next_dagrun for example_dynamic_task_mapping to 2022-03-04 00:00:00+00:00, run_after=2022-03-05 00:00:00+00:00
[2025-06-13T15:00:04.122+0000] {processor.py:183} INFO - Processing /home/airflow/.local/lib/python3.10/site-packages/airflow/example_dags/example_dynamic_task_mapping.py took 0.077 seconds
[2025-06-13T15:00:35.159+0000] {processor.py:161} INFO - Started process (PID=1974) to work on /home/airflow/.local/lib/python3.10/site-packages/airflow/example_dags/example_dynamic_task_mapping.py
[2025-06-13T15:00:35.160+0000] {processor.py:830} INFO - Processing file /home/airflow/.local/lib/python3.10/site-packages/airflow/example_dags/example_dynamic_task_mapping.py for tasks to queue
[2025-06-13T15:00:35.161+0000] {logging_mixin.py:188} INFO - [2025-06-13T15:00:35.161+0000] {dagbag.py:540} INFO - Filling up the DagBag from /home/airflow/.local/lib/python3.10/site-packages/airflow/example_dags/example_dynamic_task_mapping.py
[2025-06-13T15:00:35.165+0000] {processor.py:840} INFO - DAG(s) 'example_dynamic_task_mapping' retrieved from /home/airflow/.local/lib/python3.10/site-packages/airflow/example_dags/example_dynamic_task_mapping.py
[2025-06-13T15:00:35.184+0000] {logging_mixin.py:188} INFO - [2025-06-13T15:00:35.184+0000] {dag.py:3096} INFO - Sync 1 DAGs
[2025-06-13T15:00:35.225+0000] {logging_mixin.py:188} INFO - [2025-06-13T15:00:35.225+0000] {dag.py:3954} INFO - Setting next_dagrun for example_dynamic_task_mapping to 2022-03-04 00:00:00+00:00, run_after=2022-03-05 00:00:00+00:00
[2025-06-13T15:00:35.245+0000] {processor.py:183} INFO - Processing /home/airflow/.local/lib/python3.10/site-packages/airflow/example_dags/example_dynamic_task_mapping.py took 0.090 seconds
[2025-06-13T15:01:05.450+0000] {processor.py:161} INFO - Started process (PID=2034) to work on /home/airflow/.local/lib/python3.10/site-packages/airflow/example_dags/example_dynamic_task_mapping.py
[2025-06-13T15:01:05.455+0000] {processor.py:830} INFO - Processing file /home/airflow/.local/lib/python3.10/site-packages/airflow/example_dags/example_dynamic_task_mapping.py for tasks to queue
[2025-06-13T15:01:05.457+0000] {logging_mixin.py:188} INFO - [2025-06-13T15:01:05.457+0000] {dagbag.py:540} INFO - Filling up the DagBag from /home/airflow/.local/lib/python3.10/site-packages/airflow/example_dags/example_dynamic_task_mapping.py
[2025-06-13T15:01:05.462+0000] {processor.py:840} INFO - DAG(s) 'example_dynamic_task_mapping' retrieved from /home/airflow/.local/lib/python3.10/site-packages/airflow/example_dags/example_dynamic_task_mapping.py
[2025-06-13T15:01:05.478+0000] {logging_mixin.py:188} INFO - [2025-06-13T15:01:05.478+0000] {dag.py:3096} INFO - Sync 1 DAGs
[2025-06-13T15:01:05.491+0000] {logging_mixin.py:188} INFO - [2025-06-13T15:01:05.491+0000] {dag.py:3954} INFO - Setting next_dagrun for example_dynamic_task_mapping to 2022-03-04 00:00:00+00:00, run_after=2022-03-05 00:00:00+00:00
[2025-06-13T15:01:05.503+0000] {processor.py:183} INFO - Processing /home/airflow/.local/lib/python3.10/site-packages/airflow/example_dags/example_dynamic_task_mapping.py took 0.056 seconds
[2025-06-13T15:01:35.864+0000] {processor.py:161} INFO - Started process (PID=2094) to work on /home/airflow/.local/lib/python3.10/site-packages/airflow/example_dags/example_dynamic_task_mapping.py
[2025-06-13T15:01:35.865+0000] {processor.py:830} INFO - Processing file /home/airflow/.local/lib/python3.10/site-packages/airflow/example_dags/example_dynamic_task_mapping.py for tasks to queue
[2025-06-13T15:01:35.866+0000] {logging_mixin.py:188} INFO - [2025-06-13T15:01:35.866+0000] {dagbag.py:540} INFO - Filling up the DagBag from /home/airflow/.local/lib/python3.10/site-packages/airflow/example_dags/example_dynamic_task_mapping.py
[2025-06-13T15:01:35.870+0000] {processor.py:840} INFO - DAG(s) 'example_dynamic_task_mapping' retrieved from /home/airflow/.local/lib/python3.10/site-packages/airflow/example_dags/example_dynamic_task_mapping.py
[2025-06-13T15:01:35.886+0000] {logging_mixin.py:188} INFO - [2025-06-13T15:01:35.885+0000] {dag.py:3096} INFO - Sync 1 DAGs
[2025-06-13T15:01:35.898+0000] {logging_mixin.py:188} INFO - [2025-06-13T15:01:35.898+0000] {dag.py:3954} INFO - Setting next_dagrun for example_dynamic_task_mapping to 2022-03-04 00:00:00+00:00, run_after=2022-03-05 00:00:00+00:00
[2025-06-13T15:01:35.911+0000] {processor.py:183} INFO - Processing /home/airflow/.local/lib/python3.10/site-packages/airflow/example_dags/example_dynamic_task_mapping.py took 0.051 seconds
[2025-06-13T15:02:06.245+0000] {processor.py:161} INFO - Started process (PID=2154) to work on /home/airflow/.local/lib/python3.10/site-packages/airflow/example_dags/example_dynamic_task_mapping.py
[2025-06-13T15:02:06.246+0000] {processor.py:830} INFO - Processing file /home/airflow/.local/lib/python3.10/site-packages/airflow/example_dags/example_dynamic_task_mapping.py for tasks to queue
[2025-06-13T15:02:06.247+0000] {logging_mixin.py:188} INFO - [2025-06-13T15:02:06.247+0000] {dagbag.py:540} INFO - Filling up the DagBag from /home/airflow/.local/lib/python3.10/site-packages/airflow/example_dags/example_dynamic_task_mapping.py
[2025-06-13T15:02:06.251+0000] {processor.py:840} INFO - DAG(s) 'example_dynamic_task_mapping' retrieved from /home/airflow/.local/lib/python3.10/site-packages/airflow/example_dags/example_dynamic_task_mapping.py
[2025-06-13T15:02:06.262+0000] {logging_mixin.py:188} INFO - [2025-06-13T15:02:06.262+0000] {dag.py:3096} INFO - Sync 1 DAGs
[2025-06-13T15:02:06.274+0000] {logging_mixin.py:188} INFO - [2025-06-13T15:02:06.274+0000] {dag.py:3954} INFO - Setting next_dagrun for example_dynamic_task_mapping to 2022-03-04 00:00:00+00:00, run_after=2022-03-05 00:00:00+00:00
[2025-06-13T15:02:06.286+0000] {processor.py:183} INFO - Processing /home/airflow/.local/lib/python3.10/site-packages/airflow/example_dags/example_dynamic_task_mapping.py took 0.045 seconds
[2025-06-13T15:02:36.850+0000] {processor.py:161} INFO - Started process (PID=2214) to work on /home/airflow/.local/lib/python3.10/site-packages/airflow/example_dags/example_dynamic_task_mapping.py
[2025-06-13T15:02:36.850+0000] {processor.py:830} INFO - Processing file /home/airflow/.local/lib/python3.10/site-packages/airflow/example_dags/example_dynamic_task_mapping.py for tasks to queue
[2025-06-13T15:02:36.851+0000] {logging_mixin.py:188} INFO - [2025-06-13T15:02:36.851+0000] {dagbag.py:540} INFO - Filling up the DagBag from /home/airflow/.local/lib/python3.10/site-packages/airflow/example_dags/example_dynamic_task_mapping.py
[2025-06-13T15:02:36.855+0000] {processor.py:840} INFO - DAG(s) 'example_dynamic_task_mapping' retrieved from /home/airflow/.local/lib/python3.10/site-packages/airflow/example_dags/example_dynamic_task_mapping.py
[2025-06-13T15:02:36.870+0000] {logging_mixin.py:188} INFO - [2025-06-13T15:02:36.870+0000] {dag.py:3096} INFO - Sync 1 DAGs
[2025-06-13T15:02:36.880+0000] {logging_mixin.py:188} INFO - [2025-06-13T15:02:36.880+0000] {dag.py:3954} INFO - Setting next_dagrun for example_dynamic_task_mapping to 2022-03-04 00:00:00+00:00, run_after=2022-03-05 00:00:00+00:00
[2025-06-13T15:02:36.892+0000] {processor.py:183} INFO - Processing /home/airflow/.local/lib/python3.10/site-packages/airflow/example_dags/example_dynamic_task_mapping.py took 0.046 seconds
[2025-06-13T15:03:07.866+0000] {processor.py:161} INFO - Started process (PID=2274) to work on /home/airflow/.local/lib/python3.10/site-packages/airflow/example_dags/example_dynamic_task_mapping.py
[2025-06-13T15:03:07.869+0000] {processor.py:830} INFO - Processing file /home/airflow/.local/lib/python3.10/site-packages/airflow/example_dags/example_dynamic_task_mapping.py for tasks to queue
[2025-06-13T15:03:07.871+0000] {logging_mixin.py:188} INFO - [2025-06-13T15:03:07.870+0000] {dagbag.py:540} INFO - Filling up the DagBag from /home/airflow/.local/lib/python3.10/site-packages/airflow/example_dags/example_dynamic_task_mapping.py
[2025-06-13T15:03:07.875+0000] {processor.py:840} INFO - DAG(s) 'example_dynamic_task_mapping' retrieved from /home/airflow/.local/lib/python3.10/site-packages/airflow/example_dags/example_dynamic_task_mapping.py
[2025-06-13T15:03:07.888+0000] {logging_mixin.py:188} INFO - [2025-06-13T15:03:07.888+0000] {dag.py:3096} INFO - Sync 1 DAGs
[2025-06-13T15:03:07.904+0000] {logging_mixin.py:188} INFO - [2025-06-13T15:03:07.904+0000] {dag.py:3954} INFO - Setting next_dagrun for example_dynamic_task_mapping to 2022-03-04 00:00:00+00:00, run_after=2022-03-05 00:00:00+00:00
[2025-06-13T15:03:07.917+0000] {processor.py:183} INFO - Processing /home/airflow/.local/lib/python3.10/site-packages/airflow/example_dags/example_dynamic_task_mapping.py took 0.056 seconds
[2025-06-13T15:03:38.643+0000] {processor.py:161} INFO - Started process (PID=2334) to work on /home/airflow/.local/lib/python3.10/site-packages/airflow/example_dags/example_dynamic_task_mapping.py
[2025-06-13T15:03:38.644+0000] {processor.py:830} INFO - Processing file /home/airflow/.local/lib/python3.10/site-packages/airflow/example_dags/example_dynamic_task_mapping.py for tasks to queue
[2025-06-13T15:03:38.647+0000] {logging_mixin.py:188} INFO - [2025-06-13T15:03:38.647+0000] {dagbag.py:540} INFO - Filling up the DagBag from /home/airflow/.local/lib/python3.10/site-packages/airflow/example_dags/example_dynamic_task_mapping.py
[2025-06-13T15:03:38.653+0000] {processor.py:840} INFO - DAG(s) 'example_dynamic_task_mapping' retrieved from /home/airflow/.local/lib/python3.10/site-packages/airflow/example_dags/example_dynamic_task_mapping.py
[2025-06-13T15:03:38.688+0000] {logging_mixin.py:188} INFO - [2025-06-13T15:03:38.688+0000] {dag.py:3096} INFO - Sync 1 DAGs
[2025-06-13T15:03:38.703+0000] {logging_mixin.py:188} INFO - [2025-06-13T15:03:38.703+0000] {dag.py:3954} INFO - Setting next_dagrun for example_dynamic_task_mapping to 2022-03-04 00:00:00+00:00, run_after=2022-03-05 00:00:00+00:00
[2025-06-13T15:03:38.717+0000] {processor.py:183} INFO - Processing /home/airflow/.local/lib/python3.10/site-packages/airflow/example_dags/example_dynamic_task_mapping.py took 0.078 seconds
[2025-06-13T15:04:09.578+0000] {processor.py:161} INFO - Started process (PID=2394) to work on /home/airflow/.local/lib/python3.10/site-packages/airflow/example_dags/example_dynamic_task_mapping.py
[2025-06-13T15:04:09.581+0000] {processor.py:830} INFO - Processing file /home/airflow/.local/lib/python3.10/site-packages/airflow/example_dags/example_dynamic_task_mapping.py for tasks to queue
[2025-06-13T15:04:09.583+0000] {logging_mixin.py:188} INFO - [2025-06-13T15:04:09.583+0000] {dagbag.py:540} INFO - Filling up the DagBag from /home/airflow/.local/lib/python3.10/site-packages/airflow/example_dags/example_dynamic_task_mapping.py
[2025-06-13T15:04:09.590+0000] {processor.py:840} INFO - DAG(s) 'example_dynamic_task_mapping' retrieved from /home/airflow/.local/lib/python3.10/site-packages/airflow/example_dags/example_dynamic_task_mapping.py
[2025-06-13T15:04:09.605+0000] {logging_mixin.py:188} INFO - [2025-06-13T15:04:09.604+0000] {dag.py:3096} INFO - Sync 1 DAGs
[2025-06-13T15:04:09.618+0000] {logging_mixin.py:188} INFO - [2025-06-13T15:04:09.618+0000] {dag.py:3954} INFO - Setting next_dagrun for example_dynamic_task_mapping to 2022-03-04 00:00:00+00:00, run_after=2022-03-05 00:00:00+00:00
[2025-06-13T15:04:09.634+0000] {processor.py:183} INFO - Processing /home/airflow/.local/lib/python3.10/site-packages/airflow/example_dags/example_dynamic_task_mapping.py took 0.061 seconds
[2025-06-13T15:04:39.759+0000] {processor.py:161} INFO - Started process (PID=2454) to work on /home/airflow/.local/lib/python3.10/site-packages/airflow/example_dags/example_dynamic_task_mapping.py
[2025-06-13T15:04:39.763+0000] {processor.py:830} INFO - Processing file /home/airflow/.local/lib/python3.10/site-packages/airflow/example_dags/example_dynamic_task_mapping.py for tasks to queue
[2025-06-13T15:04:39.764+0000] {logging_mixin.py:188} INFO - [2025-06-13T15:04:39.764+0000] {dagbag.py:540} INFO - Filling up the DagBag from /home/airflow/.local/lib/python3.10/site-packages/airflow/example_dags/example_dynamic_task_mapping.py
[2025-06-13T15:04:39.768+0000] {processor.py:840} INFO - DAG(s) 'example_dynamic_task_mapping' retrieved from /home/airflow/.local/lib/python3.10/site-packages/airflow/example_dags/example_dynamic_task_mapping.py
[2025-06-13T15:04:39.780+0000] {logging_mixin.py:188} INFO - [2025-06-13T15:04:39.780+0000] {dag.py:3096} INFO - Sync 1 DAGs
[2025-06-13T15:04:39.791+0000] {logging_mixin.py:188} INFO - [2025-06-13T15:04:39.790+0000] {dag.py:3954} INFO - Setting next_dagrun for example_dynamic_task_mapping to 2022-03-04 00:00:00+00:00, run_after=2022-03-05 00:00:00+00:00
[2025-06-13T15:04:39.802+0000] {processor.py:183} INFO - Processing /home/airflow/.local/lib/python3.10/site-packages/airflow/example_dags/example_dynamic_task_mapping.py took 0.047 seconds
[2025-06-13T15:05:10.400+0000] {processor.py:161} INFO - Started process (PID=2514) to work on /home/airflow/.local/lib/python3.10/site-packages/airflow/example_dags/example_dynamic_task_mapping.py
[2025-06-13T15:05:10.404+0000] {processor.py:830} INFO - Processing file /home/airflow/.local/lib/python3.10/site-packages/airflow/example_dags/example_dynamic_task_mapping.py for tasks to queue
[2025-06-13T15:05:10.407+0000] {logging_mixin.py:188} INFO - [2025-06-13T15:05:10.407+0000] {dagbag.py:540} INFO - Filling up the DagBag from /home/airflow/.local/lib/python3.10/site-packages/airflow/example_dags/example_dynamic_task_mapping.py
[2025-06-13T15:05:10.411+0000] {processor.py:840} INFO - DAG(s) 'example_dynamic_task_mapping' retrieved from /home/airflow/.local/lib/python3.10/site-packages/airflow/example_dags/example_dynamic_task_mapping.py
[2025-06-13T15:05:10.427+0000] {logging_mixin.py:188} INFO - [2025-06-13T15:05:10.426+0000] {dag.py:3096} INFO - Sync 1 DAGs
[2025-06-13T15:05:10.439+0000] {logging_mixin.py:188} INFO - [2025-06-13T15:05:10.439+0000] {dag.py:3954} INFO - Setting next_dagrun for example_dynamic_task_mapping to 2022-03-04 00:00:00+00:00, run_after=2022-03-05 00:00:00+00:00
[2025-06-13T15:05:10.450+0000] {processor.py:183} INFO - Processing /home/airflow/.local/lib/python3.10/site-packages/airflow/example_dags/example_dynamic_task_mapping.py took 0.053 seconds
