[2025-06-13T14:33:23.325+0000] {processor.py:161} INFO - Started process (PID=47) to work on /home/airflow/.local/lib/python3.10/site-packages/airflow/example_dags/example_external_task_marker_dag.py
[2025-06-13T14:33:23.326+0000] {processor.py:830} INFO - Processing file /home/airflow/.local/lib/python3.10/site-packages/airflow/example_dags/example_external_task_marker_dag.py for tasks to queue
[2025-06-13T14:33:23.328+0000] {logging_mixin.py:188} INFO - [2025-06-13T14:33:23.328+0000] {dagbag.py:540} INFO - Filling up the DagBag from /home/airflow/.local/lib/python3.10/site-packages/airflow/example_dags/example_external_task_marker_dag.py
[2025-06-13T14:33:23.337+0000] {processor.py:840} INFO - DAG(s) 'example_external_task_marker_child', 'example_external_task_marker_parent' retrieved from /home/airflow/.local/lib/python3.10/site-packages/airflow/example_dags/example_external_task_marker_dag.py
[2025-06-13T14:33:23.350+0000] {logging_mixin.py:188} INFO - [2025-06-13T14:33:23.350+0000] {dag.py:3096} INFO - Sync 2 DAGs
[2025-06-13T14:33:23.363+0000] {logging_mixin.py:188} INFO - [2025-06-13T14:33:23.362+0000] {dag.py:3954} INFO - Setting next_dagrun for example_external_task_marker_child to None, run_after=None
[2025-06-13T14:33:23.365+0000] {logging_mixin.py:188} INFO - [2025-06-13T14:33:23.365+0000] {dag.py:3954} INFO - Setting next_dagrun for example_external_task_marker_parent to None, run_after=None
[2025-06-13T14:33:23.377+0000] {processor.py:183} INFO - Processing /home/airflow/.local/lib/python3.10/site-packages/airflow/example_dags/example_external_task_marker_dag.py took 0.057 seconds
[2025-06-13T14:33:53.775+0000] {processor.py:161} INFO - Started process (PID=104) to work on /home/airflow/.local/lib/python3.10/site-packages/airflow/example_dags/example_external_task_marker_dag.py
[2025-06-13T14:33:53.779+0000] {processor.py:830} INFO - Processing file /home/airflow/.local/lib/python3.10/site-packages/airflow/example_dags/example_external_task_marker_dag.py for tasks to queue
[2025-06-13T14:33:53.780+0000] {logging_mixin.py:188} INFO - [2025-06-13T14:33:53.780+0000] {dagbag.py:540} INFO - Filling up the DagBag from /home/airflow/.local/lib/python3.10/site-packages/airflow/example_dags/example_external_task_marker_dag.py
[2025-06-13T14:33:53.790+0000] {processor.py:840} INFO - DAG(s) 'example_external_task_marker_child', 'example_external_task_marker_parent' retrieved from /home/airflow/.local/lib/python3.10/site-packages/airflow/example_dags/example_external_task_marker_dag.py
[2025-06-13T14:33:53.852+0000] {logging_mixin.py:188} INFO - [2025-06-13T14:33:53.852+0000] {dag.py:3096} INFO - Sync 2 DAGs
[2025-06-13T14:33:53.857+0000] {logging_mixin.py:188} INFO - [2025-06-13T14:33:53.857+0000] {dag.py:3954} INFO - Setting next_dagrun for example_external_task_marker_child to None, run_after=None
[2025-06-13T14:33:53.859+0000] {logging_mixin.py:188} INFO - [2025-06-13T14:33:53.859+0000] {dag.py:3954} INFO - Setting next_dagrun for example_external_task_marker_parent to None, run_after=None
[2025-06-13T14:33:53.867+0000] {processor.py:183} INFO - Processing /home/airflow/.local/lib/python3.10/site-packages/airflow/example_dags/example_external_task_marker_dag.py took 0.096 seconds
[2025-06-13T14:34:23.908+0000] {processor.py:161} INFO - Started process (PID=162) to work on /home/airflow/.local/lib/python3.10/site-packages/airflow/example_dags/example_external_task_marker_dag.py
[2025-06-13T14:34:23.909+0000] {processor.py:830} INFO - Processing file /home/airflow/.local/lib/python3.10/site-packages/airflow/example_dags/example_external_task_marker_dag.py for tasks to queue
[2025-06-13T14:34:23.911+0000] {logging_mixin.py:188} INFO - [2025-06-13T14:34:23.911+0000] {dagbag.py:540} INFO - Filling up the DagBag from /home/airflow/.local/lib/python3.10/site-packages/airflow/example_dags/example_external_task_marker_dag.py
[2025-06-13T14:34:23.917+0000] {processor.py:840} INFO - DAG(s) 'example_external_task_marker_parent', 'example_external_task_marker_child' retrieved from /home/airflow/.local/lib/python3.10/site-packages/airflow/example_dags/example_external_task_marker_dag.py
[2025-06-13T14:34:23.932+0000] {logging_mixin.py:188} INFO - [2025-06-13T14:34:23.932+0000] {dag.py:3096} INFO - Sync 2 DAGs
[2025-06-13T14:34:23.938+0000] {logging_mixin.py:188} INFO - [2025-06-13T14:34:23.938+0000] {dag.py:3954} INFO - Setting next_dagrun for example_external_task_marker_child to None, run_after=None
[2025-06-13T14:34:23.940+0000] {logging_mixin.py:188} INFO - [2025-06-13T14:34:23.940+0000] {dag.py:3954} INFO - Setting next_dagrun for example_external_task_marker_parent to None, run_after=None
[2025-06-13T14:34:23.953+0000] {processor.py:183} INFO - Processing /home/airflow/.local/lib/python3.10/site-packages/airflow/example_dags/example_external_task_marker_dag.py took 0.048 seconds
[2025-06-13T14:34:54.381+0000] {processor.py:161} INFO - Started process (PID=220) to work on /home/airflow/.local/lib/python3.10/site-packages/airflow/example_dags/example_external_task_marker_dag.py
[2025-06-13T14:34:54.382+0000] {processor.py:830} INFO - Processing file /home/airflow/.local/lib/python3.10/site-packages/airflow/example_dags/example_external_task_marker_dag.py for tasks to queue
[2025-06-13T14:34:54.383+0000] {logging_mixin.py:188} INFO - [2025-06-13T14:34:54.383+0000] {dagbag.py:540} INFO - Filling up the DagBag from /home/airflow/.local/lib/python3.10/site-packages/airflow/example_dags/example_external_task_marker_dag.py
[2025-06-13T14:34:54.387+0000] {processor.py:840} INFO - DAG(s) 'example_external_task_marker_child', 'example_external_task_marker_parent' retrieved from /home/airflow/.local/lib/python3.10/site-packages/airflow/example_dags/example_external_task_marker_dag.py
[2025-06-13T14:34:54.414+0000] {logging_mixin.py:188} INFO - [2025-06-13T14:34:54.413+0000] {dag.py:3096} INFO - Sync 2 DAGs
[2025-06-13T14:34:54.423+0000] {logging_mixin.py:188} INFO - [2025-06-13T14:34:54.423+0000] {dag.py:3954} INFO - Setting next_dagrun for example_external_task_marker_child to None, run_after=None
[2025-06-13T14:34:54.426+0000] {logging_mixin.py:188} INFO - [2025-06-13T14:34:54.426+0000] {dag.py:3954} INFO - Setting next_dagrun for example_external_task_marker_parent to None, run_after=None
[2025-06-13T14:34:54.440+0000] {processor.py:183} INFO - Processing /home/airflow/.local/lib/python3.10/site-packages/airflow/example_dags/example_external_task_marker_dag.py took 0.063 seconds
[2025-06-13T14:35:24.825+0000] {processor.py:161} INFO - Started process (PID=278) to work on /home/airflow/.local/lib/python3.10/site-packages/airflow/example_dags/example_external_task_marker_dag.py
[2025-06-13T14:35:24.826+0000] {processor.py:830} INFO - Processing file /home/airflow/.local/lib/python3.10/site-packages/airflow/example_dags/example_external_task_marker_dag.py for tasks to queue
[2025-06-13T14:35:24.830+0000] {logging_mixin.py:188} INFO - [2025-06-13T14:35:24.829+0000] {dagbag.py:540} INFO - Filling up the DagBag from /home/airflow/.local/lib/python3.10/site-packages/airflow/example_dags/example_external_task_marker_dag.py
[2025-06-13T14:35:24.833+0000] {processor.py:840} INFO - DAG(s) 'example_external_task_marker_parent', 'example_external_task_marker_child' retrieved from /home/airflow/.local/lib/python3.10/site-packages/airflow/example_dags/example_external_task_marker_dag.py
[2025-06-13T14:35:24.852+0000] {logging_mixin.py:188} INFO - [2025-06-13T14:35:24.852+0000] {dag.py:3096} INFO - Sync 2 DAGs
[2025-06-13T14:35:24.859+0000] {logging_mixin.py:188} INFO - [2025-06-13T14:35:24.859+0000] {dag.py:3954} INFO - Setting next_dagrun for example_external_task_marker_child to None, run_after=None
[2025-06-13T14:35:24.861+0000] {logging_mixin.py:188} INFO - [2025-06-13T14:35:24.861+0000] {dag.py:3954} INFO - Setting next_dagrun for example_external_task_marker_parent to None, run_after=None
[2025-06-13T14:35:24.869+0000] {processor.py:183} INFO - Processing /home/airflow/.local/lib/python3.10/site-packages/airflow/example_dags/example_external_task_marker_dag.py took 0.048 seconds
[2025-06-13T14:35:55.675+0000] {processor.py:161} INFO - Started process (PID=336) to work on /home/airflow/.local/lib/python3.10/site-packages/airflow/example_dags/example_external_task_marker_dag.py
[2025-06-13T14:35:55.678+0000] {processor.py:830} INFO - Processing file /home/airflow/.local/lib/python3.10/site-packages/airflow/example_dags/example_external_task_marker_dag.py for tasks to queue
[2025-06-13T14:35:55.679+0000] {logging_mixin.py:188} INFO - [2025-06-13T14:35:55.679+0000] {dagbag.py:540} INFO - Filling up the DagBag from /home/airflow/.local/lib/python3.10/site-packages/airflow/example_dags/example_external_task_marker_dag.py
[2025-06-13T14:35:55.683+0000] {processor.py:840} INFO - DAG(s) 'example_external_task_marker_parent', 'example_external_task_marker_child' retrieved from /home/airflow/.local/lib/python3.10/site-packages/airflow/example_dags/example_external_task_marker_dag.py
[2025-06-13T14:35:55.700+0000] {logging_mixin.py:188} INFO - [2025-06-13T14:35:55.700+0000] {dag.py:3096} INFO - Sync 2 DAGs
[2025-06-13T14:35:55.714+0000] {logging_mixin.py:188} INFO - [2025-06-13T14:35:55.713+0000] {dag.py:3954} INFO - Setting next_dagrun for example_external_task_marker_child to None, run_after=None
[2025-06-13T14:35:55.718+0000] {logging_mixin.py:188} INFO - [2025-06-13T14:35:55.717+0000] {dag.py:3954} INFO - Setting next_dagrun for example_external_task_marker_parent to None, run_after=None
[2025-06-13T14:35:55.730+0000] {processor.py:183} INFO - Processing /home/airflow/.local/lib/python3.10/site-packages/airflow/example_dags/example_external_task_marker_dag.py took 0.059 seconds
[2025-06-13T14:36:25.951+0000] {processor.py:161} INFO - Started process (PID=394) to work on /home/airflow/.local/lib/python3.10/site-packages/airflow/example_dags/example_external_task_marker_dag.py
[2025-06-13T14:36:25.954+0000] {processor.py:830} INFO - Processing file /home/airflow/.local/lib/python3.10/site-packages/airflow/example_dags/example_external_task_marker_dag.py for tasks to queue
[2025-06-13T14:36:25.957+0000] {logging_mixin.py:188} INFO - [2025-06-13T14:36:25.957+0000] {dagbag.py:540} INFO - Filling up the DagBag from /home/airflow/.local/lib/python3.10/site-packages/airflow/example_dags/example_external_task_marker_dag.py
[2025-06-13T14:36:25.964+0000] {processor.py:840} INFO - DAG(s) 'example_external_task_marker_parent', 'example_external_task_marker_child' retrieved from /home/airflow/.local/lib/python3.10/site-packages/airflow/example_dags/example_external_task_marker_dag.py
[2025-06-13T14:36:25.990+0000] {logging_mixin.py:188} INFO - [2025-06-13T14:36:25.990+0000] {dag.py:3096} INFO - Sync 2 DAGs
[2025-06-13T14:36:26.003+0000] {logging_mixin.py:188} INFO - [2025-06-13T14:36:26.003+0000] {dag.py:3954} INFO - Setting next_dagrun for example_external_task_marker_child to None, run_after=None
[2025-06-13T14:36:26.007+0000] {logging_mixin.py:188} INFO - [2025-06-13T14:36:26.007+0000] {dag.py:3954} INFO - Setting next_dagrun for example_external_task_marker_parent to None, run_after=None
[2025-06-13T14:36:26.041+0000] {processor.py:183} INFO - Processing /home/airflow/.local/lib/python3.10/site-packages/airflow/example_dags/example_external_task_marker_dag.py took 0.106 seconds
[2025-06-13T14:36:56.530+0000] {processor.py:161} INFO - Started process (PID=452) to work on /home/airflow/.local/lib/python3.10/site-packages/airflow/example_dags/example_external_task_marker_dag.py
[2025-06-13T14:36:56.531+0000] {processor.py:830} INFO - Processing file /home/airflow/.local/lib/python3.10/site-packages/airflow/example_dags/example_external_task_marker_dag.py for tasks to queue
[2025-06-13T14:36:56.532+0000] {logging_mixin.py:188} INFO - [2025-06-13T14:36:56.532+0000] {dagbag.py:540} INFO - Filling up the DagBag from /home/airflow/.local/lib/python3.10/site-packages/airflow/example_dags/example_external_task_marker_dag.py
[2025-06-13T14:36:56.536+0000] {processor.py:840} INFO - DAG(s) 'example_external_task_marker_child', 'example_external_task_marker_parent' retrieved from /home/airflow/.local/lib/python3.10/site-packages/airflow/example_dags/example_external_task_marker_dag.py
[2025-06-13T14:36:56.552+0000] {logging_mixin.py:188} INFO - [2025-06-13T14:36:56.552+0000] {dag.py:3096} INFO - Sync 2 DAGs
[2025-06-13T14:36:56.559+0000] {logging_mixin.py:188} INFO - [2025-06-13T14:36:56.559+0000] {dag.py:3954} INFO - Setting next_dagrun for example_external_task_marker_child to None, run_after=None
[2025-06-13T14:36:56.561+0000] {logging_mixin.py:188} INFO - [2025-06-13T14:36:56.561+0000] {dag.py:3954} INFO - Setting next_dagrun for example_external_task_marker_parent to None, run_after=None
[2025-06-13T14:36:56.571+0000] {processor.py:183} INFO - Processing /home/airflow/.local/lib/python3.10/site-packages/airflow/example_dags/example_external_task_marker_dag.py took 0.049 seconds
[2025-06-13T14:37:26.974+0000] {processor.py:161} INFO - Started process (PID=510) to work on /home/airflow/.local/lib/python3.10/site-packages/airflow/example_dags/example_external_task_marker_dag.py
[2025-06-13T14:37:26.975+0000] {processor.py:830} INFO - Processing file /home/airflow/.local/lib/python3.10/site-packages/airflow/example_dags/example_external_task_marker_dag.py for tasks to queue
[2025-06-13T14:37:26.977+0000] {logging_mixin.py:188} INFO - [2025-06-13T14:37:26.977+0000] {dagbag.py:540} INFO - Filling up the DagBag from /home/airflow/.local/lib/python3.10/site-packages/airflow/example_dags/example_external_task_marker_dag.py
[2025-06-13T14:37:26.982+0000] {processor.py:840} INFO - DAG(s) 'example_external_task_marker_parent', 'example_external_task_marker_child' retrieved from /home/airflow/.local/lib/python3.10/site-packages/airflow/example_dags/example_external_task_marker_dag.py
[2025-06-13T14:37:27.001+0000] {logging_mixin.py:188} INFO - [2025-06-13T14:37:27.001+0000] {dag.py:3096} INFO - Sync 2 DAGs
[2025-06-13T14:37:27.011+0000] {logging_mixin.py:188} INFO - [2025-06-13T14:37:27.011+0000] {dag.py:3954} INFO - Setting next_dagrun for example_external_task_marker_child to None, run_after=None
[2025-06-13T14:37:27.014+0000] {logging_mixin.py:188} INFO - [2025-06-13T14:37:27.014+0000] {dag.py:3954} INFO - Setting next_dagrun for example_external_task_marker_parent to None, run_after=None
[2025-06-13T14:37:27.024+0000] {processor.py:183} INFO - Processing /home/airflow/.local/lib/python3.10/site-packages/airflow/example_dags/example_external_task_marker_dag.py took 0.055 seconds
[2025-06-13T14:37:57.433+0000] {processor.py:161} INFO - Started process (PID=568) to work on /home/airflow/.local/lib/python3.10/site-packages/airflow/example_dags/example_external_task_marker_dag.py
[2025-06-13T14:37:57.435+0000] {processor.py:830} INFO - Processing file /home/airflow/.local/lib/python3.10/site-packages/airflow/example_dags/example_external_task_marker_dag.py for tasks to queue
[2025-06-13T14:37:57.437+0000] {logging_mixin.py:188} INFO - [2025-06-13T14:37:57.437+0000] {dagbag.py:540} INFO - Filling up the DagBag from /home/airflow/.local/lib/python3.10/site-packages/airflow/example_dags/example_external_task_marker_dag.py
[2025-06-13T14:37:57.441+0000] {processor.py:840} INFO - DAG(s) 'example_external_task_marker_child', 'example_external_task_marker_parent' retrieved from /home/airflow/.local/lib/python3.10/site-packages/airflow/example_dags/example_external_task_marker_dag.py
[2025-06-13T14:37:57.460+0000] {logging_mixin.py:188} INFO - [2025-06-13T14:37:57.459+0000] {dag.py:3096} INFO - Sync 2 DAGs
[2025-06-13T14:37:57.468+0000] {logging_mixin.py:188} INFO - [2025-06-13T14:37:57.468+0000] {dag.py:3954} INFO - Setting next_dagrun for example_external_task_marker_child to None, run_after=None
[2025-06-13T14:37:57.470+0000] {logging_mixin.py:188} INFO - [2025-06-13T14:37:57.469+0000] {dag.py:3954} INFO - Setting next_dagrun for example_external_task_marker_parent to None, run_after=None
[2025-06-13T14:37:57.478+0000] {processor.py:183} INFO - Processing /home/airflow/.local/lib/python3.10/site-packages/airflow/example_dags/example_external_task_marker_dag.py took 0.049 seconds
[2025-06-13T14:38:27.822+0000] {processor.py:161} INFO - Started process (PID=628) to work on /home/airflow/.local/lib/python3.10/site-packages/airflow/example_dags/example_external_task_marker_dag.py
[2025-06-13T14:38:27.825+0000] {processor.py:830} INFO - Processing file /home/airflow/.local/lib/python3.10/site-packages/airflow/example_dags/example_external_task_marker_dag.py for tasks to queue
[2025-06-13T14:38:27.826+0000] {logging_mixin.py:188} INFO - [2025-06-13T14:38:27.826+0000] {dagbag.py:540} INFO - Filling up the DagBag from /home/airflow/.local/lib/python3.10/site-packages/airflow/example_dags/example_external_task_marker_dag.py
[2025-06-13T14:38:27.830+0000] {processor.py:840} INFO - DAG(s) 'example_external_task_marker_parent', 'example_external_task_marker_child' retrieved from /home/airflow/.local/lib/python3.10/site-packages/airflow/example_dags/example_external_task_marker_dag.py
[2025-06-13T14:38:27.852+0000] {logging_mixin.py:188} INFO - [2025-06-13T14:38:27.852+0000] {dag.py:3096} INFO - Sync 2 DAGs
[2025-06-13T14:38:27.863+0000] {logging_mixin.py:188} INFO - [2025-06-13T14:38:27.863+0000] {dag.py:3954} INFO - Setting next_dagrun for example_external_task_marker_child to None, run_after=None
[2025-06-13T14:38:27.868+0000] {logging_mixin.py:188} INFO - [2025-06-13T14:38:27.868+0000] {dag.py:3954} INFO - Setting next_dagrun for example_external_task_marker_parent to None, run_after=None
[2025-06-13T14:38:27.882+0000] {processor.py:183} INFO - Processing /home/airflow/.local/lib/python3.10/site-packages/airflow/example_dags/example_external_task_marker_dag.py took 0.065 seconds
[2025-06-13T14:38:57.999+0000] {processor.py:161} INFO - Started process (PID=688) to work on /home/airflow/.local/lib/python3.10/site-packages/airflow/example_dags/example_external_task_marker_dag.py
[2025-06-13T14:38:58.000+0000] {processor.py:830} INFO - Processing file /home/airflow/.local/lib/python3.10/site-packages/airflow/example_dags/example_external_task_marker_dag.py for tasks to queue
[2025-06-13T14:38:58.001+0000] {logging_mixin.py:188} INFO - [2025-06-13T14:38:58.001+0000] {dagbag.py:540} INFO - Filling up the DagBag from /home/airflow/.local/lib/python3.10/site-packages/airflow/example_dags/example_external_task_marker_dag.py
[2025-06-13T14:38:58.004+0000] {processor.py:840} INFO - DAG(s) 'example_external_task_marker_parent', 'example_external_task_marker_child' retrieved from /home/airflow/.local/lib/python3.10/site-packages/airflow/example_dags/example_external_task_marker_dag.py
[2025-06-13T14:38:58.017+0000] {logging_mixin.py:188} INFO - [2025-06-13T14:38:58.016+0000] {dag.py:3096} INFO - Sync 2 DAGs
[2025-06-13T14:38:58.023+0000] {logging_mixin.py:188} INFO - [2025-06-13T14:38:58.023+0000] {dag.py:3954} INFO - Setting next_dagrun for example_external_task_marker_child to None, run_after=None
[2025-06-13T14:38:58.025+0000] {logging_mixin.py:188} INFO - [2025-06-13T14:38:58.024+0000] {dag.py:3954} INFO - Setting next_dagrun for example_external_task_marker_parent to None, run_after=None
[2025-06-13T14:38:58.031+0000] {processor.py:183} INFO - Processing /home/airflow/.local/lib/python3.10/site-packages/airflow/example_dags/example_external_task_marker_dag.py took 0.036 seconds
[2025-06-13T14:39:28.831+0000] {processor.py:161} INFO - Started process (PID=754) to work on /home/airflow/.local/lib/python3.10/site-packages/airflow/example_dags/example_external_task_marker_dag.py
[2025-06-13T14:39:28.832+0000] {processor.py:830} INFO - Processing file /home/airflow/.local/lib/python3.10/site-packages/airflow/example_dags/example_external_task_marker_dag.py for tasks to queue
[2025-06-13T14:39:28.834+0000] {logging_mixin.py:188} INFO - [2025-06-13T14:39:28.834+0000] {dagbag.py:540} INFO - Filling up the DagBag from /home/airflow/.local/lib/python3.10/site-packages/airflow/example_dags/example_external_task_marker_dag.py
[2025-06-13T14:39:28.838+0000] {processor.py:840} INFO - DAG(s) 'example_external_task_marker_child', 'example_external_task_marker_parent' retrieved from /home/airflow/.local/lib/python3.10/site-packages/airflow/example_dags/example_external_task_marker_dag.py
[2025-06-13T14:39:28.856+0000] {logging_mixin.py:188} INFO - [2025-06-13T14:39:28.856+0000] {dag.py:3096} INFO - Sync 2 DAGs
[2025-06-13T14:39:28.865+0000] {logging_mixin.py:188} INFO - [2025-06-13T14:39:28.865+0000] {dag.py:3954} INFO - Setting next_dagrun for example_external_task_marker_child to None, run_after=None
[2025-06-13T14:39:28.867+0000] {logging_mixin.py:188} INFO - [2025-06-13T14:39:28.867+0000] {dag.py:3954} INFO - Setting next_dagrun for example_external_task_marker_parent to None, run_after=None
[2025-06-13T14:39:28.875+0000] {processor.py:183} INFO - Processing /home/airflow/.local/lib/python3.10/site-packages/airflow/example_dags/example_external_task_marker_dag.py took 0.050 seconds
[2025-06-13T14:39:59.370+0000] {processor.py:161} INFO - Started process (PID=814) to work on /home/airflow/.local/lib/python3.10/site-packages/airflow/example_dags/example_external_task_marker_dag.py
[2025-06-13T14:39:59.371+0000] {processor.py:830} INFO - Processing file /home/airflow/.local/lib/python3.10/site-packages/airflow/example_dags/example_external_task_marker_dag.py for tasks to queue
[2025-06-13T14:39:59.372+0000] {logging_mixin.py:188} INFO - [2025-06-13T14:39:59.372+0000] {dagbag.py:540} INFO - Filling up the DagBag from /home/airflow/.local/lib/python3.10/site-packages/airflow/example_dags/example_external_task_marker_dag.py
[2025-06-13T14:39:59.377+0000] {processor.py:840} INFO - DAG(s) 'example_external_task_marker_parent', 'example_external_task_marker_child' retrieved from /home/airflow/.local/lib/python3.10/site-packages/airflow/example_dags/example_external_task_marker_dag.py
[2025-06-13T14:39:59.390+0000] {logging_mixin.py:188} INFO - [2025-06-13T14:39:59.390+0000] {dag.py:3096} INFO - Sync 2 DAGs
[2025-06-13T14:39:59.398+0000] {logging_mixin.py:188} INFO - [2025-06-13T14:39:59.398+0000] {dag.py:3954} INFO - Setting next_dagrun for example_external_task_marker_child to None, run_after=None
[2025-06-13T14:39:59.401+0000] {logging_mixin.py:188} INFO - [2025-06-13T14:39:59.401+0000] {dag.py:3954} INFO - Setting next_dagrun for example_external_task_marker_parent to None, run_after=None
[2025-06-13T14:39:59.416+0000] {processor.py:183} INFO - Processing /home/airflow/.local/lib/python3.10/site-packages/airflow/example_dags/example_external_task_marker_dag.py took 0.050 seconds
[2025-06-13T14:40:30.355+0000] {processor.py:161} INFO - Started process (PID=874) to work on /home/airflow/.local/lib/python3.10/site-packages/airflow/example_dags/example_external_task_marker_dag.py
[2025-06-13T14:40:30.356+0000] {processor.py:830} INFO - Processing file /home/airflow/.local/lib/python3.10/site-packages/airflow/example_dags/example_external_task_marker_dag.py for tasks to queue
[2025-06-13T14:40:30.357+0000] {logging_mixin.py:188} INFO - [2025-06-13T14:40:30.357+0000] {dagbag.py:540} INFO - Filling up the DagBag from /home/airflow/.local/lib/python3.10/site-packages/airflow/example_dags/example_external_task_marker_dag.py
[2025-06-13T14:40:30.360+0000] {processor.py:840} INFO - DAG(s) 'example_external_task_marker_child', 'example_external_task_marker_parent' retrieved from /home/airflow/.local/lib/python3.10/site-packages/airflow/example_dags/example_external_task_marker_dag.py
[2025-06-13T14:40:30.375+0000] {logging_mixin.py:188} INFO - [2025-06-13T14:40:30.375+0000] {dag.py:3096} INFO - Sync 2 DAGs
[2025-06-13T14:40:30.381+0000] {logging_mixin.py:188} INFO - [2025-06-13T14:40:30.380+0000] {dag.py:3954} INFO - Setting next_dagrun for example_external_task_marker_child to None, run_after=None
[2025-06-13T14:40:30.382+0000] {logging_mixin.py:188} INFO - [2025-06-13T14:40:30.382+0000] {dag.py:3954} INFO - Setting next_dagrun for example_external_task_marker_parent to None, run_after=None
[2025-06-13T14:40:30.389+0000] {processor.py:183} INFO - Processing /home/airflow/.local/lib/python3.10/site-packages/airflow/example_dags/example_external_task_marker_dag.py took 0.038 seconds
[2025-06-13T14:41:00.958+0000] {processor.py:161} INFO - Started process (PID=934) to work on /home/airflow/.local/lib/python3.10/site-packages/airflow/example_dags/example_external_task_marker_dag.py
[2025-06-13T14:41:00.959+0000] {processor.py:830} INFO - Processing file /home/airflow/.local/lib/python3.10/site-packages/airflow/example_dags/example_external_task_marker_dag.py for tasks to queue
[2025-06-13T14:41:00.960+0000] {logging_mixin.py:188} INFO - [2025-06-13T14:41:00.960+0000] {dagbag.py:540} INFO - Filling up the DagBag from /home/airflow/.local/lib/python3.10/site-packages/airflow/example_dags/example_external_task_marker_dag.py
[2025-06-13T14:41:00.963+0000] {processor.py:840} INFO - DAG(s) 'example_external_task_marker_parent', 'example_external_task_marker_child' retrieved from /home/airflow/.local/lib/python3.10/site-packages/airflow/example_dags/example_external_task_marker_dag.py
[2025-06-13T14:41:00.981+0000] {logging_mixin.py:188} INFO - [2025-06-13T14:41:00.981+0000] {dag.py:3096} INFO - Sync 2 DAGs
[2025-06-13T14:41:00.987+0000] {logging_mixin.py:188} INFO - [2025-06-13T14:41:00.987+0000] {dag.py:3954} INFO - Setting next_dagrun for example_external_task_marker_child to None, run_after=None
[2025-06-13T14:41:00.989+0000] {logging_mixin.py:188} INFO - [2025-06-13T14:41:00.989+0000] {dag.py:3954} INFO - Setting next_dagrun for example_external_task_marker_parent to None, run_after=None
[2025-06-13T14:41:00.996+0000] {processor.py:183} INFO - Processing /home/airflow/.local/lib/python3.10/site-packages/airflow/example_dags/example_external_task_marker_dag.py took 0.042 seconds
[2025-06-13T14:41:31.148+0000] {processor.py:161} INFO - Started process (PID=994) to work on /home/airflow/.local/lib/python3.10/site-packages/airflow/example_dags/example_external_task_marker_dag.py
[2025-06-13T14:41:31.149+0000] {processor.py:830} INFO - Processing file /home/airflow/.local/lib/python3.10/site-packages/airflow/example_dags/example_external_task_marker_dag.py for tasks to queue
[2025-06-13T14:41:31.150+0000] {logging_mixin.py:188} INFO - [2025-06-13T14:41:31.150+0000] {dagbag.py:540} INFO - Filling up the DagBag from /home/airflow/.local/lib/python3.10/site-packages/airflow/example_dags/example_external_task_marker_dag.py
[2025-06-13T14:41:31.153+0000] {processor.py:840} INFO - DAG(s) 'example_external_task_marker_parent', 'example_external_task_marker_child' retrieved from /home/airflow/.local/lib/python3.10/site-packages/airflow/example_dags/example_external_task_marker_dag.py
[2025-06-13T14:41:31.164+0000] {logging_mixin.py:188} INFO - [2025-06-13T14:41:31.164+0000] {dag.py:3096} INFO - Sync 2 DAGs
[2025-06-13T14:41:31.170+0000] {logging_mixin.py:188} INFO - [2025-06-13T14:41:31.170+0000] {dag.py:3954} INFO - Setting next_dagrun for example_external_task_marker_child to None, run_after=None
[2025-06-13T14:41:31.172+0000] {logging_mixin.py:188} INFO - [2025-06-13T14:41:31.172+0000] {dag.py:3954} INFO - Setting next_dagrun for example_external_task_marker_parent to None, run_after=None
[2025-06-13T14:41:31.179+0000] {processor.py:183} INFO - Processing /home/airflow/.local/lib/python3.10/site-packages/airflow/example_dags/example_external_task_marker_dag.py took 0.034 seconds
[2025-06-13T14:42:01.679+0000] {processor.py:161} INFO - Started process (PID=1054) to work on /home/airflow/.local/lib/python3.10/site-packages/airflow/example_dags/example_external_task_marker_dag.py
[2025-06-13T14:42:01.680+0000] {processor.py:830} INFO - Processing file /home/airflow/.local/lib/python3.10/site-packages/airflow/example_dags/example_external_task_marker_dag.py for tasks to queue
[2025-06-13T14:42:01.683+0000] {logging_mixin.py:188} INFO - [2025-06-13T14:42:01.683+0000] {dagbag.py:540} INFO - Filling up the DagBag from /home/airflow/.local/lib/python3.10/site-packages/airflow/example_dags/example_external_task_marker_dag.py
[2025-06-13T14:42:01.687+0000] {processor.py:840} INFO - DAG(s) 'example_external_task_marker_child', 'example_external_task_marker_parent' retrieved from /home/airflow/.local/lib/python3.10/site-packages/airflow/example_dags/example_external_task_marker_dag.py
[2025-06-13T14:42:01.706+0000] {logging_mixin.py:188} INFO - [2025-06-13T14:42:01.705+0000] {dag.py:3096} INFO - Sync 2 DAGs
[2025-06-13T14:42:01.714+0000] {logging_mixin.py:188} INFO - [2025-06-13T14:42:01.714+0000] {dag.py:3954} INFO - Setting next_dagrun for example_external_task_marker_child to None, run_after=None
[2025-06-13T14:42:01.717+0000] {logging_mixin.py:188} INFO - [2025-06-13T14:42:01.717+0000] {dag.py:3954} INFO - Setting next_dagrun for example_external_task_marker_parent to None, run_after=None
[2025-06-13T14:42:01.725+0000] {processor.py:183} INFO - Processing /home/airflow/.local/lib/python3.10/site-packages/airflow/example_dags/example_external_task_marker_dag.py took 0.050 seconds
[2025-06-13T14:42:32.387+0000] {processor.py:161} INFO - Started process (PID=1114) to work on /home/airflow/.local/lib/python3.10/site-packages/airflow/example_dags/example_external_task_marker_dag.py
[2025-06-13T14:42:32.388+0000] {processor.py:830} INFO - Processing file /home/airflow/.local/lib/python3.10/site-packages/airflow/example_dags/example_external_task_marker_dag.py for tasks to queue
[2025-06-13T14:42:32.390+0000] {logging_mixin.py:188} INFO - [2025-06-13T14:42:32.390+0000] {dagbag.py:540} INFO - Filling up the DagBag from /home/airflow/.local/lib/python3.10/site-packages/airflow/example_dags/example_external_task_marker_dag.py
[2025-06-13T14:42:32.394+0000] {processor.py:840} INFO - DAG(s) 'example_external_task_marker_parent', 'example_external_task_marker_child' retrieved from /home/airflow/.local/lib/python3.10/site-packages/airflow/example_dags/example_external_task_marker_dag.py
[2025-06-13T14:42:32.412+0000] {logging_mixin.py:188} INFO - [2025-06-13T14:42:32.411+0000] {dag.py:3096} INFO - Sync 2 DAGs
[2025-06-13T14:42:32.418+0000] {logging_mixin.py:188} INFO - [2025-06-13T14:42:32.418+0000] {dag.py:3954} INFO - Setting next_dagrun for example_external_task_marker_child to None, run_after=None
[2025-06-13T14:42:32.420+0000] {logging_mixin.py:188} INFO - [2025-06-13T14:42:32.420+0000] {dag.py:3954} INFO - Setting next_dagrun for example_external_task_marker_parent to None, run_after=None
[2025-06-13T14:42:32.427+0000] {processor.py:183} INFO - Processing /home/airflow/.local/lib/python3.10/site-packages/airflow/example_dags/example_external_task_marker_dag.py took 0.044 seconds
[2025-06-13T14:43:02.811+0000] {processor.py:161} INFO - Started process (PID=1174) to work on /home/airflow/.local/lib/python3.10/site-packages/airflow/example_dags/example_external_task_marker_dag.py
[2025-06-13T14:43:02.812+0000] {processor.py:830} INFO - Processing file /home/airflow/.local/lib/python3.10/site-packages/airflow/example_dags/example_external_task_marker_dag.py for tasks to queue
[2025-06-13T14:43:02.813+0000] {logging_mixin.py:188} INFO - [2025-06-13T14:43:02.813+0000] {dagbag.py:540} INFO - Filling up the DagBag from /home/airflow/.local/lib/python3.10/site-packages/airflow/example_dags/example_external_task_marker_dag.py
[2025-06-13T14:43:02.816+0000] {processor.py:840} INFO - DAG(s) 'example_external_task_marker_child', 'example_external_task_marker_parent' retrieved from /home/airflow/.local/lib/python3.10/site-packages/airflow/example_dags/example_external_task_marker_dag.py
[2025-06-13T14:43:02.832+0000] {logging_mixin.py:188} INFO - [2025-06-13T14:43:02.831+0000] {dag.py:3096} INFO - Sync 2 DAGs
[2025-06-13T14:43:02.840+0000] {logging_mixin.py:188} INFO - [2025-06-13T14:43:02.840+0000] {dag.py:3954} INFO - Setting next_dagrun for example_external_task_marker_child to None, run_after=None
[2025-06-13T14:43:02.842+0000] {logging_mixin.py:188} INFO - [2025-06-13T14:43:02.841+0000] {dag.py:3954} INFO - Setting next_dagrun for example_external_task_marker_parent to None, run_after=None
[2025-06-13T14:43:02.848+0000] {processor.py:183} INFO - Processing /home/airflow/.local/lib/python3.10/site-packages/airflow/example_dags/example_external_task_marker_dag.py took 0.041 seconds
[2025-06-13T14:44:42.233+0000] {processor.py:161} INFO - Started process (PID=65) to work on /home/airflow/.local/lib/python3.10/site-packages/airflow/example_dags/example_external_task_marker_dag.py
[2025-06-13T14:44:42.234+0000] {processor.py:830} INFO - Processing file /home/airflow/.local/lib/python3.10/site-packages/airflow/example_dags/example_external_task_marker_dag.py for tasks to queue
[2025-06-13T14:44:42.235+0000] {logging_mixin.py:188} INFO - [2025-06-13T14:44:42.235+0000] {dagbag.py:540} INFO - Filling up the DagBag from /home/airflow/.local/lib/python3.10/site-packages/airflow/example_dags/example_external_task_marker_dag.py
[2025-06-13T14:44:42.239+0000] {processor.py:840} INFO - DAG(s) 'example_external_task_marker_child', 'example_external_task_marker_parent' retrieved from /home/airflow/.local/lib/python3.10/site-packages/airflow/example_dags/example_external_task_marker_dag.py
[2025-06-13T14:44:42.246+0000] {logging_mixin.py:188} INFO - [2025-06-13T14:44:42.246+0000] {dag.py:3096} INFO - Sync 2 DAGs
[2025-06-13T14:44:42.253+0000] {logging_mixin.py:188} INFO - [2025-06-13T14:44:42.252+0000] {dag.py:3954} INFO - Setting next_dagrun for example_external_task_marker_child to None, run_after=None
[2025-06-13T14:44:42.254+0000] {logging_mixin.py:188} INFO - [2025-06-13T14:44:42.254+0000] {dag.py:3954} INFO - Setting next_dagrun for example_external_task_marker_parent to None, run_after=None
[2025-06-13T14:44:42.261+0000] {processor.py:183} INFO - Processing /home/airflow/.local/lib/python3.10/site-packages/airflow/example_dags/example_external_task_marker_dag.py took 0.032 seconds
[2025-06-13T14:45:12.962+0000] {processor.py:161} INFO - Started process (PID=123) to work on /home/airflow/.local/lib/python3.10/site-packages/airflow/example_dags/example_external_task_marker_dag.py
[2025-06-13T14:45:12.963+0000] {processor.py:830} INFO - Processing file /home/airflow/.local/lib/python3.10/site-packages/airflow/example_dags/example_external_task_marker_dag.py for tasks to queue
[2025-06-13T14:45:12.964+0000] {logging_mixin.py:188} INFO - [2025-06-13T14:45:12.964+0000] {dagbag.py:540} INFO - Filling up the DagBag from /home/airflow/.local/lib/python3.10/site-packages/airflow/example_dags/example_external_task_marker_dag.py
[2025-06-13T14:45:12.969+0000] {processor.py:840} INFO - DAG(s) 'example_external_task_marker_child', 'example_external_task_marker_parent' retrieved from /home/airflow/.local/lib/python3.10/site-packages/airflow/example_dags/example_external_task_marker_dag.py
[2025-06-13T14:45:13.038+0000] {logging_mixin.py:188} INFO - [2025-06-13T14:45:13.038+0000] {dag.py:3096} INFO - Sync 2 DAGs
[2025-06-13T14:45:13.045+0000] {logging_mixin.py:188} INFO - [2025-06-13T14:45:13.044+0000] {dag.py:3954} INFO - Setting next_dagrun for example_external_task_marker_child to None, run_after=None
[2025-06-13T14:45:13.046+0000] {logging_mixin.py:188} INFO - [2025-06-13T14:45:13.046+0000] {dag.py:3954} INFO - Setting next_dagrun for example_external_task_marker_parent to None, run_after=None
[2025-06-13T14:45:13.056+0000] {processor.py:183} INFO - Processing /home/airflow/.local/lib/python3.10/site-packages/airflow/example_dags/example_external_task_marker_dag.py took 0.097 seconds
[2025-06-13T14:45:43.816+0000] {processor.py:161} INFO - Started process (PID=195) to work on /home/airflow/.local/lib/python3.10/site-packages/airflow/example_dags/example_external_task_marker_dag.py
[2025-06-13T14:45:43.817+0000] {processor.py:830} INFO - Processing file /home/airflow/.local/lib/python3.10/site-packages/airflow/example_dags/example_external_task_marker_dag.py for tasks to queue
[2025-06-13T14:45:43.819+0000] {logging_mixin.py:188} INFO - [2025-06-13T14:45:43.819+0000] {dagbag.py:540} INFO - Filling up the DagBag from /home/airflow/.local/lib/python3.10/site-packages/airflow/example_dags/example_external_task_marker_dag.py
[2025-06-13T14:45:43.825+0000] {processor.py:840} INFO - DAG(s) 'example_external_task_marker_child', 'example_external_task_marker_parent' retrieved from /home/airflow/.local/lib/python3.10/site-packages/airflow/example_dags/example_external_task_marker_dag.py
[2025-06-13T14:45:43.838+0000] {logging_mixin.py:188} INFO - [2025-06-13T14:45:43.838+0000] {dag.py:3096} INFO - Sync 2 DAGs
[2025-06-13T14:45:43.845+0000] {logging_mixin.py:188} INFO - [2025-06-13T14:45:43.845+0000] {dag.py:3954} INFO - Setting next_dagrun for example_external_task_marker_child to None, run_after=None
[2025-06-13T14:45:43.848+0000] {logging_mixin.py:188} INFO - [2025-06-13T14:45:43.847+0000] {dag.py:3954} INFO - Setting next_dagrun for example_external_task_marker_parent to None, run_after=None
[2025-06-13T14:45:43.864+0000] {processor.py:183} INFO - Processing /home/airflow/.local/lib/python3.10/site-packages/airflow/example_dags/example_external_task_marker_dag.py took 0.054 seconds
[2025-06-13T14:46:14.970+0000] {processor.py:161} INFO - Started process (PID=263) to work on /home/airflow/.local/lib/python3.10/site-packages/airflow/example_dags/example_external_task_marker_dag.py
[2025-06-13T14:46:14.971+0000] {processor.py:830} INFO - Processing file /home/airflow/.local/lib/python3.10/site-packages/airflow/example_dags/example_external_task_marker_dag.py for tasks to queue
[2025-06-13T14:46:14.972+0000] {logging_mixin.py:188} INFO - [2025-06-13T14:46:14.972+0000] {dagbag.py:540} INFO - Filling up the DagBag from /home/airflow/.local/lib/python3.10/site-packages/airflow/example_dags/example_external_task_marker_dag.py
[2025-06-13T14:46:14.976+0000] {processor.py:840} INFO - DAG(s) 'example_external_task_marker_child', 'example_external_task_marker_parent' retrieved from /home/airflow/.local/lib/python3.10/site-packages/airflow/example_dags/example_external_task_marker_dag.py
[2025-06-13T14:46:14.993+0000] {logging_mixin.py:188} INFO - [2025-06-13T14:46:14.993+0000] {dag.py:3096} INFO - Sync 2 DAGs
[2025-06-13T14:46:15.002+0000] {logging_mixin.py:188} INFO - [2025-06-13T14:46:15.002+0000] {dag.py:3954} INFO - Setting next_dagrun for example_external_task_marker_child to None, run_after=None
[2025-06-13T14:46:15.007+0000] {logging_mixin.py:188} INFO - [2025-06-13T14:46:15.007+0000] {dag.py:3954} INFO - Setting next_dagrun for example_external_task_marker_parent to None, run_after=None
[2025-06-13T14:46:15.019+0000] {processor.py:183} INFO - Processing /home/airflow/.local/lib/python3.10/site-packages/airflow/example_dags/example_external_task_marker_dag.py took 0.054 seconds
[2025-06-13T14:46:45.742+0000] {processor.py:161} INFO - Started process (PID=323) to work on /home/airflow/.local/lib/python3.10/site-packages/airflow/example_dags/example_external_task_marker_dag.py
[2025-06-13T14:46:45.747+0000] {processor.py:830} INFO - Processing file /home/airflow/.local/lib/python3.10/site-packages/airflow/example_dags/example_external_task_marker_dag.py for tasks to queue
[2025-06-13T14:46:45.751+0000] {logging_mixin.py:188} INFO - [2025-06-13T14:46:45.751+0000] {dagbag.py:540} INFO - Filling up the DagBag from /home/airflow/.local/lib/python3.10/site-packages/airflow/example_dags/example_external_task_marker_dag.py
[2025-06-13T14:46:45.755+0000] {processor.py:840} INFO - DAG(s) 'example_external_task_marker_child', 'example_external_task_marker_parent' retrieved from /home/airflow/.local/lib/python3.10/site-packages/airflow/example_dags/example_external_task_marker_dag.py
[2025-06-13T14:46:45.776+0000] {logging_mixin.py:188} INFO - [2025-06-13T14:46:45.776+0000] {dag.py:3096} INFO - Sync 2 DAGs
[2025-06-13T14:46:45.786+0000] {logging_mixin.py:188} INFO - [2025-06-13T14:46:45.786+0000] {dag.py:3954} INFO - Setting next_dagrun for example_external_task_marker_child to None, run_after=None
[2025-06-13T14:46:45.789+0000] {logging_mixin.py:188} INFO - [2025-06-13T14:46:45.789+0000] {dag.py:3954} INFO - Setting next_dagrun for example_external_task_marker_parent to None, run_after=None
[2025-06-13T14:46:45.801+0000] {processor.py:183} INFO - Processing /home/airflow/.local/lib/python3.10/site-packages/airflow/example_dags/example_external_task_marker_dag.py took 0.069 seconds
[2025-06-13T14:47:16.686+0000] {processor.py:161} INFO - Started process (PID=382) to work on /home/airflow/.local/lib/python3.10/site-packages/airflow/example_dags/example_external_task_marker_dag.py
[2025-06-13T14:47:16.691+0000] {processor.py:830} INFO - Processing file /home/airflow/.local/lib/python3.10/site-packages/airflow/example_dags/example_external_task_marker_dag.py for tasks to queue
[2025-06-13T14:47:16.695+0000] {logging_mixin.py:188} INFO - [2025-06-13T14:47:16.695+0000] {dagbag.py:540} INFO - Filling up the DagBag from /home/airflow/.local/lib/python3.10/site-packages/airflow/example_dags/example_external_task_marker_dag.py
[2025-06-13T14:47:16.703+0000] {processor.py:840} INFO - DAG(s) 'example_external_task_marker_parent', 'example_external_task_marker_child' retrieved from /home/airflow/.local/lib/python3.10/site-packages/airflow/example_dags/example_external_task_marker_dag.py
[2025-06-13T14:47:16.725+0000] {logging_mixin.py:188} INFO - [2025-06-13T14:47:16.725+0000] {dag.py:3096} INFO - Sync 2 DAGs
[2025-06-13T14:47:16.734+0000] {logging_mixin.py:188} INFO - [2025-06-13T14:47:16.734+0000] {dag.py:3954} INFO - Setting next_dagrun for example_external_task_marker_child to None, run_after=None
[2025-06-13T14:47:16.739+0000] {logging_mixin.py:188} INFO - [2025-06-13T14:47:16.739+0000] {dag.py:3954} INFO - Setting next_dagrun for example_external_task_marker_parent to None, run_after=None
[2025-06-13T14:47:16.762+0000] {processor.py:183} INFO - Processing /home/airflow/.local/lib/python3.10/site-packages/airflow/example_dags/example_external_task_marker_dag.py took 0.094 seconds
[2025-06-13T14:47:47.165+0000] {processor.py:161} INFO - Started process (PID=441) to work on /home/airflow/.local/lib/python3.10/site-packages/airflow/example_dags/example_external_task_marker_dag.py
[2025-06-13T14:47:47.167+0000] {processor.py:830} INFO - Processing file /home/airflow/.local/lib/python3.10/site-packages/airflow/example_dags/example_external_task_marker_dag.py for tasks to queue
[2025-06-13T14:47:47.169+0000] {logging_mixin.py:188} INFO - [2025-06-13T14:47:47.169+0000] {dagbag.py:540} INFO - Filling up the DagBag from /home/airflow/.local/lib/python3.10/site-packages/airflow/example_dags/example_external_task_marker_dag.py
[2025-06-13T14:47:47.180+0000] {processor.py:840} INFO - DAG(s) 'example_external_task_marker_child', 'example_external_task_marker_parent' retrieved from /home/airflow/.local/lib/python3.10/site-packages/airflow/example_dags/example_external_task_marker_dag.py
[2025-06-13T14:47:47.213+0000] {logging_mixin.py:188} INFO - [2025-06-13T14:47:47.212+0000] {dag.py:3096} INFO - Sync 2 DAGs
[2025-06-13T14:47:47.222+0000] {logging_mixin.py:188} INFO - [2025-06-13T14:47:47.222+0000] {dag.py:3954} INFO - Setting next_dagrun for example_external_task_marker_child to None, run_after=None
[2025-06-13T14:47:47.227+0000] {logging_mixin.py:188} INFO - [2025-06-13T14:47:47.227+0000] {dag.py:3954} INFO - Setting next_dagrun for example_external_task_marker_parent to None, run_after=None
[2025-06-13T14:47:47.243+0000] {processor.py:183} INFO - Processing /home/airflow/.local/lib/python3.10/site-packages/airflow/example_dags/example_external_task_marker_dag.py took 0.089 seconds
[2025-06-13T14:48:17.881+0000] {processor.py:161} INFO - Started process (PID=501) to work on /home/airflow/.local/lib/python3.10/site-packages/airflow/example_dags/example_external_task_marker_dag.py
[2025-06-13T14:48:17.884+0000] {processor.py:830} INFO - Processing file /home/airflow/.local/lib/python3.10/site-packages/airflow/example_dags/example_external_task_marker_dag.py for tasks to queue
[2025-06-13T14:48:17.890+0000] {logging_mixin.py:188} INFO - [2025-06-13T14:48:17.890+0000] {dagbag.py:540} INFO - Filling up the DagBag from /home/airflow/.local/lib/python3.10/site-packages/airflow/example_dags/example_external_task_marker_dag.py
[2025-06-13T14:48:17.901+0000] {processor.py:840} INFO - DAG(s) 'example_external_task_marker_child', 'example_external_task_marker_parent' retrieved from /home/airflow/.local/lib/python3.10/site-packages/airflow/example_dags/example_external_task_marker_dag.py
[2025-06-13T14:48:17.943+0000] {logging_mixin.py:188} INFO - [2025-06-13T14:48:17.943+0000] {dag.py:3096} INFO - Sync 2 DAGs
[2025-06-13T14:48:17.958+0000] {logging_mixin.py:188} INFO - [2025-06-13T14:48:17.958+0000] {dag.py:3954} INFO - Setting next_dagrun for example_external_task_marker_child to None, run_after=None
[2025-06-13T14:48:17.962+0000] {logging_mixin.py:188} INFO - [2025-06-13T14:48:17.961+0000] {dag.py:3954} INFO - Setting next_dagrun for example_external_task_marker_parent to None, run_after=None
[2025-06-13T14:48:17.979+0000] {processor.py:183} INFO - Processing /home/airflow/.local/lib/python3.10/site-packages/airflow/example_dags/example_external_task_marker_dag.py took 0.111 seconds
[2025-06-13T14:48:48.193+0000] {processor.py:161} INFO - Started process (PID=561) to work on /home/airflow/.local/lib/python3.10/site-packages/airflow/example_dags/example_external_task_marker_dag.py
[2025-06-13T14:48:48.195+0000] {processor.py:830} INFO - Processing file /home/airflow/.local/lib/python3.10/site-packages/airflow/example_dags/example_external_task_marker_dag.py for tasks to queue
[2025-06-13T14:48:48.199+0000] {logging_mixin.py:188} INFO - [2025-06-13T14:48:48.198+0000] {dagbag.py:540} INFO - Filling up the DagBag from /home/airflow/.local/lib/python3.10/site-packages/airflow/example_dags/example_external_task_marker_dag.py
[2025-06-13T14:48:48.208+0000] {processor.py:840} INFO - DAG(s) 'example_external_task_marker_child', 'example_external_task_marker_parent' retrieved from /home/airflow/.local/lib/python3.10/site-packages/airflow/example_dags/example_external_task_marker_dag.py
[2025-06-13T14:48:48.240+0000] {logging_mixin.py:188} INFO - [2025-06-13T14:48:48.240+0000] {dag.py:3096} INFO - Sync 2 DAGs
[2025-06-13T14:48:48.253+0000] {logging_mixin.py:188} INFO - [2025-06-13T14:48:48.253+0000] {dag.py:3954} INFO - Setting next_dagrun for example_external_task_marker_child to None, run_after=None
[2025-06-13T14:48:48.257+0000] {logging_mixin.py:188} INFO - [2025-06-13T14:48:48.256+0000] {dag.py:3954} INFO - Setting next_dagrun for example_external_task_marker_parent to None, run_after=None
[2025-06-13T14:48:48.277+0000] {processor.py:183} INFO - Processing /home/airflow/.local/lib/python3.10/site-packages/airflow/example_dags/example_external_task_marker_dag.py took 0.112 seconds
[2025-06-13T14:49:18.792+0000] {processor.py:161} INFO - Started process (PID=621) to work on /home/airflow/.local/lib/python3.10/site-packages/airflow/example_dags/example_external_task_marker_dag.py
[2025-06-13T14:49:18.794+0000] {processor.py:830} INFO - Processing file /home/airflow/.local/lib/python3.10/site-packages/airflow/example_dags/example_external_task_marker_dag.py for tasks to queue
[2025-06-13T14:49:18.795+0000] {logging_mixin.py:188} INFO - [2025-06-13T14:49:18.795+0000] {dagbag.py:540} INFO - Filling up the DagBag from /home/airflow/.local/lib/python3.10/site-packages/airflow/example_dags/example_external_task_marker_dag.py
[2025-06-13T14:49:18.804+0000] {processor.py:840} INFO - DAG(s) 'example_external_task_marker_parent', 'example_external_task_marker_child' retrieved from /home/airflow/.local/lib/python3.10/site-packages/airflow/example_dags/example_external_task_marker_dag.py
[2025-06-13T14:49:18.828+0000] {logging_mixin.py:188} INFO - [2025-06-13T14:49:18.828+0000] {dag.py:3096} INFO - Sync 2 DAGs
[2025-06-13T14:49:18.841+0000] {logging_mixin.py:188} INFO - [2025-06-13T14:49:18.841+0000] {dag.py:3954} INFO - Setting next_dagrun for example_external_task_marker_child to None, run_after=None
[2025-06-13T14:49:18.846+0000] {logging_mixin.py:188} INFO - [2025-06-13T14:49:18.846+0000] {dag.py:3954} INFO - Setting next_dagrun for example_external_task_marker_parent to None, run_after=None
[2025-06-13T14:49:18.862+0000] {processor.py:183} INFO - Processing /home/airflow/.local/lib/python3.10/site-packages/airflow/example_dags/example_external_task_marker_dag.py took 0.078 seconds
[2025-06-13T14:49:49.363+0000] {processor.py:161} INFO - Started process (PID=681) to work on /home/airflow/.local/lib/python3.10/site-packages/airflow/example_dags/example_external_task_marker_dag.py
[2025-06-13T14:49:49.364+0000] {processor.py:830} INFO - Processing file /home/airflow/.local/lib/python3.10/site-packages/airflow/example_dags/example_external_task_marker_dag.py for tasks to queue
[2025-06-13T14:49:49.366+0000] {logging_mixin.py:188} INFO - [2025-06-13T14:49:49.365+0000] {dagbag.py:540} INFO - Filling up the DagBag from /home/airflow/.local/lib/python3.10/site-packages/airflow/example_dags/example_external_task_marker_dag.py
[2025-06-13T14:49:49.372+0000] {processor.py:840} INFO - DAG(s) 'example_external_task_marker_child', 'example_external_task_marker_parent' retrieved from /home/airflow/.local/lib/python3.10/site-packages/airflow/example_dags/example_external_task_marker_dag.py
[2025-06-13T14:49:49.391+0000] {logging_mixin.py:188} INFO - [2025-06-13T14:49:49.391+0000] {dag.py:3096} INFO - Sync 2 DAGs
[2025-06-13T14:49:49.400+0000] {logging_mixin.py:188} INFO - [2025-06-13T14:49:49.400+0000] {dag.py:3954} INFO - Setting next_dagrun for example_external_task_marker_child to None, run_after=None
[2025-06-13T14:49:49.402+0000] {logging_mixin.py:188} INFO - [2025-06-13T14:49:49.402+0000] {dag.py:3954} INFO - Setting next_dagrun for example_external_task_marker_parent to None, run_after=None
[2025-06-13T14:49:49.411+0000] {processor.py:183} INFO - Processing /home/airflow/.local/lib/python3.10/site-packages/airflow/example_dags/example_external_task_marker_dag.py took 0.057 seconds
[2025-06-13T14:50:19.849+0000] {processor.py:161} INFO - Started process (PID=741) to work on /home/airflow/.local/lib/python3.10/site-packages/airflow/example_dags/example_external_task_marker_dag.py
[2025-06-13T14:50:19.851+0000] {processor.py:830} INFO - Processing file /home/airflow/.local/lib/python3.10/site-packages/airflow/example_dags/example_external_task_marker_dag.py for tasks to queue
[2025-06-13T14:50:19.852+0000] {logging_mixin.py:188} INFO - [2025-06-13T14:50:19.852+0000] {dagbag.py:540} INFO - Filling up the DagBag from /home/airflow/.local/lib/python3.10/site-packages/airflow/example_dags/example_external_task_marker_dag.py
[2025-06-13T14:50:19.861+0000] {processor.py:840} INFO - DAG(s) 'example_external_task_marker_parent', 'example_external_task_marker_child' retrieved from /home/airflow/.local/lib/python3.10/site-packages/airflow/example_dags/example_external_task_marker_dag.py
[2025-06-13T14:50:19.880+0000] {logging_mixin.py:188} INFO - [2025-06-13T14:50:19.879+0000] {dag.py:3096} INFO - Sync 2 DAGs
[2025-06-13T14:50:19.887+0000] {logging_mixin.py:188} INFO - [2025-06-13T14:50:19.887+0000] {dag.py:3954} INFO - Setting next_dagrun for example_external_task_marker_child to None, run_after=None
[2025-06-13T14:50:19.892+0000] {logging_mixin.py:188} INFO - [2025-06-13T14:50:19.892+0000] {dag.py:3954} INFO - Setting next_dagrun for example_external_task_marker_parent to None, run_after=None
[2025-06-13T14:50:19.904+0000] {processor.py:183} INFO - Processing /home/airflow/.local/lib/python3.10/site-packages/airflow/example_dags/example_external_task_marker_dag.py took 0.060 seconds
[2025-06-13T14:50:50.246+0000] {processor.py:161} INFO - Started process (PID=801) to work on /home/airflow/.local/lib/python3.10/site-packages/airflow/example_dags/example_external_task_marker_dag.py
[2025-06-13T14:50:50.247+0000] {processor.py:830} INFO - Processing file /home/airflow/.local/lib/python3.10/site-packages/airflow/example_dags/example_external_task_marker_dag.py for tasks to queue
[2025-06-13T14:50:50.249+0000] {logging_mixin.py:188} INFO - [2025-06-13T14:50:50.249+0000] {dagbag.py:540} INFO - Filling up the DagBag from /home/airflow/.local/lib/python3.10/site-packages/airflow/example_dags/example_external_task_marker_dag.py
[2025-06-13T14:50:50.256+0000] {processor.py:840} INFO - DAG(s) 'example_external_task_marker_parent', 'example_external_task_marker_child' retrieved from /home/airflow/.local/lib/python3.10/site-packages/airflow/example_dags/example_external_task_marker_dag.py
[2025-06-13T14:50:50.282+0000] {logging_mixin.py:188} INFO - [2025-06-13T14:50:50.281+0000] {dag.py:3096} INFO - Sync 2 DAGs
[2025-06-13T14:50:50.298+0000] {logging_mixin.py:188} INFO - [2025-06-13T14:50:50.298+0000] {dag.py:3954} INFO - Setting next_dagrun for example_external_task_marker_child to None, run_after=None
[2025-06-13T14:50:50.302+0000] {logging_mixin.py:188} INFO - [2025-06-13T14:50:50.302+0000] {dag.py:3954} INFO - Setting next_dagrun for example_external_task_marker_parent to None, run_after=None
[2025-06-13T14:50:50.328+0000] {processor.py:183} INFO - Processing /home/airflow/.local/lib/python3.10/site-packages/airflow/example_dags/example_external_task_marker_dag.py took 0.090 seconds
[2025-06-13T14:51:20.947+0000] {processor.py:161} INFO - Started process (PID=861) to work on /home/airflow/.local/lib/python3.10/site-packages/airflow/example_dags/example_external_task_marker_dag.py
[2025-06-13T14:51:20.951+0000] {processor.py:830} INFO - Processing file /home/airflow/.local/lib/python3.10/site-packages/airflow/example_dags/example_external_task_marker_dag.py for tasks to queue
[2025-06-13T14:51:20.954+0000] {logging_mixin.py:188} INFO - [2025-06-13T14:51:20.953+0000] {dagbag.py:540} INFO - Filling up the DagBag from /home/airflow/.local/lib/python3.10/site-packages/airflow/example_dags/example_external_task_marker_dag.py
[2025-06-13T14:51:20.979+0000] {processor.py:840} INFO - DAG(s) 'example_external_task_marker_child', 'example_external_task_marker_parent' retrieved from /home/airflow/.local/lib/python3.10/site-packages/airflow/example_dags/example_external_task_marker_dag.py
[2025-06-13T14:51:21.036+0000] {logging_mixin.py:188} INFO - [2025-06-13T14:51:21.036+0000] {dag.py:3096} INFO - Sync 2 DAGs
[2025-06-13T14:51:21.046+0000] {logging_mixin.py:188} INFO - [2025-06-13T14:51:21.046+0000] {dag.py:3954} INFO - Setting next_dagrun for example_external_task_marker_child to None, run_after=None
[2025-06-13T14:51:21.049+0000] {logging_mixin.py:188} INFO - [2025-06-13T14:51:21.049+0000] {dag.py:3954} INFO - Setting next_dagrun for example_external_task_marker_parent to None, run_after=None
[2025-06-13T14:51:21.063+0000] {processor.py:183} INFO - Processing /home/airflow/.local/lib/python3.10/site-packages/airflow/example_dags/example_external_task_marker_dag.py took 0.150 seconds
[2025-06-13T14:51:51.931+0000] {processor.py:161} INFO - Started process (PID=921) to work on /home/airflow/.local/lib/python3.10/site-packages/airflow/example_dags/example_external_task_marker_dag.py
[2025-06-13T14:51:51.934+0000] {processor.py:830} INFO - Processing file /home/airflow/.local/lib/python3.10/site-packages/airflow/example_dags/example_external_task_marker_dag.py for tasks to queue
[2025-06-13T14:51:51.936+0000] {logging_mixin.py:188} INFO - [2025-06-13T14:51:51.936+0000] {dagbag.py:540} INFO - Filling up the DagBag from /home/airflow/.local/lib/python3.10/site-packages/airflow/example_dags/example_external_task_marker_dag.py
[2025-06-13T14:51:51.942+0000] {processor.py:840} INFO - DAG(s) 'example_external_task_marker_parent', 'example_external_task_marker_child' retrieved from /home/airflow/.local/lib/python3.10/site-packages/airflow/example_dags/example_external_task_marker_dag.py
[2025-06-13T14:51:51.964+0000] {logging_mixin.py:188} INFO - [2025-06-13T14:51:51.963+0000] {dag.py:3096} INFO - Sync 2 DAGs
[2025-06-13T14:51:51.973+0000] {logging_mixin.py:188} INFO - [2025-06-13T14:51:51.973+0000] {dag.py:3954} INFO - Setting next_dagrun for example_external_task_marker_child to None, run_after=None
[2025-06-13T14:51:51.976+0000] {logging_mixin.py:188} INFO - [2025-06-13T14:51:51.976+0000] {dag.py:3954} INFO - Setting next_dagrun for example_external_task_marker_parent to None, run_after=None
[2025-06-13T14:51:51.993+0000] {processor.py:183} INFO - Processing /home/airflow/.local/lib/python3.10/site-packages/airflow/example_dags/example_external_task_marker_dag.py took 0.075 seconds
[2025-06-13T14:52:22.221+0000] {processor.py:161} INFO - Started process (PID=981) to work on /home/airflow/.local/lib/python3.10/site-packages/airflow/example_dags/example_external_task_marker_dag.py
[2025-06-13T14:52:22.222+0000] {processor.py:830} INFO - Processing file /home/airflow/.local/lib/python3.10/site-packages/airflow/example_dags/example_external_task_marker_dag.py for tasks to queue
[2025-06-13T14:52:22.226+0000] {logging_mixin.py:188} INFO - [2025-06-13T14:52:22.226+0000] {dagbag.py:540} INFO - Filling up the DagBag from /home/airflow/.local/lib/python3.10/site-packages/airflow/example_dags/example_external_task_marker_dag.py
[2025-06-13T14:52:22.233+0000] {processor.py:840} INFO - DAG(s) 'example_external_task_marker_parent', 'example_external_task_marker_child' retrieved from /home/airflow/.local/lib/python3.10/site-packages/airflow/example_dags/example_external_task_marker_dag.py
[2025-06-13T14:52:22.256+0000] {logging_mixin.py:188} INFO - [2025-06-13T14:52:22.256+0000] {dag.py:3096} INFO - Sync 2 DAGs
[2025-06-13T14:52:22.266+0000] {logging_mixin.py:188} INFO - [2025-06-13T14:52:22.265+0000] {dag.py:3954} INFO - Setting next_dagrun for example_external_task_marker_child to None, run_after=None
[2025-06-13T14:52:22.269+0000] {logging_mixin.py:188} INFO - [2025-06-13T14:52:22.269+0000] {dag.py:3954} INFO - Setting next_dagrun for example_external_task_marker_parent to None, run_after=None
[2025-06-13T14:52:22.279+0000] {processor.py:183} INFO - Processing /home/airflow/.local/lib/python3.10/site-packages/airflow/example_dags/example_external_task_marker_dag.py took 0.086 seconds
[2025-06-13T14:52:52.425+0000] {processor.py:161} INFO - Started process (PID=1041) to work on /home/airflow/.local/lib/python3.10/site-packages/airflow/example_dags/example_external_task_marker_dag.py
[2025-06-13T14:52:52.426+0000] {processor.py:830} INFO - Processing file /home/airflow/.local/lib/python3.10/site-packages/airflow/example_dags/example_external_task_marker_dag.py for tasks to queue
[2025-06-13T14:52:52.429+0000] {logging_mixin.py:188} INFO - [2025-06-13T14:52:52.429+0000] {dagbag.py:540} INFO - Filling up the DagBag from /home/airflow/.local/lib/python3.10/site-packages/airflow/example_dags/example_external_task_marker_dag.py
[2025-06-13T14:52:52.437+0000] {processor.py:840} INFO - DAG(s) 'example_external_task_marker_parent', 'example_external_task_marker_child' retrieved from /home/airflow/.local/lib/python3.10/site-packages/airflow/example_dags/example_external_task_marker_dag.py
[2025-06-13T14:52:52.464+0000] {logging_mixin.py:188} INFO - [2025-06-13T14:52:52.464+0000] {dag.py:3096} INFO - Sync 2 DAGs
[2025-06-13T14:52:52.472+0000] {logging_mixin.py:188} INFO - [2025-06-13T14:52:52.472+0000] {dag.py:3954} INFO - Setting next_dagrun for example_external_task_marker_child to None, run_after=None
[2025-06-13T14:52:52.475+0000] {logging_mixin.py:188} INFO - [2025-06-13T14:52:52.474+0000] {dag.py:3954} INFO - Setting next_dagrun for example_external_task_marker_parent to None, run_after=None
[2025-06-13T14:52:52.487+0000] {processor.py:183} INFO - Processing /home/airflow/.local/lib/python3.10/site-packages/airflow/example_dags/example_external_task_marker_dag.py took 0.074 seconds
[2025-06-13T14:53:22.980+0000] {processor.py:161} INFO - Started process (PID=1101) to work on /home/airflow/.local/lib/python3.10/site-packages/airflow/example_dags/example_external_task_marker_dag.py
[2025-06-13T14:53:22.982+0000] {processor.py:830} INFO - Processing file /home/airflow/.local/lib/python3.10/site-packages/airflow/example_dags/example_external_task_marker_dag.py for tasks to queue
[2025-06-13T14:53:22.984+0000] {logging_mixin.py:188} INFO - [2025-06-13T14:53:22.984+0000] {dagbag.py:540} INFO - Filling up the DagBag from /home/airflow/.local/lib/python3.10/site-packages/airflow/example_dags/example_external_task_marker_dag.py
[2025-06-13T14:53:22.994+0000] {processor.py:840} INFO - DAG(s) 'example_external_task_marker_parent', 'example_external_task_marker_child' retrieved from /home/airflow/.local/lib/python3.10/site-packages/airflow/example_dags/example_external_task_marker_dag.py
[2025-06-13T14:53:23.016+0000] {logging_mixin.py:188} INFO - [2025-06-13T14:53:23.015+0000] {dag.py:3096} INFO - Sync 2 DAGs
[2025-06-13T14:53:23.024+0000] {logging_mixin.py:188} INFO - [2025-06-13T14:53:23.024+0000] {dag.py:3954} INFO - Setting next_dagrun for example_external_task_marker_child to None, run_after=None
[2025-06-13T14:53:23.027+0000] {logging_mixin.py:188} INFO - [2025-06-13T14:53:23.027+0000] {dag.py:3954} INFO - Setting next_dagrun for example_external_task_marker_parent to None, run_after=None
[2025-06-13T14:53:23.041+0000] {processor.py:183} INFO - Processing /home/airflow/.local/lib/python3.10/site-packages/airflow/example_dags/example_external_task_marker_dag.py took 0.070 seconds
[2025-06-13T14:53:53.579+0000] {processor.py:161} INFO - Started process (PID=1161) to work on /home/airflow/.local/lib/python3.10/site-packages/airflow/example_dags/example_external_task_marker_dag.py
[2025-06-13T14:53:53.581+0000] {processor.py:830} INFO - Processing file /home/airflow/.local/lib/python3.10/site-packages/airflow/example_dags/example_external_task_marker_dag.py for tasks to queue
[2025-06-13T14:53:53.584+0000] {logging_mixin.py:188} INFO - [2025-06-13T14:53:53.584+0000] {dagbag.py:540} INFO - Filling up the DagBag from /home/airflow/.local/lib/python3.10/site-packages/airflow/example_dags/example_external_task_marker_dag.py
[2025-06-13T14:53:53.592+0000] {processor.py:840} INFO - DAG(s) 'example_external_task_marker_parent', 'example_external_task_marker_child' retrieved from /home/airflow/.local/lib/python3.10/site-packages/airflow/example_dags/example_external_task_marker_dag.py
[2025-06-13T14:53:53.631+0000] {logging_mixin.py:188} INFO - [2025-06-13T14:53:53.631+0000] {dag.py:3096} INFO - Sync 2 DAGs
[2025-06-13T14:53:53.642+0000] {logging_mixin.py:188} INFO - [2025-06-13T14:53:53.642+0000] {dag.py:3954} INFO - Setting next_dagrun for example_external_task_marker_child to None, run_after=None
[2025-06-13T14:53:53.645+0000] {logging_mixin.py:188} INFO - [2025-06-13T14:53:53.645+0000] {dag.py:3954} INFO - Setting next_dagrun for example_external_task_marker_parent to None, run_after=None
[2025-06-13T14:53:53.660+0000] {processor.py:183} INFO - Processing /home/airflow/.local/lib/python3.10/site-packages/airflow/example_dags/example_external_task_marker_dag.py took 0.093 seconds
[2025-06-13T14:54:24.392+0000] {processor.py:161} INFO - Started process (PID=1221) to work on /home/airflow/.local/lib/python3.10/site-packages/airflow/example_dags/example_external_task_marker_dag.py
[2025-06-13T14:54:24.393+0000] {processor.py:830} INFO - Processing file /home/airflow/.local/lib/python3.10/site-packages/airflow/example_dags/example_external_task_marker_dag.py for tasks to queue
[2025-06-13T14:54:24.395+0000] {logging_mixin.py:188} INFO - [2025-06-13T14:54:24.395+0000] {dagbag.py:540} INFO - Filling up the DagBag from /home/airflow/.local/lib/python3.10/site-packages/airflow/example_dags/example_external_task_marker_dag.py
[2025-06-13T14:54:24.401+0000] {processor.py:840} INFO - DAG(s) 'example_external_task_marker_child', 'example_external_task_marker_parent' retrieved from /home/airflow/.local/lib/python3.10/site-packages/airflow/example_dags/example_external_task_marker_dag.py
[2025-06-13T14:54:24.430+0000] {logging_mixin.py:188} INFO - [2025-06-13T14:54:24.429+0000] {dag.py:3096} INFO - Sync 2 DAGs
[2025-06-13T14:54:24.437+0000] {logging_mixin.py:188} INFO - [2025-06-13T14:54:24.437+0000] {dag.py:3954} INFO - Setting next_dagrun for example_external_task_marker_child to None, run_after=None
[2025-06-13T14:54:24.441+0000] {logging_mixin.py:188} INFO - [2025-06-13T14:54:24.441+0000] {dag.py:3954} INFO - Setting next_dagrun for example_external_task_marker_parent to None, run_after=None
[2025-06-13T14:54:24.455+0000] {processor.py:183} INFO - Processing /home/airflow/.local/lib/python3.10/site-packages/airflow/example_dags/example_external_task_marker_dag.py took 0.072 seconds
[2025-06-13T14:54:54.495+0000] {processor.py:161} INFO - Started process (PID=1281) to work on /home/airflow/.local/lib/python3.10/site-packages/airflow/example_dags/example_external_task_marker_dag.py
[2025-06-13T14:54:54.499+0000] {processor.py:830} INFO - Processing file /home/airflow/.local/lib/python3.10/site-packages/airflow/example_dags/example_external_task_marker_dag.py for tasks to queue
[2025-06-13T14:54:54.505+0000] {logging_mixin.py:188} INFO - [2025-06-13T14:54:54.505+0000] {dagbag.py:540} INFO - Filling up the DagBag from /home/airflow/.local/lib/python3.10/site-packages/airflow/example_dags/example_external_task_marker_dag.py
[2025-06-13T14:54:54.526+0000] {processor.py:840} INFO - DAG(s) 'example_external_task_marker_parent', 'example_external_task_marker_child' retrieved from /home/airflow/.local/lib/python3.10/site-packages/airflow/example_dags/example_external_task_marker_dag.py
[2025-06-13T14:54:54.552+0000] {logging_mixin.py:188} INFO - [2025-06-13T14:54:54.552+0000] {dag.py:3096} INFO - Sync 2 DAGs
[2025-06-13T14:54:54.566+0000] {logging_mixin.py:188} INFO - [2025-06-13T14:54:54.566+0000] {dag.py:3954} INFO - Setting next_dagrun for example_external_task_marker_child to None, run_after=None
[2025-06-13T14:54:54.569+0000] {logging_mixin.py:188} INFO - [2025-06-13T14:54:54.569+0000] {dag.py:3954} INFO - Setting next_dagrun for example_external_task_marker_parent to None, run_after=None
[2025-06-13T14:54:54.579+0000] {processor.py:183} INFO - Processing /home/airflow/.local/lib/python3.10/site-packages/airflow/example_dags/example_external_task_marker_dag.py took 0.090 seconds
[2025-06-13T14:55:25.025+0000] {processor.py:161} INFO - Started process (PID=1341) to work on /home/airflow/.local/lib/python3.10/site-packages/airflow/example_dags/example_external_task_marker_dag.py
[2025-06-13T14:55:25.027+0000] {processor.py:830} INFO - Processing file /home/airflow/.local/lib/python3.10/site-packages/airflow/example_dags/example_external_task_marker_dag.py for tasks to queue
[2025-06-13T14:55:25.032+0000] {logging_mixin.py:188} INFO - [2025-06-13T14:55:25.031+0000] {dagbag.py:540} INFO - Filling up the DagBag from /home/airflow/.local/lib/python3.10/site-packages/airflow/example_dags/example_external_task_marker_dag.py
[2025-06-13T14:55:25.053+0000] {processor.py:840} INFO - DAG(s) 'example_external_task_marker_parent', 'example_external_task_marker_child' retrieved from /home/airflow/.local/lib/python3.10/site-packages/airflow/example_dags/example_external_task_marker_dag.py
[2025-06-13T14:55:25.102+0000] {logging_mixin.py:188} INFO - [2025-06-13T14:55:25.102+0000] {dag.py:3096} INFO - Sync 2 DAGs
[2025-06-13T14:55:25.118+0000] {logging_mixin.py:188} INFO - [2025-06-13T14:55:25.118+0000] {dag.py:3954} INFO - Setting next_dagrun for example_external_task_marker_child to None, run_after=None
[2025-06-13T14:55:25.121+0000] {logging_mixin.py:188} INFO - [2025-06-13T14:55:25.121+0000] {dag.py:3954} INFO - Setting next_dagrun for example_external_task_marker_parent to None, run_after=None
[2025-06-13T14:55:25.136+0000] {processor.py:183} INFO - Processing /home/airflow/.local/lib/python3.10/site-packages/airflow/example_dags/example_external_task_marker_dag.py took 0.133 seconds
[2025-06-13T14:55:55.192+0000] {processor.py:161} INFO - Started process (PID=1401) to work on /home/airflow/.local/lib/python3.10/site-packages/airflow/example_dags/example_external_task_marker_dag.py
[2025-06-13T14:55:55.193+0000] {processor.py:830} INFO - Processing file /home/airflow/.local/lib/python3.10/site-packages/airflow/example_dags/example_external_task_marker_dag.py for tasks to queue
[2025-06-13T14:55:55.195+0000] {logging_mixin.py:188} INFO - [2025-06-13T14:55:55.195+0000] {dagbag.py:540} INFO - Filling up the DagBag from /home/airflow/.local/lib/python3.10/site-packages/airflow/example_dags/example_external_task_marker_dag.py
[2025-06-13T14:55:55.202+0000] {processor.py:840} INFO - DAG(s) 'example_external_task_marker_child', 'example_external_task_marker_parent' retrieved from /home/airflow/.local/lib/python3.10/site-packages/airflow/example_dags/example_external_task_marker_dag.py
[2025-06-13T14:55:55.229+0000] {logging_mixin.py:188} INFO - [2025-06-13T14:55:55.229+0000] {dag.py:3096} INFO - Sync 2 DAGs
[2025-06-13T14:55:55.239+0000] {logging_mixin.py:188} INFO - [2025-06-13T14:55:55.239+0000] {dag.py:3954} INFO - Setting next_dagrun for example_external_task_marker_child to None, run_after=None
[2025-06-13T14:55:55.242+0000] {logging_mixin.py:188} INFO - [2025-06-13T14:55:55.242+0000] {dag.py:3954} INFO - Setting next_dagrun for example_external_task_marker_parent to None, run_after=None
[2025-06-13T14:55:55.254+0000] {processor.py:183} INFO - Processing /home/airflow/.local/lib/python3.10/site-packages/airflow/example_dags/example_external_task_marker_dag.py took 0.076 seconds
[2025-06-13T14:56:25.602+0000] {processor.py:161} INFO - Started process (PID=1461) to work on /home/airflow/.local/lib/python3.10/site-packages/airflow/example_dags/example_external_task_marker_dag.py
[2025-06-13T14:56:25.604+0000] {processor.py:830} INFO - Processing file /home/airflow/.local/lib/python3.10/site-packages/airflow/example_dags/example_external_task_marker_dag.py for tasks to queue
[2025-06-13T14:56:25.607+0000] {logging_mixin.py:188} INFO - [2025-06-13T14:56:25.607+0000] {dagbag.py:540} INFO - Filling up the DagBag from /home/airflow/.local/lib/python3.10/site-packages/airflow/example_dags/example_external_task_marker_dag.py
[2025-06-13T14:56:25.617+0000] {processor.py:840} INFO - DAG(s) 'example_external_task_marker_child', 'example_external_task_marker_parent' retrieved from /home/airflow/.local/lib/python3.10/site-packages/airflow/example_dags/example_external_task_marker_dag.py
[2025-06-13T14:56:25.637+0000] {logging_mixin.py:188} INFO - [2025-06-13T14:56:25.637+0000] {dag.py:3096} INFO - Sync 2 DAGs
[2025-06-13T14:56:25.645+0000] {logging_mixin.py:188} INFO - [2025-06-13T14:56:25.645+0000] {dag.py:3954} INFO - Setting next_dagrun for example_external_task_marker_child to None, run_after=None
[2025-06-13T14:56:25.648+0000] {logging_mixin.py:188} INFO - [2025-06-13T14:56:25.648+0000] {dag.py:3954} INFO - Setting next_dagrun for example_external_task_marker_parent to None, run_after=None
[2025-06-13T14:56:25.662+0000] {processor.py:183} INFO - Processing /home/airflow/.local/lib/python3.10/site-packages/airflow/example_dags/example_external_task_marker_dag.py took 0.072 seconds
[2025-06-13T14:56:56.616+0000] {processor.py:161} INFO - Started process (PID=1521) to work on /home/airflow/.local/lib/python3.10/site-packages/airflow/example_dags/example_external_task_marker_dag.py
[2025-06-13T14:56:56.618+0000] {processor.py:830} INFO - Processing file /home/airflow/.local/lib/python3.10/site-packages/airflow/example_dags/example_external_task_marker_dag.py for tasks to queue
[2025-06-13T14:56:56.622+0000] {logging_mixin.py:188} INFO - [2025-06-13T14:56:56.622+0000] {dagbag.py:540} INFO - Filling up the DagBag from /home/airflow/.local/lib/python3.10/site-packages/airflow/example_dags/example_external_task_marker_dag.py
[2025-06-13T14:56:56.633+0000] {processor.py:840} INFO - DAG(s) 'example_external_task_marker_child', 'example_external_task_marker_parent' retrieved from /home/airflow/.local/lib/python3.10/site-packages/airflow/example_dags/example_external_task_marker_dag.py
[2025-06-13T14:56:56.721+0000] {logging_mixin.py:188} INFO - [2025-06-13T14:56:56.721+0000] {dag.py:3096} INFO - Sync 2 DAGs
[2025-06-13T14:56:56.739+0000] {logging_mixin.py:188} INFO - [2025-06-13T14:56:56.739+0000] {dag.py:3954} INFO - Setting next_dagrun for example_external_task_marker_child to None, run_after=None
[2025-06-13T14:56:56.743+0000] {logging_mixin.py:188} INFO - [2025-06-13T14:56:56.743+0000] {dag.py:3954} INFO - Setting next_dagrun for example_external_task_marker_parent to None, run_after=None
[2025-06-13T14:56:56.770+0000] {processor.py:183} INFO - Processing /home/airflow/.local/lib/python3.10/site-packages/airflow/example_dags/example_external_task_marker_dag.py took 0.178 seconds
[2025-06-13T14:57:26.872+0000] {processor.py:161} INFO - Started process (PID=1581) to work on /home/airflow/.local/lib/python3.10/site-packages/airflow/example_dags/example_external_task_marker_dag.py
[2025-06-13T14:57:26.877+0000] {processor.py:830} INFO - Processing file /home/airflow/.local/lib/python3.10/site-packages/airflow/example_dags/example_external_task_marker_dag.py for tasks to queue
[2025-06-13T14:57:26.879+0000] {logging_mixin.py:188} INFO - [2025-06-13T14:57:26.879+0000] {dagbag.py:540} INFO - Filling up the DagBag from /home/airflow/.local/lib/python3.10/site-packages/airflow/example_dags/example_external_task_marker_dag.py
[2025-06-13T14:57:26.887+0000] {processor.py:840} INFO - DAG(s) 'example_external_task_marker_child', 'example_external_task_marker_parent' retrieved from /home/airflow/.local/lib/python3.10/site-packages/airflow/example_dags/example_external_task_marker_dag.py
[2025-06-13T14:57:26.914+0000] {logging_mixin.py:188} INFO - [2025-06-13T14:57:26.914+0000] {dag.py:3096} INFO - Sync 2 DAGs
[2025-06-13T14:57:26.922+0000] {logging_mixin.py:188} INFO - [2025-06-13T14:57:26.922+0000] {dag.py:3954} INFO - Setting next_dagrun for example_external_task_marker_child to None, run_after=None
[2025-06-13T14:57:26.924+0000] {logging_mixin.py:188} INFO - [2025-06-13T14:57:26.924+0000] {dag.py:3954} INFO - Setting next_dagrun for example_external_task_marker_parent to None, run_after=None
[2025-06-13T14:57:26.936+0000] {processor.py:183} INFO - Processing /home/airflow/.local/lib/python3.10/site-packages/airflow/example_dags/example_external_task_marker_dag.py took 0.074 seconds
[2025-06-13T14:57:57.548+0000] {processor.py:161} INFO - Started process (PID=1641) to work on /home/airflow/.local/lib/python3.10/site-packages/airflow/example_dags/example_external_task_marker_dag.py
[2025-06-13T14:57:57.550+0000] {processor.py:830} INFO - Processing file /home/airflow/.local/lib/python3.10/site-packages/airflow/example_dags/example_external_task_marker_dag.py for tasks to queue
[2025-06-13T14:57:57.555+0000] {logging_mixin.py:188} INFO - [2025-06-13T14:57:57.554+0000] {dagbag.py:540} INFO - Filling up the DagBag from /home/airflow/.local/lib/python3.10/site-packages/airflow/example_dags/example_external_task_marker_dag.py
[2025-06-13T14:57:57.568+0000] {processor.py:840} INFO - DAG(s) 'example_external_task_marker_parent', 'example_external_task_marker_child' retrieved from /home/airflow/.local/lib/python3.10/site-packages/airflow/example_dags/example_external_task_marker_dag.py
[2025-06-13T14:57:57.611+0000] {logging_mixin.py:188} INFO - [2025-06-13T14:57:57.611+0000] {dag.py:3096} INFO - Sync 2 DAGs
[2025-06-13T14:57:57.622+0000] {logging_mixin.py:188} INFO - [2025-06-13T14:57:57.622+0000] {dag.py:3954} INFO - Setting next_dagrun for example_external_task_marker_child to None, run_after=None
[2025-06-13T14:57:57.628+0000] {logging_mixin.py:188} INFO - [2025-06-13T14:57:57.627+0000] {dag.py:3954} INFO - Setting next_dagrun for example_external_task_marker_parent to None, run_after=None
[2025-06-13T14:57:57.645+0000] {processor.py:183} INFO - Processing /home/airflow/.local/lib/python3.10/site-packages/airflow/example_dags/example_external_task_marker_dag.py took 0.128 seconds
[2025-06-13T14:58:28.547+0000] {processor.py:161} INFO - Started process (PID=1701) to work on /home/airflow/.local/lib/python3.10/site-packages/airflow/example_dags/example_external_task_marker_dag.py
[2025-06-13T14:58:28.549+0000] {processor.py:830} INFO - Processing file /home/airflow/.local/lib/python3.10/site-packages/airflow/example_dags/example_external_task_marker_dag.py for tasks to queue
[2025-06-13T14:58:28.554+0000] {logging_mixin.py:188} INFO - [2025-06-13T14:58:28.553+0000] {dagbag.py:540} INFO - Filling up the DagBag from /home/airflow/.local/lib/python3.10/site-packages/airflow/example_dags/example_external_task_marker_dag.py
[2025-06-13T14:58:28.575+0000] {processor.py:840} INFO - DAG(s) 'example_external_task_marker_child', 'example_external_task_marker_parent' retrieved from /home/airflow/.local/lib/python3.10/site-packages/airflow/example_dags/example_external_task_marker_dag.py
[2025-06-13T14:58:28.651+0000] {logging_mixin.py:188} INFO - [2025-06-13T14:58:28.650+0000] {dag.py:3096} INFO - Sync 2 DAGs
[2025-06-13T14:58:28.755+0000] {logging_mixin.py:188} INFO - [2025-06-13T14:58:28.755+0000] {dag.py:3954} INFO - Setting next_dagrun for example_external_task_marker_child to None, run_after=None
[2025-06-13T14:58:28.770+0000] {logging_mixin.py:188} INFO - [2025-06-13T14:58:28.770+0000] {dag.py:3954} INFO - Setting next_dagrun for example_external_task_marker_parent to None, run_after=None
[2025-06-13T14:58:28.789+0000] {processor.py:183} INFO - Processing /home/airflow/.local/lib/python3.10/site-packages/airflow/example_dags/example_external_task_marker_dag.py took 0.270 seconds
[2025-06-13T14:58:58.902+0000] {processor.py:161} INFO - Started process (PID=1761) to work on /home/airflow/.local/lib/python3.10/site-packages/airflow/example_dags/example_external_task_marker_dag.py
[2025-06-13T14:58:58.904+0000] {processor.py:830} INFO - Processing file /home/airflow/.local/lib/python3.10/site-packages/airflow/example_dags/example_external_task_marker_dag.py for tasks to queue
[2025-06-13T14:58:58.907+0000] {logging_mixin.py:188} INFO - [2025-06-13T14:58:58.907+0000] {dagbag.py:540} INFO - Filling up the DagBag from /home/airflow/.local/lib/python3.10/site-packages/airflow/example_dags/example_external_task_marker_dag.py
[2025-06-13T14:58:58.915+0000] {processor.py:840} INFO - DAG(s) 'example_external_task_marker_parent', 'example_external_task_marker_child' retrieved from /home/airflow/.local/lib/python3.10/site-packages/airflow/example_dags/example_external_task_marker_dag.py
[2025-06-13T14:58:58.940+0000] {logging_mixin.py:188} INFO - [2025-06-13T14:58:58.940+0000] {dag.py:3096} INFO - Sync 2 DAGs
[2025-06-13T14:58:58.950+0000] {logging_mixin.py:188} INFO - [2025-06-13T14:58:58.950+0000] {dag.py:3954} INFO - Setting next_dagrun for example_external_task_marker_child to None, run_after=None
[2025-06-13T14:58:58.955+0000] {logging_mixin.py:188} INFO - [2025-06-13T14:58:58.955+0000] {dag.py:3954} INFO - Setting next_dagrun for example_external_task_marker_parent to None, run_after=None
[2025-06-13T14:58:58.970+0000] {processor.py:183} INFO - Processing /home/airflow/.local/lib/python3.10/site-packages/airflow/example_dags/example_external_task_marker_dag.py took 0.090 seconds
[2025-06-13T14:59:29.207+0000] {processor.py:161} INFO - Started process (PID=1821) to work on /home/airflow/.local/lib/python3.10/site-packages/airflow/example_dags/example_external_task_marker_dag.py
[2025-06-13T14:59:29.209+0000] {processor.py:830} INFO - Processing file /home/airflow/.local/lib/python3.10/site-packages/airflow/example_dags/example_external_task_marker_dag.py for tasks to queue
[2025-06-13T14:59:29.211+0000] {logging_mixin.py:188} INFO - [2025-06-13T14:59:29.211+0000] {dagbag.py:540} INFO - Filling up the DagBag from /home/airflow/.local/lib/python3.10/site-packages/airflow/example_dags/example_external_task_marker_dag.py
[2025-06-13T14:59:29.218+0000] {processor.py:840} INFO - DAG(s) 'example_external_task_marker_parent', 'example_external_task_marker_child' retrieved from /home/airflow/.local/lib/python3.10/site-packages/airflow/example_dags/example_external_task_marker_dag.py
[2025-06-13T14:59:29.244+0000] {logging_mixin.py:188} INFO - [2025-06-13T14:59:29.244+0000] {dag.py:3096} INFO - Sync 2 DAGs
[2025-06-13T14:59:29.252+0000] {logging_mixin.py:188} INFO - [2025-06-13T14:59:29.252+0000] {dag.py:3954} INFO - Setting next_dagrun for example_external_task_marker_child to None, run_after=None
[2025-06-13T14:59:29.255+0000] {logging_mixin.py:188} INFO - [2025-06-13T14:59:29.255+0000] {dag.py:3954} INFO - Setting next_dagrun for example_external_task_marker_parent to None, run_after=None
[2025-06-13T14:59:29.267+0000] {processor.py:183} INFO - Processing /home/airflow/.local/lib/python3.10/site-packages/airflow/example_dags/example_external_task_marker_dag.py took 0.069 seconds
[2025-06-13T15:00:00.024+0000] {processor.py:161} INFO - Started process (PID=1881) to work on /home/airflow/.local/lib/python3.10/site-packages/airflow/example_dags/example_external_task_marker_dag.py
[2025-06-13T15:00:00.026+0000] {processor.py:830} INFO - Processing file /home/airflow/.local/lib/python3.10/site-packages/airflow/example_dags/example_external_task_marker_dag.py for tasks to queue
[2025-06-13T15:00:00.028+0000] {logging_mixin.py:188} INFO - [2025-06-13T15:00:00.028+0000] {dagbag.py:540} INFO - Filling up the DagBag from /home/airflow/.local/lib/python3.10/site-packages/airflow/example_dags/example_external_task_marker_dag.py
[2025-06-13T15:00:00.034+0000] {processor.py:840} INFO - DAG(s) 'example_external_task_marker_child', 'example_external_task_marker_parent' retrieved from /home/airflow/.local/lib/python3.10/site-packages/airflow/example_dags/example_external_task_marker_dag.py
[2025-06-13T15:00:00.057+0000] {logging_mixin.py:188} INFO - [2025-06-13T15:00:00.057+0000] {dag.py:3096} INFO - Sync 2 DAGs
[2025-06-13T15:00:00.066+0000] {logging_mixin.py:188} INFO - [2025-06-13T15:00:00.066+0000] {dag.py:3954} INFO - Setting next_dagrun for example_external_task_marker_child to None, run_after=None
[2025-06-13T15:00:00.070+0000] {logging_mixin.py:188} INFO - [2025-06-13T15:00:00.070+0000] {dag.py:3954} INFO - Setting next_dagrun for example_external_task_marker_parent to None, run_after=None
[2025-06-13T15:00:00.085+0000] {processor.py:183} INFO - Processing /home/airflow/.local/lib/python3.10/site-packages/airflow/example_dags/example_external_task_marker_dag.py took 0.070 seconds
[2025-06-13T15:00:30.408+0000] {processor.py:161} INFO - Started process (PID=1941) to work on /home/airflow/.local/lib/python3.10/site-packages/airflow/example_dags/example_external_task_marker_dag.py
[2025-06-13T15:00:30.410+0000] {processor.py:830} INFO - Processing file /home/airflow/.local/lib/python3.10/site-packages/airflow/example_dags/example_external_task_marker_dag.py for tasks to queue
[2025-06-13T15:00:30.413+0000] {logging_mixin.py:188} INFO - [2025-06-13T15:00:30.413+0000] {dagbag.py:540} INFO - Filling up the DagBag from /home/airflow/.local/lib/python3.10/site-packages/airflow/example_dags/example_external_task_marker_dag.py
[2025-06-13T15:00:30.420+0000] {processor.py:840} INFO - DAG(s) 'example_external_task_marker_child', 'example_external_task_marker_parent' retrieved from /home/airflow/.local/lib/python3.10/site-packages/airflow/example_dags/example_external_task_marker_dag.py
[2025-06-13T15:00:30.440+0000] {logging_mixin.py:188} INFO - [2025-06-13T15:00:30.440+0000] {dag.py:3096} INFO - Sync 2 DAGs
[2025-06-13T15:00:30.450+0000] {logging_mixin.py:188} INFO - [2025-06-13T15:00:30.449+0000] {dag.py:3954} INFO - Setting next_dagrun for example_external_task_marker_child to None, run_after=None
[2025-06-13T15:00:30.452+0000] {logging_mixin.py:188} INFO - [2025-06-13T15:00:30.452+0000] {dag.py:3954} INFO - Setting next_dagrun for example_external_task_marker_parent to None, run_after=None
[2025-06-13T15:00:30.463+0000] {processor.py:183} INFO - Processing /home/airflow/.local/lib/python3.10/site-packages/airflow/example_dags/example_external_task_marker_dag.py took 0.063 seconds
[2025-06-13T15:01:01.159+0000] {processor.py:161} INFO - Started process (PID=2001) to work on /home/airflow/.local/lib/python3.10/site-packages/airflow/example_dags/example_external_task_marker_dag.py
[2025-06-13T15:01:01.161+0000] {processor.py:830} INFO - Processing file /home/airflow/.local/lib/python3.10/site-packages/airflow/example_dags/example_external_task_marker_dag.py for tasks to queue
[2025-06-13T15:01:01.162+0000] {logging_mixin.py:188} INFO - [2025-06-13T15:01:01.162+0000] {dagbag.py:540} INFO - Filling up the DagBag from /home/airflow/.local/lib/python3.10/site-packages/airflow/example_dags/example_external_task_marker_dag.py
[2025-06-13T15:01:01.169+0000] {processor.py:840} INFO - DAG(s) 'example_external_task_marker_child', 'example_external_task_marker_parent' retrieved from /home/airflow/.local/lib/python3.10/site-packages/airflow/example_dags/example_external_task_marker_dag.py
[2025-06-13T15:01:01.190+0000] {logging_mixin.py:188} INFO - [2025-06-13T15:01:01.190+0000] {dag.py:3096} INFO - Sync 2 DAGs
[2025-06-13T15:01:01.201+0000] {logging_mixin.py:188} INFO - [2025-06-13T15:01:01.201+0000] {dag.py:3954} INFO - Setting next_dagrun for example_external_task_marker_child to None, run_after=None
[2025-06-13T15:01:01.204+0000] {logging_mixin.py:188} INFO - [2025-06-13T15:01:01.204+0000] {dag.py:3954} INFO - Setting next_dagrun for example_external_task_marker_parent to None, run_after=None
[2025-06-13T15:01:01.215+0000] {processor.py:183} INFO - Processing /home/airflow/.local/lib/python3.10/site-packages/airflow/example_dags/example_external_task_marker_dag.py took 0.069 seconds
[2025-06-13T15:01:31.536+0000] {processor.py:161} INFO - Started process (PID=2061) to work on /home/airflow/.local/lib/python3.10/site-packages/airflow/example_dags/example_external_task_marker_dag.py
[2025-06-13T15:01:31.538+0000] {processor.py:830} INFO - Processing file /home/airflow/.local/lib/python3.10/site-packages/airflow/example_dags/example_external_task_marker_dag.py for tasks to queue
[2025-06-13T15:01:31.539+0000] {logging_mixin.py:188} INFO - [2025-06-13T15:01:31.539+0000] {dagbag.py:540} INFO - Filling up the DagBag from /home/airflow/.local/lib/python3.10/site-packages/airflow/example_dags/example_external_task_marker_dag.py
[2025-06-13T15:01:31.544+0000] {processor.py:840} INFO - DAG(s) 'example_external_task_marker_child', 'example_external_task_marker_parent' retrieved from /home/airflow/.local/lib/python3.10/site-packages/airflow/example_dags/example_external_task_marker_dag.py
[2025-06-13T15:01:31.571+0000] {logging_mixin.py:188} INFO - [2025-06-13T15:01:31.571+0000] {dag.py:3096} INFO - Sync 2 DAGs
[2025-06-13T15:01:31.581+0000] {logging_mixin.py:188} INFO - [2025-06-13T15:01:31.581+0000] {dag.py:3954} INFO - Setting next_dagrun for example_external_task_marker_child to None, run_after=None
[2025-06-13T15:01:31.584+0000] {logging_mixin.py:188} INFO - [2025-06-13T15:01:31.584+0000] {dag.py:3954} INFO - Setting next_dagrun for example_external_task_marker_parent to None, run_after=None
[2025-06-13T15:01:31.598+0000] {processor.py:183} INFO - Processing /home/airflow/.local/lib/python3.10/site-packages/airflow/example_dags/example_external_task_marker_dag.py took 0.070 seconds
[2025-06-13T15:02:01.855+0000] {processor.py:161} INFO - Started process (PID=2121) to work on /home/airflow/.local/lib/python3.10/site-packages/airflow/example_dags/example_external_task_marker_dag.py
[2025-06-13T15:02:01.857+0000] {processor.py:830} INFO - Processing file /home/airflow/.local/lib/python3.10/site-packages/airflow/example_dags/example_external_task_marker_dag.py for tasks to queue
[2025-06-13T15:02:01.859+0000] {logging_mixin.py:188} INFO - [2025-06-13T15:02:01.858+0000] {dagbag.py:540} INFO - Filling up the DagBag from /home/airflow/.local/lib/python3.10/site-packages/airflow/example_dags/example_external_task_marker_dag.py
[2025-06-13T15:02:01.866+0000] {processor.py:840} INFO - DAG(s) 'example_external_task_marker_child', 'example_external_task_marker_parent' retrieved from /home/airflow/.local/lib/python3.10/site-packages/airflow/example_dags/example_external_task_marker_dag.py
[2025-06-13T15:02:01.894+0000] {logging_mixin.py:188} INFO - [2025-06-13T15:02:01.894+0000] {dag.py:3096} INFO - Sync 2 DAGs
[2025-06-13T15:02:01.903+0000] {logging_mixin.py:188} INFO - [2025-06-13T15:02:01.902+0000] {dag.py:3954} INFO - Setting next_dagrun for example_external_task_marker_child to None, run_after=None
[2025-06-13T15:02:01.917+0000] {logging_mixin.py:188} INFO - [2025-06-13T15:02:01.917+0000] {dag.py:3954} INFO - Setting next_dagrun for example_external_task_marker_parent to None, run_after=None
[2025-06-13T15:02:01.929+0000] {processor.py:183} INFO - Processing /home/airflow/.local/lib/python3.10/site-packages/airflow/example_dags/example_external_task_marker_dag.py took 0.084 seconds
[2025-06-13T15:02:32.232+0000] {processor.py:161} INFO - Started process (PID=2181) to work on /home/airflow/.local/lib/python3.10/site-packages/airflow/example_dags/example_external_task_marker_dag.py
[2025-06-13T15:02:32.234+0000] {processor.py:830} INFO - Processing file /home/airflow/.local/lib/python3.10/site-packages/airflow/example_dags/example_external_task_marker_dag.py for tasks to queue
[2025-06-13T15:02:32.237+0000] {logging_mixin.py:188} INFO - [2025-06-13T15:02:32.236+0000] {dagbag.py:540} INFO - Filling up the DagBag from /home/airflow/.local/lib/python3.10/site-packages/airflow/example_dags/example_external_task_marker_dag.py
[2025-06-13T15:02:32.243+0000] {processor.py:840} INFO - DAG(s) 'example_external_task_marker_child', 'example_external_task_marker_parent' retrieved from /home/airflow/.local/lib/python3.10/site-packages/airflow/example_dags/example_external_task_marker_dag.py
[2025-06-13T15:02:32.266+0000] {logging_mixin.py:188} INFO - [2025-06-13T15:02:32.266+0000] {dag.py:3096} INFO - Sync 2 DAGs
[2025-06-13T15:02:32.276+0000] {logging_mixin.py:188} INFO - [2025-06-13T15:02:32.276+0000] {dag.py:3954} INFO - Setting next_dagrun for example_external_task_marker_child to None, run_after=None
[2025-06-13T15:02:32.280+0000] {logging_mixin.py:188} INFO - [2025-06-13T15:02:32.280+0000] {dag.py:3954} INFO - Setting next_dagrun for example_external_task_marker_parent to None, run_after=None
[2025-06-13T15:02:32.290+0000] {processor.py:183} INFO - Processing /home/airflow/.local/lib/python3.10/site-packages/airflow/example_dags/example_external_task_marker_dag.py took 0.069 seconds
[2025-06-13T15:03:03.022+0000] {processor.py:161} INFO - Started process (PID=2241) to work on /home/airflow/.local/lib/python3.10/site-packages/airflow/example_dags/example_external_task_marker_dag.py
[2025-06-13T15:03:03.023+0000] {processor.py:830} INFO - Processing file /home/airflow/.local/lib/python3.10/site-packages/airflow/example_dags/example_external_task_marker_dag.py for tasks to queue
[2025-06-13T15:03:03.024+0000] {logging_mixin.py:188} INFO - [2025-06-13T15:03:03.024+0000] {dagbag.py:540} INFO - Filling up the DagBag from /home/airflow/.local/lib/python3.10/site-packages/airflow/example_dags/example_external_task_marker_dag.py
[2025-06-13T15:03:03.029+0000] {processor.py:840} INFO - DAG(s) 'example_external_task_marker_child', 'example_external_task_marker_parent' retrieved from /home/airflow/.local/lib/python3.10/site-packages/airflow/example_dags/example_external_task_marker_dag.py
[2025-06-13T15:03:03.049+0000] {logging_mixin.py:188} INFO - [2025-06-13T15:03:03.049+0000] {dag.py:3096} INFO - Sync 2 DAGs
[2025-06-13T15:03:03.057+0000] {logging_mixin.py:188} INFO - [2025-06-13T15:03:03.057+0000] {dag.py:3954} INFO - Setting next_dagrun for example_external_task_marker_child to None, run_after=None
[2025-06-13T15:03:03.061+0000] {logging_mixin.py:188} INFO - [2025-06-13T15:03:03.061+0000] {dag.py:3954} INFO - Setting next_dagrun for example_external_task_marker_parent to None, run_after=None
[2025-06-13T15:03:03.071+0000] {processor.py:183} INFO - Processing /home/airflow/.local/lib/python3.10/site-packages/airflow/example_dags/example_external_task_marker_dag.py took 0.054 seconds
[2025-06-13T15:03:33.330+0000] {processor.py:161} INFO - Started process (PID=2301) to work on /home/airflow/.local/lib/python3.10/site-packages/airflow/example_dags/example_external_task_marker_dag.py
[2025-06-13T15:03:33.331+0000] {processor.py:830} INFO - Processing file /home/airflow/.local/lib/python3.10/site-packages/airflow/example_dags/example_external_task_marker_dag.py for tasks to queue
[2025-06-13T15:03:33.333+0000] {logging_mixin.py:188} INFO - [2025-06-13T15:03:33.333+0000] {dagbag.py:540} INFO - Filling up the DagBag from /home/airflow/.local/lib/python3.10/site-packages/airflow/example_dags/example_external_task_marker_dag.py
[2025-06-13T15:03:33.341+0000] {processor.py:840} INFO - DAG(s) 'example_external_task_marker_child', 'example_external_task_marker_parent' retrieved from /home/airflow/.local/lib/python3.10/site-packages/airflow/example_dags/example_external_task_marker_dag.py
[2025-06-13T15:03:33.363+0000] {logging_mixin.py:188} INFO - [2025-06-13T15:03:33.363+0000] {dag.py:3096} INFO - Sync 2 DAGs
[2025-06-13T15:03:33.373+0000] {logging_mixin.py:188} INFO - [2025-06-13T15:03:33.373+0000] {dag.py:3954} INFO - Setting next_dagrun for example_external_task_marker_child to None, run_after=None
[2025-06-13T15:03:33.376+0000] {logging_mixin.py:188} INFO - [2025-06-13T15:03:33.376+0000] {dag.py:3954} INFO - Setting next_dagrun for example_external_task_marker_parent to None, run_after=None
[2025-06-13T15:03:33.388+0000] {processor.py:183} INFO - Processing /home/airflow/.local/lib/python3.10/site-packages/airflow/example_dags/example_external_task_marker_dag.py took 0.066 seconds
[2025-06-13T15:04:03.436+0000] {processor.py:161} INFO - Started process (PID=2361) to work on /home/airflow/.local/lib/python3.10/site-packages/airflow/example_dags/example_external_task_marker_dag.py
[2025-06-13T15:04:03.438+0000] {processor.py:830} INFO - Processing file /home/airflow/.local/lib/python3.10/site-packages/airflow/example_dags/example_external_task_marker_dag.py for tasks to queue
[2025-06-13T15:04:03.441+0000] {logging_mixin.py:188} INFO - [2025-06-13T15:04:03.441+0000] {dagbag.py:540} INFO - Filling up the DagBag from /home/airflow/.local/lib/python3.10/site-packages/airflow/example_dags/example_external_task_marker_dag.py
[2025-06-13T15:04:03.450+0000] {processor.py:840} INFO - DAG(s) 'example_external_task_marker_parent', 'example_external_task_marker_child' retrieved from /home/airflow/.local/lib/python3.10/site-packages/airflow/example_dags/example_external_task_marker_dag.py
[2025-06-13T15:04:03.477+0000] {logging_mixin.py:188} INFO - [2025-06-13T15:04:03.477+0000] {dag.py:3096} INFO - Sync 2 DAGs
[2025-06-13T15:04:03.496+0000] {logging_mixin.py:188} INFO - [2025-06-13T15:04:03.495+0000] {dag.py:3954} INFO - Setting next_dagrun for example_external_task_marker_child to None, run_after=None
[2025-06-13T15:04:03.500+0000] {logging_mixin.py:188} INFO - [2025-06-13T15:04:03.499+0000] {dag.py:3954} INFO - Setting next_dagrun for example_external_task_marker_parent to None, run_after=None
[2025-06-13T15:04:03.513+0000] {processor.py:183} INFO - Processing /home/airflow/.local/lib/python3.10/site-packages/airflow/example_dags/example_external_task_marker_dag.py took 0.089 seconds
[2025-06-13T15:04:33.757+0000] {processor.py:161} INFO - Started process (PID=2421) to work on /home/airflow/.local/lib/python3.10/site-packages/airflow/example_dags/example_external_task_marker_dag.py
[2025-06-13T15:04:33.759+0000] {processor.py:830} INFO - Processing file /home/airflow/.local/lib/python3.10/site-packages/airflow/example_dags/example_external_task_marker_dag.py for tasks to queue
[2025-06-13T15:04:33.760+0000] {logging_mixin.py:188} INFO - [2025-06-13T15:04:33.760+0000] {dagbag.py:540} INFO - Filling up the DagBag from /home/airflow/.local/lib/python3.10/site-packages/airflow/example_dags/example_external_task_marker_dag.py
[2025-06-13T15:04:33.766+0000] {processor.py:840} INFO - DAG(s) 'example_external_task_marker_child', 'example_external_task_marker_parent' retrieved from /home/airflow/.local/lib/python3.10/site-packages/airflow/example_dags/example_external_task_marker_dag.py
[2025-06-13T15:04:33.787+0000] {logging_mixin.py:188} INFO - [2025-06-13T15:04:33.787+0000] {dag.py:3096} INFO - Sync 2 DAGs
[2025-06-13T15:04:33.801+0000] {logging_mixin.py:188} INFO - [2025-06-13T15:04:33.800+0000] {dag.py:3954} INFO - Setting next_dagrun for example_external_task_marker_child to None, run_after=None
[2025-06-13T15:04:33.807+0000] {logging_mixin.py:188} INFO - [2025-06-13T15:04:33.807+0000] {dag.py:3954} INFO - Setting next_dagrun for example_external_task_marker_parent to None, run_after=None
[2025-06-13T15:04:33.910+0000] {processor.py:183} INFO - Processing /home/airflow/.local/lib/python3.10/site-packages/airflow/example_dags/example_external_task_marker_dag.py took 0.160 seconds
[2025-06-13T15:05:04.329+0000] {processor.py:161} INFO - Started process (PID=2481) to work on /home/airflow/.local/lib/python3.10/site-packages/airflow/example_dags/example_external_task_marker_dag.py
[2025-06-13T15:05:04.331+0000] {processor.py:830} INFO - Processing file /home/airflow/.local/lib/python3.10/site-packages/airflow/example_dags/example_external_task_marker_dag.py for tasks to queue
[2025-06-13T15:05:04.334+0000] {logging_mixin.py:188} INFO - [2025-06-13T15:05:04.334+0000] {dagbag.py:540} INFO - Filling up the DagBag from /home/airflow/.local/lib/python3.10/site-packages/airflow/example_dags/example_external_task_marker_dag.py
[2025-06-13T15:05:04.338+0000] {processor.py:840} INFO - DAG(s) 'example_external_task_marker_parent', 'example_external_task_marker_child' retrieved from /home/airflow/.local/lib/python3.10/site-packages/airflow/example_dags/example_external_task_marker_dag.py
[2025-06-13T15:05:04.383+0000] {logging_mixin.py:188} INFO - [2025-06-13T15:05:04.381+0000] {dag.py:3096} INFO - Sync 2 DAGs
[2025-06-13T15:05:04.431+0000] {logging_mixin.py:188} INFO - [2025-06-13T15:05:04.430+0000] {dag.py:3954} INFO - Setting next_dagrun for example_external_task_marker_child to None, run_after=None
[2025-06-13T15:05:04.437+0000] {logging_mixin.py:188} INFO - [2025-06-13T15:05:04.437+0000] {dag.py:3954} INFO - Setting next_dagrun for example_external_task_marker_parent to None, run_after=None
[2025-06-13T15:05:04.719+0000] {processor.py:183} INFO - Processing /home/airflow/.local/lib/python3.10/site-packages/airflow/example_dags/example_external_task_marker_dag.py took 0.404 seconds
