[2025-06-13T14:33:24.059+0000] {processor.py:161} INFO - Started process (PID=56) to work on /home/airflow/.local/lib/python3.10/site-packages/airflow/example_dags/example_short_circuit_decorator.py
[2025-06-13T14:33:24.063+0000] {processor.py:830} INFO - Processing file /home/airflow/.local/lib/python3.10/site-packages/airflow/example_dags/example_short_circuit_decorator.py for tasks to queue
[2025-06-13T14:33:24.070+0000] {logging_mixin.py:188} INFO - [2025-06-13T14:33:24.069+0000] {dagbag.py:540} INFO - Filling up the DagBag from /home/airflow/.local/lib/python3.10/site-packages/airflow/example_dags/example_short_circuit_decorator.py
[2025-06-13T14:33:24.090+0000] {processor.py:840} INFO - DAG(s) 'example_short_circuit_decorator' retrieved from /home/airflow/.local/lib/python3.10/site-packages/airflow/example_dags/example_short_circuit_decorator.py
[2025-06-13T14:33:24.117+0000] {logging_mixin.py:188} INFO - [2025-06-13T14:33:24.117+0000] {dag.py:3096} INFO - Sync 1 DAGs
[2025-06-13T14:33:24.172+0000] {logging_mixin.py:188} INFO - [2025-06-13T14:33:24.172+0000] {dag.py:3954} INFO - Setting next_dagrun for example_short_circuit_decorator to 2025-06-12 00:00:00+00:00, run_after=2025-06-13 00:00:00+00:00
[2025-06-13T14:33:24.291+0000] {processor.py:183} INFO - Processing /home/airflow/.local/lib/python3.10/site-packages/airflow/example_dags/example_short_circuit_decorator.py took 0.254 seconds
[2025-06-13T14:33:54.446+0000] {processor.py:161} INFO - Started process (PID=113) to work on /home/airflow/.local/lib/python3.10/site-packages/airflow/example_dags/example_short_circuit_decorator.py
[2025-06-13T14:33:54.449+0000] {processor.py:830} INFO - Processing file /home/airflow/.local/lib/python3.10/site-packages/airflow/example_dags/example_short_circuit_decorator.py for tasks to queue
[2025-06-13T14:33:54.450+0000] {logging_mixin.py:188} INFO - [2025-06-13T14:33:54.450+0000] {dagbag.py:540} INFO - Filling up the DagBag from /home/airflow/.local/lib/python3.10/site-packages/airflow/example_dags/example_short_circuit_decorator.py
[2025-06-13T14:33:54.455+0000] {processor.py:840} INFO - DAG(s) 'example_short_circuit_decorator' retrieved from /home/airflow/.local/lib/python3.10/site-packages/airflow/example_dags/example_short_circuit_decorator.py
[2025-06-13T14:33:54.518+0000] {logging_mixin.py:188} INFO - [2025-06-13T14:33:54.518+0000] {dag.py:3096} INFO - Sync 1 DAGs
[2025-06-13T14:33:54.529+0000] {logging_mixin.py:188} INFO - [2025-06-13T14:33:54.529+0000] {dag.py:3954} INFO - Setting next_dagrun for example_short_circuit_decorator to 2025-06-12 00:00:00+00:00, run_after=2025-06-13 00:00:00+00:00
[2025-06-13T14:33:54.539+0000] {processor.py:183} INFO - Processing /home/airflow/.local/lib/python3.10/site-packages/airflow/example_dags/example_short_circuit_decorator.py took 0.097 seconds
[2025-06-13T14:34:25.297+0000] {processor.py:161} INFO - Started process (PID=171) to work on /home/airflow/.local/lib/python3.10/site-packages/airflow/example_dags/example_short_circuit_decorator.py
[2025-06-13T14:34:25.300+0000] {processor.py:830} INFO - Processing file /home/airflow/.local/lib/python3.10/site-packages/airflow/example_dags/example_short_circuit_decorator.py for tasks to queue
[2025-06-13T14:34:25.301+0000] {logging_mixin.py:188} INFO - [2025-06-13T14:34:25.301+0000] {dagbag.py:540} INFO - Filling up the DagBag from /home/airflow/.local/lib/python3.10/site-packages/airflow/example_dags/example_short_circuit_decorator.py
[2025-06-13T14:34:25.311+0000] {processor.py:840} INFO - DAG(s) 'example_short_circuit_decorator' retrieved from /home/airflow/.local/lib/python3.10/site-packages/airflow/example_dags/example_short_circuit_decorator.py
[2025-06-13T14:34:25.325+0000] {logging_mixin.py:188} INFO - [2025-06-13T14:34:25.325+0000] {dag.py:3096} INFO - Sync 1 DAGs
[2025-06-13T14:34:25.336+0000] {logging_mixin.py:188} INFO - [2025-06-13T14:34:25.336+0000] {dag.py:3954} INFO - Setting next_dagrun for example_short_circuit_decorator to 2025-06-12 00:00:00+00:00, run_after=2025-06-13 00:00:00+00:00
[2025-06-13T14:34:25.349+0000] {processor.py:183} INFO - Processing /home/airflow/.local/lib/python3.10/site-packages/airflow/example_dags/example_short_circuit_decorator.py took 0.058 seconds
[2025-06-13T14:34:55.717+0000] {processor.py:161} INFO - Started process (PID=229) to work on /home/airflow/.local/lib/python3.10/site-packages/airflow/example_dags/example_short_circuit_decorator.py
[2025-06-13T14:34:55.718+0000] {processor.py:830} INFO - Processing file /home/airflow/.local/lib/python3.10/site-packages/airflow/example_dags/example_short_circuit_decorator.py for tasks to queue
[2025-06-13T14:34:55.719+0000] {logging_mixin.py:188} INFO - [2025-06-13T14:34:55.719+0000] {dagbag.py:540} INFO - Filling up the DagBag from /home/airflow/.local/lib/python3.10/site-packages/airflow/example_dags/example_short_circuit_decorator.py
[2025-06-13T14:34:55.723+0000] {processor.py:840} INFO - DAG(s) 'example_short_circuit_decorator' retrieved from /home/airflow/.local/lib/python3.10/site-packages/airflow/example_dags/example_short_circuit_decorator.py
[2025-06-13T14:34:55.738+0000] {logging_mixin.py:188} INFO - [2025-06-13T14:34:55.738+0000] {dag.py:3096} INFO - Sync 1 DAGs
[2025-06-13T14:34:55.749+0000] {logging_mixin.py:188} INFO - [2025-06-13T14:34:55.749+0000] {dag.py:3954} INFO - Setting next_dagrun for example_short_circuit_decorator to 2025-06-12 00:00:00+00:00, run_after=2025-06-13 00:00:00+00:00
[2025-06-13T14:34:55.757+0000] {processor.py:183} INFO - Processing /home/airflow/.local/lib/python3.10/site-packages/airflow/example_dags/example_short_circuit_decorator.py took 0.044 seconds
[2025-06-13T14:35:26.365+0000] {processor.py:161} INFO - Started process (PID=287) to work on /home/airflow/.local/lib/python3.10/site-packages/airflow/example_dags/example_short_circuit_decorator.py
[2025-06-13T14:35:26.365+0000] {processor.py:830} INFO - Processing file /home/airflow/.local/lib/python3.10/site-packages/airflow/example_dags/example_short_circuit_decorator.py for tasks to queue
[2025-06-13T14:35:26.367+0000] {logging_mixin.py:188} INFO - [2025-06-13T14:35:26.366+0000] {dagbag.py:540} INFO - Filling up the DagBag from /home/airflow/.local/lib/python3.10/site-packages/airflow/example_dags/example_short_circuit_decorator.py
[2025-06-13T14:35:26.372+0000] {processor.py:840} INFO - DAG(s) 'example_short_circuit_decorator' retrieved from /home/airflow/.local/lib/python3.10/site-packages/airflow/example_dags/example_short_circuit_decorator.py
[2025-06-13T14:35:26.391+0000] {logging_mixin.py:188} INFO - [2025-06-13T14:35:26.391+0000] {dag.py:3096} INFO - Sync 1 DAGs
[2025-06-13T14:35:26.404+0000] {logging_mixin.py:188} INFO - [2025-06-13T14:35:26.404+0000] {dag.py:3954} INFO - Setting next_dagrun for example_short_circuit_decorator to 2025-06-12 00:00:00+00:00, run_after=2025-06-13 00:00:00+00:00
[2025-06-13T14:35:26.417+0000] {processor.py:183} INFO - Processing /home/airflow/.local/lib/python3.10/site-packages/airflow/example_dags/example_short_circuit_decorator.py took 0.057 seconds
[2025-06-13T14:35:57.383+0000] {processor.py:161} INFO - Started process (PID=345) to work on /home/airflow/.local/lib/python3.10/site-packages/airflow/example_dags/example_short_circuit_decorator.py
[2025-06-13T14:35:57.390+0000] {processor.py:830} INFO - Processing file /home/airflow/.local/lib/python3.10/site-packages/airflow/example_dags/example_short_circuit_decorator.py for tasks to queue
[2025-06-13T14:35:57.392+0000] {logging_mixin.py:188} INFO - [2025-06-13T14:35:57.392+0000] {dagbag.py:540} INFO - Filling up the DagBag from /home/airflow/.local/lib/python3.10/site-packages/airflow/example_dags/example_short_circuit_decorator.py
[2025-06-13T14:35:57.408+0000] {processor.py:840} INFO - DAG(s) 'example_short_circuit_decorator' retrieved from /home/airflow/.local/lib/python3.10/site-packages/airflow/example_dags/example_short_circuit_decorator.py
[2025-06-13T14:35:57.518+0000] {logging_mixin.py:188} INFO - [2025-06-13T14:35:57.518+0000] {dag.py:3096} INFO - Sync 1 DAGs
[2025-06-13T14:35:57.561+0000] {logging_mixin.py:188} INFO - [2025-06-13T14:35:57.561+0000] {dag.py:3954} INFO - Setting next_dagrun for example_short_circuit_decorator to 2025-06-12 00:00:00+00:00, run_after=2025-06-13 00:00:00+00:00
[2025-06-13T14:35:57.784+0000] {processor.py:183} INFO - Processing /home/airflow/.local/lib/python3.10/site-packages/airflow/example_dags/example_short_circuit_decorator.py took 0.420 seconds
[2025-06-13T14:36:28.506+0000] {processor.py:161} INFO - Started process (PID=409) to work on /home/airflow/.local/lib/python3.10/site-packages/airflow/example_dags/example_short_circuit_decorator.py
[2025-06-13T14:36:28.507+0000] {processor.py:830} INFO - Processing file /home/airflow/.local/lib/python3.10/site-packages/airflow/example_dags/example_short_circuit_decorator.py for tasks to queue
[2025-06-13T14:36:28.508+0000] {logging_mixin.py:188} INFO - [2025-06-13T14:36:28.508+0000] {dagbag.py:540} INFO - Filling up the DagBag from /home/airflow/.local/lib/python3.10/site-packages/airflow/example_dags/example_short_circuit_decorator.py
[2025-06-13T14:36:28.514+0000] {processor.py:840} INFO - DAG(s) 'example_short_circuit_decorator' retrieved from /home/airflow/.local/lib/python3.10/site-packages/airflow/example_dags/example_short_circuit_decorator.py
[2025-06-13T14:36:28.527+0000] {logging_mixin.py:188} INFO - [2025-06-13T14:36:28.527+0000] {dag.py:3096} INFO - Sync 1 DAGs
[2025-06-13T14:36:28.540+0000] {logging_mixin.py:188} INFO - [2025-06-13T14:36:28.540+0000] {dag.py:3954} INFO - Setting next_dagrun for example_short_circuit_decorator to 2025-06-12 00:00:00+00:00, run_after=2025-06-13 00:00:00+00:00
[2025-06-13T14:36:28.553+0000] {processor.py:183} INFO - Processing /home/airflow/.local/lib/python3.10/site-packages/airflow/example_dags/example_short_circuit_decorator.py took 0.050 seconds
[2025-06-13T14:36:58.891+0000] {processor.py:161} INFO - Started process (PID=467) to work on /home/airflow/.local/lib/python3.10/site-packages/airflow/example_dags/example_short_circuit_decorator.py
[2025-06-13T14:36:58.893+0000] {processor.py:830} INFO - Processing file /home/airflow/.local/lib/python3.10/site-packages/airflow/example_dags/example_short_circuit_decorator.py for tasks to queue
[2025-06-13T14:36:58.894+0000] {logging_mixin.py:188} INFO - [2025-06-13T14:36:58.894+0000] {dagbag.py:540} INFO - Filling up the DagBag from /home/airflow/.local/lib/python3.10/site-packages/airflow/example_dags/example_short_circuit_decorator.py
[2025-06-13T14:36:58.899+0000] {processor.py:840} INFO - DAG(s) 'example_short_circuit_decorator' retrieved from /home/airflow/.local/lib/python3.10/site-packages/airflow/example_dags/example_short_circuit_decorator.py
[2025-06-13T14:36:58.914+0000] {logging_mixin.py:188} INFO - [2025-06-13T14:36:58.914+0000] {dag.py:3096} INFO - Sync 1 DAGs
[2025-06-13T14:36:58.928+0000] {logging_mixin.py:188} INFO - [2025-06-13T14:36:58.928+0000] {dag.py:3954} INFO - Setting next_dagrun for example_short_circuit_decorator to 2025-06-12 00:00:00+00:00, run_after=2025-06-13 00:00:00+00:00
[2025-06-13T14:36:58.938+0000] {processor.py:183} INFO - Processing /home/airflow/.local/lib/python3.10/site-packages/airflow/example_dags/example_short_circuit_decorator.py took 0.052 seconds
[2025-06-13T14:37:29.521+0000] {processor.py:161} INFO - Started process (PID=525) to work on /home/airflow/.local/lib/python3.10/site-packages/airflow/example_dags/example_short_circuit_decorator.py
[2025-06-13T14:37:29.522+0000] {processor.py:830} INFO - Processing file /home/airflow/.local/lib/python3.10/site-packages/airflow/example_dags/example_short_circuit_decorator.py for tasks to queue
[2025-06-13T14:37:29.523+0000] {logging_mixin.py:188} INFO - [2025-06-13T14:37:29.523+0000] {dagbag.py:540} INFO - Filling up the DagBag from /home/airflow/.local/lib/python3.10/site-packages/airflow/example_dags/example_short_circuit_decorator.py
[2025-06-13T14:37:29.528+0000] {processor.py:840} INFO - DAG(s) 'example_short_circuit_decorator' retrieved from /home/airflow/.local/lib/python3.10/site-packages/airflow/example_dags/example_short_circuit_decorator.py
[2025-06-13T14:37:29.543+0000] {logging_mixin.py:188} INFO - [2025-06-13T14:37:29.543+0000] {dag.py:3096} INFO - Sync 1 DAGs
[2025-06-13T14:37:29.555+0000] {logging_mixin.py:188} INFO - [2025-06-13T14:37:29.555+0000] {dag.py:3954} INFO - Setting next_dagrun for example_short_circuit_decorator to 2025-06-12 00:00:00+00:00, run_after=2025-06-13 00:00:00+00:00
[2025-06-13T14:37:29.624+0000] {processor.py:183} INFO - Processing /home/airflow/.local/lib/python3.10/site-packages/airflow/example_dags/example_short_circuit_decorator.py took 0.107 seconds
[2025-06-13T14:37:59.916+0000] {processor.py:161} INFO - Started process (PID=583) to work on /home/airflow/.local/lib/python3.10/site-packages/airflow/example_dags/example_short_circuit_decorator.py
[2025-06-13T14:37:59.918+0000] {processor.py:830} INFO - Processing file /home/airflow/.local/lib/python3.10/site-packages/airflow/example_dags/example_short_circuit_decorator.py for tasks to queue
[2025-06-13T14:37:59.920+0000] {logging_mixin.py:188} INFO - [2025-06-13T14:37:59.919+0000] {dagbag.py:540} INFO - Filling up the DagBag from /home/airflow/.local/lib/python3.10/site-packages/airflow/example_dags/example_short_circuit_decorator.py
[2025-06-13T14:37:59.927+0000] {processor.py:840} INFO - DAG(s) 'example_short_circuit_decorator' retrieved from /home/airflow/.local/lib/python3.10/site-packages/airflow/example_dags/example_short_circuit_decorator.py
[2025-06-13T14:37:59.954+0000] {logging_mixin.py:188} INFO - [2025-06-13T14:37:59.954+0000] {dag.py:3096} INFO - Sync 1 DAGs
[2025-06-13T14:37:59.972+0000] {logging_mixin.py:188} INFO - [2025-06-13T14:37:59.972+0000] {dag.py:3954} INFO - Setting next_dagrun for example_short_circuit_decorator to 2025-06-12 00:00:00+00:00, run_after=2025-06-13 00:00:00+00:00
[2025-06-13T14:37:59.984+0000] {processor.py:183} INFO - Processing /home/airflow/.local/lib/python3.10/site-packages/airflow/example_dags/example_short_circuit_decorator.py took 0.076 seconds
[2025-06-13T14:38:30.535+0000] {processor.py:161} INFO - Started process (PID=643) to work on /home/airflow/.local/lib/python3.10/site-packages/airflow/example_dags/example_short_circuit_decorator.py
[2025-06-13T14:38:30.538+0000] {processor.py:830} INFO - Processing file /home/airflow/.local/lib/python3.10/site-packages/airflow/example_dags/example_short_circuit_decorator.py for tasks to queue
[2025-06-13T14:38:30.540+0000] {logging_mixin.py:188} INFO - [2025-06-13T14:38:30.540+0000] {dagbag.py:540} INFO - Filling up the DagBag from /home/airflow/.local/lib/python3.10/site-packages/airflow/example_dags/example_short_circuit_decorator.py
[2025-06-13T14:38:30.546+0000] {processor.py:840} INFO - DAG(s) 'example_short_circuit_decorator' retrieved from /home/airflow/.local/lib/python3.10/site-packages/airflow/example_dags/example_short_circuit_decorator.py
[2025-06-13T14:38:30.564+0000] {logging_mixin.py:188} INFO - [2025-06-13T14:38:30.563+0000] {dag.py:3096} INFO - Sync 1 DAGs
[2025-06-13T14:38:30.577+0000] {logging_mixin.py:188} INFO - [2025-06-13T14:38:30.577+0000] {dag.py:3954} INFO - Setting next_dagrun for example_short_circuit_decorator to 2025-06-12 00:00:00+00:00, run_after=2025-06-13 00:00:00+00:00
[2025-06-13T14:38:30.594+0000] {processor.py:183} INFO - Processing /home/airflow/.local/lib/python3.10/site-packages/airflow/example_dags/example_short_circuit_decorator.py took 0.063 seconds
[2025-06-13T14:39:01.471+0000] {processor.py:161} INFO - Started process (PID=703) to work on /home/airflow/.local/lib/python3.10/site-packages/airflow/example_dags/example_short_circuit_decorator.py
[2025-06-13T14:39:01.472+0000] {processor.py:830} INFO - Processing file /home/airflow/.local/lib/python3.10/site-packages/airflow/example_dags/example_short_circuit_decorator.py for tasks to queue
[2025-06-13T14:39:01.473+0000] {logging_mixin.py:188} INFO - [2025-06-13T14:39:01.473+0000] {dagbag.py:540} INFO - Filling up the DagBag from /home/airflow/.local/lib/python3.10/site-packages/airflow/example_dags/example_short_circuit_decorator.py
[2025-06-13T14:39:01.482+0000] {processor.py:840} INFO - DAG(s) 'example_short_circuit_decorator' retrieved from /home/airflow/.local/lib/python3.10/site-packages/airflow/example_dags/example_short_circuit_decorator.py
[2025-06-13T14:39:01.500+0000] {logging_mixin.py:188} INFO - [2025-06-13T14:39:01.500+0000] {dag.py:3096} INFO - Sync 1 DAGs
[2025-06-13T14:39:01.513+0000] {logging_mixin.py:188} INFO - [2025-06-13T14:39:01.513+0000] {dag.py:3954} INFO - Setting next_dagrun for example_short_circuit_decorator to 2025-06-12 00:00:00+00:00, run_after=2025-06-13 00:00:00+00:00
[2025-06-13T14:39:01.522+0000] {processor.py:183} INFO - Processing /home/airflow/.local/lib/python3.10/site-packages/airflow/example_dags/example_short_circuit_decorator.py took 0.056 seconds
[2025-06-13T14:39:32.350+0000] {processor.py:161} INFO - Started process (PID=763) to work on /home/airflow/.local/lib/python3.10/site-packages/airflow/example_dags/example_short_circuit_decorator.py
[2025-06-13T14:39:32.351+0000] {processor.py:830} INFO - Processing file /home/airflow/.local/lib/python3.10/site-packages/airflow/example_dags/example_short_circuit_decorator.py for tasks to queue
[2025-06-13T14:39:32.353+0000] {logging_mixin.py:188} INFO - [2025-06-13T14:39:32.353+0000] {dagbag.py:540} INFO - Filling up the DagBag from /home/airflow/.local/lib/python3.10/site-packages/airflow/example_dags/example_short_circuit_decorator.py
[2025-06-13T14:39:32.358+0000] {processor.py:840} INFO - DAG(s) 'example_short_circuit_decorator' retrieved from /home/airflow/.local/lib/python3.10/site-packages/airflow/example_dags/example_short_circuit_decorator.py
[2025-06-13T14:39:32.376+0000] {logging_mixin.py:188} INFO - [2025-06-13T14:39:32.376+0000] {dag.py:3096} INFO - Sync 1 DAGs
[2025-06-13T14:39:32.386+0000] {logging_mixin.py:188} INFO - [2025-06-13T14:39:32.386+0000] {dag.py:3954} INFO - Setting next_dagrun for example_short_circuit_decorator to 2025-06-12 00:00:00+00:00, run_after=2025-06-13 00:00:00+00:00
[2025-06-13T14:39:32.397+0000] {processor.py:183} INFO - Processing /home/airflow/.local/lib/python3.10/site-packages/airflow/example_dags/example_short_circuit_decorator.py took 0.051 seconds
[2025-06-13T14:40:02.852+0000] {processor.py:161} INFO - Started process (PID=823) to work on /home/airflow/.local/lib/python3.10/site-packages/airflow/example_dags/example_short_circuit_decorator.py
[2025-06-13T14:40:02.853+0000] {processor.py:830} INFO - Processing file /home/airflow/.local/lib/python3.10/site-packages/airflow/example_dags/example_short_circuit_decorator.py for tasks to queue
[2025-06-13T14:40:02.854+0000] {logging_mixin.py:188} INFO - [2025-06-13T14:40:02.854+0000] {dagbag.py:540} INFO - Filling up the DagBag from /home/airflow/.local/lib/python3.10/site-packages/airflow/example_dags/example_short_circuit_decorator.py
[2025-06-13T14:40:02.860+0000] {processor.py:840} INFO - DAG(s) 'example_short_circuit_decorator' retrieved from /home/airflow/.local/lib/python3.10/site-packages/airflow/example_dags/example_short_circuit_decorator.py
[2025-06-13T14:40:02.873+0000] {logging_mixin.py:188} INFO - [2025-06-13T14:40:02.873+0000] {dag.py:3096} INFO - Sync 1 DAGs
[2025-06-13T14:40:02.885+0000] {logging_mixin.py:188} INFO - [2025-06-13T14:40:02.885+0000] {dag.py:3954} INFO - Setting next_dagrun for example_short_circuit_decorator to 2025-06-12 00:00:00+00:00, run_after=2025-06-13 00:00:00+00:00
[2025-06-13T14:40:02.903+0000] {processor.py:183} INFO - Processing /home/airflow/.local/lib/python3.10/site-packages/airflow/example_dags/example_short_circuit_decorator.py took 0.055 seconds
[2025-06-13T14:40:33.805+0000] {processor.py:161} INFO - Started process (PID=883) to work on /home/airflow/.local/lib/python3.10/site-packages/airflow/example_dags/example_short_circuit_decorator.py
[2025-06-13T14:40:33.806+0000] {processor.py:830} INFO - Processing file /home/airflow/.local/lib/python3.10/site-packages/airflow/example_dags/example_short_circuit_decorator.py for tasks to queue
[2025-06-13T14:40:33.807+0000] {logging_mixin.py:188} INFO - [2025-06-13T14:40:33.807+0000] {dagbag.py:540} INFO - Filling up the DagBag from /home/airflow/.local/lib/python3.10/site-packages/airflow/example_dags/example_short_circuit_decorator.py
[2025-06-13T14:40:33.812+0000] {processor.py:840} INFO - DAG(s) 'example_short_circuit_decorator' retrieved from /home/airflow/.local/lib/python3.10/site-packages/airflow/example_dags/example_short_circuit_decorator.py
[2025-06-13T14:40:33.837+0000] {logging_mixin.py:188} INFO - [2025-06-13T14:40:33.836+0000] {dag.py:3096} INFO - Sync 1 DAGs
[2025-06-13T14:40:33.852+0000] {logging_mixin.py:188} INFO - [2025-06-13T14:40:33.852+0000] {dag.py:3954} INFO - Setting next_dagrun for example_short_circuit_decorator to 2025-06-12 00:00:00+00:00, run_after=2025-06-13 00:00:00+00:00
[2025-06-13T14:40:33.887+0000] {processor.py:183} INFO - Processing /home/airflow/.local/lib/python3.10/site-packages/airflow/example_dags/example_short_circuit_decorator.py took 0.087 seconds
[2025-06-13T14:41:04.495+0000] {processor.py:161} INFO - Started process (PID=943) to work on /home/airflow/.local/lib/python3.10/site-packages/airflow/example_dags/example_short_circuit_decorator.py
[2025-06-13T14:41:04.497+0000] {processor.py:830} INFO - Processing file /home/airflow/.local/lib/python3.10/site-packages/airflow/example_dags/example_short_circuit_decorator.py for tasks to queue
[2025-06-13T14:41:04.498+0000] {logging_mixin.py:188} INFO - [2025-06-13T14:41:04.498+0000] {dagbag.py:540} INFO - Filling up the DagBag from /home/airflow/.local/lib/python3.10/site-packages/airflow/example_dags/example_short_circuit_decorator.py
[2025-06-13T14:41:04.503+0000] {processor.py:840} INFO - DAG(s) 'example_short_circuit_decorator' retrieved from /home/airflow/.local/lib/python3.10/site-packages/airflow/example_dags/example_short_circuit_decorator.py
[2025-06-13T14:41:04.521+0000] {logging_mixin.py:188} INFO - [2025-06-13T14:41:04.521+0000] {dag.py:3096} INFO - Sync 1 DAGs
[2025-06-13T14:41:04.534+0000] {logging_mixin.py:188} INFO - [2025-06-13T14:41:04.534+0000] {dag.py:3954} INFO - Setting next_dagrun for example_short_circuit_decorator to 2025-06-12 00:00:00+00:00, run_after=2025-06-13 00:00:00+00:00
[2025-06-13T14:41:04.544+0000] {processor.py:183} INFO - Processing /home/airflow/.local/lib/python3.10/site-packages/airflow/example_dags/example_short_circuit_decorator.py took 0.054 seconds
[2025-06-13T14:41:34.820+0000] {processor.py:161} INFO - Started process (PID=1003) to work on /home/airflow/.local/lib/python3.10/site-packages/airflow/example_dags/example_short_circuit_decorator.py
[2025-06-13T14:41:34.821+0000] {processor.py:830} INFO - Processing file /home/airflow/.local/lib/python3.10/site-packages/airflow/example_dags/example_short_circuit_decorator.py for tasks to queue
[2025-06-13T14:41:34.823+0000] {logging_mixin.py:188} INFO - [2025-06-13T14:41:34.822+0000] {dagbag.py:540} INFO - Filling up the DagBag from /home/airflow/.local/lib/python3.10/site-packages/airflow/example_dags/example_short_circuit_decorator.py
[2025-06-13T14:41:34.829+0000] {processor.py:840} INFO - DAG(s) 'example_short_circuit_decorator' retrieved from /home/airflow/.local/lib/python3.10/site-packages/airflow/example_dags/example_short_circuit_decorator.py
[2025-06-13T14:41:34.847+0000] {logging_mixin.py:188} INFO - [2025-06-13T14:41:34.847+0000] {dag.py:3096} INFO - Sync 1 DAGs
[2025-06-13T14:41:34.901+0000] {logging_mixin.py:188} INFO - [2025-06-13T14:41:34.901+0000] {dag.py:3954} INFO - Setting next_dagrun for example_short_circuit_decorator to 2025-06-12 00:00:00+00:00, run_after=2025-06-13 00:00:00+00:00
[2025-06-13T14:41:34.916+0000] {processor.py:183} INFO - Processing /home/airflow/.local/lib/python3.10/site-packages/airflow/example_dags/example_short_circuit_decorator.py took 0.102 seconds
[2025-06-13T14:42:05.051+0000] {processor.py:161} INFO - Started process (PID=1063) to work on /home/airflow/.local/lib/python3.10/site-packages/airflow/example_dags/example_short_circuit_decorator.py
[2025-06-13T14:42:05.053+0000] {processor.py:830} INFO - Processing file /home/airflow/.local/lib/python3.10/site-packages/airflow/example_dags/example_short_circuit_decorator.py for tasks to queue
[2025-06-13T14:42:05.054+0000] {logging_mixin.py:188} INFO - [2025-06-13T14:42:05.054+0000] {dagbag.py:540} INFO - Filling up the DagBag from /home/airflow/.local/lib/python3.10/site-packages/airflow/example_dags/example_short_circuit_decorator.py
[2025-06-13T14:42:05.059+0000] {processor.py:840} INFO - DAG(s) 'example_short_circuit_decorator' retrieved from /home/airflow/.local/lib/python3.10/site-packages/airflow/example_dags/example_short_circuit_decorator.py
[2025-06-13T14:42:05.073+0000] {logging_mixin.py:188} INFO - [2025-06-13T14:42:05.073+0000] {dag.py:3096} INFO - Sync 1 DAGs
[2025-06-13T14:42:05.089+0000] {logging_mixin.py:188} INFO - [2025-06-13T14:42:05.089+0000] {dag.py:3954} INFO - Setting next_dagrun for example_short_circuit_decorator to 2025-06-12 00:00:00+00:00, run_after=2025-06-13 00:00:00+00:00
[2025-06-13T14:42:05.115+0000] {processor.py:183} INFO - Processing /home/airflow/.local/lib/python3.10/site-packages/airflow/example_dags/example_short_circuit_decorator.py took 0.068 seconds
[2025-06-13T14:42:36.410+0000] {processor.py:161} INFO - Started process (PID=1123) to work on /home/airflow/.local/lib/python3.10/site-packages/airflow/example_dags/example_short_circuit_decorator.py
[2025-06-13T14:42:36.411+0000] {processor.py:830} INFO - Processing file /home/airflow/.local/lib/python3.10/site-packages/airflow/example_dags/example_short_circuit_decorator.py for tasks to queue
[2025-06-13T14:42:36.412+0000] {logging_mixin.py:188} INFO - [2025-06-13T14:42:36.412+0000] {dagbag.py:540} INFO - Filling up the DagBag from /home/airflow/.local/lib/python3.10/site-packages/airflow/example_dags/example_short_circuit_decorator.py
[2025-06-13T14:42:36.419+0000] {processor.py:840} INFO - DAG(s) 'example_short_circuit_decorator' retrieved from /home/airflow/.local/lib/python3.10/site-packages/airflow/example_dags/example_short_circuit_decorator.py
[2025-06-13T14:42:36.451+0000] {logging_mixin.py:188} INFO - [2025-06-13T14:42:36.450+0000] {dag.py:3096} INFO - Sync 1 DAGs
[2025-06-13T14:42:36.469+0000] {logging_mixin.py:188} INFO - [2025-06-13T14:42:36.469+0000] {dag.py:3954} INFO - Setting next_dagrun for example_short_circuit_decorator to 2025-06-12 00:00:00+00:00, run_after=2025-06-13 00:00:00+00:00
[2025-06-13T14:42:36.485+0000] {processor.py:183} INFO - Processing /home/airflow/.local/lib/python3.10/site-packages/airflow/example_dags/example_short_circuit_decorator.py took 0.082 seconds
[2025-06-13T14:43:07.241+0000] {processor.py:161} INFO - Started process (PID=1183) to work on /home/airflow/.local/lib/python3.10/site-packages/airflow/example_dags/example_short_circuit_decorator.py
[2025-06-13T14:43:07.242+0000] {processor.py:830} INFO - Processing file /home/airflow/.local/lib/python3.10/site-packages/airflow/example_dags/example_short_circuit_decorator.py for tasks to queue
[2025-06-13T14:43:07.245+0000] {logging_mixin.py:188} INFO - [2025-06-13T14:43:07.244+0000] {dagbag.py:540} INFO - Filling up the DagBag from /home/airflow/.local/lib/python3.10/site-packages/airflow/example_dags/example_short_circuit_decorator.py
[2025-06-13T14:43:07.261+0000] {processor.py:840} INFO - DAG(s) 'example_short_circuit_decorator' retrieved from /home/airflow/.local/lib/python3.10/site-packages/airflow/example_dags/example_short_circuit_decorator.py
[2025-06-13T14:43:07.285+0000] {logging_mixin.py:188} INFO - [2025-06-13T14:43:07.284+0000] {dag.py:3096} INFO - Sync 1 DAGs
[2025-06-13T14:43:07.301+0000] {logging_mixin.py:188} INFO - [2025-06-13T14:43:07.301+0000] {dag.py:3954} INFO - Setting next_dagrun for example_short_circuit_decorator to 2025-06-12 00:00:00+00:00, run_after=2025-06-13 00:00:00+00:00
[2025-06-13T14:43:07.314+0000] {processor.py:183} INFO - Processing /home/airflow/.local/lib/python3.10/site-packages/airflow/example_dags/example_short_circuit_decorator.py took 0.080 seconds
[2025-06-13T14:44:42.746+0000] {processor.py:161} INFO - Started process (PID=74) to work on /home/airflow/.local/lib/python3.10/site-packages/airflow/example_dags/example_short_circuit_decorator.py
[2025-06-13T14:44:42.749+0000] {processor.py:830} INFO - Processing file /home/airflow/.local/lib/python3.10/site-packages/airflow/example_dags/example_short_circuit_decorator.py for tasks to queue
[2025-06-13T14:44:42.750+0000] {logging_mixin.py:188} INFO - [2025-06-13T14:44:42.750+0000] {dagbag.py:540} INFO - Filling up the DagBag from /home/airflow/.local/lib/python3.10/site-packages/airflow/example_dags/example_short_circuit_decorator.py
[2025-06-13T14:44:42.757+0000] {processor.py:840} INFO - DAG(s) 'example_short_circuit_decorator' retrieved from /home/airflow/.local/lib/python3.10/site-packages/airflow/example_dags/example_short_circuit_decorator.py
[2025-06-13T14:44:42.764+0000] {logging_mixin.py:188} INFO - [2025-06-13T14:44:42.764+0000] {dag.py:3096} INFO - Sync 1 DAGs
[2025-06-13T14:44:42.778+0000] {logging_mixin.py:188} INFO - [2025-06-13T14:44:42.778+0000] {dag.py:3954} INFO - Setting next_dagrun for example_short_circuit_decorator to 2025-06-12 00:00:00+00:00, run_after=2025-06-13 00:00:00+00:00
[2025-06-13T14:44:42.792+0000] {processor.py:183} INFO - Processing /home/airflow/.local/lib/python3.10/site-packages/airflow/example_dags/example_short_circuit_decorator.py took 0.050 seconds
[2025-06-13T14:45:13.906+0000] {processor.py:161} INFO - Started process (PID=134) to work on /home/airflow/.local/lib/python3.10/site-packages/airflow/example_dags/example_short_circuit_decorator.py
[2025-06-13T14:45:13.907+0000] {processor.py:830} INFO - Processing file /home/airflow/.local/lib/python3.10/site-packages/airflow/example_dags/example_short_circuit_decorator.py for tasks to queue
[2025-06-13T14:45:13.909+0000] {logging_mixin.py:188} INFO - [2025-06-13T14:45:13.908+0000] {dagbag.py:540} INFO - Filling up the DagBag from /home/airflow/.local/lib/python3.10/site-packages/airflow/example_dags/example_short_circuit_decorator.py
[2025-06-13T14:45:13.916+0000] {processor.py:840} INFO - DAG(s) 'example_short_circuit_decorator' retrieved from /home/airflow/.local/lib/python3.10/site-packages/airflow/example_dags/example_short_circuit_decorator.py
[2025-06-13T14:45:13.976+0000] {logging_mixin.py:188} INFO - [2025-06-13T14:45:13.976+0000] {dag.py:3096} INFO - Sync 1 DAGs
[2025-06-13T14:45:13.992+0000] {logging_mixin.py:188} INFO - [2025-06-13T14:45:13.992+0000] {dag.py:3954} INFO - Setting next_dagrun for example_short_circuit_decorator to 2025-06-12 00:00:00+00:00, run_after=2025-06-13 00:00:00+00:00
[2025-06-13T14:45:14.011+0000] {processor.py:183} INFO - Processing /home/airflow/.local/lib/python3.10/site-packages/airflow/example_dags/example_short_circuit_decorator.py took 0.109 seconds
[2025-06-13T14:45:44.422+0000] {processor.py:161} INFO - Started process (PID=212) to work on /home/airflow/.local/lib/python3.10/site-packages/airflow/example_dags/example_short_circuit_decorator.py
[2025-06-13T14:45:44.424+0000] {processor.py:830} INFO - Processing file /home/airflow/.local/lib/python3.10/site-packages/airflow/example_dags/example_short_circuit_decorator.py for tasks to queue
[2025-06-13T14:45:44.430+0000] {logging_mixin.py:188} INFO - [2025-06-13T14:45:44.429+0000] {dagbag.py:540} INFO - Filling up the DagBag from /home/airflow/.local/lib/python3.10/site-packages/airflow/example_dags/example_short_circuit_decorator.py
[2025-06-13T14:45:44.473+0000] {processor.py:840} INFO - DAG(s) 'example_short_circuit_decorator' retrieved from /home/airflow/.local/lib/python3.10/site-packages/airflow/example_dags/example_short_circuit_decorator.py
[2025-06-13T14:45:44.506+0000] {logging_mixin.py:188} INFO - [2025-06-13T14:45:44.505+0000] {dag.py:3096} INFO - Sync 1 DAGs
[2025-06-13T14:45:44.532+0000] {logging_mixin.py:188} INFO - [2025-06-13T14:45:44.532+0000] {dag.py:3954} INFO - Setting next_dagrun for example_short_circuit_decorator to 2025-06-12 00:00:00+00:00, run_after=2025-06-13 00:00:00+00:00
[2025-06-13T14:45:44.568+0000] {processor.py:183} INFO - Processing /home/airflow/.local/lib/python3.10/site-packages/airflow/example_dags/example_short_circuit_decorator.py took 0.153 seconds
[2025-06-13T14:46:15.371+0000] {processor.py:161} INFO - Started process (PID=272) to work on /home/airflow/.local/lib/python3.10/site-packages/airflow/example_dags/example_short_circuit_decorator.py
[2025-06-13T14:46:15.374+0000] {processor.py:830} INFO - Processing file /home/airflow/.local/lib/python3.10/site-packages/airflow/example_dags/example_short_circuit_decorator.py for tasks to queue
[2025-06-13T14:46:15.375+0000] {logging_mixin.py:188} INFO - [2025-06-13T14:46:15.375+0000] {dagbag.py:540} INFO - Filling up the DagBag from /home/airflow/.local/lib/python3.10/site-packages/airflow/example_dags/example_short_circuit_decorator.py
[2025-06-13T14:46:15.382+0000] {processor.py:840} INFO - DAG(s) 'example_short_circuit_decorator' retrieved from /home/airflow/.local/lib/python3.10/site-packages/airflow/example_dags/example_short_circuit_decorator.py
[2025-06-13T14:46:15.401+0000] {logging_mixin.py:188} INFO - [2025-06-13T14:46:15.400+0000] {dag.py:3096} INFO - Sync 1 DAGs
[2025-06-13T14:46:15.415+0000] {logging_mixin.py:188} INFO - [2025-06-13T14:46:15.415+0000] {dag.py:3954} INFO - Setting next_dagrun for example_short_circuit_decorator to 2025-06-12 00:00:00+00:00, run_after=2025-06-13 00:00:00+00:00
[2025-06-13T14:46:15.433+0000] {processor.py:183} INFO - Processing /home/airflow/.local/lib/python3.10/site-packages/airflow/example_dags/example_short_circuit_decorator.py took 0.067 seconds
[2025-06-13T14:46:46.091+0000] {processor.py:161} INFO - Started process (PID=332) to work on /home/airflow/.local/lib/python3.10/site-packages/airflow/example_dags/example_short_circuit_decorator.py
[2025-06-13T14:46:46.092+0000] {processor.py:830} INFO - Processing file /home/airflow/.local/lib/python3.10/site-packages/airflow/example_dags/example_short_circuit_decorator.py for tasks to queue
[2025-06-13T14:46:46.094+0000] {logging_mixin.py:188} INFO - [2025-06-13T14:46:46.094+0000] {dagbag.py:540} INFO - Filling up the DagBag from /home/airflow/.local/lib/python3.10/site-packages/airflow/example_dags/example_short_circuit_decorator.py
[2025-06-13T14:46:46.099+0000] {processor.py:840} INFO - DAG(s) 'example_short_circuit_decorator' retrieved from /home/airflow/.local/lib/python3.10/site-packages/airflow/example_dags/example_short_circuit_decorator.py
[2025-06-13T14:46:46.112+0000] {logging_mixin.py:188} INFO - [2025-06-13T14:46:46.112+0000] {dag.py:3096} INFO - Sync 1 DAGs
[2025-06-13T14:46:46.122+0000] {logging_mixin.py:188} INFO - [2025-06-13T14:46:46.122+0000] {dag.py:3954} INFO - Setting next_dagrun for example_short_circuit_decorator to 2025-06-12 00:00:00+00:00, run_after=2025-06-13 00:00:00+00:00
[2025-06-13T14:46:46.130+0000] {processor.py:183} INFO - Processing /home/airflow/.local/lib/python3.10/site-packages/airflow/example_dags/example_short_circuit_decorator.py took 0.046 seconds
[2025-06-13T14:47:17.670+0000] {processor.py:161} INFO - Started process (PID=392) to work on /home/airflow/.local/lib/python3.10/site-packages/airflow/example_dags/example_short_circuit_decorator.py
[2025-06-13T14:47:17.672+0000] {processor.py:830} INFO - Processing file /home/airflow/.local/lib/python3.10/site-packages/airflow/example_dags/example_short_circuit_decorator.py for tasks to queue
[2025-06-13T14:47:17.673+0000] {logging_mixin.py:188} INFO - [2025-06-13T14:47:17.673+0000] {dagbag.py:540} INFO - Filling up the DagBag from /home/airflow/.local/lib/python3.10/site-packages/airflow/example_dags/example_short_circuit_decorator.py
[2025-06-13T14:47:17.678+0000] {processor.py:840} INFO - DAG(s) 'example_short_circuit_decorator' retrieved from /home/airflow/.local/lib/python3.10/site-packages/airflow/example_dags/example_short_circuit_decorator.py
[2025-06-13T14:47:17.695+0000] {logging_mixin.py:188} INFO - [2025-06-13T14:47:17.695+0000] {dag.py:3096} INFO - Sync 1 DAGs
[2025-06-13T14:47:17.708+0000] {logging_mixin.py:188} INFO - [2025-06-13T14:47:17.708+0000] {dag.py:3954} INFO - Setting next_dagrun for example_short_circuit_decorator to 2025-06-12 00:00:00+00:00, run_after=2025-06-13 00:00:00+00:00
[2025-06-13T14:47:17.724+0000] {processor.py:183} INFO - Processing /home/airflow/.local/lib/python3.10/site-packages/airflow/example_dags/example_short_circuit_decorator.py took 0.058 seconds
[2025-06-13T14:47:48.878+0000] {processor.py:161} INFO - Started process (PID=452) to work on /home/airflow/.local/lib/python3.10/site-packages/airflow/example_dags/example_short_circuit_decorator.py
[2025-06-13T14:47:48.881+0000] {processor.py:830} INFO - Processing file /home/airflow/.local/lib/python3.10/site-packages/airflow/example_dags/example_short_circuit_decorator.py for tasks to queue
[2025-06-13T14:47:48.885+0000] {logging_mixin.py:188} INFO - [2025-06-13T14:47:48.885+0000] {dagbag.py:540} INFO - Filling up the DagBag from /home/airflow/.local/lib/python3.10/site-packages/airflow/example_dags/example_short_circuit_decorator.py
[2025-06-13T14:47:48.890+0000] {processor.py:840} INFO - DAG(s) 'example_short_circuit_decorator' retrieved from /home/airflow/.local/lib/python3.10/site-packages/airflow/example_dags/example_short_circuit_decorator.py
[2025-06-13T14:47:48.913+0000] {logging_mixin.py:188} INFO - [2025-06-13T14:47:48.912+0000] {dag.py:3096} INFO - Sync 1 DAGs
[2025-06-13T14:47:48.933+0000] {logging_mixin.py:188} INFO - [2025-06-13T14:47:48.933+0000] {dag.py:3954} INFO - Setting next_dagrun for example_short_circuit_decorator to 2025-06-12 00:00:00+00:00, run_after=2025-06-13 00:00:00+00:00
[2025-06-13T14:47:48.957+0000] {processor.py:183} INFO - Processing /home/airflow/.local/lib/python3.10/site-packages/airflow/example_dags/example_short_circuit_decorator.py took 0.082 seconds
[2025-06-13T14:48:19.577+0000] {processor.py:161} INFO - Started process (PID=512) to work on /home/airflow/.local/lib/python3.10/site-packages/airflow/example_dags/example_short_circuit_decorator.py
[2025-06-13T14:48:19.578+0000] {processor.py:830} INFO - Processing file /home/airflow/.local/lib/python3.10/site-packages/airflow/example_dags/example_short_circuit_decorator.py for tasks to queue
[2025-06-13T14:48:19.579+0000] {logging_mixin.py:188} INFO - [2025-06-13T14:48:19.579+0000] {dagbag.py:540} INFO - Filling up the DagBag from /home/airflow/.local/lib/python3.10/site-packages/airflow/example_dags/example_short_circuit_decorator.py
[2025-06-13T14:48:19.584+0000] {processor.py:840} INFO - DAG(s) 'example_short_circuit_decorator' retrieved from /home/airflow/.local/lib/python3.10/site-packages/airflow/example_dags/example_short_circuit_decorator.py
[2025-06-13T14:48:19.597+0000] {logging_mixin.py:188} INFO - [2025-06-13T14:48:19.597+0000] {dag.py:3096} INFO - Sync 1 DAGs
[2025-06-13T14:48:19.607+0000] {logging_mixin.py:188} INFO - [2025-06-13T14:48:19.607+0000] {dag.py:3954} INFO - Setting next_dagrun for example_short_circuit_decorator to 2025-06-12 00:00:00+00:00, run_after=2025-06-13 00:00:00+00:00
[2025-06-13T14:48:19.615+0000] {processor.py:183} INFO - Processing /home/airflow/.local/lib/python3.10/site-packages/airflow/example_dags/example_short_circuit_decorator.py took 0.042 seconds
[2025-06-13T14:48:49.905+0000] {processor.py:161} INFO - Started process (PID=572) to work on /home/airflow/.local/lib/python3.10/site-packages/airflow/example_dags/example_short_circuit_decorator.py
[2025-06-13T14:48:49.906+0000] {processor.py:830} INFO - Processing file /home/airflow/.local/lib/python3.10/site-packages/airflow/example_dags/example_short_circuit_decorator.py for tasks to queue
[2025-06-13T14:48:49.907+0000] {logging_mixin.py:188} INFO - [2025-06-13T14:48:49.907+0000] {dagbag.py:540} INFO - Filling up the DagBag from /home/airflow/.local/lib/python3.10/site-packages/airflow/example_dags/example_short_circuit_decorator.py
[2025-06-13T14:48:49.915+0000] {processor.py:840} INFO - DAG(s) 'example_short_circuit_decorator' retrieved from /home/airflow/.local/lib/python3.10/site-packages/airflow/example_dags/example_short_circuit_decorator.py
[2025-06-13T14:48:49.944+0000] {logging_mixin.py:188} INFO - [2025-06-13T14:48:49.944+0000] {dag.py:3096} INFO - Sync 1 DAGs
[2025-06-13T14:48:49.964+0000] {logging_mixin.py:188} INFO - [2025-06-13T14:48:49.964+0000] {dag.py:3954} INFO - Setting next_dagrun for example_short_circuit_decorator to 2025-06-12 00:00:00+00:00, run_after=2025-06-13 00:00:00+00:00
[2025-06-13T14:48:49.977+0000] {processor.py:183} INFO - Processing /home/airflow/.local/lib/python3.10/site-packages/airflow/example_dags/example_short_circuit_decorator.py took 0.078 seconds
[2025-06-13T14:49:20.398+0000] {processor.py:161} INFO - Started process (PID=631) to work on /home/airflow/.local/lib/python3.10/site-packages/airflow/example_dags/example_short_circuit_decorator.py
[2025-06-13T14:49:20.400+0000] {processor.py:830} INFO - Processing file /home/airflow/.local/lib/python3.10/site-packages/airflow/example_dags/example_short_circuit_decorator.py for tasks to queue
[2025-06-13T14:49:20.402+0000] {logging_mixin.py:188} INFO - [2025-06-13T14:49:20.402+0000] {dagbag.py:540} INFO - Filling up the DagBag from /home/airflow/.local/lib/python3.10/site-packages/airflow/example_dags/example_short_circuit_decorator.py
[2025-06-13T14:49:20.407+0000] {processor.py:840} INFO - DAG(s) 'example_short_circuit_decorator' retrieved from /home/airflow/.local/lib/python3.10/site-packages/airflow/example_dags/example_short_circuit_decorator.py
[2025-06-13T14:49:20.446+0000] {logging_mixin.py:188} INFO - [2025-06-13T14:49:20.446+0000] {dag.py:3096} INFO - Sync 1 DAGs
[2025-06-13T14:49:20.473+0000] {logging_mixin.py:188} INFO - [2025-06-13T14:49:20.473+0000] {dag.py:3954} INFO - Setting next_dagrun for example_short_circuit_decorator to 2025-06-12 00:00:00+00:00, run_after=2025-06-13 00:00:00+00:00
[2025-06-13T14:49:20.484+0000] {processor.py:183} INFO - Processing /home/airflow/.local/lib/python3.10/site-packages/airflow/example_dags/example_short_circuit_decorator.py took 0.091 seconds
[2025-06-13T14:49:50.749+0000] {processor.py:161} INFO - Started process (PID=690) to work on /home/airflow/.local/lib/python3.10/site-packages/airflow/example_dags/example_short_circuit_decorator.py
[2025-06-13T14:49:50.750+0000] {processor.py:830} INFO - Processing file /home/airflow/.local/lib/python3.10/site-packages/airflow/example_dags/example_short_circuit_decorator.py for tasks to queue
[2025-06-13T14:49:50.752+0000] {logging_mixin.py:188} INFO - [2025-06-13T14:49:50.752+0000] {dagbag.py:540} INFO - Filling up the DagBag from /home/airflow/.local/lib/python3.10/site-packages/airflow/example_dags/example_short_circuit_decorator.py
[2025-06-13T14:49:50.758+0000] {processor.py:840} INFO - DAG(s) 'example_short_circuit_decorator' retrieved from /home/airflow/.local/lib/python3.10/site-packages/airflow/example_dags/example_short_circuit_decorator.py
[2025-06-13T14:49:50.772+0000] {logging_mixin.py:188} INFO - [2025-06-13T14:49:50.772+0000] {dag.py:3096} INFO - Sync 1 DAGs
[2025-06-13T14:49:50.784+0000] {logging_mixin.py:188} INFO - [2025-06-13T14:49:50.784+0000] {dag.py:3954} INFO - Setting next_dagrun for example_short_circuit_decorator to 2025-06-12 00:00:00+00:00, run_after=2025-06-13 00:00:00+00:00
[2025-06-13T14:49:50.792+0000] {processor.py:183} INFO - Processing /home/airflow/.local/lib/python3.10/site-packages/airflow/example_dags/example_short_circuit_decorator.py took 0.050 seconds
[2025-06-13T14:50:21.192+0000] {processor.py:161} INFO - Started process (PID=750) to work on /home/airflow/.local/lib/python3.10/site-packages/airflow/example_dags/example_short_circuit_decorator.py
[2025-06-13T14:50:21.193+0000] {processor.py:830} INFO - Processing file /home/airflow/.local/lib/python3.10/site-packages/airflow/example_dags/example_short_circuit_decorator.py for tasks to queue
[2025-06-13T14:50:21.194+0000] {logging_mixin.py:188} INFO - [2025-06-13T14:50:21.194+0000] {dagbag.py:540} INFO - Filling up the DagBag from /home/airflow/.local/lib/python3.10/site-packages/airflow/example_dags/example_short_circuit_decorator.py
[2025-06-13T14:50:21.199+0000] {processor.py:840} INFO - DAG(s) 'example_short_circuit_decorator' retrieved from /home/airflow/.local/lib/python3.10/site-packages/airflow/example_dags/example_short_circuit_decorator.py
[2025-06-13T14:50:21.215+0000] {logging_mixin.py:188} INFO - [2025-06-13T14:50:21.214+0000] {dag.py:3096} INFO - Sync 1 DAGs
[2025-06-13T14:50:21.228+0000] {logging_mixin.py:188} INFO - [2025-06-13T14:50:21.228+0000] {dag.py:3954} INFO - Setting next_dagrun for example_short_circuit_decorator to 2025-06-12 00:00:00+00:00, run_after=2025-06-13 00:00:00+00:00
[2025-06-13T14:50:21.240+0000] {processor.py:183} INFO - Processing /home/airflow/.local/lib/python3.10/site-packages/airflow/example_dags/example_short_circuit_decorator.py took 0.052 seconds
[2025-06-13T14:50:51.684+0000] {processor.py:161} INFO - Started process (PID=810) to work on /home/airflow/.local/lib/python3.10/site-packages/airflow/example_dags/example_short_circuit_decorator.py
[2025-06-13T14:50:51.685+0000] {processor.py:830} INFO - Processing file /home/airflow/.local/lib/python3.10/site-packages/airflow/example_dags/example_short_circuit_decorator.py for tasks to queue
[2025-06-13T14:50:51.686+0000] {logging_mixin.py:188} INFO - [2025-06-13T14:50:51.686+0000] {dagbag.py:540} INFO - Filling up the DagBag from /home/airflow/.local/lib/python3.10/site-packages/airflow/example_dags/example_short_circuit_decorator.py
[2025-06-13T14:50:51.691+0000] {processor.py:840} INFO - DAG(s) 'example_short_circuit_decorator' retrieved from /home/airflow/.local/lib/python3.10/site-packages/airflow/example_dags/example_short_circuit_decorator.py
[2025-06-13T14:50:51.705+0000] {logging_mixin.py:188} INFO - [2025-06-13T14:50:51.705+0000] {dag.py:3096} INFO - Sync 1 DAGs
[2025-06-13T14:50:51.735+0000] {logging_mixin.py:188} INFO - [2025-06-13T14:50:51.735+0000] {dag.py:3954} INFO - Setting next_dagrun for example_short_circuit_decorator to 2025-06-12 00:00:00+00:00, run_after=2025-06-13 00:00:00+00:00
[2025-06-13T14:50:51.746+0000] {processor.py:183} INFO - Processing /home/airflow/.local/lib/python3.10/site-packages/airflow/example_dags/example_short_circuit_decorator.py took 0.067 seconds
[2025-06-13T14:51:22.448+0000] {processor.py:161} INFO - Started process (PID=870) to work on /home/airflow/.local/lib/python3.10/site-packages/airflow/example_dags/example_short_circuit_decorator.py
[2025-06-13T14:51:22.450+0000] {processor.py:830} INFO - Processing file /home/airflow/.local/lib/python3.10/site-packages/airflow/example_dags/example_short_circuit_decorator.py for tasks to queue
[2025-06-13T14:51:22.452+0000] {logging_mixin.py:188} INFO - [2025-06-13T14:51:22.451+0000] {dagbag.py:540} INFO - Filling up the DagBag from /home/airflow/.local/lib/python3.10/site-packages/airflow/example_dags/example_short_circuit_decorator.py
[2025-06-13T14:51:22.461+0000] {processor.py:840} INFO - DAG(s) 'example_short_circuit_decorator' retrieved from /home/airflow/.local/lib/python3.10/site-packages/airflow/example_dags/example_short_circuit_decorator.py
[2025-06-13T14:51:22.474+0000] {logging_mixin.py:188} INFO - [2025-06-13T14:51:22.474+0000] {dag.py:3096} INFO - Sync 1 DAGs
[2025-06-13T14:51:22.486+0000] {logging_mixin.py:188} INFO - [2025-06-13T14:51:22.486+0000] {dag.py:3954} INFO - Setting next_dagrun for example_short_circuit_decorator to 2025-06-12 00:00:00+00:00, run_after=2025-06-13 00:00:00+00:00
[2025-06-13T14:51:22.496+0000] {processor.py:183} INFO - Processing /home/airflow/.local/lib/python3.10/site-packages/airflow/example_dags/example_short_circuit_decorator.py took 0.052 seconds
[2025-06-13T14:51:53.282+0000] {processor.py:161} INFO - Started process (PID=930) to work on /home/airflow/.local/lib/python3.10/site-packages/airflow/example_dags/example_short_circuit_decorator.py
[2025-06-13T14:51:53.283+0000] {processor.py:830} INFO - Processing file /home/airflow/.local/lib/python3.10/site-packages/airflow/example_dags/example_short_circuit_decorator.py for tasks to queue
[2025-06-13T14:51:53.284+0000] {logging_mixin.py:188} INFO - [2025-06-13T14:51:53.284+0000] {dagbag.py:540} INFO - Filling up the DagBag from /home/airflow/.local/lib/python3.10/site-packages/airflow/example_dags/example_short_circuit_decorator.py
[2025-06-13T14:51:53.289+0000] {processor.py:840} INFO - DAG(s) 'example_short_circuit_decorator' retrieved from /home/airflow/.local/lib/python3.10/site-packages/airflow/example_dags/example_short_circuit_decorator.py
[2025-06-13T14:51:53.301+0000] {logging_mixin.py:188} INFO - [2025-06-13T14:51:53.300+0000] {dag.py:3096} INFO - Sync 1 DAGs
[2025-06-13T14:51:53.311+0000] {logging_mixin.py:188} INFO - [2025-06-13T14:51:53.311+0000] {dag.py:3954} INFO - Setting next_dagrun for example_short_circuit_decorator to 2025-06-12 00:00:00+00:00, run_after=2025-06-13 00:00:00+00:00
[2025-06-13T14:51:53.319+0000] {processor.py:183} INFO - Processing /home/airflow/.local/lib/python3.10/site-packages/airflow/example_dags/example_short_circuit_decorator.py took 0.041 seconds
[2025-06-13T14:52:23.600+0000] {processor.py:161} INFO - Started process (PID=990) to work on /home/airflow/.local/lib/python3.10/site-packages/airflow/example_dags/example_short_circuit_decorator.py
[2025-06-13T14:52:23.603+0000] {processor.py:830} INFO - Processing file /home/airflow/.local/lib/python3.10/site-packages/airflow/example_dags/example_short_circuit_decorator.py for tasks to queue
[2025-06-13T14:52:23.604+0000] {logging_mixin.py:188} INFO - [2025-06-13T14:52:23.604+0000] {dagbag.py:540} INFO - Filling up the DagBag from /home/airflow/.local/lib/python3.10/site-packages/airflow/example_dags/example_short_circuit_decorator.py
[2025-06-13T14:52:23.609+0000] {processor.py:840} INFO - DAG(s) 'example_short_circuit_decorator' retrieved from /home/airflow/.local/lib/python3.10/site-packages/airflow/example_dags/example_short_circuit_decorator.py
[2025-06-13T14:52:23.622+0000] {logging_mixin.py:188} INFO - [2025-06-13T14:52:23.622+0000] {dag.py:3096} INFO - Sync 1 DAGs
[2025-06-13T14:52:23.635+0000] {logging_mixin.py:188} INFO - [2025-06-13T14:52:23.635+0000] {dag.py:3954} INFO - Setting next_dagrun for example_short_circuit_decorator to 2025-06-12 00:00:00+00:00, run_after=2025-06-13 00:00:00+00:00
[2025-06-13T14:52:23.644+0000] {processor.py:183} INFO - Processing /home/airflow/.local/lib/python3.10/site-packages/airflow/example_dags/example_short_circuit_decorator.py took 0.048 seconds
[2025-06-13T14:52:53.892+0000] {processor.py:161} INFO - Started process (PID=1050) to work on /home/airflow/.local/lib/python3.10/site-packages/airflow/example_dags/example_short_circuit_decorator.py
[2025-06-13T14:52:53.893+0000] {processor.py:830} INFO - Processing file /home/airflow/.local/lib/python3.10/site-packages/airflow/example_dags/example_short_circuit_decorator.py for tasks to queue
[2025-06-13T14:52:53.895+0000] {logging_mixin.py:188} INFO - [2025-06-13T14:52:53.894+0000] {dagbag.py:540} INFO - Filling up the DagBag from /home/airflow/.local/lib/python3.10/site-packages/airflow/example_dags/example_short_circuit_decorator.py
[2025-06-13T14:52:53.901+0000] {processor.py:840} INFO - DAG(s) 'example_short_circuit_decorator' retrieved from /home/airflow/.local/lib/python3.10/site-packages/airflow/example_dags/example_short_circuit_decorator.py
[2025-06-13T14:52:53.920+0000] {logging_mixin.py:188} INFO - [2025-06-13T14:52:53.919+0000] {dag.py:3096} INFO - Sync 1 DAGs
[2025-06-13T14:52:53.935+0000] {logging_mixin.py:188} INFO - [2025-06-13T14:52:53.934+0000] {dag.py:3954} INFO - Setting next_dagrun for example_short_circuit_decorator to 2025-06-12 00:00:00+00:00, run_after=2025-06-13 00:00:00+00:00
[2025-06-13T14:52:53.949+0000] {processor.py:183} INFO - Processing /home/airflow/.local/lib/python3.10/site-packages/airflow/example_dags/example_short_circuit_decorator.py took 0.063 seconds
[2025-06-13T14:53:24.316+0000] {processor.py:161} INFO - Started process (PID=1110) to work on /home/airflow/.local/lib/python3.10/site-packages/airflow/example_dags/example_short_circuit_decorator.py
[2025-06-13T14:53:24.317+0000] {processor.py:830} INFO - Processing file /home/airflow/.local/lib/python3.10/site-packages/airflow/example_dags/example_short_circuit_decorator.py for tasks to queue
[2025-06-13T14:53:24.319+0000] {logging_mixin.py:188} INFO - [2025-06-13T14:53:24.318+0000] {dagbag.py:540} INFO - Filling up the DagBag from /home/airflow/.local/lib/python3.10/site-packages/airflow/example_dags/example_short_circuit_decorator.py
[2025-06-13T14:53:24.328+0000] {processor.py:840} INFO - DAG(s) 'example_short_circuit_decorator' retrieved from /home/airflow/.local/lib/python3.10/site-packages/airflow/example_dags/example_short_circuit_decorator.py
[2025-06-13T14:53:24.342+0000] {logging_mixin.py:188} INFO - [2025-06-13T14:53:24.342+0000] {dag.py:3096} INFO - Sync 1 DAGs
[2025-06-13T14:53:24.356+0000] {logging_mixin.py:188} INFO - [2025-06-13T14:53:24.356+0000] {dag.py:3954} INFO - Setting next_dagrun for example_short_circuit_decorator to 2025-06-12 00:00:00+00:00, run_after=2025-06-13 00:00:00+00:00
[2025-06-13T14:53:24.373+0000] {processor.py:183} INFO - Processing /home/airflow/.local/lib/python3.10/site-packages/airflow/example_dags/example_short_circuit_decorator.py took 0.061 seconds
[2025-06-13T14:53:55.085+0000] {processor.py:161} INFO - Started process (PID=1170) to work on /home/airflow/.local/lib/python3.10/site-packages/airflow/example_dags/example_short_circuit_decorator.py
[2025-06-13T14:53:55.087+0000] {processor.py:830} INFO - Processing file /home/airflow/.local/lib/python3.10/site-packages/airflow/example_dags/example_short_circuit_decorator.py for tasks to queue
[2025-06-13T14:53:55.089+0000] {logging_mixin.py:188} INFO - [2025-06-13T14:53:55.088+0000] {dagbag.py:540} INFO - Filling up the DagBag from /home/airflow/.local/lib/python3.10/site-packages/airflow/example_dags/example_short_circuit_decorator.py
[2025-06-13T14:53:55.097+0000] {processor.py:840} INFO - DAG(s) 'example_short_circuit_decorator' retrieved from /home/airflow/.local/lib/python3.10/site-packages/airflow/example_dags/example_short_circuit_decorator.py
[2025-06-13T14:53:55.115+0000] {logging_mixin.py:188} INFO - [2025-06-13T14:53:55.115+0000] {dag.py:3096} INFO - Sync 1 DAGs
[2025-06-13T14:53:55.153+0000] {logging_mixin.py:188} INFO - [2025-06-13T14:53:55.152+0000] {dag.py:3954} INFO - Setting next_dagrun for example_short_circuit_decorator to 2025-06-12 00:00:00+00:00, run_after=2025-06-13 00:00:00+00:00
[2025-06-13T14:53:55.193+0000] {processor.py:183} INFO - Processing /home/airflow/.local/lib/python3.10/site-packages/airflow/example_dags/example_short_circuit_decorator.py took 0.113 seconds
[2025-06-13T14:54:25.750+0000] {processor.py:161} INFO - Started process (PID=1230) to work on /home/airflow/.local/lib/python3.10/site-packages/airflow/example_dags/example_short_circuit_decorator.py
[2025-06-13T14:54:25.751+0000] {processor.py:830} INFO - Processing file /home/airflow/.local/lib/python3.10/site-packages/airflow/example_dags/example_short_circuit_decorator.py for tasks to queue
[2025-06-13T14:54:25.752+0000] {logging_mixin.py:188} INFO - [2025-06-13T14:54:25.752+0000] {dagbag.py:540} INFO - Filling up the DagBag from /home/airflow/.local/lib/python3.10/site-packages/airflow/example_dags/example_short_circuit_decorator.py
[2025-06-13T14:54:25.757+0000] {processor.py:840} INFO - DAG(s) 'example_short_circuit_decorator' retrieved from /home/airflow/.local/lib/python3.10/site-packages/airflow/example_dags/example_short_circuit_decorator.py
[2025-06-13T14:54:25.769+0000] {logging_mixin.py:188} INFO - [2025-06-13T14:54:25.769+0000] {dag.py:3096} INFO - Sync 1 DAGs
[2025-06-13T14:54:25.784+0000] {logging_mixin.py:188} INFO - [2025-06-13T14:54:25.784+0000] {dag.py:3954} INFO - Setting next_dagrun for example_short_circuit_decorator to 2025-06-12 00:00:00+00:00, run_after=2025-06-13 00:00:00+00:00
[2025-06-13T14:54:25.796+0000] {processor.py:183} INFO - Processing /home/airflow/.local/lib/python3.10/site-packages/airflow/example_dags/example_short_circuit_decorator.py took 0.050 seconds
[2025-06-13T14:54:55.868+0000] {processor.py:161} INFO - Started process (PID=1290) to work on /home/airflow/.local/lib/python3.10/site-packages/airflow/example_dags/example_short_circuit_decorator.py
[2025-06-13T14:54:55.869+0000] {processor.py:830} INFO - Processing file /home/airflow/.local/lib/python3.10/site-packages/airflow/example_dags/example_short_circuit_decorator.py for tasks to queue
[2025-06-13T14:54:55.873+0000] {logging_mixin.py:188} INFO - [2025-06-13T14:54:55.873+0000] {dagbag.py:540} INFO - Filling up the DagBag from /home/airflow/.local/lib/python3.10/site-packages/airflow/example_dags/example_short_circuit_decorator.py
[2025-06-13T14:54:55.878+0000] {processor.py:840} INFO - DAG(s) 'example_short_circuit_decorator' retrieved from /home/airflow/.local/lib/python3.10/site-packages/airflow/example_dags/example_short_circuit_decorator.py
[2025-06-13T14:54:55.891+0000] {logging_mixin.py:188} INFO - [2025-06-13T14:54:55.891+0000] {dag.py:3096} INFO - Sync 1 DAGs
[2025-06-13T14:54:55.903+0000] {logging_mixin.py:188} INFO - [2025-06-13T14:54:55.903+0000] {dag.py:3954} INFO - Setting next_dagrun for example_short_circuit_decorator to 2025-06-12 00:00:00+00:00, run_after=2025-06-13 00:00:00+00:00
[2025-06-13T14:54:55.914+0000] {processor.py:183} INFO - Processing /home/airflow/.local/lib/python3.10/site-packages/airflow/example_dags/example_short_circuit_decorator.py took 0.050 seconds
[2025-06-13T14:55:26.460+0000] {processor.py:161} INFO - Started process (PID=1350) to work on /home/airflow/.local/lib/python3.10/site-packages/airflow/example_dags/example_short_circuit_decorator.py
[2025-06-13T14:55:26.462+0000] {processor.py:830} INFO - Processing file /home/airflow/.local/lib/python3.10/site-packages/airflow/example_dags/example_short_circuit_decorator.py for tasks to queue
[2025-06-13T14:55:26.463+0000] {logging_mixin.py:188} INFO - [2025-06-13T14:55:26.463+0000] {dagbag.py:540} INFO - Filling up the DagBag from /home/airflow/.local/lib/python3.10/site-packages/airflow/example_dags/example_short_circuit_decorator.py
[2025-06-13T14:55:26.468+0000] {processor.py:840} INFO - DAG(s) 'example_short_circuit_decorator' retrieved from /home/airflow/.local/lib/python3.10/site-packages/airflow/example_dags/example_short_circuit_decorator.py
[2025-06-13T14:55:26.490+0000] {logging_mixin.py:188} INFO - [2025-06-13T14:55:26.490+0000] {dag.py:3096} INFO - Sync 1 DAGs
[2025-06-13T14:55:26.505+0000] {logging_mixin.py:188} INFO - [2025-06-13T14:55:26.505+0000] {dag.py:3954} INFO - Setting next_dagrun for example_short_circuit_decorator to 2025-06-12 00:00:00+00:00, run_after=2025-06-13 00:00:00+00:00
[2025-06-13T14:55:26.517+0000] {processor.py:183} INFO - Processing /home/airflow/.local/lib/python3.10/site-packages/airflow/example_dags/example_short_circuit_decorator.py took 0.061 seconds
[2025-06-13T14:55:56.670+0000] {processor.py:161} INFO - Started process (PID=1410) to work on /home/airflow/.local/lib/python3.10/site-packages/airflow/example_dags/example_short_circuit_decorator.py
[2025-06-13T14:55:56.671+0000] {processor.py:830} INFO - Processing file /home/airflow/.local/lib/python3.10/site-packages/airflow/example_dags/example_short_circuit_decorator.py for tasks to queue
[2025-06-13T14:55:56.672+0000] {logging_mixin.py:188} INFO - [2025-06-13T14:55:56.672+0000] {dagbag.py:540} INFO - Filling up the DagBag from /home/airflow/.local/lib/python3.10/site-packages/airflow/example_dags/example_short_circuit_decorator.py
[2025-06-13T14:55:56.678+0000] {processor.py:840} INFO - DAG(s) 'example_short_circuit_decorator' retrieved from /home/airflow/.local/lib/python3.10/site-packages/airflow/example_dags/example_short_circuit_decorator.py
[2025-06-13T14:55:56.694+0000] {logging_mixin.py:188} INFO - [2025-06-13T14:55:56.694+0000] {dag.py:3096} INFO - Sync 1 DAGs
[2025-06-13T14:55:56.710+0000] {logging_mixin.py:188} INFO - [2025-06-13T14:55:56.710+0000] {dag.py:3954} INFO - Setting next_dagrun for example_short_circuit_decorator to 2025-06-12 00:00:00+00:00, run_after=2025-06-13 00:00:00+00:00
[2025-06-13T14:55:56.722+0000] {processor.py:183} INFO - Processing /home/airflow/.local/lib/python3.10/site-packages/airflow/example_dags/example_short_circuit_decorator.py took 0.058 seconds
[2025-06-13T14:56:26.941+0000] {processor.py:161} INFO - Started process (PID=1470) to work on /home/airflow/.local/lib/python3.10/site-packages/airflow/example_dags/example_short_circuit_decorator.py
[2025-06-13T14:56:26.942+0000] {processor.py:830} INFO - Processing file /home/airflow/.local/lib/python3.10/site-packages/airflow/example_dags/example_short_circuit_decorator.py for tasks to queue
[2025-06-13T14:56:26.945+0000] {logging_mixin.py:188} INFO - [2025-06-13T14:56:26.945+0000] {dagbag.py:540} INFO - Filling up the DagBag from /home/airflow/.local/lib/python3.10/site-packages/airflow/example_dags/example_short_circuit_decorator.py
[2025-06-13T14:56:26.956+0000] {processor.py:840} INFO - DAG(s) 'example_short_circuit_decorator' retrieved from /home/airflow/.local/lib/python3.10/site-packages/airflow/example_dags/example_short_circuit_decorator.py
[2025-06-13T14:56:26.984+0000] {logging_mixin.py:188} INFO - [2025-06-13T14:56:26.983+0000] {dag.py:3096} INFO - Sync 1 DAGs
[2025-06-13T14:56:26.996+0000] {logging_mixin.py:188} INFO - [2025-06-13T14:56:26.996+0000] {dag.py:3954} INFO - Setting next_dagrun for example_short_circuit_decorator to 2025-06-12 00:00:00+00:00, run_after=2025-06-13 00:00:00+00:00
[2025-06-13T14:56:27.012+0000] {processor.py:183} INFO - Processing /home/airflow/.local/lib/python3.10/site-packages/airflow/example_dags/example_short_circuit_decorator.py took 0.077 seconds
[2025-06-13T14:56:57.129+0000] {processor.py:161} INFO - Started process (PID=1529) to work on /home/airflow/.local/lib/python3.10/site-packages/airflow/example_dags/example_short_circuit_decorator.py
[2025-06-13T14:56:57.131+0000] {processor.py:830} INFO - Processing file /home/airflow/.local/lib/python3.10/site-packages/airflow/example_dags/example_short_circuit_decorator.py for tasks to queue
[2025-06-13T14:56:57.133+0000] {logging_mixin.py:188} INFO - [2025-06-13T14:56:57.132+0000] {dagbag.py:540} INFO - Filling up the DagBag from /home/airflow/.local/lib/python3.10/site-packages/airflow/example_dags/example_short_circuit_decorator.py
[2025-06-13T14:56:57.138+0000] {processor.py:840} INFO - DAG(s) 'example_short_circuit_decorator' retrieved from /home/airflow/.local/lib/python3.10/site-packages/airflow/example_dags/example_short_circuit_decorator.py
[2025-06-13T14:56:57.157+0000] {logging_mixin.py:188} INFO - [2025-06-13T14:56:57.157+0000] {dag.py:3096} INFO - Sync 1 DAGs
[2025-06-13T14:56:57.191+0000] {logging_mixin.py:188} INFO - [2025-06-13T14:56:57.191+0000] {dag.py:3954} INFO - Setting next_dagrun for example_short_circuit_decorator to 2025-06-12 00:00:00+00:00, run_after=2025-06-13 00:00:00+00:00
[2025-06-13T14:56:57.212+0000] {processor.py:183} INFO - Processing /home/airflow/.local/lib/python3.10/site-packages/airflow/example_dags/example_short_circuit_decorator.py took 0.090 seconds
[2025-06-13T14:57:28.372+0000] {processor.py:161} INFO - Started process (PID=1590) to work on /home/airflow/.local/lib/python3.10/site-packages/airflow/example_dags/example_short_circuit_decorator.py
[2025-06-13T14:57:28.373+0000] {processor.py:830} INFO - Processing file /home/airflow/.local/lib/python3.10/site-packages/airflow/example_dags/example_short_circuit_decorator.py for tasks to queue
[2025-06-13T14:57:28.374+0000] {logging_mixin.py:188} INFO - [2025-06-13T14:57:28.374+0000] {dagbag.py:540} INFO - Filling up the DagBag from /home/airflow/.local/lib/python3.10/site-packages/airflow/example_dags/example_short_circuit_decorator.py
[2025-06-13T14:57:28.380+0000] {processor.py:840} INFO - DAG(s) 'example_short_circuit_decorator' retrieved from /home/airflow/.local/lib/python3.10/site-packages/airflow/example_dags/example_short_circuit_decorator.py
[2025-06-13T14:57:28.393+0000] {logging_mixin.py:188} INFO - [2025-06-13T14:57:28.393+0000] {dag.py:3096} INFO - Sync 1 DAGs
[2025-06-13T14:57:28.408+0000] {logging_mixin.py:188} INFO - [2025-06-13T14:57:28.408+0000] {dag.py:3954} INFO - Setting next_dagrun for example_short_circuit_decorator to 2025-06-12 00:00:00+00:00, run_after=2025-06-13 00:00:00+00:00
[2025-06-13T14:57:28.422+0000] {processor.py:183} INFO - Processing /home/airflow/.local/lib/python3.10/site-packages/airflow/example_dags/example_short_circuit_decorator.py took 0.054 seconds
[2025-06-13T14:57:59.108+0000] {processor.py:161} INFO - Started process (PID=1650) to work on /home/airflow/.local/lib/python3.10/site-packages/airflow/example_dags/example_short_circuit_decorator.py
[2025-06-13T14:57:59.109+0000] {processor.py:830} INFO - Processing file /home/airflow/.local/lib/python3.10/site-packages/airflow/example_dags/example_short_circuit_decorator.py for tasks to queue
[2025-06-13T14:57:59.110+0000] {logging_mixin.py:188} INFO - [2025-06-13T14:57:59.110+0000] {dagbag.py:540} INFO - Filling up the DagBag from /home/airflow/.local/lib/python3.10/site-packages/airflow/example_dags/example_short_circuit_decorator.py
[2025-06-13T14:57:59.117+0000] {processor.py:840} INFO - DAG(s) 'example_short_circuit_decorator' retrieved from /home/airflow/.local/lib/python3.10/site-packages/airflow/example_dags/example_short_circuit_decorator.py
[2025-06-13T14:57:59.134+0000] {logging_mixin.py:188} INFO - [2025-06-13T14:57:59.134+0000] {dag.py:3096} INFO - Sync 1 DAGs
[2025-06-13T14:57:59.147+0000] {logging_mixin.py:188} INFO - [2025-06-13T14:57:59.147+0000] {dag.py:3954} INFO - Setting next_dagrun for example_short_circuit_decorator to 2025-06-12 00:00:00+00:00, run_after=2025-06-13 00:00:00+00:00
[2025-06-13T14:57:59.164+0000] {processor.py:183} INFO - Processing /home/airflow/.local/lib/python3.10/site-packages/airflow/example_dags/example_short_circuit_decorator.py took 0.061 seconds
[2025-06-13T14:58:30.346+0000] {processor.py:161} INFO - Started process (PID=1710) to work on /home/airflow/.local/lib/python3.10/site-packages/airflow/example_dags/example_short_circuit_decorator.py
[2025-06-13T14:58:30.347+0000] {processor.py:830} INFO - Processing file /home/airflow/.local/lib/python3.10/site-packages/airflow/example_dags/example_short_circuit_decorator.py for tasks to queue
[2025-06-13T14:58:30.349+0000] {logging_mixin.py:188} INFO - [2025-06-13T14:58:30.349+0000] {dagbag.py:540} INFO - Filling up the DagBag from /home/airflow/.local/lib/python3.10/site-packages/airflow/example_dags/example_short_circuit_decorator.py
[2025-06-13T14:58:30.358+0000] {processor.py:840} INFO - DAG(s) 'example_short_circuit_decorator' retrieved from /home/airflow/.local/lib/python3.10/site-packages/airflow/example_dags/example_short_circuit_decorator.py
[2025-06-13T14:58:30.395+0000] {logging_mixin.py:188} INFO - [2025-06-13T14:58:30.395+0000] {dag.py:3096} INFO - Sync 1 DAGs
[2025-06-13T14:58:30.414+0000] {logging_mixin.py:188} INFO - [2025-06-13T14:58:30.413+0000] {dag.py:3954} INFO - Setting next_dagrun for example_short_circuit_decorator to 2025-06-12 00:00:00+00:00, run_after=2025-06-13 00:00:00+00:00
[2025-06-13T14:58:30.430+0000] {processor.py:183} INFO - Processing /home/airflow/.local/lib/python3.10/site-packages/airflow/example_dags/example_short_circuit_decorator.py took 0.089 seconds
[2025-06-13T14:59:01.301+0000] {processor.py:161} INFO - Started process (PID=1770) to work on /home/airflow/.local/lib/python3.10/site-packages/airflow/example_dags/example_short_circuit_decorator.py
[2025-06-13T14:59:01.302+0000] {processor.py:830} INFO - Processing file /home/airflow/.local/lib/python3.10/site-packages/airflow/example_dags/example_short_circuit_decorator.py for tasks to queue
[2025-06-13T14:59:01.304+0000] {logging_mixin.py:188} INFO - [2025-06-13T14:59:01.304+0000] {dagbag.py:540} INFO - Filling up the DagBag from /home/airflow/.local/lib/python3.10/site-packages/airflow/example_dags/example_short_circuit_decorator.py
[2025-06-13T14:59:01.309+0000] {processor.py:840} INFO - DAG(s) 'example_short_circuit_decorator' retrieved from /home/airflow/.local/lib/python3.10/site-packages/airflow/example_dags/example_short_circuit_decorator.py
[2025-06-13T14:59:01.324+0000] {logging_mixin.py:188} INFO - [2025-06-13T14:59:01.324+0000] {dag.py:3096} INFO - Sync 1 DAGs
[2025-06-13T14:59:01.342+0000] {logging_mixin.py:188} INFO - [2025-06-13T14:59:01.342+0000] {dag.py:3954} INFO - Setting next_dagrun for example_short_circuit_decorator to 2025-06-12 00:00:00+00:00, run_after=2025-06-13 00:00:00+00:00
[2025-06-13T14:59:01.358+0000] {processor.py:183} INFO - Processing /home/airflow/.local/lib/python3.10/site-packages/airflow/example_dags/example_short_circuit_decorator.py took 0.062 seconds
[2025-06-13T14:59:31.580+0000] {processor.py:161} INFO - Started process (PID=1830) to work on /home/airflow/.local/lib/python3.10/site-packages/airflow/example_dags/example_short_circuit_decorator.py
[2025-06-13T14:59:31.582+0000] {processor.py:830} INFO - Processing file /home/airflow/.local/lib/python3.10/site-packages/airflow/example_dags/example_short_circuit_decorator.py for tasks to queue
[2025-06-13T14:59:31.582+0000] {logging_mixin.py:188} INFO - [2025-06-13T14:59:31.582+0000] {dagbag.py:540} INFO - Filling up the DagBag from /home/airflow/.local/lib/python3.10/site-packages/airflow/example_dags/example_short_circuit_decorator.py
[2025-06-13T14:59:31.587+0000] {processor.py:840} INFO - DAG(s) 'example_short_circuit_decorator' retrieved from /home/airflow/.local/lib/python3.10/site-packages/airflow/example_dags/example_short_circuit_decorator.py
[2025-06-13T14:59:31.606+0000] {logging_mixin.py:188} INFO - [2025-06-13T14:59:31.605+0000] {dag.py:3096} INFO - Sync 1 DAGs
[2025-06-13T14:59:31.618+0000] {logging_mixin.py:188} INFO - [2025-06-13T14:59:31.618+0000] {dag.py:3954} INFO - Setting next_dagrun for example_short_circuit_decorator to 2025-06-12 00:00:00+00:00, run_after=2025-06-13 00:00:00+00:00
[2025-06-13T14:59:31.638+0000] {processor.py:183} INFO - Processing /home/airflow/.local/lib/python3.10/site-packages/airflow/example_dags/example_short_circuit_decorator.py took 0.064 seconds
[2025-06-13T15:00:02.496+0000] {processor.py:161} INFO - Started process (PID=1890) to work on /home/airflow/.local/lib/python3.10/site-packages/airflow/example_dags/example_short_circuit_decorator.py
[2025-06-13T15:00:02.502+0000] {processor.py:830} INFO - Processing file /home/airflow/.local/lib/python3.10/site-packages/airflow/example_dags/example_short_circuit_decorator.py for tasks to queue
[2025-06-13T15:00:02.506+0000] {logging_mixin.py:188} INFO - [2025-06-13T15:00:02.505+0000] {dagbag.py:540} INFO - Filling up the DagBag from /home/airflow/.local/lib/python3.10/site-packages/airflow/example_dags/example_short_circuit_decorator.py
[2025-06-13T15:00:02.524+0000] {processor.py:840} INFO - DAG(s) 'example_short_circuit_decorator' retrieved from /home/airflow/.local/lib/python3.10/site-packages/airflow/example_dags/example_short_circuit_decorator.py
[2025-06-13T15:00:02.550+0000] {logging_mixin.py:188} INFO - [2025-06-13T15:00:02.550+0000] {dag.py:3096} INFO - Sync 1 DAGs
[2025-06-13T15:00:02.571+0000] {logging_mixin.py:188} INFO - [2025-06-13T15:00:02.571+0000] {dag.py:3954} INFO - Setting next_dagrun for example_short_circuit_decorator to 2025-06-12 00:00:00+00:00, run_after=2025-06-13 00:00:00+00:00
[2025-06-13T15:00:02.590+0000] {processor.py:183} INFO - Processing /home/airflow/.local/lib/python3.10/site-packages/airflow/example_dags/example_short_circuit_decorator.py took 0.112 seconds
[2025-06-13T15:00:32.760+0000] {processor.py:161} INFO - Started process (PID=1949) to work on /home/airflow/.local/lib/python3.10/site-packages/airflow/example_dags/example_short_circuit_decorator.py
[2025-06-13T15:00:32.761+0000] {processor.py:830} INFO - Processing file /home/airflow/.local/lib/python3.10/site-packages/airflow/example_dags/example_short_circuit_decorator.py for tasks to queue
[2025-06-13T15:00:32.762+0000] {logging_mixin.py:188} INFO - [2025-06-13T15:00:32.762+0000] {dagbag.py:540} INFO - Filling up the DagBag from /home/airflow/.local/lib/python3.10/site-packages/airflow/example_dags/example_short_circuit_decorator.py
[2025-06-13T15:00:32.770+0000] {processor.py:840} INFO - DAG(s) 'example_short_circuit_decorator' retrieved from /home/airflow/.local/lib/python3.10/site-packages/airflow/example_dags/example_short_circuit_decorator.py
[2025-06-13T15:00:32.787+0000] {logging_mixin.py:188} INFO - [2025-06-13T15:00:32.787+0000] {dag.py:3096} INFO - Sync 1 DAGs
[2025-06-13T15:00:32.802+0000] {logging_mixin.py:188} INFO - [2025-06-13T15:00:32.802+0000] {dag.py:3954} INFO - Setting next_dagrun for example_short_circuit_decorator to 2025-06-12 00:00:00+00:00, run_after=2025-06-13 00:00:00+00:00
[2025-06-13T15:00:32.813+0000] {processor.py:183} INFO - Processing /home/airflow/.local/lib/python3.10/site-packages/airflow/example_dags/example_short_circuit_decorator.py took 0.058 seconds
[2025-06-13T15:01:03.578+0000] {processor.py:161} INFO - Started process (PID=2010) to work on /home/airflow/.local/lib/python3.10/site-packages/airflow/example_dags/example_short_circuit_decorator.py
[2025-06-13T15:01:03.579+0000] {processor.py:830} INFO - Processing file /home/airflow/.local/lib/python3.10/site-packages/airflow/example_dags/example_short_circuit_decorator.py for tasks to queue
[2025-06-13T15:01:03.580+0000] {logging_mixin.py:188} INFO - [2025-06-13T15:01:03.580+0000] {dagbag.py:540} INFO - Filling up the DagBag from /home/airflow/.local/lib/python3.10/site-packages/airflow/example_dags/example_short_circuit_decorator.py
[2025-06-13T15:01:03.587+0000] {processor.py:840} INFO - DAG(s) 'example_short_circuit_decorator' retrieved from /home/airflow/.local/lib/python3.10/site-packages/airflow/example_dags/example_short_circuit_decorator.py
[2025-06-13T15:01:03.609+0000] {logging_mixin.py:188} INFO - [2025-06-13T15:01:03.609+0000] {dag.py:3096} INFO - Sync 1 DAGs
[2025-06-13T15:01:03.628+0000] {logging_mixin.py:188} INFO - [2025-06-13T15:01:03.628+0000] {dag.py:3954} INFO - Setting next_dagrun for example_short_circuit_decorator to 2025-06-12 00:00:00+00:00, run_after=2025-06-13 00:00:00+00:00
[2025-06-13T15:01:03.641+0000] {processor.py:183} INFO - Processing /home/airflow/.local/lib/python3.10/site-packages/airflow/example_dags/example_short_circuit_decorator.py took 0.069 seconds
[2025-06-13T15:01:33.914+0000] {processor.py:161} INFO - Started process (PID=2070) to work on /home/airflow/.local/lib/python3.10/site-packages/airflow/example_dags/example_short_circuit_decorator.py
[2025-06-13T15:01:33.915+0000] {processor.py:830} INFO - Processing file /home/airflow/.local/lib/python3.10/site-packages/airflow/example_dags/example_short_circuit_decorator.py for tasks to queue
[2025-06-13T15:01:33.917+0000] {logging_mixin.py:188} INFO - [2025-06-13T15:01:33.917+0000] {dagbag.py:540} INFO - Filling up the DagBag from /home/airflow/.local/lib/python3.10/site-packages/airflow/example_dags/example_short_circuit_decorator.py
[2025-06-13T15:01:33.924+0000] {processor.py:840} INFO - DAG(s) 'example_short_circuit_decorator' retrieved from /home/airflow/.local/lib/python3.10/site-packages/airflow/example_dags/example_short_circuit_decorator.py
[2025-06-13T15:01:33.957+0000] {logging_mixin.py:188} INFO - [2025-06-13T15:01:33.956+0000] {dag.py:3096} INFO - Sync 1 DAGs
[2025-06-13T15:01:33.978+0000] {logging_mixin.py:188} INFO - [2025-06-13T15:01:33.978+0000] {dag.py:3954} INFO - Setting next_dagrun for example_short_circuit_decorator to 2025-06-12 00:00:00+00:00, run_after=2025-06-13 00:00:00+00:00
[2025-06-13T15:01:33.991+0000] {processor.py:183} INFO - Processing /home/airflow/.local/lib/python3.10/site-packages/airflow/example_dags/example_short_circuit_decorator.py took 0.081 seconds
[2025-06-13T15:02:04.207+0000] {processor.py:161} INFO - Started process (PID=2129) to work on /home/airflow/.local/lib/python3.10/site-packages/airflow/example_dags/example_short_circuit_decorator.py
[2025-06-13T15:02:04.208+0000] {processor.py:830} INFO - Processing file /home/airflow/.local/lib/python3.10/site-packages/airflow/example_dags/example_short_circuit_decorator.py for tasks to queue
[2025-06-13T15:02:04.209+0000] {logging_mixin.py:188} INFO - [2025-06-13T15:02:04.209+0000] {dagbag.py:540} INFO - Filling up the DagBag from /home/airflow/.local/lib/python3.10/site-packages/airflow/example_dags/example_short_circuit_decorator.py
[2025-06-13T15:02:04.213+0000] {processor.py:840} INFO - DAG(s) 'example_short_circuit_decorator' retrieved from /home/airflow/.local/lib/python3.10/site-packages/airflow/example_dags/example_short_circuit_decorator.py
[2025-06-13T15:02:04.228+0000] {logging_mixin.py:188} INFO - [2025-06-13T15:02:04.228+0000] {dag.py:3096} INFO - Sync 1 DAGs
[2025-06-13T15:02:04.243+0000] {logging_mixin.py:188} INFO - [2025-06-13T15:02:04.243+0000] {dag.py:3954} INFO - Setting next_dagrun for example_short_circuit_decorator to 2025-06-12 00:00:00+00:00, run_after=2025-06-13 00:00:00+00:00
[2025-06-13T15:02:04.259+0000] {processor.py:183} INFO - Processing /home/airflow/.local/lib/python3.10/site-packages/airflow/example_dags/example_short_circuit_decorator.py took 0.056 seconds
[2025-06-13T15:02:34.734+0000] {processor.py:161} INFO - Started process (PID=2189) to work on /home/airflow/.local/lib/python3.10/site-packages/airflow/example_dags/example_short_circuit_decorator.py
[2025-06-13T15:02:34.735+0000] {processor.py:830} INFO - Processing file /home/airflow/.local/lib/python3.10/site-packages/airflow/example_dags/example_short_circuit_decorator.py for tasks to queue
[2025-06-13T15:02:34.736+0000] {logging_mixin.py:188} INFO - [2025-06-13T15:02:34.736+0000] {dagbag.py:540} INFO - Filling up the DagBag from /home/airflow/.local/lib/python3.10/site-packages/airflow/example_dags/example_short_circuit_decorator.py
[2025-06-13T15:02:34.741+0000] {processor.py:840} INFO - DAG(s) 'example_short_circuit_decorator' retrieved from /home/airflow/.local/lib/python3.10/site-packages/airflow/example_dags/example_short_circuit_decorator.py
[2025-06-13T15:02:34.755+0000] {logging_mixin.py:188} INFO - [2025-06-13T15:02:34.755+0000] {dag.py:3096} INFO - Sync 1 DAGs
[2025-06-13T15:02:34.788+0000] {logging_mixin.py:188} INFO - [2025-06-13T15:02:34.788+0000] {dag.py:3954} INFO - Setting next_dagrun for example_short_circuit_decorator to 2025-06-12 00:00:00+00:00, run_after=2025-06-13 00:00:00+00:00
[2025-06-13T15:02:34.804+0000] {processor.py:183} INFO - Processing /home/airflow/.local/lib/python3.10/site-packages/airflow/example_dags/example_short_circuit_decorator.py took 0.077 seconds
[2025-06-13T15:03:05.419+0000] {processor.py:161} INFO - Started process (PID=2249) to work on /home/airflow/.local/lib/python3.10/site-packages/airflow/example_dags/example_short_circuit_decorator.py
[2025-06-13T15:03:05.420+0000] {processor.py:830} INFO - Processing file /home/airflow/.local/lib/python3.10/site-packages/airflow/example_dags/example_short_circuit_decorator.py for tasks to queue
[2025-06-13T15:03:05.421+0000] {logging_mixin.py:188} INFO - [2025-06-13T15:03:05.421+0000] {dagbag.py:540} INFO - Filling up the DagBag from /home/airflow/.local/lib/python3.10/site-packages/airflow/example_dags/example_short_circuit_decorator.py
[2025-06-13T15:03:05.426+0000] {processor.py:840} INFO - DAG(s) 'example_short_circuit_decorator' retrieved from /home/airflow/.local/lib/python3.10/site-packages/airflow/example_dags/example_short_circuit_decorator.py
[2025-06-13T15:03:05.438+0000] {logging_mixin.py:188} INFO - [2025-06-13T15:03:05.438+0000] {dag.py:3096} INFO - Sync 1 DAGs
[2025-06-13T15:03:05.449+0000] {logging_mixin.py:188} INFO - [2025-06-13T15:03:05.449+0000] {dag.py:3954} INFO - Setting next_dagrun for example_short_circuit_decorator to 2025-06-12 00:00:00+00:00, run_after=2025-06-13 00:00:00+00:00
[2025-06-13T15:03:05.457+0000] {processor.py:183} INFO - Processing /home/airflow/.local/lib/python3.10/site-packages/airflow/example_dags/example_short_circuit_decorator.py took 0.043 seconds
[2025-06-13T15:03:35.631+0000] {processor.py:161} INFO - Started process (PID=2309) to work on /home/airflow/.local/lib/python3.10/site-packages/airflow/example_dags/example_short_circuit_decorator.py
[2025-06-13T15:03:35.632+0000] {processor.py:830} INFO - Processing file /home/airflow/.local/lib/python3.10/site-packages/airflow/example_dags/example_short_circuit_decorator.py for tasks to queue
[2025-06-13T15:03:35.633+0000] {logging_mixin.py:188} INFO - [2025-06-13T15:03:35.633+0000] {dagbag.py:540} INFO - Filling up the DagBag from /home/airflow/.local/lib/python3.10/site-packages/airflow/example_dags/example_short_circuit_decorator.py
[2025-06-13T15:03:35.637+0000] {processor.py:840} INFO - DAG(s) 'example_short_circuit_decorator' retrieved from /home/airflow/.local/lib/python3.10/site-packages/airflow/example_dags/example_short_circuit_decorator.py
[2025-06-13T15:03:35.653+0000] {logging_mixin.py:188} INFO - [2025-06-13T15:03:35.652+0000] {dag.py:3096} INFO - Sync 1 DAGs
[2025-06-13T15:03:35.663+0000] {logging_mixin.py:188} INFO - [2025-06-13T15:03:35.663+0000] {dag.py:3954} INFO - Setting next_dagrun for example_short_circuit_decorator to 2025-06-12 00:00:00+00:00, run_after=2025-06-13 00:00:00+00:00
[2025-06-13T15:03:35.672+0000] {processor.py:183} INFO - Processing /home/airflow/.local/lib/python3.10/site-packages/airflow/example_dags/example_short_circuit_decorator.py took 0.044 seconds
[2025-06-13T15:04:06.059+0000] {processor.py:161} INFO - Started process (PID=2369) to work on /home/airflow/.local/lib/python3.10/site-packages/airflow/example_dags/example_short_circuit_decorator.py
[2025-06-13T15:04:06.061+0000] {processor.py:830} INFO - Processing file /home/airflow/.local/lib/python3.10/site-packages/airflow/example_dags/example_short_circuit_decorator.py for tasks to queue
[2025-06-13T15:04:06.068+0000] {logging_mixin.py:188} INFO - [2025-06-13T15:04:06.067+0000] {dagbag.py:540} INFO - Filling up the DagBag from /home/airflow/.local/lib/python3.10/site-packages/airflow/example_dags/example_short_circuit_decorator.py
[2025-06-13T15:04:06.084+0000] {processor.py:840} INFO - DAG(s) 'example_short_circuit_decorator' retrieved from /home/airflow/.local/lib/python3.10/site-packages/airflow/example_dags/example_short_circuit_decorator.py
[2025-06-13T15:04:06.105+0000] {logging_mixin.py:188} INFO - [2025-06-13T15:04:06.105+0000] {dag.py:3096} INFO - Sync 1 DAGs
[2025-06-13T15:04:06.129+0000] {logging_mixin.py:188} INFO - [2025-06-13T15:04:06.129+0000] {dag.py:3954} INFO - Setting next_dagrun for example_short_circuit_decorator to 2025-06-12 00:00:00+00:00, run_after=2025-06-13 00:00:00+00:00
[2025-06-13T15:04:06.142+0000] {processor.py:183} INFO - Processing /home/airflow/.local/lib/python3.10/site-packages/airflow/example_dags/example_short_circuit_decorator.py took 0.094 seconds
[2025-06-13T15:04:36.592+0000] {processor.py:161} INFO - Started process (PID=2429) to work on /home/airflow/.local/lib/python3.10/site-packages/airflow/example_dags/example_short_circuit_decorator.py
[2025-06-13T15:04:36.593+0000] {processor.py:830} INFO - Processing file /home/airflow/.local/lib/python3.10/site-packages/airflow/example_dags/example_short_circuit_decorator.py for tasks to queue
[2025-06-13T15:04:36.595+0000] {logging_mixin.py:188} INFO - [2025-06-13T15:04:36.594+0000] {dagbag.py:540} INFO - Filling up the DagBag from /home/airflow/.local/lib/python3.10/site-packages/airflow/example_dags/example_short_circuit_decorator.py
[2025-06-13T15:04:36.599+0000] {processor.py:840} INFO - DAG(s) 'example_short_circuit_decorator' retrieved from /home/airflow/.local/lib/python3.10/site-packages/airflow/example_dags/example_short_circuit_decorator.py
[2025-06-13T15:04:36.612+0000] {logging_mixin.py:188} INFO - [2025-06-13T15:04:36.612+0000] {dag.py:3096} INFO - Sync 1 DAGs
[2025-06-13T15:04:36.730+0000] {logging_mixin.py:188} INFO - [2025-06-13T15:04:36.730+0000] {dag.py:3954} INFO - Setting next_dagrun for example_short_circuit_decorator to 2025-06-12 00:00:00+00:00, run_after=2025-06-13 00:00:00+00:00
[2025-06-13T15:04:36.749+0000] {processor.py:183} INFO - Processing /home/airflow/.local/lib/python3.10/site-packages/airflow/example_dags/example_short_circuit_decorator.py took 0.161 seconds
[2025-06-13T15:05:07.700+0000] {processor.py:161} INFO - Started process (PID=2489) to work on /home/airflow/.local/lib/python3.10/site-packages/airflow/example_dags/example_short_circuit_decorator.py
[2025-06-13T15:05:07.701+0000] {processor.py:830} INFO - Processing file /home/airflow/.local/lib/python3.10/site-packages/airflow/example_dags/example_short_circuit_decorator.py for tasks to queue
[2025-06-13T15:05:07.703+0000] {logging_mixin.py:188} INFO - [2025-06-13T15:05:07.703+0000] {dagbag.py:540} INFO - Filling up the DagBag from /home/airflow/.local/lib/python3.10/site-packages/airflow/example_dags/example_short_circuit_decorator.py
[2025-06-13T15:05:07.709+0000] {processor.py:840} INFO - DAG(s) 'example_short_circuit_decorator' retrieved from /home/airflow/.local/lib/python3.10/site-packages/airflow/example_dags/example_short_circuit_decorator.py
[2025-06-13T15:05:07.722+0000] {logging_mixin.py:188} INFO - [2025-06-13T15:05:07.722+0000] {dag.py:3096} INFO - Sync 1 DAGs
[2025-06-13T15:05:07.909+0000] {logging_mixin.py:188} INFO - [2025-06-13T15:05:07.908+0000] {dag.py:3954} INFO - Setting next_dagrun for example_short_circuit_decorator to 2025-06-12 00:00:00+00:00, run_after=2025-06-13 00:00:00+00:00
[2025-06-13T15:05:07.925+0000] {processor.py:183} INFO - Processing /home/airflow/.local/lib/python3.10/site-packages/airflow/example_dags/example_short_circuit_decorator.py took 0.229 seconds
