[2025-06-13T14:33:24.836+0000] {processor.py:161} INFO - Started process (PID=65) to work on /home/airflow/.local/lib/python3.10/site-packages/airflow/example_dags/example_bash_operator.py
[2025-06-13T14:33:24.837+0000] {processor.py:830} INFO - Processing file /home/airflow/.local/lib/python3.10/site-packages/airflow/example_dags/example_bash_operator.py for tasks to queue
[2025-06-13T14:33:24.839+0000] {logging_mixin.py:188} INFO - [2025-06-13T14:33:24.839+0000] {dagbag.py:540} INFO - Filling up the DagBag from /home/airflow/.local/lib/python3.10/site-packages/airflow/example_dags/example_bash_operator.py
[2025-06-13T14:33:24.851+0000] {processor.py:840} INFO - DAG(s) 'example_bash_operator' retrieved from /home/airflow/.local/lib/python3.10/site-packages/airflow/example_dags/example_bash_operator.py
[2025-06-13T14:33:24.868+0000] {logging_mixin.py:188} INFO - [2025-06-13T14:33:24.867+0000] {dag.py:3096} INFO - Sync 1 DAGs
[2025-06-13T14:33:24.894+0000] {logging_mixin.py:188} INFO - [2025-06-13T14:33:24.894+0000] {dag.py:3954} INFO - Setting next_dagrun for example_bash_operator to 2025-06-12 00:00:00+00:00, run_after=2025-06-13 00:00:00+00:00
[2025-06-13T14:33:24.910+0000] {processor.py:183} INFO - Processing /home/airflow/.local/lib/python3.10/site-packages/airflow/example_dags/example_bash_operator.py took 0.079 seconds
[2025-06-13T14:33:54.939+0000] {processor.py:161} INFO - Started process (PID=122) to work on /home/airflow/.local/lib/python3.10/site-packages/airflow/example_dags/example_bash_operator.py
[2025-06-13T14:33:54.941+0000] {processor.py:830} INFO - Processing file /home/airflow/.local/lib/python3.10/site-packages/airflow/example_dags/example_bash_operator.py for tasks to queue
[2025-06-13T14:33:54.942+0000] {logging_mixin.py:188} INFO - [2025-06-13T14:33:54.942+0000] {dagbag.py:540} INFO - Filling up the DagBag from /home/airflow/.local/lib/python3.10/site-packages/airflow/example_dags/example_bash_operator.py
[2025-06-13T14:33:54.950+0000] {processor.py:840} INFO - DAG(s) 'example_bash_operator' retrieved from /home/airflow/.local/lib/python3.10/site-packages/airflow/example_dags/example_bash_operator.py
[2025-06-13T14:33:55.012+0000] {logging_mixin.py:188} INFO - [2025-06-13T14:33:55.012+0000] {dag.py:3096} INFO - Sync 1 DAGs
[2025-06-13T14:33:55.021+0000] {logging_mixin.py:188} INFO - [2025-06-13T14:33:55.021+0000] {dag.py:3954} INFO - Setting next_dagrun for example_bash_operator to 2025-06-12 00:00:00+00:00, run_after=2025-06-13 00:00:00+00:00
[2025-06-13T14:33:55.034+0000] {processor.py:183} INFO - Processing /home/airflow/.local/lib/python3.10/site-packages/airflow/example_dags/example_bash_operator.py took 0.098 seconds
[2025-06-13T14:34:25.587+0000] {processor.py:161} INFO - Started process (PID=180) to work on /home/airflow/.local/lib/python3.10/site-packages/airflow/example_dags/example_bash_operator.py
[2025-06-13T14:34:25.587+0000] {processor.py:830} INFO - Processing file /home/airflow/.local/lib/python3.10/site-packages/airflow/example_dags/example_bash_operator.py for tasks to queue
[2025-06-13T14:34:25.588+0000] {logging_mixin.py:188} INFO - [2025-06-13T14:34:25.588+0000] {dagbag.py:540} INFO - Filling up the DagBag from /home/airflow/.local/lib/python3.10/site-packages/airflow/example_dags/example_bash_operator.py
[2025-06-13T14:34:25.594+0000] {processor.py:840} INFO - DAG(s) 'example_bash_operator' retrieved from /home/airflow/.local/lib/python3.10/site-packages/airflow/example_dags/example_bash_operator.py
[2025-06-13T14:34:25.609+0000] {logging_mixin.py:188} INFO - [2025-06-13T14:34:25.608+0000] {dag.py:3096} INFO - Sync 1 DAGs
[2025-06-13T14:34:25.620+0000] {logging_mixin.py:188} INFO - [2025-06-13T14:34:25.620+0000] {dag.py:3954} INFO - Setting next_dagrun for example_bash_operator to 2025-06-12 00:00:00+00:00, run_after=2025-06-13 00:00:00+00:00
[2025-06-13T14:34:25.631+0000] {processor.py:183} INFO - Processing /home/airflow/.local/lib/python3.10/site-packages/airflow/example_dags/example_bash_operator.py took 0.048 seconds
[2025-06-13T14:34:55.993+0000] {processor.py:161} INFO - Started process (PID=238) to work on /home/airflow/.local/lib/python3.10/site-packages/airflow/example_dags/example_bash_operator.py
[2025-06-13T14:34:55.994+0000] {processor.py:830} INFO - Processing file /home/airflow/.local/lib/python3.10/site-packages/airflow/example_dags/example_bash_operator.py for tasks to queue
[2025-06-13T14:34:55.995+0000] {logging_mixin.py:188} INFO - [2025-06-13T14:34:55.995+0000] {dagbag.py:540} INFO - Filling up the DagBag from /home/airflow/.local/lib/python3.10/site-packages/airflow/example_dags/example_bash_operator.py
[2025-06-13T14:34:56.001+0000] {processor.py:840} INFO - DAG(s) 'example_bash_operator' retrieved from /home/airflow/.local/lib/python3.10/site-packages/airflow/example_dags/example_bash_operator.py
[2025-06-13T14:34:56.017+0000] {logging_mixin.py:188} INFO - [2025-06-13T14:34:56.016+0000] {dag.py:3096} INFO - Sync 1 DAGs
[2025-06-13T14:34:56.029+0000] {logging_mixin.py:188} INFO - [2025-06-13T14:34:56.029+0000] {dag.py:3954} INFO - Setting next_dagrun for example_bash_operator to 2025-06-12 00:00:00+00:00, run_after=2025-06-13 00:00:00+00:00
[2025-06-13T14:34:56.042+0000] {processor.py:183} INFO - Processing /home/airflow/.local/lib/python3.10/site-packages/airflow/example_dags/example_bash_operator.py took 0.052 seconds
[2025-06-13T14:35:26.661+0000] {processor.py:161} INFO - Started process (PID=296) to work on /home/airflow/.local/lib/python3.10/site-packages/airflow/example_dags/example_bash_operator.py
[2025-06-13T14:35:26.661+0000] {processor.py:830} INFO - Processing file /home/airflow/.local/lib/python3.10/site-packages/airflow/example_dags/example_bash_operator.py for tasks to queue
[2025-06-13T14:35:26.663+0000] {logging_mixin.py:188} INFO - [2025-06-13T14:35:26.662+0000] {dagbag.py:540} INFO - Filling up the DagBag from /home/airflow/.local/lib/python3.10/site-packages/airflow/example_dags/example_bash_operator.py
[2025-06-13T14:35:26.669+0000] {processor.py:840} INFO - DAG(s) 'example_bash_operator' retrieved from /home/airflow/.local/lib/python3.10/site-packages/airflow/example_dags/example_bash_operator.py
[2025-06-13T14:35:26.684+0000] {logging_mixin.py:188} INFO - [2025-06-13T14:35:26.684+0000] {dag.py:3096} INFO - Sync 1 DAGs
[2025-06-13T14:35:26.698+0000] {logging_mixin.py:188} INFO - [2025-06-13T14:35:26.698+0000] {dag.py:3954} INFO - Setting next_dagrun for example_bash_operator to 2025-06-12 00:00:00+00:00, run_after=2025-06-13 00:00:00+00:00
[2025-06-13T14:35:26.707+0000] {processor.py:183} INFO - Processing /home/airflow/.local/lib/python3.10/site-packages/airflow/example_dags/example_bash_operator.py took 0.050 seconds
[2025-06-13T14:35:58.132+0000] {processor.py:161} INFO - Started process (PID=360) to work on /home/airflow/.local/lib/python3.10/site-packages/airflow/example_dags/example_bash_operator.py
[2025-06-13T14:35:58.132+0000] {processor.py:830} INFO - Processing file /home/airflow/.local/lib/python3.10/site-packages/airflow/example_dags/example_bash_operator.py for tasks to queue
[2025-06-13T14:35:58.134+0000] {logging_mixin.py:188} INFO - [2025-06-13T14:35:58.134+0000] {dagbag.py:540} INFO - Filling up the DagBag from /home/airflow/.local/lib/python3.10/site-packages/airflow/example_dags/example_bash_operator.py
[2025-06-13T14:35:58.140+0000] {processor.py:840} INFO - DAG(s) 'example_bash_operator' retrieved from /home/airflow/.local/lib/python3.10/site-packages/airflow/example_dags/example_bash_operator.py
[2025-06-13T14:35:58.155+0000] {logging_mixin.py:188} INFO - [2025-06-13T14:35:58.155+0000] {dag.py:3096} INFO - Sync 1 DAGs
[2025-06-13T14:35:58.167+0000] {logging_mixin.py:188} INFO - [2025-06-13T14:35:58.167+0000] {dag.py:3954} INFO - Setting next_dagrun for example_bash_operator to 2025-06-12 00:00:00+00:00, run_after=2025-06-13 00:00:00+00:00
[2025-06-13T14:35:58.184+0000] {processor.py:183} INFO - Processing /home/airflow/.local/lib/python3.10/site-packages/airflow/example_dags/example_bash_operator.py took 0.056 seconds
[2025-06-13T14:36:28.823+0000] {processor.py:161} INFO - Started process (PID=418) to work on /home/airflow/.local/lib/python3.10/site-packages/airflow/example_dags/example_bash_operator.py
[2025-06-13T14:36:28.824+0000] {processor.py:830} INFO - Processing file /home/airflow/.local/lib/python3.10/site-packages/airflow/example_dags/example_bash_operator.py for tasks to queue
[2025-06-13T14:36:28.825+0000] {logging_mixin.py:188} INFO - [2025-06-13T14:36:28.825+0000] {dagbag.py:540} INFO - Filling up the DagBag from /home/airflow/.local/lib/python3.10/site-packages/airflow/example_dags/example_bash_operator.py
[2025-06-13T14:36:28.831+0000] {processor.py:840} INFO - DAG(s) 'example_bash_operator' retrieved from /home/airflow/.local/lib/python3.10/site-packages/airflow/example_dags/example_bash_operator.py
[2025-06-13T14:36:28.845+0000] {logging_mixin.py:188} INFO - [2025-06-13T14:36:28.844+0000] {dag.py:3096} INFO - Sync 1 DAGs
[2025-06-13T14:36:28.857+0000] {logging_mixin.py:188} INFO - [2025-06-13T14:36:28.856+0000] {dag.py:3954} INFO - Setting next_dagrun for example_bash_operator to 2025-06-12 00:00:00+00:00, run_after=2025-06-13 00:00:00+00:00
[2025-06-13T14:36:28.867+0000] {processor.py:183} INFO - Processing /home/airflow/.local/lib/python3.10/site-packages/airflow/example_dags/example_bash_operator.py took 0.049 seconds
[2025-06-13T14:36:59.183+0000] {processor.py:161} INFO - Started process (PID=476) to work on /home/airflow/.local/lib/python3.10/site-packages/airflow/example_dags/example_bash_operator.py
[2025-06-13T14:36:59.184+0000] {processor.py:830} INFO - Processing file /home/airflow/.local/lib/python3.10/site-packages/airflow/example_dags/example_bash_operator.py for tasks to queue
[2025-06-13T14:36:59.185+0000] {logging_mixin.py:188} INFO - [2025-06-13T14:36:59.185+0000] {dagbag.py:540} INFO - Filling up the DagBag from /home/airflow/.local/lib/python3.10/site-packages/airflow/example_dags/example_bash_operator.py
[2025-06-13T14:36:59.191+0000] {processor.py:840} INFO - DAG(s) 'example_bash_operator' retrieved from /home/airflow/.local/lib/python3.10/site-packages/airflow/example_dags/example_bash_operator.py
[2025-06-13T14:36:59.207+0000] {logging_mixin.py:188} INFO - [2025-06-13T14:36:59.207+0000] {dag.py:3096} INFO - Sync 1 DAGs
[2025-06-13T14:36:59.218+0000] {logging_mixin.py:188} INFO - [2025-06-13T14:36:59.218+0000] {dag.py:3954} INFO - Setting next_dagrun for example_bash_operator to 2025-06-12 00:00:00+00:00, run_after=2025-06-13 00:00:00+00:00
[2025-06-13T14:36:59.230+0000] {processor.py:183} INFO - Processing /home/airflow/.local/lib/python3.10/site-packages/airflow/example_dags/example_bash_operator.py took 0.051 seconds
[2025-06-13T14:37:30.025+0000] {processor.py:161} INFO - Started process (PID=534) to work on /home/airflow/.local/lib/python3.10/site-packages/airflow/example_dags/example_bash_operator.py
[2025-06-13T14:37:30.028+0000] {processor.py:830} INFO - Processing file /home/airflow/.local/lib/python3.10/site-packages/airflow/example_dags/example_bash_operator.py for tasks to queue
[2025-06-13T14:37:30.030+0000] {logging_mixin.py:188} INFO - [2025-06-13T14:37:30.029+0000] {dagbag.py:540} INFO - Filling up the DagBag from /home/airflow/.local/lib/python3.10/site-packages/airflow/example_dags/example_bash_operator.py
[2025-06-13T14:37:30.037+0000] {processor.py:840} INFO - DAG(s) 'example_bash_operator' retrieved from /home/airflow/.local/lib/python3.10/site-packages/airflow/example_dags/example_bash_operator.py
[2025-06-13T14:37:30.053+0000] {logging_mixin.py:188} INFO - [2025-06-13T14:37:30.053+0000] {dag.py:3096} INFO - Sync 1 DAGs
[2025-06-13T14:37:30.068+0000] {logging_mixin.py:188} INFO - [2025-06-13T14:37:30.068+0000] {dag.py:3954} INFO - Setting next_dagrun for example_bash_operator to 2025-06-12 00:00:00+00:00, run_after=2025-06-13 00:00:00+00:00
[2025-06-13T14:37:30.101+0000] {processor.py:183} INFO - Processing /home/airflow/.local/lib/python3.10/site-packages/airflow/example_dags/example_bash_operator.py took 0.083 seconds
[2025-06-13T14:38:00.256+0000] {processor.py:161} INFO - Started process (PID=592) to work on /home/airflow/.local/lib/python3.10/site-packages/airflow/example_dags/example_bash_operator.py
[2025-06-13T14:38:00.257+0000] {processor.py:830} INFO - Processing file /home/airflow/.local/lib/python3.10/site-packages/airflow/example_dags/example_bash_operator.py for tasks to queue
[2025-06-13T14:38:00.258+0000] {logging_mixin.py:188} INFO - [2025-06-13T14:38:00.258+0000] {dagbag.py:540} INFO - Filling up the DagBag from /home/airflow/.local/lib/python3.10/site-packages/airflow/example_dags/example_bash_operator.py
[2025-06-13T14:38:00.264+0000] {processor.py:840} INFO - DAG(s) 'example_bash_operator' retrieved from /home/airflow/.local/lib/python3.10/site-packages/airflow/example_dags/example_bash_operator.py
[2025-06-13T14:38:00.278+0000] {logging_mixin.py:188} INFO - [2025-06-13T14:38:00.278+0000] {dag.py:3096} INFO - Sync 1 DAGs
[2025-06-13T14:38:00.291+0000] {logging_mixin.py:188} INFO - [2025-06-13T14:38:00.290+0000] {dag.py:3954} INFO - Setting next_dagrun for example_bash_operator to 2025-06-12 00:00:00+00:00, run_after=2025-06-13 00:00:00+00:00
[2025-06-13T14:38:00.300+0000] {processor.py:183} INFO - Processing /home/airflow/.local/lib/python3.10/site-packages/airflow/example_dags/example_bash_operator.py took 0.048 seconds
[2025-06-13T14:38:30.934+0000] {processor.py:161} INFO - Started process (PID=652) to work on /home/airflow/.local/lib/python3.10/site-packages/airflow/example_dags/example_bash_operator.py
[2025-06-13T14:38:30.937+0000] {processor.py:830} INFO - Processing file /home/airflow/.local/lib/python3.10/site-packages/airflow/example_dags/example_bash_operator.py for tasks to queue
[2025-06-13T14:38:30.941+0000] {logging_mixin.py:188} INFO - [2025-06-13T14:38:30.941+0000] {dagbag.py:540} INFO - Filling up the DagBag from /home/airflow/.local/lib/python3.10/site-packages/airflow/example_dags/example_bash_operator.py
[2025-06-13T14:38:30.950+0000] {processor.py:840} INFO - DAG(s) 'example_bash_operator' retrieved from /home/airflow/.local/lib/python3.10/site-packages/airflow/example_dags/example_bash_operator.py
[2025-06-13T14:38:30.972+0000] {logging_mixin.py:188} INFO - [2025-06-13T14:38:30.972+0000] {dag.py:3096} INFO - Sync 1 DAGs
[2025-06-13T14:38:30.987+0000] {logging_mixin.py:188} INFO - [2025-06-13T14:38:30.987+0000] {dag.py:3954} INFO - Setting next_dagrun for example_bash_operator to 2025-06-12 00:00:00+00:00, run_after=2025-06-13 00:00:00+00:00
[2025-06-13T14:38:30.999+0000] {processor.py:183} INFO - Processing /home/airflow/.local/lib/python3.10/site-packages/airflow/example_dags/example_bash_operator.py took 0.068 seconds
[2025-06-13T14:39:01.765+0000] {processor.py:161} INFO - Started process (PID=712) to work on /home/airflow/.local/lib/python3.10/site-packages/airflow/example_dags/example_bash_operator.py
[2025-06-13T14:39:01.766+0000] {processor.py:830} INFO - Processing file /home/airflow/.local/lib/python3.10/site-packages/airflow/example_dags/example_bash_operator.py for tasks to queue
[2025-06-13T14:39:01.767+0000] {logging_mixin.py:188} INFO - [2025-06-13T14:39:01.767+0000] {dagbag.py:540} INFO - Filling up the DagBag from /home/airflow/.local/lib/python3.10/site-packages/airflow/example_dags/example_bash_operator.py
[2025-06-13T14:39:01.773+0000] {processor.py:840} INFO - DAG(s) 'example_bash_operator' retrieved from /home/airflow/.local/lib/python3.10/site-packages/airflow/example_dags/example_bash_operator.py
[2025-06-13T14:39:01.792+0000] {logging_mixin.py:188} INFO - [2025-06-13T14:39:01.792+0000] {dag.py:3096} INFO - Sync 1 DAGs
[2025-06-13T14:39:01.803+0000] {logging_mixin.py:188} INFO - [2025-06-13T14:39:01.803+0000] {dag.py:3954} INFO - Setting next_dagrun for example_bash_operator to 2025-06-12 00:00:00+00:00, run_after=2025-06-13 00:00:00+00:00
[2025-06-13T14:39:01.819+0000] {processor.py:183} INFO - Processing /home/airflow/.local/lib/python3.10/site-packages/airflow/example_dags/example_bash_operator.py took 0.057 seconds
[2025-06-13T14:39:32.667+0000] {processor.py:161} INFO - Started process (PID=772) to work on /home/airflow/.local/lib/python3.10/site-packages/airflow/example_dags/example_bash_operator.py
[2025-06-13T14:39:32.667+0000] {processor.py:830} INFO - Processing file /home/airflow/.local/lib/python3.10/site-packages/airflow/example_dags/example_bash_operator.py for tasks to queue
[2025-06-13T14:39:32.668+0000] {logging_mixin.py:188} INFO - [2025-06-13T14:39:32.668+0000] {dagbag.py:540} INFO - Filling up the DagBag from /home/airflow/.local/lib/python3.10/site-packages/airflow/example_dags/example_bash_operator.py
[2025-06-13T14:39:32.674+0000] {processor.py:840} INFO - DAG(s) 'example_bash_operator' retrieved from /home/airflow/.local/lib/python3.10/site-packages/airflow/example_dags/example_bash_operator.py
[2025-06-13T14:39:32.686+0000] {logging_mixin.py:188} INFO - [2025-06-13T14:39:32.686+0000] {dag.py:3096} INFO - Sync 1 DAGs
[2025-06-13T14:39:32.697+0000] {logging_mixin.py:188} INFO - [2025-06-13T14:39:32.697+0000] {dag.py:3954} INFO - Setting next_dagrun for example_bash_operator to 2025-06-12 00:00:00+00:00, run_after=2025-06-13 00:00:00+00:00
[2025-06-13T14:39:32.705+0000] {processor.py:183} INFO - Processing /home/airflow/.local/lib/python3.10/site-packages/airflow/example_dags/example_bash_operator.py took 0.041 seconds
[2025-06-13T14:40:03.172+0000] {processor.py:161} INFO - Started process (PID=832) to work on /home/airflow/.local/lib/python3.10/site-packages/airflow/example_dags/example_bash_operator.py
[2025-06-13T14:40:03.174+0000] {processor.py:830} INFO - Processing file /home/airflow/.local/lib/python3.10/site-packages/airflow/example_dags/example_bash_operator.py for tasks to queue
[2025-06-13T14:40:03.175+0000] {logging_mixin.py:188} INFO - [2025-06-13T14:40:03.175+0000] {dagbag.py:540} INFO - Filling up the DagBag from /home/airflow/.local/lib/python3.10/site-packages/airflow/example_dags/example_bash_operator.py
[2025-06-13T14:40:03.188+0000] {processor.py:840} INFO - DAG(s) 'example_bash_operator' retrieved from /home/airflow/.local/lib/python3.10/site-packages/airflow/example_dags/example_bash_operator.py
[2025-06-13T14:40:03.212+0000] {logging_mixin.py:188} INFO - [2025-06-13T14:40:03.212+0000] {dag.py:3096} INFO - Sync 1 DAGs
[2025-06-13T14:40:03.226+0000] {logging_mixin.py:188} INFO - [2025-06-13T14:40:03.226+0000] {dag.py:3954} INFO - Setting next_dagrun for example_bash_operator to 2025-06-12 00:00:00+00:00, run_after=2025-06-13 00:00:00+00:00
[2025-06-13T14:40:03.242+0000] {processor.py:183} INFO - Processing /home/airflow/.local/lib/python3.10/site-packages/airflow/example_dags/example_bash_operator.py took 0.083 seconds
[2025-06-13T14:40:34.230+0000] {processor.py:161} INFO - Started process (PID=892) to work on /home/airflow/.local/lib/python3.10/site-packages/airflow/example_dags/example_bash_operator.py
[2025-06-13T14:40:34.231+0000] {processor.py:830} INFO - Processing file /home/airflow/.local/lib/python3.10/site-packages/airflow/example_dags/example_bash_operator.py for tasks to queue
[2025-06-13T14:40:34.232+0000] {logging_mixin.py:188} INFO - [2025-06-13T14:40:34.232+0000] {dagbag.py:540} INFO - Filling up the DagBag from /home/airflow/.local/lib/python3.10/site-packages/airflow/example_dags/example_bash_operator.py
[2025-06-13T14:40:34.238+0000] {processor.py:840} INFO - DAG(s) 'example_bash_operator' retrieved from /home/airflow/.local/lib/python3.10/site-packages/airflow/example_dags/example_bash_operator.py
[2025-06-13T14:40:34.257+0000] {logging_mixin.py:188} INFO - [2025-06-13T14:40:34.256+0000] {dag.py:3096} INFO - Sync 1 DAGs
[2025-06-13T14:40:34.270+0000] {logging_mixin.py:188} INFO - [2025-06-13T14:40:34.270+0000] {dag.py:3954} INFO - Setting next_dagrun for example_bash_operator to 2025-06-12 00:00:00+00:00, run_after=2025-06-13 00:00:00+00:00
[2025-06-13T14:40:34.280+0000] {processor.py:183} INFO - Processing /home/airflow/.local/lib/python3.10/site-packages/airflow/example_dags/example_bash_operator.py took 0.054 seconds
[2025-06-13T14:41:04.786+0000] {processor.py:161} INFO - Started process (PID=952) to work on /home/airflow/.local/lib/python3.10/site-packages/airflow/example_dags/example_bash_operator.py
[2025-06-13T14:41:04.787+0000] {processor.py:830} INFO - Processing file /home/airflow/.local/lib/python3.10/site-packages/airflow/example_dags/example_bash_operator.py for tasks to queue
[2025-06-13T14:41:04.789+0000] {logging_mixin.py:188} INFO - [2025-06-13T14:41:04.788+0000] {dagbag.py:540} INFO - Filling up the DagBag from /home/airflow/.local/lib/python3.10/site-packages/airflow/example_dags/example_bash_operator.py
[2025-06-13T14:41:04.795+0000] {processor.py:840} INFO - DAG(s) 'example_bash_operator' retrieved from /home/airflow/.local/lib/python3.10/site-packages/airflow/example_dags/example_bash_operator.py
[2025-06-13T14:41:04.809+0000] {logging_mixin.py:188} INFO - [2025-06-13T14:41:04.809+0000] {dag.py:3096} INFO - Sync 1 DAGs
[2025-06-13T14:41:04.820+0000] {logging_mixin.py:188} INFO - [2025-06-13T14:41:04.820+0000] {dag.py:3954} INFO - Setting next_dagrun for example_bash_operator to 2025-06-12 00:00:00+00:00, run_after=2025-06-13 00:00:00+00:00
[2025-06-13T14:41:04.835+0000] {processor.py:183} INFO - Processing /home/airflow/.local/lib/python3.10/site-packages/airflow/example_dags/example_bash_operator.py took 0.053 seconds
[2025-06-13T14:41:35.212+0000] {processor.py:161} INFO - Started process (PID=1012) to work on /home/airflow/.local/lib/python3.10/site-packages/airflow/example_dags/example_bash_operator.py
[2025-06-13T14:41:35.212+0000] {processor.py:830} INFO - Processing file /home/airflow/.local/lib/python3.10/site-packages/airflow/example_dags/example_bash_operator.py for tasks to queue
[2025-06-13T14:41:35.215+0000] {logging_mixin.py:188} INFO - [2025-06-13T14:41:35.214+0000] {dagbag.py:540} INFO - Filling up the DagBag from /home/airflow/.local/lib/python3.10/site-packages/airflow/example_dags/example_bash_operator.py
[2025-06-13T14:41:35.221+0000] {processor.py:840} INFO - DAG(s) 'example_bash_operator' retrieved from /home/airflow/.local/lib/python3.10/site-packages/airflow/example_dags/example_bash_operator.py
[2025-06-13T14:41:35.235+0000] {logging_mixin.py:188} INFO - [2025-06-13T14:41:35.235+0000] {dag.py:3096} INFO - Sync 1 DAGs
[2025-06-13T14:41:35.246+0000] {logging_mixin.py:188} INFO - [2025-06-13T14:41:35.246+0000] {dag.py:3954} INFO - Setting next_dagrun for example_bash_operator to 2025-06-12 00:00:00+00:00, run_after=2025-06-13 00:00:00+00:00
[2025-06-13T14:41:35.257+0000] {processor.py:183} INFO - Processing /home/airflow/.local/lib/python3.10/site-packages/airflow/example_dags/example_bash_operator.py took 0.049 seconds
[2025-06-13T14:42:05.574+0000] {processor.py:161} INFO - Started process (PID=1072) to work on /home/airflow/.local/lib/python3.10/site-packages/airflow/example_dags/example_bash_operator.py
[2025-06-13T14:42:05.575+0000] {processor.py:830} INFO - Processing file /home/airflow/.local/lib/python3.10/site-packages/airflow/example_dags/example_bash_operator.py for tasks to queue
[2025-06-13T14:42:05.577+0000] {logging_mixin.py:188} INFO - [2025-06-13T14:42:05.577+0000] {dagbag.py:540} INFO - Filling up the DagBag from /home/airflow/.local/lib/python3.10/site-packages/airflow/example_dags/example_bash_operator.py
[2025-06-13T14:42:05.585+0000] {processor.py:840} INFO - DAG(s) 'example_bash_operator' retrieved from /home/airflow/.local/lib/python3.10/site-packages/airflow/example_dags/example_bash_operator.py
[2025-06-13T14:42:05.607+0000] {logging_mixin.py:188} INFO - [2025-06-13T14:42:05.607+0000] {dag.py:3096} INFO - Sync 1 DAGs
[2025-06-13T14:42:05.624+0000] {logging_mixin.py:188} INFO - [2025-06-13T14:42:05.624+0000] {dag.py:3954} INFO - Setting next_dagrun for example_bash_operator to 2025-06-12 00:00:00+00:00, run_after=2025-06-13 00:00:00+00:00
[2025-06-13T14:42:05.640+0000] {processor.py:183} INFO - Processing /home/airflow/.local/lib/python3.10/site-packages/airflow/example_dags/example_bash_operator.py took 0.070 seconds
[2025-06-13T14:42:36.778+0000] {processor.py:161} INFO - Started process (PID=1132) to work on /home/airflow/.local/lib/python3.10/site-packages/airflow/example_dags/example_bash_operator.py
[2025-06-13T14:42:36.779+0000] {processor.py:830} INFO - Processing file /home/airflow/.local/lib/python3.10/site-packages/airflow/example_dags/example_bash_operator.py for tasks to queue
[2025-06-13T14:42:36.780+0000] {logging_mixin.py:188} INFO - [2025-06-13T14:42:36.780+0000] {dagbag.py:540} INFO - Filling up the DagBag from /home/airflow/.local/lib/python3.10/site-packages/airflow/example_dags/example_bash_operator.py
[2025-06-13T14:42:36.786+0000] {processor.py:840} INFO - DAG(s) 'example_bash_operator' retrieved from /home/airflow/.local/lib/python3.10/site-packages/airflow/example_dags/example_bash_operator.py
[2025-06-13T14:42:36.799+0000] {logging_mixin.py:188} INFO - [2025-06-13T14:42:36.799+0000] {dag.py:3096} INFO - Sync 1 DAGs
[2025-06-13T14:42:36.808+0000] {logging_mixin.py:188} INFO - [2025-06-13T14:42:36.808+0000] {dag.py:3954} INFO - Setting next_dagrun for example_bash_operator to 2025-06-12 00:00:00+00:00, run_after=2025-06-13 00:00:00+00:00
[2025-06-13T14:42:36.816+0000] {processor.py:183} INFO - Processing /home/airflow/.local/lib/python3.10/site-packages/airflow/example_dags/example_bash_operator.py took 0.041 seconds
[2025-06-13T14:43:07.575+0000] {processor.py:161} INFO - Started process (PID=1192) to work on /home/airflow/.local/lib/python3.10/site-packages/airflow/example_dags/example_bash_operator.py
[2025-06-13T14:43:07.576+0000] {processor.py:830} INFO - Processing file /home/airflow/.local/lib/python3.10/site-packages/airflow/example_dags/example_bash_operator.py for tasks to queue
[2025-06-13T14:43:07.577+0000] {logging_mixin.py:188} INFO - [2025-06-13T14:43:07.577+0000] {dagbag.py:540} INFO - Filling up the DagBag from /home/airflow/.local/lib/python3.10/site-packages/airflow/example_dags/example_bash_operator.py
[2025-06-13T14:43:07.583+0000] {processor.py:840} INFO - DAG(s) 'example_bash_operator' retrieved from /home/airflow/.local/lib/python3.10/site-packages/airflow/example_dags/example_bash_operator.py
[2025-06-13T14:43:07.601+0000] {logging_mixin.py:188} INFO - [2025-06-13T14:43:07.601+0000] {dag.py:3096} INFO - Sync 1 DAGs
[2025-06-13T14:43:07.613+0000] {logging_mixin.py:188} INFO - [2025-06-13T14:43:07.612+0000] {dag.py:3954} INFO - Setting next_dagrun for example_bash_operator to 2025-06-12 00:00:00+00:00, run_after=2025-06-13 00:00:00+00:00
[2025-06-13T14:43:07.634+0000] {processor.py:183} INFO - Processing /home/airflow/.local/lib/python3.10/site-packages/airflow/example_dags/example_bash_operator.py took 0.062 seconds
[2025-06-13T14:44:43.021+0000] {processor.py:161} INFO - Started process (PID=83) to work on /home/airflow/.local/lib/python3.10/site-packages/airflow/example_dags/example_bash_operator.py
[2025-06-13T14:44:43.023+0000] {processor.py:830} INFO - Processing file /home/airflow/.local/lib/python3.10/site-packages/airflow/example_dags/example_bash_operator.py for tasks to queue
[2025-06-13T14:44:43.024+0000] {logging_mixin.py:188} INFO - [2025-06-13T14:44:43.024+0000] {dagbag.py:540} INFO - Filling up the DagBag from /home/airflow/.local/lib/python3.10/site-packages/airflow/example_dags/example_bash_operator.py
[2025-06-13T14:44:43.031+0000] {processor.py:840} INFO - DAG(s) 'example_bash_operator' retrieved from /home/airflow/.local/lib/python3.10/site-packages/airflow/example_dags/example_bash_operator.py
[2025-06-13T14:44:43.042+0000] {logging_mixin.py:188} INFO - [2025-06-13T14:44:43.042+0000] {dag.py:3096} INFO - Sync 1 DAGs
[2025-06-13T14:44:43.054+0000] {logging_mixin.py:188} INFO - [2025-06-13T14:44:43.054+0000] {dag.py:3954} INFO - Setting next_dagrun for example_bash_operator to 2025-06-12 00:00:00+00:00, run_after=2025-06-13 00:00:00+00:00
[2025-06-13T14:44:43.069+0000] {processor.py:183} INFO - Processing /home/airflow/.local/lib/python3.10/site-packages/airflow/example_dags/example_bash_operator.py took 0.051 seconds
[2025-06-13T14:45:15.136+0000] {processor.py:161} INFO - Started process (PID=149) to work on /home/airflow/.local/lib/python3.10/site-packages/airflow/example_dags/example_bash_operator.py
[2025-06-13T14:45:15.139+0000] {processor.py:830} INFO - Processing file /home/airflow/.local/lib/python3.10/site-packages/airflow/example_dags/example_bash_operator.py for tasks to queue
[2025-06-13T14:45:15.144+0000] {logging_mixin.py:188} INFO - [2025-06-13T14:45:15.144+0000] {dagbag.py:540} INFO - Filling up the DagBag from /home/airflow/.local/lib/python3.10/site-packages/airflow/example_dags/example_bash_operator.py
[2025-06-13T14:45:15.185+0000] {processor.py:840} INFO - DAG(s) 'example_bash_operator' retrieved from /home/airflow/.local/lib/python3.10/site-packages/airflow/example_dags/example_bash_operator.py
[2025-06-13T14:45:15.413+0000] {logging_mixin.py:188} INFO - [2025-06-13T14:45:15.412+0000] {dag.py:3096} INFO - Sync 1 DAGs
[2025-06-13T14:45:15.476+0000] {logging_mixin.py:188} INFO - [2025-06-13T14:45:15.476+0000] {dag.py:3954} INFO - Setting next_dagrun for example_bash_operator to 2025-06-12 00:00:00+00:00, run_after=2025-06-13 00:00:00+00:00
[2025-06-13T14:45:15.520+0000] {processor.py:183} INFO - Processing /home/airflow/.local/lib/python3.10/site-packages/airflow/example_dags/example_bash_operator.py took 0.406 seconds
[2025-06-13T14:45:45.967+0000] {processor.py:161} INFO - Started process (PID=221) to work on /home/airflow/.local/lib/python3.10/site-packages/airflow/example_dags/example_bash_operator.py
[2025-06-13T14:45:45.969+0000] {processor.py:830} INFO - Processing file /home/airflow/.local/lib/python3.10/site-packages/airflow/example_dags/example_bash_operator.py for tasks to queue
[2025-06-13T14:45:45.972+0000] {logging_mixin.py:188} INFO - [2025-06-13T14:45:45.971+0000] {dagbag.py:540} INFO - Filling up the DagBag from /home/airflow/.local/lib/python3.10/site-packages/airflow/example_dags/example_bash_operator.py
[2025-06-13T14:45:45.978+0000] {processor.py:840} INFO - DAG(s) 'example_bash_operator' retrieved from /home/airflow/.local/lib/python3.10/site-packages/airflow/example_dags/example_bash_operator.py
[2025-06-13T14:45:45.998+0000] {logging_mixin.py:188} INFO - [2025-06-13T14:45:45.998+0000] {dag.py:3096} INFO - Sync 1 DAGs
[2025-06-13T14:45:46.012+0000] {logging_mixin.py:188} INFO - [2025-06-13T14:45:46.011+0000] {dag.py:3954} INFO - Setting next_dagrun for example_bash_operator to 2025-06-12 00:00:00+00:00, run_after=2025-06-13 00:00:00+00:00
[2025-06-13T14:45:46.029+0000] {processor.py:183} INFO - Processing /home/airflow/.local/lib/python3.10/site-packages/airflow/example_dags/example_bash_operator.py took 0.066 seconds
[2025-06-13T14:46:16.759+0000] {processor.py:161} INFO - Started process (PID=281) to work on /home/airflow/.local/lib/python3.10/site-packages/airflow/example_dags/example_bash_operator.py
[2025-06-13T14:46:16.759+0000] {processor.py:830} INFO - Processing file /home/airflow/.local/lib/python3.10/site-packages/airflow/example_dags/example_bash_operator.py for tasks to queue
[2025-06-13T14:46:16.760+0000] {logging_mixin.py:188} INFO - [2025-06-13T14:46:16.760+0000] {dagbag.py:540} INFO - Filling up the DagBag from /home/airflow/.local/lib/python3.10/site-packages/airflow/example_dags/example_bash_operator.py
[2025-06-13T14:46:16.766+0000] {processor.py:840} INFO - DAG(s) 'example_bash_operator' retrieved from /home/airflow/.local/lib/python3.10/site-packages/airflow/example_dags/example_bash_operator.py
[2025-06-13T14:46:16.786+0000] {logging_mixin.py:188} INFO - [2025-06-13T14:46:16.786+0000] {dag.py:3096} INFO - Sync 1 DAGs
[2025-06-13T14:46:16.801+0000] {logging_mixin.py:188} INFO - [2025-06-13T14:46:16.800+0000] {dag.py:3954} INFO - Setting next_dagrun for example_bash_operator to 2025-06-12 00:00:00+00:00, run_after=2025-06-13 00:00:00+00:00
[2025-06-13T14:46:16.817+0000] {processor.py:183} INFO - Processing /home/airflow/.local/lib/python3.10/site-packages/airflow/example_dags/example_bash_operator.py took 0.063 seconds
[2025-06-13T14:46:47.525+0000] {processor.py:161} INFO - Started process (PID=341) to work on /home/airflow/.local/lib/python3.10/site-packages/airflow/example_dags/example_bash_operator.py
[2025-06-13T14:46:47.526+0000] {processor.py:830} INFO - Processing file /home/airflow/.local/lib/python3.10/site-packages/airflow/example_dags/example_bash_operator.py for tasks to queue
[2025-06-13T14:46:47.528+0000] {logging_mixin.py:188} INFO - [2025-06-13T14:46:47.527+0000] {dagbag.py:540} INFO - Filling up the DagBag from /home/airflow/.local/lib/python3.10/site-packages/airflow/example_dags/example_bash_operator.py
[2025-06-13T14:46:47.535+0000] {processor.py:840} INFO - DAG(s) 'example_bash_operator' retrieved from /home/airflow/.local/lib/python3.10/site-packages/airflow/example_dags/example_bash_operator.py
[2025-06-13T14:46:47.550+0000] {logging_mixin.py:188} INFO - [2025-06-13T14:46:47.550+0000] {dag.py:3096} INFO - Sync 1 DAGs
[2025-06-13T14:46:47.563+0000] {logging_mixin.py:188} INFO - [2025-06-13T14:46:47.563+0000] {dag.py:3954} INFO - Setting next_dagrun for example_bash_operator to 2025-06-12 00:00:00+00:00, run_after=2025-06-13 00:00:00+00:00
[2025-06-13T14:46:47.577+0000] {processor.py:183} INFO - Processing /home/airflow/.local/lib/python3.10/site-packages/airflow/example_dags/example_bash_operator.py took 0.057 seconds
[2025-06-13T14:47:17.995+0000] {processor.py:161} INFO - Started process (PID=401) to work on /home/airflow/.local/lib/python3.10/site-packages/airflow/example_dags/example_bash_operator.py
[2025-06-13T14:47:17.998+0000] {processor.py:830} INFO - Processing file /home/airflow/.local/lib/python3.10/site-packages/airflow/example_dags/example_bash_operator.py for tasks to queue
[2025-06-13T14:47:17.999+0000] {logging_mixin.py:188} INFO - [2025-06-13T14:47:17.998+0000] {dagbag.py:540} INFO - Filling up the DagBag from /home/airflow/.local/lib/python3.10/site-packages/airflow/example_dags/example_bash_operator.py
[2025-06-13T14:47:18.005+0000] {processor.py:840} INFO - DAG(s) 'example_bash_operator' retrieved from /home/airflow/.local/lib/python3.10/site-packages/airflow/example_dags/example_bash_operator.py
[2025-06-13T14:47:18.023+0000] {logging_mixin.py:188} INFO - [2025-06-13T14:47:18.023+0000] {dag.py:3096} INFO - Sync 1 DAGs
[2025-06-13T14:47:18.040+0000] {logging_mixin.py:188} INFO - [2025-06-13T14:47:18.040+0000] {dag.py:3954} INFO - Setting next_dagrun for example_bash_operator to 2025-06-12 00:00:00+00:00, run_after=2025-06-13 00:00:00+00:00
[2025-06-13T14:47:18.054+0000] {processor.py:183} INFO - Processing /home/airflow/.local/lib/python3.10/site-packages/airflow/example_dags/example_bash_operator.py took 0.065 seconds
[2025-06-13T14:47:49.238+0000] {processor.py:161} INFO - Started process (PID=461) to work on /home/airflow/.local/lib/python3.10/site-packages/airflow/example_dags/example_bash_operator.py
[2025-06-13T14:47:49.239+0000] {processor.py:830} INFO - Processing file /home/airflow/.local/lib/python3.10/site-packages/airflow/example_dags/example_bash_operator.py for tasks to queue
[2025-06-13T14:47:49.240+0000] {logging_mixin.py:188} INFO - [2025-06-13T14:47:49.239+0000] {dagbag.py:540} INFO - Filling up the DagBag from /home/airflow/.local/lib/python3.10/site-packages/airflow/example_dags/example_bash_operator.py
[2025-06-13T14:47:49.246+0000] {processor.py:840} INFO - DAG(s) 'example_bash_operator' retrieved from /home/airflow/.local/lib/python3.10/site-packages/airflow/example_dags/example_bash_operator.py
[2025-06-13T14:47:49.263+0000] {logging_mixin.py:188} INFO - [2025-06-13T14:47:49.263+0000] {dag.py:3096} INFO - Sync 1 DAGs
[2025-06-13T14:47:49.281+0000] {logging_mixin.py:188} INFO - [2025-06-13T14:47:49.281+0000] {dag.py:3954} INFO - Setting next_dagrun for example_bash_operator to 2025-06-12 00:00:00+00:00, run_after=2025-06-13 00:00:00+00:00
[2025-06-13T14:47:49.293+0000] {processor.py:183} INFO - Processing /home/airflow/.local/lib/python3.10/site-packages/airflow/example_dags/example_bash_operator.py took 0.059 seconds
[2025-06-13T14:48:19.963+0000] {processor.py:161} INFO - Started process (PID=521) to work on /home/airflow/.local/lib/python3.10/site-packages/airflow/example_dags/example_bash_operator.py
[2025-06-13T14:48:19.965+0000] {processor.py:830} INFO - Processing file /home/airflow/.local/lib/python3.10/site-packages/airflow/example_dags/example_bash_operator.py for tasks to queue
[2025-06-13T14:48:19.967+0000] {logging_mixin.py:188} INFO - [2025-06-13T14:48:19.966+0000] {dagbag.py:540} INFO - Filling up the DagBag from /home/airflow/.local/lib/python3.10/site-packages/airflow/example_dags/example_bash_operator.py
[2025-06-13T14:48:19.977+0000] {processor.py:840} INFO - DAG(s) 'example_bash_operator' retrieved from /home/airflow/.local/lib/python3.10/site-packages/airflow/example_dags/example_bash_operator.py
[2025-06-13T14:48:20.001+0000] {logging_mixin.py:188} INFO - [2025-06-13T14:48:20.001+0000] {dag.py:3096} INFO - Sync 1 DAGs
[2025-06-13T14:48:20.027+0000] {logging_mixin.py:188} INFO - [2025-06-13T14:48:20.027+0000] {dag.py:3954} INFO - Setting next_dagrun for example_bash_operator to 2025-06-12 00:00:00+00:00, run_after=2025-06-13 00:00:00+00:00
[2025-06-13T14:48:20.044+0000] {processor.py:183} INFO - Processing /home/airflow/.local/lib/python3.10/site-packages/airflow/example_dags/example_bash_operator.py took 0.085 seconds
[2025-06-13T14:48:50.437+0000] {processor.py:161} INFO - Started process (PID=581) to work on /home/airflow/.local/lib/python3.10/site-packages/airflow/example_dags/example_bash_operator.py
[2025-06-13T14:48:50.437+0000] {processor.py:830} INFO - Processing file /home/airflow/.local/lib/python3.10/site-packages/airflow/example_dags/example_bash_operator.py for tasks to queue
[2025-06-13T14:48:50.439+0000] {logging_mixin.py:188} INFO - [2025-06-13T14:48:50.438+0000] {dagbag.py:540} INFO - Filling up the DagBag from /home/airflow/.local/lib/python3.10/site-packages/airflow/example_dags/example_bash_operator.py
[2025-06-13T14:48:50.447+0000] {processor.py:840} INFO - DAG(s) 'example_bash_operator' retrieved from /home/airflow/.local/lib/python3.10/site-packages/airflow/example_dags/example_bash_operator.py
[2025-06-13T14:48:50.462+0000] {logging_mixin.py:188} INFO - [2025-06-13T14:48:50.461+0000] {dag.py:3096} INFO - Sync 1 DAGs
[2025-06-13T14:48:50.472+0000] {logging_mixin.py:188} INFO - [2025-06-13T14:48:50.472+0000] {dag.py:3954} INFO - Setting next_dagrun for example_bash_operator to 2025-06-12 00:00:00+00:00, run_after=2025-06-13 00:00:00+00:00
[2025-06-13T14:48:50.481+0000] {processor.py:183} INFO - Processing /home/airflow/.local/lib/python3.10/site-packages/airflow/example_dags/example_bash_operator.py took 0.048 seconds
[2025-06-13T14:49:20.971+0000] {processor.py:161} INFO - Started process (PID=641) to work on /home/airflow/.local/lib/python3.10/site-packages/airflow/example_dags/example_bash_operator.py
[2025-06-13T14:49:20.974+0000] {processor.py:830} INFO - Processing file /home/airflow/.local/lib/python3.10/site-packages/airflow/example_dags/example_bash_operator.py for tasks to queue
[2025-06-13T14:49:20.977+0000] {logging_mixin.py:188} INFO - [2025-06-13T14:49:20.977+0000] {dagbag.py:540} INFO - Filling up the DagBag from /home/airflow/.local/lib/python3.10/site-packages/airflow/example_dags/example_bash_operator.py
[2025-06-13T14:49:20.987+0000] {processor.py:840} INFO - DAG(s) 'example_bash_operator' retrieved from /home/airflow/.local/lib/python3.10/site-packages/airflow/example_dags/example_bash_operator.py
[2025-06-13T14:49:21.020+0000] {logging_mixin.py:188} INFO - [2025-06-13T14:49:21.020+0000] {dag.py:3096} INFO - Sync 1 DAGs
[2025-06-13T14:49:21.036+0000] {logging_mixin.py:188} INFO - [2025-06-13T14:49:21.035+0000] {dag.py:3954} INFO - Setting next_dagrun for example_bash_operator to 2025-06-12 00:00:00+00:00, run_after=2025-06-13 00:00:00+00:00
[2025-06-13T14:49:21.055+0000] {processor.py:183} INFO - Processing /home/airflow/.local/lib/python3.10/site-packages/airflow/example_dags/example_bash_operator.py took 0.090 seconds
[2025-06-13T14:49:51.238+0000] {processor.py:161} INFO - Started process (PID=701) to work on /home/airflow/.local/lib/python3.10/site-packages/airflow/example_dags/example_bash_operator.py
[2025-06-13T14:49:51.239+0000] {processor.py:830} INFO - Processing file /home/airflow/.local/lib/python3.10/site-packages/airflow/example_dags/example_bash_operator.py for tasks to queue
[2025-06-13T14:49:51.241+0000] {logging_mixin.py:188} INFO - [2025-06-13T14:49:51.241+0000] {dagbag.py:540} INFO - Filling up the DagBag from /home/airflow/.local/lib/python3.10/site-packages/airflow/example_dags/example_bash_operator.py
[2025-06-13T14:49:51.249+0000] {processor.py:840} INFO - DAG(s) 'example_bash_operator' retrieved from /home/airflow/.local/lib/python3.10/site-packages/airflow/example_dags/example_bash_operator.py
[2025-06-13T14:49:51.265+0000] {logging_mixin.py:188} INFO - [2025-06-13T14:49:51.265+0000] {dag.py:3096} INFO - Sync 1 DAGs
[2025-06-13T14:49:51.280+0000] {logging_mixin.py:188} INFO - [2025-06-13T14:49:51.280+0000] {dag.py:3954} INFO - Setting next_dagrun for example_bash_operator to 2025-06-12 00:00:00+00:00, run_after=2025-06-13 00:00:00+00:00
[2025-06-13T14:49:51.288+0000] {processor.py:183} INFO - Processing /home/airflow/.local/lib/python3.10/site-packages/airflow/example_dags/example_bash_operator.py took 0.057 seconds
[2025-06-13T14:50:21.501+0000] {processor.py:161} INFO - Started process (PID=759) to work on /home/airflow/.local/lib/python3.10/site-packages/airflow/example_dags/example_bash_operator.py
[2025-06-13T14:50:21.503+0000] {processor.py:830} INFO - Processing file /home/airflow/.local/lib/python3.10/site-packages/airflow/example_dags/example_bash_operator.py for tasks to queue
[2025-06-13T14:50:21.504+0000] {logging_mixin.py:188} INFO - [2025-06-13T14:50:21.504+0000] {dagbag.py:540} INFO - Filling up the DagBag from /home/airflow/.local/lib/python3.10/site-packages/airflow/example_dags/example_bash_operator.py
[2025-06-13T14:50:21.512+0000] {processor.py:840} INFO - DAG(s) 'example_bash_operator' retrieved from /home/airflow/.local/lib/python3.10/site-packages/airflow/example_dags/example_bash_operator.py
[2025-06-13T14:50:21.533+0000] {logging_mixin.py:188} INFO - [2025-06-13T14:50:21.533+0000] {dag.py:3096} INFO - Sync 1 DAGs
[2025-06-13T14:50:21.548+0000] {logging_mixin.py:188} INFO - [2025-06-13T14:50:21.548+0000] {dag.py:3954} INFO - Setting next_dagrun for example_bash_operator to 2025-06-12 00:00:00+00:00, run_after=2025-06-13 00:00:00+00:00
[2025-06-13T14:50:21.560+0000] {processor.py:183} INFO - Processing /home/airflow/.local/lib/python3.10/site-packages/airflow/example_dags/example_bash_operator.py took 0.062 seconds
[2025-06-13T14:50:52.002+0000] {processor.py:161} INFO - Started process (PID=819) to work on /home/airflow/.local/lib/python3.10/site-packages/airflow/example_dags/example_bash_operator.py
[2025-06-13T14:50:52.003+0000] {processor.py:830} INFO - Processing file /home/airflow/.local/lib/python3.10/site-packages/airflow/example_dags/example_bash_operator.py for tasks to queue
[2025-06-13T14:50:52.006+0000] {logging_mixin.py:188} INFO - [2025-06-13T14:50:52.005+0000] {dagbag.py:540} INFO - Filling up the DagBag from /home/airflow/.local/lib/python3.10/site-packages/airflow/example_dags/example_bash_operator.py
[2025-06-13T14:50:52.012+0000] {processor.py:840} INFO - DAG(s) 'example_bash_operator' retrieved from /home/airflow/.local/lib/python3.10/site-packages/airflow/example_dags/example_bash_operator.py
[2025-06-13T14:50:52.028+0000] {logging_mixin.py:188} INFO - [2025-06-13T14:50:52.028+0000] {dag.py:3096} INFO - Sync 1 DAGs
[2025-06-13T14:50:52.041+0000] {logging_mixin.py:188} INFO - [2025-06-13T14:50:52.041+0000] {dag.py:3954} INFO - Setting next_dagrun for example_bash_operator to 2025-06-12 00:00:00+00:00, run_after=2025-06-13 00:00:00+00:00
[2025-06-13T14:50:52.059+0000] {processor.py:183} INFO - Processing /home/airflow/.local/lib/python3.10/site-packages/airflow/example_dags/example_bash_operator.py took 0.061 seconds
[2025-06-13T14:51:22.785+0000] {processor.py:161} INFO - Started process (PID=879) to work on /home/airflow/.local/lib/python3.10/site-packages/airflow/example_dags/example_bash_operator.py
[2025-06-13T14:51:22.786+0000] {processor.py:830} INFO - Processing file /home/airflow/.local/lib/python3.10/site-packages/airflow/example_dags/example_bash_operator.py for tasks to queue
[2025-06-13T14:51:22.788+0000] {logging_mixin.py:188} INFO - [2025-06-13T14:51:22.787+0000] {dagbag.py:540} INFO - Filling up the DagBag from /home/airflow/.local/lib/python3.10/site-packages/airflow/example_dags/example_bash_operator.py
[2025-06-13T14:51:22.794+0000] {processor.py:840} INFO - DAG(s) 'example_bash_operator' retrieved from /home/airflow/.local/lib/python3.10/site-packages/airflow/example_dags/example_bash_operator.py
[2025-06-13T14:51:22.817+0000] {logging_mixin.py:188} INFO - [2025-06-13T14:51:22.817+0000] {dag.py:3096} INFO - Sync 1 DAGs
[2025-06-13T14:51:22.830+0000] {logging_mixin.py:188} INFO - [2025-06-13T14:51:22.830+0000] {dag.py:3954} INFO - Setting next_dagrun for example_bash_operator to 2025-06-12 00:00:00+00:00, run_after=2025-06-13 00:00:00+00:00
[2025-06-13T14:51:22.846+0000] {processor.py:183} INFO - Processing /home/airflow/.local/lib/python3.10/site-packages/airflow/example_dags/example_bash_operator.py took 0.064 seconds
[2025-06-13T14:51:53.554+0000] {processor.py:161} INFO - Started process (PID=939) to work on /home/airflow/.local/lib/python3.10/site-packages/airflow/example_dags/example_bash_operator.py
[2025-06-13T14:51:53.555+0000] {processor.py:830} INFO - Processing file /home/airflow/.local/lib/python3.10/site-packages/airflow/example_dags/example_bash_operator.py for tasks to queue
[2025-06-13T14:51:53.556+0000] {logging_mixin.py:188} INFO - [2025-06-13T14:51:53.555+0000] {dagbag.py:540} INFO - Filling up the DagBag from /home/airflow/.local/lib/python3.10/site-packages/airflow/example_dags/example_bash_operator.py
[2025-06-13T14:51:53.561+0000] {processor.py:840} INFO - DAG(s) 'example_bash_operator' retrieved from /home/airflow/.local/lib/python3.10/site-packages/airflow/example_dags/example_bash_operator.py
[2025-06-13T14:51:53.577+0000] {logging_mixin.py:188} INFO - [2025-06-13T14:51:53.577+0000] {dag.py:3096} INFO - Sync 1 DAGs
[2025-06-13T14:51:53.588+0000] {logging_mixin.py:188} INFO - [2025-06-13T14:51:53.588+0000] {dag.py:3954} INFO - Setting next_dagrun for example_bash_operator to 2025-06-12 00:00:00+00:00, run_after=2025-06-13 00:00:00+00:00
[2025-06-13T14:51:53.603+0000] {processor.py:183} INFO - Processing /home/airflow/.local/lib/python3.10/site-packages/airflow/example_dags/example_bash_operator.py took 0.052 seconds
[2025-06-13T14:52:23.950+0000] {processor.py:161} INFO - Started process (PID=999) to work on /home/airflow/.local/lib/python3.10/site-packages/airflow/example_dags/example_bash_operator.py
[2025-06-13T14:52:23.951+0000] {processor.py:830} INFO - Processing file /home/airflow/.local/lib/python3.10/site-packages/airflow/example_dags/example_bash_operator.py for tasks to queue
[2025-06-13T14:52:23.952+0000] {logging_mixin.py:188} INFO - [2025-06-13T14:52:23.952+0000] {dagbag.py:540} INFO - Filling up the DagBag from /home/airflow/.local/lib/python3.10/site-packages/airflow/example_dags/example_bash_operator.py
[2025-06-13T14:52:23.958+0000] {processor.py:840} INFO - DAG(s) 'example_bash_operator' retrieved from /home/airflow/.local/lib/python3.10/site-packages/airflow/example_dags/example_bash_operator.py
[2025-06-13T14:52:23.977+0000] {logging_mixin.py:188} INFO - [2025-06-13T14:52:23.977+0000] {dag.py:3096} INFO - Sync 1 DAGs
[2025-06-13T14:52:24.004+0000] {logging_mixin.py:188} INFO - [2025-06-13T14:52:24.004+0000] {dag.py:3954} INFO - Setting next_dagrun for example_bash_operator to 2025-06-12 00:00:00+00:00, run_after=2025-06-13 00:00:00+00:00
[2025-06-13T14:52:24.029+0000] {processor.py:183} INFO - Processing /home/airflow/.local/lib/python3.10/site-packages/airflow/example_dags/example_bash_operator.py took 0.084 seconds
[2025-06-13T14:52:54.206+0000] {processor.py:161} INFO - Started process (PID=1059) to work on /home/airflow/.local/lib/python3.10/site-packages/airflow/example_dags/example_bash_operator.py
[2025-06-13T14:52:54.207+0000] {processor.py:830} INFO - Processing file /home/airflow/.local/lib/python3.10/site-packages/airflow/example_dags/example_bash_operator.py for tasks to queue
[2025-06-13T14:52:54.208+0000] {logging_mixin.py:188} INFO - [2025-06-13T14:52:54.208+0000] {dagbag.py:540} INFO - Filling up the DagBag from /home/airflow/.local/lib/python3.10/site-packages/airflow/example_dags/example_bash_operator.py
[2025-06-13T14:52:54.213+0000] {processor.py:840} INFO - DAG(s) 'example_bash_operator' retrieved from /home/airflow/.local/lib/python3.10/site-packages/airflow/example_dags/example_bash_operator.py
[2025-06-13T14:52:54.226+0000] {logging_mixin.py:188} INFO - [2025-06-13T14:52:54.226+0000] {dag.py:3096} INFO - Sync 1 DAGs
[2025-06-13T14:52:54.236+0000] {logging_mixin.py:188} INFO - [2025-06-13T14:52:54.236+0000] {dag.py:3954} INFO - Setting next_dagrun for example_bash_operator to 2025-06-12 00:00:00+00:00, run_after=2025-06-13 00:00:00+00:00
[2025-06-13T14:52:54.243+0000] {processor.py:183} INFO - Processing /home/airflow/.local/lib/python3.10/site-packages/airflow/example_dags/example_bash_operator.py took 0.041 seconds
[2025-06-13T14:53:24.712+0000] {processor.py:161} INFO - Started process (PID=1119) to work on /home/airflow/.local/lib/python3.10/site-packages/airflow/example_dags/example_bash_operator.py
[2025-06-13T14:53:24.713+0000] {processor.py:830} INFO - Processing file /home/airflow/.local/lib/python3.10/site-packages/airflow/example_dags/example_bash_operator.py for tasks to queue
[2025-06-13T14:53:24.714+0000] {logging_mixin.py:188} INFO - [2025-06-13T14:53:24.714+0000] {dagbag.py:540} INFO - Filling up the DagBag from /home/airflow/.local/lib/python3.10/site-packages/airflow/example_dags/example_bash_operator.py
[2025-06-13T14:53:24.723+0000] {processor.py:840} INFO - DAG(s) 'example_bash_operator' retrieved from /home/airflow/.local/lib/python3.10/site-packages/airflow/example_dags/example_bash_operator.py
[2025-06-13T14:53:24.739+0000] {logging_mixin.py:188} INFO - [2025-06-13T14:53:24.739+0000] {dag.py:3096} INFO - Sync 1 DAGs
[2025-06-13T14:53:24.753+0000] {logging_mixin.py:188} INFO - [2025-06-13T14:53:24.753+0000] {dag.py:3954} INFO - Setting next_dagrun for example_bash_operator to 2025-06-12 00:00:00+00:00, run_after=2025-06-13 00:00:00+00:00
[2025-06-13T14:53:24.763+0000] {processor.py:183} INFO - Processing /home/airflow/.local/lib/python3.10/site-packages/airflow/example_dags/example_bash_operator.py took 0.067 seconds
[2025-06-13T14:53:55.606+0000] {processor.py:161} INFO - Started process (PID=1179) to work on /home/airflow/.local/lib/python3.10/site-packages/airflow/example_dags/example_bash_operator.py
[2025-06-13T14:53:55.607+0000] {processor.py:830} INFO - Processing file /home/airflow/.local/lib/python3.10/site-packages/airflow/example_dags/example_bash_operator.py for tasks to queue
[2025-06-13T14:53:55.609+0000] {logging_mixin.py:188} INFO - [2025-06-13T14:53:55.609+0000] {dagbag.py:540} INFO - Filling up the DagBag from /home/airflow/.local/lib/python3.10/site-packages/airflow/example_dags/example_bash_operator.py
[2025-06-13T14:53:55.621+0000] {processor.py:840} INFO - DAG(s) 'example_bash_operator' retrieved from /home/airflow/.local/lib/python3.10/site-packages/airflow/example_dags/example_bash_operator.py
[2025-06-13T14:53:55.644+0000] {logging_mixin.py:188} INFO - [2025-06-13T14:53:55.643+0000] {dag.py:3096} INFO - Sync 1 DAGs
[2025-06-13T14:53:55.663+0000] {logging_mixin.py:188} INFO - [2025-06-13T14:53:55.662+0000] {dag.py:3954} INFO - Setting next_dagrun for example_bash_operator to 2025-06-12 00:00:00+00:00, run_after=2025-06-13 00:00:00+00:00
[2025-06-13T14:53:55.676+0000] {processor.py:183} INFO - Processing /home/airflow/.local/lib/python3.10/site-packages/airflow/example_dags/example_bash_operator.py took 0.076 seconds
[2025-06-13T14:54:26.056+0000] {processor.py:161} INFO - Started process (PID=1239) to work on /home/airflow/.local/lib/python3.10/site-packages/airflow/example_dags/example_bash_operator.py
[2025-06-13T14:54:26.057+0000] {processor.py:830} INFO - Processing file /home/airflow/.local/lib/python3.10/site-packages/airflow/example_dags/example_bash_operator.py for tasks to queue
[2025-06-13T14:54:26.058+0000] {logging_mixin.py:188} INFO - [2025-06-13T14:54:26.058+0000] {dagbag.py:540} INFO - Filling up the DagBag from /home/airflow/.local/lib/python3.10/site-packages/airflow/example_dags/example_bash_operator.py
[2025-06-13T14:54:26.064+0000] {processor.py:840} INFO - DAG(s) 'example_bash_operator' retrieved from /home/airflow/.local/lib/python3.10/site-packages/airflow/example_dags/example_bash_operator.py
[2025-06-13T14:54:26.080+0000] {logging_mixin.py:188} INFO - [2025-06-13T14:54:26.080+0000] {dag.py:3096} INFO - Sync 1 DAGs
[2025-06-13T14:54:26.093+0000] {logging_mixin.py:188} INFO - [2025-06-13T14:54:26.092+0000] {dag.py:3954} INFO - Setting next_dagrun for example_bash_operator to 2025-06-12 00:00:00+00:00, run_after=2025-06-13 00:00:00+00:00
[2025-06-13T14:54:26.104+0000] {processor.py:183} INFO - Processing /home/airflow/.local/lib/python3.10/site-packages/airflow/example_dags/example_bash_operator.py took 0.052 seconds
[2025-06-13T14:54:56.132+0000] {processor.py:161} INFO - Started process (PID=1299) to work on /home/airflow/.local/lib/python3.10/site-packages/airflow/example_dags/example_bash_operator.py
[2025-06-13T14:54:56.133+0000] {processor.py:830} INFO - Processing file /home/airflow/.local/lib/python3.10/site-packages/airflow/example_dags/example_bash_operator.py for tasks to queue
[2025-06-13T14:54:56.135+0000] {logging_mixin.py:188} INFO - [2025-06-13T14:54:56.134+0000] {dagbag.py:540} INFO - Filling up the DagBag from /home/airflow/.local/lib/python3.10/site-packages/airflow/example_dags/example_bash_operator.py
[2025-06-13T14:54:56.141+0000] {processor.py:840} INFO - DAG(s) 'example_bash_operator' retrieved from /home/airflow/.local/lib/python3.10/site-packages/airflow/example_dags/example_bash_operator.py
[2025-06-13T14:54:56.155+0000] {logging_mixin.py:188} INFO - [2025-06-13T14:54:56.155+0000] {dag.py:3096} INFO - Sync 1 DAGs
[2025-06-13T14:54:56.168+0000] {logging_mixin.py:188} INFO - [2025-06-13T14:54:56.168+0000] {dag.py:3954} INFO - Setting next_dagrun for example_bash_operator to 2025-06-12 00:00:00+00:00, run_after=2025-06-13 00:00:00+00:00
[2025-06-13T14:54:56.179+0000] {processor.py:183} INFO - Processing /home/airflow/.local/lib/python3.10/site-packages/airflow/example_dags/example_bash_operator.py took 0.050 seconds
[2025-06-13T14:55:26.816+0000] {processor.py:161} INFO - Started process (PID=1359) to work on /home/airflow/.local/lib/python3.10/site-packages/airflow/example_dags/example_bash_operator.py
[2025-06-13T14:55:26.817+0000] {processor.py:830} INFO - Processing file /home/airflow/.local/lib/python3.10/site-packages/airflow/example_dags/example_bash_operator.py for tasks to queue
[2025-06-13T14:55:26.818+0000] {logging_mixin.py:188} INFO - [2025-06-13T14:55:26.818+0000] {dagbag.py:540} INFO - Filling up the DagBag from /home/airflow/.local/lib/python3.10/site-packages/airflow/example_dags/example_bash_operator.py
[2025-06-13T14:55:26.824+0000] {processor.py:840} INFO - DAG(s) 'example_bash_operator' retrieved from /home/airflow/.local/lib/python3.10/site-packages/airflow/example_dags/example_bash_operator.py
[2025-06-13T14:55:26.846+0000] {logging_mixin.py:188} INFO - [2025-06-13T14:55:26.846+0000] {dag.py:3096} INFO - Sync 1 DAGs
[2025-06-13T14:55:26.864+0000] {logging_mixin.py:188} INFO - [2025-06-13T14:55:26.864+0000] {dag.py:3954} INFO - Setting next_dagrun for example_bash_operator to 2025-06-12 00:00:00+00:00, run_after=2025-06-13 00:00:00+00:00
[2025-06-13T14:55:26.884+0000] {processor.py:183} INFO - Processing /home/airflow/.local/lib/python3.10/site-packages/airflow/example_dags/example_bash_operator.py took 0.072 seconds
[2025-06-13T14:55:57.010+0000] {processor.py:161} INFO - Started process (PID=1419) to work on /home/airflow/.local/lib/python3.10/site-packages/airflow/example_dags/example_bash_operator.py
[2025-06-13T14:55:57.011+0000] {processor.py:830} INFO - Processing file /home/airflow/.local/lib/python3.10/site-packages/airflow/example_dags/example_bash_operator.py for tasks to queue
[2025-06-13T14:55:57.013+0000] {logging_mixin.py:188} INFO - [2025-06-13T14:55:57.012+0000] {dagbag.py:540} INFO - Filling up the DagBag from /home/airflow/.local/lib/python3.10/site-packages/airflow/example_dags/example_bash_operator.py
[2025-06-13T14:55:57.019+0000] {processor.py:840} INFO - DAG(s) 'example_bash_operator' retrieved from /home/airflow/.local/lib/python3.10/site-packages/airflow/example_dags/example_bash_operator.py
[2025-06-13T14:55:57.038+0000] {logging_mixin.py:188} INFO - [2025-06-13T14:55:57.038+0000] {dag.py:3096} INFO - Sync 1 DAGs
[2025-06-13T14:55:57.050+0000] {logging_mixin.py:188} INFO - [2025-06-13T14:55:57.049+0000] {dag.py:3954} INFO - Setting next_dagrun for example_bash_operator to 2025-06-12 00:00:00+00:00, run_after=2025-06-13 00:00:00+00:00
[2025-06-13T14:55:57.063+0000] {processor.py:183} INFO - Processing /home/airflow/.local/lib/python3.10/site-packages/airflow/example_dags/example_bash_operator.py took 0.056 seconds
[2025-06-13T14:56:27.461+0000] {processor.py:161} INFO - Started process (PID=1479) to work on /home/airflow/.local/lib/python3.10/site-packages/airflow/example_dags/example_bash_operator.py
[2025-06-13T14:56:27.462+0000] {processor.py:830} INFO - Processing file /home/airflow/.local/lib/python3.10/site-packages/airflow/example_dags/example_bash_operator.py for tasks to queue
[2025-06-13T14:56:27.463+0000] {logging_mixin.py:188} INFO - [2025-06-13T14:56:27.463+0000] {dagbag.py:540} INFO - Filling up the DagBag from /home/airflow/.local/lib/python3.10/site-packages/airflow/example_dags/example_bash_operator.py
[2025-06-13T14:56:27.469+0000] {processor.py:840} INFO - DAG(s) 'example_bash_operator' retrieved from /home/airflow/.local/lib/python3.10/site-packages/airflow/example_dags/example_bash_operator.py
[2025-06-13T14:56:27.484+0000] {logging_mixin.py:188} INFO - [2025-06-13T14:56:27.484+0000] {dag.py:3096} INFO - Sync 1 DAGs
[2025-06-13T14:56:27.499+0000] {logging_mixin.py:188} INFO - [2025-06-13T14:56:27.499+0000] {dag.py:3954} INFO - Setting next_dagrun for example_bash_operator to 2025-06-12 00:00:00+00:00, run_after=2025-06-13 00:00:00+00:00
[2025-06-13T14:56:27.513+0000] {processor.py:183} INFO - Processing /home/airflow/.local/lib/python3.10/site-packages/airflow/example_dags/example_bash_operator.py took 0.056 seconds
[2025-06-13T14:56:57.748+0000] {processor.py:161} INFO - Started process (PID=1539) to work on /home/airflow/.local/lib/python3.10/site-packages/airflow/example_dags/example_bash_operator.py
[2025-06-13T14:56:57.749+0000] {processor.py:830} INFO - Processing file /home/airflow/.local/lib/python3.10/site-packages/airflow/example_dags/example_bash_operator.py for tasks to queue
[2025-06-13T14:56:57.750+0000] {logging_mixin.py:188} INFO - [2025-06-13T14:56:57.750+0000] {dagbag.py:540} INFO - Filling up the DagBag from /home/airflow/.local/lib/python3.10/site-packages/airflow/example_dags/example_bash_operator.py
[2025-06-13T14:56:57.761+0000] {processor.py:840} INFO - DAG(s) 'example_bash_operator' retrieved from /home/airflow/.local/lib/python3.10/site-packages/airflow/example_dags/example_bash_operator.py
[2025-06-13T14:56:57.777+0000] {logging_mixin.py:188} INFO - [2025-06-13T14:56:57.777+0000] {dag.py:3096} INFO - Sync 1 DAGs
[2025-06-13T14:56:57.792+0000] {logging_mixin.py:188} INFO - [2025-06-13T14:56:57.792+0000] {dag.py:3954} INFO - Setting next_dagrun for example_bash_operator to 2025-06-12 00:00:00+00:00, run_after=2025-06-13 00:00:00+00:00
[2025-06-13T14:56:57.802+0000] {processor.py:183} INFO - Processing /home/airflow/.local/lib/python3.10/site-packages/airflow/example_dags/example_bash_operator.py took 0.061 seconds
[2025-06-13T14:57:28.694+0000] {processor.py:161} INFO - Started process (PID=1599) to work on /home/airflow/.local/lib/python3.10/site-packages/airflow/example_dags/example_bash_operator.py
[2025-06-13T14:57:28.695+0000] {processor.py:830} INFO - Processing file /home/airflow/.local/lib/python3.10/site-packages/airflow/example_dags/example_bash_operator.py for tasks to queue
[2025-06-13T14:57:28.696+0000] {logging_mixin.py:188} INFO - [2025-06-13T14:57:28.696+0000] {dagbag.py:540} INFO - Filling up the DagBag from /home/airflow/.local/lib/python3.10/site-packages/airflow/example_dags/example_bash_operator.py
[2025-06-13T14:57:28.701+0000] {processor.py:840} INFO - DAG(s) 'example_bash_operator' retrieved from /home/airflow/.local/lib/python3.10/site-packages/airflow/example_dags/example_bash_operator.py
[2025-06-13T14:57:28.720+0000] {logging_mixin.py:188} INFO - [2025-06-13T14:57:28.720+0000] {dag.py:3096} INFO - Sync 1 DAGs
[2025-06-13T14:57:28.736+0000] {logging_mixin.py:188} INFO - [2025-06-13T14:57:28.736+0000] {dag.py:3954} INFO - Setting next_dagrun for example_bash_operator to 2025-06-12 00:00:00+00:00, run_after=2025-06-13 00:00:00+00:00
[2025-06-13T14:57:28.750+0000] {processor.py:183} INFO - Processing /home/airflow/.local/lib/python3.10/site-packages/airflow/example_dags/example_bash_operator.py took 0.060 seconds
[2025-06-13T14:57:59.468+0000] {processor.py:161} INFO - Started process (PID=1659) to work on /home/airflow/.local/lib/python3.10/site-packages/airflow/example_dags/example_bash_operator.py
[2025-06-13T14:57:59.469+0000] {processor.py:830} INFO - Processing file /home/airflow/.local/lib/python3.10/site-packages/airflow/example_dags/example_bash_operator.py for tasks to queue
[2025-06-13T14:57:59.471+0000] {logging_mixin.py:188} INFO - [2025-06-13T14:57:59.470+0000] {dagbag.py:540} INFO - Filling up the DagBag from /home/airflow/.local/lib/python3.10/site-packages/airflow/example_dags/example_bash_operator.py
[2025-06-13T14:57:59.478+0000] {processor.py:840} INFO - DAG(s) 'example_bash_operator' retrieved from /home/airflow/.local/lib/python3.10/site-packages/airflow/example_dags/example_bash_operator.py
[2025-06-13T14:57:59.492+0000] {logging_mixin.py:188} INFO - [2025-06-13T14:57:59.491+0000] {dag.py:3096} INFO - Sync 1 DAGs
[2025-06-13T14:57:59.503+0000] {logging_mixin.py:188} INFO - [2025-06-13T14:57:59.503+0000] {dag.py:3954} INFO - Setting next_dagrun for example_bash_operator to 2025-06-12 00:00:00+00:00, run_after=2025-06-13 00:00:00+00:00
[2025-06-13T14:57:59.515+0000] {processor.py:183} INFO - Processing /home/airflow/.local/lib/python3.10/site-packages/airflow/example_dags/example_bash_operator.py took 0.054 seconds
[2025-06-13T14:58:30.811+0000] {processor.py:161} INFO - Started process (PID=1719) to work on /home/airflow/.local/lib/python3.10/site-packages/airflow/example_dags/example_bash_operator.py
[2025-06-13T14:58:30.812+0000] {processor.py:830} INFO - Processing file /home/airflow/.local/lib/python3.10/site-packages/airflow/example_dags/example_bash_operator.py for tasks to queue
[2025-06-13T14:58:30.813+0000] {logging_mixin.py:188} INFO - [2025-06-13T14:58:30.813+0000] {dagbag.py:540} INFO - Filling up the DagBag from /home/airflow/.local/lib/python3.10/site-packages/airflow/example_dags/example_bash_operator.py
[2025-06-13T14:58:30.829+0000] {processor.py:840} INFO - DAG(s) 'example_bash_operator' retrieved from /home/airflow/.local/lib/python3.10/site-packages/airflow/example_dags/example_bash_operator.py
[2025-06-13T14:58:30.848+0000] {logging_mixin.py:188} INFO - [2025-06-13T14:58:30.848+0000] {dag.py:3096} INFO - Sync 1 DAGs
[2025-06-13T14:58:30.859+0000] {logging_mixin.py:188} INFO - [2025-06-13T14:58:30.859+0000] {dag.py:3954} INFO - Setting next_dagrun for example_bash_operator to 2025-06-12 00:00:00+00:00, run_after=2025-06-13 00:00:00+00:00
[2025-06-13T14:58:30.867+0000] {processor.py:183} INFO - Processing /home/airflow/.local/lib/python3.10/site-packages/airflow/example_dags/example_bash_operator.py took 0.061 seconds
[2025-06-13T14:59:01.655+0000] {processor.py:161} INFO - Started process (PID=1779) to work on /home/airflow/.local/lib/python3.10/site-packages/airflow/example_dags/example_bash_operator.py
[2025-06-13T14:59:01.656+0000] {processor.py:830} INFO - Processing file /home/airflow/.local/lib/python3.10/site-packages/airflow/example_dags/example_bash_operator.py for tasks to queue
[2025-06-13T14:59:01.657+0000] {logging_mixin.py:188} INFO - [2025-06-13T14:59:01.657+0000] {dagbag.py:540} INFO - Filling up the DagBag from /home/airflow/.local/lib/python3.10/site-packages/airflow/example_dags/example_bash_operator.py
[2025-06-13T14:59:01.663+0000] {processor.py:840} INFO - DAG(s) 'example_bash_operator' retrieved from /home/airflow/.local/lib/python3.10/site-packages/airflow/example_dags/example_bash_operator.py
[2025-06-13T14:59:01.682+0000] {logging_mixin.py:188} INFO - [2025-06-13T14:59:01.682+0000] {dag.py:3096} INFO - Sync 1 DAGs
[2025-06-13T14:59:01.697+0000] {logging_mixin.py:188} INFO - [2025-06-13T14:59:01.697+0000] {dag.py:3954} INFO - Setting next_dagrun for example_bash_operator to 2025-06-12 00:00:00+00:00, run_after=2025-06-13 00:00:00+00:00
[2025-06-13T14:59:01.710+0000] {processor.py:183} INFO - Processing /home/airflow/.local/lib/python3.10/site-packages/airflow/example_dags/example_bash_operator.py took 0.059 seconds
[2025-06-13T14:59:31.978+0000] {processor.py:161} INFO - Started process (PID=1839) to work on /home/airflow/.local/lib/python3.10/site-packages/airflow/example_dags/example_bash_operator.py
[2025-06-13T14:59:31.978+0000] {processor.py:830} INFO - Processing file /home/airflow/.local/lib/python3.10/site-packages/airflow/example_dags/example_bash_operator.py for tasks to queue
[2025-06-13T14:59:31.980+0000] {logging_mixin.py:188} INFO - [2025-06-13T14:59:31.979+0000] {dagbag.py:540} INFO - Filling up the DagBag from /home/airflow/.local/lib/python3.10/site-packages/airflow/example_dags/example_bash_operator.py
[2025-06-13T14:59:31.985+0000] {processor.py:840} INFO - DAG(s) 'example_bash_operator' retrieved from /home/airflow/.local/lib/python3.10/site-packages/airflow/example_dags/example_bash_operator.py
[2025-06-13T14:59:32.003+0000] {logging_mixin.py:188} INFO - [2025-06-13T14:59:32.003+0000] {dag.py:3096} INFO - Sync 1 DAGs
[2025-06-13T14:59:32.016+0000] {logging_mixin.py:188} INFO - [2025-06-13T14:59:32.016+0000] {dag.py:3954} INFO - Setting next_dagrun for example_bash_operator to 2025-06-12 00:00:00+00:00, run_after=2025-06-13 00:00:00+00:00
[2025-06-13T14:59:32.028+0000] {processor.py:183} INFO - Processing /home/airflow/.local/lib/python3.10/site-packages/airflow/example_dags/example_bash_operator.py took 0.054 seconds
[2025-06-13T15:00:02.973+0000] {processor.py:161} INFO - Started process (PID=1899) to work on /home/airflow/.local/lib/python3.10/site-packages/airflow/example_dags/example_bash_operator.py
[2025-06-13T15:00:02.974+0000] {processor.py:830} INFO - Processing file /home/airflow/.local/lib/python3.10/site-packages/airflow/example_dags/example_bash_operator.py for tasks to queue
[2025-06-13T15:00:02.977+0000] {logging_mixin.py:188} INFO - [2025-06-13T15:00:02.977+0000] {dagbag.py:540} INFO - Filling up the DagBag from /home/airflow/.local/lib/python3.10/site-packages/airflow/example_dags/example_bash_operator.py
[2025-06-13T15:00:02.985+0000] {processor.py:840} INFO - DAG(s) 'example_bash_operator' retrieved from /home/airflow/.local/lib/python3.10/site-packages/airflow/example_dags/example_bash_operator.py
[2025-06-13T15:00:03.012+0000] {logging_mixin.py:188} INFO - [2025-06-13T15:00:03.012+0000] {dag.py:3096} INFO - Sync 1 DAGs
[2025-06-13T15:00:03.032+0000] {logging_mixin.py:188} INFO - [2025-06-13T15:00:03.032+0000] {dag.py:3954} INFO - Setting next_dagrun for example_bash_operator to 2025-06-12 00:00:00+00:00, run_after=2025-06-13 00:00:00+00:00
[2025-06-13T15:00:03.042+0000] {processor.py:183} INFO - Processing /home/airflow/.local/lib/python3.10/site-packages/airflow/example_dags/example_bash_operator.py took 0.077 seconds
[2025-06-13T15:00:33.412+0000] {processor.py:161} INFO - Started process (PID=1959) to work on /home/airflow/.local/lib/python3.10/site-packages/airflow/example_dags/example_bash_operator.py
[2025-06-13T15:00:33.414+0000] {processor.py:830} INFO - Processing file /home/airflow/.local/lib/python3.10/site-packages/airflow/example_dags/example_bash_operator.py for tasks to queue
[2025-06-13T15:00:33.416+0000] {logging_mixin.py:188} INFO - [2025-06-13T15:00:33.416+0000] {dagbag.py:540} INFO - Filling up the DagBag from /home/airflow/.local/lib/python3.10/site-packages/airflow/example_dags/example_bash_operator.py
[2025-06-13T15:00:33.426+0000] {processor.py:840} INFO - DAG(s) 'example_bash_operator' retrieved from /home/airflow/.local/lib/python3.10/site-packages/airflow/example_dags/example_bash_operator.py
[2025-06-13T15:00:33.449+0000] {logging_mixin.py:188} INFO - [2025-06-13T15:00:33.449+0000] {dag.py:3096} INFO - Sync 1 DAGs
[2025-06-13T15:00:33.462+0000] {logging_mixin.py:188} INFO - [2025-06-13T15:00:33.462+0000] {dag.py:3954} INFO - Setting next_dagrun for example_bash_operator to 2025-06-12 00:00:00+00:00, run_after=2025-06-13 00:00:00+00:00
[2025-06-13T15:00:33.473+0000] {processor.py:183} INFO - Processing /home/airflow/.local/lib/python3.10/site-packages/airflow/example_dags/example_bash_operator.py took 0.068 seconds
[2025-06-13T15:01:03.946+0000] {processor.py:161} INFO - Started process (PID=2019) to work on /home/airflow/.local/lib/python3.10/site-packages/airflow/example_dags/example_bash_operator.py
[2025-06-13T15:01:03.947+0000] {processor.py:830} INFO - Processing file /home/airflow/.local/lib/python3.10/site-packages/airflow/example_dags/example_bash_operator.py for tasks to queue
[2025-06-13T15:01:03.948+0000] {logging_mixin.py:188} INFO - [2025-06-13T15:01:03.948+0000] {dagbag.py:540} INFO - Filling up the DagBag from /home/airflow/.local/lib/python3.10/site-packages/airflow/example_dags/example_bash_operator.py
[2025-06-13T15:01:03.954+0000] {processor.py:840} INFO - DAG(s) 'example_bash_operator' retrieved from /home/airflow/.local/lib/python3.10/site-packages/airflow/example_dags/example_bash_operator.py
[2025-06-13T15:01:03.970+0000] {logging_mixin.py:188} INFO - [2025-06-13T15:01:03.970+0000] {dag.py:3096} INFO - Sync 1 DAGs
[2025-06-13T15:01:03.982+0000] {logging_mixin.py:188} INFO - [2025-06-13T15:01:03.982+0000] {dag.py:3954} INFO - Setting next_dagrun for example_bash_operator to 2025-06-12 00:00:00+00:00, run_after=2025-06-13 00:00:00+00:00
[2025-06-13T15:01:03.995+0000] {processor.py:183} INFO - Processing /home/airflow/.local/lib/python3.10/site-packages/airflow/example_dags/example_bash_operator.py took 0.052 seconds
[2025-06-13T15:01:34.311+0000] {processor.py:161} INFO - Started process (PID=2079) to work on /home/airflow/.local/lib/python3.10/site-packages/airflow/example_dags/example_bash_operator.py
[2025-06-13T15:01:34.312+0000] {processor.py:830} INFO - Processing file /home/airflow/.local/lib/python3.10/site-packages/airflow/example_dags/example_bash_operator.py for tasks to queue
[2025-06-13T15:01:34.313+0000] {logging_mixin.py:188} INFO - [2025-06-13T15:01:34.313+0000] {dagbag.py:540} INFO - Filling up the DagBag from /home/airflow/.local/lib/python3.10/site-packages/airflow/example_dags/example_bash_operator.py
[2025-06-13T15:01:34.320+0000] {processor.py:840} INFO - DAG(s) 'example_bash_operator' retrieved from /home/airflow/.local/lib/python3.10/site-packages/airflow/example_dags/example_bash_operator.py
[2025-06-13T15:01:34.336+0000] {logging_mixin.py:188} INFO - [2025-06-13T15:01:34.335+0000] {dag.py:3096} INFO - Sync 1 DAGs
[2025-06-13T15:01:34.349+0000] {logging_mixin.py:188} INFO - [2025-06-13T15:01:34.349+0000] {dag.py:3954} INFO - Setting next_dagrun for example_bash_operator to 2025-06-12 00:00:00+00:00, run_after=2025-06-13 00:00:00+00:00
[2025-06-13T15:01:34.365+0000] {processor.py:183} INFO - Processing /home/airflow/.local/lib/python3.10/site-packages/airflow/example_dags/example_bash_operator.py took 0.058 seconds
[2025-06-13T15:02:04.699+0000] {processor.py:161} INFO - Started process (PID=2139) to work on /home/airflow/.local/lib/python3.10/site-packages/airflow/example_dags/example_bash_operator.py
[2025-06-13T15:02:04.700+0000] {processor.py:830} INFO - Processing file /home/airflow/.local/lib/python3.10/site-packages/airflow/example_dags/example_bash_operator.py for tasks to queue
[2025-06-13T15:02:04.701+0000] {logging_mixin.py:188} INFO - [2025-06-13T15:02:04.701+0000] {dagbag.py:540} INFO - Filling up the DagBag from /home/airflow/.local/lib/python3.10/site-packages/airflow/example_dags/example_bash_operator.py
[2025-06-13T15:02:04.707+0000] {processor.py:840} INFO - DAG(s) 'example_bash_operator' retrieved from /home/airflow/.local/lib/python3.10/site-packages/airflow/example_dags/example_bash_operator.py
[2025-06-13T15:02:04.719+0000] {logging_mixin.py:188} INFO - [2025-06-13T15:02:04.719+0000] {dag.py:3096} INFO - Sync 1 DAGs
[2025-06-13T15:02:04.737+0000] {logging_mixin.py:188} INFO - [2025-06-13T15:02:04.737+0000] {dag.py:3954} INFO - Setting next_dagrun for example_bash_operator to 2025-06-12 00:00:00+00:00, run_after=2025-06-13 00:00:00+00:00
[2025-06-13T15:02:04.747+0000] {processor.py:183} INFO - Processing /home/airflow/.local/lib/python3.10/site-packages/airflow/example_dags/example_bash_operator.py took 0.054 seconds
[2025-06-13T15:02:35.317+0000] {processor.py:161} INFO - Started process (PID=2199) to work on /home/airflow/.local/lib/python3.10/site-packages/airflow/example_dags/example_bash_operator.py
[2025-06-13T15:02:35.318+0000] {processor.py:830} INFO - Processing file /home/airflow/.local/lib/python3.10/site-packages/airflow/example_dags/example_bash_operator.py for tasks to queue
[2025-06-13T15:02:35.319+0000] {logging_mixin.py:188} INFO - [2025-06-13T15:02:35.319+0000] {dagbag.py:540} INFO - Filling up the DagBag from /home/airflow/.local/lib/python3.10/site-packages/airflow/example_dags/example_bash_operator.py
[2025-06-13T15:02:35.326+0000] {processor.py:840} INFO - DAG(s) 'example_bash_operator' retrieved from /home/airflow/.local/lib/python3.10/site-packages/airflow/example_dags/example_bash_operator.py
[2025-06-13T15:02:35.341+0000] {logging_mixin.py:188} INFO - [2025-06-13T15:02:35.341+0000] {dag.py:3096} INFO - Sync 1 DAGs
[2025-06-13T15:02:35.353+0000] {logging_mixin.py:188} INFO - [2025-06-13T15:02:35.353+0000] {dag.py:3954} INFO - Setting next_dagrun for example_bash_operator to 2025-06-12 00:00:00+00:00, run_after=2025-06-13 00:00:00+00:00
[2025-06-13T15:02:35.363+0000] {processor.py:183} INFO - Processing /home/airflow/.local/lib/python3.10/site-packages/airflow/example_dags/example_bash_operator.py took 0.050 seconds
[2025-06-13T15:03:05.925+0000] {processor.py:161} INFO - Started process (PID=2259) to work on /home/airflow/.local/lib/python3.10/site-packages/airflow/example_dags/example_bash_operator.py
[2025-06-13T15:03:05.927+0000] {processor.py:830} INFO - Processing file /home/airflow/.local/lib/python3.10/site-packages/airflow/example_dags/example_bash_operator.py for tasks to queue
[2025-06-13T15:03:05.928+0000] {logging_mixin.py:188} INFO - [2025-06-13T15:03:05.928+0000] {dagbag.py:540} INFO - Filling up the DagBag from /home/airflow/.local/lib/python3.10/site-packages/airflow/example_dags/example_bash_operator.py
[2025-06-13T15:03:05.938+0000] {processor.py:840} INFO - DAG(s) 'example_bash_operator' retrieved from /home/airflow/.local/lib/python3.10/site-packages/airflow/example_dags/example_bash_operator.py
[2025-06-13T15:03:05.957+0000] {logging_mixin.py:188} INFO - [2025-06-13T15:03:05.957+0000] {dag.py:3096} INFO - Sync 1 DAGs
[2025-06-13T15:03:05.980+0000] {logging_mixin.py:188} INFO - [2025-06-13T15:03:05.979+0000] {dag.py:3954} INFO - Setting next_dagrun for example_bash_operator to 2025-06-12 00:00:00+00:00, run_after=2025-06-13 00:00:00+00:00
[2025-06-13T15:03:05.998+0000] {processor.py:183} INFO - Processing /home/airflow/.local/lib/python3.10/site-packages/airflow/example_dags/example_bash_operator.py took 0.079 seconds
[2025-06-13T15:03:36.934+0000] {processor.py:161} INFO - Started process (PID=2319) to work on /home/airflow/.local/lib/python3.10/site-packages/airflow/example_dags/example_bash_operator.py
[2025-06-13T15:03:36.940+0000] {processor.py:830} INFO - Processing file /home/airflow/.local/lib/python3.10/site-packages/airflow/example_dags/example_bash_operator.py for tasks to queue
[2025-06-13T15:03:36.944+0000] {logging_mixin.py:188} INFO - [2025-06-13T15:03:36.944+0000] {dagbag.py:540} INFO - Filling up the DagBag from /home/airflow/.local/lib/python3.10/site-packages/airflow/example_dags/example_bash_operator.py
[2025-06-13T15:03:36.961+0000] {processor.py:840} INFO - DAG(s) 'example_bash_operator' retrieved from /home/airflow/.local/lib/python3.10/site-packages/airflow/example_dags/example_bash_operator.py
[2025-06-13T15:03:36.981+0000] {logging_mixin.py:188} INFO - [2025-06-13T15:03:36.980+0000] {dag.py:3096} INFO - Sync 1 DAGs
[2025-06-13T15:03:36.993+0000] {logging_mixin.py:188} INFO - [2025-06-13T15:03:36.993+0000] {dag.py:3954} INFO - Setting next_dagrun for example_bash_operator to 2025-06-12 00:00:00+00:00, run_after=2025-06-13 00:00:00+00:00
[2025-06-13T15:03:37.004+0000] {processor.py:183} INFO - Processing /home/airflow/.local/lib/python3.10/site-packages/airflow/example_dags/example_bash_operator.py took 0.076 seconds
[2025-06-13T15:04:07.576+0000] {processor.py:161} INFO - Started process (PID=2379) to work on /home/airflow/.local/lib/python3.10/site-packages/airflow/example_dags/example_bash_operator.py
[2025-06-13T15:04:07.580+0000] {processor.py:830} INFO - Processing file /home/airflow/.local/lib/python3.10/site-packages/airflow/example_dags/example_bash_operator.py for tasks to queue
[2025-06-13T15:04:07.586+0000] {logging_mixin.py:188} INFO - [2025-06-13T15:04:07.586+0000] {dagbag.py:540} INFO - Filling up the DagBag from /home/airflow/.local/lib/python3.10/site-packages/airflow/example_dags/example_bash_operator.py
[2025-06-13T15:04:07.600+0000] {processor.py:840} INFO - DAG(s) 'example_bash_operator' retrieved from /home/airflow/.local/lib/python3.10/site-packages/airflow/example_dags/example_bash_operator.py
[2025-06-13T15:04:07.643+0000] {logging_mixin.py:188} INFO - [2025-06-13T15:04:07.643+0000] {dag.py:3096} INFO - Sync 1 DAGs
[2025-06-13T15:04:07.688+0000] {logging_mixin.py:188} INFO - [2025-06-13T15:04:07.688+0000] {dag.py:3954} INFO - Setting next_dagrun for example_bash_operator to 2025-06-12 00:00:00+00:00, run_after=2025-06-13 00:00:00+00:00
[2025-06-13T15:04:07.707+0000] {processor.py:183} INFO - Processing /home/airflow/.local/lib/python3.10/site-packages/airflow/example_dags/example_bash_operator.py took 0.165 seconds
[2025-06-13T15:04:38.069+0000] {processor.py:161} INFO - Started process (PID=2439) to work on /home/airflow/.local/lib/python3.10/site-packages/airflow/example_dags/example_bash_operator.py
[2025-06-13T15:04:38.078+0000] {processor.py:830} INFO - Processing file /home/airflow/.local/lib/python3.10/site-packages/airflow/example_dags/example_bash_operator.py for tasks to queue
[2025-06-13T15:04:38.079+0000] {logging_mixin.py:188} INFO - [2025-06-13T15:04:38.079+0000] {dagbag.py:540} INFO - Filling up the DagBag from /home/airflow/.local/lib/python3.10/site-packages/airflow/example_dags/example_bash_operator.py
[2025-06-13T15:04:38.088+0000] {processor.py:840} INFO - DAG(s) 'example_bash_operator' retrieved from /home/airflow/.local/lib/python3.10/site-packages/airflow/example_dags/example_bash_operator.py
[2025-06-13T15:04:38.107+0000] {logging_mixin.py:188} INFO - [2025-06-13T15:04:38.107+0000] {dag.py:3096} INFO - Sync 1 DAGs
[2025-06-13T15:04:38.123+0000] {logging_mixin.py:188} INFO - [2025-06-13T15:04:38.122+0000] {dag.py:3954} INFO - Setting next_dagrun for example_bash_operator to 2025-06-12 00:00:00+00:00, run_after=2025-06-13 00:00:00+00:00
[2025-06-13T15:04:38.135+0000] {processor.py:183} INFO - Processing /home/airflow/.local/lib/python3.10/site-packages/airflow/example_dags/example_bash_operator.py took 0.073 seconds
[2025-06-13T15:05:08.734+0000] {processor.py:161} INFO - Started process (PID=2499) to work on /home/airflow/.local/lib/python3.10/site-packages/airflow/example_dags/example_bash_operator.py
[2025-06-13T15:05:08.735+0000] {processor.py:830} INFO - Processing file /home/airflow/.local/lib/python3.10/site-packages/airflow/example_dags/example_bash_operator.py for tasks to queue
[2025-06-13T15:05:08.736+0000] {logging_mixin.py:188} INFO - [2025-06-13T15:05:08.736+0000] {dagbag.py:540} INFO - Filling up the DagBag from /home/airflow/.local/lib/python3.10/site-packages/airflow/example_dags/example_bash_operator.py
[2025-06-13T15:05:08.743+0000] {processor.py:840} INFO - DAG(s) 'example_bash_operator' retrieved from /home/airflow/.local/lib/python3.10/site-packages/airflow/example_dags/example_bash_operator.py
[2025-06-13T15:05:08.759+0000] {logging_mixin.py:188} INFO - [2025-06-13T15:05:08.759+0000] {dag.py:3096} INFO - Sync 1 DAGs
[2025-06-13T15:05:08.874+0000] {logging_mixin.py:188} INFO - [2025-06-13T15:05:08.873+0000] {dag.py:3954} INFO - Setting next_dagrun for example_bash_operator to 2025-06-12 00:00:00+00:00, run_after=2025-06-13 00:00:00+00:00
[2025-06-13T15:05:08.882+0000] {processor.py:183} INFO - Processing /home/airflow/.local/lib/python3.10/site-packages/airflow/example_dags/example_bash_operator.py took 0.152 seconds
