[2025-06-13T14:33:25.906+0000] {processor.py:161} INFO - Started process (PID=85) to work on /home/airflow/.local/lib/python3.10/site-packages/airflow/example_dags/example_short_circuit_operator.py
[2025-06-13T14:33:25.907+0000] {processor.py:830} INFO - Processing file /home/airflow/.local/lib/python3.10/site-packages/airflow/example_dags/example_short_circuit_operator.py for tasks to queue
[2025-06-13T14:33:25.909+0000] {logging_mixin.py:188} INFO - [2025-06-13T14:33:25.908+0000] {dagbag.py:540} INFO - Filling up the DagBag from /home/airflow/.local/lib/python3.10/site-packages/airflow/example_dags/example_short_circuit_operator.py
[2025-06-13T14:33:25.915+0000] {processor.py:840} INFO - DAG(s) 'example_short_circuit_operator' retrieved from /home/airflow/.local/lib/python3.10/site-packages/airflow/example_dags/example_short_circuit_operator.py
[2025-06-13T14:33:25.929+0000] {logging_mixin.py:188} INFO - [2025-06-13T14:33:25.929+0000] {dag.py:3096} INFO - Sync 1 DAGs
[2025-06-13T14:33:25.950+0000] {logging_mixin.py:188} INFO - [2025-06-13T14:33:25.950+0000] {dag.py:3954} INFO - Setting next_dagrun for example_short_circuit_operator to 2025-06-12 00:00:00+00:00, run_after=2025-06-13 00:00:00+00:00
[2025-06-13T14:33:25.971+0000] {processor.py:183} INFO - Processing /home/airflow/.local/lib/python3.10/site-packages/airflow/example_dags/example_short_circuit_operator.py took 0.070 seconds
[2025-06-13T14:33:56.036+0000] {processor.py:161} INFO - Started process (PID=142) to work on /home/airflow/.local/lib/python3.10/site-packages/airflow/example_dags/example_short_circuit_operator.py
[2025-06-13T14:33:56.037+0000] {processor.py:830} INFO - Processing file /home/airflow/.local/lib/python3.10/site-packages/airflow/example_dags/example_short_circuit_operator.py for tasks to queue
[2025-06-13T14:33:56.038+0000] {logging_mixin.py:188} INFO - [2025-06-13T14:33:56.038+0000] {dagbag.py:540} INFO - Filling up the DagBag from /home/airflow/.local/lib/python3.10/site-packages/airflow/example_dags/example_short_circuit_operator.py
[2025-06-13T14:33:56.042+0000] {processor.py:840} INFO - DAG(s) 'example_short_circuit_operator' retrieved from /home/airflow/.local/lib/python3.10/site-packages/airflow/example_dags/example_short_circuit_operator.py
[2025-06-13T14:33:56.094+0000] {logging_mixin.py:188} INFO - [2025-06-13T14:33:56.094+0000] {dag.py:3096} INFO - Sync 1 DAGs
[2025-06-13T14:33:56.104+0000] {logging_mixin.py:188} INFO - [2025-06-13T14:33:56.104+0000] {dag.py:3954} INFO - Setting next_dagrun for example_short_circuit_operator to 2025-06-12 00:00:00+00:00, run_after=2025-06-13 00:00:00+00:00
[2025-06-13T14:33:56.120+0000] {processor.py:183} INFO - Processing /home/airflow/.local/lib/python3.10/site-packages/airflow/example_dags/example_short_circuit_operator.py took 0.088 seconds
[2025-06-13T14:34:26.171+0000] {processor.py:161} INFO - Started process (PID=200) to work on /home/airflow/.local/lib/python3.10/site-packages/airflow/example_dags/example_short_circuit_operator.py
[2025-06-13T14:34:26.173+0000] {processor.py:830} INFO - Processing file /home/airflow/.local/lib/python3.10/site-packages/airflow/example_dags/example_short_circuit_operator.py for tasks to queue
[2025-06-13T14:34:26.174+0000] {logging_mixin.py:188} INFO - [2025-06-13T14:34:26.174+0000] {dagbag.py:540} INFO - Filling up the DagBag from /home/airflow/.local/lib/python3.10/site-packages/airflow/example_dags/example_short_circuit_operator.py
[2025-06-13T14:34:26.179+0000] {processor.py:840} INFO - DAG(s) 'example_short_circuit_operator' retrieved from /home/airflow/.local/lib/python3.10/site-packages/airflow/example_dags/example_short_circuit_operator.py
[2025-06-13T14:34:26.196+0000] {logging_mixin.py:188} INFO - [2025-06-13T14:34:26.196+0000] {dag.py:3096} INFO - Sync 1 DAGs
[2025-06-13T14:34:26.208+0000] {logging_mixin.py:188} INFO - [2025-06-13T14:34:26.208+0000] {dag.py:3954} INFO - Setting next_dagrun for example_short_circuit_operator to 2025-06-12 00:00:00+00:00, run_after=2025-06-13 00:00:00+00:00
[2025-06-13T14:34:26.220+0000] {processor.py:183} INFO - Processing /home/airflow/.local/lib/python3.10/site-packages/airflow/example_dags/example_short_circuit_operator.py took 0.052 seconds
[2025-06-13T14:34:56.586+0000] {processor.py:161} INFO - Started process (PID=258) to work on /home/airflow/.local/lib/python3.10/site-packages/airflow/example_dags/example_short_circuit_operator.py
[2025-06-13T14:34:56.587+0000] {processor.py:830} INFO - Processing file /home/airflow/.local/lib/python3.10/site-packages/airflow/example_dags/example_short_circuit_operator.py for tasks to queue
[2025-06-13T14:34:56.590+0000] {logging_mixin.py:188} INFO - [2025-06-13T14:34:56.589+0000] {dagbag.py:540} INFO - Filling up the DagBag from /home/airflow/.local/lib/python3.10/site-packages/airflow/example_dags/example_short_circuit_operator.py
[2025-06-13T14:34:56.595+0000] {processor.py:840} INFO - DAG(s) 'example_short_circuit_operator' retrieved from /home/airflow/.local/lib/python3.10/site-packages/airflow/example_dags/example_short_circuit_operator.py
[2025-06-13T14:34:56.612+0000] {logging_mixin.py:188} INFO - [2025-06-13T14:34:56.612+0000] {dag.py:3096} INFO - Sync 1 DAGs
[2025-06-13T14:34:56.627+0000] {logging_mixin.py:188} INFO - [2025-06-13T14:34:56.626+0000] {dag.py:3954} INFO - Setting next_dagrun for example_short_circuit_operator to 2025-06-12 00:00:00+00:00, run_after=2025-06-13 00:00:00+00:00
[2025-06-13T14:34:56.640+0000] {processor.py:183} INFO - Processing /home/airflow/.local/lib/python3.10/site-packages/airflow/example_dags/example_short_circuit_operator.py took 0.059 seconds
[2025-06-13T14:35:27.346+0000] {processor.py:161} INFO - Started process (PID=316) to work on /home/airflow/.local/lib/python3.10/site-packages/airflow/example_dags/example_short_circuit_operator.py
[2025-06-13T14:35:27.348+0000] {processor.py:830} INFO - Processing file /home/airflow/.local/lib/python3.10/site-packages/airflow/example_dags/example_short_circuit_operator.py for tasks to queue
[2025-06-13T14:35:27.349+0000] {logging_mixin.py:188} INFO - [2025-06-13T14:35:27.349+0000] {dagbag.py:540} INFO - Filling up the DagBag from /home/airflow/.local/lib/python3.10/site-packages/airflow/example_dags/example_short_circuit_operator.py
[2025-06-13T14:35:27.354+0000] {processor.py:840} INFO - DAG(s) 'example_short_circuit_operator' retrieved from /home/airflow/.local/lib/python3.10/site-packages/airflow/example_dags/example_short_circuit_operator.py
[2025-06-13T14:35:27.373+0000] {logging_mixin.py:188} INFO - [2025-06-13T14:35:27.372+0000] {dag.py:3096} INFO - Sync 1 DAGs
[2025-06-13T14:35:27.386+0000] {logging_mixin.py:188} INFO - [2025-06-13T14:35:27.385+0000] {dag.py:3954} INFO - Setting next_dagrun for example_short_circuit_operator to 2025-06-12 00:00:00+00:00, run_after=2025-06-13 00:00:00+00:00
[2025-06-13T14:35:27.395+0000] {processor.py:183} INFO - Processing /home/airflow/.local/lib/python3.10/site-packages/airflow/example_dags/example_short_circuit_operator.py took 0.053 seconds
[2025-06-13T14:35:58.752+0000] {processor.py:161} INFO - Started process (PID=380) to work on /home/airflow/.local/lib/python3.10/site-packages/airflow/example_dags/example_short_circuit_operator.py
[2025-06-13T14:35:58.753+0000] {processor.py:830} INFO - Processing file /home/airflow/.local/lib/python3.10/site-packages/airflow/example_dags/example_short_circuit_operator.py for tasks to queue
[2025-06-13T14:35:58.754+0000] {logging_mixin.py:188} INFO - [2025-06-13T14:35:58.754+0000] {dagbag.py:540} INFO - Filling up the DagBag from /home/airflow/.local/lib/python3.10/site-packages/airflow/example_dags/example_short_circuit_operator.py
[2025-06-13T14:35:58.758+0000] {processor.py:840} INFO - DAG(s) 'example_short_circuit_operator' retrieved from /home/airflow/.local/lib/python3.10/site-packages/airflow/example_dags/example_short_circuit_operator.py
[2025-06-13T14:35:58.770+0000] {logging_mixin.py:188} INFO - [2025-06-13T14:35:58.770+0000] {dag.py:3096} INFO - Sync 1 DAGs
[2025-06-13T14:35:58.781+0000] {logging_mixin.py:188} INFO - [2025-06-13T14:35:58.781+0000] {dag.py:3954} INFO - Setting next_dagrun for example_short_circuit_operator to 2025-06-12 00:00:00+00:00, run_after=2025-06-13 00:00:00+00:00
[2025-06-13T14:35:58.799+0000] {processor.py:183} INFO - Processing /home/airflow/.local/lib/python3.10/site-packages/airflow/example_dags/example_short_circuit_operator.py took 0.051 seconds
[2025-06-13T14:36:29.585+0000] {processor.py:161} INFO - Started process (PID=438) to work on /home/airflow/.local/lib/python3.10/site-packages/airflow/example_dags/example_short_circuit_operator.py
[2025-06-13T14:36:29.586+0000] {processor.py:830} INFO - Processing file /home/airflow/.local/lib/python3.10/site-packages/airflow/example_dags/example_short_circuit_operator.py for tasks to queue
[2025-06-13T14:36:29.587+0000] {logging_mixin.py:188} INFO - [2025-06-13T14:36:29.587+0000] {dagbag.py:540} INFO - Filling up the DagBag from /home/airflow/.local/lib/python3.10/site-packages/airflow/example_dags/example_short_circuit_operator.py
[2025-06-13T14:36:29.590+0000] {processor.py:840} INFO - DAG(s) 'example_short_circuit_operator' retrieved from /home/airflow/.local/lib/python3.10/site-packages/airflow/example_dags/example_short_circuit_operator.py
[2025-06-13T14:36:29.601+0000] {logging_mixin.py:188} INFO - [2025-06-13T14:36:29.601+0000] {dag.py:3096} INFO - Sync 1 DAGs
[2025-06-13T14:36:29.611+0000] {logging_mixin.py:188} INFO - [2025-06-13T14:36:29.611+0000] {dag.py:3954} INFO - Setting next_dagrun for example_short_circuit_operator to 2025-06-12 00:00:00+00:00, run_after=2025-06-13 00:00:00+00:00
[2025-06-13T14:36:29.619+0000] {processor.py:183} INFO - Processing /home/airflow/.local/lib/python3.10/site-packages/airflow/example_dags/example_short_circuit_operator.py took 0.037 seconds
[2025-06-13T14:36:59.863+0000] {processor.py:161} INFO - Started process (PID=496) to work on /home/airflow/.local/lib/python3.10/site-packages/airflow/example_dags/example_short_circuit_operator.py
[2025-06-13T14:36:59.863+0000] {processor.py:830} INFO - Processing file /home/airflow/.local/lib/python3.10/site-packages/airflow/example_dags/example_short_circuit_operator.py for tasks to queue
[2025-06-13T14:36:59.865+0000] {logging_mixin.py:188} INFO - [2025-06-13T14:36:59.864+0000] {dagbag.py:540} INFO - Filling up the DagBag from /home/airflow/.local/lib/python3.10/site-packages/airflow/example_dags/example_short_circuit_operator.py
[2025-06-13T14:36:59.872+0000] {processor.py:840} INFO - DAG(s) 'example_short_circuit_operator' retrieved from /home/airflow/.local/lib/python3.10/site-packages/airflow/example_dags/example_short_circuit_operator.py
[2025-06-13T14:36:59.892+0000] {logging_mixin.py:188} INFO - [2025-06-13T14:36:59.892+0000] {dag.py:3096} INFO - Sync 1 DAGs
[2025-06-13T14:36:59.923+0000] {logging_mixin.py:188} INFO - [2025-06-13T14:36:59.923+0000] {dag.py:3954} INFO - Setting next_dagrun for example_short_circuit_operator to 2025-06-12 00:00:00+00:00, run_after=2025-06-13 00:00:00+00:00
[2025-06-13T14:36:59.934+0000] {processor.py:183} INFO - Processing /home/airflow/.local/lib/python3.10/site-packages/airflow/example_dags/example_short_circuit_operator.py took 0.076 seconds
[2025-06-13T14:37:30.826+0000] {processor.py:161} INFO - Started process (PID=554) to work on /home/airflow/.local/lib/python3.10/site-packages/airflow/example_dags/example_short_circuit_operator.py
[2025-06-13T14:37:30.826+0000] {processor.py:830} INFO - Processing file /home/airflow/.local/lib/python3.10/site-packages/airflow/example_dags/example_short_circuit_operator.py for tasks to queue
[2025-06-13T14:37:30.828+0000] {logging_mixin.py:188} INFO - [2025-06-13T14:37:30.827+0000] {dagbag.py:540} INFO - Filling up the DagBag from /home/airflow/.local/lib/python3.10/site-packages/airflow/example_dags/example_short_circuit_operator.py
[2025-06-13T14:37:30.837+0000] {processor.py:840} INFO - DAG(s) 'example_short_circuit_operator' retrieved from /home/airflow/.local/lib/python3.10/site-packages/airflow/example_dags/example_short_circuit_operator.py
[2025-06-13T14:37:30.853+0000] {logging_mixin.py:188} INFO - [2025-06-13T14:37:30.853+0000] {dag.py:3096} INFO - Sync 1 DAGs
[2025-06-13T14:37:30.867+0000] {logging_mixin.py:188} INFO - [2025-06-13T14:37:30.867+0000] {dag.py:3954} INFO - Setting next_dagrun for example_short_circuit_operator to 2025-06-12 00:00:00+00:00, run_after=2025-06-13 00:00:00+00:00
[2025-06-13T14:37:30.881+0000] {processor.py:183} INFO - Processing /home/airflow/.local/lib/python3.10/site-packages/airflow/example_dags/example_short_circuit_operator.py took 0.060 seconds
[2025-06-13T14:38:00.928+0000] {processor.py:161} INFO - Started process (PID=612) to work on /home/airflow/.local/lib/python3.10/site-packages/airflow/example_dags/example_short_circuit_operator.py
[2025-06-13T14:38:00.929+0000] {processor.py:830} INFO - Processing file /home/airflow/.local/lib/python3.10/site-packages/airflow/example_dags/example_short_circuit_operator.py for tasks to queue
[2025-06-13T14:38:00.929+0000] {logging_mixin.py:188} INFO - [2025-06-13T14:38:00.929+0000] {dagbag.py:540} INFO - Filling up the DagBag from /home/airflow/.local/lib/python3.10/site-packages/airflow/example_dags/example_short_circuit_operator.py
[2025-06-13T14:38:00.933+0000] {processor.py:840} INFO - DAG(s) 'example_short_circuit_operator' retrieved from /home/airflow/.local/lib/python3.10/site-packages/airflow/example_dags/example_short_circuit_operator.py
[2025-06-13T14:38:00.944+0000] {logging_mixin.py:188} INFO - [2025-06-13T14:38:00.944+0000] {dag.py:3096} INFO - Sync 1 DAGs
[2025-06-13T14:38:00.954+0000] {logging_mixin.py:188} INFO - [2025-06-13T14:38:00.954+0000] {dag.py:3954} INFO - Setting next_dagrun for example_short_circuit_operator to 2025-06-12 00:00:00+00:00, run_after=2025-06-13 00:00:00+00:00
[2025-06-13T14:38:00.964+0000] {processor.py:183} INFO - Processing /home/airflow/.local/lib/python3.10/site-packages/airflow/example_dags/example_short_circuit_operator.py took 0.039 seconds
[2025-06-13T14:38:31.644+0000] {processor.py:161} INFO - Started process (PID=672) to work on /home/airflow/.local/lib/python3.10/site-packages/airflow/example_dags/example_short_circuit_operator.py
[2025-06-13T14:38:31.645+0000] {processor.py:830} INFO - Processing file /home/airflow/.local/lib/python3.10/site-packages/airflow/example_dags/example_short_circuit_operator.py for tasks to queue
[2025-06-13T14:38:31.647+0000] {logging_mixin.py:188} INFO - [2025-06-13T14:38:31.647+0000] {dagbag.py:540} INFO - Filling up the DagBag from /home/airflow/.local/lib/python3.10/site-packages/airflow/example_dags/example_short_circuit_operator.py
[2025-06-13T14:38:31.651+0000] {processor.py:840} INFO - DAG(s) 'example_short_circuit_operator' retrieved from /home/airflow/.local/lib/python3.10/site-packages/airflow/example_dags/example_short_circuit_operator.py
[2025-06-13T14:38:31.667+0000] {logging_mixin.py:188} INFO - [2025-06-13T14:38:31.667+0000] {dag.py:3096} INFO - Sync 1 DAGs
[2025-06-13T14:38:31.681+0000] {logging_mixin.py:188} INFO - [2025-06-13T14:38:31.681+0000] {dag.py:3954} INFO - Setting next_dagrun for example_short_circuit_operator to 2025-06-12 00:00:00+00:00, run_after=2025-06-13 00:00:00+00:00
[2025-06-13T14:38:31.692+0000] {processor.py:183} INFO - Processing /home/airflow/.local/lib/python3.10/site-packages/airflow/example_dags/example_short_circuit_operator.py took 0.051 seconds
[2025-06-13T14:39:02.384+0000] {processor.py:161} INFO - Started process (PID=732) to work on /home/airflow/.local/lib/python3.10/site-packages/airflow/example_dags/example_short_circuit_operator.py
[2025-06-13T14:39:02.386+0000] {processor.py:830} INFO - Processing file /home/airflow/.local/lib/python3.10/site-packages/airflow/example_dags/example_short_circuit_operator.py for tasks to queue
[2025-06-13T14:39:02.387+0000] {logging_mixin.py:188} INFO - [2025-06-13T14:39:02.386+0000] {dagbag.py:540} INFO - Filling up the DagBag from /home/airflow/.local/lib/python3.10/site-packages/airflow/example_dags/example_short_circuit_operator.py
[2025-06-13T14:39:02.391+0000] {processor.py:840} INFO - DAG(s) 'example_short_circuit_operator' retrieved from /home/airflow/.local/lib/python3.10/site-packages/airflow/example_dags/example_short_circuit_operator.py
[2025-06-13T14:39:02.405+0000] {logging_mixin.py:188} INFO - [2025-06-13T14:39:02.405+0000] {dag.py:3096} INFO - Sync 1 DAGs
[2025-06-13T14:39:02.416+0000] {logging_mixin.py:188} INFO - [2025-06-13T14:39:02.416+0000] {dag.py:3954} INFO - Setting next_dagrun for example_short_circuit_operator to 2025-06-12 00:00:00+00:00, run_after=2025-06-13 00:00:00+00:00
[2025-06-13T14:39:02.424+0000] {processor.py:183} INFO - Processing /home/airflow/.local/lib/python3.10/site-packages/airflow/example_dags/example_short_circuit_operator.py took 0.043 seconds
[2025-06-13T14:39:33.453+0000] {processor.py:161} INFO - Started process (PID=792) to work on /home/airflow/.local/lib/python3.10/site-packages/airflow/example_dags/example_short_circuit_operator.py
[2025-06-13T14:39:33.454+0000] {processor.py:830} INFO - Processing file /home/airflow/.local/lib/python3.10/site-packages/airflow/example_dags/example_short_circuit_operator.py for tasks to queue
[2025-06-13T14:39:33.455+0000] {logging_mixin.py:188} INFO - [2025-06-13T14:39:33.455+0000] {dagbag.py:540} INFO - Filling up the DagBag from /home/airflow/.local/lib/python3.10/site-packages/airflow/example_dags/example_short_circuit_operator.py
[2025-06-13T14:39:33.459+0000] {processor.py:840} INFO - DAG(s) 'example_short_circuit_operator' retrieved from /home/airflow/.local/lib/python3.10/site-packages/airflow/example_dags/example_short_circuit_operator.py
[2025-06-13T14:39:33.473+0000] {logging_mixin.py:188} INFO - [2025-06-13T14:39:33.473+0000] {dag.py:3096} INFO - Sync 1 DAGs
[2025-06-13T14:39:33.485+0000] {logging_mixin.py:188} INFO - [2025-06-13T14:39:33.485+0000] {dag.py:3954} INFO - Setting next_dagrun for example_short_circuit_operator to 2025-06-12 00:00:00+00:00, run_after=2025-06-13 00:00:00+00:00
[2025-06-13T14:39:33.503+0000] {processor.py:183} INFO - Processing /home/airflow/.local/lib/python3.10/site-packages/airflow/example_dags/example_short_circuit_operator.py took 0.053 seconds
[2025-06-13T14:40:03.818+0000] {processor.py:161} INFO - Started process (PID=852) to work on /home/airflow/.local/lib/python3.10/site-packages/airflow/example_dags/example_short_circuit_operator.py
[2025-06-13T14:40:03.820+0000] {processor.py:830} INFO - Processing file /home/airflow/.local/lib/python3.10/site-packages/airflow/example_dags/example_short_circuit_operator.py for tasks to queue
[2025-06-13T14:40:03.821+0000] {logging_mixin.py:188} INFO - [2025-06-13T14:40:03.821+0000] {dagbag.py:540} INFO - Filling up the DagBag from /home/airflow/.local/lib/python3.10/site-packages/airflow/example_dags/example_short_circuit_operator.py
[2025-06-13T14:40:03.826+0000] {processor.py:840} INFO - DAG(s) 'example_short_circuit_operator' retrieved from /home/airflow/.local/lib/python3.10/site-packages/airflow/example_dags/example_short_circuit_operator.py
[2025-06-13T14:40:03.844+0000] {logging_mixin.py:188} INFO - [2025-06-13T14:40:03.844+0000] {dag.py:3096} INFO - Sync 1 DAGs
[2025-06-13T14:40:03.855+0000] {logging_mixin.py:188} INFO - [2025-06-13T14:40:03.855+0000] {dag.py:3954} INFO - Setting next_dagrun for example_short_circuit_operator to 2025-06-12 00:00:00+00:00, run_after=2025-06-13 00:00:00+00:00
[2025-06-13T14:40:03.865+0000] {processor.py:183} INFO - Processing /home/airflow/.local/lib/python3.10/site-packages/airflow/example_dags/example_short_circuit_operator.py took 0.051 seconds
[2025-06-13T14:40:34.964+0000] {processor.py:161} INFO - Started process (PID=912) to work on /home/airflow/.local/lib/python3.10/site-packages/airflow/example_dags/example_short_circuit_operator.py
[2025-06-13T14:40:34.965+0000] {processor.py:830} INFO - Processing file /home/airflow/.local/lib/python3.10/site-packages/airflow/example_dags/example_short_circuit_operator.py for tasks to queue
[2025-06-13T14:40:34.966+0000] {logging_mixin.py:188} INFO - [2025-06-13T14:40:34.966+0000] {dagbag.py:540} INFO - Filling up the DagBag from /home/airflow/.local/lib/python3.10/site-packages/airflow/example_dags/example_short_circuit_operator.py
[2025-06-13T14:40:34.970+0000] {processor.py:840} INFO - DAG(s) 'example_short_circuit_operator' retrieved from /home/airflow/.local/lib/python3.10/site-packages/airflow/example_dags/example_short_circuit_operator.py
[2025-06-13T14:40:34.985+0000] {logging_mixin.py:188} INFO - [2025-06-13T14:40:34.984+0000] {dag.py:3096} INFO - Sync 1 DAGs
[2025-06-13T14:40:34.999+0000] {logging_mixin.py:188} INFO - [2025-06-13T14:40:34.998+0000] {dag.py:3954} INFO - Setting next_dagrun for example_short_circuit_operator to 2025-06-12 00:00:00+00:00, run_after=2025-06-13 00:00:00+00:00
[2025-06-13T14:40:35.091+0000] {processor.py:183} INFO - Processing /home/airflow/.local/lib/python3.10/site-packages/airflow/example_dags/example_short_circuit_operator.py took 0.131 seconds
[2025-06-13T14:41:05.427+0000] {processor.py:161} INFO - Started process (PID=972) to work on /home/airflow/.local/lib/python3.10/site-packages/airflow/example_dags/example_short_circuit_operator.py
[2025-06-13T14:41:05.428+0000] {processor.py:830} INFO - Processing file /home/airflow/.local/lib/python3.10/site-packages/airflow/example_dags/example_short_circuit_operator.py for tasks to queue
[2025-06-13T14:41:05.429+0000] {logging_mixin.py:188} INFO - [2025-06-13T14:41:05.429+0000] {dagbag.py:540} INFO - Filling up the DagBag from /home/airflow/.local/lib/python3.10/site-packages/airflow/example_dags/example_short_circuit_operator.py
[2025-06-13T14:41:05.436+0000] {processor.py:840} INFO - DAG(s) 'example_short_circuit_operator' retrieved from /home/airflow/.local/lib/python3.10/site-packages/airflow/example_dags/example_short_circuit_operator.py
[2025-06-13T14:41:05.450+0000] {logging_mixin.py:188} INFO - [2025-06-13T14:41:05.450+0000] {dag.py:3096} INFO - Sync 1 DAGs
[2025-06-13T14:41:05.461+0000] {logging_mixin.py:188} INFO - [2025-06-13T14:41:05.461+0000] {dag.py:3954} INFO - Setting next_dagrun for example_short_circuit_operator to 2025-06-12 00:00:00+00:00, run_after=2025-06-13 00:00:00+00:00
[2025-06-13T14:41:05.470+0000] {processor.py:183} INFO - Processing /home/airflow/.local/lib/python3.10/site-packages/airflow/example_dags/example_short_circuit_operator.py took 0.047 seconds
[2025-06-13T14:41:35.873+0000] {processor.py:161} INFO - Started process (PID=1032) to work on /home/airflow/.local/lib/python3.10/site-packages/airflow/example_dags/example_short_circuit_operator.py
[2025-06-13T14:41:35.874+0000] {processor.py:830} INFO - Processing file /home/airflow/.local/lib/python3.10/site-packages/airflow/example_dags/example_short_circuit_operator.py for tasks to queue
[2025-06-13T14:41:35.876+0000] {logging_mixin.py:188} INFO - [2025-06-13T14:41:35.876+0000] {dagbag.py:540} INFO - Filling up the DagBag from /home/airflow/.local/lib/python3.10/site-packages/airflow/example_dags/example_short_circuit_operator.py
[2025-06-13T14:41:35.880+0000] {processor.py:840} INFO - DAG(s) 'example_short_circuit_operator' retrieved from /home/airflow/.local/lib/python3.10/site-packages/airflow/example_dags/example_short_circuit_operator.py
[2025-06-13T14:41:35.896+0000] {logging_mixin.py:188} INFO - [2025-06-13T14:41:35.896+0000] {dag.py:3096} INFO - Sync 1 DAGs
[2025-06-13T14:41:35.907+0000] {logging_mixin.py:188} INFO - [2025-06-13T14:41:35.907+0000] {dag.py:3954} INFO - Setting next_dagrun for example_short_circuit_operator to 2025-06-12 00:00:00+00:00, run_after=2025-06-13 00:00:00+00:00
[2025-06-13T14:41:35.916+0000] {processor.py:183} INFO - Processing /home/airflow/.local/lib/python3.10/site-packages/airflow/example_dags/example_short_circuit_operator.py took 0.047 seconds
[2025-06-13T14:42:06.216+0000] {processor.py:161} INFO - Started process (PID=1092) to work on /home/airflow/.local/lib/python3.10/site-packages/airflow/example_dags/example_short_circuit_operator.py
[2025-06-13T14:42:06.217+0000] {processor.py:830} INFO - Processing file /home/airflow/.local/lib/python3.10/site-packages/airflow/example_dags/example_short_circuit_operator.py for tasks to queue
[2025-06-13T14:42:06.221+0000] {logging_mixin.py:188} INFO - [2025-06-13T14:42:06.220+0000] {dagbag.py:540} INFO - Filling up the DagBag from /home/airflow/.local/lib/python3.10/site-packages/airflow/example_dags/example_short_circuit_operator.py
[2025-06-13T14:42:06.227+0000] {processor.py:840} INFO - DAG(s) 'example_short_circuit_operator' retrieved from /home/airflow/.local/lib/python3.10/site-packages/airflow/example_dags/example_short_circuit_operator.py
[2025-06-13T14:42:06.243+0000] {logging_mixin.py:188} INFO - [2025-06-13T14:42:06.243+0000] {dag.py:3096} INFO - Sync 1 DAGs
[2025-06-13T14:42:06.256+0000] {logging_mixin.py:188} INFO - [2025-06-13T14:42:06.256+0000] {dag.py:3954} INFO - Setting next_dagrun for example_short_circuit_operator to 2025-06-12 00:00:00+00:00, run_after=2025-06-13 00:00:00+00:00
[2025-06-13T14:42:06.265+0000] {processor.py:183} INFO - Processing /home/airflow/.local/lib/python3.10/site-packages/airflow/example_dags/example_short_circuit_operator.py took 0.054 seconds
[2025-06-13T14:42:37.570+0000] {processor.py:161} INFO - Started process (PID=1152) to work on /home/airflow/.local/lib/python3.10/site-packages/airflow/example_dags/example_short_circuit_operator.py
[2025-06-13T14:42:37.571+0000] {processor.py:830} INFO - Processing file /home/airflow/.local/lib/python3.10/site-packages/airflow/example_dags/example_short_circuit_operator.py for tasks to queue
[2025-06-13T14:42:37.573+0000] {logging_mixin.py:188} INFO - [2025-06-13T14:42:37.573+0000] {dagbag.py:540} INFO - Filling up the DagBag from /home/airflow/.local/lib/python3.10/site-packages/airflow/example_dags/example_short_circuit_operator.py
[2025-06-13T14:42:37.578+0000] {processor.py:840} INFO - DAG(s) 'example_short_circuit_operator' retrieved from /home/airflow/.local/lib/python3.10/site-packages/airflow/example_dags/example_short_circuit_operator.py
[2025-06-13T14:42:37.591+0000] {logging_mixin.py:188} INFO - [2025-06-13T14:42:37.591+0000] {dag.py:3096} INFO - Sync 1 DAGs
[2025-06-13T14:42:37.603+0000] {logging_mixin.py:188} INFO - [2025-06-13T14:42:37.603+0000] {dag.py:3954} INFO - Setting next_dagrun for example_short_circuit_operator to 2025-06-12 00:00:00+00:00, run_after=2025-06-13 00:00:00+00:00
[2025-06-13T14:42:37.618+0000] {processor.py:183} INFO - Processing /home/airflow/.local/lib/python3.10/site-packages/airflow/example_dags/example_short_circuit_operator.py took 0.052 seconds
[2025-06-13T14:43:08.209+0000] {processor.py:161} INFO - Started process (PID=1212) to work on /home/airflow/.local/lib/python3.10/site-packages/airflow/example_dags/example_short_circuit_operator.py
[2025-06-13T14:43:08.210+0000] {processor.py:830} INFO - Processing file /home/airflow/.local/lib/python3.10/site-packages/airflow/example_dags/example_short_circuit_operator.py for tasks to queue
[2025-06-13T14:43:08.211+0000] {logging_mixin.py:188} INFO - [2025-06-13T14:43:08.211+0000] {dagbag.py:540} INFO - Filling up the DagBag from /home/airflow/.local/lib/python3.10/site-packages/airflow/example_dags/example_short_circuit_operator.py
[2025-06-13T14:43:08.215+0000] {processor.py:840} INFO - DAG(s) 'example_short_circuit_operator' retrieved from /home/airflow/.local/lib/python3.10/site-packages/airflow/example_dags/example_short_circuit_operator.py
[2025-06-13T14:43:08.228+0000] {logging_mixin.py:188} INFO - [2025-06-13T14:43:08.228+0000] {dag.py:3096} INFO - Sync 1 DAGs
[2025-06-13T14:43:08.241+0000] {logging_mixin.py:188} INFO - [2025-06-13T14:43:08.241+0000] {dag.py:3954} INFO - Setting next_dagrun for example_short_circuit_operator to 2025-06-12 00:00:00+00:00, run_after=2025-06-13 00:00:00+00:00
[2025-06-13T14:43:08.259+0000] {processor.py:183} INFO - Processing /home/airflow/.local/lib/python3.10/site-packages/airflow/example_dags/example_short_circuit_operator.py took 0.053 seconds
[2025-06-13T14:44:43.720+0000] {processor.py:161} INFO - Started process (PID=103) to work on /home/airflow/.local/lib/python3.10/site-packages/airflow/example_dags/example_short_circuit_operator.py
[2025-06-13T14:44:43.723+0000] {processor.py:830} INFO - Processing file /home/airflow/.local/lib/python3.10/site-packages/airflow/example_dags/example_short_circuit_operator.py for tasks to queue
[2025-06-13T14:44:43.725+0000] {logging_mixin.py:188} INFO - [2025-06-13T14:44:43.724+0000] {dagbag.py:540} INFO - Filling up the DagBag from /home/airflow/.local/lib/python3.10/site-packages/airflow/example_dags/example_short_circuit_operator.py
[2025-06-13T14:44:43.730+0000] {processor.py:840} INFO - DAG(s) 'example_short_circuit_operator' retrieved from /home/airflow/.local/lib/python3.10/site-packages/airflow/example_dags/example_short_circuit_operator.py
[2025-06-13T14:44:43.737+0000] {logging_mixin.py:188} INFO - [2025-06-13T14:44:43.737+0000] {dag.py:3096} INFO - Sync 1 DAGs
[2025-06-13T14:44:43.750+0000] {logging_mixin.py:188} INFO - [2025-06-13T14:44:43.750+0000] {dag.py:3954} INFO - Setting next_dagrun for example_short_circuit_operator to 2025-06-12 00:00:00+00:00, run_after=2025-06-13 00:00:00+00:00
[2025-06-13T14:44:43.763+0000] {processor.py:183} INFO - Processing /home/airflow/.local/lib/python3.10/site-packages/airflow/example_dags/example_short_circuit_operator.py took 0.047 seconds
[2025-06-13T14:45:17.386+0000] {processor.py:161} INFO - Started process (PID=173) to work on /home/airflow/.local/lib/python3.10/site-packages/airflow/example_dags/example_short_circuit_operator.py
[2025-06-13T14:45:17.386+0000] {processor.py:830} INFO - Processing file /home/airflow/.local/lib/python3.10/site-packages/airflow/example_dags/example_short_circuit_operator.py for tasks to queue
[2025-06-13T14:45:17.388+0000] {logging_mixin.py:188} INFO - [2025-06-13T14:45:17.387+0000] {dagbag.py:540} INFO - Filling up the DagBag from /home/airflow/.local/lib/python3.10/site-packages/airflow/example_dags/example_short_circuit_operator.py
[2025-06-13T14:45:17.396+0000] {processor.py:840} INFO - DAG(s) 'example_short_circuit_operator' retrieved from /home/airflow/.local/lib/python3.10/site-packages/airflow/example_dags/example_short_circuit_operator.py
[2025-06-13T14:45:17.485+0000] {logging_mixin.py:188} INFO - [2025-06-13T14:45:17.484+0000] {dag.py:3096} INFO - Sync 1 DAGs
[2025-06-13T14:45:17.520+0000] {logging_mixin.py:188} INFO - [2025-06-13T14:45:17.520+0000] {dag.py:3954} INFO - Setting next_dagrun for example_short_circuit_operator to 2025-06-12 00:00:00+00:00, run_after=2025-06-13 00:00:00+00:00
[2025-06-13T14:45:17.566+0000] {processor.py:183} INFO - Processing /home/airflow/.local/lib/python3.10/site-packages/airflow/example_dags/example_short_circuit_operator.py took 0.185 seconds
[2025-06-13T14:45:47.799+0000] {processor.py:161} INFO - Started process (PID=241) to work on /home/airflow/.local/lib/python3.10/site-packages/airflow/example_dags/example_short_circuit_operator.py
[2025-06-13T14:45:47.800+0000] {processor.py:830} INFO - Processing file /home/airflow/.local/lib/python3.10/site-packages/airflow/example_dags/example_short_circuit_operator.py for tasks to queue
[2025-06-13T14:45:47.801+0000] {logging_mixin.py:188} INFO - [2025-06-13T14:45:47.800+0000] {dagbag.py:540} INFO - Filling up the DagBag from /home/airflow/.local/lib/python3.10/site-packages/airflow/example_dags/example_short_circuit_operator.py
[2025-06-13T14:45:47.804+0000] {processor.py:840} INFO - DAG(s) 'example_short_circuit_operator' retrieved from /home/airflow/.local/lib/python3.10/site-packages/airflow/example_dags/example_short_circuit_operator.py
[2025-06-13T14:45:47.815+0000] {logging_mixin.py:188} INFO - [2025-06-13T14:45:47.815+0000] {dag.py:3096} INFO - Sync 1 DAGs
[2025-06-13T14:45:47.825+0000] {logging_mixin.py:188} INFO - [2025-06-13T14:45:47.824+0000] {dag.py:3954} INFO - Setting next_dagrun for example_short_circuit_operator to 2025-06-12 00:00:00+00:00, run_after=2025-06-13 00:00:00+00:00
[2025-06-13T14:45:47.832+0000] {processor.py:183} INFO - Processing /home/airflow/.local/lib/python3.10/site-packages/airflow/example_dags/example_short_circuit_operator.py took 0.039 seconds
[2025-06-13T14:46:18.440+0000] {processor.py:161} INFO - Started process (PID=301) to work on /home/airflow/.local/lib/python3.10/site-packages/airflow/example_dags/example_short_circuit_operator.py
[2025-06-13T14:46:18.441+0000] {processor.py:830} INFO - Processing file /home/airflow/.local/lib/python3.10/site-packages/airflow/example_dags/example_short_circuit_operator.py for tasks to queue
[2025-06-13T14:46:18.442+0000] {logging_mixin.py:188} INFO - [2025-06-13T14:46:18.442+0000] {dagbag.py:540} INFO - Filling up the DagBag from /home/airflow/.local/lib/python3.10/site-packages/airflow/example_dags/example_short_circuit_operator.py
[2025-06-13T14:46:18.447+0000] {processor.py:840} INFO - DAG(s) 'example_short_circuit_operator' retrieved from /home/airflow/.local/lib/python3.10/site-packages/airflow/example_dags/example_short_circuit_operator.py
[2025-06-13T14:46:18.464+0000] {logging_mixin.py:188} INFO - [2025-06-13T14:46:18.464+0000] {dag.py:3096} INFO - Sync 1 DAGs
[2025-06-13T14:46:18.477+0000] {logging_mixin.py:188} INFO - [2025-06-13T14:46:18.477+0000] {dag.py:3954} INFO - Setting next_dagrun for example_short_circuit_operator to 2025-06-12 00:00:00+00:00, run_after=2025-06-13 00:00:00+00:00
[2025-06-13T14:46:18.489+0000] {processor.py:183} INFO - Processing /home/airflow/.local/lib/python3.10/site-packages/airflow/example_dags/example_short_circuit_operator.py took 0.052 seconds
[2025-06-13T14:46:49.277+0000] {processor.py:161} INFO - Started process (PID=361) to work on /home/airflow/.local/lib/python3.10/site-packages/airflow/example_dags/example_short_circuit_operator.py
[2025-06-13T14:46:49.278+0000] {processor.py:830} INFO - Processing file /home/airflow/.local/lib/python3.10/site-packages/airflow/example_dags/example_short_circuit_operator.py for tasks to queue
[2025-06-13T14:46:49.279+0000] {logging_mixin.py:188} INFO - [2025-06-13T14:46:49.279+0000] {dagbag.py:540} INFO - Filling up the DagBag from /home/airflow/.local/lib/python3.10/site-packages/airflow/example_dags/example_short_circuit_operator.py
[2025-06-13T14:46:49.283+0000] {processor.py:840} INFO - DAG(s) 'example_short_circuit_operator' retrieved from /home/airflow/.local/lib/python3.10/site-packages/airflow/example_dags/example_short_circuit_operator.py
[2025-06-13T14:46:49.300+0000] {logging_mixin.py:188} INFO - [2025-06-13T14:46:49.299+0000] {dag.py:3096} INFO - Sync 1 DAGs
[2025-06-13T14:46:49.313+0000] {logging_mixin.py:188} INFO - [2025-06-13T14:46:49.313+0000] {dag.py:3954} INFO - Setting next_dagrun for example_short_circuit_operator to 2025-06-12 00:00:00+00:00, run_after=2025-06-13 00:00:00+00:00
[2025-06-13T14:46:49.327+0000] {processor.py:183} INFO - Processing /home/airflow/.local/lib/python3.10/site-packages/airflow/example_dags/example_short_circuit_operator.py took 0.054 seconds
[2025-06-13T14:47:19.713+0000] {processor.py:161} INFO - Started process (PID=421) to work on /home/airflow/.local/lib/python3.10/site-packages/airflow/example_dags/example_short_circuit_operator.py
[2025-06-13T14:47:19.714+0000] {processor.py:830} INFO - Processing file /home/airflow/.local/lib/python3.10/site-packages/airflow/example_dags/example_short_circuit_operator.py for tasks to queue
[2025-06-13T14:47:19.716+0000] {logging_mixin.py:188} INFO - [2025-06-13T14:47:19.715+0000] {dagbag.py:540} INFO - Filling up the DagBag from /home/airflow/.local/lib/python3.10/site-packages/airflow/example_dags/example_short_circuit_operator.py
[2025-06-13T14:47:19.720+0000] {processor.py:840} INFO - DAG(s) 'example_short_circuit_operator' retrieved from /home/airflow/.local/lib/python3.10/site-packages/airflow/example_dags/example_short_circuit_operator.py
[2025-06-13T14:47:19.737+0000] {logging_mixin.py:188} INFO - [2025-06-13T14:47:19.736+0000] {dag.py:3096} INFO - Sync 1 DAGs
[2025-06-13T14:47:19.750+0000] {logging_mixin.py:188} INFO - [2025-06-13T14:47:19.749+0000] {dag.py:3954} INFO - Setting next_dagrun for example_short_circuit_operator to 2025-06-12 00:00:00+00:00, run_after=2025-06-13 00:00:00+00:00
[2025-06-13T14:47:19.764+0000] {processor.py:183} INFO - Processing /home/airflow/.local/lib/python3.10/site-packages/airflow/example_dags/example_short_circuit_operator.py took 0.054 seconds
[2025-06-13T14:47:49.924+0000] {processor.py:161} INFO - Started process (PID=481) to work on /home/airflow/.local/lib/python3.10/site-packages/airflow/example_dags/example_short_circuit_operator.py
[2025-06-13T14:47:49.926+0000] {processor.py:830} INFO - Processing file /home/airflow/.local/lib/python3.10/site-packages/airflow/example_dags/example_short_circuit_operator.py for tasks to queue
[2025-06-13T14:47:49.929+0000] {logging_mixin.py:188} INFO - [2025-06-13T14:47:49.928+0000] {dagbag.py:540} INFO - Filling up the DagBag from /home/airflow/.local/lib/python3.10/site-packages/airflow/example_dags/example_short_circuit_operator.py
[2025-06-13T14:47:49.932+0000] {processor.py:840} INFO - DAG(s) 'example_short_circuit_operator' retrieved from /home/airflow/.local/lib/python3.10/site-packages/airflow/example_dags/example_short_circuit_operator.py
[2025-06-13T14:47:49.952+0000] {logging_mixin.py:188} INFO - [2025-06-13T14:47:49.952+0000] {dag.py:3096} INFO - Sync 1 DAGs
[2025-06-13T14:47:49.969+0000] {logging_mixin.py:188} INFO - [2025-06-13T14:47:49.968+0000] {dag.py:3954} INFO - Setting next_dagrun for example_short_circuit_operator to 2025-06-12 00:00:00+00:00, run_after=2025-06-13 00:00:00+00:00
[2025-06-13T14:47:49.978+0000] {processor.py:183} INFO - Processing /home/airflow/.local/lib/python3.10/site-packages/airflow/example_dags/example_short_circuit_operator.py took 0.059 seconds
[2025-06-13T14:48:20.802+0000] {processor.py:161} INFO - Started process (PID=541) to work on /home/airflow/.local/lib/python3.10/site-packages/airflow/example_dags/example_short_circuit_operator.py
[2025-06-13T14:48:20.804+0000] {processor.py:830} INFO - Processing file /home/airflow/.local/lib/python3.10/site-packages/airflow/example_dags/example_short_circuit_operator.py for tasks to queue
[2025-06-13T14:48:20.805+0000] {logging_mixin.py:188} INFO - [2025-06-13T14:48:20.805+0000] {dagbag.py:540} INFO - Filling up the DagBag from /home/airflow/.local/lib/python3.10/site-packages/airflow/example_dags/example_short_circuit_operator.py
[2025-06-13T14:48:20.809+0000] {processor.py:840} INFO - DAG(s) 'example_short_circuit_operator' retrieved from /home/airflow/.local/lib/python3.10/site-packages/airflow/example_dags/example_short_circuit_operator.py
[2025-06-13T14:48:20.821+0000] {logging_mixin.py:188} INFO - [2025-06-13T14:48:20.821+0000] {dag.py:3096} INFO - Sync 1 DAGs
[2025-06-13T14:48:20.836+0000] {logging_mixin.py:188} INFO - [2025-06-13T14:48:20.835+0000] {dag.py:3954} INFO - Setting next_dagrun for example_short_circuit_operator to 2025-06-12 00:00:00+00:00, run_after=2025-06-13 00:00:00+00:00
[2025-06-13T14:48:20.854+0000] {processor.py:183} INFO - Processing /home/airflow/.local/lib/python3.10/site-packages/airflow/example_dags/example_short_circuit_operator.py took 0.055 seconds
[2025-06-13T14:48:51.409+0000] {processor.py:161} INFO - Started process (PID=601) to work on /home/airflow/.local/lib/python3.10/site-packages/airflow/example_dags/example_short_circuit_operator.py
[2025-06-13T14:48:51.410+0000] {processor.py:830} INFO - Processing file /home/airflow/.local/lib/python3.10/site-packages/airflow/example_dags/example_short_circuit_operator.py for tasks to queue
[2025-06-13T14:48:51.412+0000] {logging_mixin.py:188} INFO - [2025-06-13T14:48:51.412+0000] {dagbag.py:540} INFO - Filling up the DagBag from /home/airflow/.local/lib/python3.10/site-packages/airflow/example_dags/example_short_circuit_operator.py
[2025-06-13T14:48:51.416+0000] {processor.py:840} INFO - DAG(s) 'example_short_circuit_operator' retrieved from /home/airflow/.local/lib/python3.10/site-packages/airflow/example_dags/example_short_circuit_operator.py
[2025-06-13T14:48:51.442+0000] {logging_mixin.py:188} INFO - [2025-06-13T14:48:51.442+0000] {dag.py:3096} INFO - Sync 1 DAGs
[2025-06-13T14:48:51.460+0000] {logging_mixin.py:188} INFO - [2025-06-13T14:48:51.459+0000] {dag.py:3954} INFO - Setting next_dagrun for example_short_circuit_operator to 2025-06-12 00:00:00+00:00, run_after=2025-06-13 00:00:00+00:00
[2025-06-13T14:48:51.480+0000] {processor.py:183} INFO - Processing /home/airflow/.local/lib/python3.10/site-packages/airflow/example_dags/example_short_circuit_operator.py took 0.076 seconds
[2025-06-13T14:49:21.747+0000] {processor.py:161} INFO - Started process (PID=661) to work on /home/airflow/.local/lib/python3.10/site-packages/airflow/example_dags/example_short_circuit_operator.py
[2025-06-13T14:49:21.748+0000] {processor.py:830} INFO - Processing file /home/airflow/.local/lib/python3.10/site-packages/airflow/example_dags/example_short_circuit_operator.py for tasks to queue
[2025-06-13T14:49:21.749+0000] {logging_mixin.py:188} INFO - [2025-06-13T14:49:21.749+0000] {dagbag.py:540} INFO - Filling up the DagBag from /home/airflow/.local/lib/python3.10/site-packages/airflow/example_dags/example_short_circuit_operator.py
[2025-06-13T14:49:21.755+0000] {processor.py:840} INFO - DAG(s) 'example_short_circuit_operator' retrieved from /home/airflow/.local/lib/python3.10/site-packages/airflow/example_dags/example_short_circuit_operator.py
[2025-06-13T14:49:21.771+0000] {logging_mixin.py:188} INFO - [2025-06-13T14:49:21.771+0000] {dag.py:3096} INFO - Sync 1 DAGs
[2025-06-13T14:49:21.783+0000] {logging_mixin.py:188} INFO - [2025-06-13T14:49:21.783+0000] {dag.py:3954} INFO - Setting next_dagrun for example_short_circuit_operator to 2025-06-12 00:00:00+00:00, run_after=2025-06-13 00:00:00+00:00
[2025-06-13T14:49:21.796+0000] {processor.py:183} INFO - Processing /home/airflow/.local/lib/python3.10/site-packages/airflow/example_dags/example_short_circuit_operator.py took 0.053 seconds
[2025-06-13T14:49:51.987+0000] {processor.py:161} INFO - Started process (PID=721) to work on /home/airflow/.local/lib/python3.10/site-packages/airflow/example_dags/example_short_circuit_operator.py
[2025-06-13T14:49:51.988+0000] {processor.py:830} INFO - Processing file /home/airflow/.local/lib/python3.10/site-packages/airflow/example_dags/example_short_circuit_operator.py for tasks to queue
[2025-06-13T14:49:51.989+0000] {logging_mixin.py:188} INFO - [2025-06-13T14:49:51.989+0000] {dagbag.py:540} INFO - Filling up the DagBag from /home/airflow/.local/lib/python3.10/site-packages/airflow/example_dags/example_short_circuit_operator.py
[2025-06-13T14:49:51.993+0000] {processor.py:840} INFO - DAG(s) 'example_short_circuit_operator' retrieved from /home/airflow/.local/lib/python3.10/site-packages/airflow/example_dags/example_short_circuit_operator.py
[2025-06-13T14:49:52.008+0000] {logging_mixin.py:188} INFO - [2025-06-13T14:49:52.008+0000] {dag.py:3096} INFO - Sync 1 DAGs
[2025-06-13T14:49:52.018+0000] {logging_mixin.py:188} INFO - [2025-06-13T14:49:52.018+0000] {dag.py:3954} INFO - Setting next_dagrun for example_short_circuit_operator to 2025-06-12 00:00:00+00:00, run_after=2025-06-13 00:00:00+00:00
[2025-06-13T14:49:52.035+0000] {processor.py:183} INFO - Processing /home/airflow/.local/lib/python3.10/site-packages/airflow/example_dags/example_short_circuit_operator.py took 0.052 seconds
[2025-06-13T14:50:22.487+0000] {processor.py:161} INFO - Started process (PID=781) to work on /home/airflow/.local/lib/python3.10/site-packages/airflow/example_dags/example_short_circuit_operator.py
[2025-06-13T14:50:22.488+0000] {processor.py:830} INFO - Processing file /home/airflow/.local/lib/python3.10/site-packages/airflow/example_dags/example_short_circuit_operator.py for tasks to queue
[2025-06-13T14:50:22.489+0000] {logging_mixin.py:188} INFO - [2025-06-13T14:50:22.489+0000] {dagbag.py:540} INFO - Filling up the DagBag from /home/airflow/.local/lib/python3.10/site-packages/airflow/example_dags/example_short_circuit_operator.py
[2025-06-13T14:50:22.493+0000] {processor.py:840} INFO - DAG(s) 'example_short_circuit_operator' retrieved from /home/airflow/.local/lib/python3.10/site-packages/airflow/example_dags/example_short_circuit_operator.py
[2025-06-13T14:50:22.508+0000] {logging_mixin.py:188} INFO - [2025-06-13T14:50:22.507+0000] {dag.py:3096} INFO - Sync 1 DAGs
[2025-06-13T14:50:22.519+0000] {logging_mixin.py:188} INFO - [2025-06-13T14:50:22.519+0000] {dag.py:3954} INFO - Setting next_dagrun for example_short_circuit_operator to 2025-06-12 00:00:00+00:00, run_after=2025-06-13 00:00:00+00:00
[2025-06-13T14:50:22.537+0000] {processor.py:183} INFO - Processing /home/airflow/.local/lib/python3.10/site-packages/airflow/example_dags/example_short_circuit_operator.py took 0.054 seconds
[2025-06-13T14:50:53.220+0000] {processor.py:161} INFO - Started process (PID=841) to work on /home/airflow/.local/lib/python3.10/site-packages/airflow/example_dags/example_short_circuit_operator.py
[2025-06-13T14:50:53.223+0000] {processor.py:830} INFO - Processing file /home/airflow/.local/lib/python3.10/site-packages/airflow/example_dags/example_short_circuit_operator.py for tasks to queue
[2025-06-13T14:50:53.224+0000] {logging_mixin.py:188} INFO - [2025-06-13T14:50:53.224+0000] {dagbag.py:540} INFO - Filling up the DagBag from /home/airflow/.local/lib/python3.10/site-packages/airflow/example_dags/example_short_circuit_operator.py
[2025-06-13T14:50:53.230+0000] {processor.py:840} INFO - DAG(s) 'example_short_circuit_operator' retrieved from /home/airflow/.local/lib/python3.10/site-packages/airflow/example_dags/example_short_circuit_operator.py
[2025-06-13T14:50:53.250+0000] {logging_mixin.py:188} INFO - [2025-06-13T14:50:53.250+0000] {dag.py:3096} INFO - Sync 1 DAGs
[2025-06-13T14:50:53.272+0000] {logging_mixin.py:188} INFO - [2025-06-13T14:50:53.272+0000] {dag.py:3954} INFO - Setting next_dagrun for example_short_circuit_operator to 2025-06-12 00:00:00+00:00, run_after=2025-06-13 00:00:00+00:00
[2025-06-13T14:50:53.290+0000] {processor.py:183} INFO - Processing /home/airflow/.local/lib/python3.10/site-packages/airflow/example_dags/example_short_circuit_operator.py took 0.077 seconds
[2025-06-13T14:51:23.918+0000] {processor.py:161} INFO - Started process (PID=901) to work on /home/airflow/.local/lib/python3.10/site-packages/airflow/example_dags/example_short_circuit_operator.py
[2025-06-13T14:51:23.922+0000] {processor.py:830} INFO - Processing file /home/airflow/.local/lib/python3.10/site-packages/airflow/example_dags/example_short_circuit_operator.py for tasks to queue
[2025-06-13T14:51:23.923+0000] {logging_mixin.py:188} INFO - [2025-06-13T14:51:23.923+0000] {dagbag.py:540} INFO - Filling up the DagBag from /home/airflow/.local/lib/python3.10/site-packages/airflow/example_dags/example_short_circuit_operator.py
[2025-06-13T14:51:23.929+0000] {processor.py:840} INFO - DAG(s) 'example_short_circuit_operator' retrieved from /home/airflow/.local/lib/python3.10/site-packages/airflow/example_dags/example_short_circuit_operator.py
[2025-06-13T14:51:23.953+0000] {logging_mixin.py:188} INFO - [2025-06-13T14:51:23.953+0000] {dag.py:3096} INFO - Sync 1 DAGs
[2025-06-13T14:51:23.966+0000] {logging_mixin.py:188} INFO - [2025-06-13T14:51:23.966+0000] {dag.py:3954} INFO - Setting next_dagrun for example_short_circuit_operator to 2025-06-12 00:00:00+00:00, run_after=2025-06-13 00:00:00+00:00
[2025-06-13T14:51:23.981+0000] {processor.py:183} INFO - Processing /home/airflow/.local/lib/python3.10/site-packages/airflow/example_dags/example_short_circuit_operator.py took 0.068 seconds
[2025-06-13T14:51:54.383+0000] {processor.py:161} INFO - Started process (PID=961) to work on /home/airflow/.local/lib/python3.10/site-packages/airflow/example_dags/example_short_circuit_operator.py
[2025-06-13T14:51:54.385+0000] {processor.py:830} INFO - Processing file /home/airflow/.local/lib/python3.10/site-packages/airflow/example_dags/example_short_circuit_operator.py for tasks to queue
[2025-06-13T14:51:54.386+0000] {logging_mixin.py:188} INFO - [2025-06-13T14:51:54.386+0000] {dagbag.py:540} INFO - Filling up the DagBag from /home/airflow/.local/lib/python3.10/site-packages/airflow/example_dags/example_short_circuit_operator.py
[2025-06-13T14:51:54.391+0000] {processor.py:840} INFO - DAG(s) 'example_short_circuit_operator' retrieved from /home/airflow/.local/lib/python3.10/site-packages/airflow/example_dags/example_short_circuit_operator.py
[2025-06-13T14:51:54.404+0000] {logging_mixin.py:188} INFO - [2025-06-13T14:51:54.404+0000] {dag.py:3096} INFO - Sync 1 DAGs
[2025-06-13T14:51:54.415+0000] {logging_mixin.py:188} INFO - [2025-06-13T14:51:54.415+0000] {dag.py:3954} INFO - Setting next_dagrun for example_short_circuit_operator to 2025-06-12 00:00:00+00:00, run_after=2025-06-13 00:00:00+00:00
[2025-06-13T14:51:54.424+0000] {processor.py:183} INFO - Processing /home/airflow/.local/lib/python3.10/site-packages/airflow/example_dags/example_short_circuit_operator.py took 0.045 seconds
[2025-06-13T14:52:24.983+0000] {processor.py:161} INFO - Started process (PID=1021) to work on /home/airflow/.local/lib/python3.10/site-packages/airflow/example_dags/example_short_circuit_operator.py
[2025-06-13T14:52:24.984+0000] {processor.py:830} INFO - Processing file /home/airflow/.local/lib/python3.10/site-packages/airflow/example_dags/example_short_circuit_operator.py for tasks to queue
[2025-06-13T14:52:24.986+0000] {logging_mixin.py:188} INFO - [2025-06-13T14:52:24.985+0000] {dagbag.py:540} INFO - Filling up the DagBag from /home/airflow/.local/lib/python3.10/site-packages/airflow/example_dags/example_short_circuit_operator.py
[2025-06-13T14:52:24.990+0000] {processor.py:840} INFO - DAG(s) 'example_short_circuit_operator' retrieved from /home/airflow/.local/lib/python3.10/site-packages/airflow/example_dags/example_short_circuit_operator.py
[2025-06-13T14:52:25.003+0000] {logging_mixin.py:188} INFO - [2025-06-13T14:52:25.003+0000] {dag.py:3096} INFO - Sync 1 DAGs
[2025-06-13T14:52:25.020+0000] {logging_mixin.py:188} INFO - [2025-06-13T14:52:25.020+0000] {dag.py:3954} INFO - Setting next_dagrun for example_short_circuit_operator to 2025-06-12 00:00:00+00:00, run_after=2025-06-13 00:00:00+00:00
[2025-06-13T14:52:25.037+0000] {processor.py:183} INFO - Processing /home/airflow/.local/lib/python3.10/site-packages/airflow/example_dags/example_short_circuit_operator.py took 0.058 seconds
[2025-06-13T14:52:56.226+0000] {processor.py:161} INFO - Started process (PID=1081) to work on /home/airflow/.local/lib/python3.10/site-packages/airflow/example_dags/example_short_circuit_operator.py
[2025-06-13T14:52:56.229+0000] {processor.py:830} INFO - Processing file /home/airflow/.local/lib/python3.10/site-packages/airflow/example_dags/example_short_circuit_operator.py for tasks to queue
[2025-06-13T14:52:56.231+0000] {logging_mixin.py:188} INFO - [2025-06-13T14:52:56.231+0000] {dagbag.py:540} INFO - Filling up the DagBag from /home/airflow/.local/lib/python3.10/site-packages/airflow/example_dags/example_short_circuit_operator.py
[2025-06-13T14:52:56.235+0000] {processor.py:840} INFO - DAG(s) 'example_short_circuit_operator' retrieved from /home/airflow/.local/lib/python3.10/site-packages/airflow/example_dags/example_short_circuit_operator.py
[2025-06-13T14:52:56.250+0000] {logging_mixin.py:188} INFO - [2025-06-13T14:52:56.250+0000] {dag.py:3096} INFO - Sync 1 DAGs
[2025-06-13T14:52:56.267+0000] {logging_mixin.py:188} INFO - [2025-06-13T14:52:56.266+0000] {dag.py:3954} INFO - Setting next_dagrun for example_short_circuit_operator to 2025-06-12 00:00:00+00:00, run_after=2025-06-13 00:00:00+00:00
[2025-06-13T14:52:56.280+0000] {processor.py:183} INFO - Processing /home/airflow/.local/lib/python3.10/site-packages/airflow/example_dags/example_short_circuit_operator.py took 0.057 seconds
[2025-06-13T14:53:26.769+0000] {processor.py:161} INFO - Started process (PID=1141) to work on /home/airflow/.local/lib/python3.10/site-packages/airflow/example_dags/example_short_circuit_operator.py
[2025-06-13T14:53:26.770+0000] {processor.py:830} INFO - Processing file /home/airflow/.local/lib/python3.10/site-packages/airflow/example_dags/example_short_circuit_operator.py for tasks to queue
[2025-06-13T14:53:26.771+0000] {logging_mixin.py:188} INFO - [2025-06-13T14:53:26.771+0000] {dagbag.py:540} INFO - Filling up the DagBag from /home/airflow/.local/lib/python3.10/site-packages/airflow/example_dags/example_short_circuit_operator.py
[2025-06-13T14:53:26.775+0000] {processor.py:840} INFO - DAG(s) 'example_short_circuit_operator' retrieved from /home/airflow/.local/lib/python3.10/site-packages/airflow/example_dags/example_short_circuit_operator.py
[2025-06-13T14:53:26.789+0000] {logging_mixin.py:188} INFO - [2025-06-13T14:53:26.789+0000] {dag.py:3096} INFO - Sync 1 DAGs
[2025-06-13T14:53:26.800+0000] {logging_mixin.py:188} INFO - [2025-06-13T14:53:26.800+0000] {dag.py:3954} INFO - Setting next_dagrun for example_short_circuit_operator to 2025-06-12 00:00:00+00:00, run_after=2025-06-13 00:00:00+00:00
[2025-06-13T14:53:26.816+0000] {processor.py:183} INFO - Processing /home/airflow/.local/lib/python3.10/site-packages/airflow/example_dags/example_short_circuit_operator.py took 0.051 seconds
[2025-06-13T14:53:57.726+0000] {processor.py:161} INFO - Started process (PID=1201) to work on /home/airflow/.local/lib/python3.10/site-packages/airflow/example_dags/example_short_circuit_operator.py
[2025-06-13T14:53:57.727+0000] {processor.py:830} INFO - Processing file /home/airflow/.local/lib/python3.10/site-packages/airflow/example_dags/example_short_circuit_operator.py for tasks to queue
[2025-06-13T14:53:57.729+0000] {logging_mixin.py:188} INFO - [2025-06-13T14:53:57.729+0000] {dagbag.py:540} INFO - Filling up the DagBag from /home/airflow/.local/lib/python3.10/site-packages/airflow/example_dags/example_short_circuit_operator.py
[2025-06-13T14:53:57.738+0000] {processor.py:840} INFO - DAG(s) 'example_short_circuit_operator' retrieved from /home/airflow/.local/lib/python3.10/site-packages/airflow/example_dags/example_short_circuit_operator.py
[2025-06-13T14:53:57.754+0000] {logging_mixin.py:188} INFO - [2025-06-13T14:53:57.754+0000] {dag.py:3096} INFO - Sync 1 DAGs
[2025-06-13T14:53:57.770+0000] {logging_mixin.py:188} INFO - [2025-06-13T14:53:57.770+0000] {dag.py:3954} INFO - Setting next_dagrun for example_short_circuit_operator to 2025-06-12 00:00:00+00:00, run_after=2025-06-13 00:00:00+00:00
[2025-06-13T14:53:57.782+0000] {processor.py:183} INFO - Processing /home/airflow/.local/lib/python3.10/site-packages/airflow/example_dags/example_short_circuit_operator.py took 0.059 seconds
[2025-06-13T14:54:27.956+0000] {processor.py:161} INFO - Started process (PID=1261) to work on /home/airflow/.local/lib/python3.10/site-packages/airflow/example_dags/example_short_circuit_operator.py
[2025-06-13T14:54:27.957+0000] {processor.py:830} INFO - Processing file /home/airflow/.local/lib/python3.10/site-packages/airflow/example_dags/example_short_circuit_operator.py for tasks to queue
[2025-06-13T14:54:27.959+0000] {logging_mixin.py:188} INFO - [2025-06-13T14:54:27.959+0000] {dagbag.py:540} INFO - Filling up the DagBag from /home/airflow/.local/lib/python3.10/site-packages/airflow/example_dags/example_short_circuit_operator.py
[2025-06-13T14:54:27.964+0000] {processor.py:840} INFO - DAG(s) 'example_short_circuit_operator' retrieved from /home/airflow/.local/lib/python3.10/site-packages/airflow/example_dags/example_short_circuit_operator.py
[2025-06-13T14:54:27.977+0000] {logging_mixin.py:188} INFO - [2025-06-13T14:54:27.977+0000] {dag.py:3096} INFO - Sync 1 DAGs
[2025-06-13T14:54:27.988+0000] {logging_mixin.py:188} INFO - [2025-06-13T14:54:27.988+0000] {dag.py:3954} INFO - Setting next_dagrun for example_short_circuit_operator to 2025-06-12 00:00:00+00:00, run_after=2025-06-13 00:00:00+00:00
[2025-06-13T14:54:27.997+0000] {processor.py:183} INFO - Processing /home/airflow/.local/lib/python3.10/site-packages/airflow/example_dags/example_short_circuit_operator.py took 0.045 seconds
[2025-06-13T14:54:59.087+0000] {processor.py:161} INFO - Started process (PID=1321) to work on /home/airflow/.local/lib/python3.10/site-packages/airflow/example_dags/example_short_circuit_operator.py
[2025-06-13T14:54:59.088+0000] {processor.py:830} INFO - Processing file /home/airflow/.local/lib/python3.10/site-packages/airflow/example_dags/example_short_circuit_operator.py for tasks to queue
[2025-06-13T14:54:59.090+0000] {logging_mixin.py:188} INFO - [2025-06-13T14:54:59.089+0000] {dagbag.py:540} INFO - Filling up the DagBag from /home/airflow/.local/lib/python3.10/site-packages/airflow/example_dags/example_short_circuit_operator.py
[2025-06-13T14:54:59.094+0000] {processor.py:840} INFO - DAG(s) 'example_short_circuit_operator' retrieved from /home/airflow/.local/lib/python3.10/site-packages/airflow/example_dags/example_short_circuit_operator.py
[2025-06-13T14:54:59.107+0000] {logging_mixin.py:188} INFO - [2025-06-13T14:54:59.107+0000] {dag.py:3096} INFO - Sync 1 DAGs
[2025-06-13T14:54:59.122+0000] {logging_mixin.py:188} INFO - [2025-06-13T14:54:59.122+0000] {dag.py:3954} INFO - Setting next_dagrun for example_short_circuit_operator to 2025-06-12 00:00:00+00:00, run_after=2025-06-13 00:00:00+00:00
[2025-06-13T14:54:59.140+0000] {processor.py:183} INFO - Processing /home/airflow/.local/lib/python3.10/site-packages/airflow/example_dags/example_short_circuit_operator.py took 0.057 seconds
[2025-06-13T14:55:29.907+0000] {processor.py:161} INFO - Started process (PID=1381) to work on /home/airflow/.local/lib/python3.10/site-packages/airflow/example_dags/example_short_circuit_operator.py
[2025-06-13T14:55:29.909+0000] {processor.py:830} INFO - Processing file /home/airflow/.local/lib/python3.10/site-packages/airflow/example_dags/example_short_circuit_operator.py for tasks to queue
[2025-06-13T14:55:29.912+0000] {logging_mixin.py:188} INFO - [2025-06-13T14:55:29.912+0000] {dagbag.py:540} INFO - Filling up the DagBag from /home/airflow/.local/lib/python3.10/site-packages/airflow/example_dags/example_short_circuit_operator.py
[2025-06-13T14:55:29.917+0000] {processor.py:840} INFO - DAG(s) 'example_short_circuit_operator' retrieved from /home/airflow/.local/lib/python3.10/site-packages/airflow/example_dags/example_short_circuit_operator.py
[2025-06-13T14:55:29.930+0000] {logging_mixin.py:188} INFO - [2025-06-13T14:55:29.930+0000] {dag.py:3096} INFO - Sync 1 DAGs
[2025-06-13T14:55:29.944+0000] {logging_mixin.py:188} INFO - [2025-06-13T14:55:29.944+0000] {dag.py:3954} INFO - Setting next_dagrun for example_short_circuit_operator to 2025-06-12 00:00:00+00:00, run_after=2025-06-13 00:00:00+00:00
[2025-06-13T14:55:29.957+0000] {processor.py:183} INFO - Processing /home/airflow/.local/lib/python3.10/site-packages/airflow/example_dags/example_short_circuit_operator.py took 0.055 seconds
[2025-06-13T14:56:00.025+0000] {processor.py:161} INFO - Started process (PID=1441) to work on /home/airflow/.local/lib/python3.10/site-packages/airflow/example_dags/example_short_circuit_operator.py
[2025-06-13T14:56:00.029+0000] {processor.py:830} INFO - Processing file /home/airflow/.local/lib/python3.10/site-packages/airflow/example_dags/example_short_circuit_operator.py for tasks to queue
[2025-06-13T14:56:00.031+0000] {logging_mixin.py:188} INFO - [2025-06-13T14:56:00.031+0000] {dagbag.py:540} INFO - Filling up the DagBag from /home/airflow/.local/lib/python3.10/site-packages/airflow/example_dags/example_short_circuit_operator.py
[2025-06-13T14:56:00.037+0000] {processor.py:840} INFO - DAG(s) 'example_short_circuit_operator' retrieved from /home/airflow/.local/lib/python3.10/site-packages/airflow/example_dags/example_short_circuit_operator.py
[2025-06-13T14:56:00.052+0000] {logging_mixin.py:188} INFO - [2025-06-13T14:56:00.052+0000] {dag.py:3096} INFO - Sync 1 DAGs
[2025-06-13T14:56:00.063+0000] {logging_mixin.py:188} INFO - [2025-06-13T14:56:00.063+0000] {dag.py:3954} INFO - Setting next_dagrun for example_short_circuit_operator to 2025-06-12 00:00:00+00:00, run_after=2025-06-13 00:00:00+00:00
[2025-06-13T14:56:00.072+0000] {processor.py:183} INFO - Processing /home/airflow/.local/lib/python3.10/site-packages/airflow/example_dags/example_short_circuit_operator.py took 0.056 seconds
[2025-06-13T14:56:30.310+0000] {processor.py:161} INFO - Started process (PID=1499) to work on /home/airflow/.local/lib/python3.10/site-packages/airflow/example_dags/example_short_circuit_operator.py
[2025-06-13T14:56:30.311+0000] {processor.py:830} INFO - Processing file /home/airflow/.local/lib/python3.10/site-packages/airflow/example_dags/example_short_circuit_operator.py for tasks to queue
[2025-06-13T14:56:30.313+0000] {logging_mixin.py:188} INFO - [2025-06-13T14:56:30.312+0000] {dagbag.py:540} INFO - Filling up the DagBag from /home/airflow/.local/lib/python3.10/site-packages/airflow/example_dags/example_short_circuit_operator.py
[2025-06-13T14:56:30.317+0000] {processor.py:840} INFO - DAG(s) 'example_short_circuit_operator' retrieved from /home/airflow/.local/lib/python3.10/site-packages/airflow/example_dags/example_short_circuit_operator.py
[2025-06-13T14:56:30.335+0000] {logging_mixin.py:188} INFO - [2025-06-13T14:56:30.335+0000] {dag.py:3096} INFO - Sync 1 DAGs
[2025-06-13T14:56:30.349+0000] {logging_mixin.py:188} INFO - [2025-06-13T14:56:30.349+0000] {dag.py:3954} INFO - Setting next_dagrun for example_short_circuit_operator to 2025-06-12 00:00:00+00:00, run_after=2025-06-13 00:00:00+00:00
[2025-06-13T14:56:30.360+0000] {processor.py:183} INFO - Processing /home/airflow/.local/lib/python3.10/site-packages/airflow/example_dags/example_short_circuit_operator.py took 0.055 seconds
[2025-06-13T14:57:00.798+0000] {processor.py:161} INFO - Started process (PID=1559) to work on /home/airflow/.local/lib/python3.10/site-packages/airflow/example_dags/example_short_circuit_operator.py
[2025-06-13T14:57:00.799+0000] {processor.py:830} INFO - Processing file /home/airflow/.local/lib/python3.10/site-packages/airflow/example_dags/example_short_circuit_operator.py for tasks to queue
[2025-06-13T14:57:00.801+0000] {logging_mixin.py:188} INFO - [2025-06-13T14:57:00.800+0000] {dagbag.py:540} INFO - Filling up the DagBag from /home/airflow/.local/lib/python3.10/site-packages/airflow/example_dags/example_short_circuit_operator.py
[2025-06-13T14:57:00.806+0000] {processor.py:840} INFO - DAG(s) 'example_short_circuit_operator' retrieved from /home/airflow/.local/lib/python3.10/site-packages/airflow/example_dags/example_short_circuit_operator.py
[2025-06-13T14:57:00.829+0000] {logging_mixin.py:188} INFO - [2025-06-13T14:57:00.829+0000] {dag.py:3096} INFO - Sync 1 DAGs
[2025-06-13T14:57:00.845+0000] {logging_mixin.py:188} INFO - [2025-06-13T14:57:00.845+0000] {dag.py:3954} INFO - Setting next_dagrun for example_short_circuit_operator to 2025-06-12 00:00:00+00:00, run_after=2025-06-13 00:00:00+00:00
[2025-06-13T14:57:00.862+0000] {processor.py:183} INFO - Processing /home/airflow/.local/lib/python3.10/site-packages/airflow/example_dags/example_short_circuit_operator.py took 0.068 seconds
[2025-06-13T14:57:31.553+0000] {processor.py:161} INFO - Started process (PID=1619) to work on /home/airflow/.local/lib/python3.10/site-packages/airflow/example_dags/example_short_circuit_operator.py
[2025-06-13T14:57:31.554+0000] {processor.py:830} INFO - Processing file /home/airflow/.local/lib/python3.10/site-packages/airflow/example_dags/example_short_circuit_operator.py for tasks to queue
[2025-06-13T14:57:31.556+0000] {logging_mixin.py:188} INFO - [2025-06-13T14:57:31.556+0000] {dagbag.py:540} INFO - Filling up the DagBag from /home/airflow/.local/lib/python3.10/site-packages/airflow/example_dags/example_short_circuit_operator.py
[2025-06-13T14:57:31.564+0000] {processor.py:840} INFO - DAG(s) 'example_short_circuit_operator' retrieved from /home/airflow/.local/lib/python3.10/site-packages/airflow/example_dags/example_short_circuit_operator.py
[2025-06-13T14:57:31.585+0000] {logging_mixin.py:188} INFO - [2025-06-13T14:57:31.585+0000] {dag.py:3096} INFO - Sync 1 DAGs
[2025-06-13T14:57:31.608+0000] {logging_mixin.py:188} INFO - [2025-06-13T14:57:31.607+0000] {dag.py:3954} INFO - Setting next_dagrun for example_short_circuit_operator to 2025-06-12 00:00:00+00:00, run_after=2025-06-13 00:00:00+00:00
[2025-06-13T14:57:31.622+0000] {processor.py:183} INFO - Processing /home/airflow/.local/lib/python3.10/site-packages/airflow/example_dags/example_short_circuit_operator.py took 0.076 seconds
[2025-06-13T14:58:02.368+0000] {processor.py:161} INFO - Started process (PID=1679) to work on /home/airflow/.local/lib/python3.10/site-packages/airflow/example_dags/example_short_circuit_operator.py
[2025-06-13T14:58:02.370+0000] {processor.py:830} INFO - Processing file /home/airflow/.local/lib/python3.10/site-packages/airflow/example_dags/example_short_circuit_operator.py for tasks to queue
[2025-06-13T14:58:02.371+0000] {logging_mixin.py:188} INFO - [2025-06-13T14:58:02.371+0000] {dagbag.py:540} INFO - Filling up the DagBag from /home/airflow/.local/lib/python3.10/site-packages/airflow/example_dags/example_short_circuit_operator.py
[2025-06-13T14:58:02.377+0000] {processor.py:840} INFO - DAG(s) 'example_short_circuit_operator' retrieved from /home/airflow/.local/lib/python3.10/site-packages/airflow/example_dags/example_short_circuit_operator.py
[2025-06-13T14:58:02.395+0000] {logging_mixin.py:188} INFO - [2025-06-13T14:58:02.395+0000] {dag.py:3096} INFO - Sync 1 DAGs
[2025-06-13T14:58:02.411+0000] {logging_mixin.py:188} INFO - [2025-06-13T14:58:02.411+0000] {dag.py:3954} INFO - Setting next_dagrun for example_short_circuit_operator to 2025-06-12 00:00:00+00:00, run_after=2025-06-13 00:00:00+00:00
[2025-06-13T14:58:02.426+0000] {processor.py:183} INFO - Processing /home/airflow/.local/lib/python3.10/site-packages/airflow/example_dags/example_short_circuit_operator.py took 0.062 seconds
[2025-06-13T14:58:32.637+0000] {processor.py:161} INFO - Started process (PID=1739) to work on /home/airflow/.local/lib/python3.10/site-packages/airflow/example_dags/example_short_circuit_operator.py
[2025-06-13T14:58:32.638+0000] {processor.py:830} INFO - Processing file /home/airflow/.local/lib/python3.10/site-packages/airflow/example_dags/example_short_circuit_operator.py for tasks to queue
[2025-06-13T14:58:32.639+0000] {logging_mixin.py:188} INFO - [2025-06-13T14:58:32.639+0000] {dagbag.py:540} INFO - Filling up the DagBag from /home/airflow/.local/lib/python3.10/site-packages/airflow/example_dags/example_short_circuit_operator.py
[2025-06-13T14:58:32.645+0000] {processor.py:840} INFO - DAG(s) 'example_short_circuit_operator' retrieved from /home/airflow/.local/lib/python3.10/site-packages/airflow/example_dags/example_short_circuit_operator.py
[2025-06-13T14:58:32.663+0000] {logging_mixin.py:188} INFO - [2025-06-13T14:58:32.662+0000] {dag.py:3096} INFO - Sync 1 DAGs
[2025-06-13T14:58:32.676+0000] {logging_mixin.py:188} INFO - [2025-06-13T14:58:32.676+0000] {dag.py:3954} INFO - Setting next_dagrun for example_short_circuit_operator to 2025-06-12 00:00:00+00:00, run_after=2025-06-13 00:00:00+00:00
[2025-06-13T14:58:32.691+0000] {processor.py:183} INFO - Processing /home/airflow/.local/lib/python3.10/site-packages/airflow/example_dags/example_short_circuit_operator.py took 0.058 seconds
[2025-06-13T14:59:03.358+0000] {processor.py:161} INFO - Started process (PID=1799) to work on /home/airflow/.local/lib/python3.10/site-packages/airflow/example_dags/example_short_circuit_operator.py
[2025-06-13T14:59:03.361+0000] {processor.py:830} INFO - Processing file /home/airflow/.local/lib/python3.10/site-packages/airflow/example_dags/example_short_circuit_operator.py for tasks to queue
[2025-06-13T14:59:03.363+0000] {logging_mixin.py:188} INFO - [2025-06-13T14:59:03.363+0000] {dagbag.py:540} INFO - Filling up the DagBag from /home/airflow/.local/lib/python3.10/site-packages/airflow/example_dags/example_short_circuit_operator.py
[2025-06-13T14:59:03.371+0000] {processor.py:840} INFO - DAG(s) 'example_short_circuit_operator' retrieved from /home/airflow/.local/lib/python3.10/site-packages/airflow/example_dags/example_short_circuit_operator.py
[2025-06-13T14:59:03.388+0000] {logging_mixin.py:188} INFO - [2025-06-13T14:59:03.388+0000] {dag.py:3096} INFO - Sync 1 DAGs
[2025-06-13T14:59:03.404+0000] {logging_mixin.py:188} INFO - [2025-06-13T14:59:03.403+0000] {dag.py:3954} INFO - Setting next_dagrun for example_short_circuit_operator to 2025-06-12 00:00:00+00:00, run_after=2025-06-13 00:00:00+00:00
[2025-06-13T14:59:03.422+0000] {processor.py:183} INFO - Processing /home/airflow/.local/lib/python3.10/site-packages/airflow/example_dags/example_short_circuit_operator.py took 0.068 seconds
[2025-06-13T14:59:33.771+0000] {processor.py:161} INFO - Started process (PID=1859) to work on /home/airflow/.local/lib/python3.10/site-packages/airflow/example_dags/example_short_circuit_operator.py
[2025-06-13T14:59:33.775+0000] {processor.py:830} INFO - Processing file /home/airflow/.local/lib/python3.10/site-packages/airflow/example_dags/example_short_circuit_operator.py for tasks to queue
[2025-06-13T14:59:33.776+0000] {logging_mixin.py:188} INFO - [2025-06-13T14:59:33.776+0000] {dagbag.py:540} INFO - Filling up the DagBag from /home/airflow/.local/lib/python3.10/site-packages/airflow/example_dags/example_short_circuit_operator.py
[2025-06-13T14:59:33.781+0000] {processor.py:840} INFO - DAG(s) 'example_short_circuit_operator' retrieved from /home/airflow/.local/lib/python3.10/site-packages/airflow/example_dags/example_short_circuit_operator.py
[2025-06-13T14:59:33.797+0000] {logging_mixin.py:188} INFO - [2025-06-13T14:59:33.797+0000] {dag.py:3096} INFO - Sync 1 DAGs
[2025-06-13T14:59:33.811+0000] {logging_mixin.py:188} INFO - [2025-06-13T14:59:33.811+0000] {dag.py:3954} INFO - Setting next_dagrun for example_short_circuit_operator to 2025-06-12 00:00:00+00:00, run_after=2025-06-13 00:00:00+00:00
[2025-06-13T14:59:33.825+0000] {processor.py:183} INFO - Processing /home/airflow/.local/lib/python3.10/site-packages/airflow/example_dags/example_short_circuit_operator.py took 0.058 seconds
[2025-06-13T15:00:04.469+0000] {processor.py:161} INFO - Started process (PID=1919) to work on /home/airflow/.local/lib/python3.10/site-packages/airflow/example_dags/example_short_circuit_operator.py
[2025-06-13T15:00:04.476+0000] {processor.py:830} INFO - Processing file /home/airflow/.local/lib/python3.10/site-packages/airflow/example_dags/example_short_circuit_operator.py for tasks to queue
[2025-06-13T15:00:04.492+0000] {logging_mixin.py:188} INFO - [2025-06-13T15:00:04.491+0000] {dagbag.py:540} INFO - Filling up the DagBag from /home/airflow/.local/lib/python3.10/site-packages/airflow/example_dags/example_short_circuit_operator.py
[2025-06-13T15:00:04.525+0000] {processor.py:840} INFO - DAG(s) 'example_short_circuit_operator' retrieved from /home/airflow/.local/lib/python3.10/site-packages/airflow/example_dags/example_short_circuit_operator.py
[2025-06-13T15:00:04.608+0000] {logging_mixin.py:188} INFO - [2025-06-13T15:00:04.608+0000] {dag.py:3096} INFO - Sync 1 DAGs
[2025-06-13T15:00:04.648+0000] {logging_mixin.py:188} INFO - [2025-06-13T15:00:04.648+0000] {dag.py:3954} INFO - Setting next_dagrun for example_short_circuit_operator to 2025-06-12 00:00:00+00:00, run_after=2025-06-13 00:00:00+00:00
[2025-06-13T15:00:04.696+0000] {processor.py:183} INFO - Processing /home/airflow/.local/lib/python3.10/site-packages/airflow/example_dags/example_short_circuit_operator.py took 0.242 seconds
[2025-06-13T15:00:35.356+0000] {processor.py:161} INFO - Started process (PID=1979) to work on /home/airflow/.local/lib/python3.10/site-packages/airflow/example_dags/example_short_circuit_operator.py
[2025-06-13T15:00:35.357+0000] {processor.py:830} INFO - Processing file /home/airflow/.local/lib/python3.10/site-packages/airflow/example_dags/example_short_circuit_operator.py for tasks to queue
[2025-06-13T15:00:35.359+0000] {logging_mixin.py:188} INFO - [2025-06-13T15:00:35.359+0000] {dagbag.py:540} INFO - Filling up the DagBag from /home/airflow/.local/lib/python3.10/site-packages/airflow/example_dags/example_short_circuit_operator.py
[2025-06-13T15:00:35.364+0000] {processor.py:840} INFO - DAG(s) 'example_short_circuit_operator' retrieved from /home/airflow/.local/lib/python3.10/site-packages/airflow/example_dags/example_short_circuit_operator.py
[2025-06-13T15:00:35.382+0000] {logging_mixin.py:188} INFO - [2025-06-13T15:00:35.382+0000] {dag.py:3096} INFO - Sync 1 DAGs
[2025-06-13T15:00:35.395+0000] {logging_mixin.py:188} INFO - [2025-06-13T15:00:35.395+0000] {dag.py:3954} INFO - Setting next_dagrun for example_short_circuit_operator to 2025-06-12 00:00:00+00:00, run_after=2025-06-13 00:00:00+00:00
[2025-06-13T15:00:35.411+0000] {processor.py:183} INFO - Processing /home/airflow/.local/lib/python3.10/site-packages/airflow/example_dags/example_short_circuit_operator.py took 0.060 seconds
[2025-06-13T15:01:05.686+0000] {processor.py:161} INFO - Started process (PID=2039) to work on /home/airflow/.local/lib/python3.10/site-packages/airflow/example_dags/example_short_circuit_operator.py
[2025-06-13T15:01:05.687+0000] {processor.py:830} INFO - Processing file /home/airflow/.local/lib/python3.10/site-packages/airflow/example_dags/example_short_circuit_operator.py for tasks to queue
[2025-06-13T15:01:05.688+0000] {logging_mixin.py:188} INFO - [2025-06-13T15:01:05.688+0000] {dagbag.py:540} INFO - Filling up the DagBag from /home/airflow/.local/lib/python3.10/site-packages/airflow/example_dags/example_short_circuit_operator.py
[2025-06-13T15:01:05.692+0000] {processor.py:840} INFO - DAG(s) 'example_short_circuit_operator' retrieved from /home/airflow/.local/lib/python3.10/site-packages/airflow/example_dags/example_short_circuit_operator.py
[2025-06-13T15:01:05.704+0000] {logging_mixin.py:188} INFO - [2025-06-13T15:01:05.704+0000] {dag.py:3096} INFO - Sync 1 DAGs
[2025-06-13T15:01:05.720+0000] {logging_mixin.py:188} INFO - [2025-06-13T15:01:05.720+0000] {dag.py:3954} INFO - Setting next_dagrun for example_short_circuit_operator to 2025-06-12 00:00:00+00:00, run_after=2025-06-13 00:00:00+00:00
[2025-06-13T15:01:05.736+0000] {processor.py:183} INFO - Processing /home/airflow/.local/lib/python3.10/site-packages/airflow/example_dags/example_short_circuit_operator.py took 0.054 seconds
[2025-06-13T15:01:36.049+0000] {processor.py:161} INFO - Started process (PID=2099) to work on /home/airflow/.local/lib/python3.10/site-packages/airflow/example_dags/example_short_circuit_operator.py
[2025-06-13T15:01:36.052+0000] {processor.py:830} INFO - Processing file /home/airflow/.local/lib/python3.10/site-packages/airflow/example_dags/example_short_circuit_operator.py for tasks to queue
[2025-06-13T15:01:36.053+0000] {logging_mixin.py:188} INFO - [2025-06-13T15:01:36.053+0000] {dagbag.py:540} INFO - Filling up the DagBag from /home/airflow/.local/lib/python3.10/site-packages/airflow/example_dags/example_short_circuit_operator.py
[2025-06-13T15:01:36.058+0000] {processor.py:840} INFO - DAG(s) 'example_short_circuit_operator' retrieved from /home/airflow/.local/lib/python3.10/site-packages/airflow/example_dags/example_short_circuit_operator.py
[2025-06-13T15:01:36.072+0000] {logging_mixin.py:188} INFO - [2025-06-13T15:01:36.072+0000] {dag.py:3096} INFO - Sync 1 DAGs
[2025-06-13T15:01:36.084+0000] {logging_mixin.py:188} INFO - [2025-06-13T15:01:36.084+0000] {dag.py:3954} INFO - Setting next_dagrun for example_short_circuit_operator to 2025-06-12 00:00:00+00:00, run_after=2025-06-13 00:00:00+00:00
[2025-06-13T15:01:36.095+0000] {processor.py:183} INFO - Processing /home/airflow/.local/lib/python3.10/site-packages/airflow/example_dags/example_short_circuit_operator.py took 0.050 seconds
[2025-06-13T15:02:06.404+0000] {processor.py:161} INFO - Started process (PID=2159) to work on /home/airflow/.local/lib/python3.10/site-packages/airflow/example_dags/example_short_circuit_operator.py
[2025-06-13T15:02:06.406+0000] {processor.py:830} INFO - Processing file /home/airflow/.local/lib/python3.10/site-packages/airflow/example_dags/example_short_circuit_operator.py for tasks to queue
[2025-06-13T15:02:06.407+0000] {logging_mixin.py:188} INFO - [2025-06-13T15:02:06.407+0000] {dagbag.py:540} INFO - Filling up the DagBag from /home/airflow/.local/lib/python3.10/site-packages/airflow/example_dags/example_short_circuit_operator.py
[2025-06-13T15:02:06.415+0000] {processor.py:840} INFO - DAG(s) 'example_short_circuit_operator' retrieved from /home/airflow/.local/lib/python3.10/site-packages/airflow/example_dags/example_short_circuit_operator.py
[2025-06-13T15:02:06.433+0000] {logging_mixin.py:188} INFO - [2025-06-13T15:02:06.433+0000] {dag.py:3096} INFO - Sync 1 DAGs
[2025-06-13T15:02:06.445+0000] {logging_mixin.py:188} INFO - [2025-06-13T15:02:06.445+0000] {dag.py:3954} INFO - Setting next_dagrun for example_short_circuit_operator to 2025-06-12 00:00:00+00:00, run_after=2025-06-13 00:00:00+00:00
[2025-06-13T15:02:06.454+0000] {processor.py:183} INFO - Processing /home/airflow/.local/lib/python3.10/site-packages/airflow/example_dags/example_short_circuit_operator.py took 0.055 seconds
[2025-06-13T15:02:37.031+0000] {processor.py:161} INFO - Started process (PID=2219) to work on /home/airflow/.local/lib/python3.10/site-packages/airflow/example_dags/example_short_circuit_operator.py
[2025-06-13T15:02:37.033+0000] {processor.py:830} INFO - Processing file /home/airflow/.local/lib/python3.10/site-packages/airflow/example_dags/example_short_circuit_operator.py for tasks to queue
[2025-06-13T15:02:37.034+0000] {logging_mixin.py:188} INFO - [2025-06-13T15:02:37.034+0000] {dagbag.py:540} INFO - Filling up the DagBag from /home/airflow/.local/lib/python3.10/site-packages/airflow/example_dags/example_short_circuit_operator.py
[2025-06-13T15:02:37.039+0000] {processor.py:840} INFO - DAG(s) 'example_short_circuit_operator' retrieved from /home/airflow/.local/lib/python3.10/site-packages/airflow/example_dags/example_short_circuit_operator.py
[2025-06-13T15:02:37.052+0000] {logging_mixin.py:188} INFO - [2025-06-13T15:02:37.052+0000] {dag.py:3096} INFO - Sync 1 DAGs
[2025-06-13T15:02:37.063+0000] {logging_mixin.py:188} INFO - [2025-06-13T15:02:37.063+0000] {dag.py:3954} INFO - Setting next_dagrun for example_short_circuit_operator to 2025-06-12 00:00:00+00:00, run_after=2025-06-13 00:00:00+00:00
[2025-06-13T15:02:37.074+0000] {processor.py:183} INFO - Processing /home/airflow/.local/lib/python3.10/site-packages/airflow/example_dags/example_short_circuit_operator.py took 0.048 seconds
[2025-06-13T15:03:08.052+0000] {processor.py:161} INFO - Started process (PID=2279) to work on /home/airflow/.local/lib/python3.10/site-packages/airflow/example_dags/example_short_circuit_operator.py
[2025-06-13T15:03:08.053+0000] {processor.py:830} INFO - Processing file /home/airflow/.local/lib/python3.10/site-packages/airflow/example_dags/example_short_circuit_operator.py for tasks to queue
[2025-06-13T15:03:08.054+0000] {logging_mixin.py:188} INFO - [2025-06-13T15:03:08.054+0000] {dagbag.py:540} INFO - Filling up the DagBag from /home/airflow/.local/lib/python3.10/site-packages/airflow/example_dags/example_short_circuit_operator.py
[2025-06-13T15:03:08.060+0000] {processor.py:840} INFO - DAG(s) 'example_short_circuit_operator' retrieved from /home/airflow/.local/lib/python3.10/site-packages/airflow/example_dags/example_short_circuit_operator.py
[2025-06-13T15:03:08.074+0000] {logging_mixin.py:188} INFO - [2025-06-13T15:03:08.074+0000] {dag.py:3096} INFO - Sync 1 DAGs
[2025-06-13T15:03:08.085+0000] {logging_mixin.py:188} INFO - [2025-06-13T15:03:08.085+0000] {dag.py:3954} INFO - Setting next_dagrun for example_short_circuit_operator to 2025-06-12 00:00:00+00:00, run_after=2025-06-13 00:00:00+00:00
[2025-06-13T15:03:08.094+0000] {processor.py:183} INFO - Processing /home/airflow/.local/lib/python3.10/site-packages/airflow/example_dags/example_short_circuit_operator.py took 0.048 seconds
[2025-06-13T15:03:38.852+0000] {processor.py:161} INFO - Started process (PID=2339) to work on /home/airflow/.local/lib/python3.10/site-packages/airflow/example_dags/example_short_circuit_operator.py
[2025-06-13T15:03:38.853+0000] {processor.py:830} INFO - Processing file /home/airflow/.local/lib/python3.10/site-packages/airflow/example_dags/example_short_circuit_operator.py for tasks to queue
[2025-06-13T15:03:38.855+0000] {logging_mixin.py:188} INFO - [2025-06-13T15:03:38.855+0000] {dagbag.py:540} INFO - Filling up the DagBag from /home/airflow/.local/lib/python3.10/site-packages/airflow/example_dags/example_short_circuit_operator.py
[2025-06-13T15:03:38.860+0000] {processor.py:840} INFO - DAG(s) 'example_short_circuit_operator' retrieved from /home/airflow/.local/lib/python3.10/site-packages/airflow/example_dags/example_short_circuit_operator.py
[2025-06-13T15:03:38.877+0000] {logging_mixin.py:188} INFO - [2025-06-13T15:03:38.876+0000] {dag.py:3096} INFO - Sync 1 DAGs
[2025-06-13T15:03:38.888+0000] {logging_mixin.py:188} INFO - [2025-06-13T15:03:38.888+0000] {dag.py:3954} INFO - Setting next_dagrun for example_short_circuit_operator to 2025-06-12 00:00:00+00:00, run_after=2025-06-13 00:00:00+00:00
[2025-06-13T15:03:38.900+0000] {processor.py:183} INFO - Processing /home/airflow/.local/lib/python3.10/site-packages/airflow/example_dags/example_short_circuit_operator.py took 0.053 seconds
[2025-06-13T15:04:09.811+0000] {processor.py:161} INFO - Started process (PID=2399) to work on /home/airflow/.local/lib/python3.10/site-packages/airflow/example_dags/example_short_circuit_operator.py
[2025-06-13T15:04:09.812+0000] {processor.py:830} INFO - Processing file /home/airflow/.local/lib/python3.10/site-packages/airflow/example_dags/example_short_circuit_operator.py for tasks to queue
[2025-06-13T15:04:09.814+0000] {logging_mixin.py:188} INFO - [2025-06-13T15:04:09.813+0000] {dagbag.py:540} INFO - Filling up the DagBag from /home/airflow/.local/lib/python3.10/site-packages/airflow/example_dags/example_short_circuit_operator.py
[2025-06-13T15:04:09.818+0000] {processor.py:840} INFO - DAG(s) 'example_short_circuit_operator' retrieved from /home/airflow/.local/lib/python3.10/site-packages/airflow/example_dags/example_short_circuit_operator.py
[2025-06-13T15:04:09.834+0000] {logging_mixin.py:188} INFO - [2025-06-13T15:04:09.834+0000] {dag.py:3096} INFO - Sync 1 DAGs
[2025-06-13T15:04:09.849+0000] {logging_mixin.py:188} INFO - [2025-06-13T15:04:09.849+0000] {dag.py:3954} INFO - Setting next_dagrun for example_short_circuit_operator to 2025-06-12 00:00:00+00:00, run_after=2025-06-13 00:00:00+00:00
[2025-06-13T15:04:09.863+0000] {processor.py:183} INFO - Processing /home/airflow/.local/lib/python3.10/site-packages/airflow/example_dags/example_short_circuit_operator.py took 0.055 seconds
[2025-06-13T15:04:39.917+0000] {processor.py:161} INFO - Started process (PID=2459) to work on /home/airflow/.local/lib/python3.10/site-packages/airflow/example_dags/example_short_circuit_operator.py
[2025-06-13T15:04:39.918+0000] {processor.py:830} INFO - Processing file /home/airflow/.local/lib/python3.10/site-packages/airflow/example_dags/example_short_circuit_operator.py for tasks to queue
[2025-06-13T15:04:39.919+0000] {logging_mixin.py:188} INFO - [2025-06-13T15:04:39.919+0000] {dagbag.py:540} INFO - Filling up the DagBag from /home/airflow/.local/lib/python3.10/site-packages/airflow/example_dags/example_short_circuit_operator.py
[2025-06-13T15:04:39.923+0000] {processor.py:840} INFO - DAG(s) 'example_short_circuit_operator' retrieved from /home/airflow/.local/lib/python3.10/site-packages/airflow/example_dags/example_short_circuit_operator.py
[2025-06-13T15:04:39.937+0000] {logging_mixin.py:188} INFO - [2025-06-13T15:04:39.937+0000] {dag.py:3096} INFO - Sync 1 DAGs
[2025-06-13T15:04:39.947+0000] {logging_mixin.py:188} INFO - [2025-06-13T15:04:39.947+0000] {dag.py:3954} INFO - Setting next_dagrun for example_short_circuit_operator to 2025-06-12 00:00:00+00:00, run_after=2025-06-13 00:00:00+00:00
[2025-06-13T15:04:39.960+0000] {processor.py:183} INFO - Processing /home/airflow/.local/lib/python3.10/site-packages/airflow/example_dags/example_short_circuit_operator.py took 0.046 seconds
[2025-06-13T15:05:10.643+0000] {processor.py:161} INFO - Started process (PID=2519) to work on /home/airflow/.local/lib/python3.10/site-packages/airflow/example_dags/example_short_circuit_operator.py
[2025-06-13T15:05:10.644+0000] {processor.py:830} INFO - Processing file /home/airflow/.local/lib/python3.10/site-packages/airflow/example_dags/example_short_circuit_operator.py for tasks to queue
[2025-06-13T15:05:10.646+0000] {logging_mixin.py:188} INFO - [2025-06-13T15:05:10.646+0000] {dagbag.py:540} INFO - Filling up the DagBag from /home/airflow/.local/lib/python3.10/site-packages/airflow/example_dags/example_short_circuit_operator.py
[2025-06-13T15:05:10.652+0000] {processor.py:840} INFO - DAG(s) 'example_short_circuit_operator' retrieved from /home/airflow/.local/lib/python3.10/site-packages/airflow/example_dags/example_short_circuit_operator.py
[2025-06-13T15:05:10.673+0000] {logging_mixin.py:188} INFO - [2025-06-13T15:05:10.673+0000] {dag.py:3096} INFO - Sync 1 DAGs
[2025-06-13T15:05:10.690+0000] {logging_mixin.py:188} INFO - [2025-06-13T15:05:10.690+0000] {dag.py:3954} INFO - Setting next_dagrun for example_short_circuit_operator to 2025-06-12 00:00:00+00:00, run_after=2025-06-13 00:00:00+00:00
[2025-06-13T15:05:10.707+0000] {processor.py:183} INFO - Processing /home/airflow/.local/lib/python3.10/site-packages/airflow/example_dags/example_short_circuit_operator.py took 0.068 seconds
