[2025-06-13T14:33:25.460+0000] {processor.py:161} INFO - Started process (PID=79) to work on /home/airflow/.local/lib/python3.10/site-packages/airflow/example_dags/example_branch_operator.py
[2025-06-13T14:33:25.461+0000] {processor.py:830} INFO - Processing file /home/airflow/.local/lib/python3.10/site-packages/airflow/example_dags/example_branch_operator.py for tasks to queue
[2025-06-13T14:33:25.466+0000] {logging_mixin.py:188} INFO - [2025-06-13T14:33:25.466+0000] {dagbag.py:540} INFO - Filling up the DagBag from /home/airflow/.local/lib/python3.10/site-packages/airflow/example_dags/example_branch_operator.py
[2025-06-13T14:33:25.484+0000] {processor.py:840} INFO - DAG(s) 'example_branch_operator' retrieved from /home/airflow/.local/lib/python3.10/site-packages/airflow/example_dags/example_branch_operator.py
[2025-06-13T14:33:25.500+0000] {logging_mixin.py:188} INFO - [2025-06-13T14:33:25.500+0000] {dag.py:3096} INFO - Sync 1 DAGs
[2025-06-13T14:33:25.522+0000] {logging_mixin.py:188} INFO - [2025-06-13T14:33:25.522+0000] {dag.py:3954} INFO - Setting next_dagrun for example_branch_operator to 2025-06-12 00:00:00+00:00, run_after=2025-06-13 00:00:00+00:00
[2025-06-13T14:33:25.543+0000] {processor.py:183} INFO - Processing /home/airflow/.local/lib/python3.10/site-packages/airflow/example_dags/example_branch_operator.py took 0.090 seconds
[2025-06-13T14:33:55.670+0000] {processor.py:161} INFO - Started process (PID=136) to work on /home/airflow/.local/lib/python3.10/site-packages/airflow/example_dags/example_branch_operator.py
[2025-06-13T14:33:55.671+0000] {processor.py:830} INFO - Processing file /home/airflow/.local/lib/python3.10/site-packages/airflow/example_dags/example_branch_operator.py for tasks to queue
[2025-06-13T14:33:55.672+0000] {logging_mixin.py:188} INFO - [2025-06-13T14:33:55.672+0000] {dagbag.py:540} INFO - Filling up the DagBag from /home/airflow/.local/lib/python3.10/site-packages/airflow/example_dags/example_branch_operator.py
[2025-06-13T14:33:55.683+0000] {processor.py:840} INFO - DAG(s) 'example_branch_operator' retrieved from /home/airflow/.local/lib/python3.10/site-packages/airflow/example_dags/example_branch_operator.py
[2025-06-13T14:33:55.741+0000] {logging_mixin.py:188} INFO - [2025-06-13T14:33:55.741+0000] {dag.py:3096} INFO - Sync 1 DAGs
[2025-06-13T14:33:55.753+0000] {logging_mixin.py:188} INFO - [2025-06-13T14:33:55.753+0000] {dag.py:3954} INFO - Setting next_dagrun for example_branch_operator to 2025-06-12 00:00:00+00:00, run_after=2025-06-13 00:00:00+00:00
[2025-06-13T14:33:55.762+0000] {processor.py:183} INFO - Processing /home/airflow/.local/lib/python3.10/site-packages/airflow/example_dags/example_branch_operator.py took 0.096 seconds
[2025-06-13T14:34:26.009+0000] {processor.py:161} INFO - Started process (PID=194) to work on /home/airflow/.local/lib/python3.10/site-packages/airflow/example_dags/example_branch_operator.py
[2025-06-13T14:34:26.011+0000] {processor.py:830} INFO - Processing file /home/airflow/.local/lib/python3.10/site-packages/airflow/example_dags/example_branch_operator.py for tasks to queue
[2025-06-13T14:34:26.012+0000] {logging_mixin.py:188} INFO - [2025-06-13T14:34:26.011+0000] {dagbag.py:540} INFO - Filling up the DagBag from /home/airflow/.local/lib/python3.10/site-packages/airflow/example_dags/example_branch_operator.py
[2025-06-13T14:34:26.020+0000] {processor.py:840} INFO - DAG(s) 'example_branch_operator' retrieved from /home/airflow/.local/lib/python3.10/site-packages/airflow/example_dags/example_branch_operator.py
[2025-06-13T14:34:26.037+0000] {logging_mixin.py:188} INFO - [2025-06-13T14:34:26.036+0000] {dag.py:3096} INFO - Sync 1 DAGs
[2025-06-13T14:34:26.047+0000] {logging_mixin.py:188} INFO - [2025-06-13T14:34:26.047+0000] {dag.py:3954} INFO - Setting next_dagrun for example_branch_operator to 2025-06-12 00:00:00+00:00, run_after=2025-06-13 00:00:00+00:00
[2025-06-13T14:34:26.056+0000] {processor.py:183} INFO - Processing /home/airflow/.local/lib/python3.10/site-packages/airflow/example_dags/example_branch_operator.py took 0.050 seconds
[2025-06-13T14:34:56.405+0000] {processor.py:161} INFO - Started process (PID=252) to work on /home/airflow/.local/lib/python3.10/site-packages/airflow/example_dags/example_branch_operator.py
[2025-06-13T14:34:56.406+0000] {processor.py:830} INFO - Processing file /home/airflow/.local/lib/python3.10/site-packages/airflow/example_dags/example_branch_operator.py for tasks to queue
[2025-06-13T14:34:56.407+0000] {logging_mixin.py:188} INFO - [2025-06-13T14:34:56.407+0000] {dagbag.py:540} INFO - Filling up the DagBag from /home/airflow/.local/lib/python3.10/site-packages/airflow/example_dags/example_branch_operator.py
[2025-06-13T14:34:56.417+0000] {processor.py:840} INFO - DAG(s) 'example_branch_operator' retrieved from /home/airflow/.local/lib/python3.10/site-packages/airflow/example_dags/example_branch_operator.py
[2025-06-13T14:34:56.434+0000] {logging_mixin.py:188} INFO - [2025-06-13T14:34:56.434+0000] {dag.py:3096} INFO - Sync 1 DAGs
[2025-06-13T14:34:56.448+0000] {logging_mixin.py:188} INFO - [2025-06-13T14:34:56.448+0000] {dag.py:3954} INFO - Setting next_dagrun for example_branch_operator to 2025-06-12 00:00:00+00:00, run_after=2025-06-13 00:00:00+00:00
[2025-06-13T14:34:56.460+0000] {processor.py:183} INFO - Processing /home/airflow/.local/lib/python3.10/site-packages/airflow/example_dags/example_branch_operator.py took 0.059 seconds
[2025-06-13T14:35:27.074+0000] {processor.py:161} INFO - Started process (PID=310) to work on /home/airflow/.local/lib/python3.10/site-packages/airflow/example_dags/example_branch_operator.py
[2025-06-13T14:35:27.075+0000] {processor.py:830} INFO - Processing file /home/airflow/.local/lib/python3.10/site-packages/airflow/example_dags/example_branch_operator.py for tasks to queue
[2025-06-13T14:35:27.077+0000] {logging_mixin.py:188} INFO - [2025-06-13T14:35:27.077+0000] {dagbag.py:540} INFO - Filling up the DagBag from /home/airflow/.local/lib/python3.10/site-packages/airflow/example_dags/example_branch_operator.py
[2025-06-13T14:35:27.090+0000] {processor.py:840} INFO - DAG(s) 'example_branch_operator' retrieved from /home/airflow/.local/lib/python3.10/site-packages/airflow/example_dags/example_branch_operator.py
[2025-06-13T14:35:27.113+0000] {logging_mixin.py:188} INFO - [2025-06-13T14:35:27.113+0000] {dag.py:3096} INFO - Sync 1 DAGs
[2025-06-13T14:35:27.146+0000] {logging_mixin.py:188} INFO - [2025-06-13T14:35:27.145+0000] {dag.py:3954} INFO - Setting next_dagrun for example_branch_operator to 2025-06-12 00:00:00+00:00, run_after=2025-06-13 00:00:00+00:00
[2025-06-13T14:35:27.179+0000] {processor.py:183} INFO - Processing /home/airflow/.local/lib/python3.10/site-packages/airflow/example_dags/example_branch_operator.py took 0.109 seconds
[2025-06-13T14:35:58.566+0000] {processor.py:161} INFO - Started process (PID=374) to work on /home/airflow/.local/lib/python3.10/site-packages/airflow/example_dags/example_branch_operator.py
[2025-06-13T14:35:58.567+0000] {processor.py:830} INFO - Processing file /home/airflow/.local/lib/python3.10/site-packages/airflow/example_dags/example_branch_operator.py for tasks to queue
[2025-06-13T14:35:58.568+0000] {logging_mixin.py:188} INFO - [2025-06-13T14:35:58.567+0000] {dagbag.py:540} INFO - Filling up the DagBag from /home/airflow/.local/lib/python3.10/site-packages/airflow/example_dags/example_branch_operator.py
[2025-06-13T14:35:58.580+0000] {processor.py:840} INFO - DAG(s) 'example_branch_operator' retrieved from /home/airflow/.local/lib/python3.10/site-packages/airflow/example_dags/example_branch_operator.py
[2025-06-13T14:35:58.598+0000] {logging_mixin.py:188} INFO - [2025-06-13T14:35:58.598+0000] {dag.py:3096} INFO - Sync 1 DAGs
[2025-06-13T14:35:58.610+0000] {logging_mixin.py:188} INFO - [2025-06-13T14:35:58.609+0000] {dag.py:3954} INFO - Setting next_dagrun for example_branch_operator to 2025-06-12 00:00:00+00:00, run_after=2025-06-13 00:00:00+00:00
[2025-06-13T14:35:58.622+0000] {processor.py:183} INFO - Processing /home/airflow/.local/lib/python3.10/site-packages/airflow/example_dags/example_branch_operator.py took 0.061 seconds
[2025-06-13T14:36:29.376+0000] {processor.py:161} INFO - Started process (PID=432) to work on /home/airflow/.local/lib/python3.10/site-packages/airflow/example_dags/example_branch_operator.py
[2025-06-13T14:36:29.377+0000] {processor.py:830} INFO - Processing file /home/airflow/.local/lib/python3.10/site-packages/airflow/example_dags/example_branch_operator.py for tasks to queue
[2025-06-13T14:36:29.378+0000] {logging_mixin.py:188} INFO - [2025-06-13T14:36:29.378+0000] {dagbag.py:540} INFO - Filling up the DagBag from /home/airflow/.local/lib/python3.10/site-packages/airflow/example_dags/example_branch_operator.py
[2025-06-13T14:36:29.387+0000] {processor.py:840} INFO - DAG(s) 'example_branch_operator' retrieved from /home/airflow/.local/lib/python3.10/site-packages/airflow/example_dags/example_branch_operator.py
[2025-06-13T14:36:29.401+0000] {logging_mixin.py:188} INFO - [2025-06-13T14:36:29.401+0000] {dag.py:3096} INFO - Sync 1 DAGs
[2025-06-13T14:36:29.412+0000] {logging_mixin.py:188} INFO - [2025-06-13T14:36:29.412+0000] {dag.py:3954} INFO - Setting next_dagrun for example_branch_operator to 2025-06-12 00:00:00+00:00, run_after=2025-06-13 00:00:00+00:00
[2025-06-13T14:36:29.419+0000] {processor.py:183} INFO - Processing /home/airflow/.local/lib/python3.10/site-packages/airflow/example_dags/example_branch_operator.py took 0.046 seconds
[2025-06-13T14:36:59.649+0000] {processor.py:161} INFO - Started process (PID=490) to work on /home/airflow/.local/lib/python3.10/site-packages/airflow/example_dags/example_branch_operator.py
[2025-06-13T14:36:59.652+0000] {processor.py:830} INFO - Processing file /home/airflow/.local/lib/python3.10/site-packages/airflow/example_dags/example_branch_operator.py for tasks to queue
[2025-06-13T14:36:59.654+0000] {logging_mixin.py:188} INFO - [2025-06-13T14:36:59.654+0000] {dagbag.py:540} INFO - Filling up the DagBag from /home/airflow/.local/lib/python3.10/site-packages/airflow/example_dags/example_branch_operator.py
[2025-06-13T14:36:59.666+0000] {processor.py:840} INFO - DAG(s) 'example_branch_operator' retrieved from /home/airflow/.local/lib/python3.10/site-packages/airflow/example_dags/example_branch_operator.py
[2025-06-13T14:36:59.685+0000] {logging_mixin.py:188} INFO - [2025-06-13T14:36:59.684+0000] {dag.py:3096} INFO - Sync 1 DAGs
[2025-06-13T14:36:59.704+0000] {logging_mixin.py:188} INFO - [2025-06-13T14:36:59.704+0000] {dag.py:3954} INFO - Setting next_dagrun for example_branch_operator to 2025-06-12 00:00:00+00:00, run_after=2025-06-13 00:00:00+00:00
[2025-06-13T14:36:59.719+0000] {processor.py:183} INFO - Processing /home/airflow/.local/lib/python3.10/site-packages/airflow/example_dags/example_branch_operator.py took 0.074 seconds
[2025-06-13T14:37:30.617+0000] {processor.py:161} INFO - Started process (PID=548) to work on /home/airflow/.local/lib/python3.10/site-packages/airflow/example_dags/example_branch_operator.py
[2025-06-13T14:37:30.619+0000] {processor.py:830} INFO - Processing file /home/airflow/.local/lib/python3.10/site-packages/airflow/example_dags/example_branch_operator.py for tasks to queue
[2025-06-13T14:37:30.622+0000] {logging_mixin.py:188} INFO - [2025-06-13T14:37:30.621+0000] {dagbag.py:540} INFO - Filling up the DagBag from /home/airflow/.local/lib/python3.10/site-packages/airflow/example_dags/example_branch_operator.py
[2025-06-13T14:37:30.631+0000] {processor.py:840} INFO - DAG(s) 'example_branch_operator' retrieved from /home/airflow/.local/lib/python3.10/site-packages/airflow/example_dags/example_branch_operator.py
[2025-06-13T14:37:30.659+0000] {logging_mixin.py:188} INFO - [2025-06-13T14:37:30.658+0000] {dag.py:3096} INFO - Sync 1 DAGs
[2025-06-13T14:37:30.674+0000] {logging_mixin.py:188} INFO - [2025-06-13T14:37:30.674+0000] {dag.py:3954} INFO - Setting next_dagrun for example_branch_operator to 2025-06-12 00:00:00+00:00, run_after=2025-06-13 00:00:00+00:00
[2025-06-13T14:37:30.687+0000] {processor.py:183} INFO - Processing /home/airflow/.local/lib/python3.10/site-packages/airflow/example_dags/example_branch_operator.py took 0.075 seconds
[2025-06-13T14:38:00.712+0000] {processor.py:161} INFO - Started process (PID=606) to work on /home/airflow/.local/lib/python3.10/site-packages/airflow/example_dags/example_branch_operator.py
[2025-06-13T14:38:00.712+0000] {processor.py:830} INFO - Processing file /home/airflow/.local/lib/python3.10/site-packages/airflow/example_dags/example_branch_operator.py for tasks to queue
[2025-06-13T14:38:00.713+0000] {logging_mixin.py:188} INFO - [2025-06-13T14:38:00.713+0000] {dagbag.py:540} INFO - Filling up the DagBag from /home/airflow/.local/lib/python3.10/site-packages/airflow/example_dags/example_branch_operator.py
[2025-06-13T14:38:00.723+0000] {processor.py:840} INFO - DAG(s) 'example_branch_operator' retrieved from /home/airflow/.local/lib/python3.10/site-packages/airflow/example_dags/example_branch_operator.py
[2025-06-13T14:38:00.743+0000] {logging_mixin.py:188} INFO - [2025-06-13T14:38:00.743+0000] {dag.py:3096} INFO - Sync 1 DAGs
[2025-06-13T14:38:00.755+0000] {logging_mixin.py:188} INFO - [2025-06-13T14:38:00.755+0000] {dag.py:3954} INFO - Setting next_dagrun for example_branch_operator to 2025-06-12 00:00:00+00:00, run_after=2025-06-13 00:00:00+00:00
[2025-06-13T14:38:00.764+0000] {processor.py:183} INFO - Processing /home/airflow/.local/lib/python3.10/site-packages/airflow/example_dags/example_branch_operator.py took 0.056 seconds
[2025-06-13T14:38:31.454+0000] {processor.py:161} INFO - Started process (PID=666) to work on /home/airflow/.local/lib/python3.10/site-packages/airflow/example_dags/example_branch_operator.py
[2025-06-13T14:38:31.455+0000] {processor.py:830} INFO - Processing file /home/airflow/.local/lib/python3.10/site-packages/airflow/example_dags/example_branch_operator.py for tasks to queue
[2025-06-13T14:38:31.456+0000] {logging_mixin.py:188} INFO - [2025-06-13T14:38:31.456+0000] {dagbag.py:540} INFO - Filling up the DagBag from /home/airflow/.local/lib/python3.10/site-packages/airflow/example_dags/example_branch_operator.py
[2025-06-13T14:38:31.466+0000] {processor.py:840} INFO - DAG(s) 'example_branch_operator' retrieved from /home/airflow/.local/lib/python3.10/site-packages/airflow/example_dags/example_branch_operator.py
[2025-06-13T14:38:31.487+0000] {logging_mixin.py:188} INFO - [2025-06-13T14:38:31.486+0000] {dag.py:3096} INFO - Sync 1 DAGs
[2025-06-13T14:38:31.500+0000] {logging_mixin.py:188} INFO - [2025-06-13T14:38:31.500+0000] {dag.py:3954} INFO - Setting next_dagrun for example_branch_operator to 2025-06-12 00:00:00+00:00, run_after=2025-06-13 00:00:00+00:00
[2025-06-13T14:38:31.510+0000] {processor.py:183} INFO - Processing /home/airflow/.local/lib/python3.10/site-packages/airflow/example_dags/example_branch_operator.py took 0.060 seconds
[2025-06-13T14:39:02.190+0000] {processor.py:161} INFO - Started process (PID=726) to work on /home/airflow/.local/lib/python3.10/site-packages/airflow/example_dags/example_branch_operator.py
[2025-06-13T14:39:02.194+0000] {processor.py:830} INFO - Processing file /home/airflow/.local/lib/python3.10/site-packages/airflow/example_dags/example_branch_operator.py for tasks to queue
[2025-06-13T14:39:02.195+0000] {logging_mixin.py:188} INFO - [2025-06-13T14:39:02.195+0000] {dagbag.py:540} INFO - Filling up the DagBag from /home/airflow/.local/lib/python3.10/site-packages/airflow/example_dags/example_branch_operator.py
[2025-06-13T14:39:02.205+0000] {processor.py:840} INFO - DAG(s) 'example_branch_operator' retrieved from /home/airflow/.local/lib/python3.10/site-packages/airflow/example_dags/example_branch_operator.py
[2025-06-13T14:39:02.225+0000] {logging_mixin.py:188} INFO - [2025-06-13T14:39:02.225+0000] {dag.py:3096} INFO - Sync 1 DAGs
[2025-06-13T14:39:02.237+0000] {logging_mixin.py:188} INFO - [2025-06-13T14:39:02.237+0000] {dag.py:3954} INFO - Setting next_dagrun for example_branch_operator to 2025-06-12 00:00:00+00:00, run_after=2025-06-13 00:00:00+00:00
[2025-06-13T14:39:02.254+0000] {processor.py:183} INFO - Processing /home/airflow/.local/lib/python3.10/site-packages/airflow/example_dags/example_branch_operator.py took 0.067 seconds
[2025-06-13T14:39:33.270+0000] {processor.py:161} INFO - Started process (PID=786) to work on /home/airflow/.local/lib/python3.10/site-packages/airflow/example_dags/example_branch_operator.py
[2025-06-13T14:39:33.271+0000] {processor.py:830} INFO - Processing file /home/airflow/.local/lib/python3.10/site-packages/airflow/example_dags/example_branch_operator.py for tasks to queue
[2025-06-13T14:39:33.272+0000] {logging_mixin.py:188} INFO - [2025-06-13T14:39:33.272+0000] {dagbag.py:540} INFO - Filling up the DagBag from /home/airflow/.local/lib/python3.10/site-packages/airflow/example_dags/example_branch_operator.py
[2025-06-13T14:39:33.282+0000] {processor.py:840} INFO - DAG(s) 'example_branch_operator' retrieved from /home/airflow/.local/lib/python3.10/site-packages/airflow/example_dags/example_branch_operator.py
[2025-06-13T14:39:33.301+0000] {logging_mixin.py:188} INFO - [2025-06-13T14:39:33.301+0000] {dag.py:3096} INFO - Sync 1 DAGs
[2025-06-13T14:39:33.314+0000] {logging_mixin.py:188} INFO - [2025-06-13T14:39:33.314+0000] {dag.py:3954} INFO - Setting next_dagrun for example_branch_operator to 2025-06-12 00:00:00+00:00, run_after=2025-06-13 00:00:00+00:00
[2025-06-13T14:39:33.328+0000] {processor.py:183} INFO - Processing /home/airflow/.local/lib/python3.10/site-packages/airflow/example_dags/example_branch_operator.py took 0.061 seconds
[2025-06-13T14:40:03.629+0000] {processor.py:161} INFO - Started process (PID=846) to work on /home/airflow/.local/lib/python3.10/site-packages/airflow/example_dags/example_branch_operator.py
[2025-06-13T14:40:03.633+0000] {processor.py:830} INFO - Processing file /home/airflow/.local/lib/python3.10/site-packages/airflow/example_dags/example_branch_operator.py for tasks to queue
[2025-06-13T14:40:03.634+0000] {logging_mixin.py:188} INFO - [2025-06-13T14:40:03.634+0000] {dagbag.py:540} INFO - Filling up the DagBag from /home/airflow/.local/lib/python3.10/site-packages/airflow/example_dags/example_branch_operator.py
[2025-06-13T14:40:03.643+0000] {processor.py:840} INFO - DAG(s) 'example_branch_operator' retrieved from /home/airflow/.local/lib/python3.10/site-packages/airflow/example_dags/example_branch_operator.py
[2025-06-13T14:40:03.662+0000] {logging_mixin.py:188} INFO - [2025-06-13T14:40:03.660+0000] {dag.py:3096} INFO - Sync 1 DAGs
[2025-06-13T14:40:03.673+0000] {logging_mixin.py:188} INFO - [2025-06-13T14:40:03.673+0000] {dag.py:3954} INFO - Setting next_dagrun for example_branch_operator to 2025-06-12 00:00:00+00:00, run_after=2025-06-13 00:00:00+00:00
[2025-06-13T14:40:03.686+0000] {processor.py:183} INFO - Processing /home/airflow/.local/lib/python3.10/site-packages/airflow/example_dags/example_branch_operator.py took 0.060 seconds
[2025-06-13T14:40:34.741+0000] {processor.py:161} INFO - Started process (PID=906) to work on /home/airflow/.local/lib/python3.10/site-packages/airflow/example_dags/example_branch_operator.py
[2025-06-13T14:40:34.744+0000] {processor.py:830} INFO - Processing file /home/airflow/.local/lib/python3.10/site-packages/airflow/example_dags/example_branch_operator.py for tasks to queue
[2025-06-13T14:40:34.748+0000] {logging_mixin.py:188} INFO - [2025-06-13T14:40:34.746+0000] {dagbag.py:540} INFO - Filling up the DagBag from /home/airflow/.local/lib/python3.10/site-packages/airflow/example_dags/example_branch_operator.py
[2025-06-13T14:40:34.759+0000] {processor.py:840} INFO - DAG(s) 'example_branch_operator' retrieved from /home/airflow/.local/lib/python3.10/site-packages/airflow/example_dags/example_branch_operator.py
[2025-06-13T14:40:34.784+0000] {logging_mixin.py:188} INFO - [2025-06-13T14:40:34.784+0000] {dag.py:3096} INFO - Sync 1 DAGs
[2025-06-13T14:40:34.798+0000] {logging_mixin.py:188} INFO - [2025-06-13T14:40:34.798+0000] {dag.py:3954} INFO - Setting next_dagrun for example_branch_operator to 2025-06-12 00:00:00+00:00, run_after=2025-06-13 00:00:00+00:00
[2025-06-13T14:40:34.816+0000] {processor.py:183} INFO - Processing /home/airflow/.local/lib/python3.10/site-packages/airflow/example_dags/example_branch_operator.py took 0.080 seconds
[2025-06-13T14:41:05.241+0000] {processor.py:161} INFO - Started process (PID=966) to work on /home/airflow/.local/lib/python3.10/site-packages/airflow/example_dags/example_branch_operator.py
[2025-06-13T14:41:05.242+0000] {processor.py:830} INFO - Processing file /home/airflow/.local/lib/python3.10/site-packages/airflow/example_dags/example_branch_operator.py for tasks to queue
[2025-06-13T14:41:05.243+0000] {logging_mixin.py:188} INFO - [2025-06-13T14:41:05.243+0000] {dagbag.py:540} INFO - Filling up the DagBag from /home/airflow/.local/lib/python3.10/site-packages/airflow/example_dags/example_branch_operator.py
[2025-06-13T14:41:05.252+0000] {processor.py:840} INFO - DAG(s) 'example_branch_operator' retrieved from /home/airflow/.local/lib/python3.10/site-packages/airflow/example_dags/example_branch_operator.py
[2025-06-13T14:41:05.272+0000] {logging_mixin.py:188} INFO - [2025-06-13T14:41:05.271+0000] {dag.py:3096} INFO - Sync 1 DAGs
[2025-06-13T14:41:05.283+0000] {logging_mixin.py:188} INFO - [2025-06-13T14:41:05.282+0000] {dag.py:3954} INFO - Setting next_dagrun for example_branch_operator to 2025-06-12 00:00:00+00:00, run_after=2025-06-13 00:00:00+00:00
[2025-06-13T14:41:05.292+0000] {processor.py:183} INFO - Processing /home/airflow/.local/lib/python3.10/site-packages/airflow/example_dags/example_branch_operator.py took 0.055 seconds
[2025-06-13T14:41:35.672+0000] {processor.py:161} INFO - Started process (PID=1026) to work on /home/airflow/.local/lib/python3.10/site-packages/airflow/example_dags/example_branch_operator.py
[2025-06-13T14:41:35.675+0000] {processor.py:830} INFO - Processing file /home/airflow/.local/lib/python3.10/site-packages/airflow/example_dags/example_branch_operator.py for tasks to queue
[2025-06-13T14:41:35.678+0000] {logging_mixin.py:188} INFO - [2025-06-13T14:41:35.678+0000] {dagbag.py:540} INFO - Filling up the DagBag from /home/airflow/.local/lib/python3.10/site-packages/airflow/example_dags/example_branch_operator.py
[2025-06-13T14:41:35.691+0000] {processor.py:840} INFO - DAG(s) 'example_branch_operator' retrieved from /home/airflow/.local/lib/python3.10/site-packages/airflow/example_dags/example_branch_operator.py
[2025-06-13T14:41:35.710+0000] {logging_mixin.py:188} INFO - [2025-06-13T14:41:35.710+0000] {dag.py:3096} INFO - Sync 1 DAGs
[2025-06-13T14:41:35.722+0000] {logging_mixin.py:188} INFO - [2025-06-13T14:41:35.722+0000] {dag.py:3954} INFO - Setting next_dagrun for example_branch_operator to 2025-06-12 00:00:00+00:00, run_after=2025-06-13 00:00:00+00:00
[2025-06-13T14:41:35.734+0000] {processor.py:183} INFO - Processing /home/airflow/.local/lib/python3.10/site-packages/airflow/example_dags/example_branch_operator.py took 0.070 seconds
[2025-06-13T14:42:06.037+0000] {processor.py:161} INFO - Started process (PID=1086) to work on /home/airflow/.local/lib/python3.10/site-packages/airflow/example_dags/example_branch_operator.py
[2025-06-13T14:42:06.038+0000] {processor.py:830} INFO - Processing file /home/airflow/.local/lib/python3.10/site-packages/airflow/example_dags/example_branch_operator.py for tasks to queue
[2025-06-13T14:42:06.039+0000] {logging_mixin.py:188} INFO - [2025-06-13T14:42:06.039+0000] {dagbag.py:540} INFO - Filling up the DagBag from /home/airflow/.local/lib/python3.10/site-packages/airflow/example_dags/example_branch_operator.py
[2025-06-13T14:42:06.049+0000] {processor.py:840} INFO - DAG(s) 'example_branch_operator' retrieved from /home/airflow/.local/lib/python3.10/site-packages/airflow/example_dags/example_branch_operator.py
[2025-06-13T14:42:06.065+0000] {logging_mixin.py:188} INFO - [2025-06-13T14:42:06.064+0000] {dag.py:3096} INFO - Sync 1 DAGs
[2025-06-13T14:42:06.077+0000] {logging_mixin.py:188} INFO - [2025-06-13T14:42:06.076+0000] {dag.py:3954} INFO - Setting next_dagrun for example_branch_operator to 2025-06-12 00:00:00+00:00, run_after=2025-06-13 00:00:00+00:00
[2025-06-13T14:42:06.085+0000] {processor.py:183} INFO - Processing /home/airflow/.local/lib/python3.10/site-packages/airflow/example_dags/example_branch_operator.py took 0.052 seconds
[2025-06-13T14:42:37.368+0000] {processor.py:161} INFO - Started process (PID=1146) to work on /home/airflow/.local/lib/python3.10/site-packages/airflow/example_dags/example_branch_operator.py
[2025-06-13T14:42:37.372+0000] {processor.py:830} INFO - Processing file /home/airflow/.local/lib/python3.10/site-packages/airflow/example_dags/example_branch_operator.py for tasks to queue
[2025-06-13T14:42:37.374+0000] {logging_mixin.py:188} INFO - [2025-06-13T14:42:37.373+0000] {dagbag.py:540} INFO - Filling up the DagBag from /home/airflow/.local/lib/python3.10/site-packages/airflow/example_dags/example_branch_operator.py
[2025-06-13T14:42:37.383+0000] {processor.py:840} INFO - DAG(s) 'example_branch_operator' retrieved from /home/airflow/.local/lib/python3.10/site-packages/airflow/example_dags/example_branch_operator.py
[2025-06-13T14:42:37.398+0000] {logging_mixin.py:188} INFO - [2025-06-13T14:42:37.397+0000] {dag.py:3096} INFO - Sync 1 DAGs
[2025-06-13T14:42:37.413+0000] {logging_mixin.py:188} INFO - [2025-06-13T14:42:37.413+0000] {dag.py:3954} INFO - Setting next_dagrun for example_branch_operator to 2025-06-12 00:00:00+00:00, run_after=2025-06-13 00:00:00+00:00
[2025-06-13T14:42:37.427+0000] {processor.py:183} INFO - Processing /home/airflow/.local/lib/python3.10/site-packages/airflow/example_dags/example_branch_operator.py took 0.063 seconds
[2025-06-13T14:43:08.026+0000] {processor.py:161} INFO - Started process (PID=1206) to work on /home/airflow/.local/lib/python3.10/site-packages/airflow/example_dags/example_branch_operator.py
[2025-06-13T14:43:08.027+0000] {processor.py:830} INFO - Processing file /home/airflow/.local/lib/python3.10/site-packages/airflow/example_dags/example_branch_operator.py for tasks to queue
[2025-06-13T14:43:08.028+0000] {logging_mixin.py:188} INFO - [2025-06-13T14:43:08.028+0000] {dagbag.py:540} INFO - Filling up the DagBag from /home/airflow/.local/lib/python3.10/site-packages/airflow/example_dags/example_branch_operator.py
[2025-06-13T14:43:08.040+0000] {processor.py:840} INFO - DAG(s) 'example_branch_operator' retrieved from /home/airflow/.local/lib/python3.10/site-packages/airflow/example_dags/example_branch_operator.py
[2025-06-13T14:43:08.057+0000] {logging_mixin.py:188} INFO - [2025-06-13T14:43:08.057+0000] {dag.py:3096} INFO - Sync 1 DAGs
[2025-06-13T14:43:08.068+0000] {logging_mixin.py:188} INFO - [2025-06-13T14:43:08.068+0000] {dag.py:3954} INFO - Setting next_dagrun for example_branch_operator to 2025-06-12 00:00:00+00:00, run_after=2025-06-13 00:00:00+00:00
[2025-06-13T14:43:08.082+0000] {processor.py:183} INFO - Processing /home/airflow/.local/lib/python3.10/site-packages/airflow/example_dags/example_branch_operator.py took 0.061 seconds
[2025-06-13T14:44:43.462+0000] {processor.py:161} INFO - Started process (PID=97) to work on /home/airflow/.local/lib/python3.10/site-packages/airflow/example_dags/example_branch_operator.py
[2025-06-13T14:44:43.463+0000] {processor.py:830} INFO - Processing file /home/airflow/.local/lib/python3.10/site-packages/airflow/example_dags/example_branch_operator.py for tasks to queue
[2025-06-13T14:44:43.464+0000] {logging_mixin.py:188} INFO - [2025-06-13T14:44:43.464+0000] {dagbag.py:540} INFO - Filling up the DagBag from /home/airflow/.local/lib/python3.10/site-packages/airflow/example_dags/example_branch_operator.py
[2025-06-13T14:44:43.474+0000] {processor.py:840} INFO - DAG(s) 'example_branch_operator' retrieved from /home/airflow/.local/lib/python3.10/site-packages/airflow/example_dags/example_branch_operator.py
[2025-06-13T14:44:43.482+0000] {logging_mixin.py:188} INFO - [2025-06-13T14:44:43.482+0000] {dag.py:3096} INFO - Sync 1 DAGs
[2025-06-13T14:44:43.496+0000] {logging_mixin.py:188} INFO - [2025-06-13T14:44:43.496+0000] {dag.py:3954} INFO - Setting next_dagrun for example_branch_operator to 2025-06-12 00:00:00+00:00, run_after=2025-06-13 00:00:00+00:00
[2025-06-13T14:44:43.511+0000] {processor.py:183} INFO - Processing /home/airflow/.local/lib/python3.10/site-packages/airflow/example_dags/example_branch_operator.py took 0.053 seconds
[2025-06-13T14:45:16.914+0000] {processor.py:161} INFO - Started process (PID=167) to work on /home/airflow/.local/lib/python3.10/site-packages/airflow/example_dags/example_branch_operator.py
[2025-06-13T14:45:16.916+0000] {processor.py:830} INFO - Processing file /home/airflow/.local/lib/python3.10/site-packages/airflow/example_dags/example_branch_operator.py for tasks to queue
[2025-06-13T14:45:16.917+0000] {logging_mixin.py:188} INFO - [2025-06-13T14:45:16.917+0000] {dagbag.py:540} INFO - Filling up the DagBag from /home/airflow/.local/lib/python3.10/site-packages/airflow/example_dags/example_branch_operator.py
[2025-06-13T14:45:16.930+0000] {processor.py:840} INFO - DAG(s) 'example_branch_operator' retrieved from /home/airflow/.local/lib/python3.10/site-packages/airflow/example_dags/example_branch_operator.py
[2025-06-13T14:45:17.044+0000] {logging_mixin.py:188} INFO - [2025-06-13T14:45:17.044+0000] {dag.py:3096} INFO - Sync 1 DAGs
[2025-06-13T14:45:17.059+0000] {logging_mixin.py:188} INFO - [2025-06-13T14:45:17.058+0000] {dag.py:3954} INFO - Setting next_dagrun for example_branch_operator to 2025-06-12 00:00:00+00:00, run_after=2025-06-13 00:00:00+00:00
[2025-06-13T14:45:17.082+0000] {processor.py:183} INFO - Processing /home/airflow/.local/lib/python3.10/site-packages/airflow/example_dags/example_branch_operator.py took 0.173 seconds
[2025-06-13T14:45:47.548+0000] {processor.py:161} INFO - Started process (PID=235) to work on /home/airflow/.local/lib/python3.10/site-packages/airflow/example_dags/example_branch_operator.py
[2025-06-13T14:45:47.549+0000] {processor.py:830} INFO - Processing file /home/airflow/.local/lib/python3.10/site-packages/airflow/example_dags/example_branch_operator.py for tasks to queue
[2025-06-13T14:45:47.550+0000] {logging_mixin.py:188} INFO - [2025-06-13T14:45:47.550+0000] {dagbag.py:540} INFO - Filling up the DagBag from /home/airflow/.local/lib/python3.10/site-packages/airflow/example_dags/example_branch_operator.py
[2025-06-13T14:45:47.558+0000] {processor.py:840} INFO - DAG(s) 'example_branch_operator' retrieved from /home/airflow/.local/lib/python3.10/site-packages/airflow/example_dags/example_branch_operator.py
[2025-06-13T14:45:47.576+0000] {logging_mixin.py:188} INFO - [2025-06-13T14:45:47.575+0000] {dag.py:3096} INFO - Sync 1 DAGs
[2025-06-13T14:45:47.590+0000] {logging_mixin.py:188} INFO - [2025-06-13T14:45:47.590+0000] {dag.py:3954} INFO - Setting next_dagrun for example_branch_operator to 2025-06-12 00:00:00+00:00, run_after=2025-06-13 00:00:00+00:00
[2025-06-13T14:45:47.600+0000] {processor.py:183} INFO - Processing /home/airflow/.local/lib/python3.10/site-packages/airflow/example_dags/example_branch_operator.py took 0.056 seconds
[2025-06-13T14:46:18.242+0000] {processor.py:161} INFO - Started process (PID=295) to work on /home/airflow/.local/lib/python3.10/site-packages/airflow/example_dags/example_branch_operator.py
[2025-06-13T14:46:18.243+0000] {processor.py:830} INFO - Processing file /home/airflow/.local/lib/python3.10/site-packages/airflow/example_dags/example_branch_operator.py for tasks to queue
[2025-06-13T14:46:18.245+0000] {logging_mixin.py:188} INFO - [2025-06-13T14:46:18.244+0000] {dagbag.py:540} INFO - Filling up the DagBag from /home/airflow/.local/lib/python3.10/site-packages/airflow/example_dags/example_branch_operator.py
[2025-06-13T14:46:18.253+0000] {processor.py:840} INFO - DAG(s) 'example_branch_operator' retrieved from /home/airflow/.local/lib/python3.10/site-packages/airflow/example_dags/example_branch_operator.py
[2025-06-13T14:46:18.278+0000] {logging_mixin.py:188} INFO - [2025-06-13T14:46:18.278+0000] {dag.py:3096} INFO - Sync 1 DAGs
[2025-06-13T14:46:18.291+0000] {logging_mixin.py:188} INFO - [2025-06-13T14:46:18.291+0000] {dag.py:3954} INFO - Setting next_dagrun for example_branch_operator to 2025-06-12 00:00:00+00:00, run_after=2025-06-13 00:00:00+00:00
[2025-06-13T14:46:18.302+0000] {processor.py:183} INFO - Processing /home/airflow/.local/lib/python3.10/site-packages/airflow/example_dags/example_branch_operator.py took 0.066 seconds
[2025-06-13T14:46:49.099+0000] {processor.py:161} INFO - Started process (PID=355) to work on /home/airflow/.local/lib/python3.10/site-packages/airflow/example_dags/example_branch_operator.py
[2025-06-13T14:46:49.100+0000] {processor.py:830} INFO - Processing file /home/airflow/.local/lib/python3.10/site-packages/airflow/example_dags/example_branch_operator.py for tasks to queue
[2025-06-13T14:46:49.101+0000] {logging_mixin.py:188} INFO - [2025-06-13T14:46:49.101+0000] {dagbag.py:540} INFO - Filling up the DagBag from /home/airflow/.local/lib/python3.10/site-packages/airflow/example_dags/example_branch_operator.py
[2025-06-13T14:46:49.110+0000] {processor.py:840} INFO - DAG(s) 'example_branch_operator' retrieved from /home/airflow/.local/lib/python3.10/site-packages/airflow/example_dags/example_branch_operator.py
[2025-06-13T14:46:49.131+0000] {logging_mixin.py:188} INFO - [2025-06-13T14:46:49.130+0000] {dag.py:3096} INFO - Sync 1 DAGs
[2025-06-13T14:46:49.144+0000] {logging_mixin.py:188} INFO - [2025-06-13T14:46:49.144+0000] {dag.py:3954} INFO - Setting next_dagrun for example_branch_operator to 2025-06-12 00:00:00+00:00, run_after=2025-06-13 00:00:00+00:00
[2025-06-13T14:46:49.157+0000] {processor.py:183} INFO - Processing /home/airflow/.local/lib/python3.10/site-packages/airflow/example_dags/example_branch_operator.py took 0.062 seconds
[2025-06-13T14:47:19.496+0000] {processor.py:161} INFO - Started process (PID=415) to work on /home/airflow/.local/lib/python3.10/site-packages/airflow/example_dags/example_branch_operator.py
[2025-06-13T14:47:19.496+0000] {processor.py:830} INFO - Processing file /home/airflow/.local/lib/python3.10/site-packages/airflow/example_dags/example_branch_operator.py for tasks to queue
[2025-06-13T14:47:19.497+0000] {logging_mixin.py:188} INFO - [2025-06-13T14:47:19.497+0000] {dagbag.py:540} INFO - Filling up the DagBag from /home/airflow/.local/lib/python3.10/site-packages/airflow/example_dags/example_branch_operator.py
[2025-06-13T14:47:19.507+0000] {processor.py:840} INFO - DAG(s) 'example_branch_operator' retrieved from /home/airflow/.local/lib/python3.10/site-packages/airflow/example_dags/example_branch_operator.py
[2025-06-13T14:47:19.526+0000] {logging_mixin.py:188} INFO - [2025-06-13T14:47:19.525+0000] {dag.py:3096} INFO - Sync 1 DAGs
[2025-06-13T14:47:19.538+0000] {logging_mixin.py:188} INFO - [2025-06-13T14:47:19.538+0000] {dag.py:3954} INFO - Setting next_dagrun for example_branch_operator to 2025-06-12 00:00:00+00:00, run_after=2025-06-13 00:00:00+00:00
[2025-06-13T14:47:19.547+0000] {processor.py:183} INFO - Processing /home/airflow/.local/lib/python3.10/site-packages/airflow/example_dags/example_branch_operator.py took 0.055 seconds
[2025-06-13T14:47:49.739+0000] {processor.py:161} INFO - Started process (PID=475) to work on /home/airflow/.local/lib/python3.10/site-packages/airflow/example_dags/example_branch_operator.py
[2025-06-13T14:47:49.740+0000] {processor.py:830} INFO - Processing file /home/airflow/.local/lib/python3.10/site-packages/airflow/example_dags/example_branch_operator.py for tasks to queue
[2025-06-13T14:47:49.741+0000] {logging_mixin.py:188} INFO - [2025-06-13T14:47:49.741+0000] {dagbag.py:540} INFO - Filling up the DagBag from /home/airflow/.local/lib/python3.10/site-packages/airflow/example_dags/example_branch_operator.py
[2025-06-13T14:47:49.749+0000] {processor.py:840} INFO - DAG(s) 'example_branch_operator' retrieved from /home/airflow/.local/lib/python3.10/site-packages/airflow/example_dags/example_branch_operator.py
[2025-06-13T14:47:49.770+0000] {logging_mixin.py:188} INFO - [2025-06-13T14:47:49.769+0000] {dag.py:3096} INFO - Sync 1 DAGs
[2025-06-13T14:47:49.782+0000] {logging_mixin.py:188} INFO - [2025-06-13T14:47:49.782+0000] {dag.py:3954} INFO - Setting next_dagrun for example_branch_operator to 2025-06-12 00:00:00+00:00, run_after=2025-06-13 00:00:00+00:00
[2025-06-13T14:47:49.796+0000] {processor.py:183} INFO - Processing /home/airflow/.local/lib/python3.10/site-packages/airflow/example_dags/example_branch_operator.py took 0.060 seconds
[2025-06-13T14:48:20.620+0000] {processor.py:161} INFO - Started process (PID=535) to work on /home/airflow/.local/lib/python3.10/site-packages/airflow/example_dags/example_branch_operator.py
[2025-06-13T14:48:20.621+0000] {processor.py:830} INFO - Processing file /home/airflow/.local/lib/python3.10/site-packages/airflow/example_dags/example_branch_operator.py for tasks to queue
[2025-06-13T14:48:20.622+0000] {logging_mixin.py:188} INFO - [2025-06-13T14:48:20.622+0000] {dagbag.py:540} INFO - Filling up the DagBag from /home/airflow/.local/lib/python3.10/site-packages/airflow/example_dags/example_branch_operator.py
[2025-06-13T14:48:20.636+0000] {processor.py:840} INFO - DAG(s) 'example_branch_operator' retrieved from /home/airflow/.local/lib/python3.10/site-packages/airflow/example_dags/example_branch_operator.py
[2025-06-13T14:48:20.653+0000] {logging_mixin.py:188} INFO - [2025-06-13T14:48:20.653+0000] {dag.py:3096} INFO - Sync 1 DAGs
[2025-06-13T14:48:20.669+0000] {logging_mixin.py:188} INFO - [2025-06-13T14:48:20.669+0000] {dag.py:3954} INFO - Setting next_dagrun for example_branch_operator to 2025-06-12 00:00:00+00:00, run_after=2025-06-13 00:00:00+00:00
[2025-06-13T14:48:20.682+0000] {processor.py:183} INFO - Processing /home/airflow/.local/lib/python3.10/site-packages/airflow/example_dags/example_branch_operator.py took 0.066 seconds
[2025-06-13T14:48:51.149+0000] {processor.py:161} INFO - Started process (PID=595) to work on /home/airflow/.local/lib/python3.10/site-packages/airflow/example_dags/example_branch_operator.py
[2025-06-13T14:48:51.150+0000] {processor.py:830} INFO - Processing file /home/airflow/.local/lib/python3.10/site-packages/airflow/example_dags/example_branch_operator.py for tasks to queue
[2025-06-13T14:48:51.152+0000] {logging_mixin.py:188} INFO - [2025-06-13T14:48:51.152+0000] {dagbag.py:540} INFO - Filling up the DagBag from /home/airflow/.local/lib/python3.10/site-packages/airflow/example_dags/example_branch_operator.py
[2025-06-13T14:48:51.165+0000] {processor.py:840} INFO - DAG(s) 'example_branch_operator' retrieved from /home/airflow/.local/lib/python3.10/site-packages/airflow/example_dags/example_branch_operator.py
[2025-06-13T14:48:51.190+0000] {logging_mixin.py:188} INFO - [2025-06-13T14:48:51.190+0000] {dag.py:3096} INFO - Sync 1 DAGs
[2025-06-13T14:48:51.211+0000] {logging_mixin.py:188} INFO - [2025-06-13T14:48:51.211+0000] {dag.py:3954} INFO - Setting next_dagrun for example_branch_operator to 2025-06-12 00:00:00+00:00, run_after=2025-06-13 00:00:00+00:00
[2025-06-13T14:48:51.227+0000] {processor.py:183} INFO - Processing /home/airflow/.local/lib/python3.10/site-packages/airflow/example_dags/example_branch_operator.py took 0.082 seconds
[2025-06-13T14:49:21.560+0000] {processor.py:161} INFO - Started process (PID=655) to work on /home/airflow/.local/lib/python3.10/site-packages/airflow/example_dags/example_branch_operator.py
[2025-06-13T14:49:21.561+0000] {processor.py:830} INFO - Processing file /home/airflow/.local/lib/python3.10/site-packages/airflow/example_dags/example_branch_operator.py for tasks to queue
[2025-06-13T14:49:21.562+0000] {logging_mixin.py:188} INFO - [2025-06-13T14:49:21.562+0000] {dagbag.py:540} INFO - Filling up the DagBag from /home/airflow/.local/lib/python3.10/site-packages/airflow/example_dags/example_branch_operator.py
[2025-06-13T14:49:21.570+0000] {processor.py:840} INFO - DAG(s) 'example_branch_operator' retrieved from /home/airflow/.local/lib/python3.10/site-packages/airflow/example_dags/example_branch_operator.py
[2025-06-13T14:49:21.584+0000] {logging_mixin.py:188} INFO - [2025-06-13T14:49:21.584+0000] {dag.py:3096} INFO - Sync 1 DAGs
[2025-06-13T14:49:21.594+0000] {logging_mixin.py:188} INFO - [2025-06-13T14:49:21.594+0000] {dag.py:3954} INFO - Setting next_dagrun for example_branch_operator to 2025-06-12 00:00:00+00:00, run_after=2025-06-13 00:00:00+00:00
[2025-06-13T14:49:21.602+0000] {processor.py:183} INFO - Processing /home/airflow/.local/lib/python3.10/site-packages/airflow/example_dags/example_branch_operator.py took 0.045 seconds
[2025-06-13T14:49:51.764+0000] {processor.py:161} INFO - Started process (PID=715) to work on /home/airflow/.local/lib/python3.10/site-packages/airflow/example_dags/example_branch_operator.py
[2025-06-13T14:49:51.766+0000] {processor.py:830} INFO - Processing file /home/airflow/.local/lib/python3.10/site-packages/airflow/example_dags/example_branch_operator.py for tasks to queue
[2025-06-13T14:49:51.767+0000] {logging_mixin.py:188} INFO - [2025-06-13T14:49:51.767+0000] {dagbag.py:540} INFO - Filling up the DagBag from /home/airflow/.local/lib/python3.10/site-packages/airflow/example_dags/example_branch_operator.py
[2025-06-13T14:49:51.780+0000] {processor.py:840} INFO - DAG(s) 'example_branch_operator' retrieved from /home/airflow/.local/lib/python3.10/site-packages/airflow/example_dags/example_branch_operator.py
[2025-06-13T14:49:51.800+0000] {logging_mixin.py:188} INFO - [2025-06-13T14:49:51.800+0000] {dag.py:3096} INFO - Sync 1 DAGs
[2025-06-13T14:49:51.813+0000] {logging_mixin.py:188} INFO - [2025-06-13T14:49:51.813+0000] {dag.py:3954} INFO - Setting next_dagrun for example_branch_operator to 2025-06-12 00:00:00+00:00, run_after=2025-06-13 00:00:00+00:00
[2025-06-13T14:49:51.829+0000] {processor.py:183} INFO - Processing /home/airflow/.local/lib/python3.10/site-packages/airflow/example_dags/example_branch_operator.py took 0.070 seconds
[2025-06-13T14:50:22.266+0000] {processor.py:161} INFO - Started process (PID=775) to work on /home/airflow/.local/lib/python3.10/site-packages/airflow/example_dags/example_branch_operator.py
[2025-06-13T14:50:22.268+0000] {processor.py:830} INFO - Processing file /home/airflow/.local/lib/python3.10/site-packages/airflow/example_dags/example_branch_operator.py for tasks to queue
[2025-06-13T14:50:22.269+0000] {logging_mixin.py:188} INFO - [2025-06-13T14:50:22.269+0000] {dagbag.py:540} INFO - Filling up the DagBag from /home/airflow/.local/lib/python3.10/site-packages/airflow/example_dags/example_branch_operator.py
[2025-06-13T14:50:22.281+0000] {processor.py:840} INFO - DAG(s) 'example_branch_operator' retrieved from /home/airflow/.local/lib/python3.10/site-packages/airflow/example_dags/example_branch_operator.py
[2025-06-13T14:50:22.302+0000] {logging_mixin.py:188} INFO - [2025-06-13T14:50:22.302+0000] {dag.py:3096} INFO - Sync 1 DAGs
[2025-06-13T14:50:22.328+0000] {logging_mixin.py:188} INFO - [2025-06-13T14:50:22.327+0000] {dag.py:3954} INFO - Setting next_dagrun for example_branch_operator to 2025-06-12 00:00:00+00:00, run_after=2025-06-13 00:00:00+00:00
[2025-06-13T14:50:22.341+0000] {processor.py:183} INFO - Processing /home/airflow/.local/lib/python3.10/site-packages/airflow/example_dags/example_branch_operator.py took 0.079 seconds
[2025-06-13T14:50:52.913+0000] {processor.py:161} INFO - Started process (PID=835) to work on /home/airflow/.local/lib/python3.10/site-packages/airflow/example_dags/example_branch_operator.py
[2025-06-13T14:50:52.915+0000] {processor.py:830} INFO - Processing file /home/airflow/.local/lib/python3.10/site-packages/airflow/example_dags/example_branch_operator.py for tasks to queue
[2025-06-13T14:50:52.916+0000] {logging_mixin.py:188} INFO - [2025-06-13T14:50:52.916+0000] {dagbag.py:540} INFO - Filling up the DagBag from /home/airflow/.local/lib/python3.10/site-packages/airflow/example_dags/example_branch_operator.py
[2025-06-13T14:50:52.928+0000] {processor.py:840} INFO - DAG(s) 'example_branch_operator' retrieved from /home/airflow/.local/lib/python3.10/site-packages/airflow/example_dags/example_branch_operator.py
[2025-06-13T14:50:52.943+0000] {logging_mixin.py:188} INFO - [2025-06-13T14:50:52.943+0000] {dag.py:3096} INFO - Sync 1 DAGs
[2025-06-13T14:50:52.955+0000] {logging_mixin.py:188} INFO - [2025-06-13T14:50:52.955+0000] {dag.py:3954} INFO - Setting next_dagrun for example_branch_operator to 2025-06-12 00:00:00+00:00, run_after=2025-06-13 00:00:00+00:00
[2025-06-13T14:50:52.967+0000] {processor.py:183} INFO - Processing /home/airflow/.local/lib/python3.10/site-packages/airflow/example_dags/example_branch_operator.py took 0.058 seconds
[2025-06-13T14:51:23.608+0000] {processor.py:161} INFO - Started process (PID=895) to work on /home/airflow/.local/lib/python3.10/site-packages/airflow/example_dags/example_branch_operator.py
[2025-06-13T14:51:23.610+0000] {processor.py:830} INFO - Processing file /home/airflow/.local/lib/python3.10/site-packages/airflow/example_dags/example_branch_operator.py for tasks to queue
[2025-06-13T14:51:23.611+0000] {logging_mixin.py:188} INFO - [2025-06-13T14:51:23.611+0000] {dagbag.py:540} INFO - Filling up the DagBag from /home/airflow/.local/lib/python3.10/site-packages/airflow/example_dags/example_branch_operator.py
[2025-06-13T14:51:23.622+0000] {processor.py:840} INFO - DAG(s) 'example_branch_operator' retrieved from /home/airflow/.local/lib/python3.10/site-packages/airflow/example_dags/example_branch_operator.py
[2025-06-13T14:51:23.640+0000] {logging_mixin.py:188} INFO - [2025-06-13T14:51:23.640+0000] {dag.py:3096} INFO - Sync 1 DAGs
[2025-06-13T14:51:23.654+0000] {logging_mixin.py:188} INFO - [2025-06-13T14:51:23.654+0000] {dag.py:3954} INFO - Setting next_dagrun for example_branch_operator to 2025-06-12 00:00:00+00:00, run_after=2025-06-13 00:00:00+00:00
[2025-06-13T14:51:23.681+0000] {processor.py:183} INFO - Processing /home/airflow/.local/lib/python3.10/site-packages/airflow/example_dags/example_branch_operator.py took 0.078 seconds
[2025-06-13T14:51:54.203+0000] {processor.py:161} INFO - Started process (PID=955) to work on /home/airflow/.local/lib/python3.10/site-packages/airflow/example_dags/example_branch_operator.py
[2025-06-13T14:51:54.205+0000] {processor.py:830} INFO - Processing file /home/airflow/.local/lib/python3.10/site-packages/airflow/example_dags/example_branch_operator.py for tasks to queue
[2025-06-13T14:51:54.206+0000] {logging_mixin.py:188} INFO - [2025-06-13T14:51:54.206+0000] {dagbag.py:540} INFO - Filling up the DagBag from /home/airflow/.local/lib/python3.10/site-packages/airflow/example_dags/example_branch_operator.py
[2025-06-13T14:51:54.214+0000] {processor.py:840} INFO - DAG(s) 'example_branch_operator' retrieved from /home/airflow/.local/lib/python3.10/site-packages/airflow/example_dags/example_branch_operator.py
[2025-06-13T14:51:54.230+0000] {logging_mixin.py:188} INFO - [2025-06-13T14:51:54.230+0000] {dag.py:3096} INFO - Sync 1 DAGs
[2025-06-13T14:51:54.241+0000] {logging_mixin.py:188} INFO - [2025-06-13T14:51:54.241+0000] {dag.py:3954} INFO - Setting next_dagrun for example_branch_operator to 2025-06-12 00:00:00+00:00, run_after=2025-06-13 00:00:00+00:00
[2025-06-13T14:51:54.254+0000] {processor.py:183} INFO - Processing /home/airflow/.local/lib/python3.10/site-packages/airflow/example_dags/example_branch_operator.py took 0.054 seconds
[2025-06-13T14:52:24.801+0000] {processor.py:161} INFO - Started process (PID=1015) to work on /home/airflow/.local/lib/python3.10/site-packages/airflow/example_dags/example_branch_operator.py
[2025-06-13T14:52:24.802+0000] {processor.py:830} INFO - Processing file /home/airflow/.local/lib/python3.10/site-packages/airflow/example_dags/example_branch_operator.py for tasks to queue
[2025-06-13T14:52:24.806+0000] {logging_mixin.py:188} INFO - [2025-06-13T14:52:24.806+0000] {dagbag.py:540} INFO - Filling up the DagBag from /home/airflow/.local/lib/python3.10/site-packages/airflow/example_dags/example_branch_operator.py
[2025-06-13T14:52:24.816+0000] {processor.py:840} INFO - DAG(s) 'example_branch_operator' retrieved from /home/airflow/.local/lib/python3.10/site-packages/airflow/example_dags/example_branch_operator.py
[2025-06-13T14:52:24.833+0000] {logging_mixin.py:188} INFO - [2025-06-13T14:52:24.833+0000] {dag.py:3096} INFO - Sync 1 DAGs
[2025-06-13T14:52:24.846+0000] {logging_mixin.py:188} INFO - [2025-06-13T14:52:24.846+0000] {dag.py:3954} INFO - Setting next_dagrun for example_branch_operator to 2025-06-12 00:00:00+00:00, run_after=2025-06-13 00:00:00+00:00
[2025-06-13T14:52:24.858+0000] {processor.py:183} INFO - Processing /home/airflow/.local/lib/python3.10/site-packages/airflow/example_dags/example_branch_operator.py took 0.063 seconds
[2025-06-13T14:52:55.894+0000] {processor.py:161} INFO - Started process (PID=1075) to work on /home/airflow/.local/lib/python3.10/site-packages/airflow/example_dags/example_branch_operator.py
[2025-06-13T14:52:55.896+0000] {processor.py:830} INFO - Processing file /home/airflow/.local/lib/python3.10/site-packages/airflow/example_dags/example_branch_operator.py for tasks to queue
[2025-06-13T14:52:55.897+0000] {logging_mixin.py:188} INFO - [2025-06-13T14:52:55.897+0000] {dagbag.py:540} INFO - Filling up the DagBag from /home/airflow/.local/lib/python3.10/site-packages/airflow/example_dags/example_branch_operator.py
[2025-06-13T14:52:55.911+0000] {processor.py:840} INFO - DAG(s) 'example_branch_operator' retrieved from /home/airflow/.local/lib/python3.10/site-packages/airflow/example_dags/example_branch_operator.py
[2025-06-13T14:52:55.933+0000] {logging_mixin.py:188} INFO - [2025-06-13T14:52:55.932+0000] {dag.py:3096} INFO - Sync 1 DAGs
[2025-06-13T14:52:55.951+0000] {logging_mixin.py:188} INFO - [2025-06-13T14:52:55.950+0000] {dag.py:3954} INFO - Setting next_dagrun for example_branch_operator to 2025-06-12 00:00:00+00:00, run_after=2025-06-13 00:00:00+00:00
[2025-06-13T14:52:55.964+0000] {processor.py:183} INFO - Processing /home/airflow/.local/lib/python3.10/site-packages/airflow/example_dags/example_branch_operator.py took 0.076 seconds
[2025-06-13T14:53:26.241+0000] {processor.py:161} INFO - Started process (PID=1133) to work on /home/airflow/.local/lib/python3.10/site-packages/airflow/example_dags/example_branch_operator.py
[2025-06-13T14:53:26.243+0000] {processor.py:830} INFO - Processing file /home/airflow/.local/lib/python3.10/site-packages/airflow/example_dags/example_branch_operator.py for tasks to queue
[2025-06-13T14:53:26.244+0000] {logging_mixin.py:188} INFO - [2025-06-13T14:53:26.244+0000] {dagbag.py:540} INFO - Filling up the DagBag from /home/airflow/.local/lib/python3.10/site-packages/airflow/example_dags/example_branch_operator.py
[2025-06-13T14:53:26.253+0000] {processor.py:840} INFO - DAG(s) 'example_branch_operator' retrieved from /home/airflow/.local/lib/python3.10/site-packages/airflow/example_dags/example_branch_operator.py
[2025-06-13T14:53:26.271+0000] {logging_mixin.py:188} INFO - [2025-06-13T14:53:26.271+0000] {dag.py:3096} INFO - Sync 1 DAGs
[2025-06-13T14:53:26.286+0000] {logging_mixin.py:188} INFO - [2025-06-13T14:53:26.286+0000] {dag.py:3954} INFO - Setting next_dagrun for example_branch_operator to 2025-06-12 00:00:00+00:00, run_after=2025-06-13 00:00:00+00:00
[2025-06-13T14:53:26.297+0000] {processor.py:183} INFO - Processing /home/airflow/.local/lib/python3.10/site-packages/airflow/example_dags/example_branch_operator.py took 0.060 seconds
[2025-06-13T14:53:57.429+0000] {processor.py:161} INFO - Started process (PID=1195) to work on /home/airflow/.local/lib/python3.10/site-packages/airflow/example_dags/example_branch_operator.py
[2025-06-13T14:53:57.431+0000] {processor.py:830} INFO - Processing file /home/airflow/.local/lib/python3.10/site-packages/airflow/example_dags/example_branch_operator.py for tasks to queue
[2025-06-13T14:53:57.433+0000] {logging_mixin.py:188} INFO - [2025-06-13T14:53:57.433+0000] {dagbag.py:540} INFO - Filling up the DagBag from /home/airflow/.local/lib/python3.10/site-packages/airflow/example_dags/example_branch_operator.py
[2025-06-13T14:53:57.451+0000] {processor.py:840} INFO - DAG(s) 'example_branch_operator' retrieved from /home/airflow/.local/lib/python3.10/site-packages/airflow/example_dags/example_branch_operator.py
[2025-06-13T14:53:57.473+0000] {logging_mixin.py:188} INFO - [2025-06-13T14:53:57.473+0000] {dag.py:3096} INFO - Sync 1 DAGs
[2025-06-13T14:53:57.487+0000] {logging_mixin.py:188} INFO - [2025-06-13T14:53:57.487+0000] {dag.py:3954} INFO - Setting next_dagrun for example_branch_operator to 2025-06-12 00:00:00+00:00, run_after=2025-06-13 00:00:00+00:00
[2025-06-13T14:53:57.497+0000] {processor.py:183} INFO - Processing /home/airflow/.local/lib/python3.10/site-packages/airflow/example_dags/example_branch_operator.py took 0.080 seconds
[2025-06-13T14:54:27.547+0000] {processor.py:161} INFO - Started process (PID=1253) to work on /home/airflow/.local/lib/python3.10/site-packages/airflow/example_dags/example_branch_operator.py
[2025-06-13T14:54:27.547+0000] {processor.py:830} INFO - Processing file /home/airflow/.local/lib/python3.10/site-packages/airflow/example_dags/example_branch_operator.py for tasks to queue
[2025-06-13T14:54:27.549+0000] {logging_mixin.py:188} INFO - [2025-06-13T14:54:27.548+0000] {dagbag.py:540} INFO - Filling up the DagBag from /home/airflow/.local/lib/python3.10/site-packages/airflow/example_dags/example_branch_operator.py
[2025-06-13T14:54:27.558+0000] {processor.py:840} INFO - DAG(s) 'example_branch_operator' retrieved from /home/airflow/.local/lib/python3.10/site-packages/airflow/example_dags/example_branch_operator.py
[2025-06-13T14:54:27.576+0000] {logging_mixin.py:188} INFO - [2025-06-13T14:54:27.576+0000] {dag.py:3096} INFO - Sync 1 DAGs
[2025-06-13T14:54:27.589+0000] {logging_mixin.py:188} INFO - [2025-06-13T14:54:27.589+0000] {dag.py:3954} INFO - Setting next_dagrun for example_branch_operator to 2025-06-12 00:00:00+00:00, run_after=2025-06-13 00:00:00+00:00
[2025-06-13T14:54:27.600+0000] {processor.py:183} INFO - Processing /home/airflow/.local/lib/python3.10/site-packages/airflow/example_dags/example_branch_operator.py took 0.058 seconds
[2025-06-13T14:54:58.645+0000] {processor.py:161} INFO - Started process (PID=1314) to work on /home/airflow/.local/lib/python3.10/site-packages/airflow/example_dags/example_branch_operator.py
[2025-06-13T14:54:58.648+0000] {processor.py:830} INFO - Processing file /home/airflow/.local/lib/python3.10/site-packages/airflow/example_dags/example_branch_operator.py for tasks to queue
[2025-06-13T14:54:58.654+0000] {logging_mixin.py:188} INFO - [2025-06-13T14:54:58.653+0000] {dagbag.py:540} INFO - Filling up the DagBag from /home/airflow/.local/lib/python3.10/site-packages/airflow/example_dags/example_branch_operator.py
[2025-06-13T14:54:58.677+0000] {processor.py:840} INFO - DAG(s) 'example_branch_operator' retrieved from /home/airflow/.local/lib/python3.10/site-packages/airflow/example_dags/example_branch_operator.py
[2025-06-13T14:54:58.712+0000] {logging_mixin.py:188} INFO - [2025-06-13T14:54:58.712+0000] {dag.py:3096} INFO - Sync 1 DAGs
[2025-06-13T14:54:58.733+0000] {logging_mixin.py:188} INFO - [2025-06-13T14:54:58.733+0000] {dag.py:3954} INFO - Setting next_dagrun for example_branch_operator to 2025-06-12 00:00:00+00:00, run_after=2025-06-13 00:00:00+00:00
[2025-06-13T14:54:58.751+0000] {processor.py:183} INFO - Processing /home/airflow/.local/lib/python3.10/site-packages/airflow/example_dags/example_branch_operator.py took 0.119 seconds
[2025-06-13T14:55:29.423+0000] {processor.py:161} INFO - Started process (PID=1374) to work on /home/airflow/.local/lib/python3.10/site-packages/airflow/example_dags/example_branch_operator.py
[2025-06-13T14:55:29.424+0000] {processor.py:830} INFO - Processing file /home/airflow/.local/lib/python3.10/site-packages/airflow/example_dags/example_branch_operator.py for tasks to queue
[2025-06-13T14:55:29.429+0000] {logging_mixin.py:188} INFO - [2025-06-13T14:55:29.429+0000] {dagbag.py:540} INFO - Filling up the DagBag from /home/airflow/.local/lib/python3.10/site-packages/airflow/example_dags/example_branch_operator.py
[2025-06-13T14:55:29.453+0000] {processor.py:840} INFO - DAG(s) 'example_branch_operator' retrieved from /home/airflow/.local/lib/python3.10/site-packages/airflow/example_dags/example_branch_operator.py
[2025-06-13T14:55:29.483+0000] {logging_mixin.py:188} INFO - [2025-06-13T14:55:29.482+0000] {dag.py:3096} INFO - Sync 1 DAGs
[2025-06-13T14:55:29.498+0000] {logging_mixin.py:188} INFO - [2025-06-13T14:55:29.498+0000] {dag.py:3954} INFO - Setting next_dagrun for example_branch_operator to 2025-06-12 00:00:00+00:00, run_after=2025-06-13 00:00:00+00:00
[2025-06-13T14:55:29.514+0000] {processor.py:183} INFO - Processing /home/airflow/.local/lib/python3.10/site-packages/airflow/example_dags/example_branch_operator.py took 0.098 seconds
[2025-06-13T14:55:59.589+0000] {processor.py:161} INFO - Started process (PID=1433) to work on /home/airflow/.local/lib/python3.10/site-packages/airflow/example_dags/example_branch_operator.py
[2025-06-13T14:55:59.593+0000] {processor.py:830} INFO - Processing file /home/airflow/.local/lib/python3.10/site-packages/airflow/example_dags/example_branch_operator.py for tasks to queue
[2025-06-13T14:55:59.603+0000] {logging_mixin.py:188} INFO - [2025-06-13T14:55:59.599+0000] {dagbag.py:540} INFO - Filling up the DagBag from /home/airflow/.local/lib/python3.10/site-packages/airflow/example_dags/example_branch_operator.py
[2025-06-13T14:55:59.637+0000] {processor.py:840} INFO - DAG(s) 'example_branch_operator' retrieved from /home/airflow/.local/lib/python3.10/site-packages/airflow/example_dags/example_branch_operator.py
[2025-06-13T14:55:59.661+0000] {logging_mixin.py:188} INFO - [2025-06-13T14:55:59.661+0000] {dag.py:3096} INFO - Sync 1 DAGs
[2025-06-13T14:55:59.676+0000] {logging_mixin.py:188} INFO - [2025-06-13T14:55:59.675+0000] {dag.py:3954} INFO - Setting next_dagrun for example_branch_operator to 2025-06-12 00:00:00+00:00, run_after=2025-06-13 00:00:00+00:00
[2025-06-13T14:55:59.688+0000] {processor.py:183} INFO - Processing /home/airflow/.local/lib/python3.10/site-packages/airflow/example_dags/example_branch_operator.py took 0.115 seconds
[2025-06-13T14:56:30.080+0000] {processor.py:161} INFO - Started process (PID=1493) to work on /home/airflow/.local/lib/python3.10/site-packages/airflow/example_dags/example_branch_operator.py
[2025-06-13T14:56:30.082+0000] {processor.py:830} INFO - Processing file /home/airflow/.local/lib/python3.10/site-packages/airflow/example_dags/example_branch_operator.py for tasks to queue
[2025-06-13T14:56:30.084+0000] {logging_mixin.py:188} INFO - [2025-06-13T14:56:30.084+0000] {dagbag.py:540} INFO - Filling up the DagBag from /home/airflow/.local/lib/python3.10/site-packages/airflow/example_dags/example_branch_operator.py
[2025-06-13T14:56:30.100+0000] {processor.py:840} INFO - DAG(s) 'example_branch_operator' retrieved from /home/airflow/.local/lib/python3.10/site-packages/airflow/example_dags/example_branch_operator.py
[2025-06-13T14:56:30.140+0000] {logging_mixin.py:188} INFO - [2025-06-13T14:56:30.140+0000] {dag.py:3096} INFO - Sync 1 DAGs
[2025-06-13T14:56:30.157+0000] {logging_mixin.py:188} INFO - [2025-06-13T14:56:30.157+0000] {dag.py:3954} INFO - Setting next_dagrun for example_branch_operator to 2025-06-12 00:00:00+00:00, run_after=2025-06-13 00:00:00+00:00
[2025-06-13T14:56:30.171+0000] {processor.py:183} INFO - Processing /home/airflow/.local/lib/python3.10/site-packages/airflow/example_dags/example_branch_operator.py took 0.100 seconds
[2025-06-13T14:57:00.467+0000] {processor.py:161} INFO - Started process (PID=1553) to work on /home/airflow/.local/lib/python3.10/site-packages/airflow/example_dags/example_branch_operator.py
[2025-06-13T14:57:00.469+0000] {processor.py:830} INFO - Processing file /home/airflow/.local/lib/python3.10/site-packages/airflow/example_dags/example_branch_operator.py for tasks to queue
[2025-06-13T14:57:00.470+0000] {logging_mixin.py:188} INFO - [2025-06-13T14:57:00.470+0000] {dagbag.py:540} INFO - Filling up the DagBag from /home/airflow/.local/lib/python3.10/site-packages/airflow/example_dags/example_branch_operator.py
[2025-06-13T14:57:00.504+0000] {processor.py:840} INFO - DAG(s) 'example_branch_operator' retrieved from /home/airflow/.local/lib/python3.10/site-packages/airflow/example_dags/example_branch_operator.py
[2025-06-13T14:57:00.526+0000] {logging_mixin.py:188} INFO - [2025-06-13T14:57:00.526+0000] {dag.py:3096} INFO - Sync 1 DAGs
[2025-06-13T14:57:00.549+0000] {logging_mixin.py:188} INFO - [2025-06-13T14:57:00.549+0000] {dag.py:3954} INFO - Setting next_dagrun for example_branch_operator to 2025-06-12 00:00:00+00:00, run_after=2025-06-13 00:00:00+00:00
[2025-06-13T14:57:00.572+0000] {processor.py:183} INFO - Processing /home/airflow/.local/lib/python3.10/site-packages/airflow/example_dags/example_branch_operator.py took 0.114 seconds
[2025-06-13T14:57:31.282+0000] {processor.py:161} INFO - Started process (PID=1613) to work on /home/airflow/.local/lib/python3.10/site-packages/airflow/example_dags/example_branch_operator.py
[2025-06-13T14:57:31.285+0000] {processor.py:830} INFO - Processing file /home/airflow/.local/lib/python3.10/site-packages/airflow/example_dags/example_branch_operator.py for tasks to queue
[2025-06-13T14:57:31.292+0000] {logging_mixin.py:188} INFO - [2025-06-13T14:57:31.291+0000] {dagbag.py:540} INFO - Filling up the DagBag from /home/airflow/.local/lib/python3.10/site-packages/airflow/example_dags/example_branch_operator.py
[2025-06-13T14:57:31.316+0000] {processor.py:840} INFO - DAG(s) 'example_branch_operator' retrieved from /home/airflow/.local/lib/python3.10/site-packages/airflow/example_dags/example_branch_operator.py
[2025-06-13T14:57:31.343+0000] {logging_mixin.py:188} INFO - [2025-06-13T14:57:31.343+0000] {dag.py:3096} INFO - Sync 1 DAGs
[2025-06-13T14:57:31.366+0000] {logging_mixin.py:188} INFO - [2025-06-13T14:57:31.366+0000] {dag.py:3954} INFO - Setting next_dagrun for example_branch_operator to 2025-06-12 00:00:00+00:00, run_after=2025-06-13 00:00:00+00:00
[2025-06-13T14:57:31.402+0000] {processor.py:183} INFO - Processing /home/airflow/.local/lib/python3.10/site-packages/airflow/example_dags/example_branch_operator.py took 0.140 seconds
[2025-06-13T14:58:02.106+0000] {processor.py:161} INFO - Started process (PID=1673) to work on /home/airflow/.local/lib/python3.10/site-packages/airflow/example_dags/example_branch_operator.py
[2025-06-13T14:58:02.107+0000] {processor.py:830} INFO - Processing file /home/airflow/.local/lib/python3.10/site-packages/airflow/example_dags/example_branch_operator.py for tasks to queue
[2025-06-13T14:58:02.109+0000] {logging_mixin.py:188} INFO - [2025-06-13T14:58:02.108+0000] {dagbag.py:540} INFO - Filling up the DagBag from /home/airflow/.local/lib/python3.10/site-packages/airflow/example_dags/example_branch_operator.py
[2025-06-13T14:58:02.125+0000] {processor.py:840} INFO - DAG(s) 'example_branch_operator' retrieved from /home/airflow/.local/lib/python3.10/site-packages/airflow/example_dags/example_branch_operator.py
[2025-06-13T14:58:02.156+0000] {logging_mixin.py:188} INFO - [2025-06-13T14:58:02.156+0000] {dag.py:3096} INFO - Sync 1 DAGs
[2025-06-13T14:58:02.182+0000] {logging_mixin.py:188} INFO - [2025-06-13T14:58:02.181+0000] {dag.py:3954} INFO - Setting next_dagrun for example_branch_operator to 2025-06-12 00:00:00+00:00, run_after=2025-06-13 00:00:00+00:00
[2025-06-13T14:58:02.205+0000] {processor.py:183} INFO - Processing /home/airflow/.local/lib/python3.10/site-packages/airflow/example_dags/example_branch_operator.py took 0.104 seconds
[2025-06-13T14:58:32.434+0000] {processor.py:161} INFO - Started process (PID=1733) to work on /home/airflow/.local/lib/python3.10/site-packages/airflow/example_dags/example_branch_operator.py
[2025-06-13T14:58:32.441+0000] {processor.py:830} INFO - Processing file /home/airflow/.local/lib/python3.10/site-packages/airflow/example_dags/example_branch_operator.py for tasks to queue
[2025-06-13T14:58:32.443+0000] {logging_mixin.py:188} INFO - [2025-06-13T14:58:32.443+0000] {dagbag.py:540} INFO - Filling up the DagBag from /home/airflow/.local/lib/python3.10/site-packages/airflow/example_dags/example_branch_operator.py
[2025-06-13T14:58:32.463+0000] {processor.py:840} INFO - DAG(s) 'example_branch_operator' retrieved from /home/airflow/.local/lib/python3.10/site-packages/airflow/example_dags/example_branch_operator.py
[2025-06-13T14:58:32.486+0000] {logging_mixin.py:188} INFO - [2025-06-13T14:58:32.485+0000] {dag.py:3096} INFO - Sync 1 DAGs
[2025-06-13T14:58:32.502+0000] {logging_mixin.py:188} INFO - [2025-06-13T14:58:32.502+0000] {dag.py:3954} INFO - Setting next_dagrun for example_branch_operator to 2025-06-12 00:00:00+00:00, run_after=2025-06-13 00:00:00+00:00
[2025-06-13T14:58:32.516+0000] {processor.py:183} INFO - Processing /home/airflow/.local/lib/python3.10/site-packages/airflow/example_dags/example_branch_operator.py took 0.091 seconds
[2025-06-13T14:59:03.128+0000] {processor.py:161} INFO - Started process (PID=1793) to work on /home/airflow/.local/lib/python3.10/site-packages/airflow/example_dags/example_branch_operator.py
[2025-06-13T14:59:03.130+0000] {processor.py:830} INFO - Processing file /home/airflow/.local/lib/python3.10/site-packages/airflow/example_dags/example_branch_operator.py for tasks to queue
[2025-06-13T14:59:03.132+0000] {logging_mixin.py:188} INFO - [2025-06-13T14:59:03.132+0000] {dagbag.py:540} INFO - Filling up the DagBag from /home/airflow/.local/lib/python3.10/site-packages/airflow/example_dags/example_branch_operator.py
[2025-06-13T14:59:03.148+0000] {processor.py:840} INFO - DAG(s) 'example_branch_operator' retrieved from /home/airflow/.local/lib/python3.10/site-packages/airflow/example_dags/example_branch_operator.py
[2025-06-13T14:59:03.169+0000] {logging_mixin.py:188} INFO - [2025-06-13T14:59:03.169+0000] {dag.py:3096} INFO - Sync 1 DAGs
[2025-06-13T14:59:03.186+0000] {logging_mixin.py:188} INFO - [2025-06-13T14:59:03.186+0000] {dag.py:3954} INFO - Setting next_dagrun for example_branch_operator to 2025-06-12 00:00:00+00:00, run_after=2025-06-13 00:00:00+00:00
[2025-06-13T14:59:03.202+0000] {processor.py:183} INFO - Processing /home/airflow/.local/lib/python3.10/site-packages/airflow/example_dags/example_branch_operator.py took 0.082 seconds
[2025-06-13T14:59:33.478+0000] {processor.py:161} INFO - Started process (PID=1853) to work on /home/airflow/.local/lib/python3.10/site-packages/airflow/example_dags/example_branch_operator.py
[2025-06-13T14:59:33.481+0000] {processor.py:830} INFO - Processing file /home/airflow/.local/lib/python3.10/site-packages/airflow/example_dags/example_branch_operator.py for tasks to queue
[2025-06-13T14:59:33.484+0000] {logging_mixin.py:188} INFO - [2025-06-13T14:59:33.483+0000] {dagbag.py:540} INFO - Filling up the DagBag from /home/airflow/.local/lib/python3.10/site-packages/airflow/example_dags/example_branch_operator.py
[2025-06-13T14:59:33.503+0000] {processor.py:840} INFO - DAG(s) 'example_branch_operator' retrieved from /home/airflow/.local/lib/python3.10/site-packages/airflow/example_dags/example_branch_operator.py
[2025-06-13T14:59:33.528+0000] {logging_mixin.py:188} INFO - [2025-06-13T14:59:33.528+0000] {dag.py:3096} INFO - Sync 1 DAGs
[2025-06-13T14:59:33.548+0000] {logging_mixin.py:188} INFO - [2025-06-13T14:59:33.548+0000] {dag.py:3954} INFO - Setting next_dagrun for example_branch_operator to 2025-06-12 00:00:00+00:00, run_after=2025-06-13 00:00:00+00:00
[2025-06-13T14:59:33.569+0000] {processor.py:183} INFO - Processing /home/airflow/.local/lib/python3.10/site-packages/airflow/example_dags/example_branch_operator.py took 0.098 seconds
[2025-06-13T15:00:03.992+0000] {processor.py:161} INFO - Started process (PID=1913) to work on /home/airflow/.local/lib/python3.10/site-packages/airflow/example_dags/example_branch_operator.py
[2025-06-13T15:00:03.994+0000] {processor.py:830} INFO - Processing file /home/airflow/.local/lib/python3.10/site-packages/airflow/example_dags/example_branch_operator.py for tasks to queue
[2025-06-13T15:00:03.997+0000] {logging_mixin.py:188} INFO - [2025-06-13T15:00:03.997+0000] {dagbag.py:540} INFO - Filling up the DagBag from /home/airflow/.local/lib/python3.10/site-packages/airflow/example_dags/example_branch_operator.py
[2025-06-13T15:00:04.019+0000] {processor.py:840} INFO - DAG(s) 'example_branch_operator' retrieved from /home/airflow/.local/lib/python3.10/site-packages/airflow/example_dags/example_branch_operator.py
[2025-06-13T15:00:04.055+0000] {logging_mixin.py:188} INFO - [2025-06-13T15:00:04.054+0000] {dag.py:3096} INFO - Sync 1 DAGs
[2025-06-13T15:00:04.089+0000] {logging_mixin.py:188} INFO - [2025-06-13T15:00:04.089+0000] {dag.py:3954} INFO - Setting next_dagrun for example_branch_operator to 2025-06-12 00:00:00+00:00, run_after=2025-06-13 00:00:00+00:00
[2025-06-13T15:00:04.102+0000] {processor.py:183} INFO - Processing /home/airflow/.local/lib/python3.10/site-packages/airflow/example_dags/example_branch_operator.py took 0.123 seconds
[2025-06-13T15:00:35.094+0000] {processor.py:161} INFO - Started process (PID=1973) to work on /home/airflow/.local/lib/python3.10/site-packages/airflow/example_dags/example_branch_operator.py
[2025-06-13T15:00:35.095+0000] {processor.py:830} INFO - Processing file /home/airflow/.local/lib/python3.10/site-packages/airflow/example_dags/example_branch_operator.py for tasks to queue
[2025-06-13T15:00:35.096+0000] {logging_mixin.py:188} INFO - [2025-06-13T15:00:35.096+0000] {dagbag.py:540} INFO - Filling up the DagBag from /home/airflow/.local/lib/python3.10/site-packages/airflow/example_dags/example_branch_operator.py
[2025-06-13T15:00:35.107+0000] {processor.py:840} INFO - DAG(s) 'example_branch_operator' retrieved from /home/airflow/.local/lib/python3.10/site-packages/airflow/example_dags/example_branch_operator.py
[2025-06-13T15:00:35.122+0000] {logging_mixin.py:188} INFO - [2025-06-13T15:00:35.121+0000] {dag.py:3096} INFO - Sync 1 DAGs
[2025-06-13T15:00:35.133+0000] {logging_mixin.py:188} INFO - [2025-06-13T15:00:35.132+0000] {dag.py:3954} INFO - Setting next_dagrun for example_branch_operator to 2025-06-12 00:00:00+00:00, run_after=2025-06-13 00:00:00+00:00
[2025-06-13T15:00:35.143+0000] {processor.py:183} INFO - Processing /home/airflow/.local/lib/python3.10/site-packages/airflow/example_dags/example_branch_operator.py took 0.055 seconds
[2025-06-13T15:01:05.444+0000] {processor.py:161} INFO - Started process (PID=2033) to work on /home/airflow/.local/lib/python3.10/site-packages/airflow/example_dags/example_branch_operator.py
[2025-06-13T15:01:05.446+0000] {processor.py:830} INFO - Processing file /home/airflow/.local/lib/python3.10/site-packages/airflow/example_dags/example_branch_operator.py for tasks to queue
[2025-06-13T15:01:05.447+0000] {logging_mixin.py:188} INFO - [2025-06-13T15:01:05.447+0000] {dagbag.py:540} INFO - Filling up the DagBag from /home/airflow/.local/lib/python3.10/site-packages/airflow/example_dags/example_branch_operator.py
[2025-06-13T15:01:05.456+0000] {processor.py:840} INFO - DAG(s) 'example_branch_operator' retrieved from /home/airflow/.local/lib/python3.10/site-packages/airflow/example_dags/example_branch_operator.py
[2025-06-13T15:01:05.480+0000] {logging_mixin.py:188} INFO - [2025-06-13T15:01:05.480+0000] {dag.py:3096} INFO - Sync 1 DAGs
[2025-06-13T15:01:05.494+0000] {logging_mixin.py:188} INFO - [2025-06-13T15:01:05.494+0000] {dag.py:3954} INFO - Setting next_dagrun for example_branch_operator to 2025-06-12 00:00:00+00:00, run_after=2025-06-13 00:00:00+00:00
[2025-06-13T15:01:05.509+0000] {processor.py:183} INFO - Processing /home/airflow/.local/lib/python3.10/site-packages/airflow/example_dags/example_branch_operator.py took 0.069 seconds
[2025-06-13T15:01:35.808+0000] {processor.py:161} INFO - Started process (PID=2093) to work on /home/airflow/.local/lib/python3.10/site-packages/airflow/example_dags/example_branch_operator.py
[2025-06-13T15:01:35.808+0000] {processor.py:830} INFO - Processing file /home/airflow/.local/lib/python3.10/site-packages/airflow/example_dags/example_branch_operator.py for tasks to queue
[2025-06-13T15:01:35.809+0000] {logging_mixin.py:188} INFO - [2025-06-13T15:01:35.809+0000] {dagbag.py:540} INFO - Filling up the DagBag from /home/airflow/.local/lib/python3.10/site-packages/airflow/example_dags/example_branch_operator.py
[2025-06-13T15:01:35.820+0000] {processor.py:840} INFO - DAG(s) 'example_branch_operator' retrieved from /home/airflow/.local/lib/python3.10/site-packages/airflow/example_dags/example_branch_operator.py
[2025-06-13T15:01:35.835+0000] {logging_mixin.py:188} INFO - [2025-06-13T15:01:35.835+0000] {dag.py:3096} INFO - Sync 1 DAGs
[2025-06-13T15:01:35.844+0000] {logging_mixin.py:188} INFO - [2025-06-13T15:01:35.844+0000] {dag.py:3954} INFO - Setting next_dagrun for example_branch_operator to 2025-06-12 00:00:00+00:00, run_after=2025-06-13 00:00:00+00:00
[2025-06-13T15:01:35.851+0000] {processor.py:183} INFO - Processing /home/airflow/.local/lib/python3.10/site-packages/airflow/example_dags/example_branch_operator.py took 0.047 seconds
[2025-06-13T15:02:06.239+0000] {processor.py:161} INFO - Started process (PID=2153) to work on /home/airflow/.local/lib/python3.10/site-packages/airflow/example_dags/example_branch_operator.py
[2025-06-13T15:02:06.240+0000] {processor.py:830} INFO - Processing file /home/airflow/.local/lib/python3.10/site-packages/airflow/example_dags/example_branch_operator.py for tasks to queue
[2025-06-13T15:02:06.241+0000] {logging_mixin.py:188} INFO - [2025-06-13T15:02:06.241+0000] {dagbag.py:540} INFO - Filling up the DagBag from /home/airflow/.local/lib/python3.10/site-packages/airflow/example_dags/example_branch_operator.py
[2025-06-13T15:02:06.250+0000] {processor.py:840} INFO - DAG(s) 'example_branch_operator' retrieved from /home/airflow/.local/lib/python3.10/site-packages/airflow/example_dags/example_branch_operator.py
[2025-06-13T15:02:06.266+0000] {logging_mixin.py:188} INFO - [2025-06-13T15:02:06.266+0000] {dag.py:3096} INFO - Sync 1 DAGs
[2025-06-13T15:02:06.277+0000] {logging_mixin.py:188} INFO - [2025-06-13T15:02:06.276+0000] {dag.py:3954} INFO - Setting next_dagrun for example_branch_operator to 2025-06-12 00:00:00+00:00, run_after=2025-06-13 00:00:00+00:00
[2025-06-13T15:02:06.290+0000] {processor.py:183} INFO - Processing /home/airflow/.local/lib/python3.10/site-packages/airflow/example_dags/example_branch_operator.py took 0.055 seconds
[2025-06-13T15:02:36.793+0000] {processor.py:161} INFO - Started process (PID=2213) to work on /home/airflow/.local/lib/python3.10/site-packages/airflow/example_dags/example_branch_operator.py
[2025-06-13T15:02:36.794+0000] {processor.py:830} INFO - Processing file /home/airflow/.local/lib/python3.10/site-packages/airflow/example_dags/example_branch_operator.py for tasks to queue
[2025-06-13T15:02:36.795+0000] {logging_mixin.py:188} INFO - [2025-06-13T15:02:36.795+0000] {dagbag.py:540} INFO - Filling up the DagBag from /home/airflow/.local/lib/python3.10/site-packages/airflow/example_dags/example_branch_operator.py
[2025-06-13T15:02:36.804+0000] {processor.py:840} INFO - DAG(s) 'example_branch_operator' retrieved from /home/airflow/.local/lib/python3.10/site-packages/airflow/example_dags/example_branch_operator.py
[2025-06-13T15:02:36.820+0000] {logging_mixin.py:188} INFO - [2025-06-13T15:02:36.820+0000] {dag.py:3096} INFO - Sync 1 DAGs
[2025-06-13T15:02:36.830+0000] {logging_mixin.py:188} INFO - [2025-06-13T15:02:36.830+0000] {dag.py:3954} INFO - Setting next_dagrun for example_branch_operator to 2025-06-12 00:00:00+00:00, run_after=2025-06-13 00:00:00+00:00
[2025-06-13T15:02:36.838+0000] {processor.py:183} INFO - Processing /home/airflow/.local/lib/python3.10/site-packages/airflow/example_dags/example_branch_operator.py took 0.049 seconds
[2025-06-13T15:03:07.793+0000] {processor.py:161} INFO - Started process (PID=2273) to work on /home/airflow/.local/lib/python3.10/site-packages/airflow/example_dags/example_branch_operator.py
[2025-06-13T15:03:07.794+0000] {processor.py:830} INFO - Processing file /home/airflow/.local/lib/python3.10/site-packages/airflow/example_dags/example_branch_operator.py for tasks to queue
[2025-06-13T15:03:07.796+0000] {logging_mixin.py:188} INFO - [2025-06-13T15:03:07.796+0000] {dagbag.py:540} INFO - Filling up the DagBag from /home/airflow/.local/lib/python3.10/site-packages/airflow/example_dags/example_branch_operator.py
[2025-06-13T15:03:07.809+0000] {processor.py:840} INFO - DAG(s) 'example_branch_operator' retrieved from /home/airflow/.local/lib/python3.10/site-packages/airflow/example_dags/example_branch_operator.py
[2025-06-13T15:03:07.829+0000] {logging_mixin.py:188} INFO - [2025-06-13T15:03:07.829+0000] {dag.py:3096} INFO - Sync 1 DAGs
[2025-06-13T15:03:07.842+0000] {logging_mixin.py:188} INFO - [2025-06-13T15:03:07.842+0000] {dag.py:3954} INFO - Setting next_dagrun for example_branch_operator to 2025-06-12 00:00:00+00:00, run_after=2025-06-13 00:00:00+00:00
[2025-06-13T15:03:07.851+0000] {processor.py:183} INFO - Processing /home/airflow/.local/lib/python3.10/site-packages/airflow/example_dags/example_branch_operator.py took 0.063 seconds
[2025-06-13T15:03:38.632+0000] {processor.py:161} INFO - Started process (PID=2333) to work on /home/airflow/.local/lib/python3.10/site-packages/airflow/example_dags/example_branch_operator.py
[2025-06-13T15:03:38.633+0000] {processor.py:830} INFO - Processing file /home/airflow/.local/lib/python3.10/site-packages/airflow/example_dags/example_branch_operator.py for tasks to queue
[2025-06-13T15:03:38.634+0000] {logging_mixin.py:188} INFO - [2025-06-13T15:03:38.634+0000] {dagbag.py:540} INFO - Filling up the DagBag from /home/airflow/.local/lib/python3.10/site-packages/airflow/example_dags/example_branch_operator.py
[2025-06-13T15:03:38.644+0000] {processor.py:840} INFO - DAG(s) 'example_branch_operator' retrieved from /home/airflow/.local/lib/python3.10/site-packages/airflow/example_dags/example_branch_operator.py
[2025-06-13T15:03:38.672+0000] {logging_mixin.py:188} INFO - [2025-06-13T15:03:38.671+0000] {dag.py:3096} INFO - Sync 1 DAGs
[2025-06-13T15:03:38.693+0000] {logging_mixin.py:188} INFO - [2025-06-13T15:03:38.693+0000] {dag.py:3954} INFO - Setting next_dagrun for example_branch_operator to 2025-06-12 00:00:00+00:00, run_after=2025-06-13 00:00:00+00:00
[2025-06-13T15:03:38.709+0000] {processor.py:183} INFO - Processing /home/airflow/.local/lib/python3.10/site-packages/airflow/example_dags/example_branch_operator.py took 0.080 seconds
[2025-06-13T15:04:09.519+0000] {processor.py:161} INFO - Started process (PID=2393) to work on /home/airflow/.local/lib/python3.10/site-packages/airflow/example_dags/example_branch_operator.py
[2025-06-13T15:04:09.520+0000] {processor.py:830} INFO - Processing file /home/airflow/.local/lib/python3.10/site-packages/airflow/example_dags/example_branch_operator.py for tasks to queue
[2025-06-13T15:04:09.522+0000] {logging_mixin.py:188} INFO - [2025-06-13T15:04:09.521+0000] {dagbag.py:540} INFO - Filling up the DagBag from /home/airflow/.local/lib/python3.10/site-packages/airflow/example_dags/example_branch_operator.py
[2025-06-13T15:04:09.531+0000] {processor.py:840} INFO - DAG(s) 'example_branch_operator' retrieved from /home/airflow/.local/lib/python3.10/site-packages/airflow/example_dags/example_branch_operator.py
[2025-06-13T15:04:09.546+0000] {logging_mixin.py:188} INFO - [2025-06-13T15:04:09.546+0000] {dag.py:3096} INFO - Sync 1 DAGs
[2025-06-13T15:04:09.556+0000] {logging_mixin.py:188} INFO - [2025-06-13T15:04:09.556+0000] {dag.py:3954} INFO - Setting next_dagrun for example_branch_operator to 2025-06-12 00:00:00+00:00, run_after=2025-06-13 00:00:00+00:00
[2025-06-13T15:04:09.564+0000] {processor.py:183} INFO - Processing /home/airflow/.local/lib/python3.10/site-packages/airflow/example_dags/example_branch_operator.py took 0.049 seconds
[2025-06-13T15:04:39.706+0000] {processor.py:161} INFO - Started process (PID=2453) to work on /home/airflow/.local/lib/python3.10/site-packages/airflow/example_dags/example_branch_operator.py
[2025-06-13T15:04:39.707+0000] {processor.py:830} INFO - Processing file /home/airflow/.local/lib/python3.10/site-packages/airflow/example_dags/example_branch_operator.py for tasks to queue
[2025-06-13T15:04:39.708+0000] {logging_mixin.py:188} INFO - [2025-06-13T15:04:39.708+0000] {dagbag.py:540} INFO - Filling up the DagBag from /home/airflow/.local/lib/python3.10/site-packages/airflow/example_dags/example_branch_operator.py
[2025-06-13T15:04:39.717+0000] {processor.py:840} INFO - DAG(s) 'example_branch_operator' retrieved from /home/airflow/.local/lib/python3.10/site-packages/airflow/example_dags/example_branch_operator.py
[2025-06-13T15:04:39.730+0000] {logging_mixin.py:188} INFO - [2025-06-13T15:04:39.730+0000] {dag.py:3096} INFO - Sync 1 DAGs
[2025-06-13T15:04:39.739+0000] {logging_mixin.py:188} INFO - [2025-06-13T15:04:39.739+0000] {dag.py:3954} INFO - Setting next_dagrun for example_branch_operator to 2025-06-12 00:00:00+00:00, run_after=2025-06-13 00:00:00+00:00
[2025-06-13T15:04:39.747+0000] {processor.py:183} INFO - Processing /home/airflow/.local/lib/python3.10/site-packages/airflow/example_dags/example_branch_operator.py took 0.044 seconds
[2025-06-13T15:05:10.394+0000] {processor.py:161} INFO - Started process (PID=2513) to work on /home/airflow/.local/lib/python3.10/site-packages/airflow/example_dags/example_branch_operator.py
[2025-06-13T15:05:10.395+0000] {processor.py:830} INFO - Processing file /home/airflow/.local/lib/python3.10/site-packages/airflow/example_dags/example_branch_operator.py for tasks to queue
[2025-06-13T15:05:10.396+0000] {logging_mixin.py:188} INFO - [2025-06-13T15:05:10.396+0000] {dagbag.py:540} INFO - Filling up the DagBag from /home/airflow/.local/lib/python3.10/site-packages/airflow/example_dags/example_branch_operator.py
[2025-06-13T15:05:10.405+0000] {processor.py:840} INFO - DAG(s) 'example_branch_operator' retrieved from /home/airflow/.local/lib/python3.10/site-packages/airflow/example_dags/example_branch_operator.py
[2025-06-13T15:05:10.424+0000] {logging_mixin.py:188} INFO - [2025-06-13T15:05:10.424+0000] {dag.py:3096} INFO - Sync 1 DAGs
[2025-06-13T15:05:10.436+0000] {logging_mixin.py:188} INFO - [2025-06-13T15:05:10.436+0000] {dag.py:3954} INFO - Setting next_dagrun for example_branch_operator to 2025-06-12 00:00:00+00:00, run_after=2025-06-13 00:00:00+00:00
[2025-06-13T15:05:10.447+0000] {processor.py:183} INFO - Processing /home/airflow/.local/lib/python3.10/site-packages/airflow/example_dags/example_branch_operator.py took 0.057 seconds
