[2025-06-13T14:33:25.213+0000] {processor.py:161} INFO - Started process (PID=73) to work on /home/airflow/.local/lib/python3.10/site-packages/airflow/example_dags/example_latest_only_with_trigger.py
[2025-06-13T14:33:25.214+0000] {processor.py:830} INFO - Processing file /home/airflow/.local/lib/python3.10/site-packages/airflow/example_dags/example_latest_only_with_trigger.py for tasks to queue
[2025-06-13T14:33:25.215+0000] {logging_mixin.py:188} INFO - [2025-06-13T14:33:25.215+0000] {dagbag.py:540} INFO - Filling up the DagBag from /home/airflow/.local/lib/python3.10/site-packages/airflow/example_dags/example_latest_only_with_trigger.py
[2025-06-13T14:33:25.219+0000] {processor.py:840} INFO - DAG(s) 'latest_only_with_trigger' retrieved from /home/airflow/.local/lib/python3.10/site-packages/airflow/example_dags/example_latest_only_with_trigger.py
[2025-06-13T14:33:25.228+0000] {logging_mixin.py:188} INFO - [2025-06-13T14:33:25.227+0000] {dag.py:3096} INFO - Sync 1 DAGs
[2025-06-13T14:33:25.247+0000] {logging_mixin.py:188} INFO - [2025-06-13T14:33:25.247+0000] {dag.py:3954} INFO - Setting next_dagrun for latest_only_with_trigger to 2025-06-13 08:00:00+00:00, run_after=2025-06-13 12:00:00+00:00
[2025-06-13T14:33:25.266+0000] {processor.py:183} INFO - Processing /home/airflow/.local/lib/python3.10/site-packages/airflow/example_dags/example_latest_only_with_trigger.py took 0.058 seconds
[2025-06-13T14:33:55.370+0000] {processor.py:161} INFO - Started process (PID=130) to work on /home/airflow/.local/lib/python3.10/site-packages/airflow/example_dags/example_latest_only_with_trigger.py
[2025-06-13T14:33:55.371+0000] {processor.py:830} INFO - Processing file /home/airflow/.local/lib/python3.10/site-packages/airflow/example_dags/example_latest_only_with_trigger.py for tasks to queue
[2025-06-13T14:33:55.372+0000] {logging_mixin.py:188} INFO - [2025-06-13T14:33:55.372+0000] {dagbag.py:540} INFO - Filling up the DagBag from /home/airflow/.local/lib/python3.10/site-packages/airflow/example_dags/example_latest_only_with_trigger.py
[2025-06-13T14:33:55.380+0000] {processor.py:840} INFO - DAG(s) 'latest_only_with_trigger' retrieved from /home/airflow/.local/lib/python3.10/site-packages/airflow/example_dags/example_latest_only_with_trigger.py
[2025-06-13T14:33:55.434+0000] {logging_mixin.py:188} INFO - [2025-06-13T14:33:55.434+0000] {dag.py:3096} INFO - Sync 1 DAGs
[2025-06-13T14:33:55.444+0000] {logging_mixin.py:188} INFO - [2025-06-13T14:33:55.444+0000] {dag.py:3954} INFO - Setting next_dagrun for latest_only_with_trigger to 2025-06-13 08:00:00+00:00, run_after=2025-06-13 12:00:00+00:00
[2025-06-13T14:33:55.454+0000] {processor.py:183} INFO - Processing /home/airflow/.local/lib/python3.10/site-packages/airflow/example_dags/example_latest_only_with_trigger.py took 0.087 seconds
[2025-06-13T14:34:25.836+0000] {processor.py:161} INFO - Started process (PID=188) to work on /home/airflow/.local/lib/python3.10/site-packages/airflow/example_dags/example_latest_only_with_trigger.py
[2025-06-13T14:34:25.836+0000] {processor.py:830} INFO - Processing file /home/airflow/.local/lib/python3.10/site-packages/airflow/example_dags/example_latest_only_with_trigger.py for tasks to queue
[2025-06-13T14:34:25.841+0000] {logging_mixin.py:188} INFO - [2025-06-13T14:34:25.841+0000] {dagbag.py:540} INFO - Filling up the DagBag from /home/airflow/.local/lib/python3.10/site-packages/airflow/example_dags/example_latest_only_with_trigger.py
[2025-06-13T14:34:25.844+0000] {processor.py:840} INFO - DAG(s) 'latest_only_with_trigger' retrieved from /home/airflow/.local/lib/python3.10/site-packages/airflow/example_dags/example_latest_only_with_trigger.py
[2025-06-13T14:34:25.860+0000] {logging_mixin.py:188} INFO - [2025-06-13T14:34:25.860+0000] {dag.py:3096} INFO - Sync 1 DAGs
[2025-06-13T14:34:25.872+0000] {logging_mixin.py:188} INFO - [2025-06-13T14:34:25.871+0000] {dag.py:3954} INFO - Setting next_dagrun for latest_only_with_trigger to 2025-06-13 08:00:00+00:00, run_after=2025-06-13 12:00:00+00:00
[2025-06-13T14:34:25.880+0000] {processor.py:183} INFO - Processing /home/airflow/.local/lib/python3.10/site-packages/airflow/example_dags/example_latest_only_with_trigger.py took 0.049 seconds
[2025-06-13T14:34:56.240+0000] {processor.py:161} INFO - Started process (PID=246) to work on /home/airflow/.local/lib/python3.10/site-packages/airflow/example_dags/example_latest_only_with_trigger.py
[2025-06-13T14:34:56.240+0000] {processor.py:830} INFO - Processing file /home/airflow/.local/lib/python3.10/site-packages/airflow/example_dags/example_latest_only_with_trigger.py for tasks to queue
[2025-06-13T14:34:56.242+0000] {logging_mixin.py:188} INFO - [2025-06-13T14:34:56.242+0000] {dagbag.py:540} INFO - Filling up the DagBag from /home/airflow/.local/lib/python3.10/site-packages/airflow/example_dags/example_latest_only_with_trigger.py
[2025-06-13T14:34:56.246+0000] {processor.py:840} INFO - DAG(s) 'latest_only_with_trigger' retrieved from /home/airflow/.local/lib/python3.10/site-packages/airflow/example_dags/example_latest_only_with_trigger.py
[2025-06-13T14:34:56.257+0000] {logging_mixin.py:188} INFO - [2025-06-13T14:34:56.257+0000] {dag.py:3096} INFO - Sync 1 DAGs
[2025-06-13T14:34:56.267+0000] {logging_mixin.py:188} INFO - [2025-06-13T14:34:56.267+0000] {dag.py:3954} INFO - Setting next_dagrun for latest_only_with_trigger to 2025-06-13 08:00:00+00:00, run_after=2025-06-13 12:00:00+00:00
[2025-06-13T14:34:56.276+0000] {processor.py:183} INFO - Processing /home/airflow/.local/lib/python3.10/site-packages/airflow/example_dags/example_latest_only_with_trigger.py took 0.040 seconds
[2025-06-13T14:35:26.904+0000] {processor.py:161} INFO - Started process (PID=304) to work on /home/airflow/.local/lib/python3.10/site-packages/airflow/example_dags/example_latest_only_with_trigger.py
[2025-06-13T14:35:26.908+0000] {processor.py:830} INFO - Processing file /home/airflow/.local/lib/python3.10/site-packages/airflow/example_dags/example_latest_only_with_trigger.py for tasks to queue
[2025-06-13T14:35:26.911+0000] {logging_mixin.py:188} INFO - [2025-06-13T14:35:26.911+0000] {dagbag.py:540} INFO - Filling up the DagBag from /home/airflow/.local/lib/python3.10/site-packages/airflow/example_dags/example_latest_only_with_trigger.py
[2025-06-13T14:35:26.914+0000] {processor.py:840} INFO - DAG(s) 'latest_only_with_trigger' retrieved from /home/airflow/.local/lib/python3.10/site-packages/airflow/example_dags/example_latest_only_with_trigger.py
[2025-06-13T14:35:26.926+0000] {logging_mixin.py:188} INFO - [2025-06-13T14:35:26.926+0000] {dag.py:3096} INFO - Sync 1 DAGs
[2025-06-13T14:35:26.937+0000] {logging_mixin.py:188} INFO - [2025-06-13T14:35:26.937+0000] {dag.py:3954} INFO - Setting next_dagrun for latest_only_with_trigger to 2025-06-13 08:00:00+00:00, run_after=2025-06-13 12:00:00+00:00
[2025-06-13T14:35:26.946+0000] {processor.py:183} INFO - Processing /home/airflow/.local/lib/python3.10/site-packages/airflow/example_dags/example_latest_only_with_trigger.py took 0.045 seconds
[2025-06-13T14:35:58.395+0000] {processor.py:161} INFO - Started process (PID=368) to work on /home/airflow/.local/lib/python3.10/site-packages/airflow/example_dags/example_latest_only_with_trigger.py
[2025-06-13T14:35:58.397+0000] {processor.py:830} INFO - Processing file /home/airflow/.local/lib/python3.10/site-packages/airflow/example_dags/example_latest_only_with_trigger.py for tasks to queue
[2025-06-13T14:35:58.398+0000] {logging_mixin.py:188} INFO - [2025-06-13T14:35:58.398+0000] {dagbag.py:540} INFO - Filling up the DagBag from /home/airflow/.local/lib/python3.10/site-packages/airflow/example_dags/example_latest_only_with_trigger.py
[2025-06-13T14:35:58.401+0000] {processor.py:840} INFO - DAG(s) 'latest_only_with_trigger' retrieved from /home/airflow/.local/lib/python3.10/site-packages/airflow/example_dags/example_latest_only_with_trigger.py
[2025-06-13T14:35:58.413+0000] {logging_mixin.py:188} INFO - [2025-06-13T14:35:58.413+0000] {dag.py:3096} INFO - Sync 1 DAGs
[2025-06-13T14:35:58.427+0000] {logging_mixin.py:188} INFO - [2025-06-13T14:35:58.427+0000] {dag.py:3954} INFO - Setting next_dagrun for latest_only_with_trigger to 2025-06-13 08:00:00+00:00, run_after=2025-06-13 12:00:00+00:00
[2025-06-13T14:35:58.436+0000] {processor.py:183} INFO - Processing /home/airflow/.local/lib/python3.10/site-packages/airflow/example_dags/example_latest_only_with_trigger.py took 0.044 seconds
[2025-06-13T14:36:29.145+0000] {processor.py:161} INFO - Started process (PID=426) to work on /home/airflow/.local/lib/python3.10/site-packages/airflow/example_dags/example_latest_only_with_trigger.py
[2025-06-13T14:36:29.146+0000] {processor.py:830} INFO - Processing file /home/airflow/.local/lib/python3.10/site-packages/airflow/example_dags/example_latest_only_with_trigger.py for tasks to queue
[2025-06-13T14:36:29.147+0000] {logging_mixin.py:188} INFO - [2025-06-13T14:36:29.147+0000] {dagbag.py:540} INFO - Filling up the DagBag from /home/airflow/.local/lib/python3.10/site-packages/airflow/example_dags/example_latest_only_with_trigger.py
[2025-06-13T14:36:29.151+0000] {processor.py:840} INFO - DAG(s) 'latest_only_with_trigger' retrieved from /home/airflow/.local/lib/python3.10/site-packages/airflow/example_dags/example_latest_only_with_trigger.py
[2025-06-13T14:36:29.164+0000] {logging_mixin.py:188} INFO - [2025-06-13T14:36:29.164+0000] {dag.py:3096} INFO - Sync 1 DAGs
[2025-06-13T14:36:29.175+0000] {logging_mixin.py:188} INFO - [2025-06-13T14:36:29.175+0000] {dag.py:3954} INFO - Setting next_dagrun for latest_only_with_trigger to 2025-06-13 08:00:00+00:00, run_after=2025-06-13 12:00:00+00:00
[2025-06-13T14:36:29.187+0000] {processor.py:183} INFO - Processing /home/airflow/.local/lib/python3.10/site-packages/airflow/example_dags/example_latest_only_with_trigger.py took 0.045 seconds
[2025-06-13T14:36:59.450+0000] {processor.py:161} INFO - Started process (PID=484) to work on /home/airflow/.local/lib/python3.10/site-packages/airflow/example_dags/example_latest_only_with_trigger.py
[2025-06-13T14:36:59.453+0000] {processor.py:830} INFO - Processing file /home/airflow/.local/lib/python3.10/site-packages/airflow/example_dags/example_latest_only_with_trigger.py for tasks to queue
[2025-06-13T14:36:59.455+0000] {logging_mixin.py:188} INFO - [2025-06-13T14:36:59.455+0000] {dagbag.py:540} INFO - Filling up the DagBag from /home/airflow/.local/lib/python3.10/site-packages/airflow/example_dags/example_latest_only_with_trigger.py
[2025-06-13T14:36:59.461+0000] {processor.py:840} INFO - DAG(s) 'latest_only_with_trigger' retrieved from /home/airflow/.local/lib/python3.10/site-packages/airflow/example_dags/example_latest_only_with_trigger.py
[2025-06-13T14:36:59.473+0000] {logging_mixin.py:188} INFO - [2025-06-13T14:36:59.472+0000] {dag.py:3096} INFO - Sync 1 DAGs
[2025-06-13T14:36:59.485+0000] {logging_mixin.py:188} INFO - [2025-06-13T14:36:59.485+0000] {dag.py:3954} INFO - Setting next_dagrun for latest_only_with_trigger to 2025-06-13 08:00:00+00:00, run_after=2025-06-13 12:00:00+00:00
[2025-06-13T14:36:59.495+0000] {processor.py:183} INFO - Processing /home/airflow/.local/lib/python3.10/site-packages/airflow/example_dags/example_latest_only_with_trigger.py took 0.049 seconds
[2025-06-13T14:37:30.382+0000] {processor.py:161} INFO - Started process (PID=542) to work on /home/airflow/.local/lib/python3.10/site-packages/airflow/example_dags/example_latest_only_with_trigger.py
[2025-06-13T14:37:30.387+0000] {processor.py:830} INFO - Processing file /home/airflow/.local/lib/python3.10/site-packages/airflow/example_dags/example_latest_only_with_trigger.py for tasks to queue
[2025-06-13T14:37:30.388+0000] {logging_mixin.py:188} INFO - [2025-06-13T14:37:30.388+0000] {dagbag.py:540} INFO - Filling up the DagBag from /home/airflow/.local/lib/python3.10/site-packages/airflow/example_dags/example_latest_only_with_trigger.py
[2025-06-13T14:37:30.393+0000] {processor.py:840} INFO - DAG(s) 'latest_only_with_trigger' retrieved from /home/airflow/.local/lib/python3.10/site-packages/airflow/example_dags/example_latest_only_with_trigger.py
[2025-06-13T14:37:30.408+0000] {logging_mixin.py:188} INFO - [2025-06-13T14:37:30.408+0000] {dag.py:3096} INFO - Sync 1 DAGs
[2025-06-13T14:37:30.421+0000] {logging_mixin.py:188} INFO - [2025-06-13T14:37:30.420+0000] {dag.py:3954} INFO - Setting next_dagrun for latest_only_with_trigger to 2025-06-13 08:00:00+00:00, run_after=2025-06-13 12:00:00+00:00
[2025-06-13T14:37:30.436+0000] {processor.py:183} INFO - Processing /home/airflow/.local/lib/python3.10/site-packages/airflow/example_dags/example_latest_only_with_trigger.py took 0.060 seconds
[2025-06-13T14:38:00.513+0000] {processor.py:161} INFO - Started process (PID=600) to work on /home/airflow/.local/lib/python3.10/site-packages/airflow/example_dags/example_latest_only_with_trigger.py
[2025-06-13T14:38:00.515+0000] {processor.py:830} INFO - Processing file /home/airflow/.local/lib/python3.10/site-packages/airflow/example_dags/example_latest_only_with_trigger.py for tasks to queue
[2025-06-13T14:38:00.516+0000] {logging_mixin.py:188} INFO - [2025-06-13T14:38:00.515+0000] {dagbag.py:540} INFO - Filling up the DagBag from /home/airflow/.local/lib/python3.10/site-packages/airflow/example_dags/example_latest_only_with_trigger.py
[2025-06-13T14:38:00.522+0000] {processor.py:840} INFO - DAG(s) 'latest_only_with_trigger' retrieved from /home/airflow/.local/lib/python3.10/site-packages/airflow/example_dags/example_latest_only_with_trigger.py
[2025-06-13T14:38:00.541+0000] {logging_mixin.py:188} INFO - [2025-06-13T14:38:00.541+0000] {dag.py:3096} INFO - Sync 1 DAGs
[2025-06-13T14:38:00.552+0000] {logging_mixin.py:188} INFO - [2025-06-13T14:38:00.551+0000] {dag.py:3954} INFO - Setting next_dagrun for latest_only_with_trigger to 2025-06-13 08:00:00+00:00, run_after=2025-06-13 12:00:00+00:00
[2025-06-13T14:38:00.561+0000] {processor.py:183} INFO - Processing /home/airflow/.local/lib/python3.10/site-packages/airflow/example_dags/example_latest_only_with_trigger.py took 0.052 seconds
[2025-06-13T14:38:31.233+0000] {processor.py:161} INFO - Started process (PID=660) to work on /home/airflow/.local/lib/python3.10/site-packages/airflow/example_dags/example_latest_only_with_trigger.py
[2025-06-13T14:38:31.235+0000] {processor.py:830} INFO - Processing file /home/airflow/.local/lib/python3.10/site-packages/airflow/example_dags/example_latest_only_with_trigger.py for tasks to queue
[2025-06-13T14:38:31.237+0000] {logging_mixin.py:188} INFO - [2025-06-13T14:38:31.237+0000] {dagbag.py:540} INFO - Filling up the DagBag from /home/airflow/.local/lib/python3.10/site-packages/airflow/example_dags/example_latest_only_with_trigger.py
[2025-06-13T14:38:31.240+0000] {processor.py:840} INFO - DAG(s) 'latest_only_with_trigger' retrieved from /home/airflow/.local/lib/python3.10/site-packages/airflow/example_dags/example_latest_only_with_trigger.py
[2025-06-13T14:38:31.259+0000] {logging_mixin.py:188} INFO - [2025-06-13T14:38:31.259+0000] {dag.py:3096} INFO - Sync 1 DAGs
[2025-06-13T14:38:31.276+0000] {logging_mixin.py:188} INFO - [2025-06-13T14:38:31.276+0000] {dag.py:3954} INFO - Setting next_dagrun for latest_only_with_trigger to 2025-06-13 08:00:00+00:00, run_after=2025-06-13 12:00:00+00:00
[2025-06-13T14:38:31.289+0000] {processor.py:183} INFO - Processing /home/airflow/.local/lib/python3.10/site-packages/airflow/example_dags/example_latest_only_with_trigger.py took 0.060 seconds
[2025-06-13T14:39:02.015+0000] {processor.py:161} INFO - Started process (PID=720) to work on /home/airflow/.local/lib/python3.10/site-packages/airflow/example_dags/example_latest_only_with_trigger.py
[2025-06-13T14:39:02.016+0000] {processor.py:830} INFO - Processing file /home/airflow/.local/lib/python3.10/site-packages/airflow/example_dags/example_latest_only_with_trigger.py for tasks to queue
[2025-06-13T14:39:02.017+0000] {logging_mixin.py:188} INFO - [2025-06-13T14:39:02.016+0000] {dagbag.py:540} INFO - Filling up the DagBag from /home/airflow/.local/lib/python3.10/site-packages/airflow/example_dags/example_latest_only_with_trigger.py
[2025-06-13T14:39:02.020+0000] {processor.py:840} INFO - DAG(s) 'latest_only_with_trigger' retrieved from /home/airflow/.local/lib/python3.10/site-packages/airflow/example_dags/example_latest_only_with_trigger.py
[2025-06-13T14:39:02.034+0000] {logging_mixin.py:188} INFO - [2025-06-13T14:39:02.034+0000] {dag.py:3096} INFO - Sync 1 DAGs
[2025-06-13T14:39:02.048+0000] {logging_mixin.py:188} INFO - [2025-06-13T14:39:02.047+0000] {dag.py:3954} INFO - Setting next_dagrun for latest_only_with_trigger to 2025-06-13 08:00:00+00:00, run_after=2025-06-13 12:00:00+00:00
[2025-06-13T14:39:02.057+0000] {processor.py:183} INFO - Processing /home/airflow/.local/lib/python3.10/site-packages/airflow/example_dags/example_latest_only_with_trigger.py took 0.046 seconds
[2025-06-13T14:39:33.023+0000] {processor.py:161} INFO - Started process (PID=780) to work on /home/airflow/.local/lib/python3.10/site-packages/airflow/example_dags/example_latest_only_with_trigger.py
[2025-06-13T14:39:33.023+0000] {processor.py:830} INFO - Processing file /home/airflow/.local/lib/python3.10/site-packages/airflow/example_dags/example_latest_only_with_trigger.py for tasks to queue
[2025-06-13T14:39:33.025+0000] {logging_mixin.py:188} INFO - [2025-06-13T14:39:33.025+0000] {dagbag.py:540} INFO - Filling up the DagBag from /home/airflow/.local/lib/python3.10/site-packages/airflow/example_dags/example_latest_only_with_trigger.py
[2025-06-13T14:39:33.028+0000] {processor.py:840} INFO - DAG(s) 'latest_only_with_trigger' retrieved from /home/airflow/.local/lib/python3.10/site-packages/airflow/example_dags/example_latest_only_with_trigger.py
[2025-06-13T14:39:33.047+0000] {logging_mixin.py:188} INFO - [2025-06-13T14:39:33.047+0000] {dag.py:3096} INFO - Sync 1 DAGs
[2025-06-13T14:39:33.058+0000] {logging_mixin.py:188} INFO - [2025-06-13T14:39:33.058+0000] {dag.py:3954} INFO - Setting next_dagrun for latest_only_with_trigger to 2025-06-13 08:00:00+00:00, run_after=2025-06-13 12:00:00+00:00
[2025-06-13T14:39:33.071+0000] {processor.py:183} INFO - Processing /home/airflow/.local/lib/python3.10/site-packages/airflow/example_dags/example_latest_only_with_trigger.py took 0.052 seconds
[2025-06-13T14:40:03.453+0000] {processor.py:161} INFO - Started process (PID=840) to work on /home/airflow/.local/lib/python3.10/site-packages/airflow/example_dags/example_latest_only_with_trigger.py
[2025-06-13T14:40:03.454+0000] {processor.py:830} INFO - Processing file /home/airflow/.local/lib/python3.10/site-packages/airflow/example_dags/example_latest_only_with_trigger.py for tasks to queue
[2025-06-13T14:40:03.455+0000] {logging_mixin.py:188} INFO - [2025-06-13T14:40:03.455+0000] {dagbag.py:540} INFO - Filling up the DagBag from /home/airflow/.local/lib/python3.10/site-packages/airflow/example_dags/example_latest_only_with_trigger.py
[2025-06-13T14:40:03.460+0000] {processor.py:840} INFO - DAG(s) 'latest_only_with_trigger' retrieved from /home/airflow/.local/lib/python3.10/site-packages/airflow/example_dags/example_latest_only_with_trigger.py
[2025-06-13T14:40:03.474+0000] {logging_mixin.py:188} INFO - [2025-06-13T14:40:03.474+0000] {dag.py:3096} INFO - Sync 1 DAGs
[2025-06-13T14:40:03.486+0000] {logging_mixin.py:188} INFO - [2025-06-13T14:40:03.485+0000] {dag.py:3954} INFO - Setting next_dagrun for latest_only_with_trigger to 2025-06-13 08:00:00+00:00, run_after=2025-06-13 12:00:00+00:00
[2025-06-13T14:40:03.495+0000] {processor.py:183} INFO - Processing /home/airflow/.local/lib/python3.10/site-packages/airflow/example_dags/example_latest_only_with_trigger.py took 0.045 seconds
[2025-06-13T14:40:34.564+0000] {processor.py:161} INFO - Started process (PID=900) to work on /home/airflow/.local/lib/python3.10/site-packages/airflow/example_dags/example_latest_only_with_trigger.py
[2025-06-13T14:40:34.566+0000] {processor.py:830} INFO - Processing file /home/airflow/.local/lib/python3.10/site-packages/airflow/example_dags/example_latest_only_with_trigger.py for tasks to queue
[2025-06-13T14:40:34.567+0000] {logging_mixin.py:188} INFO - [2025-06-13T14:40:34.567+0000] {dagbag.py:540} INFO - Filling up the DagBag from /home/airflow/.local/lib/python3.10/site-packages/airflow/example_dags/example_latest_only_with_trigger.py
[2025-06-13T14:40:34.570+0000] {processor.py:840} INFO - DAG(s) 'latest_only_with_trigger' retrieved from /home/airflow/.local/lib/python3.10/site-packages/airflow/example_dags/example_latest_only_with_trigger.py
[2025-06-13T14:40:34.584+0000] {logging_mixin.py:188} INFO - [2025-06-13T14:40:34.584+0000] {dag.py:3096} INFO - Sync 1 DAGs
[2025-06-13T14:40:34.598+0000] {logging_mixin.py:188} INFO - [2025-06-13T14:40:34.598+0000] {dag.py:3954} INFO - Setting next_dagrun for latest_only_with_trigger to 2025-06-13 08:00:00+00:00, run_after=2025-06-13 12:00:00+00:00
[2025-06-13T14:40:34.612+0000] {processor.py:183} INFO - Processing /home/airflow/.local/lib/python3.10/site-packages/airflow/example_dags/example_latest_only_with_trigger.py took 0.052 seconds
[2025-06-13T14:41:05.077+0000] {processor.py:161} INFO - Started process (PID=960) to work on /home/airflow/.local/lib/python3.10/site-packages/airflow/example_dags/example_latest_only_with_trigger.py
[2025-06-13T14:41:05.078+0000] {processor.py:830} INFO - Processing file /home/airflow/.local/lib/python3.10/site-packages/airflow/example_dags/example_latest_only_with_trigger.py for tasks to queue
[2025-06-13T14:41:05.079+0000] {logging_mixin.py:188} INFO - [2025-06-13T14:41:05.079+0000] {dagbag.py:540} INFO - Filling up the DagBag from /home/airflow/.local/lib/python3.10/site-packages/airflow/example_dags/example_latest_only_with_trigger.py
[2025-06-13T14:41:05.082+0000] {processor.py:840} INFO - DAG(s) 'latest_only_with_trigger' retrieved from /home/airflow/.local/lib/python3.10/site-packages/airflow/example_dags/example_latest_only_with_trigger.py
[2025-06-13T14:41:05.093+0000] {logging_mixin.py:188} INFO - [2025-06-13T14:41:05.092+0000] {dag.py:3096} INFO - Sync 1 DAGs
[2025-06-13T14:41:05.103+0000] {logging_mixin.py:188} INFO - [2025-06-13T14:41:05.103+0000] {dag.py:3954} INFO - Setting next_dagrun for latest_only_with_trigger to 2025-06-13 08:00:00+00:00, run_after=2025-06-13 12:00:00+00:00
[2025-06-13T14:41:05.113+0000] {processor.py:183} INFO - Processing /home/airflow/.local/lib/python3.10/site-packages/airflow/example_dags/example_latest_only_with_trigger.py took 0.039 seconds
[2025-06-13T14:41:35.475+0000] {processor.py:161} INFO - Started process (PID=1020) to work on /home/airflow/.local/lib/python3.10/site-packages/airflow/example_dags/example_latest_only_with_trigger.py
[2025-06-13T14:41:35.476+0000] {processor.py:830} INFO - Processing file /home/airflow/.local/lib/python3.10/site-packages/airflow/example_dags/example_latest_only_with_trigger.py for tasks to queue
[2025-06-13T14:41:35.480+0000] {logging_mixin.py:188} INFO - [2025-06-13T14:41:35.479+0000] {dagbag.py:540} INFO - Filling up the DagBag from /home/airflow/.local/lib/python3.10/site-packages/airflow/example_dags/example_latest_only_with_trigger.py
[2025-06-13T14:41:35.488+0000] {processor.py:840} INFO - DAG(s) 'latest_only_with_trigger' retrieved from /home/airflow/.local/lib/python3.10/site-packages/airflow/example_dags/example_latest_only_with_trigger.py
[2025-06-13T14:41:35.503+0000] {logging_mixin.py:188} INFO - [2025-06-13T14:41:35.503+0000] {dag.py:3096} INFO - Sync 1 DAGs
[2025-06-13T14:41:35.515+0000] {logging_mixin.py:188} INFO - [2025-06-13T14:41:35.515+0000] {dag.py:3954} INFO - Setting next_dagrun for latest_only_with_trigger to 2025-06-13 08:00:00+00:00, run_after=2025-06-13 12:00:00+00:00
[2025-06-13T14:41:35.529+0000] {processor.py:183} INFO - Processing /home/airflow/.local/lib/python3.10/site-packages/airflow/example_dags/example_latest_only_with_trigger.py took 0.058 seconds
[2025-06-13T14:42:05.850+0000] {processor.py:161} INFO - Started process (PID=1080) to work on /home/airflow/.local/lib/python3.10/site-packages/airflow/example_dags/example_latest_only_with_trigger.py
[2025-06-13T14:42:05.851+0000] {processor.py:830} INFO - Processing file /home/airflow/.local/lib/python3.10/site-packages/airflow/example_dags/example_latest_only_with_trigger.py for tasks to queue
[2025-06-13T14:42:05.852+0000] {logging_mixin.py:188} INFO - [2025-06-13T14:42:05.852+0000] {dagbag.py:540} INFO - Filling up the DagBag from /home/airflow/.local/lib/python3.10/site-packages/airflow/example_dags/example_latest_only_with_trigger.py
[2025-06-13T14:42:05.859+0000] {processor.py:840} INFO - DAG(s) 'latest_only_with_trigger' retrieved from /home/airflow/.local/lib/python3.10/site-packages/airflow/example_dags/example_latest_only_with_trigger.py
[2025-06-13T14:42:05.873+0000] {logging_mixin.py:188} INFO - [2025-06-13T14:42:05.873+0000] {dag.py:3096} INFO - Sync 1 DAGs
[2025-06-13T14:42:05.884+0000] {logging_mixin.py:188} INFO - [2025-06-13T14:42:05.884+0000] {dag.py:3954} INFO - Setting next_dagrun for latest_only_with_trigger to 2025-06-13 08:00:00+00:00, run_after=2025-06-13 12:00:00+00:00
[2025-06-13T14:42:05.897+0000] {processor.py:183} INFO - Processing /home/airflow/.local/lib/python3.10/site-packages/airflow/example_dags/example_latest_only_with_trigger.py took 0.051 seconds
[2025-06-13T14:42:37.104+0000] {processor.py:161} INFO - Started process (PID=1140) to work on /home/airflow/.local/lib/python3.10/site-packages/airflow/example_dags/example_latest_only_with_trigger.py
[2025-06-13T14:42:37.105+0000] {processor.py:830} INFO - Processing file /home/airflow/.local/lib/python3.10/site-packages/airflow/example_dags/example_latest_only_with_trigger.py for tasks to queue
[2025-06-13T14:42:37.106+0000] {logging_mixin.py:188} INFO - [2025-06-13T14:42:37.106+0000] {dagbag.py:540} INFO - Filling up the DagBag from /home/airflow/.local/lib/python3.10/site-packages/airflow/example_dags/example_latest_only_with_trigger.py
[2025-06-13T14:42:37.110+0000] {processor.py:840} INFO - DAG(s) 'latest_only_with_trigger' retrieved from /home/airflow/.local/lib/python3.10/site-packages/airflow/example_dags/example_latest_only_with_trigger.py
[2025-06-13T14:42:37.126+0000] {logging_mixin.py:188} INFO - [2025-06-13T14:42:37.126+0000] {dag.py:3096} INFO - Sync 1 DAGs
[2025-06-13T14:42:37.141+0000] {logging_mixin.py:188} INFO - [2025-06-13T14:42:37.140+0000] {dag.py:3954} INFO - Setting next_dagrun for latest_only_with_trigger to 2025-06-13 08:00:00+00:00, run_after=2025-06-13 12:00:00+00:00
[2025-06-13T14:42:37.157+0000] {processor.py:183} INFO - Processing /home/airflow/.local/lib/python3.10/site-packages/airflow/example_dags/example_latest_only_with_trigger.py took 0.056 seconds
[2025-06-13T14:43:07.836+0000] {processor.py:161} INFO - Started process (PID=1200) to work on /home/airflow/.local/lib/python3.10/site-packages/airflow/example_dags/example_latest_only_with_trigger.py
[2025-06-13T14:43:07.838+0000] {processor.py:830} INFO - Processing file /home/airflow/.local/lib/python3.10/site-packages/airflow/example_dags/example_latest_only_with_trigger.py for tasks to queue
[2025-06-13T14:43:07.839+0000] {logging_mixin.py:188} INFO - [2025-06-13T14:43:07.839+0000] {dagbag.py:540} INFO - Filling up the DagBag from /home/airflow/.local/lib/python3.10/site-packages/airflow/example_dags/example_latest_only_with_trigger.py
[2025-06-13T14:43:07.843+0000] {processor.py:840} INFO - DAG(s) 'latest_only_with_trigger' retrieved from /home/airflow/.local/lib/python3.10/site-packages/airflow/example_dags/example_latest_only_with_trigger.py
[2025-06-13T14:43:07.855+0000] {logging_mixin.py:188} INFO - [2025-06-13T14:43:07.854+0000] {dag.py:3096} INFO - Sync 1 DAGs
[2025-06-13T14:43:07.869+0000] {logging_mixin.py:188} INFO - [2025-06-13T14:43:07.869+0000] {dag.py:3954} INFO - Setting next_dagrun for latest_only_with_trigger to 2025-06-13 08:00:00+00:00, run_after=2025-06-13 12:00:00+00:00
[2025-06-13T14:43:07.887+0000] {processor.py:183} INFO - Processing /home/airflow/.local/lib/python3.10/site-packages/airflow/example_dags/example_latest_only_with_trigger.py took 0.055 seconds
[2025-06-13T14:44:43.279+0000] {processor.py:161} INFO - Started process (PID=91) to work on /home/airflow/.local/lib/python3.10/site-packages/airflow/example_dags/example_latest_only_with_trigger.py
[2025-06-13T14:44:43.282+0000] {processor.py:830} INFO - Processing file /home/airflow/.local/lib/python3.10/site-packages/airflow/example_dags/example_latest_only_with_trigger.py for tasks to queue
[2025-06-13T14:44:43.283+0000] {logging_mixin.py:188} INFO - [2025-06-13T14:44:43.283+0000] {dagbag.py:540} INFO - Filling up the DagBag from /home/airflow/.local/lib/python3.10/site-packages/airflow/example_dags/example_latest_only_with_trigger.py
[2025-06-13T14:44:43.287+0000] {processor.py:840} INFO - DAG(s) 'latest_only_with_trigger' retrieved from /home/airflow/.local/lib/python3.10/site-packages/airflow/example_dags/example_latest_only_with_trigger.py
[2025-06-13T14:44:43.297+0000] {logging_mixin.py:188} INFO - [2025-06-13T14:44:43.297+0000] {dag.py:3096} INFO - Sync 1 DAGs
[2025-06-13T14:44:43.311+0000] {logging_mixin.py:188} INFO - [2025-06-13T14:44:43.310+0000] {dag.py:3954} INFO - Setting next_dagrun for latest_only_with_trigger to 2025-06-13 08:00:00+00:00, run_after=2025-06-13 12:00:00+00:00
[2025-06-13T14:44:43.326+0000] {processor.py:183} INFO - Processing /home/airflow/.local/lib/python3.10/site-packages/airflow/example_dags/example_latest_only_with_trigger.py took 0.051 seconds
[2025-06-13T14:45:16.425+0000] {processor.py:161} INFO - Started process (PID=161) to work on /home/airflow/.local/lib/python3.10/site-packages/airflow/example_dags/example_latest_only_with_trigger.py
[2025-06-13T14:45:16.428+0000] {processor.py:830} INFO - Processing file /home/airflow/.local/lib/python3.10/site-packages/airflow/example_dags/example_latest_only_with_trigger.py for tasks to queue
[2025-06-13T14:45:16.433+0000] {logging_mixin.py:188} INFO - [2025-06-13T14:45:16.432+0000] {dagbag.py:540} INFO - Filling up the DagBag from /home/airflow/.local/lib/python3.10/site-packages/airflow/example_dags/example_latest_only_with_trigger.py
[2025-06-13T14:45:16.441+0000] {processor.py:840} INFO - DAG(s) 'latest_only_with_trigger' retrieved from /home/airflow/.local/lib/python3.10/site-packages/airflow/example_dags/example_latest_only_with_trigger.py
[2025-06-13T14:45:16.521+0000] {logging_mixin.py:188} INFO - [2025-06-13T14:45:16.520+0000] {dag.py:3096} INFO - Sync 1 DAGs
[2025-06-13T14:45:16.553+0000] {logging_mixin.py:188} INFO - [2025-06-13T14:45:16.553+0000] {dag.py:3954} INFO - Setting next_dagrun for latest_only_with_trigger to 2025-06-13 08:00:00+00:00, run_after=2025-06-13 12:00:00+00:00
[2025-06-13T14:45:16.576+0000] {processor.py:183} INFO - Processing /home/airflow/.local/lib/python3.10/site-packages/airflow/example_dags/example_latest_only_with_trigger.py took 0.159 seconds
[2025-06-13T14:45:47.284+0000] {processor.py:161} INFO - Started process (PID=229) to work on /home/airflow/.local/lib/python3.10/site-packages/airflow/example_dags/example_latest_only_with_trigger.py
[2025-06-13T14:45:47.285+0000] {processor.py:830} INFO - Processing file /home/airflow/.local/lib/python3.10/site-packages/airflow/example_dags/example_latest_only_with_trigger.py for tasks to queue
[2025-06-13T14:45:47.286+0000] {logging_mixin.py:188} INFO - [2025-06-13T14:45:47.285+0000] {dagbag.py:540} INFO - Filling up the DagBag from /home/airflow/.local/lib/python3.10/site-packages/airflow/example_dags/example_latest_only_with_trigger.py
[2025-06-13T14:45:47.295+0000] {processor.py:840} INFO - DAG(s) 'latest_only_with_trigger' retrieved from /home/airflow/.local/lib/python3.10/site-packages/airflow/example_dags/example_latest_only_with_trigger.py
[2025-06-13T14:45:47.312+0000] {logging_mixin.py:188} INFO - [2025-06-13T14:45:47.312+0000] {dag.py:3096} INFO - Sync 1 DAGs
[2025-06-13T14:45:47.343+0000] {logging_mixin.py:188} INFO - [2025-06-13T14:45:47.343+0000] {dag.py:3954} INFO - Setting next_dagrun for latest_only_with_trigger to 2025-06-13 08:00:00+00:00, run_after=2025-06-13 12:00:00+00:00
[2025-06-13T14:45:47.367+0000] {processor.py:183} INFO - Processing /home/airflow/.local/lib/python3.10/site-packages/airflow/example_dags/example_latest_only_with_trigger.py took 0.087 seconds
[2025-06-13T14:46:18.049+0000] {processor.py:161} INFO - Started process (PID=289) to work on /home/airflow/.local/lib/python3.10/site-packages/airflow/example_dags/example_latest_only_with_trigger.py
[2025-06-13T14:46:18.050+0000] {processor.py:830} INFO - Processing file /home/airflow/.local/lib/python3.10/site-packages/airflow/example_dags/example_latest_only_with_trigger.py for tasks to queue
[2025-06-13T14:46:18.051+0000] {logging_mixin.py:188} INFO - [2025-06-13T14:46:18.051+0000] {dagbag.py:540} INFO - Filling up the DagBag from /home/airflow/.local/lib/python3.10/site-packages/airflow/example_dags/example_latest_only_with_trigger.py
[2025-06-13T14:46:18.061+0000] {processor.py:840} INFO - DAG(s) 'latest_only_with_trigger' retrieved from /home/airflow/.local/lib/python3.10/site-packages/airflow/example_dags/example_latest_only_with_trigger.py
[2025-06-13T14:46:18.080+0000] {logging_mixin.py:188} INFO - [2025-06-13T14:46:18.080+0000] {dag.py:3096} INFO - Sync 1 DAGs
[2025-06-13T14:46:18.091+0000] {logging_mixin.py:188} INFO - [2025-06-13T14:46:18.091+0000] {dag.py:3954} INFO - Setting next_dagrun for latest_only_with_trigger to 2025-06-13 08:00:00+00:00, run_after=2025-06-13 12:00:00+00:00
[2025-06-13T14:46:18.101+0000] {processor.py:183} INFO - Processing /home/airflow/.local/lib/python3.10/site-packages/airflow/example_dags/example_latest_only_with_trigger.py took 0.056 seconds
[2025-06-13T14:46:48.841+0000] {processor.py:161} INFO - Started process (PID=349) to work on /home/airflow/.local/lib/python3.10/site-packages/airflow/example_dags/example_latest_only_with_trigger.py
[2025-06-13T14:46:48.842+0000] {processor.py:830} INFO - Processing file /home/airflow/.local/lib/python3.10/site-packages/airflow/example_dags/example_latest_only_with_trigger.py for tasks to queue
[2025-06-13T14:46:48.844+0000] {logging_mixin.py:188} INFO - [2025-06-13T14:46:48.843+0000] {dagbag.py:540} INFO - Filling up the DagBag from /home/airflow/.local/lib/python3.10/site-packages/airflow/example_dags/example_latest_only_with_trigger.py
[2025-06-13T14:46:48.847+0000] {processor.py:840} INFO - DAG(s) 'latest_only_with_trigger' retrieved from /home/airflow/.local/lib/python3.10/site-packages/airflow/example_dags/example_latest_only_with_trigger.py
[2025-06-13T14:46:48.859+0000] {logging_mixin.py:188} INFO - [2025-06-13T14:46:48.858+0000] {dag.py:3096} INFO - Sync 1 DAGs
[2025-06-13T14:46:48.871+0000] {logging_mixin.py:188} INFO - [2025-06-13T14:46:48.871+0000] {dag.py:3954} INFO - Setting next_dagrun for latest_only_with_trigger to 2025-06-13 08:00:00+00:00, run_after=2025-06-13 12:00:00+00:00
[2025-06-13T14:46:48.885+0000] {processor.py:183} INFO - Processing /home/airflow/.local/lib/python3.10/site-packages/airflow/example_dags/example_latest_only_with_trigger.py took 0.048 seconds
[2025-06-13T14:47:19.315+0000] {processor.py:161} INFO - Started process (PID=409) to work on /home/airflow/.local/lib/python3.10/site-packages/airflow/example_dags/example_latest_only_with_trigger.py
[2025-06-13T14:47:19.316+0000] {processor.py:830} INFO - Processing file /home/airflow/.local/lib/python3.10/site-packages/airflow/example_dags/example_latest_only_with_trigger.py for tasks to queue
[2025-06-13T14:47:19.317+0000] {logging_mixin.py:188} INFO - [2025-06-13T14:47:19.317+0000] {dagbag.py:540} INFO - Filling up the DagBag from /home/airflow/.local/lib/python3.10/site-packages/airflow/example_dags/example_latest_only_with_trigger.py
[2025-06-13T14:47:19.322+0000] {processor.py:840} INFO - DAG(s) 'latest_only_with_trigger' retrieved from /home/airflow/.local/lib/python3.10/site-packages/airflow/example_dags/example_latest_only_with_trigger.py
[2025-06-13T14:47:19.337+0000] {logging_mixin.py:188} INFO - [2025-06-13T14:47:19.337+0000] {dag.py:3096} INFO - Sync 1 DAGs
[2025-06-13T14:47:19.347+0000] {logging_mixin.py:188} INFO - [2025-06-13T14:47:19.347+0000] {dag.py:3954} INFO - Setting next_dagrun for latest_only_with_trigger to 2025-06-13 08:00:00+00:00, run_after=2025-06-13 12:00:00+00:00
[2025-06-13T14:47:19.359+0000] {processor.py:183} INFO - Processing /home/airflow/.local/lib/python3.10/site-packages/airflow/example_dags/example_latest_only_with_trigger.py took 0.048 seconds
[2025-06-13T14:47:49.531+0000] {processor.py:161} INFO - Started process (PID=469) to work on /home/airflow/.local/lib/python3.10/site-packages/airflow/example_dags/example_latest_only_with_trigger.py
[2025-06-13T14:47:49.534+0000] {processor.py:830} INFO - Processing file /home/airflow/.local/lib/python3.10/site-packages/airflow/example_dags/example_latest_only_with_trigger.py for tasks to queue
[2025-06-13T14:47:49.538+0000] {logging_mixin.py:188} INFO - [2025-06-13T14:47:49.538+0000] {dagbag.py:540} INFO - Filling up the DagBag from /home/airflow/.local/lib/python3.10/site-packages/airflow/example_dags/example_latest_only_with_trigger.py
[2025-06-13T14:47:49.541+0000] {processor.py:840} INFO - DAG(s) 'latest_only_with_trigger' retrieved from /home/airflow/.local/lib/python3.10/site-packages/airflow/example_dags/example_latest_only_with_trigger.py
[2025-06-13T14:47:49.561+0000] {logging_mixin.py:188} INFO - [2025-06-13T14:47:49.560+0000] {dag.py:3096} INFO - Sync 1 DAGs
[2025-06-13T14:47:49.573+0000] {logging_mixin.py:188} INFO - [2025-06-13T14:47:49.573+0000] {dag.py:3954} INFO - Setting next_dagrun for latest_only_with_trigger to 2025-06-13 08:00:00+00:00, run_after=2025-06-13 12:00:00+00:00
[2025-06-13T14:47:49.583+0000] {processor.py:183} INFO - Processing /home/airflow/.local/lib/python3.10/site-packages/airflow/example_dags/example_latest_only_with_trigger.py took 0.059 seconds
[2025-06-13T14:48:20.341+0000] {processor.py:161} INFO - Started process (PID=529) to work on /home/airflow/.local/lib/python3.10/site-packages/airflow/example_dags/example_latest_only_with_trigger.py
[2025-06-13T14:48:20.342+0000] {processor.py:830} INFO - Processing file /home/airflow/.local/lib/python3.10/site-packages/airflow/example_dags/example_latest_only_with_trigger.py for tasks to queue
[2025-06-13T14:48:20.343+0000] {logging_mixin.py:188} INFO - [2025-06-13T14:48:20.342+0000] {dagbag.py:540} INFO - Filling up the DagBag from /home/airflow/.local/lib/python3.10/site-packages/airflow/example_dags/example_latest_only_with_trigger.py
[2025-06-13T14:48:20.346+0000] {processor.py:840} INFO - DAG(s) 'latest_only_with_trigger' retrieved from /home/airflow/.local/lib/python3.10/site-packages/airflow/example_dags/example_latest_only_with_trigger.py
[2025-06-13T14:48:20.370+0000] {logging_mixin.py:188} INFO - [2025-06-13T14:48:20.370+0000] {dag.py:3096} INFO - Sync 1 DAGs
[2025-06-13T14:48:20.385+0000] {logging_mixin.py:188} INFO - [2025-06-13T14:48:20.385+0000] {dag.py:3954} INFO - Setting next_dagrun for latest_only_with_trigger to 2025-06-13 08:00:00+00:00, run_after=2025-06-13 12:00:00+00:00
[2025-06-13T14:48:20.408+0000] {processor.py:183} INFO - Processing /home/airflow/.local/lib/python3.10/site-packages/airflow/example_dags/example_latest_only_with_trigger.py took 0.072 seconds
[2025-06-13T14:48:50.869+0000] {processor.py:161} INFO - Started process (PID=589) to work on /home/airflow/.local/lib/python3.10/site-packages/airflow/example_dags/example_latest_only_with_trigger.py
[2025-06-13T14:48:50.870+0000] {processor.py:830} INFO - Processing file /home/airflow/.local/lib/python3.10/site-packages/airflow/example_dags/example_latest_only_with_trigger.py for tasks to queue
[2025-06-13T14:48:50.871+0000] {logging_mixin.py:188} INFO - [2025-06-13T14:48:50.871+0000] {dagbag.py:540} INFO - Filling up the DagBag from /home/airflow/.local/lib/python3.10/site-packages/airflow/example_dags/example_latest_only_with_trigger.py
[2025-06-13T14:48:50.875+0000] {processor.py:840} INFO - DAG(s) 'latest_only_with_trigger' retrieved from /home/airflow/.local/lib/python3.10/site-packages/airflow/example_dags/example_latest_only_with_trigger.py
[2025-06-13T14:48:50.887+0000] {logging_mixin.py:188} INFO - [2025-06-13T14:48:50.887+0000] {dag.py:3096} INFO - Sync 1 DAGs
[2025-06-13T14:48:50.907+0000] {logging_mixin.py:188} INFO - [2025-06-13T14:48:50.907+0000] {dag.py:3954} INFO - Setting next_dagrun for latest_only_with_trigger to 2025-06-13 08:00:00+00:00, run_after=2025-06-13 12:00:00+00:00
[2025-06-13T14:48:50.934+0000] {processor.py:183} INFO - Processing /home/airflow/.local/lib/python3.10/site-packages/airflow/example_dags/example_latest_only_with_trigger.py took 0.070 seconds
[2025-06-13T14:49:21.298+0000] {processor.py:161} INFO - Started process (PID=649) to work on /home/airflow/.local/lib/python3.10/site-packages/airflow/example_dags/example_latest_only_with_trigger.py
[2025-06-13T14:49:21.299+0000] {processor.py:830} INFO - Processing file /home/airflow/.local/lib/python3.10/site-packages/airflow/example_dags/example_latest_only_with_trigger.py for tasks to queue
[2025-06-13T14:49:21.300+0000] {logging_mixin.py:188} INFO - [2025-06-13T14:49:21.300+0000] {dagbag.py:540} INFO - Filling up the DagBag from /home/airflow/.local/lib/python3.10/site-packages/airflow/example_dags/example_latest_only_with_trigger.py
[2025-06-13T14:49:21.303+0000] {processor.py:840} INFO - DAG(s) 'latest_only_with_trigger' retrieved from /home/airflow/.local/lib/python3.10/site-packages/airflow/example_dags/example_latest_only_with_trigger.py
[2025-06-13T14:49:21.316+0000] {logging_mixin.py:188} INFO - [2025-06-13T14:49:21.316+0000] {dag.py:3096} INFO - Sync 1 DAGs
[2025-06-13T14:49:21.328+0000] {logging_mixin.py:188} INFO - [2025-06-13T14:49:21.328+0000] {dag.py:3954} INFO - Setting next_dagrun for latest_only_with_trigger to 2025-06-13 08:00:00+00:00, run_after=2025-06-13 12:00:00+00:00
[2025-06-13T14:49:21.343+0000] {processor.py:183} INFO - Processing /home/airflow/.local/lib/python3.10/site-packages/airflow/example_dags/example_latest_only_with_trigger.py took 0.049 seconds
[2025-06-13T14:49:51.571+0000] {processor.py:161} INFO - Started process (PID=709) to work on /home/airflow/.local/lib/python3.10/site-packages/airflow/example_dags/example_latest_only_with_trigger.py
[2025-06-13T14:49:51.573+0000] {processor.py:830} INFO - Processing file /home/airflow/.local/lib/python3.10/site-packages/airflow/example_dags/example_latest_only_with_trigger.py for tasks to queue
[2025-06-13T14:49:51.575+0000] {logging_mixin.py:188} INFO - [2025-06-13T14:49:51.575+0000] {dagbag.py:540} INFO - Filling up the DagBag from /home/airflow/.local/lib/python3.10/site-packages/airflow/example_dags/example_latest_only_with_trigger.py
[2025-06-13T14:49:51.578+0000] {processor.py:840} INFO - DAG(s) 'latest_only_with_trigger' retrieved from /home/airflow/.local/lib/python3.10/site-packages/airflow/example_dags/example_latest_only_with_trigger.py
[2025-06-13T14:49:51.592+0000] {logging_mixin.py:188} INFO - [2025-06-13T14:49:51.592+0000] {dag.py:3096} INFO - Sync 1 DAGs
[2025-06-13T14:49:51.605+0000] {logging_mixin.py:188} INFO - [2025-06-13T14:49:51.604+0000] {dag.py:3954} INFO - Setting next_dagrun for latest_only_with_trigger to 2025-06-13 08:00:00+00:00, run_after=2025-06-13 12:00:00+00:00
[2025-06-13T14:49:51.624+0000] {processor.py:183} INFO - Processing /home/airflow/.local/lib/python3.10/site-packages/airflow/example_dags/example_latest_only_with_trigger.py took 0.057 seconds
[2025-06-13T14:50:21.992+0000] {processor.py:161} INFO - Started process (PID=769) to work on /home/airflow/.local/lib/python3.10/site-packages/airflow/example_dags/example_latest_only_with_trigger.py
[2025-06-13T14:50:21.993+0000] {processor.py:830} INFO - Processing file /home/airflow/.local/lib/python3.10/site-packages/airflow/example_dags/example_latest_only_with_trigger.py for tasks to queue
[2025-06-13T14:50:21.995+0000] {logging_mixin.py:188} INFO - [2025-06-13T14:50:21.995+0000] {dagbag.py:540} INFO - Filling up the DagBag from /home/airflow/.local/lib/python3.10/site-packages/airflow/example_dags/example_latest_only_with_trigger.py
[2025-06-13T14:50:21.998+0000] {processor.py:840} INFO - DAG(s) 'latest_only_with_trigger' retrieved from /home/airflow/.local/lib/python3.10/site-packages/airflow/example_dags/example_latest_only_with_trigger.py
[2025-06-13T14:50:22.013+0000] {logging_mixin.py:188} INFO - [2025-06-13T14:50:22.012+0000] {dag.py:3096} INFO - Sync 1 DAGs
[2025-06-13T14:50:22.024+0000] {logging_mixin.py:188} INFO - [2025-06-13T14:50:22.024+0000] {dag.py:3954} INFO - Setting next_dagrun for latest_only_with_trigger to 2025-06-13 08:00:00+00:00, run_after=2025-06-13 12:00:00+00:00
[2025-06-13T14:50:22.036+0000] {processor.py:183} INFO - Processing /home/airflow/.local/lib/python3.10/site-packages/airflow/example_dags/example_latest_only_with_trigger.py took 0.048 seconds
[2025-06-13T14:50:52.721+0000] {processor.py:161} INFO - Started process (PID=829) to work on /home/airflow/.local/lib/python3.10/site-packages/airflow/example_dags/example_latest_only_with_trigger.py
[2025-06-13T14:50:52.722+0000] {processor.py:830} INFO - Processing file /home/airflow/.local/lib/python3.10/site-packages/airflow/example_dags/example_latest_only_with_trigger.py for tasks to queue
[2025-06-13T14:50:52.723+0000] {logging_mixin.py:188} INFO - [2025-06-13T14:50:52.723+0000] {dagbag.py:540} INFO - Filling up the DagBag from /home/airflow/.local/lib/python3.10/site-packages/airflow/example_dags/example_latest_only_with_trigger.py
[2025-06-13T14:50:52.726+0000] {processor.py:840} INFO - DAG(s) 'latest_only_with_trigger' retrieved from /home/airflow/.local/lib/python3.10/site-packages/airflow/example_dags/example_latest_only_with_trigger.py
[2025-06-13T14:50:52.744+0000] {logging_mixin.py:188} INFO - [2025-06-13T14:50:52.743+0000] {dag.py:3096} INFO - Sync 1 DAGs
[2025-06-13T14:50:52.756+0000] {logging_mixin.py:188} INFO - [2025-06-13T14:50:52.756+0000] {dag.py:3954} INFO - Setting next_dagrun for latest_only_with_trigger to 2025-06-13 08:00:00+00:00, run_after=2025-06-13 12:00:00+00:00
[2025-06-13T14:50:52.772+0000] {processor.py:183} INFO - Processing /home/airflow/.local/lib/python3.10/site-packages/airflow/example_dags/example_latest_only_with_trigger.py took 0.055 seconds
[2025-06-13T14:51:23.365+0000] {processor.py:161} INFO - Started process (PID=889) to work on /home/airflow/.local/lib/python3.10/site-packages/airflow/example_dags/example_latest_only_with_trigger.py
[2025-06-13T14:51:23.366+0000] {processor.py:830} INFO - Processing file /home/airflow/.local/lib/python3.10/site-packages/airflow/example_dags/example_latest_only_with_trigger.py for tasks to queue
[2025-06-13T14:51:23.368+0000] {logging_mixin.py:188} INFO - [2025-06-13T14:51:23.367+0000] {dagbag.py:540} INFO - Filling up the DagBag from /home/airflow/.local/lib/python3.10/site-packages/airflow/example_dags/example_latest_only_with_trigger.py
[2025-06-13T14:51:23.373+0000] {processor.py:840} INFO - DAG(s) 'latest_only_with_trigger' retrieved from /home/airflow/.local/lib/python3.10/site-packages/airflow/example_dags/example_latest_only_with_trigger.py
[2025-06-13T14:51:23.396+0000] {logging_mixin.py:188} INFO - [2025-06-13T14:51:23.395+0000] {dag.py:3096} INFO - Sync 1 DAGs
[2025-06-13T14:51:23.417+0000] {logging_mixin.py:188} INFO - [2025-06-13T14:51:23.417+0000] {dag.py:3954} INFO - Setting next_dagrun for latest_only_with_trigger to 2025-06-13 08:00:00+00:00, run_after=2025-06-13 12:00:00+00:00
[2025-06-13T14:51:23.441+0000] {processor.py:183} INFO - Processing /home/airflow/.local/lib/python3.10/site-packages/airflow/example_dags/example_latest_only_with_trigger.py took 0.081 seconds
[2025-06-13T14:51:54.021+0000] {processor.py:161} INFO - Started process (PID=949) to work on /home/airflow/.local/lib/python3.10/site-packages/airflow/example_dags/example_latest_only_with_trigger.py
[2025-06-13T14:51:54.022+0000] {processor.py:830} INFO - Processing file /home/airflow/.local/lib/python3.10/site-packages/airflow/example_dags/example_latest_only_with_trigger.py for tasks to queue
[2025-06-13T14:51:54.024+0000] {logging_mixin.py:188} INFO - [2025-06-13T14:51:54.024+0000] {dagbag.py:540} INFO - Filling up the DagBag from /home/airflow/.local/lib/python3.10/site-packages/airflow/example_dags/example_latest_only_with_trigger.py
[2025-06-13T14:51:54.028+0000] {processor.py:840} INFO - DAG(s) 'latest_only_with_trigger' retrieved from /home/airflow/.local/lib/python3.10/site-packages/airflow/example_dags/example_latest_only_with_trigger.py
[2025-06-13T14:51:54.040+0000] {logging_mixin.py:188} INFO - [2025-06-13T14:51:54.039+0000] {dag.py:3096} INFO - Sync 1 DAGs
[2025-06-13T14:51:54.051+0000] {logging_mixin.py:188} INFO - [2025-06-13T14:51:54.051+0000] {dag.py:3954} INFO - Setting next_dagrun for latest_only_with_trigger to 2025-06-13 08:00:00+00:00, run_after=2025-06-13 12:00:00+00:00
[2025-06-13T14:51:54.063+0000] {processor.py:183} INFO - Processing /home/airflow/.local/lib/python3.10/site-packages/airflow/example_dags/example_latest_only_with_trigger.py took 0.048 seconds
[2025-06-13T14:52:24.341+0000] {processor.py:161} INFO - Started process (PID=1009) to work on /home/airflow/.local/lib/python3.10/site-packages/airflow/example_dags/example_latest_only_with_trigger.py
[2025-06-13T14:52:24.342+0000] {processor.py:830} INFO - Processing file /home/airflow/.local/lib/python3.10/site-packages/airflow/example_dags/example_latest_only_with_trigger.py for tasks to queue
[2025-06-13T14:52:24.343+0000] {logging_mixin.py:188} INFO - [2025-06-13T14:52:24.343+0000] {dagbag.py:540} INFO - Filling up the DagBag from /home/airflow/.local/lib/python3.10/site-packages/airflow/example_dags/example_latest_only_with_trigger.py
[2025-06-13T14:52:24.347+0000] {processor.py:840} INFO - DAG(s) 'latest_only_with_trigger' retrieved from /home/airflow/.local/lib/python3.10/site-packages/airflow/example_dags/example_latest_only_with_trigger.py
[2025-06-13T14:52:24.360+0000] {logging_mixin.py:188} INFO - [2025-06-13T14:52:24.359+0000] {dag.py:3096} INFO - Sync 1 DAGs
[2025-06-13T14:52:24.376+0000] {logging_mixin.py:188} INFO - [2025-06-13T14:52:24.376+0000] {dag.py:3954} INFO - Setting next_dagrun for latest_only_with_trigger to 2025-06-13 08:00:00+00:00, run_after=2025-06-13 12:00:00+00:00
[2025-06-13T14:52:24.388+0000] {processor.py:183} INFO - Processing /home/airflow/.local/lib/python3.10/site-packages/airflow/example_dags/example_latest_only_with_trigger.py took 0.052 seconds
[2025-06-13T14:52:54.482+0000] {processor.py:161} INFO - Started process (PID=1067) to work on /home/airflow/.local/lib/python3.10/site-packages/airflow/example_dags/example_latest_only_with_trigger.py
[2025-06-13T14:52:54.485+0000] {processor.py:830} INFO - Processing file /home/airflow/.local/lib/python3.10/site-packages/airflow/example_dags/example_latest_only_with_trigger.py for tasks to queue
[2025-06-13T14:52:54.487+0000] {logging_mixin.py:188} INFO - [2025-06-13T14:52:54.486+0000] {dagbag.py:540} INFO - Filling up the DagBag from /home/airflow/.local/lib/python3.10/site-packages/airflow/example_dags/example_latest_only_with_trigger.py
[2025-06-13T14:52:54.493+0000] {processor.py:840} INFO - DAG(s) 'latest_only_with_trigger' retrieved from /home/airflow/.local/lib/python3.10/site-packages/airflow/example_dags/example_latest_only_with_trigger.py
[2025-06-13T14:52:54.507+0000] {logging_mixin.py:188} INFO - [2025-06-13T14:52:54.507+0000] {dag.py:3096} INFO - Sync 1 DAGs
[2025-06-13T14:52:54.519+0000] {logging_mixin.py:188} INFO - [2025-06-13T14:52:54.519+0000] {dag.py:3954} INFO - Setting next_dagrun for latest_only_with_trigger to 2025-06-13 08:00:00+00:00, run_after=2025-06-13 12:00:00+00:00
[2025-06-13T14:52:54.531+0000] {processor.py:183} INFO - Processing /home/airflow/.local/lib/python3.10/site-packages/airflow/example_dags/example_latest_only_with_trigger.py took 0.053 seconds
[2025-06-13T14:53:25.012+0000] {processor.py:161} INFO - Started process (PID=1127) to work on /home/airflow/.local/lib/python3.10/site-packages/airflow/example_dags/example_latest_only_with_trigger.py
[2025-06-13T14:53:25.014+0000] {processor.py:830} INFO - Processing file /home/airflow/.local/lib/python3.10/site-packages/airflow/example_dags/example_latest_only_with_trigger.py for tasks to queue
[2025-06-13T14:53:25.016+0000] {logging_mixin.py:188} INFO - [2025-06-13T14:53:25.016+0000] {dagbag.py:540} INFO - Filling up the DagBag from /home/airflow/.local/lib/python3.10/site-packages/airflow/example_dags/example_latest_only_with_trigger.py
[2025-06-13T14:53:25.020+0000] {processor.py:840} INFO - DAG(s) 'latest_only_with_trigger' retrieved from /home/airflow/.local/lib/python3.10/site-packages/airflow/example_dags/example_latest_only_with_trigger.py
[2025-06-13T14:53:25.042+0000] {logging_mixin.py:188} INFO - [2025-06-13T14:53:25.041+0000] {dag.py:3096} INFO - Sync 1 DAGs
[2025-06-13T14:53:25.053+0000] {logging_mixin.py:188} INFO - [2025-06-13T14:53:25.053+0000] {dag.py:3954} INFO - Setting next_dagrun for latest_only_with_trigger to 2025-06-13 08:00:00+00:00, run_after=2025-06-13 12:00:00+00:00
[2025-06-13T14:53:25.065+0000] {processor.py:183} INFO - Processing /home/airflow/.local/lib/python3.10/site-packages/airflow/example_dags/example_latest_only_with_trigger.py took 0.058 seconds
[2025-06-13T14:53:55.970+0000] {processor.py:161} INFO - Started process (PID=1187) to work on /home/airflow/.local/lib/python3.10/site-packages/airflow/example_dags/example_latest_only_with_trigger.py
[2025-06-13T14:53:55.971+0000] {processor.py:830} INFO - Processing file /home/airflow/.local/lib/python3.10/site-packages/airflow/example_dags/example_latest_only_with_trigger.py for tasks to queue
[2025-06-13T14:53:55.972+0000] {logging_mixin.py:188} INFO - [2025-06-13T14:53:55.972+0000] {dagbag.py:540} INFO - Filling up the DagBag from /home/airflow/.local/lib/python3.10/site-packages/airflow/example_dags/example_latest_only_with_trigger.py
[2025-06-13T14:53:55.975+0000] {processor.py:840} INFO - DAG(s) 'latest_only_with_trigger' retrieved from /home/airflow/.local/lib/python3.10/site-packages/airflow/example_dags/example_latest_only_with_trigger.py
[2025-06-13T14:53:55.995+0000] {logging_mixin.py:188} INFO - [2025-06-13T14:53:55.995+0000] {dag.py:3096} INFO - Sync 1 DAGs
[2025-06-13T14:53:56.008+0000] {logging_mixin.py:188} INFO - [2025-06-13T14:53:56.008+0000] {dag.py:3954} INFO - Setting next_dagrun for latest_only_with_trigger to 2025-06-13 08:00:00+00:00, run_after=2025-06-13 12:00:00+00:00
[2025-06-13T14:53:56.029+0000] {processor.py:183} INFO - Processing /home/airflow/.local/lib/python3.10/site-packages/airflow/example_dags/example_latest_only_with_trigger.py took 0.063 seconds
[2025-06-13T14:54:26.295+0000] {processor.py:161} INFO - Started process (PID=1247) to work on /home/airflow/.local/lib/python3.10/site-packages/airflow/example_dags/example_latest_only_with_trigger.py
[2025-06-13T14:54:26.297+0000] {processor.py:830} INFO - Processing file /home/airflow/.local/lib/python3.10/site-packages/airflow/example_dags/example_latest_only_with_trigger.py for tasks to queue
[2025-06-13T14:54:26.298+0000] {logging_mixin.py:188} INFO - [2025-06-13T14:54:26.298+0000] {dagbag.py:540} INFO - Filling up the DagBag from /home/airflow/.local/lib/python3.10/site-packages/airflow/example_dags/example_latest_only_with_trigger.py
[2025-06-13T14:54:26.301+0000] {processor.py:840} INFO - DAG(s) 'latest_only_with_trigger' retrieved from /home/airflow/.local/lib/python3.10/site-packages/airflow/example_dags/example_latest_only_with_trigger.py
[2025-06-13T14:54:26.318+0000] {logging_mixin.py:188} INFO - [2025-06-13T14:54:26.318+0000] {dag.py:3096} INFO - Sync 1 DAGs
[2025-06-13T14:54:26.330+0000] {logging_mixin.py:188} INFO - [2025-06-13T14:54:26.330+0000] {dag.py:3954} INFO - Setting next_dagrun for latest_only_with_trigger to 2025-06-13 08:00:00+00:00, run_after=2025-06-13 12:00:00+00:00
[2025-06-13T14:54:26.341+0000] {processor.py:183} INFO - Processing /home/airflow/.local/lib/python3.10/site-packages/airflow/example_dags/example_latest_only_with_trigger.py took 0.049 seconds
[2025-06-13T14:54:56.405+0000] {processor.py:161} INFO - Started process (PID=1307) to work on /home/airflow/.local/lib/python3.10/site-packages/airflow/example_dags/example_latest_only_with_trigger.py
[2025-06-13T14:54:56.406+0000] {processor.py:830} INFO - Processing file /home/airflow/.local/lib/python3.10/site-packages/airflow/example_dags/example_latest_only_with_trigger.py for tasks to queue
[2025-06-13T14:54:56.407+0000] {logging_mixin.py:188} INFO - [2025-06-13T14:54:56.406+0000] {dagbag.py:540} INFO - Filling up the DagBag from /home/airflow/.local/lib/python3.10/site-packages/airflow/example_dags/example_latest_only_with_trigger.py
[2025-06-13T14:54:56.409+0000] {processor.py:840} INFO - DAG(s) 'latest_only_with_trigger' retrieved from /home/airflow/.local/lib/python3.10/site-packages/airflow/example_dags/example_latest_only_with_trigger.py
[2025-06-13T14:54:56.420+0000] {logging_mixin.py:188} INFO - [2025-06-13T14:54:56.419+0000] {dag.py:3096} INFO - Sync 1 DAGs
[2025-06-13T14:54:56.429+0000] {logging_mixin.py:188} INFO - [2025-06-13T14:54:56.429+0000] {dag.py:3954} INFO - Setting next_dagrun for latest_only_with_trigger to 2025-06-13 08:00:00+00:00, run_after=2025-06-13 12:00:00+00:00
[2025-06-13T14:54:56.436+0000] {processor.py:183} INFO - Processing /home/airflow/.local/lib/python3.10/site-packages/airflow/example_dags/example_latest_only_with_trigger.py took 0.034 seconds
[2025-06-13T14:55:27.129+0000] {processor.py:161} INFO - Started process (PID=1367) to work on /home/airflow/.local/lib/python3.10/site-packages/airflow/example_dags/example_latest_only_with_trigger.py
[2025-06-13T14:55:27.131+0000] {processor.py:830} INFO - Processing file /home/airflow/.local/lib/python3.10/site-packages/airflow/example_dags/example_latest_only_with_trigger.py for tasks to queue
[2025-06-13T14:55:27.132+0000] {logging_mixin.py:188} INFO - [2025-06-13T14:55:27.132+0000] {dagbag.py:540} INFO - Filling up the DagBag from /home/airflow/.local/lib/python3.10/site-packages/airflow/example_dags/example_latest_only_with_trigger.py
[2025-06-13T14:55:27.136+0000] {processor.py:840} INFO - DAG(s) 'latest_only_with_trigger' retrieved from /home/airflow/.local/lib/python3.10/site-packages/airflow/example_dags/example_latest_only_with_trigger.py
[2025-06-13T14:55:27.148+0000] {logging_mixin.py:188} INFO - [2025-06-13T14:55:27.148+0000] {dag.py:3096} INFO - Sync 1 DAGs
[2025-06-13T14:55:27.160+0000] {logging_mixin.py:188} INFO - [2025-06-13T14:55:27.160+0000] {dag.py:3954} INFO - Setting next_dagrun for latest_only_with_trigger to 2025-06-13 08:00:00+00:00, run_after=2025-06-13 12:00:00+00:00
[2025-06-13T14:55:27.172+0000] {processor.py:183} INFO - Processing /home/airflow/.local/lib/python3.10/site-packages/airflow/example_dags/example_latest_only_with_trigger.py took 0.048 seconds
[2025-06-13T14:55:57.289+0000] {processor.py:161} INFO - Started process (PID=1427) to work on /home/airflow/.local/lib/python3.10/site-packages/airflow/example_dags/example_latest_only_with_trigger.py
[2025-06-13T14:55:57.291+0000] {processor.py:830} INFO - Processing file /home/airflow/.local/lib/python3.10/site-packages/airflow/example_dags/example_latest_only_with_trigger.py for tasks to queue
[2025-06-13T14:55:57.292+0000] {logging_mixin.py:188} INFO - [2025-06-13T14:55:57.292+0000] {dagbag.py:540} INFO - Filling up the DagBag from /home/airflow/.local/lib/python3.10/site-packages/airflow/example_dags/example_latest_only_with_trigger.py
[2025-06-13T14:55:57.295+0000] {processor.py:840} INFO - DAG(s) 'latest_only_with_trigger' retrieved from /home/airflow/.local/lib/python3.10/site-packages/airflow/example_dags/example_latest_only_with_trigger.py
[2025-06-13T14:55:57.307+0000] {logging_mixin.py:188} INFO - [2025-06-13T14:55:57.306+0000] {dag.py:3096} INFO - Sync 1 DAGs
[2025-06-13T14:55:57.322+0000] {logging_mixin.py:188} INFO - [2025-06-13T14:55:57.321+0000] {dag.py:3954} INFO - Setting next_dagrun for latest_only_with_trigger to 2025-06-13 08:00:00+00:00, run_after=2025-06-13 12:00:00+00:00
[2025-06-13T14:55:57.333+0000] {processor.py:183} INFO - Processing /home/airflow/.local/lib/python3.10/site-packages/airflow/example_dags/example_latest_only_with_trigger.py took 0.048 seconds
[2025-06-13T14:56:27.781+0000] {processor.py:161} INFO - Started process (PID=1487) to work on /home/airflow/.local/lib/python3.10/site-packages/airflow/example_dags/example_latest_only_with_trigger.py
[2025-06-13T14:56:27.782+0000] {processor.py:830} INFO - Processing file /home/airflow/.local/lib/python3.10/site-packages/airflow/example_dags/example_latest_only_with_trigger.py for tasks to queue
[2025-06-13T14:56:27.783+0000] {logging_mixin.py:188} INFO - [2025-06-13T14:56:27.783+0000] {dagbag.py:540} INFO - Filling up the DagBag from /home/airflow/.local/lib/python3.10/site-packages/airflow/example_dags/example_latest_only_with_trigger.py
[2025-06-13T14:56:27.787+0000] {processor.py:840} INFO - DAG(s) 'latest_only_with_trigger' retrieved from /home/airflow/.local/lib/python3.10/site-packages/airflow/example_dags/example_latest_only_with_trigger.py
[2025-06-13T14:56:27.803+0000] {logging_mixin.py:188} INFO - [2025-06-13T14:56:27.802+0000] {dag.py:3096} INFO - Sync 1 DAGs
[2025-06-13T14:56:27.817+0000] {logging_mixin.py:188} INFO - [2025-06-13T14:56:27.817+0000] {dag.py:3954} INFO - Setting next_dagrun for latest_only_with_trigger to 2025-06-13 08:00:00+00:00, run_after=2025-06-13 12:00:00+00:00
[2025-06-13T14:56:27.829+0000] {processor.py:183} INFO - Processing /home/airflow/.local/lib/python3.10/site-packages/airflow/example_dags/example_latest_only_with_trigger.py took 0.053 seconds
[2025-06-13T14:56:58.141+0000] {processor.py:161} INFO - Started process (PID=1547) to work on /home/airflow/.local/lib/python3.10/site-packages/airflow/example_dags/example_latest_only_with_trigger.py
[2025-06-13T14:56:58.145+0000] {processor.py:830} INFO - Processing file /home/airflow/.local/lib/python3.10/site-packages/airflow/example_dags/example_latest_only_with_trigger.py for tasks to queue
[2025-06-13T14:56:58.149+0000] {logging_mixin.py:188} INFO - [2025-06-13T14:56:58.148+0000] {dagbag.py:540} INFO - Filling up the DagBag from /home/airflow/.local/lib/python3.10/site-packages/airflow/example_dags/example_latest_only_with_trigger.py
[2025-06-13T14:56:58.153+0000] {processor.py:840} INFO - DAG(s) 'latest_only_with_trigger' retrieved from /home/airflow/.local/lib/python3.10/site-packages/airflow/example_dags/example_latest_only_with_trigger.py
[2025-06-13T14:56:58.179+0000] {logging_mixin.py:188} INFO - [2025-06-13T14:56:58.179+0000] {dag.py:3096} INFO - Sync 1 DAGs
[2025-06-13T14:56:58.198+0000] {logging_mixin.py:188} INFO - [2025-06-13T14:56:58.198+0000] {dag.py:3954} INFO - Setting next_dagrun for latest_only_with_trigger to 2025-06-13 08:00:00+00:00, run_after=2025-06-13 12:00:00+00:00
[2025-06-13T14:56:58.214+0000] {processor.py:183} INFO - Processing /home/airflow/.local/lib/python3.10/site-packages/airflow/example_dags/example_latest_only_with_trigger.py took 0.078 seconds
[2025-06-13T14:57:28.989+0000] {processor.py:161} INFO - Started process (PID=1607) to work on /home/airflow/.local/lib/python3.10/site-packages/airflow/example_dags/example_latest_only_with_trigger.py
[2025-06-13T14:57:28.993+0000] {processor.py:830} INFO - Processing file /home/airflow/.local/lib/python3.10/site-packages/airflow/example_dags/example_latest_only_with_trigger.py for tasks to queue
[2025-06-13T14:57:28.997+0000] {logging_mixin.py:188} INFO - [2025-06-13T14:57:28.996+0000] {dagbag.py:540} INFO - Filling up the DagBag from /home/airflow/.local/lib/python3.10/site-packages/airflow/example_dags/example_latest_only_with_trigger.py
[2025-06-13T14:57:29.002+0000] {processor.py:840} INFO - DAG(s) 'latest_only_with_trigger' retrieved from /home/airflow/.local/lib/python3.10/site-packages/airflow/example_dags/example_latest_only_with_trigger.py
[2025-06-13T14:57:29.031+0000] {logging_mixin.py:188} INFO - [2025-06-13T14:57:29.031+0000] {dag.py:3096} INFO - Sync 1 DAGs
[2025-06-13T14:57:29.046+0000] {logging_mixin.py:188} INFO - [2025-06-13T14:57:29.046+0000] {dag.py:3954} INFO - Setting next_dagrun for latest_only_with_trigger to 2025-06-13 08:00:00+00:00, run_after=2025-06-13 12:00:00+00:00
[2025-06-13T14:57:29.056+0000] {processor.py:183} INFO - Processing /home/airflow/.local/lib/python3.10/site-packages/airflow/example_dags/example_latest_only_with_trigger.py took 0.072 seconds
[2025-06-13T14:57:59.789+0000] {processor.py:161} INFO - Started process (PID=1667) to work on /home/airflow/.local/lib/python3.10/site-packages/airflow/example_dags/example_latest_only_with_trigger.py
[2025-06-13T14:57:59.793+0000] {processor.py:830} INFO - Processing file /home/airflow/.local/lib/python3.10/site-packages/airflow/example_dags/example_latest_only_with_trigger.py for tasks to queue
[2025-06-13T14:57:59.796+0000] {logging_mixin.py:188} INFO - [2025-06-13T14:57:59.796+0000] {dagbag.py:540} INFO - Filling up the DagBag from /home/airflow/.local/lib/python3.10/site-packages/airflow/example_dags/example_latest_only_with_trigger.py
[2025-06-13T14:57:59.801+0000] {processor.py:840} INFO - DAG(s) 'latest_only_with_trigger' retrieved from /home/airflow/.local/lib/python3.10/site-packages/airflow/example_dags/example_latest_only_with_trigger.py
[2025-06-13T14:57:59.825+0000] {logging_mixin.py:188} INFO - [2025-06-13T14:57:59.825+0000] {dag.py:3096} INFO - Sync 1 DAGs
[2025-06-13T14:57:59.842+0000] {logging_mixin.py:188} INFO - [2025-06-13T14:57:59.842+0000] {dag.py:3954} INFO - Setting next_dagrun for latest_only_with_trigger to 2025-06-13 08:00:00+00:00, run_after=2025-06-13 12:00:00+00:00
[2025-06-13T14:57:59.852+0000] {processor.py:183} INFO - Processing /home/airflow/.local/lib/python3.10/site-packages/airflow/example_dags/example_latest_only_with_trigger.py took 0.068 seconds
[2025-06-13T14:58:31.160+0000] {processor.py:161} INFO - Started process (PID=1727) to work on /home/airflow/.local/lib/python3.10/site-packages/airflow/example_dags/example_latest_only_with_trigger.py
[2025-06-13T14:58:31.161+0000] {processor.py:830} INFO - Processing file /home/airflow/.local/lib/python3.10/site-packages/airflow/example_dags/example_latest_only_with_trigger.py for tasks to queue
[2025-06-13T14:58:31.163+0000] {logging_mixin.py:188} INFO - [2025-06-13T14:58:31.163+0000] {dagbag.py:540} INFO - Filling up the DagBag from /home/airflow/.local/lib/python3.10/site-packages/airflow/example_dags/example_latest_only_with_trigger.py
[2025-06-13T14:58:31.168+0000] {processor.py:840} INFO - DAG(s) 'latest_only_with_trigger' retrieved from /home/airflow/.local/lib/python3.10/site-packages/airflow/example_dags/example_latest_only_with_trigger.py
[2025-06-13T14:58:31.184+0000] {logging_mixin.py:188} INFO - [2025-06-13T14:58:31.184+0000] {dag.py:3096} INFO - Sync 1 DAGs
[2025-06-13T14:58:31.207+0000] {logging_mixin.py:188} INFO - [2025-06-13T14:58:31.206+0000] {dag.py:3954} INFO - Setting next_dagrun for latest_only_with_trigger to 2025-06-13 08:00:00+00:00, run_after=2025-06-13 12:00:00+00:00
[2025-06-13T14:58:31.247+0000] {processor.py:183} INFO - Processing /home/airflow/.local/lib/python3.10/site-packages/airflow/example_dags/example_latest_only_with_trigger.py took 0.092 seconds
[2025-06-13T14:59:01.927+0000] {processor.py:161} INFO - Started process (PID=1787) to work on /home/airflow/.local/lib/python3.10/site-packages/airflow/example_dags/example_latest_only_with_trigger.py
[2025-06-13T14:59:01.929+0000] {processor.py:830} INFO - Processing file /home/airflow/.local/lib/python3.10/site-packages/airflow/example_dags/example_latest_only_with_trigger.py for tasks to queue
[2025-06-13T14:59:01.931+0000] {logging_mixin.py:188} INFO - [2025-06-13T14:59:01.931+0000] {dagbag.py:540} INFO - Filling up the DagBag from /home/airflow/.local/lib/python3.10/site-packages/airflow/example_dags/example_latest_only_with_trigger.py
[2025-06-13T14:59:01.934+0000] {processor.py:840} INFO - DAG(s) 'latest_only_with_trigger' retrieved from /home/airflow/.local/lib/python3.10/site-packages/airflow/example_dags/example_latest_only_with_trigger.py
[2025-06-13T14:59:01.946+0000] {logging_mixin.py:188} INFO - [2025-06-13T14:59:01.946+0000] {dag.py:3096} INFO - Sync 1 DAGs
[2025-06-13T14:59:01.958+0000] {logging_mixin.py:188} INFO - [2025-06-13T14:59:01.958+0000] {dag.py:3954} INFO - Setting next_dagrun for latest_only_with_trigger to 2025-06-13 08:00:00+00:00, run_after=2025-06-13 12:00:00+00:00
[2025-06-13T14:59:01.971+0000] {processor.py:183} INFO - Processing /home/airflow/.local/lib/python3.10/site-packages/airflow/example_dags/example_latest_only_with_trigger.py took 0.048 seconds
[2025-06-13T14:59:32.227+0000] {processor.py:161} INFO - Started process (PID=1847) to work on /home/airflow/.local/lib/python3.10/site-packages/airflow/example_dags/example_latest_only_with_trigger.py
[2025-06-13T14:59:32.228+0000] {processor.py:830} INFO - Processing file /home/airflow/.local/lib/python3.10/site-packages/airflow/example_dags/example_latest_only_with_trigger.py for tasks to queue
[2025-06-13T14:59:32.230+0000] {logging_mixin.py:188} INFO - [2025-06-13T14:59:32.230+0000] {dagbag.py:540} INFO - Filling up the DagBag from /home/airflow/.local/lib/python3.10/site-packages/airflow/example_dags/example_latest_only_with_trigger.py
[2025-06-13T14:59:32.236+0000] {processor.py:840} INFO - DAG(s) 'latest_only_with_trigger' retrieved from /home/airflow/.local/lib/python3.10/site-packages/airflow/example_dags/example_latest_only_with_trigger.py
[2025-06-13T14:59:32.251+0000] {logging_mixin.py:188} INFO - [2025-06-13T14:59:32.251+0000] {dag.py:3096} INFO - Sync 1 DAGs
[2025-06-13T14:59:32.263+0000] {logging_mixin.py:188} INFO - [2025-06-13T14:59:32.263+0000] {dag.py:3954} INFO - Setting next_dagrun for latest_only_with_trigger to 2025-06-13 08:00:00+00:00, run_after=2025-06-13 12:00:00+00:00
[2025-06-13T14:59:32.276+0000] {processor.py:183} INFO - Processing /home/airflow/.local/lib/python3.10/site-packages/airflow/example_dags/example_latest_only_with_trigger.py took 0.053 seconds
[2025-06-13T15:00:03.521+0000] {processor.py:161} INFO - Started process (PID=1907) to work on /home/airflow/.local/lib/python3.10/site-packages/airflow/example_dags/example_latest_only_with_trigger.py
[2025-06-13T15:00:03.524+0000] {processor.py:830} INFO - Processing file /home/airflow/.local/lib/python3.10/site-packages/airflow/example_dags/example_latest_only_with_trigger.py for tasks to queue
[2025-06-13T15:00:03.527+0000] {logging_mixin.py:188} INFO - [2025-06-13T15:00:03.526+0000] {dagbag.py:540} INFO - Filling up the DagBag from /home/airflow/.local/lib/python3.10/site-packages/airflow/example_dags/example_latest_only_with_trigger.py
[2025-06-13T15:00:03.533+0000] {processor.py:840} INFO - DAG(s) 'latest_only_with_trigger' retrieved from /home/airflow/.local/lib/python3.10/site-packages/airflow/example_dags/example_latest_only_with_trigger.py
[2025-06-13T15:00:03.572+0000] {logging_mixin.py:188} INFO - [2025-06-13T15:00:03.571+0000] {dag.py:3096} INFO - Sync 1 DAGs
[2025-06-13T15:00:03.596+0000] {logging_mixin.py:188} INFO - [2025-06-13T15:00:03.595+0000] {dag.py:3954} INFO - Setting next_dagrun for latest_only_with_trigger to 2025-06-13 08:00:00+00:00, run_after=2025-06-13 12:00:00+00:00
[2025-06-13T15:00:03.620+0000] {processor.py:183} INFO - Processing /home/airflow/.local/lib/python3.10/site-packages/airflow/example_dags/example_latest_only_with_trigger.py took 0.103 seconds
[2025-06-13T15:00:33.681+0000] {processor.py:161} INFO - Started process (PID=1967) to work on /home/airflow/.local/lib/python3.10/site-packages/airflow/example_dags/example_latest_only_with_trigger.py
[2025-06-13T15:00:33.683+0000] {processor.py:830} INFO - Processing file /home/airflow/.local/lib/python3.10/site-packages/airflow/example_dags/example_latest_only_with_trigger.py for tasks to queue
[2025-06-13T15:00:33.684+0000] {logging_mixin.py:188} INFO - [2025-06-13T15:00:33.684+0000] {dagbag.py:540} INFO - Filling up the DagBag from /home/airflow/.local/lib/python3.10/site-packages/airflow/example_dags/example_latest_only_with_trigger.py
[2025-06-13T15:00:33.687+0000] {processor.py:840} INFO - DAG(s) 'latest_only_with_trigger' retrieved from /home/airflow/.local/lib/python3.10/site-packages/airflow/example_dags/example_latest_only_with_trigger.py
[2025-06-13T15:00:33.704+0000] {logging_mixin.py:188} INFO - [2025-06-13T15:00:33.704+0000] {dag.py:3096} INFO - Sync 1 DAGs
[2025-06-13T15:00:33.714+0000] {logging_mixin.py:188} INFO - [2025-06-13T15:00:33.714+0000] {dag.py:3954} INFO - Setting next_dagrun for latest_only_with_trigger to 2025-06-13 08:00:00+00:00, run_after=2025-06-13 12:00:00+00:00
[2025-06-13T15:00:33.729+0000] {processor.py:183} INFO - Processing /home/airflow/.local/lib/python3.10/site-packages/airflow/example_dags/example_latest_only_with_trigger.py took 0.051 seconds
[2025-06-13T15:01:04.206+0000] {processor.py:161} INFO - Started process (PID=2027) to work on /home/airflow/.local/lib/python3.10/site-packages/airflow/example_dags/example_latest_only_with_trigger.py
[2025-06-13T15:01:04.208+0000] {processor.py:830} INFO - Processing file /home/airflow/.local/lib/python3.10/site-packages/airflow/example_dags/example_latest_only_with_trigger.py for tasks to queue
[2025-06-13T15:01:04.208+0000] {logging_mixin.py:188} INFO - [2025-06-13T15:01:04.208+0000] {dagbag.py:540} INFO - Filling up the DagBag from /home/airflow/.local/lib/python3.10/site-packages/airflow/example_dags/example_latest_only_with_trigger.py
[2025-06-13T15:01:04.216+0000] {processor.py:840} INFO - DAG(s) 'latest_only_with_trigger' retrieved from /home/airflow/.local/lib/python3.10/site-packages/airflow/example_dags/example_latest_only_with_trigger.py
[2025-06-13T15:01:04.235+0000] {logging_mixin.py:188} INFO - [2025-06-13T15:01:04.235+0000] {dag.py:3096} INFO - Sync 1 DAGs
[2025-06-13T15:01:04.248+0000] {logging_mixin.py:188} INFO - [2025-06-13T15:01:04.248+0000] {dag.py:3954} INFO - Setting next_dagrun for latest_only_with_trigger to 2025-06-13 08:00:00+00:00, run_after=2025-06-13 12:00:00+00:00
[2025-06-13T15:01:04.259+0000] {processor.py:183} INFO - Processing /home/airflow/.local/lib/python3.10/site-packages/airflow/example_dags/example_latest_only_with_trigger.py took 0.056 seconds
[2025-06-13T15:01:34.578+0000] {processor.py:161} INFO - Started process (PID=2087) to work on /home/airflow/.local/lib/python3.10/site-packages/airflow/example_dags/example_latest_only_with_trigger.py
[2025-06-13T15:01:34.580+0000] {processor.py:830} INFO - Processing file /home/airflow/.local/lib/python3.10/site-packages/airflow/example_dags/example_latest_only_with_trigger.py for tasks to queue
[2025-06-13T15:01:34.581+0000] {logging_mixin.py:188} INFO - [2025-06-13T15:01:34.581+0000] {dagbag.py:540} INFO - Filling up the DagBag from /home/airflow/.local/lib/python3.10/site-packages/airflow/example_dags/example_latest_only_with_trigger.py
[2025-06-13T15:01:34.584+0000] {processor.py:840} INFO - DAG(s) 'latest_only_with_trigger' retrieved from /home/airflow/.local/lib/python3.10/site-packages/airflow/example_dags/example_latest_only_with_trigger.py
[2025-06-13T15:01:34.598+0000] {logging_mixin.py:188} INFO - [2025-06-13T15:01:34.598+0000] {dag.py:3096} INFO - Sync 1 DAGs
[2025-06-13T15:01:34.613+0000] {logging_mixin.py:188} INFO - [2025-06-13T15:01:34.613+0000] {dag.py:3954} INFO - Setting next_dagrun for latest_only_with_trigger to 2025-06-13 08:00:00+00:00, run_after=2025-06-13 12:00:00+00:00
[2025-06-13T15:01:34.627+0000] {processor.py:183} INFO - Processing /home/airflow/.local/lib/python3.10/site-packages/airflow/example_dags/example_latest_only_with_trigger.py took 0.052 seconds
[2025-06-13T15:02:05.015+0000] {processor.py:161} INFO - Started process (PID=2147) to work on /home/airflow/.local/lib/python3.10/site-packages/airflow/example_dags/example_latest_only_with_trigger.py
[2025-06-13T15:02:05.017+0000] {processor.py:830} INFO - Processing file /home/airflow/.local/lib/python3.10/site-packages/airflow/example_dags/example_latest_only_with_trigger.py for tasks to queue
[2025-06-13T15:02:05.019+0000] {logging_mixin.py:188} INFO - [2025-06-13T15:02:05.019+0000] {dagbag.py:540} INFO - Filling up the DagBag from /home/airflow/.local/lib/python3.10/site-packages/airflow/example_dags/example_latest_only_with_trigger.py
[2025-06-13T15:02:05.022+0000] {processor.py:840} INFO - DAG(s) 'latest_only_with_trigger' retrieved from /home/airflow/.local/lib/python3.10/site-packages/airflow/example_dags/example_latest_only_with_trigger.py
[2025-06-13T15:02:05.041+0000] {logging_mixin.py:188} INFO - [2025-06-13T15:02:05.041+0000] {dag.py:3096} INFO - Sync 1 DAGs
[2025-06-13T15:02:05.054+0000] {logging_mixin.py:188} INFO - [2025-06-13T15:02:05.053+0000] {dag.py:3954} INFO - Setting next_dagrun for latest_only_with_trigger to 2025-06-13 08:00:00+00:00, run_after=2025-06-13 12:00:00+00:00
[2025-06-13T15:02:05.063+0000] {processor.py:183} INFO - Processing /home/airflow/.local/lib/python3.10/site-packages/airflow/example_dags/example_latest_only_with_trigger.py took 0.052 seconds
[2025-06-13T15:02:35.583+0000] {processor.py:161} INFO - Started process (PID=2207) to work on /home/airflow/.local/lib/python3.10/site-packages/airflow/example_dags/example_latest_only_with_trigger.py
[2025-06-13T15:02:35.584+0000] {processor.py:830} INFO - Processing file /home/airflow/.local/lib/python3.10/site-packages/airflow/example_dags/example_latest_only_with_trigger.py for tasks to queue
[2025-06-13T15:02:35.585+0000] {logging_mixin.py:188} INFO - [2025-06-13T15:02:35.585+0000] {dagbag.py:540} INFO - Filling up the DagBag from /home/airflow/.local/lib/python3.10/site-packages/airflow/example_dags/example_latest_only_with_trigger.py
[2025-06-13T15:02:35.588+0000] {processor.py:840} INFO - DAG(s) 'latest_only_with_trigger' retrieved from /home/airflow/.local/lib/python3.10/site-packages/airflow/example_dags/example_latest_only_with_trigger.py
[2025-06-13T15:02:35.602+0000] {logging_mixin.py:188} INFO - [2025-06-13T15:02:35.602+0000] {dag.py:3096} INFO - Sync 1 DAGs
[2025-06-13T15:02:35.615+0000] {logging_mixin.py:188} INFO - [2025-06-13T15:02:35.614+0000] {dag.py:3954} INFO - Setting next_dagrun for latest_only_with_trigger to 2025-06-13 08:00:00+00:00, run_after=2025-06-13 12:00:00+00:00
[2025-06-13T15:02:35.626+0000] {processor.py:183} INFO - Processing /home/airflow/.local/lib/python3.10/site-packages/airflow/example_dags/example_latest_only_with_trigger.py took 0.047 seconds
[2025-06-13T15:03:06.419+0000] {processor.py:161} INFO - Started process (PID=2267) to work on /home/airflow/.local/lib/python3.10/site-packages/airflow/example_dags/example_latest_only_with_trigger.py
[2025-06-13T15:03:06.425+0000] {processor.py:830} INFO - Processing file /home/airflow/.local/lib/python3.10/site-packages/airflow/example_dags/example_latest_only_with_trigger.py for tasks to queue
[2025-06-13T15:03:06.481+0000] {logging_mixin.py:188} INFO - [2025-06-13T15:03:06.480+0000] {dagbag.py:540} INFO - Filling up the DagBag from /home/airflow/.local/lib/python3.10/site-packages/airflow/example_dags/example_latest_only_with_trigger.py
[2025-06-13T15:03:06.498+0000] {processor.py:840} INFO - DAG(s) 'latest_only_with_trigger' retrieved from /home/airflow/.local/lib/python3.10/site-packages/airflow/example_dags/example_latest_only_with_trigger.py
[2025-06-13T15:03:06.560+0000] {logging_mixin.py:188} INFO - [2025-06-13T15:03:06.559+0000] {dag.py:3096} INFO - Sync 1 DAGs
[2025-06-13T15:03:06.587+0000] {logging_mixin.py:188} INFO - [2025-06-13T15:03:06.587+0000] {dag.py:3954} INFO - Setting next_dagrun for latest_only_with_trigger to 2025-06-13 08:00:00+00:00, run_after=2025-06-13 12:00:00+00:00
[2025-06-13T15:03:06.599+0000] {processor.py:183} INFO - Processing /home/airflow/.local/lib/python3.10/site-packages/airflow/example_dags/example_latest_only_with_trigger.py took 0.185 seconds
[2025-06-13T15:03:37.364+0000] {processor.py:161} INFO - Started process (PID=2327) to work on /home/airflow/.local/lib/python3.10/site-packages/airflow/example_dags/example_latest_only_with_trigger.py
[2025-06-13T15:03:37.365+0000] {processor.py:830} INFO - Processing file /home/airflow/.local/lib/python3.10/site-packages/airflow/example_dags/example_latest_only_with_trigger.py for tasks to queue
[2025-06-13T15:03:37.366+0000] {logging_mixin.py:188} INFO - [2025-06-13T15:03:37.366+0000] {dagbag.py:540} INFO - Filling up the DagBag from /home/airflow/.local/lib/python3.10/site-packages/airflow/example_dags/example_latest_only_with_trigger.py
[2025-06-13T15:03:37.369+0000] {processor.py:840} INFO - DAG(s) 'latest_only_with_trigger' retrieved from /home/airflow/.local/lib/python3.10/site-packages/airflow/example_dags/example_latest_only_with_trigger.py
[2025-06-13T15:03:37.383+0000] {logging_mixin.py:188} INFO - [2025-06-13T15:03:37.383+0000] {dag.py:3096} INFO - Sync 1 DAGs
[2025-06-13T15:03:37.395+0000] {logging_mixin.py:188} INFO - [2025-06-13T15:03:37.395+0000] {dag.py:3954} INFO - Setting next_dagrun for latest_only_with_trigger to 2025-06-13 08:00:00+00:00, run_after=2025-06-13 12:00:00+00:00
[2025-06-13T15:03:37.405+0000] {processor.py:183} INFO - Processing /home/airflow/.local/lib/python3.10/site-packages/airflow/example_dags/example_latest_only_with_trigger.py took 0.045 seconds
[2025-06-13T15:04:08.250+0000] {processor.py:161} INFO - Started process (PID=2387) to work on /home/airflow/.local/lib/python3.10/site-packages/airflow/example_dags/example_latest_only_with_trigger.py
[2025-06-13T15:04:08.251+0000] {processor.py:830} INFO - Processing file /home/airflow/.local/lib/python3.10/site-packages/airflow/example_dags/example_latest_only_with_trigger.py for tasks to queue
[2025-06-13T15:04:08.253+0000] {logging_mixin.py:188} INFO - [2025-06-13T15:04:08.253+0000] {dagbag.py:540} INFO - Filling up the DagBag from /home/airflow/.local/lib/python3.10/site-packages/airflow/example_dags/example_latest_only_with_trigger.py
[2025-06-13T15:04:08.257+0000] {processor.py:840} INFO - DAG(s) 'latest_only_with_trigger' retrieved from /home/airflow/.local/lib/python3.10/site-packages/airflow/example_dags/example_latest_only_with_trigger.py
[2025-06-13T15:04:08.270+0000] {logging_mixin.py:188} INFO - [2025-06-13T15:04:08.269+0000] {dag.py:3096} INFO - Sync 1 DAGs
[2025-06-13T15:04:08.280+0000] {logging_mixin.py:188} INFO - [2025-06-13T15:04:08.280+0000] {dag.py:3954} INFO - Setting next_dagrun for latest_only_with_trigger to 2025-06-13 08:00:00+00:00, run_after=2025-06-13 12:00:00+00:00
[2025-06-13T15:04:08.289+0000] {processor.py:183} INFO - Processing /home/airflow/.local/lib/python3.10/site-packages/airflow/example_dags/example_latest_only_with_trigger.py took 0.045 seconds
[2025-06-13T15:04:38.491+0000] {processor.py:161} INFO - Started process (PID=2447) to work on /home/airflow/.local/lib/python3.10/site-packages/airflow/example_dags/example_latest_only_with_trigger.py
[2025-06-13T15:04:38.491+0000] {processor.py:830} INFO - Processing file /home/airflow/.local/lib/python3.10/site-packages/airflow/example_dags/example_latest_only_with_trigger.py for tasks to queue
[2025-06-13T15:04:38.492+0000] {logging_mixin.py:188} INFO - [2025-06-13T15:04:38.492+0000] {dagbag.py:540} INFO - Filling up the DagBag from /home/airflow/.local/lib/python3.10/site-packages/airflow/example_dags/example_latest_only_with_trigger.py
[2025-06-13T15:04:38.495+0000] {processor.py:840} INFO - DAG(s) 'latest_only_with_trigger' retrieved from /home/airflow/.local/lib/python3.10/site-packages/airflow/example_dags/example_latest_only_with_trigger.py
[2025-06-13T15:04:38.505+0000] {logging_mixin.py:188} INFO - [2025-06-13T15:04:38.505+0000] {dag.py:3096} INFO - Sync 1 DAGs
[2025-06-13T15:04:38.514+0000] {logging_mixin.py:188} INFO - [2025-06-13T15:04:38.514+0000] {dag.py:3954} INFO - Setting next_dagrun for latest_only_with_trigger to 2025-06-13 08:00:00+00:00, run_after=2025-06-13 12:00:00+00:00
[2025-06-13T15:04:38.523+0000] {processor.py:183} INFO - Processing /home/airflow/.local/lib/python3.10/site-packages/airflow/example_dags/example_latest_only_with_trigger.py took 0.036 seconds
[2025-06-13T15:05:09.133+0000] {processor.py:161} INFO - Started process (PID=2507) to work on /home/airflow/.local/lib/python3.10/site-packages/airflow/example_dags/example_latest_only_with_trigger.py
[2025-06-13T15:05:09.135+0000] {processor.py:830} INFO - Processing file /home/airflow/.local/lib/python3.10/site-packages/airflow/example_dags/example_latest_only_with_trigger.py for tasks to queue
[2025-06-13T15:05:09.137+0000] {logging_mixin.py:188} INFO - [2025-06-13T15:05:09.137+0000] {dagbag.py:540} INFO - Filling up the DagBag from /home/airflow/.local/lib/python3.10/site-packages/airflow/example_dags/example_latest_only_with_trigger.py
[2025-06-13T15:05:09.140+0000] {processor.py:840} INFO - DAG(s) 'latest_only_with_trigger' retrieved from /home/airflow/.local/lib/python3.10/site-packages/airflow/example_dags/example_latest_only_with_trigger.py
[2025-06-13T15:05:09.153+0000] {logging_mixin.py:188} INFO - [2025-06-13T15:05:09.153+0000] {dag.py:3096} INFO - Sync 1 DAGs
[2025-06-13T15:05:09.162+0000] {logging_mixin.py:188} INFO - [2025-06-13T15:05:09.162+0000] {dag.py:3954} INFO - Setting next_dagrun for latest_only_with_trigger to 2025-06-13 08:00:00+00:00, run_after=2025-06-13 12:00:00+00:00
[2025-06-13T15:05:09.172+0000] {processor.py:183} INFO - Processing /home/airflow/.local/lib/python3.10/site-packages/airflow/example_dags/example_latest_only_with_trigger.py took 0.043 seconds
