[2025-06-13T14:33:22.962+0000] {processor.py:161} INFO - Started process (PID=44) to work on /home/airflow/.local/lib/python3.10/site-packages/airflow/example_dags/example_display_name.py
[2025-06-13T14:33:22.963+0000] {processor.py:830} INFO - Processing file /home/airflow/.local/lib/python3.10/site-packages/airflow/example_dags/example_display_name.py for tasks to queue
[2025-06-13T14:33:22.966+0000] {logging_mixin.py:188} INFO - [2025-06-13T14:33:22.965+0000] {dagbag.py:540} INFO - Filling up the DagBag from /home/airflow/.local/lib/python3.10/site-packages/airflow/example_dags/example_display_name.py
[2025-06-13T14:33:22.972+0000] {processor.py:840} INFO - DAG(s) 'example_display_name' retrieved from /home/airflow/.local/lib/python3.10/site-packages/airflow/example_dags/example_display_name.py
[2025-06-13T14:33:22.981+0000] {logging_mixin.py:188} INFO - [2025-06-13T14:33:22.981+0000] {dag.py:3096} INFO - Sync 1 DAGs
[2025-06-13T14:33:22.991+0000] {logging_mixin.py:188} INFO - [2025-06-13T14:33:22.991+0000] {dag.py:3954} INFO - Setting next_dagrun for example_display_name to None, run_after=None
[2025-06-13T14:33:23.011+0000] {processor.py:183} INFO - Processing /home/airflow/.local/lib/python3.10/site-packages/airflow/example_dags/example_display_name.py took 0.056 seconds
[2025-06-13T14:33:53.517+0000] {processor.py:161} INFO - Started process (PID=101) to work on /home/airflow/.local/lib/python3.10/site-packages/airflow/example_dags/example_display_name.py
[2025-06-13T14:33:53.518+0000] {processor.py:830} INFO - Processing file /home/airflow/.local/lib/python3.10/site-packages/airflow/example_dags/example_display_name.py for tasks to queue
[2025-06-13T14:33:53.519+0000] {logging_mixin.py:188} INFO - [2025-06-13T14:33:53.519+0000] {dagbag.py:540} INFO - Filling up the DagBag from /home/airflow/.local/lib/python3.10/site-packages/airflow/example_dags/example_display_name.py
[2025-06-13T14:33:53.524+0000] {processor.py:840} INFO - DAG(s) 'example_display_name' retrieved from /home/airflow/.local/lib/python3.10/site-packages/airflow/example_dags/example_display_name.py
[2025-06-13T14:33:53.593+0000] {logging_mixin.py:188} INFO - [2025-06-13T14:33:53.593+0000] {dag.py:3096} INFO - Sync 1 DAGs
[2025-06-13T14:33:53.600+0000] {logging_mixin.py:188} INFO - [2025-06-13T14:33:53.600+0000] {dag.py:3954} INFO - Setting next_dagrun for example_display_name to None, run_after=None
[2025-06-13T14:33:53.614+0000] {processor.py:183} INFO - Processing /home/airflow/.local/lib/python3.10/site-packages/airflow/example_dags/example_display_name.py took 0.101 seconds
[2025-06-13T14:34:23.786+0000] {processor.py:161} INFO - Started process (PID=159) to work on /home/airflow/.local/lib/python3.10/site-packages/airflow/example_dags/example_display_name.py
[2025-06-13T14:34:23.787+0000] {processor.py:830} INFO - Processing file /home/airflow/.local/lib/python3.10/site-packages/airflow/example_dags/example_display_name.py for tasks to queue
[2025-06-13T14:34:23.789+0000] {logging_mixin.py:188} INFO - [2025-06-13T14:34:23.789+0000] {dagbag.py:540} INFO - Filling up the DagBag from /home/airflow/.local/lib/python3.10/site-packages/airflow/example_dags/example_display_name.py
[2025-06-13T14:34:23.793+0000] {processor.py:840} INFO - DAG(s) 'example_display_name' retrieved from /home/airflow/.local/lib/python3.10/site-packages/airflow/example_dags/example_display_name.py
[2025-06-13T14:34:23.810+0000] {logging_mixin.py:188} INFO - [2025-06-13T14:34:23.810+0000] {dag.py:3096} INFO - Sync 1 DAGs
[2025-06-13T14:34:23.816+0000] {logging_mixin.py:188} INFO - [2025-06-13T14:34:23.815+0000] {dag.py:3954} INFO - Setting next_dagrun for example_display_name to None, run_after=None
[2025-06-13T14:34:23.823+0000] {processor.py:183} INFO - Processing /home/airflow/.local/lib/python3.10/site-packages/airflow/example_dags/example_display_name.py took 0.042 seconds
[2025-06-13T14:34:54.264+0000] {processor.py:161} INFO - Started process (PID=217) to work on /home/airflow/.local/lib/python3.10/site-packages/airflow/example_dags/example_display_name.py
[2025-06-13T14:34:54.265+0000] {processor.py:830} INFO - Processing file /home/airflow/.local/lib/python3.10/site-packages/airflow/example_dags/example_display_name.py for tasks to queue
[2025-06-13T14:34:54.266+0000] {logging_mixin.py:188} INFO - [2025-06-13T14:34:54.265+0000] {dagbag.py:540} INFO - Filling up the DagBag from /home/airflow/.local/lib/python3.10/site-packages/airflow/example_dags/example_display_name.py
[2025-06-13T14:34:54.269+0000] {processor.py:840} INFO - DAG(s) 'example_display_name' retrieved from /home/airflow/.local/lib/python3.10/site-packages/airflow/example_dags/example_display_name.py
[2025-06-13T14:34:54.282+0000] {logging_mixin.py:188} INFO - [2025-06-13T14:34:54.282+0000] {dag.py:3096} INFO - Sync 1 DAGs
[2025-06-13T14:34:54.288+0000] {logging_mixin.py:188} INFO - [2025-06-13T14:34:54.288+0000] {dag.py:3954} INFO - Setting next_dagrun for example_display_name to None, run_after=None
[2025-06-13T14:34:54.296+0000] {processor.py:183} INFO - Processing /home/airflow/.local/lib/python3.10/site-packages/airflow/example_dags/example_display_name.py took 0.036 seconds
[2025-06-13T14:35:24.708+0000] {processor.py:161} INFO - Started process (PID=275) to work on /home/airflow/.local/lib/python3.10/site-packages/airflow/example_dags/example_display_name.py
[2025-06-13T14:35:24.709+0000] {processor.py:830} INFO - Processing file /home/airflow/.local/lib/python3.10/site-packages/airflow/example_dags/example_display_name.py for tasks to queue
[2025-06-13T14:35:24.710+0000] {logging_mixin.py:188} INFO - [2025-06-13T14:35:24.710+0000] {dagbag.py:540} INFO - Filling up the DagBag from /home/airflow/.local/lib/python3.10/site-packages/airflow/example_dags/example_display_name.py
[2025-06-13T14:35:24.714+0000] {processor.py:840} INFO - DAG(s) 'example_display_name' retrieved from /home/airflow/.local/lib/python3.10/site-packages/airflow/example_dags/example_display_name.py
[2025-06-13T14:35:24.727+0000] {logging_mixin.py:188} INFO - [2025-06-13T14:35:24.727+0000] {dag.py:3096} INFO - Sync 1 DAGs
[2025-06-13T14:35:24.734+0000] {logging_mixin.py:188} INFO - [2025-06-13T14:35:24.734+0000] {dag.py:3954} INFO - Setting next_dagrun for example_display_name to None, run_after=None
[2025-06-13T14:35:24.742+0000] {processor.py:183} INFO - Processing /home/airflow/.local/lib/python3.10/site-packages/airflow/example_dags/example_display_name.py took 0.038 seconds
[2025-06-13T14:35:55.542+0000] {processor.py:161} INFO - Started process (PID=333) to work on /home/airflow/.local/lib/python3.10/site-packages/airflow/example_dags/example_display_name.py
[2025-06-13T14:35:55.543+0000] {processor.py:830} INFO - Processing file /home/airflow/.local/lib/python3.10/site-packages/airflow/example_dags/example_display_name.py for tasks to queue
[2025-06-13T14:35:55.545+0000] {logging_mixin.py:188} INFO - [2025-06-13T14:35:55.545+0000] {dagbag.py:540} INFO - Filling up the DagBag from /home/airflow/.local/lib/python3.10/site-packages/airflow/example_dags/example_display_name.py
[2025-06-13T14:35:55.549+0000] {processor.py:840} INFO - DAG(s) 'example_display_name' retrieved from /home/airflow/.local/lib/python3.10/site-packages/airflow/example_dags/example_display_name.py
[2025-06-13T14:35:55.564+0000] {logging_mixin.py:188} INFO - [2025-06-13T14:35:55.564+0000] {dag.py:3096} INFO - Sync 1 DAGs
[2025-06-13T14:35:55.571+0000] {logging_mixin.py:188} INFO - [2025-06-13T14:35:55.571+0000] {dag.py:3954} INFO - Setting next_dagrun for example_display_name to None, run_after=None
[2025-06-13T14:35:55.583+0000] {processor.py:183} INFO - Processing /home/airflow/.local/lib/python3.10/site-packages/airflow/example_dags/example_display_name.py took 0.058 seconds
[2025-06-13T14:36:25.751+0000] {processor.py:161} INFO - Started process (PID=391) to work on /home/airflow/.local/lib/python3.10/site-packages/airflow/example_dags/example_display_name.py
[2025-06-13T14:36:25.753+0000] {processor.py:830} INFO - Processing file /home/airflow/.local/lib/python3.10/site-packages/airflow/example_dags/example_display_name.py for tasks to queue
[2025-06-13T14:36:25.755+0000] {logging_mixin.py:188} INFO - [2025-06-13T14:36:25.755+0000] {dagbag.py:540} INFO - Filling up the DagBag from /home/airflow/.local/lib/python3.10/site-packages/airflow/example_dags/example_display_name.py
[2025-06-13T14:36:25.760+0000] {processor.py:840} INFO - DAG(s) 'example_display_name' retrieved from /home/airflow/.local/lib/python3.10/site-packages/airflow/example_dags/example_display_name.py
[2025-06-13T14:36:25.779+0000] {logging_mixin.py:188} INFO - [2025-06-13T14:36:25.778+0000] {dag.py:3096} INFO - Sync 1 DAGs
[2025-06-13T14:36:25.786+0000] {logging_mixin.py:188} INFO - [2025-06-13T14:36:25.786+0000] {dag.py:3954} INFO - Setting next_dagrun for example_display_name to None, run_after=None
[2025-06-13T14:36:25.804+0000] {processor.py:183} INFO - Processing /home/airflow/.local/lib/python3.10/site-packages/airflow/example_dags/example_display_name.py took 0.060 seconds
[2025-06-13T14:36:56.400+0000] {processor.py:161} INFO - Started process (PID=449) to work on /home/airflow/.local/lib/python3.10/site-packages/airflow/example_dags/example_display_name.py
[2025-06-13T14:36:56.401+0000] {processor.py:830} INFO - Processing file /home/airflow/.local/lib/python3.10/site-packages/airflow/example_dags/example_display_name.py for tasks to queue
[2025-06-13T14:36:56.403+0000] {logging_mixin.py:188} INFO - [2025-06-13T14:36:56.402+0000] {dagbag.py:540} INFO - Filling up the DagBag from /home/airflow/.local/lib/python3.10/site-packages/airflow/example_dags/example_display_name.py
[2025-06-13T14:36:56.406+0000] {processor.py:840} INFO - DAG(s) 'example_display_name' retrieved from /home/airflow/.local/lib/python3.10/site-packages/airflow/example_dags/example_display_name.py
[2025-06-13T14:36:56.422+0000] {logging_mixin.py:188} INFO - [2025-06-13T14:36:56.421+0000] {dag.py:3096} INFO - Sync 1 DAGs
[2025-06-13T14:36:56.430+0000] {logging_mixin.py:188} INFO - [2025-06-13T14:36:56.430+0000] {dag.py:3954} INFO - Setting next_dagrun for example_display_name to None, run_after=None
[2025-06-13T14:36:56.443+0000] {processor.py:183} INFO - Processing /home/airflow/.local/lib/python3.10/site-packages/airflow/example_dags/example_display_name.py took 0.048 seconds
[2025-06-13T14:37:26.672+0000] {processor.py:161} INFO - Started process (PID=507) to work on /home/airflow/.local/lib/python3.10/site-packages/airflow/example_dags/example_display_name.py
[2025-06-13T14:37:26.676+0000] {processor.py:830} INFO - Processing file /home/airflow/.local/lib/python3.10/site-packages/airflow/example_dags/example_display_name.py for tasks to queue
[2025-06-13T14:37:26.683+0000] {logging_mixin.py:188} INFO - [2025-06-13T14:37:26.682+0000] {dagbag.py:540} INFO - Filling up the DagBag from /home/airflow/.local/lib/python3.10/site-packages/airflow/example_dags/example_display_name.py
[2025-06-13T14:37:26.696+0000] {processor.py:840} INFO - DAG(s) 'example_display_name' retrieved from /home/airflow/.local/lib/python3.10/site-packages/airflow/example_dags/example_display_name.py
[2025-06-13T14:37:26.727+0000] {logging_mixin.py:188} INFO - [2025-06-13T14:37:26.727+0000] {dag.py:3096} INFO - Sync 1 DAGs
[2025-06-13T14:37:26.752+0000] {logging_mixin.py:188} INFO - [2025-06-13T14:37:26.752+0000] {dag.py:3954} INFO - Setting next_dagrun for example_display_name to None, run_after=None
[2025-06-13T14:37:26.820+0000] {processor.py:183} INFO - Processing /home/airflow/.local/lib/python3.10/site-packages/airflow/example_dags/example_display_name.py took 0.156 seconds
[2025-06-13T14:37:57.310+0000] {processor.py:161} INFO - Started process (PID=565) to work on /home/airflow/.local/lib/python3.10/site-packages/airflow/example_dags/example_display_name.py
[2025-06-13T14:37:57.310+0000] {processor.py:830} INFO - Processing file /home/airflow/.local/lib/python3.10/site-packages/airflow/example_dags/example_display_name.py for tasks to queue
[2025-06-13T14:37:57.312+0000] {logging_mixin.py:188} INFO - [2025-06-13T14:37:57.311+0000] {dagbag.py:540} INFO - Filling up the DagBag from /home/airflow/.local/lib/python3.10/site-packages/airflow/example_dags/example_display_name.py
[2025-06-13T14:37:57.315+0000] {processor.py:840} INFO - DAG(s) 'example_display_name' retrieved from /home/airflow/.local/lib/python3.10/site-packages/airflow/example_dags/example_display_name.py
[2025-06-13T14:37:57.326+0000] {logging_mixin.py:188} INFO - [2025-06-13T14:37:57.326+0000] {dag.py:3096} INFO - Sync 1 DAGs
[2025-06-13T14:37:57.335+0000] {logging_mixin.py:188} INFO - [2025-06-13T14:37:57.335+0000] {dag.py:3954} INFO - Setting next_dagrun for example_display_name to None, run_after=None
[2025-06-13T14:37:57.348+0000] {processor.py:183} INFO - Processing /home/airflow/.local/lib/python3.10/site-packages/airflow/example_dags/example_display_name.py took 0.042 seconds
[2025-06-13T14:38:27.669+0000] {processor.py:161} INFO - Started process (PID=625) to work on /home/airflow/.local/lib/python3.10/site-packages/airflow/example_dags/example_display_name.py
[2025-06-13T14:38:27.670+0000] {processor.py:830} INFO - Processing file /home/airflow/.local/lib/python3.10/site-packages/airflow/example_dags/example_display_name.py for tasks to queue
[2025-06-13T14:38:27.672+0000] {logging_mixin.py:188} INFO - [2025-06-13T14:38:27.672+0000] {dagbag.py:540} INFO - Filling up the DagBag from /home/airflow/.local/lib/python3.10/site-packages/airflow/example_dags/example_display_name.py
[2025-06-13T14:38:27.677+0000] {processor.py:840} INFO - DAG(s) 'example_display_name' retrieved from /home/airflow/.local/lib/python3.10/site-packages/airflow/example_dags/example_display_name.py
[2025-06-13T14:38:27.691+0000] {logging_mixin.py:188} INFO - [2025-06-13T14:38:27.691+0000] {dag.py:3096} INFO - Sync 1 DAGs
[2025-06-13T14:38:27.698+0000] {logging_mixin.py:188} INFO - [2025-06-13T14:38:27.698+0000] {dag.py:3954} INFO - Setting next_dagrun for example_display_name to None, run_after=None
[2025-06-13T14:38:27.707+0000] {processor.py:183} INFO - Processing /home/airflow/.local/lib/python3.10/site-packages/airflow/example_dags/example_display_name.py took 0.060 seconds
[2025-06-13T14:38:57.882+0000] {processor.py:161} INFO - Started process (PID=685) to work on /home/airflow/.local/lib/python3.10/site-packages/airflow/example_dags/example_display_name.py
[2025-06-13T14:38:57.883+0000] {processor.py:830} INFO - Processing file /home/airflow/.local/lib/python3.10/site-packages/airflow/example_dags/example_display_name.py for tasks to queue
[2025-06-13T14:38:57.884+0000] {logging_mixin.py:188} INFO - [2025-06-13T14:38:57.884+0000] {dagbag.py:540} INFO - Filling up the DagBag from /home/airflow/.local/lib/python3.10/site-packages/airflow/example_dags/example_display_name.py
[2025-06-13T14:38:57.889+0000] {processor.py:840} INFO - DAG(s) 'example_display_name' retrieved from /home/airflow/.local/lib/python3.10/site-packages/airflow/example_dags/example_display_name.py
[2025-06-13T14:38:57.903+0000] {logging_mixin.py:188} INFO - [2025-06-13T14:38:57.903+0000] {dag.py:3096} INFO - Sync 1 DAGs
[2025-06-13T14:38:57.911+0000] {logging_mixin.py:188} INFO - [2025-06-13T14:38:57.911+0000] {dag.py:3954} INFO - Setting next_dagrun for example_display_name to None, run_after=None
[2025-06-13T14:38:57.930+0000] {processor.py:183} INFO - Processing /home/airflow/.local/lib/python3.10/site-packages/airflow/example_dags/example_display_name.py took 0.053 seconds
[2025-06-13T14:39:28.655+0000] {processor.py:161} INFO - Started process (PID=751) to work on /home/airflow/.local/lib/python3.10/site-packages/airflow/example_dags/example_display_name.py
[2025-06-13T14:39:28.656+0000] {processor.py:830} INFO - Processing file /home/airflow/.local/lib/python3.10/site-packages/airflow/example_dags/example_display_name.py for tasks to queue
[2025-06-13T14:39:28.657+0000] {logging_mixin.py:188} INFO - [2025-06-13T14:39:28.657+0000] {dagbag.py:540} INFO - Filling up the DagBag from /home/airflow/.local/lib/python3.10/site-packages/airflow/example_dags/example_display_name.py
[2025-06-13T14:39:28.666+0000] {processor.py:840} INFO - DAG(s) 'example_display_name' retrieved from /home/airflow/.local/lib/python3.10/site-packages/airflow/example_dags/example_display_name.py
[2025-06-13T14:39:28.691+0000] {logging_mixin.py:188} INFO - [2025-06-13T14:39:28.691+0000] {dag.py:3096} INFO - Sync 1 DAGs
[2025-06-13T14:39:28.703+0000] {logging_mixin.py:188} INFO - [2025-06-13T14:39:28.703+0000] {dag.py:3954} INFO - Setting next_dagrun for example_display_name to None, run_after=None
[2025-06-13T14:39:28.714+0000] {processor.py:183} INFO - Processing /home/airflow/.local/lib/python3.10/site-packages/airflow/example_dags/example_display_name.py took 0.065 seconds
[2025-06-13T14:39:59.243+0000] {processor.py:161} INFO - Started process (PID=811) to work on /home/airflow/.local/lib/python3.10/site-packages/airflow/example_dags/example_display_name.py
[2025-06-13T14:39:59.244+0000] {processor.py:830} INFO - Processing file /home/airflow/.local/lib/python3.10/site-packages/airflow/example_dags/example_display_name.py for tasks to queue
[2025-06-13T14:39:59.245+0000] {logging_mixin.py:188} INFO - [2025-06-13T14:39:59.245+0000] {dagbag.py:540} INFO - Filling up the DagBag from /home/airflow/.local/lib/python3.10/site-packages/airflow/example_dags/example_display_name.py
[2025-06-13T14:39:59.250+0000] {processor.py:840} INFO - DAG(s) 'example_display_name' retrieved from /home/airflow/.local/lib/python3.10/site-packages/airflow/example_dags/example_display_name.py
[2025-06-13T14:39:59.263+0000] {logging_mixin.py:188} INFO - [2025-06-13T14:39:59.262+0000] {dag.py:3096} INFO - Sync 1 DAGs
[2025-06-13T14:39:59.268+0000] {logging_mixin.py:188} INFO - [2025-06-13T14:39:59.268+0000] {dag.py:3954} INFO - Setting next_dagrun for example_display_name to None, run_after=None
[2025-06-13T14:39:59.277+0000] {processor.py:183} INFO - Processing /home/airflow/.local/lib/python3.10/site-packages/airflow/example_dags/example_display_name.py took 0.038 seconds
[2025-06-13T14:40:30.239+0000] {processor.py:161} INFO - Started process (PID=871) to work on /home/airflow/.local/lib/python3.10/site-packages/airflow/example_dags/example_display_name.py
[2025-06-13T14:40:30.240+0000] {processor.py:830} INFO - Processing file /home/airflow/.local/lib/python3.10/site-packages/airflow/example_dags/example_display_name.py for tasks to queue
[2025-06-13T14:40:30.241+0000] {logging_mixin.py:188} INFO - [2025-06-13T14:40:30.241+0000] {dagbag.py:540} INFO - Filling up the DagBag from /home/airflow/.local/lib/python3.10/site-packages/airflow/example_dags/example_display_name.py
[2025-06-13T14:40:30.244+0000] {processor.py:840} INFO - DAG(s) 'example_display_name' retrieved from /home/airflow/.local/lib/python3.10/site-packages/airflow/example_dags/example_display_name.py
[2025-06-13T14:40:30.255+0000] {logging_mixin.py:188} INFO - [2025-06-13T14:40:30.255+0000] {dag.py:3096} INFO - Sync 1 DAGs
[2025-06-13T14:40:30.261+0000] {logging_mixin.py:188} INFO - [2025-06-13T14:40:30.261+0000] {dag.py:3954} INFO - Setting next_dagrun for example_display_name to None, run_after=None
[2025-06-13T14:40:30.269+0000] {processor.py:183} INFO - Processing /home/airflow/.local/lib/python3.10/site-packages/airflow/example_dags/example_display_name.py took 0.034 seconds
[2025-06-13T14:41:00.832+0000] {processor.py:161} INFO - Started process (PID=931) to work on /home/airflow/.local/lib/python3.10/site-packages/airflow/example_dags/example_display_name.py
[2025-06-13T14:41:00.833+0000] {processor.py:830} INFO - Processing file /home/airflow/.local/lib/python3.10/site-packages/airflow/example_dags/example_display_name.py for tasks to queue
[2025-06-13T14:41:00.834+0000] {logging_mixin.py:188} INFO - [2025-06-13T14:41:00.833+0000] {dagbag.py:540} INFO - Filling up the DagBag from /home/airflow/.local/lib/python3.10/site-packages/airflow/example_dags/example_display_name.py
[2025-06-13T14:41:00.838+0000] {processor.py:840} INFO - DAG(s) 'example_display_name' retrieved from /home/airflow/.local/lib/python3.10/site-packages/airflow/example_dags/example_display_name.py
[2025-06-13T14:41:00.849+0000] {logging_mixin.py:188} INFO - [2025-06-13T14:41:00.848+0000] {dag.py:3096} INFO - Sync 1 DAGs
[2025-06-13T14:41:00.855+0000] {logging_mixin.py:188} INFO - [2025-06-13T14:41:00.855+0000] {dag.py:3954} INFO - Setting next_dagrun for example_display_name to None, run_after=None
[2025-06-13T14:41:00.863+0000] {processor.py:183} INFO - Processing /home/airflow/.local/lib/python3.10/site-packages/airflow/example_dags/example_display_name.py took 0.034 seconds
[2025-06-13T14:41:31.039+0000] {processor.py:161} INFO - Started process (PID=991) to work on /home/airflow/.local/lib/python3.10/site-packages/airflow/example_dags/example_display_name.py
[2025-06-13T14:41:31.040+0000] {processor.py:830} INFO - Processing file /home/airflow/.local/lib/python3.10/site-packages/airflow/example_dags/example_display_name.py for tasks to queue
[2025-06-13T14:41:31.041+0000] {logging_mixin.py:188} INFO - [2025-06-13T14:41:31.041+0000] {dagbag.py:540} INFO - Filling up the DagBag from /home/airflow/.local/lib/python3.10/site-packages/airflow/example_dags/example_display_name.py
[2025-06-13T14:41:31.044+0000] {processor.py:840} INFO - DAG(s) 'example_display_name' retrieved from /home/airflow/.local/lib/python3.10/site-packages/airflow/example_dags/example_display_name.py
[2025-06-13T14:41:31.055+0000] {logging_mixin.py:188} INFO - [2025-06-13T14:41:31.055+0000] {dag.py:3096} INFO - Sync 1 DAGs
[2025-06-13T14:41:31.061+0000] {logging_mixin.py:188} INFO - [2025-06-13T14:41:31.061+0000] {dag.py:3954} INFO - Setting next_dagrun for example_display_name to None, run_after=None
[2025-06-13T14:41:31.076+0000] {processor.py:183} INFO - Processing /home/airflow/.local/lib/python3.10/site-packages/airflow/example_dags/example_display_name.py took 0.040 seconds
[2025-06-13T14:42:01.496+0000] {processor.py:161} INFO - Started process (PID=1051) to work on /home/airflow/.local/lib/python3.10/site-packages/airflow/example_dags/example_display_name.py
[2025-06-13T14:42:01.497+0000] {processor.py:830} INFO - Processing file /home/airflow/.local/lib/python3.10/site-packages/airflow/example_dags/example_display_name.py for tasks to queue
[2025-06-13T14:42:01.498+0000] {logging_mixin.py:188} INFO - [2025-06-13T14:42:01.498+0000] {dagbag.py:540} INFO - Filling up the DagBag from /home/airflow/.local/lib/python3.10/site-packages/airflow/example_dags/example_display_name.py
[2025-06-13T14:42:01.502+0000] {processor.py:840} INFO - DAG(s) 'example_display_name' retrieved from /home/airflow/.local/lib/python3.10/site-packages/airflow/example_dags/example_display_name.py
[2025-06-13T14:42:01.512+0000] {logging_mixin.py:188} INFO - [2025-06-13T14:42:01.512+0000] {dag.py:3096} INFO - Sync 1 DAGs
[2025-06-13T14:42:01.519+0000] {logging_mixin.py:188} INFO - [2025-06-13T14:42:01.519+0000] {dag.py:3954} INFO - Setting next_dagrun for example_display_name to None, run_after=None
[2025-06-13T14:42:01.530+0000] {processor.py:183} INFO - Processing /home/airflow/.local/lib/python3.10/site-packages/airflow/example_dags/example_display_name.py took 0.037 seconds
[2025-06-13T14:42:32.273+0000] {processor.py:161} INFO - Started process (PID=1111) to work on /home/airflow/.local/lib/python3.10/site-packages/airflow/example_dags/example_display_name.py
[2025-06-13T14:42:32.274+0000] {processor.py:830} INFO - Processing file /home/airflow/.local/lib/python3.10/site-packages/airflow/example_dags/example_display_name.py for tasks to queue
[2025-06-13T14:42:32.275+0000] {logging_mixin.py:188} INFO - [2025-06-13T14:42:32.275+0000] {dagbag.py:540} INFO - Filling up the DagBag from /home/airflow/.local/lib/python3.10/site-packages/airflow/example_dags/example_display_name.py
[2025-06-13T14:42:32.278+0000] {processor.py:840} INFO - DAG(s) 'example_display_name' retrieved from /home/airflow/.local/lib/python3.10/site-packages/airflow/example_dags/example_display_name.py
[2025-06-13T14:42:32.288+0000] {logging_mixin.py:188} INFO - [2025-06-13T14:42:32.288+0000] {dag.py:3096} INFO - Sync 1 DAGs
[2025-06-13T14:42:32.294+0000] {logging_mixin.py:188} INFO - [2025-06-13T14:42:32.294+0000] {dag.py:3954} INFO - Setting next_dagrun for example_display_name to None, run_after=None
[2025-06-13T14:42:32.302+0000] {processor.py:183} INFO - Processing /home/airflow/.local/lib/python3.10/site-packages/airflow/example_dags/example_display_name.py took 0.032 seconds
[2025-06-13T14:43:02.689+0000] {processor.py:161} INFO - Started process (PID=1171) to work on /home/airflow/.local/lib/python3.10/site-packages/airflow/example_dags/example_display_name.py
[2025-06-13T14:43:02.689+0000] {processor.py:830} INFO - Processing file /home/airflow/.local/lib/python3.10/site-packages/airflow/example_dags/example_display_name.py for tasks to queue
[2025-06-13T14:43:02.690+0000] {logging_mixin.py:188} INFO - [2025-06-13T14:43:02.690+0000] {dagbag.py:540} INFO - Filling up the DagBag from /home/airflow/.local/lib/python3.10/site-packages/airflow/example_dags/example_display_name.py
[2025-06-13T14:43:02.693+0000] {processor.py:840} INFO - DAG(s) 'example_display_name' retrieved from /home/airflow/.local/lib/python3.10/site-packages/airflow/example_dags/example_display_name.py
[2025-06-13T14:43:02.703+0000] {logging_mixin.py:188} INFO - [2025-06-13T14:43:02.703+0000] {dag.py:3096} INFO - Sync 1 DAGs
[2025-06-13T14:43:02.708+0000] {logging_mixin.py:188} INFO - [2025-06-13T14:43:02.708+0000] {dag.py:3954} INFO - Setting next_dagrun for example_display_name to None, run_after=None
[2025-06-13T14:43:02.716+0000] {processor.py:183} INFO - Processing /home/airflow/.local/lib/python3.10/site-packages/airflow/example_dags/example_display_name.py took 0.031 seconds
[2025-06-13T14:44:23.384+0000] {processor.py:161} INFO - Started process (PID=73) to work on /home/airflow/.local/lib/python3.10/site-packages/airflow/example_dags/example_display_name.py
[2025-06-13T14:44:23.386+0000] {processor.py:830} INFO - Processing file /home/airflow/.local/lib/python3.10/site-packages/airflow/example_dags/example_display_name.py for tasks to queue
[2025-06-13T14:44:23.391+0000] {logging_mixin.py:188} INFO - [2025-06-13T14:44:23.390+0000] {dagbag.py:540} INFO - Filling up the DagBag from /home/airflow/.local/lib/python3.10/site-packages/airflow/example_dags/example_display_name.py
[2025-06-13T14:44:23.405+0000] {processor.py:840} INFO - DAG(s) 'example_display_name' retrieved from /home/airflow/.local/lib/python3.10/site-packages/airflow/example_dags/example_display_name.py
[2025-06-13T14:44:23.431+0000] {logging_mixin.py:188} INFO - [2025-06-13T14:44:23.430+0000] {dag.py:3096} INFO - Sync 1 DAGs
[2025-06-13T14:44:23.446+0000] {logging_mixin.py:188} INFO - [2025-06-13T14:44:23.445+0000] {dag.py:3954} INFO - Setting next_dagrun for example_display_name to None, run_after=None
[2025-06-13T14:44:23.772+0000] {processor.py:183} INFO - Processing /home/airflow/.local/lib/python3.10/site-packages/airflow/example_dags/example_display_name.py took 0.401 seconds
[2025-06-13T14:44:42.022+0000] {processor.py:161} INFO - Started process (PID=62) to work on /home/airflow/.local/lib/python3.10/site-packages/airflow/example_dags/example_display_name.py
[2025-06-13T14:44:42.023+0000] {processor.py:830} INFO - Processing file /home/airflow/.local/lib/python3.10/site-packages/airflow/example_dags/example_display_name.py for tasks to queue
[2025-06-13T14:44:42.024+0000] {logging_mixin.py:188} INFO - [2025-06-13T14:44:42.024+0000] {dagbag.py:540} INFO - Filling up the DagBag from /home/airflow/.local/lib/python3.10/site-packages/airflow/example_dags/example_display_name.py
[2025-06-13T14:44:42.030+0000] {processor.py:840} INFO - DAG(s) 'example_display_name' retrieved from /home/airflow/.local/lib/python3.10/site-packages/airflow/example_dags/example_display_name.py
[2025-06-13T14:44:42.042+0000] {logging_mixin.py:188} INFO - [2025-06-13T14:44:42.041+0000] {dag.py:3096} INFO - Sync 1 DAGs
[2025-06-13T14:44:42.049+0000] {logging_mixin.py:188} INFO - [2025-06-13T14:44:42.049+0000] {dag.py:3954} INFO - Setting next_dagrun for example_display_name to None, run_after=None
[2025-06-13T14:44:42.058+0000] {processor.py:183} INFO - Processing /home/airflow/.local/lib/python3.10/site-packages/airflow/example_dags/example_display_name.py took 0.040 seconds
[2025-06-13T14:45:12.717+0000] {processor.py:161} INFO - Started process (PID=120) to work on /home/airflow/.local/lib/python3.10/site-packages/airflow/example_dags/example_display_name.py
[2025-06-13T14:45:12.718+0000] {processor.py:830} INFO - Processing file /home/airflow/.local/lib/python3.10/site-packages/airflow/example_dags/example_display_name.py for tasks to queue
[2025-06-13T14:45:12.720+0000] {logging_mixin.py:188} INFO - [2025-06-13T14:45:12.720+0000] {dagbag.py:540} INFO - Filling up the DagBag from /home/airflow/.local/lib/python3.10/site-packages/airflow/example_dags/example_display_name.py
[2025-06-13T14:45:12.726+0000] {processor.py:840} INFO - DAG(s) 'example_display_name' retrieved from /home/airflow/.local/lib/python3.10/site-packages/airflow/example_dags/example_display_name.py
[2025-06-13T14:45:12.784+0000] {logging_mixin.py:188} INFO - [2025-06-13T14:45:12.784+0000] {dag.py:3096} INFO - Sync 1 DAGs
[2025-06-13T14:45:12.789+0000] {logging_mixin.py:188} INFO - [2025-06-13T14:45:12.789+0000] {dag.py:3954} INFO - Setting next_dagrun for example_display_name to None, run_after=None
[2025-06-13T14:45:12.798+0000] {processor.py:183} INFO - Processing /home/airflow/.local/lib/python3.10/site-packages/airflow/example_dags/example_display_name.py took 0.091 seconds
[2025-06-13T14:45:43.689+0000] {processor.py:161} INFO - Started process (PID=192) to work on /home/airflow/.local/lib/python3.10/site-packages/airflow/example_dags/example_display_name.py
[2025-06-13T14:45:43.690+0000] {processor.py:830} INFO - Processing file /home/airflow/.local/lib/python3.10/site-packages/airflow/example_dags/example_display_name.py for tasks to queue
[2025-06-13T14:45:43.691+0000] {logging_mixin.py:188} INFO - [2025-06-13T14:45:43.691+0000] {dagbag.py:540} INFO - Filling up the DagBag from /home/airflow/.local/lib/python3.10/site-packages/airflow/example_dags/example_display_name.py
[2025-06-13T14:45:43.695+0000] {processor.py:840} INFO - DAG(s) 'example_display_name' retrieved from /home/airflow/.local/lib/python3.10/site-packages/airflow/example_dags/example_display_name.py
[2025-06-13T14:45:43.710+0000] {logging_mixin.py:188} INFO - [2025-06-13T14:45:43.709+0000] {dag.py:3096} INFO - Sync 1 DAGs
[2025-06-13T14:45:43.719+0000] {logging_mixin.py:188} INFO - [2025-06-13T14:45:43.719+0000] {dag.py:3954} INFO - Setting next_dagrun for example_display_name to None, run_after=None
[2025-06-13T14:45:43.728+0000] {processor.py:183} INFO - Processing /home/airflow/.local/lib/python3.10/site-packages/airflow/example_dags/example_display_name.py took 0.043 seconds
[2025-06-13T14:46:14.714+0000] {processor.py:161} INFO - Started process (PID=260) to work on /home/airflow/.local/lib/python3.10/site-packages/airflow/example_dags/example_display_name.py
[2025-06-13T14:46:14.715+0000] {processor.py:830} INFO - Processing file /home/airflow/.local/lib/python3.10/site-packages/airflow/example_dags/example_display_name.py for tasks to queue
[2025-06-13T14:46:14.716+0000] {logging_mixin.py:188} INFO - [2025-06-13T14:46:14.716+0000] {dagbag.py:540} INFO - Filling up the DagBag from /home/airflow/.local/lib/python3.10/site-packages/airflow/example_dags/example_display_name.py
[2025-06-13T14:46:14.719+0000] {processor.py:840} INFO - DAG(s) 'example_display_name' retrieved from /home/airflow/.local/lib/python3.10/site-packages/airflow/example_dags/example_display_name.py
[2025-06-13T14:46:14.734+0000] {logging_mixin.py:188} INFO - [2025-06-13T14:46:14.733+0000] {dag.py:3096} INFO - Sync 1 DAGs
[2025-06-13T14:46:14.742+0000] {logging_mixin.py:188} INFO - [2025-06-13T14:46:14.742+0000] {dag.py:3954} INFO - Setting next_dagrun for example_display_name to None, run_after=None
[2025-06-13T14:46:14.751+0000] {processor.py:183} INFO - Processing /home/airflow/.local/lib/python3.10/site-packages/airflow/example_dags/example_display_name.py took 0.042 seconds
[2025-06-13T14:46:45.181+0000] {processor.py:161} INFO - Started process (PID=318) to work on /home/airflow/.local/lib/python3.10/site-packages/airflow/example_dags/example_display_name.py
[2025-06-13T14:46:45.186+0000] {processor.py:830} INFO - Processing file /home/airflow/.local/lib/python3.10/site-packages/airflow/example_dags/example_display_name.py for tasks to queue
[2025-06-13T14:46:45.187+0000] {logging_mixin.py:188} INFO - [2025-06-13T14:46:45.187+0000] {dagbag.py:540} INFO - Filling up the DagBag from /home/airflow/.local/lib/python3.10/site-packages/airflow/example_dags/example_display_name.py
[2025-06-13T14:46:45.192+0000] {processor.py:840} INFO - DAG(s) 'example_display_name' retrieved from /home/airflow/.local/lib/python3.10/site-packages/airflow/example_dags/example_display_name.py
[2025-06-13T14:46:45.205+0000] {logging_mixin.py:188} INFO - [2025-06-13T14:46:45.204+0000] {dag.py:3096} INFO - Sync 1 DAGs
[2025-06-13T14:46:45.213+0000] {logging_mixin.py:188} INFO - [2025-06-13T14:46:45.213+0000] {dag.py:3954} INFO - Setting next_dagrun for example_display_name to None, run_after=None
[2025-06-13T14:46:45.228+0000] {processor.py:183} INFO - Processing /home/airflow/.local/lib/python3.10/site-packages/airflow/example_dags/example_display_name.py took 0.065 seconds
[2025-06-13T14:47:15.469+0000] {processor.py:161} INFO - Started process (PID=378) to work on /home/airflow/.local/lib/python3.10/site-packages/airflow/example_dags/example_display_name.py
[2025-06-13T14:47:15.470+0000] {processor.py:830} INFO - Processing file /home/airflow/.local/lib/python3.10/site-packages/airflow/example_dags/example_display_name.py for tasks to queue
[2025-06-13T14:47:15.471+0000] {logging_mixin.py:188} INFO - [2025-06-13T14:47:15.471+0000] {dagbag.py:540} INFO - Filling up the DagBag from /home/airflow/.local/lib/python3.10/site-packages/airflow/example_dags/example_display_name.py
[2025-06-13T14:47:15.475+0000] {processor.py:840} INFO - DAG(s) 'example_display_name' retrieved from /home/airflow/.local/lib/python3.10/site-packages/airflow/example_dags/example_display_name.py
[2025-06-13T14:47:15.486+0000] {logging_mixin.py:188} INFO - [2025-06-13T14:47:15.485+0000] {dag.py:3096} INFO - Sync 1 DAGs
[2025-06-13T14:47:15.496+0000] {logging_mixin.py:188} INFO - [2025-06-13T14:47:15.496+0000] {dag.py:3954} INFO - Setting next_dagrun for example_display_name to None, run_after=None
[2025-06-13T14:47:15.506+0000] {processor.py:183} INFO - Processing /home/airflow/.local/lib/python3.10/site-packages/airflow/example_dags/example_display_name.py took 0.042 seconds
[2025-06-13T14:47:45.962+0000] {processor.py:161} INFO - Started process (PID=438) to work on /home/airflow/.local/lib/python3.10/site-packages/airflow/example_dags/example_display_name.py
[2025-06-13T14:47:45.963+0000] {processor.py:830} INFO - Processing file /home/airflow/.local/lib/python3.10/site-packages/airflow/example_dags/example_display_name.py for tasks to queue
[2025-06-13T14:47:45.964+0000] {logging_mixin.py:188} INFO - [2025-06-13T14:47:45.964+0000] {dagbag.py:540} INFO - Filling up the DagBag from /home/airflow/.local/lib/python3.10/site-packages/airflow/example_dags/example_display_name.py
[2025-06-13T14:47:45.968+0000] {processor.py:840} INFO - DAG(s) 'example_display_name' retrieved from /home/airflow/.local/lib/python3.10/site-packages/airflow/example_dags/example_display_name.py
[2025-06-13T14:47:45.980+0000] {logging_mixin.py:188} INFO - [2025-06-13T14:47:45.980+0000] {dag.py:3096} INFO - Sync 1 DAGs
[2025-06-13T14:47:45.987+0000] {logging_mixin.py:188} INFO - [2025-06-13T14:47:45.986+0000] {dag.py:3954} INFO - Setting next_dagrun for example_display_name to None, run_after=None
[2025-06-13T14:47:46.000+0000] {processor.py:183} INFO - Processing /home/airflow/.local/lib/python3.10/site-packages/airflow/example_dags/example_display_name.py took 0.043 seconds
[2025-06-13T14:48:16.699+0000] {processor.py:161} INFO - Started process (PID=498) to work on /home/airflow/.local/lib/python3.10/site-packages/airflow/example_dags/example_display_name.py
[2025-06-13T14:48:16.700+0000] {processor.py:830} INFO - Processing file /home/airflow/.local/lib/python3.10/site-packages/airflow/example_dags/example_display_name.py for tasks to queue
[2025-06-13T14:48:16.702+0000] {logging_mixin.py:188} INFO - [2025-06-13T14:48:16.702+0000] {dagbag.py:540} INFO - Filling up the DagBag from /home/airflow/.local/lib/python3.10/site-packages/airflow/example_dags/example_display_name.py
[2025-06-13T14:48:16.706+0000] {processor.py:840} INFO - DAG(s) 'example_display_name' retrieved from /home/airflow/.local/lib/python3.10/site-packages/airflow/example_dags/example_display_name.py
[2025-06-13T14:48:16.720+0000] {logging_mixin.py:188} INFO - [2025-06-13T14:48:16.720+0000] {dag.py:3096} INFO - Sync 1 DAGs
[2025-06-13T14:48:16.726+0000] {logging_mixin.py:188} INFO - [2025-06-13T14:48:16.726+0000] {dag.py:3954} INFO - Setting next_dagrun for example_display_name to None, run_after=None
[2025-06-13T14:48:16.744+0000] {processor.py:183} INFO - Processing /home/airflow/.local/lib/python3.10/site-packages/airflow/example_dags/example_display_name.py took 0.049 seconds
[2025-06-13T14:48:46.975+0000] {processor.py:161} INFO - Started process (PID=558) to work on /home/airflow/.local/lib/python3.10/site-packages/airflow/example_dags/example_display_name.py
[2025-06-13T14:48:46.976+0000] {processor.py:830} INFO - Processing file /home/airflow/.local/lib/python3.10/site-packages/airflow/example_dags/example_display_name.py for tasks to queue
[2025-06-13T14:48:46.977+0000] {logging_mixin.py:188} INFO - [2025-06-13T14:48:46.977+0000] {dagbag.py:540} INFO - Filling up the DagBag from /home/airflow/.local/lib/python3.10/site-packages/airflow/example_dags/example_display_name.py
[2025-06-13T14:48:46.981+0000] {processor.py:840} INFO - DAG(s) 'example_display_name' retrieved from /home/airflow/.local/lib/python3.10/site-packages/airflow/example_dags/example_display_name.py
[2025-06-13T14:48:46.992+0000] {logging_mixin.py:188} INFO - [2025-06-13T14:48:46.992+0000] {dag.py:3096} INFO - Sync 1 DAGs
[2025-06-13T14:48:46.999+0000] {logging_mixin.py:188} INFO - [2025-06-13T14:48:46.999+0000] {dag.py:3954} INFO - Setting next_dagrun for example_display_name to None, run_after=None
[2025-06-13T14:48:47.010+0000] {processor.py:183} INFO - Processing /home/airflow/.local/lib/python3.10/site-packages/airflow/example_dags/example_display_name.py took 0.040 seconds
[2025-06-13T14:49:17.634+0000] {processor.py:161} INFO - Started process (PID=618) to work on /home/airflow/.local/lib/python3.10/site-packages/airflow/example_dags/example_display_name.py
[2025-06-13T14:49:17.636+0000] {processor.py:830} INFO - Processing file /home/airflow/.local/lib/python3.10/site-packages/airflow/example_dags/example_display_name.py for tasks to queue
[2025-06-13T14:49:17.644+0000] {logging_mixin.py:188} INFO - [2025-06-13T14:49:17.643+0000] {dagbag.py:540} INFO - Filling up the DagBag from /home/airflow/.local/lib/python3.10/site-packages/airflow/example_dags/example_display_name.py
[2025-06-13T14:49:17.652+0000] {processor.py:840} INFO - DAG(s) 'example_display_name' retrieved from /home/airflow/.local/lib/python3.10/site-packages/airflow/example_dags/example_display_name.py
[2025-06-13T14:49:17.671+0000] {logging_mixin.py:188} INFO - [2025-06-13T14:49:17.671+0000] {dag.py:3096} INFO - Sync 1 DAGs
[2025-06-13T14:49:17.679+0000] {logging_mixin.py:188} INFO - [2025-06-13T14:49:17.679+0000] {dag.py:3954} INFO - Setting next_dagrun for example_display_name to None, run_after=None
[2025-06-13T14:49:17.687+0000] {processor.py:183} INFO - Processing /home/airflow/.local/lib/python3.10/site-packages/airflow/example_dags/example_display_name.py took 0.061 seconds
[2025-06-13T14:49:48.207+0000] {processor.py:161} INFO - Started process (PID=678) to work on /home/airflow/.local/lib/python3.10/site-packages/airflow/example_dags/example_display_name.py
[2025-06-13T14:49:48.208+0000] {processor.py:830} INFO - Processing file /home/airflow/.local/lib/python3.10/site-packages/airflow/example_dags/example_display_name.py for tasks to queue
[2025-06-13T14:49:48.209+0000] {logging_mixin.py:188} INFO - [2025-06-13T14:49:48.209+0000] {dagbag.py:540} INFO - Filling up the DagBag from /home/airflow/.local/lib/python3.10/site-packages/airflow/example_dags/example_display_name.py
[2025-06-13T14:49:48.213+0000] {processor.py:840} INFO - DAG(s) 'example_display_name' retrieved from /home/airflow/.local/lib/python3.10/site-packages/airflow/example_dags/example_display_name.py
[2025-06-13T14:49:48.225+0000] {logging_mixin.py:188} INFO - [2025-06-13T14:49:48.225+0000] {dag.py:3096} INFO - Sync 1 DAGs
[2025-06-13T14:49:48.230+0000] {logging_mixin.py:188} INFO - [2025-06-13T14:49:48.230+0000] {dag.py:3954} INFO - Setting next_dagrun for example_display_name to None, run_after=None
[2025-06-13T14:49:48.239+0000] {processor.py:183} INFO - Processing /home/airflow/.local/lib/python3.10/site-packages/airflow/example_dags/example_display_name.py took 0.035 seconds
[2025-06-13T14:50:18.725+0000] {processor.py:161} INFO - Started process (PID=738) to work on /home/airflow/.local/lib/python3.10/site-packages/airflow/example_dags/example_display_name.py
[2025-06-13T14:50:18.726+0000] {processor.py:830} INFO - Processing file /home/airflow/.local/lib/python3.10/site-packages/airflow/example_dags/example_display_name.py for tasks to queue
[2025-06-13T14:50:18.730+0000] {logging_mixin.py:188} INFO - [2025-06-13T14:50:18.730+0000] {dagbag.py:540} INFO - Filling up the DagBag from /home/airflow/.local/lib/python3.10/site-packages/airflow/example_dags/example_display_name.py
[2025-06-13T14:50:18.737+0000] {processor.py:840} INFO - DAG(s) 'example_display_name' retrieved from /home/airflow/.local/lib/python3.10/site-packages/airflow/example_dags/example_display_name.py
[2025-06-13T14:50:18.758+0000] {logging_mixin.py:188} INFO - [2025-06-13T14:50:18.758+0000] {dag.py:3096} INFO - Sync 1 DAGs
[2025-06-13T14:50:18.766+0000] {logging_mixin.py:188} INFO - [2025-06-13T14:50:18.766+0000] {dag.py:3954} INFO - Setting next_dagrun for example_display_name to None, run_after=None
[2025-06-13T14:50:18.776+0000] {processor.py:183} INFO - Processing /home/airflow/.local/lib/python3.10/site-packages/airflow/example_dags/example_display_name.py took 0.056 seconds
[2025-06-13T14:50:49.150+0000] {processor.py:161} INFO - Started process (PID=798) to work on /home/airflow/.local/lib/python3.10/site-packages/airflow/example_dags/example_display_name.py
[2025-06-13T14:50:49.157+0000] {processor.py:830} INFO - Processing file /home/airflow/.local/lib/python3.10/site-packages/airflow/example_dags/example_display_name.py for tasks to queue
[2025-06-13T14:50:49.159+0000] {logging_mixin.py:188} INFO - [2025-06-13T14:50:49.159+0000] {dagbag.py:540} INFO - Filling up the DagBag from /home/airflow/.local/lib/python3.10/site-packages/airflow/example_dags/example_display_name.py
[2025-06-13T14:50:49.163+0000] {processor.py:840} INFO - DAG(s) 'example_display_name' retrieved from /home/airflow/.local/lib/python3.10/site-packages/airflow/example_dags/example_display_name.py
[2025-06-13T14:50:49.178+0000] {logging_mixin.py:188} INFO - [2025-06-13T14:50:49.178+0000] {dag.py:3096} INFO - Sync 1 DAGs
[2025-06-13T14:50:49.187+0000] {logging_mixin.py:188} INFO - [2025-06-13T14:50:49.187+0000] {dag.py:3954} INFO - Setting next_dagrun for example_display_name to None, run_after=None
[2025-06-13T14:50:49.202+0000] {processor.py:183} INFO - Processing /home/airflow/.local/lib/python3.10/site-packages/airflow/example_dags/example_display_name.py took 0.056 seconds
[2025-06-13T14:51:19.569+0000] {processor.py:161} INFO - Started process (PID=858) to work on /home/airflow/.local/lib/python3.10/site-packages/airflow/example_dags/example_display_name.py
[2025-06-13T14:51:19.570+0000] {processor.py:830} INFO - Processing file /home/airflow/.local/lib/python3.10/site-packages/airflow/example_dags/example_display_name.py for tasks to queue
[2025-06-13T14:51:19.573+0000] {logging_mixin.py:188} INFO - [2025-06-13T14:51:19.572+0000] {dagbag.py:540} INFO - Filling up the DagBag from /home/airflow/.local/lib/python3.10/site-packages/airflow/example_dags/example_display_name.py
[2025-06-13T14:51:19.584+0000] {processor.py:840} INFO - DAG(s) 'example_display_name' retrieved from /home/airflow/.local/lib/python3.10/site-packages/airflow/example_dags/example_display_name.py
[2025-06-13T14:51:19.605+0000] {logging_mixin.py:188} INFO - [2025-06-13T14:51:19.605+0000] {dag.py:3096} INFO - Sync 1 DAGs
[2025-06-13T14:51:19.614+0000] {logging_mixin.py:188} INFO - [2025-06-13T14:51:19.613+0000] {dag.py:3954} INFO - Setting next_dagrun for example_display_name to None, run_after=None
[2025-06-13T14:51:19.627+0000] {processor.py:183} INFO - Processing /home/airflow/.local/lib/python3.10/site-packages/airflow/example_dags/example_display_name.py took 0.066 seconds
[2025-06-13T14:51:49.768+0000] {processor.py:161} INFO - Started process (PID=918) to work on /home/airflow/.local/lib/python3.10/site-packages/airflow/example_dags/example_display_name.py
[2025-06-13T14:51:49.769+0000] {processor.py:830} INFO - Processing file /home/airflow/.local/lib/python3.10/site-packages/airflow/example_dags/example_display_name.py for tasks to queue
[2025-06-13T14:51:49.770+0000] {logging_mixin.py:188} INFO - [2025-06-13T14:51:49.770+0000] {dagbag.py:540} INFO - Filling up the DagBag from /home/airflow/.local/lib/python3.10/site-packages/airflow/example_dags/example_display_name.py
[2025-06-13T14:51:49.774+0000] {processor.py:840} INFO - DAG(s) 'example_display_name' retrieved from /home/airflow/.local/lib/python3.10/site-packages/airflow/example_dags/example_display_name.py
[2025-06-13T14:51:49.787+0000] {logging_mixin.py:188} INFO - [2025-06-13T14:51:49.787+0000] {dag.py:3096} INFO - Sync 1 DAGs
[2025-06-13T14:51:49.798+0000] {logging_mixin.py:188} INFO - [2025-06-13T14:51:49.798+0000] {dag.py:3954} INFO - Setting next_dagrun for example_display_name to None, run_after=None
[2025-06-13T14:51:49.811+0000] {processor.py:183} INFO - Processing /home/airflow/.local/lib/python3.10/site-packages/airflow/example_dags/example_display_name.py took 0.047 seconds
[2025-06-13T14:52:20.116+0000] {processor.py:161} INFO - Started process (PID=978) to work on /home/airflow/.local/lib/python3.10/site-packages/airflow/example_dags/example_display_name.py
[2025-06-13T14:52:20.117+0000] {processor.py:830} INFO - Processing file /home/airflow/.local/lib/python3.10/site-packages/airflow/example_dags/example_display_name.py for tasks to queue
[2025-06-13T14:52:20.118+0000] {logging_mixin.py:188} INFO - [2025-06-13T14:52:20.118+0000] {dagbag.py:540} INFO - Filling up the DagBag from /home/airflow/.local/lib/python3.10/site-packages/airflow/example_dags/example_display_name.py
[2025-06-13T14:52:20.122+0000] {processor.py:840} INFO - DAG(s) 'example_display_name' retrieved from /home/airflow/.local/lib/python3.10/site-packages/airflow/example_dags/example_display_name.py
[2025-06-13T14:52:20.134+0000] {logging_mixin.py:188} INFO - [2025-06-13T14:52:20.133+0000] {dag.py:3096} INFO - Sync 1 DAGs
[2025-06-13T14:52:20.142+0000] {logging_mixin.py:188} INFO - [2025-06-13T14:52:20.142+0000] {dag.py:3954} INFO - Setting next_dagrun for example_display_name to None, run_after=None
[2025-06-13T14:52:20.159+0000] {processor.py:183} INFO - Processing /home/airflow/.local/lib/python3.10/site-packages/airflow/example_dags/example_display_name.py took 0.049 seconds
[2025-06-13T14:52:50.290+0000] {processor.py:161} INFO - Started process (PID=1038) to work on /home/airflow/.local/lib/python3.10/site-packages/airflow/example_dags/example_display_name.py
[2025-06-13T14:52:50.291+0000] {processor.py:830} INFO - Processing file /home/airflow/.local/lib/python3.10/site-packages/airflow/example_dags/example_display_name.py for tasks to queue
[2025-06-13T14:52:50.292+0000] {logging_mixin.py:188} INFO - [2025-06-13T14:52:50.292+0000] {dagbag.py:540} INFO - Filling up the DagBag from /home/airflow/.local/lib/python3.10/site-packages/airflow/example_dags/example_display_name.py
[2025-06-13T14:52:50.295+0000] {processor.py:840} INFO - DAG(s) 'example_display_name' retrieved from /home/airflow/.local/lib/python3.10/site-packages/airflow/example_dags/example_display_name.py
[2025-06-13T14:52:50.305+0000] {logging_mixin.py:188} INFO - [2025-06-13T14:52:50.305+0000] {dag.py:3096} INFO - Sync 1 DAGs
[2025-06-13T14:52:50.311+0000] {logging_mixin.py:188} INFO - [2025-06-13T14:52:50.311+0000] {dag.py:3954} INFO - Setting next_dagrun for example_display_name to None, run_after=None
[2025-06-13T14:52:50.319+0000] {processor.py:183} INFO - Processing /home/airflow/.local/lib/python3.10/site-packages/airflow/example_dags/example_display_name.py took 0.032 seconds
[2025-06-13T14:53:20.827+0000] {processor.py:161} INFO - Started process (PID=1098) to work on /home/airflow/.local/lib/python3.10/site-packages/airflow/example_dags/example_display_name.py
[2025-06-13T14:53:20.827+0000] {processor.py:830} INFO - Processing file /home/airflow/.local/lib/python3.10/site-packages/airflow/example_dags/example_display_name.py for tasks to queue
[2025-06-13T14:53:20.828+0000] {logging_mixin.py:188} INFO - [2025-06-13T14:53:20.828+0000] {dagbag.py:540} INFO - Filling up the DagBag from /home/airflow/.local/lib/python3.10/site-packages/airflow/example_dags/example_display_name.py
[2025-06-13T14:53:20.831+0000] {processor.py:840} INFO - DAG(s) 'example_display_name' retrieved from /home/airflow/.local/lib/python3.10/site-packages/airflow/example_dags/example_display_name.py
[2025-06-13T14:53:20.842+0000] {logging_mixin.py:188} INFO - [2025-06-13T14:53:20.842+0000] {dag.py:3096} INFO - Sync 1 DAGs
[2025-06-13T14:53:20.848+0000] {logging_mixin.py:188} INFO - [2025-06-13T14:53:20.848+0000] {dag.py:3954} INFO - Setting next_dagrun for example_display_name to None, run_after=None
[2025-06-13T14:53:20.856+0000] {processor.py:183} INFO - Processing /home/airflow/.local/lib/python3.10/site-packages/airflow/example_dags/example_display_name.py took 0.033 seconds
[2025-06-13T14:53:51.393+0000] {processor.py:161} INFO - Started process (PID=1158) to work on /home/airflow/.local/lib/python3.10/site-packages/airflow/example_dags/example_display_name.py
[2025-06-13T14:53:51.394+0000] {processor.py:830} INFO - Processing file /home/airflow/.local/lib/python3.10/site-packages/airflow/example_dags/example_display_name.py for tasks to queue
[2025-06-13T14:53:51.395+0000] {logging_mixin.py:188} INFO - [2025-06-13T14:53:51.395+0000] {dagbag.py:540} INFO - Filling up the DagBag from /home/airflow/.local/lib/python3.10/site-packages/airflow/example_dags/example_display_name.py
[2025-06-13T14:53:51.401+0000] {processor.py:840} INFO - DAG(s) 'example_display_name' retrieved from /home/airflow/.local/lib/python3.10/site-packages/airflow/example_dags/example_display_name.py
[2025-06-13T14:53:51.419+0000] {logging_mixin.py:188} INFO - [2025-06-13T14:53:51.419+0000] {dag.py:3096} INFO - Sync 1 DAGs
[2025-06-13T14:53:51.427+0000] {logging_mixin.py:188} INFO - [2025-06-13T14:53:51.427+0000] {dag.py:3954} INFO - Setting next_dagrun for example_display_name to None, run_after=None
[2025-06-13T14:53:51.445+0000] {processor.py:183} INFO - Processing /home/airflow/.local/lib/python3.10/site-packages/airflow/example_dags/example_display_name.py took 0.057 seconds
[2025-06-13T14:54:22.231+0000] {processor.py:161} INFO - Started process (PID=1218) to work on /home/airflow/.local/lib/python3.10/site-packages/airflow/example_dags/example_display_name.py
[2025-06-13T14:54:22.232+0000] {processor.py:830} INFO - Processing file /home/airflow/.local/lib/python3.10/site-packages/airflow/example_dags/example_display_name.py for tasks to queue
[2025-06-13T14:54:22.233+0000] {logging_mixin.py:188} INFO - [2025-06-13T14:54:22.233+0000] {dagbag.py:540} INFO - Filling up the DagBag from /home/airflow/.local/lib/python3.10/site-packages/airflow/example_dags/example_display_name.py
[2025-06-13T14:54:22.237+0000] {processor.py:840} INFO - DAG(s) 'example_display_name' retrieved from /home/airflow/.local/lib/python3.10/site-packages/airflow/example_dags/example_display_name.py
[2025-06-13T14:54:22.250+0000] {logging_mixin.py:188} INFO - [2025-06-13T14:54:22.250+0000] {dag.py:3096} INFO - Sync 1 DAGs
[2025-06-13T14:54:22.257+0000] {logging_mixin.py:188} INFO - [2025-06-13T14:54:22.257+0000] {dag.py:3954} INFO - Setting next_dagrun for example_display_name to None, run_after=None
[2025-06-13T14:54:22.271+0000] {processor.py:183} INFO - Processing /home/airflow/.local/lib/python3.10/site-packages/airflow/example_dags/example_display_name.py took 0.045 seconds
[2025-06-13T14:54:52.341+0000] {processor.py:161} INFO - Started process (PID=1278) to work on /home/airflow/.local/lib/python3.10/site-packages/airflow/example_dags/example_display_name.py
[2025-06-13T14:54:52.343+0000] {processor.py:830} INFO - Processing file /home/airflow/.local/lib/python3.10/site-packages/airflow/example_dags/example_display_name.py for tasks to queue
[2025-06-13T14:54:52.344+0000] {logging_mixin.py:188} INFO - [2025-06-13T14:54:52.343+0000] {dagbag.py:540} INFO - Filling up the DagBag from /home/airflow/.local/lib/python3.10/site-packages/airflow/example_dags/example_display_name.py
[2025-06-13T14:54:52.349+0000] {processor.py:840} INFO - DAG(s) 'example_display_name' retrieved from /home/airflow/.local/lib/python3.10/site-packages/airflow/example_dags/example_display_name.py
[2025-06-13T14:54:52.364+0000] {logging_mixin.py:188} INFO - [2025-06-13T14:54:52.363+0000] {dag.py:3096} INFO - Sync 1 DAGs
[2025-06-13T14:54:52.383+0000] {logging_mixin.py:188} INFO - [2025-06-13T14:54:52.383+0000] {dag.py:3954} INFO - Setting next_dagrun for example_display_name to None, run_after=None
[2025-06-13T14:54:52.395+0000] {processor.py:183} INFO - Processing /home/airflow/.local/lib/python3.10/site-packages/airflow/example_dags/example_display_name.py took 0.058 seconds
[2025-06-13T14:55:22.766+0000] {processor.py:161} INFO - Started process (PID=1338) to work on /home/airflow/.local/lib/python3.10/site-packages/airflow/example_dags/example_display_name.py
[2025-06-13T14:55:22.767+0000] {processor.py:830} INFO - Processing file /home/airflow/.local/lib/python3.10/site-packages/airflow/example_dags/example_display_name.py for tasks to queue
[2025-06-13T14:55:22.768+0000] {logging_mixin.py:188} INFO - [2025-06-13T14:55:22.768+0000] {dagbag.py:540} INFO - Filling up the DagBag from /home/airflow/.local/lib/python3.10/site-packages/airflow/example_dags/example_display_name.py
[2025-06-13T14:55:22.772+0000] {processor.py:840} INFO - DAG(s) 'example_display_name' retrieved from /home/airflow/.local/lib/python3.10/site-packages/airflow/example_dags/example_display_name.py
[2025-06-13T14:55:22.782+0000] {logging_mixin.py:188} INFO - [2025-06-13T14:55:22.782+0000] {dag.py:3096} INFO - Sync 1 DAGs
[2025-06-13T14:55:22.788+0000] {logging_mixin.py:188} INFO - [2025-06-13T14:55:22.788+0000] {dag.py:3954} INFO - Setting next_dagrun for example_display_name to None, run_after=None
[2025-06-13T14:55:22.801+0000] {processor.py:183} INFO - Processing /home/airflow/.local/lib/python3.10/site-packages/airflow/example_dags/example_display_name.py took 0.039 seconds
[2025-06-13T14:55:53.003+0000] {processor.py:161} INFO - Started process (PID=1398) to work on /home/airflow/.local/lib/python3.10/site-packages/airflow/example_dags/example_display_name.py
[2025-06-13T14:55:53.004+0000] {processor.py:830} INFO - Processing file /home/airflow/.local/lib/python3.10/site-packages/airflow/example_dags/example_display_name.py for tasks to queue
[2025-06-13T14:55:53.005+0000] {logging_mixin.py:188} INFO - [2025-06-13T14:55:53.005+0000] {dagbag.py:540} INFO - Filling up the DagBag from /home/airflow/.local/lib/python3.10/site-packages/airflow/example_dags/example_display_name.py
[2025-06-13T14:55:53.009+0000] {processor.py:840} INFO - DAG(s) 'example_display_name' retrieved from /home/airflow/.local/lib/python3.10/site-packages/airflow/example_dags/example_display_name.py
[2025-06-13T14:55:53.021+0000] {logging_mixin.py:188} INFO - [2025-06-13T14:55:53.021+0000] {dag.py:3096} INFO - Sync 1 DAGs
[2025-06-13T14:55:53.027+0000] {logging_mixin.py:188} INFO - [2025-06-13T14:55:53.027+0000] {dag.py:3954} INFO - Setting next_dagrun for example_display_name to None, run_after=None
[2025-06-13T14:55:53.037+0000] {processor.py:183} INFO - Processing /home/airflow/.local/lib/python3.10/site-packages/airflow/example_dags/example_display_name.py took 0.037 seconds
[2025-06-13T14:56:23.425+0000] {processor.py:161} INFO - Started process (PID=1458) to work on /home/airflow/.local/lib/python3.10/site-packages/airflow/example_dags/example_display_name.py
[2025-06-13T14:56:23.426+0000] {processor.py:830} INFO - Processing file /home/airflow/.local/lib/python3.10/site-packages/airflow/example_dags/example_display_name.py for tasks to queue
[2025-06-13T14:56:23.428+0000] {logging_mixin.py:188} INFO - [2025-06-13T14:56:23.427+0000] {dagbag.py:540} INFO - Filling up the DagBag from /home/airflow/.local/lib/python3.10/site-packages/airflow/example_dags/example_display_name.py
[2025-06-13T14:56:23.431+0000] {processor.py:840} INFO - DAG(s) 'example_display_name' retrieved from /home/airflow/.local/lib/python3.10/site-packages/airflow/example_dags/example_display_name.py
[2025-06-13T14:56:23.442+0000] {logging_mixin.py:188} INFO - [2025-06-13T14:56:23.442+0000] {dag.py:3096} INFO - Sync 1 DAGs
[2025-06-13T14:56:23.450+0000] {logging_mixin.py:188} INFO - [2025-06-13T14:56:23.450+0000] {dag.py:3954} INFO - Setting next_dagrun for example_display_name to None, run_after=None
[2025-06-13T14:56:23.460+0000] {processor.py:183} INFO - Processing /home/airflow/.local/lib/python3.10/site-packages/airflow/example_dags/example_display_name.py took 0.039 seconds
[2025-06-13T14:56:54.416+0000] {processor.py:161} INFO - Started process (PID=1518) to work on /home/airflow/.local/lib/python3.10/site-packages/airflow/example_dags/example_display_name.py
[2025-06-13T14:56:54.417+0000] {processor.py:830} INFO - Processing file /home/airflow/.local/lib/python3.10/site-packages/airflow/example_dags/example_display_name.py for tasks to queue
[2025-06-13T14:56:54.418+0000] {logging_mixin.py:188} INFO - [2025-06-13T14:56:54.418+0000] {dagbag.py:540} INFO - Filling up the DagBag from /home/airflow/.local/lib/python3.10/site-packages/airflow/example_dags/example_display_name.py
[2025-06-13T14:56:54.422+0000] {processor.py:840} INFO - DAG(s) 'example_display_name' retrieved from /home/airflow/.local/lib/python3.10/site-packages/airflow/example_dags/example_display_name.py
[2025-06-13T14:56:54.433+0000] {logging_mixin.py:188} INFO - [2025-06-13T14:56:54.433+0000] {dag.py:3096} INFO - Sync 1 DAGs
[2025-06-13T14:56:54.439+0000] {logging_mixin.py:188} INFO - [2025-06-13T14:56:54.439+0000] {dag.py:3954} INFO - Setting next_dagrun for example_display_name to None, run_after=None
[2025-06-13T14:56:54.447+0000] {processor.py:183} INFO - Processing /home/airflow/.local/lib/python3.10/site-packages/airflow/example_dags/example_display_name.py took 0.035 seconds
[2025-06-13T14:57:24.641+0000] {processor.py:161} INFO - Started process (PID=1578) to work on /home/airflow/.local/lib/python3.10/site-packages/airflow/example_dags/example_display_name.py
[2025-06-13T14:57:24.642+0000] {processor.py:830} INFO - Processing file /home/airflow/.local/lib/python3.10/site-packages/airflow/example_dags/example_display_name.py for tasks to queue
[2025-06-13T14:57:24.643+0000] {logging_mixin.py:188} INFO - [2025-06-13T14:57:24.643+0000] {dagbag.py:540} INFO - Filling up the DagBag from /home/airflow/.local/lib/python3.10/site-packages/airflow/example_dags/example_display_name.py
[2025-06-13T14:57:24.650+0000] {processor.py:840} INFO - DAG(s) 'example_display_name' retrieved from /home/airflow/.local/lib/python3.10/site-packages/airflow/example_dags/example_display_name.py
[2025-06-13T14:57:24.703+0000] {logging_mixin.py:188} INFO - [2025-06-13T14:57:24.703+0000] {dag.py:3096} INFO - Sync 1 DAGs
[2025-06-13T14:57:24.714+0000] {logging_mixin.py:188} INFO - [2025-06-13T14:57:24.714+0000] {dag.py:3954} INFO - Setting next_dagrun for example_display_name to None, run_after=None
[2025-06-13T14:57:24.727+0000] {processor.py:183} INFO - Processing /home/airflow/.local/lib/python3.10/site-packages/airflow/example_dags/example_display_name.py took 0.090 seconds
[2025-06-13T14:57:55.181+0000] {processor.py:161} INFO - Started process (PID=1638) to work on /home/airflow/.local/lib/python3.10/site-packages/airflow/example_dags/example_display_name.py
[2025-06-13T14:57:55.183+0000] {processor.py:830} INFO - Processing file /home/airflow/.local/lib/python3.10/site-packages/airflow/example_dags/example_display_name.py for tasks to queue
[2025-06-13T14:57:55.184+0000] {logging_mixin.py:188} INFO - [2025-06-13T14:57:55.184+0000] {dagbag.py:540} INFO - Filling up the DagBag from /home/airflow/.local/lib/python3.10/site-packages/airflow/example_dags/example_display_name.py
[2025-06-13T14:57:55.190+0000] {processor.py:840} INFO - DAG(s) 'example_display_name' retrieved from /home/airflow/.local/lib/python3.10/site-packages/airflow/example_dags/example_display_name.py
[2025-06-13T14:57:55.214+0000] {logging_mixin.py:188} INFO - [2025-06-13T14:57:55.214+0000] {dag.py:3096} INFO - Sync 1 DAGs
[2025-06-13T14:57:55.224+0000] {logging_mixin.py:188} INFO - [2025-06-13T14:57:55.224+0000] {dag.py:3954} INFO - Setting next_dagrun for example_display_name to None, run_after=None
[2025-06-13T14:57:55.239+0000] {processor.py:183} INFO - Processing /home/airflow/.local/lib/python3.10/site-packages/airflow/example_dags/example_display_name.py took 0.068 seconds
[2025-06-13T14:58:26.282+0000] {processor.py:161} INFO - Started process (PID=1698) to work on /home/airflow/.local/lib/python3.10/site-packages/airflow/example_dags/example_display_name.py
[2025-06-13T14:58:26.283+0000] {processor.py:830} INFO - Processing file /home/airflow/.local/lib/python3.10/site-packages/airflow/example_dags/example_display_name.py for tasks to queue
[2025-06-13T14:58:26.284+0000] {logging_mixin.py:188} INFO - [2025-06-13T14:58:26.284+0000] {dagbag.py:540} INFO - Filling up the DagBag from /home/airflow/.local/lib/python3.10/site-packages/airflow/example_dags/example_display_name.py
[2025-06-13T14:58:26.288+0000] {processor.py:840} INFO - DAG(s) 'example_display_name' retrieved from /home/airflow/.local/lib/python3.10/site-packages/airflow/example_dags/example_display_name.py
[2025-06-13T14:58:26.301+0000] {logging_mixin.py:188} INFO - [2025-06-13T14:58:26.301+0000] {dag.py:3096} INFO - Sync 1 DAGs
[2025-06-13T14:58:26.315+0000] {logging_mixin.py:188} INFO - [2025-06-13T14:58:26.315+0000] {dag.py:3954} INFO - Setting next_dagrun for example_display_name to None, run_after=None
[2025-06-13T14:58:26.337+0000] {processor.py:183} INFO - Processing /home/airflow/.local/lib/python3.10/site-packages/airflow/example_dags/example_display_name.py took 0.060 seconds
[2025-06-13T14:58:56.716+0000] {processor.py:161} INFO - Started process (PID=1758) to work on /home/airflow/.local/lib/python3.10/site-packages/airflow/example_dags/example_display_name.py
[2025-06-13T14:58:56.717+0000] {processor.py:830} INFO - Processing file /home/airflow/.local/lib/python3.10/site-packages/airflow/example_dags/example_display_name.py for tasks to queue
[2025-06-13T14:58:56.718+0000] {logging_mixin.py:188} INFO - [2025-06-13T14:58:56.718+0000] {dagbag.py:540} INFO - Filling up the DagBag from /home/airflow/.local/lib/python3.10/site-packages/airflow/example_dags/example_display_name.py
[2025-06-13T14:58:56.722+0000] {processor.py:840} INFO - DAG(s) 'example_display_name' retrieved from /home/airflow/.local/lib/python3.10/site-packages/airflow/example_dags/example_display_name.py
[2025-06-13T14:58:56.734+0000] {logging_mixin.py:188} INFO - [2025-06-13T14:58:56.734+0000] {dag.py:3096} INFO - Sync 1 DAGs
[2025-06-13T14:58:56.743+0000] {logging_mixin.py:188} INFO - [2025-06-13T14:58:56.742+0000] {dag.py:3954} INFO - Setting next_dagrun for example_display_name to None, run_after=None
[2025-06-13T14:58:56.757+0000] {processor.py:183} INFO - Processing /home/airflow/.local/lib/python3.10/site-packages/airflow/example_dags/example_display_name.py took 0.045 seconds
[2025-06-13T14:59:27.051+0000] {processor.py:161} INFO - Started process (PID=1818) to work on /home/airflow/.local/lib/python3.10/site-packages/airflow/example_dags/example_display_name.py
[2025-06-13T14:59:27.053+0000] {processor.py:830} INFO - Processing file /home/airflow/.local/lib/python3.10/site-packages/airflow/example_dags/example_display_name.py for tasks to queue
[2025-06-13T14:59:27.055+0000] {logging_mixin.py:188} INFO - [2025-06-13T14:59:27.055+0000] {dagbag.py:540} INFO - Filling up the DagBag from /home/airflow/.local/lib/python3.10/site-packages/airflow/example_dags/example_display_name.py
[2025-06-13T14:59:27.064+0000] {processor.py:840} INFO - DAG(s) 'example_display_name' retrieved from /home/airflow/.local/lib/python3.10/site-packages/airflow/example_dags/example_display_name.py
[2025-06-13T14:59:27.078+0000] {logging_mixin.py:188} INFO - [2025-06-13T14:59:27.078+0000] {dag.py:3096} INFO - Sync 1 DAGs
[2025-06-13T14:59:27.086+0000] {logging_mixin.py:188} INFO - [2025-06-13T14:59:27.086+0000] {dag.py:3954} INFO - Setting next_dagrun for example_display_name to None, run_after=None
[2025-06-13T14:59:27.096+0000] {processor.py:183} INFO - Processing /home/airflow/.local/lib/python3.10/site-packages/airflow/example_dags/example_display_name.py took 0.049 seconds
[2025-06-13T14:59:57.858+0000] {processor.py:161} INFO - Started process (PID=1878) to work on /home/airflow/.local/lib/python3.10/site-packages/airflow/example_dags/example_display_name.py
[2025-06-13T14:59:57.859+0000] {processor.py:830} INFO - Processing file /home/airflow/.local/lib/python3.10/site-packages/airflow/example_dags/example_display_name.py for tasks to queue
[2025-06-13T14:59:57.860+0000] {logging_mixin.py:188} INFO - [2025-06-13T14:59:57.860+0000] {dagbag.py:540} INFO - Filling up the DagBag from /home/airflow/.local/lib/python3.10/site-packages/airflow/example_dags/example_display_name.py
[2025-06-13T14:59:57.864+0000] {processor.py:840} INFO - DAG(s) 'example_display_name' retrieved from /home/airflow/.local/lib/python3.10/site-packages/airflow/example_dags/example_display_name.py
[2025-06-13T14:59:57.875+0000] {logging_mixin.py:188} INFO - [2025-06-13T14:59:57.875+0000] {dag.py:3096} INFO - Sync 1 DAGs
[2025-06-13T14:59:57.886+0000] {logging_mixin.py:188} INFO - [2025-06-13T14:59:57.886+0000] {dag.py:3954} INFO - Setting next_dagrun for example_display_name to None, run_after=None
[2025-06-13T14:59:57.901+0000] {processor.py:183} INFO - Processing /home/airflow/.local/lib/python3.10/site-packages/airflow/example_dags/example_display_name.py took 0.047 seconds
[2025-06-13T15:00:28.261+0000] {processor.py:161} INFO - Started process (PID=1938) to work on /home/airflow/.local/lib/python3.10/site-packages/airflow/example_dags/example_display_name.py
[2025-06-13T15:00:28.262+0000] {processor.py:830} INFO - Processing file /home/airflow/.local/lib/python3.10/site-packages/airflow/example_dags/example_display_name.py for tasks to queue
[2025-06-13T15:00:28.263+0000] {logging_mixin.py:188} INFO - [2025-06-13T15:00:28.263+0000] {dagbag.py:540} INFO - Filling up the DagBag from /home/airflow/.local/lib/python3.10/site-packages/airflow/example_dags/example_display_name.py
[2025-06-13T15:00:28.266+0000] {processor.py:840} INFO - DAG(s) 'example_display_name' retrieved from /home/airflow/.local/lib/python3.10/site-packages/airflow/example_dags/example_display_name.py
[2025-06-13T15:00:28.276+0000] {logging_mixin.py:188} INFO - [2025-06-13T15:00:28.276+0000] {dag.py:3096} INFO - Sync 1 DAGs
[2025-06-13T15:00:28.282+0000] {logging_mixin.py:188} INFO - [2025-06-13T15:00:28.282+0000] {dag.py:3954} INFO - Setting next_dagrun for example_display_name to None, run_after=None
[2025-06-13T15:00:28.289+0000] {processor.py:183} INFO - Processing /home/airflow/.local/lib/python3.10/site-packages/airflow/example_dags/example_display_name.py took 0.032 seconds
[2025-06-13T15:00:58.983+0000] {processor.py:161} INFO - Started process (PID=1998) to work on /home/airflow/.local/lib/python3.10/site-packages/airflow/example_dags/example_display_name.py
[2025-06-13T15:00:58.984+0000] {processor.py:830} INFO - Processing file /home/airflow/.local/lib/python3.10/site-packages/airflow/example_dags/example_display_name.py for tasks to queue
[2025-06-13T15:00:58.985+0000] {logging_mixin.py:188} INFO - [2025-06-13T15:00:58.985+0000] {dagbag.py:540} INFO - Filling up the DagBag from /home/airflow/.local/lib/python3.10/site-packages/airflow/example_dags/example_display_name.py
[2025-06-13T15:00:58.989+0000] {processor.py:840} INFO - DAG(s) 'example_display_name' retrieved from /home/airflow/.local/lib/python3.10/site-packages/airflow/example_dags/example_display_name.py
[2025-06-13T15:00:59.000+0000] {logging_mixin.py:188} INFO - [2025-06-13T15:00:59.000+0000] {dag.py:3096} INFO - Sync 1 DAGs
[2025-06-13T15:00:59.007+0000] {logging_mixin.py:188} INFO - [2025-06-13T15:00:59.007+0000] {dag.py:3954} INFO - Setting next_dagrun for example_display_name to None, run_after=None
[2025-06-13T15:00:59.025+0000] {processor.py:183} INFO - Processing /home/airflow/.local/lib/python3.10/site-packages/airflow/example_dags/example_display_name.py took 0.047 seconds
[2025-06-13T15:01:29.355+0000] {processor.py:161} INFO - Started process (PID=2058) to work on /home/airflow/.local/lib/python3.10/site-packages/airflow/example_dags/example_display_name.py
[2025-06-13T15:01:29.357+0000] {processor.py:830} INFO - Processing file /home/airflow/.local/lib/python3.10/site-packages/airflow/example_dags/example_display_name.py for tasks to queue
[2025-06-13T15:01:29.359+0000] {logging_mixin.py:188} INFO - [2025-06-13T15:01:29.358+0000] {dagbag.py:540} INFO - Filling up the DagBag from /home/airflow/.local/lib/python3.10/site-packages/airflow/example_dags/example_display_name.py
[2025-06-13T15:01:29.364+0000] {processor.py:840} INFO - DAG(s) 'example_display_name' retrieved from /home/airflow/.local/lib/python3.10/site-packages/airflow/example_dags/example_display_name.py
[2025-06-13T15:01:29.381+0000] {logging_mixin.py:188} INFO - [2025-06-13T15:01:29.381+0000] {dag.py:3096} INFO - Sync 1 DAGs
[2025-06-13T15:01:29.389+0000] {logging_mixin.py:188} INFO - [2025-06-13T15:01:29.388+0000] {dag.py:3954} INFO - Setting next_dagrun for example_display_name to None, run_after=None
[2025-06-13T15:01:29.397+0000] {processor.py:183} INFO - Processing /home/airflow/.local/lib/python3.10/site-packages/airflow/example_dags/example_display_name.py took 0.046 seconds
[2025-06-13T15:01:59.651+0000] {processor.py:161} INFO - Started process (PID=2118) to work on /home/airflow/.local/lib/python3.10/site-packages/airflow/example_dags/example_display_name.py
[2025-06-13T15:01:59.652+0000] {processor.py:830} INFO - Processing file /home/airflow/.local/lib/python3.10/site-packages/airflow/example_dags/example_display_name.py for tasks to queue
[2025-06-13T15:01:59.654+0000] {logging_mixin.py:188} INFO - [2025-06-13T15:01:59.654+0000] {dagbag.py:540} INFO - Filling up the DagBag from /home/airflow/.local/lib/python3.10/site-packages/airflow/example_dags/example_display_name.py
[2025-06-13T15:01:59.662+0000] {processor.py:840} INFO - DAG(s) 'example_display_name' retrieved from /home/airflow/.local/lib/python3.10/site-packages/airflow/example_dags/example_display_name.py
[2025-06-13T15:01:59.676+0000] {logging_mixin.py:188} INFO - [2025-06-13T15:01:59.676+0000] {dag.py:3096} INFO - Sync 1 DAGs
[2025-06-13T15:01:59.683+0000] {logging_mixin.py:188} INFO - [2025-06-13T15:01:59.683+0000] {dag.py:3954} INFO - Setting next_dagrun for example_display_name to None, run_after=None
[2025-06-13T15:01:59.693+0000] {processor.py:183} INFO - Processing /home/airflow/.local/lib/python3.10/site-packages/airflow/example_dags/example_display_name.py took 0.049 seconds
[2025-06-13T15:02:30.071+0000] {processor.py:161} INFO - Started process (PID=2178) to work on /home/airflow/.local/lib/python3.10/site-packages/airflow/example_dags/example_display_name.py
[2025-06-13T15:02:30.072+0000] {processor.py:830} INFO - Processing file /home/airflow/.local/lib/python3.10/site-packages/airflow/example_dags/example_display_name.py for tasks to queue
[2025-06-13T15:02:30.074+0000] {logging_mixin.py:188} INFO - [2025-06-13T15:02:30.073+0000] {dagbag.py:540} INFO - Filling up the DagBag from /home/airflow/.local/lib/python3.10/site-packages/airflow/example_dags/example_display_name.py
[2025-06-13T15:02:30.077+0000] {processor.py:840} INFO - DAG(s) 'example_display_name' retrieved from /home/airflow/.local/lib/python3.10/site-packages/airflow/example_dags/example_display_name.py
[2025-06-13T15:02:30.089+0000] {logging_mixin.py:188} INFO - [2025-06-13T15:02:30.089+0000] {dag.py:3096} INFO - Sync 1 DAGs
[2025-06-13T15:02:30.095+0000] {logging_mixin.py:188} INFO - [2025-06-13T15:02:30.095+0000] {dag.py:3954} INFO - Setting next_dagrun for example_display_name to None, run_after=None
[2025-06-13T15:02:30.103+0000] {processor.py:183} INFO - Processing /home/airflow/.local/lib/python3.10/site-packages/airflow/example_dags/example_display_name.py took 0.037 seconds
[2025-06-13T15:03:00.800+0000] {processor.py:161} INFO - Started process (PID=2238) to work on /home/airflow/.local/lib/python3.10/site-packages/airflow/example_dags/example_display_name.py
[2025-06-13T15:03:00.802+0000] {processor.py:830} INFO - Processing file /home/airflow/.local/lib/python3.10/site-packages/airflow/example_dags/example_display_name.py for tasks to queue
[2025-06-13T15:03:00.804+0000] {logging_mixin.py:188} INFO - [2025-06-13T15:03:00.804+0000] {dagbag.py:540} INFO - Filling up the DagBag from /home/airflow/.local/lib/python3.10/site-packages/airflow/example_dags/example_display_name.py
[2025-06-13T15:03:00.810+0000] {processor.py:840} INFO - DAG(s) 'example_display_name' retrieved from /home/airflow/.local/lib/python3.10/site-packages/airflow/example_dags/example_display_name.py
[2025-06-13T15:03:00.831+0000] {logging_mixin.py:188} INFO - [2025-06-13T15:03:00.830+0000] {dag.py:3096} INFO - Sync 1 DAGs
[2025-06-13T15:03:00.841+0000] {logging_mixin.py:188} INFO - [2025-06-13T15:03:00.840+0000] {dag.py:3954} INFO - Setting next_dagrun for example_display_name to None, run_after=None
[2025-06-13T15:03:00.883+0000] {processor.py:183} INFO - Processing /home/airflow/.local/lib/python3.10/site-packages/airflow/example_dags/example_display_name.py took 0.088 seconds
[2025-06-13T15:03:31.160+0000] {processor.py:161} INFO - Started process (PID=2298) to work on /home/airflow/.local/lib/python3.10/site-packages/airflow/example_dags/example_display_name.py
[2025-06-13T15:03:31.161+0000] {processor.py:830} INFO - Processing file /home/airflow/.local/lib/python3.10/site-packages/airflow/example_dags/example_display_name.py for tasks to queue
[2025-06-13T15:03:31.163+0000] {logging_mixin.py:188} INFO - [2025-06-13T15:03:31.162+0000] {dagbag.py:540} INFO - Filling up the DagBag from /home/airflow/.local/lib/python3.10/site-packages/airflow/example_dags/example_display_name.py
[2025-06-13T15:03:31.167+0000] {processor.py:840} INFO - DAG(s) 'example_display_name' retrieved from /home/airflow/.local/lib/python3.10/site-packages/airflow/example_dags/example_display_name.py
[2025-06-13T15:03:31.180+0000] {logging_mixin.py:188} INFO - [2025-06-13T15:03:31.180+0000] {dag.py:3096} INFO - Sync 1 DAGs
[2025-06-13T15:03:31.188+0000] {logging_mixin.py:188} INFO - [2025-06-13T15:03:31.188+0000] {dag.py:3954} INFO - Setting next_dagrun for example_display_name to None, run_after=None
[2025-06-13T15:03:31.197+0000] {processor.py:183} INFO - Processing /home/airflow/.local/lib/python3.10/site-packages/airflow/example_dags/example_display_name.py took 0.045 seconds
[2025-06-13T15:04:02.157+0000] {processor.py:161} INFO - Started process (PID=2358) to work on /home/airflow/.local/lib/python3.10/site-packages/airflow/example_dags/example_display_name.py
[2025-06-13T15:04:02.158+0000] {processor.py:830} INFO - Processing file /home/airflow/.local/lib/python3.10/site-packages/airflow/example_dags/example_display_name.py for tasks to queue
[2025-06-13T15:04:02.159+0000] {logging_mixin.py:188} INFO - [2025-06-13T15:04:02.159+0000] {dagbag.py:540} INFO - Filling up the DagBag from /home/airflow/.local/lib/python3.10/site-packages/airflow/example_dags/example_display_name.py
[2025-06-13T15:04:02.164+0000] {processor.py:840} INFO - DAG(s) 'example_display_name' retrieved from /home/airflow/.local/lib/python3.10/site-packages/airflow/example_dags/example_display_name.py
[2025-06-13T15:04:02.179+0000] {logging_mixin.py:188} INFO - [2025-06-13T15:04:02.178+0000] {dag.py:3096} INFO - Sync 1 DAGs
[2025-06-13T15:04:02.187+0000] {logging_mixin.py:188} INFO - [2025-06-13T15:04:02.186+0000] {dag.py:3954} INFO - Setting next_dagrun for example_display_name to None, run_after=None
[2025-06-13T15:04:02.209+0000] {processor.py:183} INFO - Processing /home/airflow/.local/lib/python3.10/site-packages/airflow/example_dags/example_display_name.py took 0.057 seconds
[2025-06-13T15:04:32.301+0000] {processor.py:161} INFO - Started process (PID=2417) to work on /home/airflow/.local/lib/python3.10/site-packages/airflow/example_dags/example_display_name.py
[2025-06-13T15:04:32.304+0000] {processor.py:830} INFO - Processing file /home/airflow/.local/lib/python3.10/site-packages/airflow/example_dags/example_display_name.py for tasks to queue
[2025-06-13T15:04:32.308+0000] {logging_mixin.py:188} INFO - [2025-06-13T15:04:32.308+0000] {dagbag.py:540} INFO - Filling up the DagBag from /home/airflow/.local/lib/python3.10/site-packages/airflow/example_dags/example_display_name.py
[2025-06-13T15:04:32.334+0000] {processor.py:840} INFO - DAG(s) 'example_display_name' retrieved from /home/airflow/.local/lib/python3.10/site-packages/airflow/example_dags/example_display_name.py
[2025-06-13T15:04:32.362+0000] {logging_mixin.py:188} INFO - [2025-06-13T15:04:32.362+0000] {dag.py:3096} INFO - Sync 1 DAGs
[2025-06-13T15:04:32.375+0000] {logging_mixin.py:188} INFO - [2025-06-13T15:04:32.375+0000] {dag.py:3954} INFO - Setting next_dagrun for example_display_name to None, run_after=None
[2025-06-13T15:04:32.391+0000] {processor.py:183} INFO - Processing /home/airflow/.local/lib/python3.10/site-packages/airflow/example_dags/example_display_name.py took 0.101 seconds
[2025-06-13T15:05:02.963+0000] {processor.py:161} INFO - Started process (PID=2478) to work on /home/airflow/.local/lib/python3.10/site-packages/airflow/example_dags/example_display_name.py
[2025-06-13T15:05:02.964+0000] {processor.py:830} INFO - Processing file /home/airflow/.local/lib/python3.10/site-packages/airflow/example_dags/example_display_name.py for tasks to queue
[2025-06-13T15:05:02.965+0000] {logging_mixin.py:188} INFO - [2025-06-13T15:05:02.965+0000] {dagbag.py:540} INFO - Filling up the DagBag from /home/airflow/.local/lib/python3.10/site-packages/airflow/example_dags/example_display_name.py
[2025-06-13T15:05:02.969+0000] {processor.py:840} INFO - DAG(s) 'example_display_name' retrieved from /home/airflow/.local/lib/python3.10/site-packages/airflow/example_dags/example_display_name.py
[2025-06-13T15:05:02.985+0000] {logging_mixin.py:188} INFO - [2025-06-13T15:05:02.984+0000] {dag.py:3096} INFO - Sync 1 DAGs
[2025-06-13T15:05:02.993+0000] {logging_mixin.py:188} INFO - [2025-06-13T15:05:02.993+0000] {dag.py:3954} INFO - Setting next_dagrun for example_display_name to None, run_after=None
[2025-06-13T15:05:03.005+0000] {processor.py:183} INFO - Processing /home/airflow/.local/lib/python3.10/site-packages/airflow/example_dags/example_display_name.py took 0.049 seconds
