[2025-06-13T14:33:24.313+0000] {processor.py:161} INFO - Started process (PID=58) to work on /home/airflow/.local/lib/python3.10/site-packages/airflow/example_dags/example_params_trigger_ui.py
[2025-06-13T14:33:24.314+0000] {processor.py:830} INFO - Processing file /home/airflow/.local/lib/python3.10/site-packages/airflow/example_dags/example_params_trigger_ui.py for tasks to queue
[2025-06-13T14:33:24.316+0000] {logging_mixin.py:188} INFO - [2025-06-13T14:33:24.315+0000] {dagbag.py:540} INFO - Filling up the DagBag from /home/airflow/.local/lib/python3.10/site-packages/airflow/example_dags/example_params_trigger_ui.py
[2025-06-13T14:33:24.333+0000] {processor.py:840} INFO - DAG(s) 'example_params_trigger_ui' retrieved from /home/airflow/.local/lib/python3.10/site-packages/airflow/example_dags/example_params_trigger_ui.py
[2025-06-13T14:33:24.366+0000] {logging_mixin.py:188} INFO - [2025-06-13T14:33:24.365+0000] {dag.py:3096} INFO - Sync 1 DAGs
[2025-06-13T14:33:24.380+0000] {logging_mixin.py:188} INFO - [2025-06-13T14:33:24.380+0000] {dag.py:3954} INFO - Setting next_dagrun for example_params_trigger_ui to None, run_after=None
[2025-06-13T14:33:24.401+0000] {processor.py:183} INFO - Processing /home/airflow/.local/lib/python3.10/site-packages/airflow/example_dags/example_params_trigger_ui.py took 0.093 seconds
[2025-06-13T14:33:54.554+0000] {processor.py:161} INFO - Started process (PID=115) to work on /home/airflow/.local/lib/python3.10/site-packages/airflow/example_dags/example_params_trigger_ui.py
[2025-06-13T14:33:54.558+0000] {processor.py:830} INFO - Processing file /home/airflow/.local/lib/python3.10/site-packages/airflow/example_dags/example_params_trigger_ui.py for tasks to queue
[2025-06-13T14:33:54.559+0000] {logging_mixin.py:188} INFO - [2025-06-13T14:33:54.559+0000] {dagbag.py:540} INFO - Filling up the DagBag from /home/airflow/.local/lib/python3.10/site-packages/airflow/example_dags/example_params_trigger_ui.py
[2025-06-13T14:33:54.566+0000] {processor.py:840} INFO - DAG(s) 'example_params_trigger_ui' retrieved from /home/airflow/.local/lib/python3.10/site-packages/airflow/example_dags/example_params_trigger_ui.py
[2025-06-13T14:33:54.624+0000] {logging_mixin.py:188} INFO - [2025-06-13T14:33:54.624+0000] {dag.py:3096} INFO - Sync 1 DAGs
[2025-06-13T14:33:54.630+0000] {logging_mixin.py:188} INFO - [2025-06-13T14:33:54.629+0000] {dag.py:3954} INFO - Setting next_dagrun for example_params_trigger_ui to None, run_after=None
[2025-06-13T14:33:54.644+0000] {processor.py:183} INFO - Processing /home/airflow/.local/lib/python3.10/site-packages/airflow/example_dags/example_params_trigger_ui.py took 0.093 seconds
[2025-06-13T14:34:25.367+0000] {processor.py:161} INFO - Started process (PID=173) to work on /home/airflow/.local/lib/python3.10/site-packages/airflow/example_dags/example_params_trigger_ui.py
[2025-06-13T14:34:25.369+0000] {processor.py:830} INFO - Processing file /home/airflow/.local/lib/python3.10/site-packages/airflow/example_dags/example_params_trigger_ui.py for tasks to queue
[2025-06-13T14:34:25.370+0000] {logging_mixin.py:188} INFO - [2025-06-13T14:34:25.370+0000] {dagbag.py:540} INFO - Filling up the DagBag from /home/airflow/.local/lib/python3.10/site-packages/airflow/example_dags/example_params_trigger_ui.py
[2025-06-13T14:34:25.378+0000] {processor.py:840} INFO - DAG(s) 'example_params_trigger_ui' retrieved from /home/airflow/.local/lib/python3.10/site-packages/airflow/example_dags/example_params_trigger_ui.py
[2025-06-13T14:34:25.403+0000] {logging_mixin.py:188} INFO - [2025-06-13T14:34:25.402+0000] {dag.py:3096} INFO - Sync 1 DAGs
[2025-06-13T14:34:25.409+0000] {logging_mixin.py:188} INFO - [2025-06-13T14:34:25.408+0000] {dag.py:3954} INFO - Setting next_dagrun for example_params_trigger_ui to None, run_after=None
[2025-06-13T14:34:25.422+0000] {processor.py:183} INFO - Processing /home/airflow/.local/lib/python3.10/site-packages/airflow/example_dags/example_params_trigger_ui.py took 0.059 seconds
[2025-06-13T14:34:55.775+0000] {processor.py:161} INFO - Started process (PID=231) to work on /home/airflow/.local/lib/python3.10/site-packages/airflow/example_dags/example_params_trigger_ui.py
[2025-06-13T14:34:55.776+0000] {processor.py:830} INFO - Processing file /home/airflow/.local/lib/python3.10/site-packages/airflow/example_dags/example_params_trigger_ui.py for tasks to queue
[2025-06-13T14:34:55.778+0000] {logging_mixin.py:188} INFO - [2025-06-13T14:34:55.778+0000] {dagbag.py:540} INFO - Filling up the DagBag from /home/airflow/.local/lib/python3.10/site-packages/airflow/example_dags/example_params_trigger_ui.py
[2025-06-13T14:34:55.787+0000] {processor.py:840} INFO - DAG(s) 'example_params_trigger_ui' retrieved from /home/airflow/.local/lib/python3.10/site-packages/airflow/example_dags/example_params_trigger_ui.py
[2025-06-13T14:34:55.809+0000] {logging_mixin.py:188} INFO - [2025-06-13T14:34:55.809+0000] {dag.py:3096} INFO - Sync 1 DAGs
[2025-06-13T14:34:55.816+0000] {logging_mixin.py:188} INFO - [2025-06-13T14:34:55.816+0000] {dag.py:3954} INFO - Setting next_dagrun for example_params_trigger_ui to None, run_after=None
[2025-06-13T14:34:55.826+0000] {processor.py:183} INFO - Processing /home/airflow/.local/lib/python3.10/site-packages/airflow/example_dags/example_params_trigger_ui.py took 0.055 seconds
[2025-06-13T14:35:26.433+0000] {processor.py:161} INFO - Started process (PID=289) to work on /home/airflow/.local/lib/python3.10/site-packages/airflow/example_dags/example_params_trigger_ui.py
[2025-06-13T14:35:26.435+0000] {processor.py:830} INFO - Processing file /home/airflow/.local/lib/python3.10/site-packages/airflow/example_dags/example_params_trigger_ui.py for tasks to queue
[2025-06-13T14:35:26.436+0000] {logging_mixin.py:188} INFO - [2025-06-13T14:35:26.436+0000] {dagbag.py:540} INFO - Filling up the DagBag from /home/airflow/.local/lib/python3.10/site-packages/airflow/example_dags/example_params_trigger_ui.py
[2025-06-13T14:35:26.444+0000] {processor.py:840} INFO - DAG(s) 'example_params_trigger_ui' retrieved from /home/airflow/.local/lib/python3.10/site-packages/airflow/example_dags/example_params_trigger_ui.py
[2025-06-13T14:35:26.472+0000] {logging_mixin.py:188} INFO - [2025-06-13T14:35:26.472+0000] {dag.py:3096} INFO - Sync 1 DAGs
[2025-06-13T14:35:26.478+0000] {logging_mixin.py:188} INFO - [2025-06-13T14:35:26.478+0000] {dag.py:3954} INFO - Setting next_dagrun for example_params_trigger_ui to None, run_after=None
[2025-06-13T14:35:26.492+0000] {processor.py:183} INFO - Processing /home/airflow/.local/lib/python3.10/site-packages/airflow/example_dags/example_params_trigger_ui.py took 0.063 seconds
[2025-06-13T14:35:57.888+0000] {processor.py:161} INFO - Started process (PID=353) to work on /home/airflow/.local/lib/python3.10/site-packages/airflow/example_dags/example_params_trigger_ui.py
[2025-06-13T14:35:57.890+0000] {processor.py:830} INFO - Processing file /home/airflow/.local/lib/python3.10/site-packages/airflow/example_dags/example_params_trigger_ui.py for tasks to queue
[2025-06-13T14:35:57.892+0000] {logging_mixin.py:188} INFO - [2025-06-13T14:35:57.892+0000] {dagbag.py:540} INFO - Filling up the DagBag from /home/airflow/.local/lib/python3.10/site-packages/airflow/example_dags/example_params_trigger_ui.py
[2025-06-13T14:35:57.918+0000] {processor.py:840} INFO - DAG(s) 'example_params_trigger_ui' retrieved from /home/airflow/.local/lib/python3.10/site-packages/airflow/example_dags/example_params_trigger_ui.py
[2025-06-13T14:35:57.955+0000] {logging_mixin.py:188} INFO - [2025-06-13T14:35:57.955+0000] {dag.py:3096} INFO - Sync 1 DAGs
[2025-06-13T14:35:57.966+0000] {logging_mixin.py:188} INFO - [2025-06-13T14:35:57.966+0000] {dag.py:3954} INFO - Setting next_dagrun for example_params_trigger_ui to None, run_after=None
[2025-06-13T14:35:57.976+0000] {processor.py:183} INFO - Processing /home/airflow/.local/lib/python3.10/site-packages/airflow/example_dags/example_params_trigger_ui.py took 0.095 seconds
[2025-06-13T14:36:28.565+0000] {processor.py:161} INFO - Started process (PID=411) to work on /home/airflow/.local/lib/python3.10/site-packages/airflow/example_dags/example_params_trigger_ui.py
[2025-06-13T14:36:28.566+0000] {processor.py:830} INFO - Processing file /home/airflow/.local/lib/python3.10/site-packages/airflow/example_dags/example_params_trigger_ui.py for tasks to queue
[2025-06-13T14:36:28.567+0000] {logging_mixin.py:188} INFO - [2025-06-13T14:36:28.567+0000] {dagbag.py:540} INFO - Filling up the DagBag from /home/airflow/.local/lib/python3.10/site-packages/airflow/example_dags/example_params_trigger_ui.py
[2025-06-13T14:36:28.574+0000] {processor.py:840} INFO - DAG(s) 'example_params_trigger_ui' retrieved from /home/airflow/.local/lib/python3.10/site-packages/airflow/example_dags/example_params_trigger_ui.py
[2025-06-13T14:36:28.595+0000] {logging_mixin.py:188} INFO - [2025-06-13T14:36:28.595+0000] {dag.py:3096} INFO - Sync 1 DAGs
[2025-06-13T14:36:28.608+0000] {logging_mixin.py:188} INFO - [2025-06-13T14:36:28.607+0000] {dag.py:3954} INFO - Setting next_dagrun for example_params_trigger_ui to None, run_after=None
[2025-06-13T14:36:28.619+0000] {processor.py:183} INFO - Processing /home/airflow/.local/lib/python3.10/site-packages/airflow/example_dags/example_params_trigger_ui.py took 0.057 seconds
[2025-06-13T14:36:58.957+0000] {processor.py:161} INFO - Started process (PID=469) to work on /home/airflow/.local/lib/python3.10/site-packages/airflow/example_dags/example_params_trigger_ui.py
[2025-06-13T14:36:58.957+0000] {processor.py:830} INFO - Processing file /home/airflow/.local/lib/python3.10/site-packages/airflow/example_dags/example_params_trigger_ui.py for tasks to queue
[2025-06-13T14:36:58.958+0000] {logging_mixin.py:188} INFO - [2025-06-13T14:36:58.958+0000] {dagbag.py:540} INFO - Filling up the DagBag from /home/airflow/.local/lib/python3.10/site-packages/airflow/example_dags/example_params_trigger_ui.py
[2025-06-13T14:36:58.966+0000] {processor.py:840} INFO - DAG(s) 'example_params_trigger_ui' retrieved from /home/airflow/.local/lib/python3.10/site-packages/airflow/example_dags/example_params_trigger_ui.py
[2025-06-13T14:36:58.989+0000] {logging_mixin.py:188} INFO - [2025-06-13T14:36:58.989+0000] {dag.py:3096} INFO - Sync 1 DAGs
[2025-06-13T14:36:58.998+0000] {logging_mixin.py:188} INFO - [2025-06-13T14:36:58.998+0000] {dag.py:3954} INFO - Setting next_dagrun for example_params_trigger_ui to None, run_after=None
[2025-06-13T14:36:59.008+0000] {processor.py:183} INFO - Processing /home/airflow/.local/lib/python3.10/site-packages/airflow/example_dags/example_params_trigger_ui.py took 0.056 seconds
[2025-06-13T14:37:29.655+0000] {processor.py:161} INFO - Started process (PID=527) to work on /home/airflow/.local/lib/python3.10/site-packages/airflow/example_dags/example_params_trigger_ui.py
[2025-06-13T14:37:29.656+0000] {processor.py:830} INFO - Processing file /home/airflow/.local/lib/python3.10/site-packages/airflow/example_dags/example_params_trigger_ui.py for tasks to queue
[2025-06-13T14:37:29.658+0000] {logging_mixin.py:188} INFO - [2025-06-13T14:37:29.658+0000] {dagbag.py:540} INFO - Filling up the DagBag from /home/airflow/.local/lib/python3.10/site-packages/airflow/example_dags/example_params_trigger_ui.py
[2025-06-13T14:37:29.669+0000] {processor.py:840} INFO - DAG(s) 'example_params_trigger_ui' retrieved from /home/airflow/.local/lib/python3.10/site-packages/airflow/example_dags/example_params_trigger_ui.py
[2025-06-13T14:37:29.699+0000] {logging_mixin.py:188} INFO - [2025-06-13T14:37:29.699+0000] {dag.py:3096} INFO - Sync 1 DAGs
[2025-06-13T14:37:29.707+0000] {logging_mixin.py:188} INFO - [2025-06-13T14:37:29.707+0000] {dag.py:3954} INFO - Setting next_dagrun for example_params_trigger_ui to None, run_after=None
[2025-06-13T14:37:29.719+0000] {processor.py:183} INFO - Processing /home/airflow/.local/lib/python3.10/site-packages/airflow/example_dags/example_params_trigger_ui.py took 0.070 seconds
[2025-06-13T14:38:00.009+0000] {processor.py:161} INFO - Started process (PID=585) to work on /home/airflow/.local/lib/python3.10/site-packages/airflow/example_dags/example_params_trigger_ui.py
[2025-06-13T14:38:00.012+0000] {processor.py:830} INFO - Processing file /home/airflow/.local/lib/python3.10/site-packages/airflow/example_dags/example_params_trigger_ui.py for tasks to queue
[2025-06-13T14:38:00.014+0000] {logging_mixin.py:188} INFO - [2025-06-13T14:38:00.013+0000] {dagbag.py:540} INFO - Filling up the DagBag from /home/airflow/.local/lib/python3.10/site-packages/airflow/example_dags/example_params_trigger_ui.py
[2025-06-13T14:38:00.025+0000] {processor.py:840} INFO - DAG(s) 'example_params_trigger_ui' retrieved from /home/airflow/.local/lib/python3.10/site-packages/airflow/example_dags/example_params_trigger_ui.py
[2025-06-13T14:38:00.057+0000] {logging_mixin.py:188} INFO - [2025-06-13T14:38:00.056+0000] {dag.py:3096} INFO - Sync 1 DAGs
[2025-06-13T14:38:00.064+0000] {logging_mixin.py:188} INFO - [2025-06-13T14:38:00.064+0000] {dag.py:3954} INFO - Setting next_dagrun for example_params_trigger_ui to None, run_after=None
[2025-06-13T14:38:00.075+0000] {processor.py:183} INFO - Processing /home/airflow/.local/lib/python3.10/site-packages/airflow/example_dags/example_params_trigger_ui.py took 0.072 seconds
[2025-06-13T14:38:30.604+0000] {processor.py:161} INFO - Started process (PID=645) to work on /home/airflow/.local/lib/python3.10/site-packages/airflow/example_dags/example_params_trigger_ui.py
[2025-06-13T14:38:30.605+0000] {processor.py:830} INFO - Processing file /home/airflow/.local/lib/python3.10/site-packages/airflow/example_dags/example_params_trigger_ui.py for tasks to queue
[2025-06-13T14:38:30.606+0000] {logging_mixin.py:188} INFO - [2025-06-13T14:38:30.606+0000] {dagbag.py:540} INFO - Filling up the DagBag from /home/airflow/.local/lib/python3.10/site-packages/airflow/example_dags/example_params_trigger_ui.py
[2025-06-13T14:38:30.614+0000] {processor.py:840} INFO - DAG(s) 'example_params_trigger_ui' retrieved from /home/airflow/.local/lib/python3.10/site-packages/airflow/example_dags/example_params_trigger_ui.py
[2025-06-13T14:38:30.634+0000] {logging_mixin.py:188} INFO - [2025-06-13T14:38:30.634+0000] {dag.py:3096} INFO - Sync 1 DAGs
[2025-06-13T14:38:30.640+0000] {logging_mixin.py:188} INFO - [2025-06-13T14:38:30.640+0000] {dag.py:3954} INFO - Setting next_dagrun for example_params_trigger_ui to None, run_after=None
[2025-06-13T14:38:30.649+0000] {processor.py:183} INFO - Processing /home/airflow/.local/lib/python3.10/site-packages/airflow/example_dags/example_params_trigger_ui.py took 0.049 seconds
[2025-06-13T14:39:01.540+0000] {processor.py:161} INFO - Started process (PID=705) to work on /home/airflow/.local/lib/python3.10/site-packages/airflow/example_dags/example_params_trigger_ui.py
[2025-06-13T14:39:01.541+0000] {processor.py:830} INFO - Processing file /home/airflow/.local/lib/python3.10/site-packages/airflow/example_dags/example_params_trigger_ui.py for tasks to queue
[2025-06-13T14:39:01.543+0000] {logging_mixin.py:188} INFO - [2025-06-13T14:39:01.542+0000] {dagbag.py:540} INFO - Filling up the DagBag from /home/airflow/.local/lib/python3.10/site-packages/airflow/example_dags/example_params_trigger_ui.py
[2025-06-13T14:39:01.550+0000] {processor.py:840} INFO - DAG(s) 'example_params_trigger_ui' retrieved from /home/airflow/.local/lib/python3.10/site-packages/airflow/example_dags/example_params_trigger_ui.py
[2025-06-13T14:39:01.574+0000] {logging_mixin.py:188} INFO - [2025-06-13T14:39:01.574+0000] {dag.py:3096} INFO - Sync 1 DAGs
[2025-06-13T14:39:01.580+0000] {logging_mixin.py:188} INFO - [2025-06-13T14:39:01.580+0000] {dag.py:3954} INFO - Setting next_dagrun for example_params_trigger_ui to None, run_after=None
[2025-06-13T14:39:01.598+0000] {processor.py:183} INFO - Processing /home/airflow/.local/lib/python3.10/site-packages/airflow/example_dags/example_params_trigger_ui.py took 0.062 seconds
[2025-06-13T14:39:32.415+0000] {processor.py:161} INFO - Started process (PID=765) to work on /home/airflow/.local/lib/python3.10/site-packages/airflow/example_dags/example_params_trigger_ui.py
[2025-06-13T14:39:32.416+0000] {processor.py:830} INFO - Processing file /home/airflow/.local/lib/python3.10/site-packages/airflow/example_dags/example_params_trigger_ui.py for tasks to queue
[2025-06-13T14:39:32.417+0000] {logging_mixin.py:188} INFO - [2025-06-13T14:39:32.417+0000] {dagbag.py:540} INFO - Filling up the DagBag from /home/airflow/.local/lib/python3.10/site-packages/airflow/example_dags/example_params_trigger_ui.py
[2025-06-13T14:39:32.430+0000] {processor.py:840} INFO - DAG(s) 'example_params_trigger_ui' retrieved from /home/airflow/.local/lib/python3.10/site-packages/airflow/example_dags/example_params_trigger_ui.py
[2025-06-13T14:39:32.456+0000] {logging_mixin.py:188} INFO - [2025-06-13T14:39:32.456+0000] {dag.py:3096} INFO - Sync 1 DAGs
[2025-06-13T14:39:32.463+0000] {logging_mixin.py:188} INFO - [2025-06-13T14:39:32.463+0000] {dag.py:3954} INFO - Setting next_dagrun for example_params_trigger_ui to None, run_after=None
[2025-06-13T14:39:32.472+0000] {processor.py:183} INFO - Processing /home/airflow/.local/lib/python3.10/site-packages/airflow/example_dags/example_params_trigger_ui.py took 0.061 seconds
[2025-06-13T14:40:02.919+0000] {processor.py:161} INFO - Started process (PID=825) to work on /home/airflow/.local/lib/python3.10/site-packages/airflow/example_dags/example_params_trigger_ui.py
[2025-06-13T14:40:02.920+0000] {processor.py:830} INFO - Processing file /home/airflow/.local/lib/python3.10/site-packages/airflow/example_dags/example_params_trigger_ui.py for tasks to queue
[2025-06-13T14:40:02.921+0000] {logging_mixin.py:188} INFO - [2025-06-13T14:40:02.921+0000] {dagbag.py:540} INFO - Filling up the DagBag from /home/airflow/.local/lib/python3.10/site-packages/airflow/example_dags/example_params_trigger_ui.py
[2025-06-13T14:40:02.929+0000] {processor.py:840} INFO - DAG(s) 'example_params_trigger_ui' retrieved from /home/airflow/.local/lib/python3.10/site-packages/airflow/example_dags/example_params_trigger_ui.py
[2025-06-13T14:40:02.953+0000] {logging_mixin.py:188} INFO - [2025-06-13T14:40:02.953+0000] {dag.py:3096} INFO - Sync 1 DAGs
[2025-06-13T14:40:02.959+0000] {logging_mixin.py:188} INFO - [2025-06-13T14:40:02.959+0000] {dag.py:3954} INFO - Setting next_dagrun for example_params_trigger_ui to None, run_after=None
[2025-06-13T14:40:02.974+0000] {processor.py:183} INFO - Processing /home/airflow/.local/lib/python3.10/site-packages/airflow/example_dags/example_params_trigger_ui.py took 0.059 seconds
[2025-06-13T14:40:33.921+0000] {processor.py:161} INFO - Started process (PID=885) to work on /home/airflow/.local/lib/python3.10/site-packages/airflow/example_dags/example_params_trigger_ui.py
[2025-06-13T14:40:33.922+0000] {processor.py:830} INFO - Processing file /home/airflow/.local/lib/python3.10/site-packages/airflow/example_dags/example_params_trigger_ui.py for tasks to queue
[2025-06-13T14:40:33.923+0000] {logging_mixin.py:188} INFO - [2025-06-13T14:40:33.923+0000] {dagbag.py:540} INFO - Filling up the DagBag from /home/airflow/.local/lib/python3.10/site-packages/airflow/example_dags/example_params_trigger_ui.py
[2025-06-13T14:40:33.935+0000] {processor.py:840} INFO - DAG(s) 'example_params_trigger_ui' retrieved from /home/airflow/.local/lib/python3.10/site-packages/airflow/example_dags/example_params_trigger_ui.py
[2025-06-13T14:40:33.965+0000] {logging_mixin.py:188} INFO - [2025-06-13T14:40:33.964+0000] {dag.py:3096} INFO - Sync 1 DAGs
[2025-06-13T14:40:33.973+0000] {logging_mixin.py:188} INFO - [2025-06-13T14:40:33.973+0000] {dag.py:3954} INFO - Setting next_dagrun for example_params_trigger_ui to None, run_after=None
[2025-06-13T14:40:33.994+0000] {processor.py:183} INFO - Processing /home/airflow/.local/lib/python3.10/site-packages/airflow/example_dags/example_params_trigger_ui.py took 0.079 seconds
[2025-06-13T14:41:04.561+0000] {processor.py:161} INFO - Started process (PID=945) to work on /home/airflow/.local/lib/python3.10/site-packages/airflow/example_dags/example_params_trigger_ui.py
[2025-06-13T14:41:04.562+0000] {processor.py:830} INFO - Processing file /home/airflow/.local/lib/python3.10/site-packages/airflow/example_dags/example_params_trigger_ui.py for tasks to queue
[2025-06-13T14:41:04.564+0000] {logging_mixin.py:188} INFO - [2025-06-13T14:41:04.563+0000] {dagbag.py:540} INFO - Filling up the DagBag from /home/airflow/.local/lib/python3.10/site-packages/airflow/example_dags/example_params_trigger_ui.py
[2025-06-13T14:41:04.575+0000] {processor.py:840} INFO - DAG(s) 'example_params_trigger_ui' retrieved from /home/airflow/.local/lib/python3.10/site-packages/airflow/example_dags/example_params_trigger_ui.py
[2025-06-13T14:41:04.597+0000] {logging_mixin.py:188} INFO - [2025-06-13T14:41:04.597+0000] {dag.py:3096} INFO - Sync 1 DAGs
[2025-06-13T14:41:04.604+0000] {logging_mixin.py:188} INFO - [2025-06-13T14:41:04.604+0000] {dag.py:3954} INFO - Setting next_dagrun for example_params_trigger_ui to None, run_after=None
[2025-06-13T14:41:04.619+0000] {processor.py:183} INFO - Processing /home/airflow/.local/lib/python3.10/site-packages/airflow/example_dags/example_params_trigger_ui.py took 0.061 seconds
[2025-06-13T14:41:34.969+0000] {processor.py:161} INFO - Started process (PID=1005) to work on /home/airflow/.local/lib/python3.10/site-packages/airflow/example_dags/example_params_trigger_ui.py
[2025-06-13T14:41:34.970+0000] {processor.py:830} INFO - Processing file /home/airflow/.local/lib/python3.10/site-packages/airflow/example_dags/example_params_trigger_ui.py for tasks to queue
[2025-06-13T14:41:34.972+0000] {logging_mixin.py:188} INFO - [2025-06-13T14:41:34.972+0000] {dagbag.py:540} INFO - Filling up the DagBag from /home/airflow/.local/lib/python3.10/site-packages/airflow/example_dags/example_params_trigger_ui.py
[2025-06-13T14:41:34.981+0000] {processor.py:840} INFO - DAG(s) 'example_params_trigger_ui' retrieved from /home/airflow/.local/lib/python3.10/site-packages/airflow/example_dags/example_params_trigger_ui.py
[2025-06-13T14:41:35.010+0000] {logging_mixin.py:188} INFO - [2025-06-13T14:41:35.010+0000] {dag.py:3096} INFO - Sync 1 DAGs
[2025-06-13T14:41:35.018+0000] {logging_mixin.py:188} INFO - [2025-06-13T14:41:35.018+0000] {dag.py:3954} INFO - Setting next_dagrun for example_params_trigger_ui to None, run_after=None
[2025-06-13T14:41:35.029+0000] {processor.py:183} INFO - Processing /home/airflow/.local/lib/python3.10/site-packages/airflow/example_dags/example_params_trigger_ui.py took 0.065 seconds
[2025-06-13T14:42:05.204+0000] {processor.py:161} INFO - Started process (PID=1065) to work on /home/airflow/.local/lib/python3.10/site-packages/airflow/example_dags/example_params_trigger_ui.py
[2025-06-13T14:42:05.208+0000] {processor.py:830} INFO - Processing file /home/airflow/.local/lib/python3.10/site-packages/airflow/example_dags/example_params_trigger_ui.py for tasks to queue
[2025-06-13T14:42:05.209+0000] {logging_mixin.py:188} INFO - [2025-06-13T14:42:05.209+0000] {dagbag.py:540} INFO - Filling up the DagBag from /home/airflow/.local/lib/python3.10/site-packages/airflow/example_dags/example_params_trigger_ui.py
[2025-06-13T14:42:05.220+0000] {processor.py:840} INFO - DAG(s) 'example_params_trigger_ui' retrieved from /home/airflow/.local/lib/python3.10/site-packages/airflow/example_dags/example_params_trigger_ui.py
[2025-06-13T14:42:05.282+0000] {logging_mixin.py:188} INFO - [2025-06-13T14:42:05.281+0000] {dag.py:3096} INFO - Sync 1 DAGs
[2025-06-13T14:42:05.296+0000] {logging_mixin.py:188} INFO - [2025-06-13T14:42:05.295+0000] {dag.py:3954} INFO - Setting next_dagrun for example_params_trigger_ui to None, run_after=None
[2025-06-13T14:42:05.315+0000] {processor.py:183} INFO - Processing /home/airflow/.local/lib/python3.10/site-packages/airflow/example_dags/example_params_trigger_ui.py took 0.117 seconds
[2025-06-13T14:42:36.518+0000] {processor.py:161} INFO - Started process (PID=1125) to work on /home/airflow/.local/lib/python3.10/site-packages/airflow/example_dags/example_params_trigger_ui.py
[2025-06-13T14:42:36.520+0000] {processor.py:830} INFO - Processing file /home/airflow/.local/lib/python3.10/site-packages/airflow/example_dags/example_params_trigger_ui.py for tasks to queue
[2025-06-13T14:42:36.524+0000] {logging_mixin.py:188} INFO - [2025-06-13T14:42:36.524+0000] {dagbag.py:540} INFO - Filling up the DagBag from /home/airflow/.local/lib/python3.10/site-packages/airflow/example_dags/example_params_trigger_ui.py
[2025-06-13T14:42:36.533+0000] {processor.py:840} INFO - DAG(s) 'example_params_trigger_ui' retrieved from /home/airflow/.local/lib/python3.10/site-packages/airflow/example_dags/example_params_trigger_ui.py
[2025-06-13T14:42:36.564+0000] {logging_mixin.py:188} INFO - [2025-06-13T14:42:36.564+0000] {dag.py:3096} INFO - Sync 1 DAGs
[2025-06-13T14:42:36.572+0000] {logging_mixin.py:188} INFO - [2025-06-13T14:42:36.572+0000] {dag.py:3954} INFO - Setting next_dagrun for example_params_trigger_ui to None, run_after=None
[2025-06-13T14:42:36.582+0000] {processor.py:183} INFO - Processing /home/airflow/.local/lib/python3.10/site-packages/airflow/example_dags/example_params_trigger_ui.py took 0.068 seconds
[2025-06-13T14:43:07.345+0000] {processor.py:161} INFO - Started process (PID=1185) to work on /home/airflow/.local/lib/python3.10/site-packages/airflow/example_dags/example_params_trigger_ui.py
[2025-06-13T14:43:07.346+0000] {processor.py:830} INFO - Processing file /home/airflow/.local/lib/python3.10/site-packages/airflow/example_dags/example_params_trigger_ui.py for tasks to queue
[2025-06-13T14:43:07.348+0000] {logging_mixin.py:188} INFO - [2025-06-13T14:43:07.348+0000] {dagbag.py:540} INFO - Filling up the DagBag from /home/airflow/.local/lib/python3.10/site-packages/airflow/example_dags/example_params_trigger_ui.py
[2025-06-13T14:43:07.361+0000] {processor.py:840} INFO - DAG(s) 'example_params_trigger_ui' retrieved from /home/airflow/.local/lib/python3.10/site-packages/airflow/example_dags/example_params_trigger_ui.py
[2025-06-13T14:43:07.386+0000] {logging_mixin.py:188} INFO - [2025-06-13T14:43:07.386+0000] {dag.py:3096} INFO - Sync 1 DAGs
[2025-06-13T14:43:07.394+0000] {logging_mixin.py:188} INFO - [2025-06-13T14:43:07.393+0000] {dag.py:3954} INFO - Setting next_dagrun for example_params_trigger_ui to None, run_after=None
[2025-06-13T14:43:07.403+0000] {processor.py:183} INFO - Processing /home/airflow/.local/lib/python3.10/site-packages/airflow/example_dags/example_params_trigger_ui.py took 0.063 seconds
[2025-06-13T14:44:42.809+0000] {processor.py:161} INFO - Started process (PID=76) to work on /home/airflow/.local/lib/python3.10/site-packages/airflow/example_dags/example_params_trigger_ui.py
[2025-06-13T14:44:42.811+0000] {processor.py:830} INFO - Processing file /home/airflow/.local/lib/python3.10/site-packages/airflow/example_dags/example_params_trigger_ui.py for tasks to queue
[2025-06-13T14:44:42.812+0000] {logging_mixin.py:188} INFO - [2025-06-13T14:44:42.812+0000] {dagbag.py:540} INFO - Filling up the DagBag from /home/airflow/.local/lib/python3.10/site-packages/airflow/example_dags/example_params_trigger_ui.py
[2025-06-13T14:44:42.822+0000] {processor.py:840} INFO - DAG(s) 'example_params_trigger_ui' retrieved from /home/airflow/.local/lib/python3.10/site-packages/airflow/example_dags/example_params_trigger_ui.py
[2025-06-13T14:44:42.836+0000] {logging_mixin.py:188} INFO - [2025-06-13T14:44:42.836+0000] {dag.py:3096} INFO - Sync 1 DAGs
[2025-06-13T14:44:42.850+0000] {logging_mixin.py:188} INFO - [2025-06-13T14:44:42.850+0000] {dag.py:3954} INFO - Setting next_dagrun for example_params_trigger_ui to None, run_after=None
[2025-06-13T14:44:42.869+0000] {processor.py:183} INFO - Processing /home/airflow/.local/lib/python3.10/site-packages/airflow/example_dags/example_params_trigger_ui.py took 0.065 seconds
[2025-06-13T14:45:14.087+0000] {processor.py:161} INFO - Started process (PID=136) to work on /home/airflow/.local/lib/python3.10/site-packages/airflow/example_dags/example_params_trigger_ui.py
[2025-06-13T14:45:14.089+0000] {processor.py:830} INFO - Processing file /home/airflow/.local/lib/python3.10/site-packages/airflow/example_dags/example_params_trigger_ui.py for tasks to queue
[2025-06-13T14:45:14.093+0000] {logging_mixin.py:188} INFO - [2025-06-13T14:45:14.092+0000] {dagbag.py:540} INFO - Filling up the DagBag from /home/airflow/.local/lib/python3.10/site-packages/airflow/example_dags/example_params_trigger_ui.py
[2025-06-13T14:45:14.105+0000] {processor.py:840} INFO - DAG(s) 'example_params_trigger_ui' retrieved from /home/airflow/.local/lib/python3.10/site-packages/airflow/example_dags/example_params_trigger_ui.py
[2025-06-13T14:45:14.250+0000] {logging_mixin.py:188} INFO - [2025-06-13T14:45:14.249+0000] {dag.py:3096} INFO - Sync 1 DAGs
[2025-06-13T14:45:14.257+0000] {logging_mixin.py:188} INFO - [2025-06-13T14:45:14.257+0000] {dag.py:3954} INFO - Setting next_dagrun for example_params_trigger_ui to None, run_after=None
[2025-06-13T14:45:14.272+0000] {processor.py:183} INFO - Processing /home/airflow/.local/lib/python3.10/site-packages/airflow/example_dags/example_params_trigger_ui.py took 0.198 seconds
[2025-06-13T14:45:44.609+0000] {processor.py:161} INFO - Started process (PID=214) to work on /home/airflow/.local/lib/python3.10/site-packages/airflow/example_dags/example_params_trigger_ui.py
[2025-06-13T14:45:44.610+0000] {processor.py:830} INFO - Processing file /home/airflow/.local/lib/python3.10/site-packages/airflow/example_dags/example_params_trigger_ui.py for tasks to queue
[2025-06-13T14:45:44.614+0000] {logging_mixin.py:188} INFO - [2025-06-13T14:45:44.613+0000] {dagbag.py:540} INFO - Filling up the DagBag from /home/airflow/.local/lib/python3.10/site-packages/airflow/example_dags/example_params_trigger_ui.py
[2025-06-13T14:45:44.625+0000] {processor.py:840} INFO - DAG(s) 'example_params_trigger_ui' retrieved from /home/airflow/.local/lib/python3.10/site-packages/airflow/example_dags/example_params_trigger_ui.py
[2025-06-13T14:45:44.655+0000] {logging_mixin.py:188} INFO - [2025-06-13T14:45:44.654+0000] {dag.py:3096} INFO - Sync 1 DAGs
[2025-06-13T14:45:44.664+0000] {logging_mixin.py:188} INFO - [2025-06-13T14:45:44.663+0000] {dag.py:3954} INFO - Setting next_dagrun for example_params_trigger_ui to None, run_after=None
[2025-06-13T14:45:44.683+0000] {processor.py:183} INFO - Processing /home/airflow/.local/lib/python3.10/site-packages/airflow/example_dags/example_params_trigger_ui.py took 0.082 seconds
[2025-06-13T14:46:15.449+0000] {processor.py:161} INFO - Started process (PID=274) to work on /home/airflow/.local/lib/python3.10/site-packages/airflow/example_dags/example_params_trigger_ui.py
[2025-06-13T14:46:15.450+0000] {processor.py:830} INFO - Processing file /home/airflow/.local/lib/python3.10/site-packages/airflow/example_dags/example_params_trigger_ui.py for tasks to queue
[2025-06-13T14:46:15.451+0000] {logging_mixin.py:188} INFO - [2025-06-13T14:46:15.451+0000] {dagbag.py:540} INFO - Filling up the DagBag from /home/airflow/.local/lib/python3.10/site-packages/airflow/example_dags/example_params_trigger_ui.py
[2025-06-13T14:46:15.465+0000] {processor.py:840} INFO - DAG(s) 'example_params_trigger_ui' retrieved from /home/airflow/.local/lib/python3.10/site-packages/airflow/example_dags/example_params_trigger_ui.py
[2025-06-13T14:46:15.490+0000] {logging_mixin.py:188} INFO - [2025-06-13T14:46:15.490+0000] {dag.py:3096} INFO - Sync 1 DAGs
[2025-06-13T14:46:15.498+0000] {logging_mixin.py:188} INFO - [2025-06-13T14:46:15.497+0000] {dag.py:3954} INFO - Setting next_dagrun for example_params_trigger_ui to None, run_after=None
[2025-06-13T14:46:15.512+0000] {processor.py:183} INFO - Processing /home/airflow/.local/lib/python3.10/site-packages/airflow/example_dags/example_params_trigger_ui.py took 0.067 seconds
[2025-06-13T14:46:46.149+0000] {processor.py:161} INFO - Started process (PID=334) to work on /home/airflow/.local/lib/python3.10/site-packages/airflow/example_dags/example_params_trigger_ui.py
[2025-06-13T14:46:46.151+0000] {processor.py:830} INFO - Processing file /home/airflow/.local/lib/python3.10/site-packages/airflow/example_dags/example_params_trigger_ui.py for tasks to queue
[2025-06-13T14:46:46.152+0000] {logging_mixin.py:188} INFO - [2025-06-13T14:46:46.152+0000] {dagbag.py:540} INFO - Filling up the DagBag from /home/airflow/.local/lib/python3.10/site-packages/airflow/example_dags/example_params_trigger_ui.py
[2025-06-13T14:46:46.161+0000] {processor.py:840} INFO - DAG(s) 'example_params_trigger_ui' retrieved from /home/airflow/.local/lib/python3.10/site-packages/airflow/example_dags/example_params_trigger_ui.py
[2025-06-13T14:46:46.187+0000] {logging_mixin.py:188} INFO - [2025-06-13T14:46:46.187+0000] {dag.py:3096} INFO - Sync 1 DAGs
[2025-06-13T14:46:46.193+0000] {logging_mixin.py:188} INFO - [2025-06-13T14:46:46.193+0000] {dag.py:3954} INFO - Setting next_dagrun for example_params_trigger_ui to None, run_after=None
[2025-06-13T14:46:46.207+0000] {processor.py:183} INFO - Processing /home/airflow/.local/lib/python3.10/site-packages/airflow/example_dags/example_params_trigger_ui.py took 0.062 seconds
[2025-06-13T14:47:17.741+0000] {processor.py:161} INFO - Started process (PID=394) to work on /home/airflow/.local/lib/python3.10/site-packages/airflow/example_dags/example_params_trigger_ui.py
[2025-06-13T14:47:17.742+0000] {processor.py:830} INFO - Processing file /home/airflow/.local/lib/python3.10/site-packages/airflow/example_dags/example_params_trigger_ui.py for tasks to queue
[2025-06-13T14:47:17.743+0000] {logging_mixin.py:188} INFO - [2025-06-13T14:47:17.743+0000] {dagbag.py:540} INFO - Filling up the DagBag from /home/airflow/.local/lib/python3.10/site-packages/airflow/example_dags/example_params_trigger_ui.py
[2025-06-13T14:47:17.752+0000] {processor.py:840} INFO - DAG(s) 'example_params_trigger_ui' retrieved from /home/airflow/.local/lib/python3.10/site-packages/airflow/example_dags/example_params_trigger_ui.py
[2025-06-13T14:47:17.775+0000] {logging_mixin.py:188} INFO - [2025-06-13T14:47:17.775+0000] {dag.py:3096} INFO - Sync 1 DAGs
[2025-06-13T14:47:17.781+0000] {logging_mixin.py:188} INFO - [2025-06-13T14:47:17.781+0000] {dag.py:3954} INFO - Setting next_dagrun for example_params_trigger_ui to None, run_after=None
[2025-06-13T14:47:17.789+0000] {processor.py:183} INFO - Processing /home/airflow/.local/lib/python3.10/site-packages/airflow/example_dags/example_params_trigger_ui.py took 0.051 seconds
[2025-06-13T14:47:48.983+0000] {processor.py:161} INFO - Started process (PID=454) to work on /home/airflow/.local/lib/python3.10/site-packages/airflow/example_dags/example_params_trigger_ui.py
[2025-06-13T14:47:48.984+0000] {processor.py:830} INFO - Processing file /home/airflow/.local/lib/python3.10/site-packages/airflow/example_dags/example_params_trigger_ui.py for tasks to queue
[2025-06-13T14:47:48.985+0000] {logging_mixin.py:188} INFO - [2025-06-13T14:47:48.984+0000] {dagbag.py:540} INFO - Filling up the DagBag from /home/airflow/.local/lib/python3.10/site-packages/airflow/example_dags/example_params_trigger_ui.py
[2025-06-13T14:47:48.991+0000] {processor.py:840} INFO - DAG(s) 'example_params_trigger_ui' retrieved from /home/airflow/.local/lib/python3.10/site-packages/airflow/example_dags/example_params_trigger_ui.py
[2025-06-13T14:47:49.011+0000] {logging_mixin.py:188} INFO - [2025-06-13T14:47:49.011+0000] {dag.py:3096} INFO - Sync 1 DAGs
[2025-06-13T14:47:49.017+0000] {logging_mixin.py:188} INFO - [2025-06-13T14:47:49.017+0000] {dag.py:3954} INFO - Setting next_dagrun for example_params_trigger_ui to None, run_after=None
[2025-06-13T14:47:49.025+0000] {processor.py:183} INFO - Processing /home/airflow/.local/lib/python3.10/site-packages/airflow/example_dags/example_params_trigger_ui.py took 0.048 seconds
[2025-06-13T14:48:19.680+0000] {processor.py:161} INFO - Started process (PID=514) to work on /home/airflow/.local/lib/python3.10/site-packages/airflow/example_dags/example_params_trigger_ui.py
[2025-06-13T14:48:19.681+0000] {processor.py:830} INFO - Processing file /home/airflow/.local/lib/python3.10/site-packages/airflow/example_dags/example_params_trigger_ui.py for tasks to queue
[2025-06-13T14:48:19.683+0000] {logging_mixin.py:188} INFO - [2025-06-13T14:48:19.683+0000] {dagbag.py:540} INFO - Filling up the DagBag from /home/airflow/.local/lib/python3.10/site-packages/airflow/example_dags/example_params_trigger_ui.py
[2025-06-13T14:48:19.694+0000] {processor.py:840} INFO - DAG(s) 'example_params_trigger_ui' retrieved from /home/airflow/.local/lib/python3.10/site-packages/airflow/example_dags/example_params_trigger_ui.py
[2025-06-13T14:48:19.731+0000] {logging_mixin.py:188} INFO - [2025-06-13T14:48:19.731+0000] {dag.py:3096} INFO - Sync 1 DAGs
[2025-06-13T14:48:19.742+0000] {logging_mixin.py:188} INFO - [2025-06-13T14:48:19.742+0000] {dag.py:3954} INFO - Setting next_dagrun for example_params_trigger_ui to None, run_after=None
[2025-06-13T14:48:19.760+0000] {processor.py:183} INFO - Processing /home/airflow/.local/lib/python3.10/site-packages/airflow/example_dags/example_params_trigger_ui.py took 0.086 seconds
[2025-06-13T14:48:50.116+0000] {processor.py:161} INFO - Started process (PID=574) to work on /home/airflow/.local/lib/python3.10/site-packages/airflow/example_dags/example_params_trigger_ui.py
[2025-06-13T14:48:50.117+0000] {processor.py:830} INFO - Processing file /home/airflow/.local/lib/python3.10/site-packages/airflow/example_dags/example_params_trigger_ui.py for tasks to queue
[2025-06-13T14:48:50.118+0000] {logging_mixin.py:188} INFO - [2025-06-13T14:48:50.118+0000] {dagbag.py:540} INFO - Filling up the DagBag from /home/airflow/.local/lib/python3.10/site-packages/airflow/example_dags/example_params_trigger_ui.py
[2025-06-13T14:48:50.128+0000] {processor.py:840} INFO - DAG(s) 'example_params_trigger_ui' retrieved from /home/airflow/.local/lib/python3.10/site-packages/airflow/example_dags/example_params_trigger_ui.py
[2025-06-13T14:48:50.159+0000] {logging_mixin.py:188} INFO - [2025-06-13T14:48:50.158+0000] {dag.py:3096} INFO - Sync 1 DAGs
[2025-06-13T14:48:50.171+0000] {logging_mixin.py:188} INFO - [2025-06-13T14:48:50.170+0000] {dag.py:3954} INFO - Setting next_dagrun for example_params_trigger_ui to None, run_after=None
[2025-06-13T14:48:50.186+0000] {processor.py:183} INFO - Processing /home/airflow/.local/lib/python3.10/site-packages/airflow/example_dags/example_params_trigger_ui.py took 0.075 seconds
[2025-06-13T14:49:20.552+0000] {processor.py:161} INFO - Started process (PID=634) to work on /home/airflow/.local/lib/python3.10/site-packages/airflow/example_dags/example_params_trigger_ui.py
[2025-06-13T14:49:20.553+0000] {processor.py:830} INFO - Processing file /home/airflow/.local/lib/python3.10/site-packages/airflow/example_dags/example_params_trigger_ui.py for tasks to queue
[2025-06-13T14:49:20.554+0000] {logging_mixin.py:188} INFO - [2025-06-13T14:49:20.554+0000] {dagbag.py:540} INFO - Filling up the DagBag from /home/airflow/.local/lib/python3.10/site-packages/airflow/example_dags/example_params_trigger_ui.py
[2025-06-13T14:49:20.562+0000] {processor.py:840} INFO - DAG(s) 'example_params_trigger_ui' retrieved from /home/airflow/.local/lib/python3.10/site-packages/airflow/example_dags/example_params_trigger_ui.py
[2025-06-13T14:49:20.588+0000] {logging_mixin.py:188} INFO - [2025-06-13T14:49:20.588+0000] {dag.py:3096} INFO - Sync 1 DAGs
[2025-06-13T14:49:20.597+0000] {logging_mixin.py:188} INFO - [2025-06-13T14:49:20.597+0000] {dag.py:3954} INFO - Setting next_dagrun for example_params_trigger_ui to None, run_after=None
[2025-06-13T14:49:20.609+0000] {processor.py:183} INFO - Processing /home/airflow/.local/lib/python3.10/site-packages/airflow/example_dags/example_params_trigger_ui.py took 0.060 seconds
[2025-06-13T14:49:50.809+0000] {processor.py:161} INFO - Started process (PID=692) to work on /home/airflow/.local/lib/python3.10/site-packages/airflow/example_dags/example_params_trigger_ui.py
[2025-06-13T14:49:50.811+0000] {processor.py:830} INFO - Processing file /home/airflow/.local/lib/python3.10/site-packages/airflow/example_dags/example_params_trigger_ui.py for tasks to queue
[2025-06-13T14:49:50.813+0000] {logging_mixin.py:188} INFO - [2025-06-13T14:49:50.813+0000] {dagbag.py:540} INFO - Filling up the DagBag from /home/airflow/.local/lib/python3.10/site-packages/airflow/example_dags/example_params_trigger_ui.py
[2025-06-13T14:49:50.822+0000] {processor.py:840} INFO - DAG(s) 'example_params_trigger_ui' retrieved from /home/airflow/.local/lib/python3.10/site-packages/airflow/example_dags/example_params_trigger_ui.py
[2025-06-13T14:49:50.844+0000] {logging_mixin.py:188} INFO - [2025-06-13T14:49:50.843+0000] {dag.py:3096} INFO - Sync 1 DAGs
[2025-06-13T14:49:50.850+0000] {logging_mixin.py:188} INFO - [2025-06-13T14:49:50.849+0000] {dag.py:3954} INFO - Setting next_dagrun for example_params_trigger_ui to None, run_after=None
[2025-06-13T14:49:50.858+0000] {processor.py:183} INFO - Processing /home/airflow/.local/lib/python3.10/site-packages/airflow/example_dags/example_params_trigger_ui.py took 0.054 seconds
[2025-06-13T14:50:21.256+0000] {processor.py:161} INFO - Started process (PID=752) to work on /home/airflow/.local/lib/python3.10/site-packages/airflow/example_dags/example_params_trigger_ui.py
[2025-06-13T14:50:21.257+0000] {processor.py:830} INFO - Processing file /home/airflow/.local/lib/python3.10/site-packages/airflow/example_dags/example_params_trigger_ui.py for tasks to queue
[2025-06-13T14:50:21.258+0000] {logging_mixin.py:188} INFO - [2025-06-13T14:50:21.258+0000] {dagbag.py:540} INFO - Filling up the DagBag from /home/airflow/.local/lib/python3.10/site-packages/airflow/example_dags/example_params_trigger_ui.py
[2025-06-13T14:50:21.266+0000] {processor.py:840} INFO - DAG(s) 'example_params_trigger_ui' retrieved from /home/airflow/.local/lib/python3.10/site-packages/airflow/example_dags/example_params_trigger_ui.py
[2025-06-13T14:50:21.293+0000] {logging_mixin.py:188} INFO - [2025-06-13T14:50:21.292+0000] {dag.py:3096} INFO - Sync 1 DAGs
[2025-06-13T14:50:21.301+0000] {logging_mixin.py:188} INFO - [2025-06-13T14:50:21.301+0000] {dag.py:3954} INFO - Setting next_dagrun for example_params_trigger_ui to None, run_after=None
[2025-06-13T14:50:21.314+0000] {processor.py:183} INFO - Processing /home/airflow/.local/lib/python3.10/site-packages/airflow/example_dags/example_params_trigger_ui.py took 0.062 seconds
[2025-06-13T14:50:51.765+0000] {processor.py:161} INFO - Started process (PID=812) to work on /home/airflow/.local/lib/python3.10/site-packages/airflow/example_dags/example_params_trigger_ui.py
[2025-06-13T14:50:51.766+0000] {processor.py:830} INFO - Processing file /home/airflow/.local/lib/python3.10/site-packages/airflow/example_dags/example_params_trigger_ui.py for tasks to queue
[2025-06-13T14:50:51.768+0000] {logging_mixin.py:188} INFO - [2025-06-13T14:50:51.768+0000] {dagbag.py:540} INFO - Filling up the DagBag from /home/airflow/.local/lib/python3.10/site-packages/airflow/example_dags/example_params_trigger_ui.py
[2025-06-13T14:50:51.779+0000] {processor.py:840} INFO - DAG(s) 'example_params_trigger_ui' retrieved from /home/airflow/.local/lib/python3.10/site-packages/airflow/example_dags/example_params_trigger_ui.py
[2025-06-13T14:50:51.809+0000] {logging_mixin.py:188} INFO - [2025-06-13T14:50:51.809+0000] {dag.py:3096} INFO - Sync 1 DAGs
[2025-06-13T14:50:51.832+0000] {logging_mixin.py:188} INFO - [2025-06-13T14:50:51.831+0000] {dag.py:3954} INFO - Setting next_dagrun for example_params_trigger_ui to None, run_after=None
[2025-06-13T14:50:51.844+0000] {processor.py:183} INFO - Processing /home/airflow/.local/lib/python3.10/site-packages/airflow/example_dags/example_params_trigger_ui.py took 0.083 seconds
[2025-06-13T14:51:22.512+0000] {processor.py:161} INFO - Started process (PID=872) to work on /home/airflow/.local/lib/python3.10/site-packages/airflow/example_dags/example_params_trigger_ui.py
[2025-06-13T14:51:22.515+0000] {processor.py:830} INFO - Processing file /home/airflow/.local/lib/python3.10/site-packages/airflow/example_dags/example_params_trigger_ui.py for tasks to queue
[2025-06-13T14:51:22.516+0000] {logging_mixin.py:188} INFO - [2025-06-13T14:51:22.516+0000] {dagbag.py:540} INFO - Filling up the DagBag from /home/airflow/.local/lib/python3.10/site-packages/airflow/example_dags/example_params_trigger_ui.py
[2025-06-13T14:51:22.532+0000] {processor.py:840} INFO - DAG(s) 'example_params_trigger_ui' retrieved from /home/airflow/.local/lib/python3.10/site-packages/airflow/example_dags/example_params_trigger_ui.py
[2025-06-13T14:51:22.562+0000] {logging_mixin.py:188} INFO - [2025-06-13T14:51:22.562+0000] {dag.py:3096} INFO - Sync 1 DAGs
[2025-06-13T14:51:22.568+0000] {logging_mixin.py:188} INFO - [2025-06-13T14:51:22.568+0000] {dag.py:3954} INFO - Setting next_dagrun for example_params_trigger_ui to None, run_after=None
[2025-06-13T14:51:22.582+0000] {processor.py:183} INFO - Processing /home/airflow/.local/lib/python3.10/site-packages/airflow/example_dags/example_params_trigger_ui.py took 0.074 seconds
[2025-06-13T14:51:53.336+0000] {processor.py:161} INFO - Started process (PID=932) to work on /home/airflow/.local/lib/python3.10/site-packages/airflow/example_dags/example_params_trigger_ui.py
[2025-06-13T14:51:53.337+0000] {processor.py:830} INFO - Processing file /home/airflow/.local/lib/python3.10/site-packages/airflow/example_dags/example_params_trigger_ui.py for tasks to queue
[2025-06-13T14:51:53.338+0000] {logging_mixin.py:188} INFO - [2025-06-13T14:51:53.338+0000] {dagbag.py:540} INFO - Filling up the DagBag from /home/airflow/.local/lib/python3.10/site-packages/airflow/example_dags/example_params_trigger_ui.py
[2025-06-13T14:51:53.346+0000] {processor.py:840} INFO - DAG(s) 'example_params_trigger_ui' retrieved from /home/airflow/.local/lib/python3.10/site-packages/airflow/example_dags/example_params_trigger_ui.py
[2025-06-13T14:51:53.366+0000] {logging_mixin.py:188} INFO - [2025-06-13T14:51:53.366+0000] {dag.py:3096} INFO - Sync 1 DAGs
[2025-06-13T14:51:53.372+0000] {logging_mixin.py:188} INFO - [2025-06-13T14:51:53.372+0000] {dag.py:3954} INFO - Setting next_dagrun for example_params_trigger_ui to None, run_after=None
[2025-06-13T14:51:53.384+0000] {processor.py:183} INFO - Processing /home/airflow/.local/lib/python3.10/site-packages/airflow/example_dags/example_params_trigger_ui.py took 0.052 seconds
[2025-06-13T14:52:23.661+0000] {processor.py:161} INFO - Started process (PID=992) to work on /home/airflow/.local/lib/python3.10/site-packages/airflow/example_dags/example_params_trigger_ui.py
[2025-06-13T14:52:23.662+0000] {processor.py:830} INFO - Processing file /home/airflow/.local/lib/python3.10/site-packages/airflow/example_dags/example_params_trigger_ui.py for tasks to queue
[2025-06-13T14:52:23.663+0000] {logging_mixin.py:188} INFO - [2025-06-13T14:52:23.663+0000] {dagbag.py:540} INFO - Filling up the DagBag from /home/airflow/.local/lib/python3.10/site-packages/airflow/example_dags/example_params_trigger_ui.py
[2025-06-13T14:52:23.672+0000] {processor.py:840} INFO - DAG(s) 'example_params_trigger_ui' retrieved from /home/airflow/.local/lib/python3.10/site-packages/airflow/example_dags/example_params_trigger_ui.py
[2025-06-13T14:52:23.703+0000] {logging_mixin.py:188} INFO - [2025-06-13T14:52:23.703+0000] {dag.py:3096} INFO - Sync 1 DAGs
[2025-06-13T14:52:23.717+0000] {logging_mixin.py:188} INFO - [2025-06-13T14:52:23.717+0000] {dag.py:3954} INFO - Setting next_dagrun for example_params_trigger_ui to None, run_after=None
[2025-06-13T14:52:23.731+0000] {processor.py:183} INFO - Processing /home/airflow/.local/lib/python3.10/site-packages/airflow/example_dags/example_params_trigger_ui.py took 0.074 seconds
[2025-06-13T14:52:53.969+0000] {processor.py:161} INFO - Started process (PID=1052) to work on /home/airflow/.local/lib/python3.10/site-packages/airflow/example_dags/example_params_trigger_ui.py
[2025-06-13T14:52:53.972+0000] {processor.py:830} INFO - Processing file /home/airflow/.local/lib/python3.10/site-packages/airflow/example_dags/example_params_trigger_ui.py for tasks to queue
[2025-06-13T14:52:53.973+0000] {logging_mixin.py:188} INFO - [2025-06-13T14:52:53.973+0000] {dagbag.py:540} INFO - Filling up the DagBag from /home/airflow/.local/lib/python3.10/site-packages/airflow/example_dags/example_params_trigger_ui.py
[2025-06-13T14:52:53.981+0000] {processor.py:840} INFO - DAG(s) 'example_params_trigger_ui' retrieved from /home/airflow/.local/lib/python3.10/site-packages/airflow/example_dags/example_params_trigger_ui.py
[2025-06-13T14:52:54.005+0000] {logging_mixin.py:188} INFO - [2025-06-13T14:52:54.005+0000] {dag.py:3096} INFO - Sync 1 DAGs
[2025-06-13T14:52:54.012+0000] {logging_mixin.py:188} INFO - [2025-06-13T14:52:54.011+0000] {dag.py:3954} INFO - Setting next_dagrun for example_params_trigger_ui to None, run_after=None
[2025-06-13T14:52:54.022+0000] {processor.py:183} INFO - Processing /home/airflow/.local/lib/python3.10/site-packages/airflow/example_dags/example_params_trigger_ui.py took 0.056 seconds
[2025-06-13T14:53:24.391+0000] {processor.py:161} INFO - Started process (PID=1112) to work on /home/airflow/.local/lib/python3.10/site-packages/airflow/example_dags/example_params_trigger_ui.py
[2025-06-13T14:53:24.392+0000] {processor.py:830} INFO - Processing file /home/airflow/.local/lib/python3.10/site-packages/airflow/example_dags/example_params_trigger_ui.py for tasks to queue
[2025-06-13T14:53:24.396+0000] {logging_mixin.py:188} INFO - [2025-06-13T14:53:24.396+0000] {dagbag.py:540} INFO - Filling up the DagBag from /home/airflow/.local/lib/python3.10/site-packages/airflow/example_dags/example_params_trigger_ui.py
[2025-06-13T14:53:24.404+0000] {processor.py:840} INFO - DAG(s) 'example_params_trigger_ui' retrieved from /home/airflow/.local/lib/python3.10/site-packages/airflow/example_dags/example_params_trigger_ui.py
[2025-06-13T14:53:24.427+0000] {logging_mixin.py:188} INFO - [2025-06-13T14:53:24.427+0000] {dag.py:3096} INFO - Sync 1 DAGs
[2025-06-13T14:53:24.436+0000] {logging_mixin.py:188} INFO - [2025-06-13T14:53:24.436+0000] {dag.py:3954} INFO - Setting next_dagrun for example_params_trigger_ui to None, run_after=None
[2025-06-13T14:53:24.449+0000] {processor.py:183} INFO - Processing /home/airflow/.local/lib/python3.10/site-packages/airflow/example_dags/example_params_trigger_ui.py took 0.063 seconds
[2025-06-13T14:53:55.235+0000] {processor.py:161} INFO - Started process (PID=1172) to work on /home/airflow/.local/lib/python3.10/site-packages/airflow/example_dags/example_params_trigger_ui.py
[2025-06-13T14:53:55.236+0000] {processor.py:830} INFO - Processing file /home/airflow/.local/lib/python3.10/site-packages/airflow/example_dags/example_params_trigger_ui.py for tasks to queue
[2025-06-13T14:53:55.238+0000] {logging_mixin.py:188} INFO - [2025-06-13T14:53:55.238+0000] {dagbag.py:540} INFO - Filling up the DagBag from /home/airflow/.local/lib/python3.10/site-packages/airflow/example_dags/example_params_trigger_ui.py
[2025-06-13T14:53:55.256+0000] {processor.py:840} INFO - DAG(s) 'example_params_trigger_ui' retrieved from /home/airflow/.local/lib/python3.10/site-packages/airflow/example_dags/example_params_trigger_ui.py
[2025-06-13T14:53:55.301+0000] {logging_mixin.py:188} INFO - [2025-06-13T14:53:55.301+0000] {dag.py:3096} INFO - Sync 1 DAGs
[2025-06-13T14:53:55.312+0000] {logging_mixin.py:188} INFO - [2025-06-13T14:53:55.312+0000] {dag.py:3954} INFO - Setting next_dagrun for example_params_trigger_ui to None, run_after=None
[2025-06-13T14:53:55.340+0000] {processor.py:183} INFO - Processing /home/airflow/.local/lib/python3.10/site-packages/airflow/example_dags/example_params_trigger_ui.py took 0.109 seconds
[2025-06-13T14:54:25.810+0000] {processor.py:161} INFO - Started process (PID=1232) to work on /home/airflow/.local/lib/python3.10/site-packages/airflow/example_dags/example_params_trigger_ui.py
[2025-06-13T14:54:25.811+0000] {processor.py:830} INFO - Processing file /home/airflow/.local/lib/python3.10/site-packages/airflow/example_dags/example_params_trigger_ui.py for tasks to queue
[2025-06-13T14:54:25.813+0000] {logging_mixin.py:188} INFO - [2025-06-13T14:54:25.813+0000] {dagbag.py:540} INFO - Filling up the DagBag from /home/airflow/.local/lib/python3.10/site-packages/airflow/example_dags/example_params_trigger_ui.py
[2025-06-13T14:54:25.820+0000] {processor.py:840} INFO - DAG(s) 'example_params_trigger_ui' retrieved from /home/airflow/.local/lib/python3.10/site-packages/airflow/example_dags/example_params_trigger_ui.py
[2025-06-13T14:54:25.848+0000] {logging_mixin.py:188} INFO - [2025-06-13T14:54:25.848+0000] {dag.py:3096} INFO - Sync 1 DAGs
[2025-06-13T14:54:25.855+0000] {logging_mixin.py:188} INFO - [2025-06-13T14:54:25.855+0000] {dag.py:3954} INFO - Setting next_dagrun for example_params_trigger_ui to None, run_after=None
[2025-06-13T14:54:25.867+0000] {processor.py:183} INFO - Processing /home/airflow/.local/lib/python3.10/site-packages/airflow/example_dags/example_params_trigger_ui.py took 0.060 seconds
[2025-06-13T14:54:55.936+0000] {processor.py:161} INFO - Started process (PID=1292) to work on /home/airflow/.local/lib/python3.10/site-packages/airflow/example_dags/example_params_trigger_ui.py
[2025-06-13T14:54:55.937+0000] {processor.py:830} INFO - Processing file /home/airflow/.local/lib/python3.10/site-packages/airflow/example_dags/example_params_trigger_ui.py for tasks to queue
[2025-06-13T14:54:55.940+0000] {logging_mixin.py:188} INFO - [2025-06-13T14:54:55.940+0000] {dagbag.py:540} INFO - Filling up the DagBag from /home/airflow/.local/lib/python3.10/site-packages/airflow/example_dags/example_params_trigger_ui.py
[2025-06-13T14:54:55.949+0000] {processor.py:840} INFO - DAG(s) 'example_params_trigger_ui' retrieved from /home/airflow/.local/lib/python3.10/site-packages/airflow/example_dags/example_params_trigger_ui.py
[2025-06-13T14:54:55.970+0000] {logging_mixin.py:188} INFO - [2025-06-13T14:54:55.970+0000] {dag.py:3096} INFO - Sync 1 DAGs
[2025-06-13T14:54:55.976+0000] {logging_mixin.py:188} INFO - [2025-06-13T14:54:55.976+0000] {dag.py:3954} INFO - Setting next_dagrun for example_params_trigger_ui to None, run_after=None
[2025-06-13T14:54:55.984+0000] {processor.py:183} INFO - Processing /home/airflow/.local/lib/python3.10/site-packages/airflow/example_dags/example_params_trigger_ui.py took 0.052 seconds
[2025-06-13T14:55:26.539+0000] {processor.py:161} INFO - Started process (PID=1352) to work on /home/airflow/.local/lib/python3.10/site-packages/airflow/example_dags/example_params_trigger_ui.py
[2025-06-13T14:55:26.541+0000] {processor.py:830} INFO - Processing file /home/airflow/.local/lib/python3.10/site-packages/airflow/example_dags/example_params_trigger_ui.py for tasks to queue
[2025-06-13T14:55:26.546+0000] {logging_mixin.py:188} INFO - [2025-06-13T14:55:26.546+0000] {dagbag.py:540} INFO - Filling up the DagBag from /home/airflow/.local/lib/python3.10/site-packages/airflow/example_dags/example_params_trigger_ui.py
[2025-06-13T14:55:26.554+0000] {processor.py:840} INFO - DAG(s) 'example_params_trigger_ui' retrieved from /home/airflow/.local/lib/python3.10/site-packages/airflow/example_dags/example_params_trigger_ui.py
[2025-06-13T14:55:26.585+0000] {logging_mixin.py:188} INFO - [2025-06-13T14:55:26.585+0000] {dag.py:3096} INFO - Sync 1 DAGs
[2025-06-13T14:55:26.592+0000] {logging_mixin.py:188} INFO - [2025-06-13T14:55:26.592+0000] {dag.py:3954} INFO - Setting next_dagrun for example_params_trigger_ui to None, run_after=None
[2025-06-13T14:55:26.602+0000] {processor.py:183} INFO - Processing /home/airflow/.local/lib/python3.10/site-packages/airflow/example_dags/example_params_trigger_ui.py took 0.069 seconds
[2025-06-13T14:55:56.763+0000] {processor.py:161} INFO - Started process (PID=1412) to work on /home/airflow/.local/lib/python3.10/site-packages/airflow/example_dags/example_params_trigger_ui.py
[2025-06-13T14:55:56.764+0000] {processor.py:830} INFO - Processing file /home/airflow/.local/lib/python3.10/site-packages/airflow/example_dags/example_params_trigger_ui.py for tasks to queue
[2025-06-13T14:55:56.766+0000] {logging_mixin.py:188} INFO - [2025-06-13T14:55:56.766+0000] {dagbag.py:540} INFO - Filling up the DagBag from /home/airflow/.local/lib/python3.10/site-packages/airflow/example_dags/example_params_trigger_ui.py
[2025-06-13T14:55:56.774+0000] {processor.py:840} INFO - DAG(s) 'example_params_trigger_ui' retrieved from /home/airflow/.local/lib/python3.10/site-packages/airflow/example_dags/example_params_trigger_ui.py
[2025-06-13T14:55:56.808+0000] {logging_mixin.py:188} INFO - [2025-06-13T14:55:56.808+0000] {dag.py:3096} INFO - Sync 1 DAGs
[2025-06-13T14:55:56.814+0000] {logging_mixin.py:188} INFO - [2025-06-13T14:55:56.814+0000] {dag.py:3954} INFO - Setting next_dagrun for example_params_trigger_ui to None, run_after=None
[2025-06-13T14:55:56.828+0000] {processor.py:183} INFO - Processing /home/airflow/.local/lib/python3.10/site-packages/airflow/example_dags/example_params_trigger_ui.py took 0.069 seconds
[2025-06-13T14:56:27.115+0000] {processor.py:161} INFO - Started process (PID=1472) to work on /home/airflow/.local/lib/python3.10/site-packages/airflow/example_dags/example_params_trigger_ui.py
[2025-06-13T14:56:27.116+0000] {processor.py:830} INFO - Processing file /home/airflow/.local/lib/python3.10/site-packages/airflow/example_dags/example_params_trigger_ui.py for tasks to queue
[2025-06-13T14:56:27.117+0000] {logging_mixin.py:188} INFO - [2025-06-13T14:56:27.117+0000] {dagbag.py:540} INFO - Filling up the DagBag from /home/airflow/.local/lib/python3.10/site-packages/airflow/example_dags/example_params_trigger_ui.py
[2025-06-13T14:56:27.126+0000] {processor.py:840} INFO - DAG(s) 'example_params_trigger_ui' retrieved from /home/airflow/.local/lib/python3.10/site-packages/airflow/example_dags/example_params_trigger_ui.py
[2025-06-13T14:56:27.162+0000] {logging_mixin.py:188} INFO - [2025-06-13T14:56:27.161+0000] {dag.py:3096} INFO - Sync 1 DAGs
[2025-06-13T14:56:27.172+0000] {logging_mixin.py:188} INFO - [2025-06-13T14:56:27.172+0000] {dag.py:3954} INFO - Setting next_dagrun for example_params_trigger_ui to None, run_after=None
[2025-06-13T14:56:27.186+0000] {processor.py:183} INFO - Processing /home/airflow/.local/lib/python3.10/site-packages/airflow/example_dags/example_params_trigger_ui.py took 0.078 seconds
[2025-06-13T14:56:57.229+0000] {processor.py:161} INFO - Started process (PID=1531) to work on /home/airflow/.local/lib/python3.10/site-packages/airflow/example_dags/example_params_trigger_ui.py
[2025-06-13T14:56:57.230+0000] {processor.py:830} INFO - Processing file /home/airflow/.local/lib/python3.10/site-packages/airflow/example_dags/example_params_trigger_ui.py for tasks to queue
[2025-06-13T14:56:57.231+0000] {logging_mixin.py:188} INFO - [2025-06-13T14:56:57.231+0000] {dagbag.py:540} INFO - Filling up the DagBag from /home/airflow/.local/lib/python3.10/site-packages/airflow/example_dags/example_params_trigger_ui.py
[2025-06-13T14:56:57.239+0000] {processor.py:840} INFO - DAG(s) 'example_params_trigger_ui' retrieved from /home/airflow/.local/lib/python3.10/site-packages/airflow/example_dags/example_params_trigger_ui.py
[2025-06-13T14:56:57.260+0000] {logging_mixin.py:188} INFO - [2025-06-13T14:56:57.260+0000] {dag.py:3096} INFO - Sync 1 DAGs
[2025-06-13T14:56:57.268+0000] {logging_mixin.py:188} INFO - [2025-06-13T14:56:57.268+0000] {dag.py:3954} INFO - Setting next_dagrun for example_params_trigger_ui to None, run_after=None
[2025-06-13T14:56:57.276+0000] {processor.py:183} INFO - Processing /home/airflow/.local/lib/python3.10/site-packages/airflow/example_dags/example_params_trigger_ui.py took 0.051 seconds
[2025-06-13T14:57:28.440+0000] {processor.py:161} INFO - Started process (PID=1592) to work on /home/airflow/.local/lib/python3.10/site-packages/airflow/example_dags/example_params_trigger_ui.py
[2025-06-13T14:57:28.441+0000] {processor.py:830} INFO - Processing file /home/airflow/.local/lib/python3.10/site-packages/airflow/example_dags/example_params_trigger_ui.py for tasks to queue
[2025-06-13T14:57:28.442+0000] {logging_mixin.py:188} INFO - [2025-06-13T14:57:28.442+0000] {dagbag.py:540} INFO - Filling up the DagBag from /home/airflow/.local/lib/python3.10/site-packages/airflow/example_dags/example_params_trigger_ui.py
[2025-06-13T14:57:28.450+0000] {processor.py:840} INFO - DAG(s) 'example_params_trigger_ui' retrieved from /home/airflow/.local/lib/python3.10/site-packages/airflow/example_dags/example_params_trigger_ui.py
[2025-06-13T14:57:28.479+0000] {logging_mixin.py:188} INFO - [2025-06-13T14:57:28.479+0000] {dag.py:3096} INFO - Sync 1 DAGs
[2025-06-13T14:57:28.485+0000] {logging_mixin.py:188} INFO - [2025-06-13T14:57:28.485+0000] {dag.py:3954} INFO - Setting next_dagrun for example_params_trigger_ui to None, run_after=None
[2025-06-13T14:57:28.507+0000] {processor.py:183} INFO - Processing /home/airflow/.local/lib/python3.10/site-packages/airflow/example_dags/example_params_trigger_ui.py took 0.071 seconds
[2025-06-13T14:57:59.181+0000] {processor.py:161} INFO - Started process (PID=1652) to work on /home/airflow/.local/lib/python3.10/site-packages/airflow/example_dags/example_params_trigger_ui.py
[2025-06-13T14:57:59.182+0000] {processor.py:830} INFO - Processing file /home/airflow/.local/lib/python3.10/site-packages/airflow/example_dags/example_params_trigger_ui.py for tasks to queue
[2025-06-13T14:57:59.184+0000] {logging_mixin.py:188} INFO - [2025-06-13T14:57:59.183+0000] {dagbag.py:540} INFO - Filling up the DagBag from /home/airflow/.local/lib/python3.10/site-packages/airflow/example_dags/example_params_trigger_ui.py
[2025-06-13T14:57:59.192+0000] {processor.py:840} INFO - DAG(s) 'example_params_trigger_ui' retrieved from /home/airflow/.local/lib/python3.10/site-packages/airflow/example_dags/example_params_trigger_ui.py
[2025-06-13T14:57:59.221+0000] {logging_mixin.py:188} INFO - [2025-06-13T14:57:59.221+0000] {dag.py:3096} INFO - Sync 1 DAGs
[2025-06-13T14:57:59.231+0000] {logging_mixin.py:188} INFO - [2025-06-13T14:57:59.231+0000] {dag.py:3954} INFO - Setting next_dagrun for example_params_trigger_ui to None, run_after=None
[2025-06-13T14:57:59.253+0000] {processor.py:183} INFO - Processing /home/airflow/.local/lib/python3.10/site-packages/airflow/example_dags/example_params_trigger_ui.py took 0.076 seconds
[2025-06-13T14:58:30.536+0000] {processor.py:161} INFO - Started process (PID=1712) to work on /home/airflow/.local/lib/python3.10/site-packages/airflow/example_dags/example_params_trigger_ui.py
[2025-06-13T14:58:30.537+0000] {processor.py:830} INFO - Processing file /home/airflow/.local/lib/python3.10/site-packages/airflow/example_dags/example_params_trigger_ui.py for tasks to queue
[2025-06-13T14:58:30.538+0000] {logging_mixin.py:188} INFO - [2025-06-13T14:58:30.538+0000] {dagbag.py:540} INFO - Filling up the DagBag from /home/airflow/.local/lib/python3.10/site-packages/airflow/example_dags/example_params_trigger_ui.py
[2025-06-13T14:58:30.548+0000] {processor.py:840} INFO - DAG(s) 'example_params_trigger_ui' retrieved from /home/airflow/.local/lib/python3.10/site-packages/airflow/example_dags/example_params_trigger_ui.py
[2025-06-13T14:58:30.576+0000] {logging_mixin.py:188} INFO - [2025-06-13T14:58:30.575+0000] {dag.py:3096} INFO - Sync 1 DAGs
[2025-06-13T14:58:30.582+0000] {logging_mixin.py:188} INFO - [2025-06-13T14:58:30.582+0000] {dag.py:3954} INFO - Setting next_dagrun for example_params_trigger_ui to None, run_after=None
[2025-06-13T14:58:30.592+0000] {processor.py:183} INFO - Processing /home/airflow/.local/lib/python3.10/site-packages/airflow/example_dags/example_params_trigger_ui.py took 0.064 seconds
[2025-06-13T14:59:01.372+0000] {processor.py:161} INFO - Started process (PID=1772) to work on /home/airflow/.local/lib/python3.10/site-packages/airflow/example_dags/example_params_trigger_ui.py
[2025-06-13T14:59:01.373+0000] {processor.py:830} INFO - Processing file /home/airflow/.local/lib/python3.10/site-packages/airflow/example_dags/example_params_trigger_ui.py for tasks to queue
[2025-06-13T14:59:01.374+0000] {logging_mixin.py:188} INFO - [2025-06-13T14:59:01.373+0000] {dagbag.py:540} INFO - Filling up the DagBag from /home/airflow/.local/lib/python3.10/site-packages/airflow/example_dags/example_params_trigger_ui.py
[2025-06-13T14:59:01.381+0000] {processor.py:840} INFO - DAG(s) 'example_params_trigger_ui' retrieved from /home/airflow/.local/lib/python3.10/site-packages/airflow/example_dags/example_params_trigger_ui.py
[2025-06-13T14:59:01.401+0000] {logging_mixin.py:188} INFO - [2025-06-13T14:59:01.400+0000] {dag.py:3096} INFO - Sync 1 DAGs
[2025-06-13T14:59:01.406+0000] {logging_mixin.py:188} INFO - [2025-06-13T14:59:01.406+0000] {dag.py:3954} INFO - Setting next_dagrun for example_params_trigger_ui to None, run_after=None
[2025-06-13T14:59:01.414+0000] {processor.py:183} INFO - Processing /home/airflow/.local/lib/python3.10/site-packages/airflow/example_dags/example_params_trigger_ui.py took 0.045 seconds
[2025-06-13T14:59:31.731+0000] {processor.py:161} INFO - Started process (PID=1832) to work on /home/airflow/.local/lib/python3.10/site-packages/airflow/example_dags/example_params_trigger_ui.py
[2025-06-13T14:59:31.732+0000] {processor.py:830} INFO - Processing file /home/airflow/.local/lib/python3.10/site-packages/airflow/example_dags/example_params_trigger_ui.py for tasks to queue
[2025-06-13T14:59:31.733+0000] {logging_mixin.py:188} INFO - [2025-06-13T14:59:31.733+0000] {dagbag.py:540} INFO - Filling up the DagBag from /home/airflow/.local/lib/python3.10/site-packages/airflow/example_dags/example_params_trigger_ui.py
[2025-06-13T14:59:31.741+0000] {processor.py:840} INFO - DAG(s) 'example_params_trigger_ui' retrieved from /home/airflow/.local/lib/python3.10/site-packages/airflow/example_dags/example_params_trigger_ui.py
[2025-06-13T14:59:31.767+0000] {logging_mixin.py:188} INFO - [2025-06-13T14:59:31.767+0000] {dag.py:3096} INFO - Sync 1 DAGs
[2025-06-13T14:59:31.775+0000] {logging_mixin.py:188} INFO - [2025-06-13T14:59:31.775+0000] {dag.py:3954} INFO - Setting next_dagrun for example_params_trigger_ui to None, run_after=None
[2025-06-13T14:59:31.787+0000] {processor.py:183} INFO - Processing /home/airflow/.local/lib/python3.10/site-packages/airflow/example_dags/example_params_trigger_ui.py took 0.060 seconds
[2025-06-13T15:00:02.675+0000] {processor.py:161} INFO - Started process (PID=1892) to work on /home/airflow/.local/lib/python3.10/site-packages/airflow/example_dags/example_params_trigger_ui.py
[2025-06-13T15:00:02.676+0000] {processor.py:830} INFO - Processing file /home/airflow/.local/lib/python3.10/site-packages/airflow/example_dags/example_params_trigger_ui.py for tasks to queue
[2025-06-13T15:00:02.677+0000] {logging_mixin.py:188} INFO - [2025-06-13T15:00:02.677+0000] {dagbag.py:540} INFO - Filling up the DagBag from /home/airflow/.local/lib/python3.10/site-packages/airflow/example_dags/example_params_trigger_ui.py
[2025-06-13T15:00:02.686+0000] {processor.py:840} INFO - DAG(s) 'example_params_trigger_ui' retrieved from /home/airflow/.local/lib/python3.10/site-packages/airflow/example_dags/example_params_trigger_ui.py
[2025-06-13T15:00:02.717+0000] {logging_mixin.py:188} INFO - [2025-06-13T15:00:02.716+0000] {dag.py:3096} INFO - Sync 1 DAGs
[2025-06-13T15:00:02.724+0000] {logging_mixin.py:188} INFO - [2025-06-13T15:00:02.724+0000] {dag.py:3954} INFO - Setting next_dagrun for example_params_trigger_ui to None, run_after=None
[2025-06-13T15:00:02.742+0000] {processor.py:183} INFO - Processing /home/airflow/.local/lib/python3.10/site-packages/airflow/example_dags/example_params_trigger_ui.py took 0.072 seconds
[2025-06-13T15:00:32.946+0000] {processor.py:161} INFO - Started process (PID=1952) to work on /home/airflow/.local/lib/python3.10/site-packages/airflow/example_dags/example_params_trigger_ui.py
[2025-06-13T15:00:32.947+0000] {processor.py:830} INFO - Processing file /home/airflow/.local/lib/python3.10/site-packages/airflow/example_dags/example_params_trigger_ui.py for tasks to queue
[2025-06-13T15:00:32.949+0000] {logging_mixin.py:188} INFO - [2025-06-13T15:00:32.948+0000] {dagbag.py:540} INFO - Filling up the DagBag from /home/airflow/.local/lib/python3.10/site-packages/airflow/example_dags/example_params_trigger_ui.py
[2025-06-13T15:00:32.959+0000] {processor.py:840} INFO - DAG(s) 'example_params_trigger_ui' retrieved from /home/airflow/.local/lib/python3.10/site-packages/airflow/example_dags/example_params_trigger_ui.py
[2025-06-13T15:00:33.009+0000] {logging_mixin.py:188} INFO - [2025-06-13T15:00:33.009+0000] {dag.py:3096} INFO - Sync 1 DAGs
[2025-06-13T15:00:33.024+0000] {logging_mixin.py:188} INFO - [2025-06-13T15:00:33.024+0000] {dag.py:3954} INFO - Setting next_dagrun for example_params_trigger_ui to None, run_after=None
[2025-06-13T15:00:33.038+0000] {processor.py:183} INFO - Processing /home/airflow/.local/lib/python3.10/site-packages/airflow/example_dags/example_params_trigger_ui.py took 0.098 seconds
[2025-06-13T15:01:03.723+0000] {processor.py:161} INFO - Started process (PID=2012) to work on /home/airflow/.local/lib/python3.10/site-packages/airflow/example_dags/example_params_trigger_ui.py
[2025-06-13T15:01:03.725+0000] {processor.py:830} INFO - Processing file /home/airflow/.local/lib/python3.10/site-packages/airflow/example_dags/example_params_trigger_ui.py for tasks to queue
[2025-06-13T15:01:03.727+0000] {logging_mixin.py:188} INFO - [2025-06-13T15:01:03.727+0000] {dagbag.py:540} INFO - Filling up the DagBag from /home/airflow/.local/lib/python3.10/site-packages/airflow/example_dags/example_params_trigger_ui.py
[2025-06-13T15:01:03.736+0000] {processor.py:840} INFO - DAG(s) 'example_params_trigger_ui' retrieved from /home/airflow/.local/lib/python3.10/site-packages/airflow/example_dags/example_params_trigger_ui.py
[2025-06-13T15:01:03.764+0000] {logging_mixin.py:188} INFO - [2025-06-13T15:01:03.764+0000] {dag.py:3096} INFO - Sync 1 DAGs
[2025-06-13T15:01:03.773+0000] {logging_mixin.py:188} INFO - [2025-06-13T15:01:03.773+0000] {dag.py:3954} INFO - Setting next_dagrun for example_params_trigger_ui to None, run_after=None
[2025-06-13T15:01:03.787+0000] {processor.py:183} INFO - Processing /home/airflow/.local/lib/python3.10/site-packages/airflow/example_dags/example_params_trigger_ui.py took 0.068 seconds
[2025-06-13T15:01:34.078+0000] {processor.py:161} INFO - Started process (PID=2072) to work on /home/airflow/.local/lib/python3.10/site-packages/airflow/example_dags/example_params_trigger_ui.py
[2025-06-13T15:01:34.079+0000] {processor.py:830} INFO - Processing file /home/airflow/.local/lib/python3.10/site-packages/airflow/example_dags/example_params_trigger_ui.py for tasks to queue
[2025-06-13T15:01:34.081+0000] {logging_mixin.py:188} INFO - [2025-06-13T15:01:34.081+0000] {dagbag.py:540} INFO - Filling up the DagBag from /home/airflow/.local/lib/python3.10/site-packages/airflow/example_dags/example_params_trigger_ui.py
[2025-06-13T15:01:34.089+0000] {processor.py:840} INFO - DAG(s) 'example_params_trigger_ui' retrieved from /home/airflow/.local/lib/python3.10/site-packages/airflow/example_dags/example_params_trigger_ui.py
[2025-06-13T15:01:34.115+0000] {logging_mixin.py:188} INFO - [2025-06-13T15:01:34.115+0000] {dag.py:3096} INFO - Sync 1 DAGs
[2025-06-13T15:01:34.122+0000] {logging_mixin.py:188} INFO - [2025-06-13T15:01:34.122+0000] {dag.py:3954} INFO - Setting next_dagrun for example_params_trigger_ui to None, run_after=None
[2025-06-13T15:01:34.136+0000] {processor.py:183} INFO - Processing /home/airflow/.local/lib/python3.10/site-packages/airflow/example_dags/example_params_trigger_ui.py took 0.062 seconds
[2025-06-13T15:02:04.298+0000] {processor.py:161} INFO - Started process (PID=2132) to work on /home/airflow/.local/lib/python3.10/site-packages/airflow/example_dags/example_params_trigger_ui.py
[2025-06-13T15:02:04.301+0000] {processor.py:830} INFO - Processing file /home/airflow/.local/lib/python3.10/site-packages/airflow/example_dags/example_params_trigger_ui.py for tasks to queue
[2025-06-13T15:02:04.302+0000] {logging_mixin.py:188} INFO - [2025-06-13T15:02:04.302+0000] {dagbag.py:540} INFO - Filling up the DagBag from /home/airflow/.local/lib/python3.10/site-packages/airflow/example_dags/example_params_trigger_ui.py
[2025-06-13T15:02:04.310+0000] {processor.py:840} INFO - DAG(s) 'example_params_trigger_ui' retrieved from /home/airflow/.local/lib/python3.10/site-packages/airflow/example_dags/example_params_trigger_ui.py
[2025-06-13T15:02:04.338+0000] {logging_mixin.py:188} INFO - [2025-06-13T15:02:04.338+0000] {dag.py:3096} INFO - Sync 1 DAGs
[2025-06-13T15:02:04.346+0000] {logging_mixin.py:188} INFO - [2025-06-13T15:02:04.346+0000] {dag.py:3954} INFO - Setting next_dagrun for example_params_trigger_ui to None, run_after=None
[2025-06-13T15:02:04.361+0000] {processor.py:183} INFO - Processing /home/airflow/.local/lib/python3.10/site-packages/airflow/example_dags/example_params_trigger_ui.py took 0.067 seconds
[2025-06-13T15:02:34.835+0000] {processor.py:161} INFO - Started process (PID=2191) to work on /home/airflow/.local/lib/python3.10/site-packages/airflow/example_dags/example_params_trigger_ui.py
[2025-06-13T15:02:34.836+0000] {processor.py:830} INFO - Processing file /home/airflow/.local/lib/python3.10/site-packages/airflow/example_dags/example_params_trigger_ui.py for tasks to queue
[2025-06-13T15:02:34.838+0000] {logging_mixin.py:188} INFO - [2025-06-13T15:02:34.838+0000] {dagbag.py:540} INFO - Filling up the DagBag from /home/airflow/.local/lib/python3.10/site-packages/airflow/example_dags/example_params_trigger_ui.py
[2025-06-13T15:02:34.862+0000] {processor.py:840} INFO - DAG(s) 'example_params_trigger_ui' retrieved from /home/airflow/.local/lib/python3.10/site-packages/airflow/example_dags/example_params_trigger_ui.py
[2025-06-13T15:02:34.914+0000] {logging_mixin.py:188} INFO - [2025-06-13T15:02:34.914+0000] {dag.py:3096} INFO - Sync 1 DAGs
[2025-06-13T15:02:34.922+0000] {logging_mixin.py:188} INFO - [2025-06-13T15:02:34.922+0000] {dag.py:3954} INFO - Setting next_dagrun for example_params_trigger_ui to None, run_after=None
[2025-06-13T15:02:34.932+0000] {processor.py:183} INFO - Processing /home/airflow/.local/lib/python3.10/site-packages/airflow/example_dags/example_params_trigger_ui.py took 0.103 seconds
[2025-06-13T15:03:05.478+0000] {processor.py:161} INFO - Started process (PID=2251) to work on /home/airflow/.local/lib/python3.10/site-packages/airflow/example_dags/example_params_trigger_ui.py
[2025-06-13T15:03:05.479+0000] {processor.py:830} INFO - Processing file /home/airflow/.local/lib/python3.10/site-packages/airflow/example_dags/example_params_trigger_ui.py for tasks to queue
[2025-06-13T15:03:05.480+0000] {logging_mixin.py:188} INFO - [2025-06-13T15:03:05.480+0000] {dagbag.py:540} INFO - Filling up the DagBag from /home/airflow/.local/lib/python3.10/site-packages/airflow/example_dags/example_params_trigger_ui.py
[2025-06-13T15:03:05.496+0000] {processor.py:840} INFO - DAG(s) 'example_params_trigger_ui' retrieved from /home/airflow/.local/lib/python3.10/site-packages/airflow/example_dags/example_params_trigger_ui.py
[2025-06-13T15:03:05.530+0000] {logging_mixin.py:188} INFO - [2025-06-13T15:03:05.529+0000] {dag.py:3096} INFO - Sync 1 DAGs
[2025-06-13T15:03:05.542+0000] {logging_mixin.py:188} INFO - [2025-06-13T15:03:05.542+0000] {dag.py:3954} INFO - Setting next_dagrun for example_params_trigger_ui to None, run_after=None
[2025-06-13T15:03:05.564+0000] {processor.py:183} INFO - Processing /home/airflow/.local/lib/python3.10/site-packages/airflow/example_dags/example_params_trigger_ui.py took 0.093 seconds
[2025-06-13T15:03:35.692+0000] {processor.py:161} INFO - Started process (PID=2311) to work on /home/airflow/.local/lib/python3.10/site-packages/airflow/example_dags/example_params_trigger_ui.py
[2025-06-13T15:03:35.693+0000] {processor.py:830} INFO - Processing file /home/airflow/.local/lib/python3.10/site-packages/airflow/example_dags/example_params_trigger_ui.py for tasks to queue
[2025-06-13T15:03:35.694+0000] {logging_mixin.py:188} INFO - [2025-06-13T15:03:35.694+0000] {dagbag.py:540} INFO - Filling up the DagBag from /home/airflow/.local/lib/python3.10/site-packages/airflow/example_dags/example_params_trigger_ui.py
[2025-06-13T15:03:35.706+0000] {processor.py:840} INFO - DAG(s) 'example_params_trigger_ui' retrieved from /home/airflow/.local/lib/python3.10/site-packages/airflow/example_dags/example_params_trigger_ui.py
[2025-06-13T15:03:35.731+0000] {logging_mixin.py:188} INFO - [2025-06-13T15:03:35.731+0000] {dag.py:3096} INFO - Sync 1 DAGs
[2025-06-13T15:03:35.738+0000] {logging_mixin.py:188} INFO - [2025-06-13T15:03:35.738+0000] {dag.py:3954} INFO - Setting next_dagrun for example_params_trigger_ui to None, run_after=None
[2025-06-13T15:03:35.747+0000] {processor.py:183} INFO - Processing /home/airflow/.local/lib/python3.10/site-packages/airflow/example_dags/example_params_trigger_ui.py took 0.059 seconds
[2025-06-13T15:04:06.184+0000] {processor.py:161} INFO - Started process (PID=2371) to work on /home/airflow/.local/lib/python3.10/site-packages/airflow/example_dags/example_params_trigger_ui.py
[2025-06-13T15:04:06.185+0000] {processor.py:830} INFO - Processing file /home/airflow/.local/lib/python3.10/site-packages/airflow/example_dags/example_params_trigger_ui.py for tasks to queue
[2025-06-13T15:04:06.186+0000] {logging_mixin.py:188} INFO - [2025-06-13T15:04:06.186+0000] {dagbag.py:540} INFO - Filling up the DagBag from /home/airflow/.local/lib/python3.10/site-packages/airflow/example_dags/example_params_trigger_ui.py
[2025-06-13T15:04:06.202+0000] {processor.py:840} INFO - DAG(s) 'example_params_trigger_ui' retrieved from /home/airflow/.local/lib/python3.10/site-packages/airflow/example_dags/example_params_trigger_ui.py
[2025-06-13T15:04:06.243+0000] {logging_mixin.py:188} INFO - [2025-06-13T15:04:06.243+0000] {dag.py:3096} INFO - Sync 1 DAGs
[2025-06-13T15:04:06.252+0000] {logging_mixin.py:188} INFO - [2025-06-13T15:04:06.251+0000] {dag.py:3954} INFO - Setting next_dagrun for example_params_trigger_ui to None, run_after=None
[2025-06-13T15:04:06.262+0000] {processor.py:183} INFO - Processing /home/airflow/.local/lib/python3.10/site-packages/airflow/example_dags/example_params_trigger_ui.py took 0.083 seconds
[2025-06-13T15:04:36.769+0000] {processor.py:161} INFO - Started process (PID=2431) to work on /home/airflow/.local/lib/python3.10/site-packages/airflow/example_dags/example_params_trigger_ui.py
[2025-06-13T15:04:36.770+0000] {processor.py:830} INFO - Processing file /home/airflow/.local/lib/python3.10/site-packages/airflow/example_dags/example_params_trigger_ui.py for tasks to queue
[2025-06-13T15:04:36.771+0000] {logging_mixin.py:188} INFO - [2025-06-13T15:04:36.771+0000] {dagbag.py:540} INFO - Filling up the DagBag from /home/airflow/.local/lib/python3.10/site-packages/airflow/example_dags/example_params_trigger_ui.py
[2025-06-13T15:04:36.780+0000] {processor.py:840} INFO - DAG(s) 'example_params_trigger_ui' retrieved from /home/airflow/.local/lib/python3.10/site-packages/airflow/example_dags/example_params_trigger_ui.py
[2025-06-13T15:04:36.804+0000] {logging_mixin.py:188} INFO - [2025-06-13T15:04:36.804+0000] {dag.py:3096} INFO - Sync 1 DAGs
[2025-06-13T15:04:36.814+0000] {logging_mixin.py:188} INFO - [2025-06-13T15:04:36.814+0000] {dag.py:3954} INFO - Setting next_dagrun for example_params_trigger_ui to None, run_after=None
[2025-06-13T15:04:36.828+0000] {processor.py:183} INFO - Processing /home/airflow/.local/lib/python3.10/site-packages/airflow/example_dags/example_params_trigger_ui.py took 0.063 seconds
[2025-06-13T15:05:07.962+0000] {processor.py:161} INFO - Started process (PID=2491) to work on /home/airflow/.local/lib/python3.10/site-packages/airflow/example_dags/example_params_trigger_ui.py
[2025-06-13T15:05:07.965+0000] {processor.py:830} INFO - Processing file /home/airflow/.local/lib/python3.10/site-packages/airflow/example_dags/example_params_trigger_ui.py for tasks to queue
[2025-06-13T15:05:07.967+0000] {logging_mixin.py:188} INFO - [2025-06-13T15:05:07.967+0000] {dagbag.py:540} INFO - Filling up the DagBag from /home/airflow/.local/lib/python3.10/site-packages/airflow/example_dags/example_params_trigger_ui.py
[2025-06-13T15:05:07.979+0000] {processor.py:840} INFO - DAG(s) 'example_params_trigger_ui' retrieved from /home/airflow/.local/lib/python3.10/site-packages/airflow/example_dags/example_params_trigger_ui.py
[2025-06-13T15:05:08.134+0000] {logging_mixin.py:188} INFO - [2025-06-13T15:05:08.133+0000] {dag.py:3096} INFO - Sync 1 DAGs
[2025-06-13T15:05:08.140+0000] {logging_mixin.py:188} INFO - [2025-06-13T15:05:08.140+0000] {dag.py:3954} INFO - Setting next_dagrun for example_params_trigger_ui to None, run_after=None
[2025-06-13T15:05:08.150+0000] {processor.py:183} INFO - Processing /home/airflow/.local/lib/python3.10/site-packages/airflow/example_dags/example_params_trigger_ui.py took 0.193 seconds
