[2025-06-13T14:33:25.362+0000] {processor.py:161} INFO - Started process (PID=77) to work on /home/airflow/.local/lib/python3.10/site-packages/airflow/example_dags/example_latest_only.py
[2025-06-13T14:33:25.363+0000] {processor.py:830} INFO - Processing file /home/airflow/.local/lib/python3.10/site-packages/airflow/example_dags/example_latest_only.py for tasks to queue
[2025-06-13T14:33:25.366+0000] {logging_mixin.py:188} INFO - [2025-06-13T14:33:25.366+0000] {dagbag.py:540} INFO - Filling up the DagBag from /home/airflow/.local/lib/python3.10/site-packages/airflow/example_dags/example_latest_only.py
[2025-06-13T14:33:25.372+0000] {processor.py:840} INFO - DAG(s) 'latest_only' retrieved from /home/airflow/.local/lib/python3.10/site-packages/airflow/example_dags/example_latest_only.py
[2025-06-13T14:33:25.391+0000] {logging_mixin.py:188} INFO - [2025-06-13T14:33:25.391+0000] {dag.py:3096} INFO - Sync 1 DAGs
[2025-06-13T14:33:25.412+0000] {logging_mixin.py:188} INFO - [2025-06-13T14:33:25.412+0000] {dag.py:3954} INFO - Setting next_dagrun for latest_only to 2025-06-13 08:00:00+00:00, run_after=2025-06-13 12:00:00+00:00
[2025-06-13T14:33:25.427+0000] {processor.py:183} INFO - Processing /home/airflow/.local/lib/python3.10/site-packages/airflow/example_dags/example_latest_only.py took 0.070 seconds
[2025-06-13T14:33:55.558+0000] {processor.py:161} INFO - Started process (PID=134) to work on /home/airflow/.local/lib/python3.10/site-packages/airflow/example_dags/example_latest_only.py
[2025-06-13T14:33:55.560+0000] {processor.py:830} INFO - Processing file /home/airflow/.local/lib/python3.10/site-packages/airflow/example_dags/example_latest_only.py for tasks to queue
[2025-06-13T14:33:55.561+0000] {logging_mixin.py:188} INFO - [2025-06-13T14:33:55.560+0000] {dagbag.py:540} INFO - Filling up the DagBag from /home/airflow/.local/lib/python3.10/site-packages/airflow/example_dags/example_latest_only.py
[2025-06-13T14:33:55.567+0000] {processor.py:840} INFO - DAG(s) 'latest_only' retrieved from /home/airflow/.local/lib/python3.10/site-packages/airflow/example_dags/example_latest_only.py
[2025-06-13T14:33:55.625+0000] {logging_mixin.py:188} INFO - [2025-06-13T14:33:55.625+0000] {dag.py:3096} INFO - Sync 1 DAGs
[2025-06-13T14:33:55.636+0000] {logging_mixin.py:188} INFO - [2025-06-13T14:33:55.636+0000] {dag.py:3954} INFO - Setting next_dagrun for latest_only to 2025-06-13 08:00:00+00:00, run_after=2025-06-13 12:00:00+00:00
[2025-06-13T14:33:55.646+0000] {processor.py:183} INFO - Processing /home/airflow/.local/lib/python3.10/site-packages/airflow/example_dags/example_latest_only.py took 0.091 seconds
[2025-06-13T14:34:25.950+0000] {processor.py:161} INFO - Started process (PID=192) to work on /home/airflow/.local/lib/python3.10/site-packages/airflow/example_dags/example_latest_only.py
[2025-06-13T14:34:25.952+0000] {processor.py:830} INFO - Processing file /home/airflow/.local/lib/python3.10/site-packages/airflow/example_dags/example_latest_only.py for tasks to queue
[2025-06-13T14:34:25.954+0000] {logging_mixin.py:188} INFO - [2025-06-13T14:34:25.954+0000] {dagbag.py:540} INFO - Filling up the DagBag from /home/airflow/.local/lib/python3.10/site-packages/airflow/example_dags/example_latest_only.py
[2025-06-13T14:34:25.958+0000] {processor.py:840} INFO - DAG(s) 'latest_only' retrieved from /home/airflow/.local/lib/python3.10/site-packages/airflow/example_dags/example_latest_only.py
[2025-06-13T14:34:25.973+0000] {logging_mixin.py:188} INFO - [2025-06-13T14:34:25.973+0000] {dag.py:3096} INFO - Sync 1 DAGs
[2025-06-13T14:34:25.986+0000] {logging_mixin.py:188} INFO - [2025-06-13T14:34:25.985+0000] {dag.py:3954} INFO - Setting next_dagrun for latest_only to 2025-06-13 08:00:00+00:00, run_after=2025-06-13 12:00:00+00:00
[2025-06-13T14:34:25.994+0000] {processor.py:183} INFO - Processing /home/airflow/.local/lib/python3.10/site-packages/airflow/example_dags/example_latest_only.py took 0.048 seconds
[2025-06-13T14:34:56.341+0000] {processor.py:161} INFO - Started process (PID=250) to work on /home/airflow/.local/lib/python3.10/site-packages/airflow/example_dags/example_latest_only.py
[2025-06-13T14:34:56.344+0000] {processor.py:830} INFO - Processing file /home/airflow/.local/lib/python3.10/site-packages/airflow/example_dags/example_latest_only.py for tasks to queue
[2025-06-13T14:34:56.345+0000] {logging_mixin.py:188} INFO - [2025-06-13T14:34:56.345+0000] {dagbag.py:540} INFO - Filling up the DagBag from /home/airflow/.local/lib/python3.10/site-packages/airflow/example_dags/example_latest_only.py
[2025-06-13T14:34:56.348+0000] {processor.py:840} INFO - DAG(s) 'latest_only' retrieved from /home/airflow/.local/lib/python3.10/site-packages/airflow/example_dags/example_latest_only.py
[2025-06-13T14:34:56.361+0000] {logging_mixin.py:188} INFO - [2025-06-13T14:34:56.361+0000] {dag.py:3096} INFO - Sync 1 DAGs
[2025-06-13T14:34:56.377+0000] {logging_mixin.py:188} INFO - [2025-06-13T14:34:56.377+0000] {dag.py:3954} INFO - Setting next_dagrun for latest_only to 2025-06-13 08:00:00+00:00, run_after=2025-06-13 12:00:00+00:00
[2025-06-13T14:34:56.389+0000] {processor.py:183} INFO - Processing /home/airflow/.local/lib/python3.10/site-packages/airflow/example_dags/example_latest_only.py took 0.051 seconds
[2025-06-13T14:35:27.019+0000] {processor.py:161} INFO - Started process (PID=308) to work on /home/airflow/.local/lib/python3.10/site-packages/airflow/example_dags/example_latest_only.py
[2025-06-13T14:35:27.020+0000] {processor.py:830} INFO - Processing file /home/airflow/.local/lib/python3.10/site-packages/airflow/example_dags/example_latest_only.py for tasks to queue
[2025-06-13T14:35:27.021+0000] {logging_mixin.py:188} INFO - [2025-06-13T14:35:27.021+0000] {dagbag.py:540} INFO - Filling up the DagBag from /home/airflow/.local/lib/python3.10/site-packages/airflow/example_dags/example_latest_only.py
[2025-06-13T14:35:27.024+0000] {processor.py:840} INFO - DAG(s) 'latest_only' retrieved from /home/airflow/.local/lib/python3.10/site-packages/airflow/example_dags/example_latest_only.py
[2025-06-13T14:35:27.036+0000] {logging_mixin.py:188} INFO - [2025-06-13T14:35:27.036+0000] {dag.py:3096} INFO - Sync 1 DAGs
[2025-06-13T14:35:27.048+0000] {logging_mixin.py:188} INFO - [2025-06-13T14:35:27.048+0000] {dag.py:3954} INFO - Setting next_dagrun for latest_only to 2025-06-13 08:00:00+00:00, run_after=2025-06-13 12:00:00+00:00
[2025-06-13T14:35:27.059+0000] {processor.py:183} INFO - Processing /home/airflow/.local/lib/python3.10/site-packages/airflow/example_dags/example_latest_only.py took 0.043 seconds
[2025-06-13T14:35:58.510+0000] {processor.py:161} INFO - Started process (PID=372) to work on /home/airflow/.local/lib/python3.10/site-packages/airflow/example_dags/example_latest_only.py
[2025-06-13T14:35:58.511+0000] {processor.py:830} INFO - Processing file /home/airflow/.local/lib/python3.10/site-packages/airflow/example_dags/example_latest_only.py for tasks to queue
[2025-06-13T14:35:58.512+0000] {logging_mixin.py:188} INFO - [2025-06-13T14:35:58.511+0000] {dagbag.py:540} INFO - Filling up the DagBag from /home/airflow/.local/lib/python3.10/site-packages/airflow/example_dags/example_latest_only.py
[2025-06-13T14:35:58.516+0000] {processor.py:840} INFO - DAG(s) 'latest_only' retrieved from /home/airflow/.local/lib/python3.10/site-packages/airflow/example_dags/example_latest_only.py
[2025-06-13T14:35:58.529+0000] {logging_mixin.py:188} INFO - [2025-06-13T14:35:58.529+0000] {dag.py:3096} INFO - Sync 1 DAGs
[2025-06-13T14:35:58.541+0000] {logging_mixin.py:188} INFO - [2025-06-13T14:35:58.541+0000] {dag.py:3954} INFO - Setting next_dagrun for latest_only to 2025-06-13 08:00:00+00:00, run_after=2025-06-13 12:00:00+00:00
[2025-06-13T14:35:58.550+0000] {processor.py:183} INFO - Processing /home/airflow/.local/lib/python3.10/site-packages/airflow/example_dags/example_latest_only.py took 0.044 seconds
[2025-06-13T14:36:29.316+0000] {processor.py:161} INFO - Started process (PID=430) to work on /home/airflow/.local/lib/python3.10/site-packages/airflow/example_dags/example_latest_only.py
[2025-06-13T14:36:29.317+0000] {processor.py:830} INFO - Processing file /home/airflow/.local/lib/python3.10/site-packages/airflow/example_dags/example_latest_only.py for tasks to queue
[2025-06-13T14:36:29.320+0000] {logging_mixin.py:188} INFO - [2025-06-13T14:36:29.319+0000] {dagbag.py:540} INFO - Filling up the DagBag from /home/airflow/.local/lib/python3.10/site-packages/airflow/example_dags/example_latest_only.py
[2025-06-13T14:36:29.323+0000] {processor.py:840} INFO - DAG(s) 'latest_only' retrieved from /home/airflow/.local/lib/python3.10/site-packages/airflow/example_dags/example_latest_only.py
[2025-06-13T14:36:29.337+0000] {logging_mixin.py:188} INFO - [2025-06-13T14:36:29.337+0000] {dag.py:3096} INFO - Sync 1 DAGs
[2025-06-13T14:36:29.349+0000] {logging_mixin.py:188} INFO - [2025-06-13T14:36:29.349+0000] {dag.py:3954} INFO - Setting next_dagrun for latest_only to 2025-06-13 08:00:00+00:00, run_after=2025-06-13 12:00:00+00:00
[2025-06-13T14:36:29.363+0000] {processor.py:183} INFO - Processing /home/airflow/.local/lib/python3.10/site-packages/airflow/example_dags/example_latest_only.py took 0.050 seconds
[2025-06-13T14:36:59.587+0000] {processor.py:161} INFO - Started process (PID=488) to work on /home/airflow/.local/lib/python3.10/site-packages/airflow/example_dags/example_latest_only.py
[2025-06-13T14:36:59.587+0000] {processor.py:830} INFO - Processing file /home/airflow/.local/lib/python3.10/site-packages/airflow/example_dags/example_latest_only.py for tasks to queue
[2025-06-13T14:36:59.588+0000] {logging_mixin.py:188} INFO - [2025-06-13T14:36:59.588+0000] {dagbag.py:540} INFO - Filling up the DagBag from /home/airflow/.local/lib/python3.10/site-packages/airflow/example_dags/example_latest_only.py
[2025-06-13T14:36:59.591+0000] {processor.py:840} INFO - DAG(s) 'latest_only' retrieved from /home/airflow/.local/lib/python3.10/site-packages/airflow/example_dags/example_latest_only.py
[2025-06-13T14:36:59.603+0000] {logging_mixin.py:188} INFO - [2025-06-13T14:36:59.603+0000] {dag.py:3096} INFO - Sync 1 DAGs
[2025-06-13T14:36:59.616+0000] {logging_mixin.py:188} INFO - [2025-06-13T14:36:59.616+0000] {dag.py:3954} INFO - Setting next_dagrun for latest_only to 2025-06-13 08:00:00+00:00, run_after=2025-06-13 12:00:00+00:00
[2025-06-13T14:36:59.626+0000] {processor.py:183} INFO - Processing /home/airflow/.local/lib/python3.10/site-packages/airflow/example_dags/example_latest_only.py took 0.043 seconds
[2025-06-13T14:37:30.551+0000] {processor.py:161} INFO - Started process (PID=546) to work on /home/airflow/.local/lib/python3.10/site-packages/airflow/example_dags/example_latest_only.py
[2025-06-13T14:37:30.552+0000] {processor.py:830} INFO - Processing file /home/airflow/.local/lib/python3.10/site-packages/airflow/example_dags/example_latest_only.py for tasks to queue
[2025-06-13T14:37:30.553+0000] {logging_mixin.py:188} INFO - [2025-06-13T14:37:30.553+0000] {dagbag.py:540} INFO - Filling up the DagBag from /home/airflow/.local/lib/python3.10/site-packages/airflow/example_dags/example_latest_only.py
[2025-06-13T14:37:30.558+0000] {processor.py:840} INFO - DAG(s) 'latest_only' retrieved from /home/airflow/.local/lib/python3.10/site-packages/airflow/example_dags/example_latest_only.py
[2025-06-13T14:37:30.572+0000] {logging_mixin.py:188} INFO - [2025-06-13T14:37:30.572+0000] {dag.py:3096} INFO - Sync 1 DAGs
[2025-06-13T14:37:30.584+0000] {logging_mixin.py:188} INFO - [2025-06-13T14:37:30.584+0000] {dag.py:3954} INFO - Setting next_dagrun for latest_only to 2025-06-13 08:00:00+00:00, run_after=2025-06-13 12:00:00+00:00
[2025-06-13T14:37:30.598+0000] {processor.py:183} INFO - Processing /home/airflow/.local/lib/python3.10/site-packages/airflow/example_dags/example_latest_only.py took 0.051 seconds
[2025-06-13T14:38:00.643+0000] {processor.py:161} INFO - Started process (PID=604) to work on /home/airflow/.local/lib/python3.10/site-packages/airflow/example_dags/example_latest_only.py
[2025-06-13T14:38:00.644+0000] {processor.py:830} INFO - Processing file /home/airflow/.local/lib/python3.10/site-packages/airflow/example_dags/example_latest_only.py for tasks to queue
[2025-06-13T14:38:00.645+0000] {logging_mixin.py:188} INFO - [2025-06-13T14:38:00.645+0000] {dagbag.py:540} INFO - Filling up the DagBag from /home/airflow/.local/lib/python3.10/site-packages/airflow/example_dags/example_latest_only.py
[2025-06-13T14:38:00.650+0000] {processor.py:840} INFO - DAG(s) 'latest_only' retrieved from /home/airflow/.local/lib/python3.10/site-packages/airflow/example_dags/example_latest_only.py
[2025-06-13T14:38:00.670+0000] {logging_mixin.py:188} INFO - [2025-06-13T14:38:00.670+0000] {dag.py:3096} INFO - Sync 1 DAGs
[2025-06-13T14:38:00.684+0000] {logging_mixin.py:188} INFO - [2025-06-13T14:38:00.683+0000] {dag.py:3954} INFO - Setting next_dagrun for latest_only to 2025-06-13 08:00:00+00:00, run_after=2025-06-13 12:00:00+00:00
[2025-06-13T14:38:00.693+0000] {processor.py:183} INFO - Processing /home/airflow/.local/lib/python3.10/site-packages/airflow/example_dags/example_latest_only.py took 0.056 seconds
[2025-06-13T14:38:31.389+0000] {processor.py:161} INFO - Started process (PID=664) to work on /home/airflow/.local/lib/python3.10/site-packages/airflow/example_dags/example_latest_only.py
[2025-06-13T14:38:31.390+0000] {processor.py:830} INFO - Processing file /home/airflow/.local/lib/python3.10/site-packages/airflow/example_dags/example_latest_only.py for tasks to queue
[2025-06-13T14:38:31.392+0000] {logging_mixin.py:188} INFO - [2025-06-13T14:38:31.392+0000] {dagbag.py:540} INFO - Filling up the DagBag from /home/airflow/.local/lib/python3.10/site-packages/airflow/example_dags/example_latest_only.py
[2025-06-13T14:38:31.396+0000] {processor.py:840} INFO - DAG(s) 'latest_only' retrieved from /home/airflow/.local/lib/python3.10/site-packages/airflow/example_dags/example_latest_only.py
[2025-06-13T14:38:31.409+0000] {logging_mixin.py:188} INFO - [2025-06-13T14:38:31.409+0000] {dag.py:3096} INFO - Sync 1 DAGs
[2025-06-13T14:38:31.422+0000] {logging_mixin.py:188} INFO - [2025-06-13T14:38:31.422+0000] {dag.py:3954} INFO - Setting next_dagrun for latest_only to 2025-06-13 08:00:00+00:00, run_after=2025-06-13 12:00:00+00:00
[2025-06-13T14:38:31.435+0000] {processor.py:183} INFO - Processing /home/airflow/.local/lib/python3.10/site-packages/airflow/example_dags/example_latest_only.py took 0.051 seconds
[2025-06-13T14:39:02.128+0000] {processor.py:161} INFO - Started process (PID=724) to work on /home/airflow/.local/lib/python3.10/site-packages/airflow/example_dags/example_latest_only.py
[2025-06-13T14:39:02.129+0000] {processor.py:830} INFO - Processing file /home/airflow/.local/lib/python3.10/site-packages/airflow/example_dags/example_latest_only.py for tasks to queue
[2025-06-13T14:39:02.130+0000] {logging_mixin.py:188} INFO - [2025-06-13T14:39:02.130+0000] {dagbag.py:540} INFO - Filling up the DagBag from /home/airflow/.local/lib/python3.10/site-packages/airflow/example_dags/example_latest_only.py
[2025-06-13T14:39:02.137+0000] {processor.py:840} INFO - DAG(s) 'latest_only' retrieved from /home/airflow/.local/lib/python3.10/site-packages/airflow/example_dags/example_latest_only.py
[2025-06-13T14:39:02.153+0000] {logging_mixin.py:188} INFO - [2025-06-13T14:39:02.153+0000] {dag.py:3096} INFO - Sync 1 DAGs
[2025-06-13T14:39:02.165+0000] {logging_mixin.py:188} INFO - [2025-06-13T14:39:02.165+0000] {dag.py:3954} INFO - Setting next_dagrun for latest_only to 2025-06-13 08:00:00+00:00, run_after=2025-06-13 12:00:00+00:00
[2025-06-13T14:39:02.174+0000] {processor.py:183} INFO - Processing /home/airflow/.local/lib/python3.10/site-packages/airflow/example_dags/example_latest_only.py took 0.050 seconds
[2025-06-13T14:39:33.155+0000] {processor.py:161} INFO - Started process (PID=784) to work on /home/airflow/.local/lib/python3.10/site-packages/airflow/example_dags/example_latest_only.py
[2025-06-13T14:39:33.157+0000] {processor.py:830} INFO - Processing file /home/airflow/.local/lib/python3.10/site-packages/airflow/example_dags/example_latest_only.py for tasks to queue
[2025-06-13T14:39:33.159+0000] {logging_mixin.py:188} INFO - [2025-06-13T14:39:33.159+0000] {dagbag.py:540} INFO - Filling up the DagBag from /home/airflow/.local/lib/python3.10/site-packages/airflow/example_dags/example_latest_only.py
[2025-06-13T14:39:33.162+0000] {processor.py:840} INFO - DAG(s) 'latest_only' retrieved from /home/airflow/.local/lib/python3.10/site-packages/airflow/example_dags/example_latest_only.py
[2025-06-13T14:39:33.176+0000] {logging_mixin.py:188} INFO - [2025-06-13T14:39:33.176+0000] {dag.py:3096} INFO - Sync 1 DAGs
[2025-06-13T14:39:33.192+0000] {logging_mixin.py:188} INFO - [2025-06-13T14:39:33.192+0000] {dag.py:3954} INFO - Setting next_dagrun for latest_only to 2025-06-13 08:00:00+00:00, run_after=2025-06-13 12:00:00+00:00
[2025-06-13T14:39:33.208+0000] {processor.py:183} INFO - Processing /home/airflow/.local/lib/python3.10/site-packages/airflow/example_dags/example_latest_only.py took 0.056 seconds
[2025-06-13T14:40:03.566+0000] {processor.py:161} INFO - Started process (PID=844) to work on /home/airflow/.local/lib/python3.10/site-packages/airflow/example_dags/example_latest_only.py
[2025-06-13T14:40:03.567+0000] {processor.py:830} INFO - Processing file /home/airflow/.local/lib/python3.10/site-packages/airflow/example_dags/example_latest_only.py for tasks to queue
[2025-06-13T14:40:03.568+0000] {logging_mixin.py:188} INFO - [2025-06-13T14:40:03.568+0000] {dagbag.py:540} INFO - Filling up the DagBag from /home/airflow/.local/lib/python3.10/site-packages/airflow/example_dags/example_latest_only.py
[2025-06-13T14:40:03.574+0000] {processor.py:840} INFO - DAG(s) 'latest_only' retrieved from /home/airflow/.local/lib/python3.10/site-packages/airflow/example_dags/example_latest_only.py
[2025-06-13T14:40:03.591+0000] {logging_mixin.py:188} INFO - [2025-06-13T14:40:03.591+0000] {dag.py:3096} INFO - Sync 1 DAGs
[2025-06-13T14:40:03.604+0000] {logging_mixin.py:188} INFO - [2025-06-13T14:40:03.604+0000] {dag.py:3954} INFO - Setting next_dagrun for latest_only to 2025-06-13 08:00:00+00:00, run_after=2025-06-13 12:00:00+00:00
[2025-06-13T14:40:03.614+0000] {processor.py:183} INFO - Processing /home/airflow/.local/lib/python3.10/site-packages/airflow/example_dags/example_latest_only.py took 0.051 seconds
[2025-06-13T14:40:34.682+0000] {processor.py:161} INFO - Started process (PID=904) to work on /home/airflow/.local/lib/python3.10/site-packages/airflow/example_dags/example_latest_only.py
[2025-06-13T14:40:34.684+0000] {processor.py:830} INFO - Processing file /home/airflow/.local/lib/python3.10/site-packages/airflow/example_dags/example_latest_only.py for tasks to queue
[2025-06-13T14:40:34.686+0000] {logging_mixin.py:188} INFO - [2025-06-13T14:40:34.686+0000] {dagbag.py:540} INFO - Filling up the DagBag from /home/airflow/.local/lib/python3.10/site-packages/airflow/example_dags/example_latest_only.py
[2025-06-13T14:40:34.689+0000] {processor.py:840} INFO - DAG(s) 'latest_only' retrieved from /home/airflow/.local/lib/python3.10/site-packages/airflow/example_dags/example_latest_only.py
[2025-06-13T14:40:34.705+0000] {logging_mixin.py:188} INFO - [2025-06-13T14:40:34.705+0000] {dag.py:3096} INFO - Sync 1 DAGs
[2025-06-13T14:40:34.715+0000] {logging_mixin.py:188} INFO - [2025-06-13T14:40:34.715+0000] {dag.py:3954} INFO - Setting next_dagrun for latest_only to 2025-06-13 08:00:00+00:00, run_after=2025-06-13 12:00:00+00:00
[2025-06-13T14:40:34.725+0000] {processor.py:183} INFO - Processing /home/airflow/.local/lib/python3.10/site-packages/airflow/example_dags/example_latest_only.py took 0.047 seconds
[2025-06-13T14:41:05.183+0000] {processor.py:161} INFO - Started process (PID=964) to work on /home/airflow/.local/lib/python3.10/site-packages/airflow/example_dags/example_latest_only.py
[2025-06-13T14:41:05.183+0000] {processor.py:830} INFO - Processing file /home/airflow/.local/lib/python3.10/site-packages/airflow/example_dags/example_latest_only.py for tasks to queue
[2025-06-13T14:41:05.185+0000] {logging_mixin.py:188} INFO - [2025-06-13T14:41:05.184+0000] {dagbag.py:540} INFO - Filling up the DagBag from /home/airflow/.local/lib/python3.10/site-packages/airflow/example_dags/example_latest_only.py
[2025-06-13T14:41:05.189+0000] {processor.py:840} INFO - DAG(s) 'latest_only' retrieved from /home/airflow/.local/lib/python3.10/site-packages/airflow/example_dags/example_latest_only.py
[2025-06-13T14:41:05.200+0000] {logging_mixin.py:188} INFO - [2025-06-13T14:41:05.200+0000] {dag.py:3096} INFO - Sync 1 DAGs
[2025-06-13T14:41:05.212+0000] {logging_mixin.py:188} INFO - [2025-06-13T14:41:05.212+0000] {dag.py:3954} INFO - Setting next_dagrun for latest_only to 2025-06-13 08:00:00+00:00, run_after=2025-06-13 12:00:00+00:00
[2025-06-13T14:41:05.224+0000] {processor.py:183} INFO - Processing /home/airflow/.local/lib/python3.10/site-packages/airflow/example_dags/example_latest_only.py took 0.045 seconds
[2025-06-13T14:41:35.602+0000] {processor.py:161} INFO - Started process (PID=1024) to work on /home/airflow/.local/lib/python3.10/site-packages/airflow/example_dags/example_latest_only.py
[2025-06-13T14:41:35.603+0000] {processor.py:830} INFO - Processing file /home/airflow/.local/lib/python3.10/site-packages/airflow/example_dags/example_latest_only.py for tasks to queue
[2025-06-13T14:41:35.605+0000] {logging_mixin.py:188} INFO - [2025-06-13T14:41:35.604+0000] {dagbag.py:540} INFO - Filling up the DagBag from /home/airflow/.local/lib/python3.10/site-packages/airflow/example_dags/example_latest_only.py
[2025-06-13T14:41:35.609+0000] {processor.py:840} INFO - DAG(s) 'latest_only' retrieved from /home/airflow/.local/lib/python3.10/site-packages/airflow/example_dags/example_latest_only.py
[2025-06-13T14:41:35.625+0000] {logging_mixin.py:188} INFO - [2025-06-13T14:41:35.625+0000] {dag.py:3096} INFO - Sync 1 DAGs
[2025-06-13T14:41:35.637+0000] {logging_mixin.py:188} INFO - [2025-06-13T14:41:35.637+0000] {dag.py:3954} INFO - Setting next_dagrun for latest_only to 2025-06-13 08:00:00+00:00, run_after=2025-06-13 12:00:00+00:00
[2025-06-13T14:41:35.648+0000] {processor.py:183} INFO - Processing /home/airflow/.local/lib/python3.10/site-packages/airflow/example_dags/example_latest_only.py took 0.049 seconds
[2025-06-13T14:42:05.978+0000] {processor.py:161} INFO - Started process (PID=1084) to work on /home/airflow/.local/lib/python3.10/site-packages/airflow/example_dags/example_latest_only.py
[2025-06-13T14:42:05.979+0000] {processor.py:830} INFO - Processing file /home/airflow/.local/lib/python3.10/site-packages/airflow/example_dags/example_latest_only.py for tasks to queue
[2025-06-13T14:42:05.981+0000] {logging_mixin.py:188} INFO - [2025-06-13T14:42:05.981+0000] {dagbag.py:540} INFO - Filling up the DagBag from /home/airflow/.local/lib/python3.10/site-packages/airflow/example_dags/example_latest_only.py
[2025-06-13T14:42:05.983+0000] {processor.py:840} INFO - DAG(s) 'latest_only' retrieved from /home/airflow/.local/lib/python3.10/site-packages/airflow/example_dags/example_latest_only.py
[2025-06-13T14:42:05.996+0000] {logging_mixin.py:188} INFO - [2025-06-13T14:42:05.996+0000] {dag.py:3096} INFO - Sync 1 DAGs
[2025-06-13T14:42:06.008+0000] {logging_mixin.py:188} INFO - [2025-06-13T14:42:06.008+0000] {dag.py:3954} INFO - Setting next_dagrun for latest_only to 2025-06-13 08:00:00+00:00, run_after=2025-06-13 12:00:00+00:00
[2025-06-13T14:42:06.019+0000] {processor.py:183} INFO - Processing /home/airflow/.local/lib/python3.10/site-packages/airflow/example_dags/example_latest_only.py took 0.045 seconds
[2025-06-13T14:42:37.248+0000] {processor.py:161} INFO - Started process (PID=1144) to work on /home/airflow/.local/lib/python3.10/site-packages/airflow/example_dags/example_latest_only.py
[2025-06-13T14:42:37.250+0000] {processor.py:830} INFO - Processing file /home/airflow/.local/lib/python3.10/site-packages/airflow/example_dags/example_latest_only.py for tasks to queue
[2025-06-13T14:42:37.254+0000] {logging_mixin.py:188} INFO - [2025-06-13T14:42:37.253+0000] {dagbag.py:540} INFO - Filling up the DagBag from /home/airflow/.local/lib/python3.10/site-packages/airflow/example_dags/example_latest_only.py
[2025-06-13T14:42:37.261+0000] {processor.py:840} INFO - DAG(s) 'latest_only' retrieved from /home/airflow/.local/lib/python3.10/site-packages/airflow/example_dags/example_latest_only.py
[2025-06-13T14:42:37.285+0000] {logging_mixin.py:188} INFO - [2025-06-13T14:42:37.284+0000] {dag.py:3096} INFO - Sync 1 DAGs
[2025-06-13T14:42:37.307+0000] {logging_mixin.py:188} INFO - [2025-06-13T14:42:37.307+0000] {dag.py:3954} INFO - Setting next_dagrun for latest_only to 2025-06-13 08:00:00+00:00, run_after=2025-06-13 12:00:00+00:00
[2025-06-13T14:42:37.340+0000] {processor.py:183} INFO - Processing /home/airflow/.local/lib/python3.10/site-packages/airflow/example_dags/example_latest_only.py took 0.098 seconds
[2025-06-13T14:43:07.965+0000] {processor.py:161} INFO - Started process (PID=1204) to work on /home/airflow/.local/lib/python3.10/site-packages/airflow/example_dags/example_latest_only.py
[2025-06-13T14:43:07.968+0000] {processor.py:830} INFO - Processing file /home/airflow/.local/lib/python3.10/site-packages/airflow/example_dags/example_latest_only.py for tasks to queue
[2025-06-13T14:43:07.969+0000] {logging_mixin.py:188} INFO - [2025-06-13T14:43:07.969+0000] {dagbag.py:540} INFO - Filling up the DagBag from /home/airflow/.local/lib/python3.10/site-packages/airflow/example_dags/example_latest_only.py
[2025-06-13T14:43:07.972+0000] {processor.py:840} INFO - DAG(s) 'latest_only' retrieved from /home/airflow/.local/lib/python3.10/site-packages/airflow/example_dags/example_latest_only.py
[2025-06-13T14:43:07.985+0000] {logging_mixin.py:188} INFO - [2025-06-13T14:43:07.985+0000] {dag.py:3096} INFO - Sync 1 DAGs
[2025-06-13T14:43:07.996+0000] {logging_mixin.py:188} INFO - [2025-06-13T14:43:07.996+0000] {dag.py:3954} INFO - Setting next_dagrun for latest_only to 2025-06-13 08:00:00+00:00, run_after=2025-06-13 12:00:00+00:00
[2025-06-13T14:43:08.011+0000] {processor.py:183} INFO - Processing /home/airflow/.local/lib/python3.10/site-packages/airflow/example_dags/example_latest_only.py took 0.050 seconds
[2025-06-13T14:44:43.401+0000] {processor.py:161} INFO - Started process (PID=95) to work on /home/airflow/.local/lib/python3.10/site-packages/airflow/example_dags/example_latest_only.py
[2025-06-13T14:44:43.401+0000] {processor.py:830} INFO - Processing file /home/airflow/.local/lib/python3.10/site-packages/airflow/example_dags/example_latest_only.py for tasks to queue
[2025-06-13T14:44:43.403+0000] {logging_mixin.py:188} INFO - [2025-06-13T14:44:43.402+0000] {dagbag.py:540} INFO - Filling up the DagBag from /home/airflow/.local/lib/python3.10/site-packages/airflow/example_dags/example_latest_only.py
[2025-06-13T14:44:43.406+0000] {processor.py:840} INFO - DAG(s) 'latest_only' retrieved from /home/airflow/.local/lib/python3.10/site-packages/airflow/example_dags/example_latest_only.py
[2025-06-13T14:44:43.414+0000] {logging_mixin.py:188} INFO - [2025-06-13T14:44:43.414+0000] {dag.py:3096} INFO - Sync 1 DAGs
[2025-06-13T14:44:43.433+0000] {logging_mixin.py:188} INFO - [2025-06-13T14:44:43.432+0000] {dag.py:3954} INFO - Setting next_dagrun for latest_only to 2025-06-13 08:00:00+00:00, run_after=2025-06-13 12:00:00+00:00
[2025-06-13T14:44:43.448+0000] {processor.py:183} INFO - Processing /home/airflow/.local/lib/python3.10/site-packages/airflow/example_dags/example_latest_only.py took 0.051 seconds
[2025-06-13T14:45:16.751+0000] {processor.py:161} INFO - Started process (PID=165) to work on /home/airflow/.local/lib/python3.10/site-packages/airflow/example_dags/example_latest_only.py
[2025-06-13T14:45:16.753+0000] {processor.py:830} INFO - Processing file /home/airflow/.local/lib/python3.10/site-packages/airflow/example_dags/example_latest_only.py for tasks to queue
[2025-06-13T14:45:16.754+0000] {logging_mixin.py:188} INFO - [2025-06-13T14:45:16.754+0000] {dagbag.py:540} INFO - Filling up the DagBag from /home/airflow/.local/lib/python3.10/site-packages/airflow/example_dags/example_latest_only.py
[2025-06-13T14:45:16.760+0000] {processor.py:840} INFO - DAG(s) 'latest_only' retrieved from /home/airflow/.local/lib/python3.10/site-packages/airflow/example_dags/example_latest_only.py
[2025-06-13T14:45:16.836+0000] {logging_mixin.py:188} INFO - [2025-06-13T14:45:16.836+0000] {dag.py:3096} INFO - Sync 1 DAGs
[2025-06-13T14:45:16.850+0000] {logging_mixin.py:188} INFO - [2025-06-13T14:45:16.850+0000] {dag.py:3954} INFO - Setting next_dagrun for latest_only to 2025-06-13 08:00:00+00:00, run_after=2025-06-13 12:00:00+00:00
[2025-06-13T14:45:16.881+0000] {processor.py:183} INFO - Processing /home/airflow/.local/lib/python3.10/site-packages/airflow/example_dags/example_latest_only.py took 0.156 seconds
[2025-06-13T14:45:47.477+0000] {processor.py:161} INFO - Started process (PID=233) to work on /home/airflow/.local/lib/python3.10/site-packages/airflow/example_dags/example_latest_only.py
[2025-06-13T14:45:47.478+0000] {processor.py:830} INFO - Processing file /home/airflow/.local/lib/python3.10/site-packages/airflow/example_dags/example_latest_only.py for tasks to queue
[2025-06-13T14:45:47.480+0000] {logging_mixin.py:188} INFO - [2025-06-13T14:45:47.480+0000] {dagbag.py:540} INFO - Filling up the DagBag from /home/airflow/.local/lib/python3.10/site-packages/airflow/example_dags/example_latest_only.py
[2025-06-13T14:45:47.484+0000] {processor.py:840} INFO - DAG(s) 'latest_only' retrieved from /home/airflow/.local/lib/python3.10/site-packages/airflow/example_dags/example_latest_only.py
[2025-06-13T14:45:47.505+0000] {logging_mixin.py:188} INFO - [2025-06-13T14:45:47.504+0000] {dag.py:3096} INFO - Sync 1 DAGs
[2025-06-13T14:45:47.521+0000] {logging_mixin.py:188} INFO - [2025-06-13T14:45:47.521+0000] {dag.py:3954} INFO - Setting next_dagrun for latest_only to 2025-06-13 08:00:00+00:00, run_after=2025-06-13 12:00:00+00:00
[2025-06-13T14:45:47.531+0000] {processor.py:183} INFO - Processing /home/airflow/.local/lib/python3.10/site-packages/airflow/example_dags/example_latest_only.py took 0.059 seconds
[2025-06-13T14:46:18.180+0000] {processor.py:161} INFO - Started process (PID=293) to work on /home/airflow/.local/lib/python3.10/site-packages/airflow/example_dags/example_latest_only.py
[2025-06-13T14:46:18.183+0000] {processor.py:830} INFO - Processing file /home/airflow/.local/lib/python3.10/site-packages/airflow/example_dags/example_latest_only.py for tasks to queue
[2025-06-13T14:46:18.185+0000] {logging_mixin.py:188} INFO - [2025-06-13T14:46:18.185+0000] {dagbag.py:540} INFO - Filling up the DagBag from /home/airflow/.local/lib/python3.10/site-packages/airflow/example_dags/example_latest_only.py
[2025-06-13T14:46:18.188+0000] {processor.py:840} INFO - DAG(s) 'latest_only' retrieved from /home/airflow/.local/lib/python3.10/site-packages/airflow/example_dags/example_latest_only.py
[2025-06-13T14:46:18.201+0000] {logging_mixin.py:188} INFO - [2025-06-13T14:46:18.200+0000] {dag.py:3096} INFO - Sync 1 DAGs
[2025-06-13T14:46:18.211+0000] {logging_mixin.py:188} INFO - [2025-06-13T14:46:18.211+0000] {dag.py:3954} INFO - Setting next_dagrun for latest_only to 2025-06-13 08:00:00+00:00, run_after=2025-06-13 12:00:00+00:00
[2025-06-13T14:46:18.221+0000] {processor.py:183} INFO - Processing /home/airflow/.local/lib/python3.10/site-packages/airflow/example_dags/example_latest_only.py took 0.046 seconds
[2025-06-13T14:46:48.969+0000] {processor.py:161} INFO - Started process (PID=353) to work on /home/airflow/.local/lib/python3.10/site-packages/airflow/example_dags/example_latest_only.py
[2025-06-13T14:46:48.970+0000] {processor.py:830} INFO - Processing file /home/airflow/.local/lib/python3.10/site-packages/airflow/example_dags/example_latest_only.py for tasks to queue
[2025-06-13T14:46:48.971+0000] {logging_mixin.py:188} INFO - [2025-06-13T14:46:48.971+0000] {dagbag.py:540} INFO - Filling up the DagBag from /home/airflow/.local/lib/python3.10/site-packages/airflow/example_dags/example_latest_only.py
[2025-06-13T14:46:48.975+0000] {processor.py:840} INFO - DAG(s) 'latest_only' retrieved from /home/airflow/.local/lib/python3.10/site-packages/airflow/example_dags/example_latest_only.py
[2025-06-13T14:46:48.988+0000] {logging_mixin.py:188} INFO - [2025-06-13T14:46:48.987+0000] {dag.py:3096} INFO - Sync 1 DAGs
[2025-06-13T14:46:49.008+0000] {logging_mixin.py:188} INFO - [2025-06-13T14:46:49.007+0000] {dag.py:3954} INFO - Setting next_dagrun for latest_only to 2025-06-13 08:00:00+00:00, run_after=2025-06-13 12:00:00+00:00
[2025-06-13T14:46:49.030+0000] {processor.py:183} INFO - Processing /home/airflow/.local/lib/python3.10/site-packages/airflow/example_dags/example_latest_only.py took 0.065 seconds
[2025-06-13T14:47:19.437+0000] {processor.py:161} INFO - Started process (PID=413) to work on /home/airflow/.local/lib/python3.10/site-packages/airflow/example_dags/example_latest_only.py
[2025-06-13T14:47:19.438+0000] {processor.py:830} INFO - Processing file /home/airflow/.local/lib/python3.10/site-packages/airflow/example_dags/example_latest_only.py for tasks to queue
[2025-06-13T14:47:19.439+0000] {logging_mixin.py:188} INFO - [2025-06-13T14:47:19.438+0000] {dagbag.py:540} INFO - Filling up the DagBag from /home/airflow/.local/lib/python3.10/site-packages/airflow/example_dags/example_latest_only.py
[2025-06-13T14:47:19.441+0000] {processor.py:840} INFO - DAG(s) 'latest_only' retrieved from /home/airflow/.local/lib/python3.10/site-packages/airflow/example_dags/example_latest_only.py
[2025-06-13T14:47:19.455+0000] {logging_mixin.py:188} INFO - [2025-06-13T14:47:19.455+0000] {dag.py:3096} INFO - Sync 1 DAGs
[2025-06-13T14:47:19.467+0000] {logging_mixin.py:188} INFO - [2025-06-13T14:47:19.467+0000] {dag.py:3954} INFO - Setting next_dagrun for latest_only to 2025-06-13 08:00:00+00:00, run_after=2025-06-13 12:00:00+00:00
[2025-06-13T14:47:19.478+0000] {processor.py:183} INFO - Processing /home/airflow/.local/lib/python3.10/site-packages/airflow/example_dags/example_latest_only.py took 0.045 seconds
[2025-06-13T14:47:49.670+0000] {processor.py:161} INFO - Started process (PID=473) to work on /home/airflow/.local/lib/python3.10/site-packages/airflow/example_dags/example_latest_only.py
[2025-06-13T14:47:49.672+0000] {processor.py:830} INFO - Processing file /home/airflow/.local/lib/python3.10/site-packages/airflow/example_dags/example_latest_only.py for tasks to queue
[2025-06-13T14:47:49.674+0000] {logging_mixin.py:188} INFO - [2025-06-13T14:47:49.674+0000] {dagbag.py:540} INFO - Filling up the DagBag from /home/airflow/.local/lib/python3.10/site-packages/airflow/example_dags/example_latest_only.py
[2025-06-13T14:47:49.676+0000] {processor.py:840} INFO - DAG(s) 'latest_only' retrieved from /home/airflow/.local/lib/python3.10/site-packages/airflow/example_dags/example_latest_only.py
[2025-06-13T14:47:49.693+0000] {logging_mixin.py:188} INFO - [2025-06-13T14:47:49.692+0000] {dag.py:3096} INFO - Sync 1 DAGs
[2025-06-13T14:47:49.709+0000] {logging_mixin.py:188} INFO - [2025-06-13T14:47:49.708+0000] {dag.py:3954} INFO - Setting next_dagrun for latest_only to 2025-06-13 08:00:00+00:00, run_after=2025-06-13 12:00:00+00:00
[2025-06-13T14:47:49.724+0000] {processor.py:183} INFO - Processing /home/airflow/.local/lib/python3.10/site-packages/airflow/example_dags/example_latest_only.py took 0.057 seconds
[2025-06-13T14:48:20.515+0000] {processor.py:161} INFO - Started process (PID=533) to work on /home/airflow/.local/lib/python3.10/site-packages/airflow/example_dags/example_latest_only.py
[2025-06-13T14:48:20.516+0000] {processor.py:830} INFO - Processing file /home/airflow/.local/lib/python3.10/site-packages/airflow/example_dags/example_latest_only.py for tasks to queue
[2025-06-13T14:48:20.520+0000] {logging_mixin.py:188} INFO - [2025-06-13T14:48:20.520+0000] {dagbag.py:540} INFO - Filling up the DagBag from /home/airflow/.local/lib/python3.10/site-packages/airflow/example_dags/example_latest_only.py
[2025-06-13T14:48:20.522+0000] {processor.py:840} INFO - DAG(s) 'latest_only' retrieved from /home/airflow/.local/lib/python3.10/site-packages/airflow/example_dags/example_latest_only.py
[2025-06-13T14:48:20.537+0000] {logging_mixin.py:188} INFO - [2025-06-13T14:48:20.537+0000] {dag.py:3096} INFO - Sync 1 DAGs
[2025-06-13T14:48:20.549+0000] {logging_mixin.py:188} INFO - [2025-06-13T14:48:20.549+0000] {dag.py:3954} INFO - Setting next_dagrun for latest_only to 2025-06-13 08:00:00+00:00, run_after=2025-06-13 12:00:00+00:00
[2025-06-13T14:48:20.563+0000] {processor.py:183} INFO - Processing /home/airflow/.local/lib/python3.10/site-packages/airflow/example_dags/example_latest_only.py took 0.052 seconds
[2025-06-13T14:48:51.057+0000] {processor.py:161} INFO - Started process (PID=593) to work on /home/airflow/.local/lib/python3.10/site-packages/airflow/example_dags/example_latest_only.py
[2025-06-13T14:48:51.059+0000] {processor.py:830} INFO - Processing file /home/airflow/.local/lib/python3.10/site-packages/airflow/example_dags/example_latest_only.py for tasks to queue
[2025-06-13T14:48:51.060+0000] {logging_mixin.py:188} INFO - [2025-06-13T14:48:51.060+0000] {dagbag.py:540} INFO - Filling up the DagBag from /home/airflow/.local/lib/python3.10/site-packages/airflow/example_dags/example_latest_only.py
[2025-06-13T14:48:51.064+0000] {processor.py:840} INFO - DAG(s) 'latest_only' retrieved from /home/airflow/.local/lib/python3.10/site-packages/airflow/example_dags/example_latest_only.py
[2025-06-13T14:48:51.084+0000] {logging_mixin.py:188} INFO - [2025-06-13T14:48:51.084+0000] {dag.py:3096} INFO - Sync 1 DAGs
[2025-06-13T14:48:51.105+0000] {logging_mixin.py:188} INFO - [2025-06-13T14:48:51.105+0000] {dag.py:3954} INFO - Setting next_dagrun for latest_only to 2025-06-13 08:00:00+00:00, run_after=2025-06-13 12:00:00+00:00
[2025-06-13T14:48:51.128+0000] {processor.py:183} INFO - Processing /home/airflow/.local/lib/python3.10/site-packages/airflow/example_dags/example_latest_only.py took 0.076 seconds
[2025-06-13T14:49:21.499+0000] {processor.py:161} INFO - Started process (PID=653) to work on /home/airflow/.local/lib/python3.10/site-packages/airflow/example_dags/example_latest_only.py
[2025-06-13T14:49:21.502+0000] {processor.py:830} INFO - Processing file /home/airflow/.local/lib/python3.10/site-packages/airflow/example_dags/example_latest_only.py for tasks to queue
[2025-06-13T14:49:21.504+0000] {logging_mixin.py:188} INFO - [2025-06-13T14:49:21.503+0000] {dagbag.py:540} INFO - Filling up the DagBag from /home/airflow/.local/lib/python3.10/site-packages/airflow/example_dags/example_latest_only.py
[2025-06-13T14:49:21.510+0000] {processor.py:840} INFO - DAG(s) 'latest_only' retrieved from /home/airflow/.local/lib/python3.10/site-packages/airflow/example_dags/example_latest_only.py
[2025-06-13T14:49:21.523+0000] {logging_mixin.py:188} INFO - [2025-06-13T14:49:21.523+0000] {dag.py:3096} INFO - Sync 1 DAGs
[2025-06-13T14:49:21.536+0000] {logging_mixin.py:188} INFO - [2025-06-13T14:49:21.536+0000] {dag.py:3954} INFO - Setting next_dagrun for latest_only to 2025-06-13 08:00:00+00:00, run_after=2025-06-13 12:00:00+00:00
[2025-06-13T14:49:21.551+0000] {processor.py:183} INFO - Processing /home/airflow/.local/lib/python3.10/site-packages/airflow/example_dags/example_latest_only.py took 0.056 seconds
[2025-06-13T14:49:51.698+0000] {processor.py:161} INFO - Started process (PID=713) to work on /home/airflow/.local/lib/python3.10/site-packages/airflow/example_dags/example_latest_only.py
[2025-06-13T14:49:51.699+0000] {processor.py:830} INFO - Processing file /home/airflow/.local/lib/python3.10/site-packages/airflow/example_dags/example_latest_only.py for tasks to queue
[2025-06-13T14:49:51.701+0000] {logging_mixin.py:188} INFO - [2025-06-13T14:49:51.701+0000] {dagbag.py:540} INFO - Filling up the DagBag from /home/airflow/.local/lib/python3.10/site-packages/airflow/example_dags/example_latest_only.py
[2025-06-13T14:49:51.705+0000] {processor.py:840} INFO - DAG(s) 'latest_only' retrieved from /home/airflow/.local/lib/python3.10/site-packages/airflow/example_dags/example_latest_only.py
[2025-06-13T14:49:51.719+0000] {logging_mixin.py:188} INFO - [2025-06-13T14:49:51.718+0000] {dag.py:3096} INFO - Sync 1 DAGs
[2025-06-13T14:49:51.730+0000] {logging_mixin.py:188} INFO - [2025-06-13T14:49:51.730+0000] {dag.py:3954} INFO - Setting next_dagrun for latest_only to 2025-06-13 08:00:00+00:00, run_after=2025-06-13 12:00:00+00:00
[2025-06-13T14:49:51.744+0000] {processor.py:183} INFO - Processing /home/airflow/.local/lib/python3.10/site-packages/airflow/example_dags/example_latest_only.py took 0.050 seconds
[2025-06-13T14:50:22.200+0000] {processor.py:161} INFO - Started process (PID=773) to work on /home/airflow/.local/lib/python3.10/site-packages/airflow/example_dags/example_latest_only.py
[2025-06-13T14:50:22.202+0000] {processor.py:830} INFO - Processing file /home/airflow/.local/lib/python3.10/site-packages/airflow/example_dags/example_latest_only.py for tasks to queue
[2025-06-13T14:50:22.203+0000] {logging_mixin.py:188} INFO - [2025-06-13T14:50:22.203+0000] {dagbag.py:540} INFO - Filling up the DagBag from /home/airflow/.local/lib/python3.10/site-packages/airflow/example_dags/example_latest_only.py
[2025-06-13T14:50:22.209+0000] {processor.py:840} INFO - DAG(s) 'latest_only' retrieved from /home/airflow/.local/lib/python3.10/site-packages/airflow/example_dags/example_latest_only.py
[2025-06-13T14:50:22.225+0000] {logging_mixin.py:188} INFO - [2025-06-13T14:50:22.224+0000] {dag.py:3096} INFO - Sync 1 DAGs
[2025-06-13T14:50:22.236+0000] {logging_mixin.py:188} INFO - [2025-06-13T14:50:22.236+0000] {dag.py:3954} INFO - Setting next_dagrun for latest_only to 2025-06-13 08:00:00+00:00, run_after=2025-06-13 12:00:00+00:00
[2025-06-13T14:50:22.245+0000] {processor.py:183} INFO - Processing /home/airflow/.local/lib/python3.10/site-packages/airflow/example_dags/example_latest_only.py took 0.051 seconds
[2025-06-13T14:50:52.853+0000] {processor.py:161} INFO - Started process (PID=833) to work on /home/airflow/.local/lib/python3.10/site-packages/airflow/example_dags/example_latest_only.py
[2025-06-13T14:50:52.856+0000] {processor.py:830} INFO - Processing file /home/airflow/.local/lib/python3.10/site-packages/airflow/example_dags/example_latest_only.py for tasks to queue
[2025-06-13T14:50:52.857+0000] {logging_mixin.py:188} INFO - [2025-06-13T14:50:52.857+0000] {dagbag.py:540} INFO - Filling up the DagBag from /home/airflow/.local/lib/python3.10/site-packages/airflow/example_dags/example_latest_only.py
[2025-06-13T14:50:52.859+0000] {processor.py:840} INFO - DAG(s) 'latest_only' retrieved from /home/airflow/.local/lib/python3.10/site-packages/airflow/example_dags/example_latest_only.py
[2025-06-13T14:50:52.871+0000] {logging_mixin.py:188} INFO - [2025-06-13T14:50:52.870+0000] {dag.py:3096} INFO - Sync 1 DAGs
[2025-06-13T14:50:52.881+0000] {logging_mixin.py:188} INFO - [2025-06-13T14:50:52.881+0000] {dag.py:3954} INFO - Setting next_dagrun for latest_only to 2025-06-13 08:00:00+00:00, run_after=2025-06-13 12:00:00+00:00
[2025-06-13T14:50:52.895+0000] {processor.py:183} INFO - Processing /home/airflow/.local/lib/python3.10/site-packages/airflow/example_dags/example_latest_only.py took 0.047 seconds
[2025-06-13T14:51:23.526+0000] {processor.py:161} INFO - Started process (PID=893) to work on /home/airflow/.local/lib/python3.10/site-packages/airflow/example_dags/example_latest_only.py
[2025-06-13T14:51:23.527+0000] {processor.py:830} INFO - Processing file /home/airflow/.local/lib/python3.10/site-packages/airflow/example_dags/example_latest_only.py for tasks to queue
[2025-06-13T14:51:23.528+0000] {logging_mixin.py:188} INFO - [2025-06-13T14:51:23.528+0000] {dagbag.py:540} INFO - Filling up the DagBag from /home/airflow/.local/lib/python3.10/site-packages/airflow/example_dags/example_latest_only.py
[2025-06-13T14:51:23.531+0000] {processor.py:840} INFO - DAG(s) 'latest_only' retrieved from /home/airflow/.local/lib/python3.10/site-packages/airflow/example_dags/example_latest_only.py
[2025-06-13T14:51:23.542+0000] {logging_mixin.py:188} INFO - [2025-06-13T14:51:23.541+0000] {dag.py:3096} INFO - Sync 1 DAGs
[2025-06-13T14:51:23.553+0000] {logging_mixin.py:188} INFO - [2025-06-13T14:51:23.553+0000] {dag.py:3954} INFO - Setting next_dagrun for latest_only to 2025-06-13 08:00:00+00:00, run_after=2025-06-13 12:00:00+00:00
[2025-06-13T14:51:23.576+0000] {processor.py:183} INFO - Processing /home/airflow/.local/lib/python3.10/site-packages/airflow/example_dags/example_latest_only.py took 0.054 seconds
[2025-06-13T14:51:54.144+0000] {processor.py:161} INFO - Started process (PID=953) to work on /home/airflow/.local/lib/python3.10/site-packages/airflow/example_dags/example_latest_only.py
[2025-06-13T14:51:54.144+0000] {processor.py:830} INFO - Processing file /home/airflow/.local/lib/python3.10/site-packages/airflow/example_dags/example_latest_only.py for tasks to queue
[2025-06-13T14:51:54.146+0000] {logging_mixin.py:188} INFO - [2025-06-13T14:51:54.146+0000] {dagbag.py:540} INFO - Filling up the DagBag from /home/airflow/.local/lib/python3.10/site-packages/airflow/example_dags/example_latest_only.py
[2025-06-13T14:51:54.151+0000] {processor.py:840} INFO - DAG(s) 'latest_only' retrieved from /home/airflow/.local/lib/python3.10/site-packages/airflow/example_dags/example_latest_only.py
[2025-06-13T14:51:54.165+0000] {logging_mixin.py:188} INFO - [2025-06-13T14:51:54.165+0000] {dag.py:3096} INFO - Sync 1 DAGs
[2025-06-13T14:51:54.179+0000] {logging_mixin.py:188} INFO - [2025-06-13T14:51:54.179+0000] {dag.py:3954} INFO - Setting next_dagrun for latest_only to 2025-06-13 08:00:00+00:00, run_after=2025-06-13 12:00:00+00:00
[2025-06-13T14:51:54.189+0000] {processor.py:183} INFO - Processing /home/airflow/.local/lib/python3.10/site-packages/airflow/example_dags/example_latest_only.py took 0.050 seconds
[2025-06-13T14:52:24.698+0000] {processor.py:161} INFO - Started process (PID=1013) to work on /home/airflow/.local/lib/python3.10/site-packages/airflow/example_dags/example_latest_only.py
[2025-06-13T14:52:24.699+0000] {processor.py:830} INFO - Processing file /home/airflow/.local/lib/python3.10/site-packages/airflow/example_dags/example_latest_only.py for tasks to queue
[2025-06-13T14:52:24.704+0000] {logging_mixin.py:188} INFO - [2025-06-13T14:52:24.703+0000] {dagbag.py:540} INFO - Filling up the DagBag from /home/airflow/.local/lib/python3.10/site-packages/airflow/example_dags/example_latest_only.py
[2025-06-13T14:52:24.721+0000] {processor.py:840} INFO - DAG(s) 'latest_only' retrieved from /home/airflow/.local/lib/python3.10/site-packages/airflow/example_dags/example_latest_only.py
[2025-06-13T14:52:24.737+0000] {logging_mixin.py:188} INFO - [2025-06-13T14:52:24.737+0000] {dag.py:3096} INFO - Sync 1 DAGs
[2025-06-13T14:52:24.751+0000] {logging_mixin.py:188} INFO - [2025-06-13T14:52:24.751+0000] {dag.py:3954} INFO - Setting next_dagrun for latest_only to 2025-06-13 08:00:00+00:00, run_after=2025-06-13 12:00:00+00:00
[2025-06-13T14:52:24.773+0000] {processor.py:183} INFO - Processing /home/airflow/.local/lib/python3.10/site-packages/airflow/example_dags/example_latest_only.py took 0.081 seconds
[2025-06-13T14:52:55.754+0000] {processor.py:161} INFO - Started process (PID=1073) to work on /home/airflow/.local/lib/python3.10/site-packages/airflow/example_dags/example_latest_only.py
[2025-06-13T14:52:55.755+0000] {processor.py:830} INFO - Processing file /home/airflow/.local/lib/python3.10/site-packages/airflow/example_dags/example_latest_only.py for tasks to queue
[2025-06-13T14:52:55.756+0000] {logging_mixin.py:188} INFO - [2025-06-13T14:52:55.756+0000] {dagbag.py:540} INFO - Filling up the DagBag from /home/airflow/.local/lib/python3.10/site-packages/airflow/example_dags/example_latest_only.py
[2025-06-13T14:52:55.760+0000] {processor.py:840} INFO - DAG(s) 'latest_only' retrieved from /home/airflow/.local/lib/python3.10/site-packages/airflow/example_dags/example_latest_only.py
[2025-06-13T14:52:55.773+0000] {logging_mixin.py:188} INFO - [2025-06-13T14:52:55.773+0000] {dag.py:3096} INFO - Sync 1 DAGs
[2025-06-13T14:52:55.788+0000] {logging_mixin.py:188} INFO - [2025-06-13T14:52:55.788+0000] {dag.py:3954} INFO - Setting next_dagrun for latest_only to 2025-06-13 08:00:00+00:00, run_after=2025-06-13 12:00:00+00:00
[2025-06-13T14:52:55.800+0000] {processor.py:183} INFO - Processing /home/airflow/.local/lib/python3.10/site-packages/airflow/example_dags/example_latest_only.py took 0.050 seconds
[2025-06-13T14:53:26.179+0000] {processor.py:161} INFO - Started process (PID=1131) to work on /home/airflow/.local/lib/python3.10/site-packages/airflow/example_dags/example_latest_only.py
[2025-06-13T14:53:26.179+0000] {processor.py:830} INFO - Processing file /home/airflow/.local/lib/python3.10/site-packages/airflow/example_dags/example_latest_only.py for tasks to queue
[2025-06-13T14:53:26.181+0000] {logging_mixin.py:188} INFO - [2025-06-13T14:53:26.180+0000] {dagbag.py:540} INFO - Filling up the DagBag from /home/airflow/.local/lib/python3.10/site-packages/airflow/example_dags/example_latest_only.py
[2025-06-13T14:53:26.184+0000] {processor.py:840} INFO - DAG(s) 'latest_only' retrieved from /home/airflow/.local/lib/python3.10/site-packages/airflow/example_dags/example_latest_only.py
[2025-06-13T14:53:26.199+0000] {logging_mixin.py:188} INFO - [2025-06-13T14:53:26.199+0000] {dag.py:3096} INFO - Sync 1 DAGs
[2025-06-13T14:53:26.211+0000] {logging_mixin.py:188} INFO - [2025-06-13T14:53:26.211+0000] {dag.py:3954} INFO - Setting next_dagrun for latest_only to 2025-06-13 08:00:00+00:00, run_after=2025-06-13 12:00:00+00:00
[2025-06-13T14:53:26.223+0000] {processor.py:183} INFO - Processing /home/airflow/.local/lib/python3.10/site-packages/airflow/example_dags/example_latest_only.py took 0.048 seconds
[2025-06-13T14:53:57.231+0000] {processor.py:161} INFO - Started process (PID=1193) to work on /home/airflow/.local/lib/python3.10/site-packages/airflow/example_dags/example_latest_only.py
[2025-06-13T14:53:57.233+0000] {processor.py:830} INFO - Processing file /home/airflow/.local/lib/python3.10/site-packages/airflow/example_dags/example_latest_only.py for tasks to queue
[2025-06-13T14:53:57.234+0000] {logging_mixin.py:188} INFO - [2025-06-13T14:53:57.234+0000] {dagbag.py:540} INFO - Filling up the DagBag from /home/airflow/.local/lib/python3.10/site-packages/airflow/example_dags/example_latest_only.py
[2025-06-13T14:53:57.239+0000] {processor.py:840} INFO - DAG(s) 'latest_only' retrieved from /home/airflow/.local/lib/python3.10/site-packages/airflow/example_dags/example_latest_only.py
[2025-06-13T14:53:57.257+0000] {logging_mixin.py:188} INFO - [2025-06-13T14:53:57.257+0000] {dag.py:3096} INFO - Sync 1 DAGs
[2025-06-13T14:53:57.276+0000] {logging_mixin.py:188} INFO - [2025-06-13T14:53:57.276+0000] {dag.py:3954} INFO - Setting next_dagrun for latest_only to 2025-06-13 08:00:00+00:00, run_after=2025-06-13 12:00:00+00:00
[2025-06-13T14:53:57.294+0000] {processor.py:183} INFO - Processing /home/airflow/.local/lib/python3.10/site-packages/airflow/example_dags/example_latest_only.py took 0.068 seconds
[2025-06-13T14:54:27.447+0000] {processor.py:161} INFO - Started process (PID=1251) to work on /home/airflow/.local/lib/python3.10/site-packages/airflow/example_dags/example_latest_only.py
[2025-06-13T14:54:27.448+0000] {processor.py:830} INFO - Processing file /home/airflow/.local/lib/python3.10/site-packages/airflow/example_dags/example_latest_only.py for tasks to queue
[2025-06-13T14:54:27.449+0000] {logging_mixin.py:188} INFO - [2025-06-13T14:54:27.449+0000] {dagbag.py:540} INFO - Filling up the DagBag from /home/airflow/.local/lib/python3.10/site-packages/airflow/example_dags/example_latest_only.py
[2025-06-13T14:54:27.452+0000] {processor.py:840} INFO - DAG(s) 'latest_only' retrieved from /home/airflow/.local/lib/python3.10/site-packages/airflow/example_dags/example_latest_only.py
[2025-06-13T14:54:27.463+0000] {logging_mixin.py:188} INFO - [2025-06-13T14:54:27.463+0000] {dag.py:3096} INFO - Sync 1 DAGs
[2025-06-13T14:54:27.473+0000] {logging_mixin.py:188} INFO - [2025-06-13T14:54:27.473+0000] {dag.py:3954} INFO - Setting next_dagrun for latest_only to 2025-06-13 08:00:00+00:00, run_after=2025-06-13 12:00:00+00:00
[2025-06-13T14:54:27.481+0000] {processor.py:183} INFO - Processing /home/airflow/.local/lib/python3.10/site-packages/airflow/example_dags/example_latest_only.py took 0.038 seconds
[2025-06-13T14:54:57.551+0000] {processor.py:161} INFO - Started process (PID=1311) to work on /home/airflow/.local/lib/python3.10/site-packages/airflow/example_dags/example_latest_only.py
[2025-06-13T14:54:57.552+0000] {processor.py:830} INFO - Processing file /home/airflow/.local/lib/python3.10/site-packages/airflow/example_dags/example_latest_only.py for tasks to queue
[2025-06-13T14:54:57.554+0000] {logging_mixin.py:188} INFO - [2025-06-13T14:54:57.554+0000] {dagbag.py:540} INFO - Filling up the DagBag from /home/airflow/.local/lib/python3.10/site-packages/airflow/example_dags/example_latest_only.py
[2025-06-13T14:54:57.557+0000] {processor.py:840} INFO - DAG(s) 'latest_only' retrieved from /home/airflow/.local/lib/python3.10/site-packages/airflow/example_dags/example_latest_only.py
[2025-06-13T14:54:57.569+0000] {logging_mixin.py:188} INFO - [2025-06-13T14:54:57.569+0000] {dag.py:3096} INFO - Sync 1 DAGs
[2025-06-13T14:54:57.580+0000] {logging_mixin.py:188} INFO - [2025-06-13T14:54:57.579+0000] {dag.py:3954} INFO - Setting next_dagrun for latest_only to 2025-06-13 08:00:00+00:00, run_after=2025-06-13 12:00:00+00:00
[2025-06-13T14:54:57.588+0000] {processor.py:183} INFO - Processing /home/airflow/.local/lib/python3.10/site-packages/airflow/example_dags/example_latest_only.py took 0.042 seconds
[2025-06-13T14:55:28.329+0000] {processor.py:161} INFO - Started process (PID=1371) to work on /home/airflow/.local/lib/python3.10/site-packages/airflow/example_dags/example_latest_only.py
[2025-06-13T14:55:28.330+0000] {processor.py:830} INFO - Processing file /home/airflow/.local/lib/python3.10/site-packages/airflow/example_dags/example_latest_only.py for tasks to queue
[2025-06-13T14:55:28.331+0000] {logging_mixin.py:188} INFO - [2025-06-13T14:55:28.331+0000] {dagbag.py:540} INFO - Filling up the DagBag from /home/airflow/.local/lib/python3.10/site-packages/airflow/example_dags/example_latest_only.py
[2025-06-13T14:55:28.334+0000] {processor.py:840} INFO - DAG(s) 'latest_only' retrieved from /home/airflow/.local/lib/python3.10/site-packages/airflow/example_dags/example_latest_only.py
[2025-06-13T14:55:28.345+0000] {logging_mixin.py:188} INFO - [2025-06-13T14:55:28.345+0000] {dag.py:3096} INFO - Sync 1 DAGs
[2025-06-13T14:55:28.359+0000] {logging_mixin.py:188} INFO - [2025-06-13T14:55:28.359+0000] {dag.py:3954} INFO - Setting next_dagrun for latest_only to 2025-06-13 08:00:00+00:00, run_after=2025-06-13 12:00:00+00:00
[2025-06-13T14:55:28.369+0000] {processor.py:183} INFO - Processing /home/airflow/.local/lib/python3.10/site-packages/airflow/example_dags/example_latest_only.py took 0.043 seconds
[2025-06-13T14:55:58.434+0000] {processor.py:161} INFO - Started process (PID=1431) to work on /home/airflow/.local/lib/python3.10/site-packages/airflow/example_dags/example_latest_only.py
[2025-06-13T14:55:58.435+0000] {processor.py:830} INFO - Processing file /home/airflow/.local/lib/python3.10/site-packages/airflow/example_dags/example_latest_only.py for tasks to queue
[2025-06-13T14:55:58.436+0000] {logging_mixin.py:188} INFO - [2025-06-13T14:55:58.436+0000] {dagbag.py:540} INFO - Filling up the DagBag from /home/airflow/.local/lib/python3.10/site-packages/airflow/example_dags/example_latest_only.py
[2025-06-13T14:55:58.438+0000] {processor.py:840} INFO - DAG(s) 'latest_only' retrieved from /home/airflow/.local/lib/python3.10/site-packages/airflow/example_dags/example_latest_only.py
[2025-06-13T14:55:58.450+0000] {logging_mixin.py:188} INFO - [2025-06-13T14:55:58.450+0000] {dag.py:3096} INFO - Sync 1 DAGs
[2025-06-13T14:55:58.460+0000] {logging_mixin.py:188} INFO - [2025-06-13T14:55:58.460+0000] {dag.py:3954} INFO - Setting next_dagrun for latest_only to 2025-06-13 08:00:00+00:00, run_after=2025-06-13 12:00:00+00:00
[2025-06-13T14:55:58.471+0000] {processor.py:183} INFO - Processing /home/airflow/.local/lib/python3.10/site-packages/airflow/example_dags/example_latest_only.py took 0.041 seconds
[2025-06-13T14:56:28.995+0000] {processor.py:161} INFO - Started process (PID=1491) to work on /home/airflow/.local/lib/python3.10/site-packages/airflow/example_dags/example_latest_only.py
[2025-06-13T14:56:28.996+0000] {processor.py:830} INFO - Processing file /home/airflow/.local/lib/python3.10/site-packages/airflow/example_dags/example_latest_only.py for tasks to queue
[2025-06-13T14:56:28.997+0000] {logging_mixin.py:188} INFO - [2025-06-13T14:56:28.997+0000] {dagbag.py:540} INFO - Filling up the DagBag from /home/airflow/.local/lib/python3.10/site-packages/airflow/example_dags/example_latest_only.py
[2025-06-13T14:56:29.001+0000] {processor.py:840} INFO - DAG(s) 'latest_only' retrieved from /home/airflow/.local/lib/python3.10/site-packages/airflow/example_dags/example_latest_only.py
[2025-06-13T14:56:29.018+0000] {logging_mixin.py:188} INFO - [2025-06-13T14:56:29.018+0000] {dag.py:3096} INFO - Sync 1 DAGs
[2025-06-13T14:56:29.032+0000] {logging_mixin.py:188} INFO - [2025-06-13T14:56:29.031+0000] {dag.py:3954} INFO - Setting next_dagrun for latest_only to 2025-06-13 08:00:00+00:00, run_after=2025-06-13 12:00:00+00:00
[2025-06-13T14:56:29.044+0000] {processor.py:183} INFO - Processing /home/airflow/.local/lib/python3.10/site-packages/airflow/example_dags/example_latest_only.py took 0.052 seconds
[2025-06-13T14:56:59.369+0000] {processor.py:161} INFO - Started process (PID=1551) to work on /home/airflow/.local/lib/python3.10/site-packages/airflow/example_dags/example_latest_only.py
[2025-06-13T14:56:59.370+0000] {processor.py:830} INFO - Processing file /home/airflow/.local/lib/python3.10/site-packages/airflow/example_dags/example_latest_only.py for tasks to queue
[2025-06-13T14:56:59.372+0000] {logging_mixin.py:188} INFO - [2025-06-13T14:56:59.371+0000] {dagbag.py:540} INFO - Filling up the DagBag from /home/airflow/.local/lib/python3.10/site-packages/airflow/example_dags/example_latest_only.py
[2025-06-13T14:56:59.375+0000] {processor.py:840} INFO - DAG(s) 'latest_only' retrieved from /home/airflow/.local/lib/python3.10/site-packages/airflow/example_dags/example_latest_only.py
[2025-06-13T14:56:59.392+0000] {logging_mixin.py:188} INFO - [2025-06-13T14:56:59.392+0000] {dag.py:3096} INFO - Sync 1 DAGs
[2025-06-13T14:56:59.405+0000] {logging_mixin.py:188} INFO - [2025-06-13T14:56:59.405+0000] {dag.py:3954} INFO - Setting next_dagrun for latest_only to 2025-06-13 08:00:00+00:00, run_after=2025-06-13 12:00:00+00:00
[2025-06-13T14:56:59.424+0000] {processor.py:183} INFO - Processing /home/airflow/.local/lib/python3.10/site-packages/airflow/example_dags/example_latest_only.py took 0.060 seconds
[2025-06-13T14:57:30.177+0000] {processor.py:161} INFO - Started process (PID=1611) to work on /home/airflow/.local/lib/python3.10/site-packages/airflow/example_dags/example_latest_only.py
[2025-06-13T14:57:30.178+0000] {processor.py:830} INFO - Processing file /home/airflow/.local/lib/python3.10/site-packages/airflow/example_dags/example_latest_only.py for tasks to queue
[2025-06-13T14:57:30.180+0000] {logging_mixin.py:188} INFO - [2025-06-13T14:57:30.180+0000] {dagbag.py:540} INFO - Filling up the DagBag from /home/airflow/.local/lib/python3.10/site-packages/airflow/example_dags/example_latest_only.py
[2025-06-13T14:57:30.183+0000] {processor.py:840} INFO - DAG(s) 'latest_only' retrieved from /home/airflow/.local/lib/python3.10/site-packages/airflow/example_dags/example_latest_only.py
[2025-06-13T14:57:30.195+0000] {logging_mixin.py:188} INFO - [2025-06-13T14:57:30.195+0000] {dag.py:3096} INFO - Sync 1 DAGs
[2025-06-13T14:57:30.208+0000] {logging_mixin.py:188} INFO - [2025-06-13T14:57:30.207+0000] {dag.py:3954} INFO - Setting next_dagrun for latest_only to 2025-06-13 08:00:00+00:00, run_after=2025-06-13 12:00:00+00:00
[2025-06-13T14:57:30.224+0000] {processor.py:183} INFO - Processing /home/airflow/.local/lib/python3.10/site-packages/airflow/example_dags/example_latest_only.py took 0.052 seconds
[2025-06-13T14:58:01.033+0000] {processor.py:161} INFO - Started process (PID=1671) to work on /home/airflow/.local/lib/python3.10/site-packages/airflow/example_dags/example_latest_only.py
[2025-06-13T14:58:01.034+0000] {processor.py:830} INFO - Processing file /home/airflow/.local/lib/python3.10/site-packages/airflow/example_dags/example_latest_only.py for tasks to queue
[2025-06-13T14:58:01.036+0000] {logging_mixin.py:188} INFO - [2025-06-13T14:58:01.035+0000] {dagbag.py:540} INFO - Filling up the DagBag from /home/airflow/.local/lib/python3.10/site-packages/airflow/example_dags/example_latest_only.py
[2025-06-13T14:58:01.040+0000] {processor.py:840} INFO - DAG(s) 'latest_only' retrieved from /home/airflow/.local/lib/python3.10/site-packages/airflow/example_dags/example_latest_only.py
[2025-06-13T14:58:01.054+0000] {logging_mixin.py:188} INFO - [2025-06-13T14:58:01.054+0000] {dag.py:3096} INFO - Sync 1 DAGs
[2025-06-13T14:58:01.065+0000] {logging_mixin.py:188} INFO - [2025-06-13T14:58:01.065+0000] {dag.py:3954} INFO - Setting next_dagrun for latest_only to 2025-06-13 08:00:00+00:00, run_after=2025-06-13 12:00:00+00:00
[2025-06-13T14:58:01.074+0000] {processor.py:183} INFO - Processing /home/airflow/.local/lib/python3.10/site-packages/airflow/example_dags/example_latest_only.py took 0.044 seconds
[2025-06-13T14:58:31.348+0000] {processor.py:161} INFO - Started process (PID=1731) to work on /home/airflow/.local/lib/python3.10/site-packages/airflow/example_dags/example_latest_only.py
[2025-06-13T14:58:31.349+0000] {processor.py:830} INFO - Processing file /home/airflow/.local/lib/python3.10/site-packages/airflow/example_dags/example_latest_only.py for tasks to queue
[2025-06-13T14:58:31.350+0000] {logging_mixin.py:188} INFO - [2025-06-13T14:58:31.350+0000] {dagbag.py:540} INFO - Filling up the DagBag from /home/airflow/.local/lib/python3.10/site-packages/airflow/example_dags/example_latest_only.py
[2025-06-13T14:58:31.353+0000] {processor.py:840} INFO - DAG(s) 'latest_only' retrieved from /home/airflow/.local/lib/python3.10/site-packages/airflow/example_dags/example_latest_only.py
[2025-06-13T14:58:31.367+0000] {logging_mixin.py:188} INFO - [2025-06-13T14:58:31.366+0000] {dag.py:3096} INFO - Sync 1 DAGs
[2025-06-13T14:58:31.380+0000] {logging_mixin.py:188} INFO - [2025-06-13T14:58:31.380+0000] {dag.py:3954} INFO - Setting next_dagrun for latest_only to 2025-06-13 08:00:00+00:00, run_after=2025-06-13 12:00:00+00:00
[2025-06-13T14:58:31.396+0000] {processor.py:183} INFO - Processing /home/airflow/.local/lib/python3.10/site-packages/airflow/example_dags/example_latest_only.py took 0.051 seconds
[2025-06-13T14:59:02.048+0000] {processor.py:161} INFO - Started process (PID=1791) to work on /home/airflow/.local/lib/python3.10/site-packages/airflow/example_dags/example_latest_only.py
[2025-06-13T14:59:02.051+0000] {processor.py:830} INFO - Processing file /home/airflow/.local/lib/python3.10/site-packages/airflow/example_dags/example_latest_only.py for tasks to queue
[2025-06-13T14:59:02.052+0000] {logging_mixin.py:188} INFO - [2025-06-13T14:59:02.051+0000] {dagbag.py:540} INFO - Filling up the DagBag from /home/airflow/.local/lib/python3.10/site-packages/airflow/example_dags/example_latest_only.py
[2025-06-13T14:59:02.054+0000] {processor.py:840} INFO - DAG(s) 'latest_only' retrieved from /home/airflow/.local/lib/python3.10/site-packages/airflow/example_dags/example_latest_only.py
[2025-06-13T14:59:02.073+0000] {logging_mixin.py:188} INFO - [2025-06-13T14:59:02.073+0000] {dag.py:3096} INFO - Sync 1 DAGs
[2025-06-13T14:59:02.085+0000] {logging_mixin.py:188} INFO - [2025-06-13T14:59:02.085+0000] {dag.py:3954} INFO - Setting next_dagrun for latest_only to 2025-06-13 08:00:00+00:00, run_after=2025-06-13 12:00:00+00:00
[2025-06-13T14:59:02.099+0000] {processor.py:183} INFO - Processing /home/airflow/.local/lib/python3.10/site-packages/airflow/example_dags/example_latest_only.py took 0.057 seconds
[2025-06-13T14:59:32.393+0000] {processor.py:161} INFO - Started process (PID=1851) to work on /home/airflow/.local/lib/python3.10/site-packages/airflow/example_dags/example_latest_only.py
[2025-06-13T14:59:32.394+0000] {processor.py:830} INFO - Processing file /home/airflow/.local/lib/python3.10/site-packages/airflow/example_dags/example_latest_only.py for tasks to queue
[2025-06-13T14:59:32.395+0000] {logging_mixin.py:188} INFO - [2025-06-13T14:59:32.395+0000] {dagbag.py:540} INFO - Filling up the DagBag from /home/airflow/.local/lib/python3.10/site-packages/airflow/example_dags/example_latest_only.py
[2025-06-13T14:59:32.398+0000] {processor.py:840} INFO - DAG(s) 'latest_only' retrieved from /home/airflow/.local/lib/python3.10/site-packages/airflow/example_dags/example_latest_only.py
[2025-06-13T14:59:32.411+0000] {logging_mixin.py:188} INFO - [2025-06-13T14:59:32.411+0000] {dag.py:3096} INFO - Sync 1 DAGs
[2025-06-13T14:59:32.422+0000] {logging_mixin.py:188} INFO - [2025-06-13T14:59:32.421+0000] {dag.py:3954} INFO - Setting next_dagrun for latest_only to 2025-06-13 08:00:00+00:00, run_after=2025-06-13 12:00:00+00:00
[2025-06-13T14:59:32.436+0000] {processor.py:183} INFO - Processing /home/airflow/.local/lib/python3.10/site-packages/airflow/example_dags/example_latest_only.py took 0.046 seconds
[2025-06-13T15:00:03.742+0000] {processor.py:161} INFO - Started process (PID=1911) to work on /home/airflow/.local/lib/python3.10/site-packages/airflow/example_dags/example_latest_only.py
[2025-06-13T15:00:03.743+0000] {processor.py:830} INFO - Processing file /home/airflow/.local/lib/python3.10/site-packages/airflow/example_dags/example_latest_only.py for tasks to queue
[2025-06-13T15:00:03.745+0000] {logging_mixin.py:188} INFO - [2025-06-13T15:00:03.744+0000] {dagbag.py:540} INFO - Filling up the DagBag from /home/airflow/.local/lib/python3.10/site-packages/airflow/example_dags/example_latest_only.py
[2025-06-13T15:00:03.748+0000] {processor.py:840} INFO - DAG(s) 'latest_only' retrieved from /home/airflow/.local/lib/python3.10/site-packages/airflow/example_dags/example_latest_only.py
[2025-06-13T15:00:03.768+0000] {logging_mixin.py:188} INFO - [2025-06-13T15:00:03.767+0000] {dag.py:3096} INFO - Sync 1 DAGs
[2025-06-13T15:00:03.842+0000] {logging_mixin.py:188} INFO - [2025-06-13T15:00:03.841+0000] {dag.py:3954} INFO - Setting next_dagrun for latest_only to 2025-06-13 08:00:00+00:00, run_after=2025-06-13 12:00:00+00:00
[2025-06-13T15:00:03.925+0000] {processor.py:183} INFO - Processing /home/airflow/.local/lib/python3.10/site-packages/airflow/example_dags/example_latest_only.py took 0.188 seconds
[2025-06-13T15:00:34.880+0000] {processor.py:161} INFO - Started process (PID=1971) to work on /home/airflow/.local/lib/python3.10/site-packages/airflow/example_dags/example_latest_only.py
[2025-06-13T15:00:34.884+0000] {processor.py:830} INFO - Processing file /home/airflow/.local/lib/python3.10/site-packages/airflow/example_dags/example_latest_only.py for tasks to queue
[2025-06-13T15:00:34.887+0000] {logging_mixin.py:188} INFO - [2025-06-13T15:00:34.887+0000] {dagbag.py:540} INFO - Filling up the DagBag from /home/airflow/.local/lib/python3.10/site-packages/airflow/example_dags/example_latest_only.py
[2025-06-13T15:00:34.896+0000] {processor.py:840} INFO - DAG(s) 'latest_only' retrieved from /home/airflow/.local/lib/python3.10/site-packages/airflow/example_dags/example_latest_only.py
[2025-06-13T15:00:35.000+0000] {logging_mixin.py:188} INFO - [2025-06-13T15:00:34.999+0000] {dag.py:3096} INFO - Sync 1 DAGs
[2025-06-13T15:00:35.034+0000] {logging_mixin.py:188} INFO - [2025-06-13T15:00:35.033+0000] {dag.py:3954} INFO - Setting next_dagrun for latest_only to 2025-06-13 08:00:00+00:00, run_after=2025-06-13 12:00:00+00:00
[2025-06-13T15:00:35.072+0000] {processor.py:183} INFO - Processing /home/airflow/.local/lib/python3.10/site-packages/airflow/example_dags/example_latest_only.py took 0.202 seconds
[2025-06-13T15:01:05.360+0000] {processor.py:161} INFO - Started process (PID=2031) to work on /home/airflow/.local/lib/python3.10/site-packages/airflow/example_dags/example_latest_only.py
[2025-06-13T15:01:05.362+0000] {processor.py:830} INFO - Processing file /home/airflow/.local/lib/python3.10/site-packages/airflow/example_dags/example_latest_only.py for tasks to queue
[2025-06-13T15:01:05.365+0000] {logging_mixin.py:188} INFO - [2025-06-13T15:01:05.365+0000] {dagbag.py:540} INFO - Filling up the DagBag from /home/airflow/.local/lib/python3.10/site-packages/airflow/example_dags/example_latest_only.py
[2025-06-13T15:01:05.375+0000] {processor.py:840} INFO - DAG(s) 'latest_only' retrieved from /home/airflow/.local/lib/python3.10/site-packages/airflow/example_dags/example_latest_only.py
[2025-06-13T15:01:05.399+0000] {logging_mixin.py:188} INFO - [2025-06-13T15:01:05.399+0000] {dag.py:3096} INFO - Sync 1 DAGs
[2025-06-13T15:01:05.416+0000] {logging_mixin.py:188} INFO - [2025-06-13T15:01:05.416+0000] {dag.py:3954} INFO - Setting next_dagrun for latest_only to 2025-06-13 08:00:00+00:00, run_after=2025-06-13 12:00:00+00:00
[2025-06-13T15:01:05.429+0000] {processor.py:183} INFO - Processing /home/airflow/.local/lib/python3.10/site-packages/airflow/example_dags/example_latest_only.py took 0.079 seconds
[2025-06-13T15:01:35.729+0000] {processor.py:161} INFO - Started process (PID=2091) to work on /home/airflow/.local/lib/python3.10/site-packages/airflow/example_dags/example_latest_only.py
[2025-06-13T15:01:35.734+0000] {processor.py:830} INFO - Processing file /home/airflow/.local/lib/python3.10/site-packages/airflow/example_dags/example_latest_only.py for tasks to queue
[2025-06-13T15:01:35.737+0000] {logging_mixin.py:188} INFO - [2025-06-13T15:01:35.736+0000] {dagbag.py:540} INFO - Filling up the DagBag from /home/airflow/.local/lib/python3.10/site-packages/airflow/example_dags/example_latest_only.py
[2025-06-13T15:01:35.743+0000] {processor.py:840} INFO - DAG(s) 'latest_only' retrieved from /home/airflow/.local/lib/python3.10/site-packages/airflow/example_dags/example_latest_only.py
[2025-06-13T15:01:35.766+0000] {logging_mixin.py:188} INFO - [2025-06-13T15:01:35.766+0000] {dag.py:3096} INFO - Sync 1 DAGs
[2025-06-13T15:01:35.783+0000] {logging_mixin.py:188} INFO - [2025-06-13T15:01:35.783+0000] {dag.py:3954} INFO - Setting next_dagrun for latest_only to 2025-06-13 08:00:00+00:00, run_after=2025-06-13 12:00:00+00:00
[2025-06-13T15:01:35.796+0000] {processor.py:183} INFO - Processing /home/airflow/.local/lib/python3.10/site-packages/airflow/example_dags/example_latest_only.py took 0.077 seconds
[2025-06-13T15:02:06.165+0000] {processor.py:161} INFO - Started process (PID=2151) to work on /home/airflow/.local/lib/python3.10/site-packages/airflow/example_dags/example_latest_only.py
[2025-06-13T15:02:06.168+0000] {processor.py:830} INFO - Processing file /home/airflow/.local/lib/python3.10/site-packages/airflow/example_dags/example_latest_only.py for tasks to queue
[2025-06-13T15:02:06.170+0000] {logging_mixin.py:188} INFO - [2025-06-13T15:02:06.170+0000] {dagbag.py:540} INFO - Filling up the DagBag from /home/airflow/.local/lib/python3.10/site-packages/airflow/example_dags/example_latest_only.py
[2025-06-13T15:02:06.176+0000] {processor.py:840} INFO - DAG(s) 'latest_only' retrieved from /home/airflow/.local/lib/python3.10/site-packages/airflow/example_dags/example_latest_only.py
[2025-06-13T15:02:06.195+0000] {logging_mixin.py:188} INFO - [2025-06-13T15:02:06.195+0000] {dag.py:3096} INFO - Sync 1 DAGs
[2025-06-13T15:02:06.211+0000] {logging_mixin.py:188} INFO - [2025-06-13T15:02:06.211+0000] {dag.py:3954} INFO - Setting next_dagrun for latest_only to 2025-06-13 08:00:00+00:00, run_after=2025-06-13 12:00:00+00:00
[2025-06-13T15:02:06.226+0000] {processor.py:183} INFO - Processing /home/airflow/.local/lib/python3.10/site-packages/airflow/example_dags/example_latest_only.py took 0.071 seconds
[2025-06-13T15:02:36.718+0000] {processor.py:161} INFO - Started process (PID=2211) to work on /home/airflow/.local/lib/python3.10/site-packages/airflow/example_dags/example_latest_only.py
[2025-06-13T15:02:36.719+0000] {processor.py:830} INFO - Processing file /home/airflow/.local/lib/python3.10/site-packages/airflow/example_dags/example_latest_only.py for tasks to queue
[2025-06-13T15:02:36.721+0000] {logging_mixin.py:188} INFO - [2025-06-13T15:02:36.721+0000] {dagbag.py:540} INFO - Filling up the DagBag from /home/airflow/.local/lib/python3.10/site-packages/airflow/example_dags/example_latest_only.py
[2025-06-13T15:02:36.727+0000] {processor.py:840} INFO - DAG(s) 'latest_only' retrieved from /home/airflow/.local/lib/python3.10/site-packages/airflow/example_dags/example_latest_only.py
[2025-06-13T15:02:36.746+0000] {logging_mixin.py:188} INFO - [2025-06-13T15:02:36.746+0000] {dag.py:3096} INFO - Sync 1 DAGs
[2025-06-13T15:02:36.762+0000] {logging_mixin.py:188} INFO - [2025-06-13T15:02:36.762+0000] {dag.py:3954} INFO - Setting next_dagrun for latest_only to 2025-06-13 08:00:00+00:00, run_after=2025-06-13 12:00:00+00:00
[2025-06-13T15:02:36.776+0000] {processor.py:183} INFO - Processing /home/airflow/.local/lib/python3.10/site-packages/airflow/example_dags/example_latest_only.py took 0.066 seconds
[2025-06-13T15:03:07.703+0000] {processor.py:161} INFO - Started process (PID=2271) to work on /home/airflow/.local/lib/python3.10/site-packages/airflow/example_dags/example_latest_only.py
[2025-06-13T15:03:07.704+0000] {processor.py:830} INFO - Processing file /home/airflow/.local/lib/python3.10/site-packages/airflow/example_dags/example_latest_only.py for tasks to queue
[2025-06-13T15:03:07.707+0000] {logging_mixin.py:188} INFO - [2025-06-13T15:03:07.706+0000] {dagbag.py:540} INFO - Filling up the DagBag from /home/airflow/.local/lib/python3.10/site-packages/airflow/example_dags/example_latest_only.py
[2025-06-13T15:03:07.711+0000] {processor.py:840} INFO - DAG(s) 'latest_only' retrieved from /home/airflow/.local/lib/python3.10/site-packages/airflow/example_dags/example_latest_only.py
[2025-06-13T15:03:07.733+0000] {logging_mixin.py:188} INFO - [2025-06-13T15:03:07.733+0000] {dag.py:3096} INFO - Sync 1 DAGs
[2025-06-13T15:03:07.751+0000] {logging_mixin.py:188} INFO - [2025-06-13T15:03:07.751+0000] {dag.py:3954} INFO - Setting next_dagrun for latest_only to 2025-06-13 08:00:00+00:00, run_after=2025-06-13 12:00:00+00:00
[2025-06-13T15:03:07.775+0000] {processor.py:183} INFO - Processing /home/airflow/.local/lib/python3.10/site-packages/airflow/example_dags/example_latest_only.py took 0.080 seconds
[2025-06-13T15:03:38.553+0000] {processor.py:161} INFO - Started process (PID=2331) to work on /home/airflow/.local/lib/python3.10/site-packages/airflow/example_dags/example_latest_only.py
[2025-06-13T15:03:38.555+0000] {processor.py:830} INFO - Processing file /home/airflow/.local/lib/python3.10/site-packages/airflow/example_dags/example_latest_only.py for tasks to queue
[2025-06-13T15:03:38.557+0000] {logging_mixin.py:188} INFO - [2025-06-13T15:03:38.557+0000] {dagbag.py:540} INFO - Filling up the DagBag from /home/airflow/.local/lib/python3.10/site-packages/airflow/example_dags/example_latest_only.py
[2025-06-13T15:03:38.562+0000] {processor.py:840} INFO - DAG(s) 'latest_only' retrieved from /home/airflow/.local/lib/python3.10/site-packages/airflow/example_dags/example_latest_only.py
[2025-06-13T15:03:38.581+0000] {logging_mixin.py:188} INFO - [2025-06-13T15:03:38.580+0000] {dag.py:3096} INFO - Sync 1 DAGs
[2025-06-13T15:03:38.599+0000] {logging_mixin.py:188} INFO - [2025-06-13T15:03:38.599+0000] {dag.py:3954} INFO - Setting next_dagrun for latest_only to 2025-06-13 08:00:00+00:00, run_after=2025-06-13 12:00:00+00:00
[2025-06-13T15:03:38.617+0000] {processor.py:183} INFO - Processing /home/airflow/.local/lib/python3.10/site-packages/airflow/example_dags/example_latest_only.py took 0.072 seconds
[2025-06-13T15:04:09.418+0000] {processor.py:161} INFO - Started process (PID=2391) to work on /home/airflow/.local/lib/python3.10/site-packages/airflow/example_dags/example_latest_only.py
[2025-06-13T15:04:09.421+0000] {processor.py:830} INFO - Processing file /home/airflow/.local/lib/python3.10/site-packages/airflow/example_dags/example_latest_only.py for tasks to queue
[2025-06-13T15:04:09.425+0000] {logging_mixin.py:188} INFO - [2025-06-13T15:04:09.424+0000] {dagbag.py:540} INFO - Filling up the DagBag from /home/airflow/.local/lib/python3.10/site-packages/airflow/example_dags/example_latest_only.py
[2025-06-13T15:04:09.440+0000] {processor.py:840} INFO - DAG(s) 'latest_only' retrieved from /home/airflow/.local/lib/python3.10/site-packages/airflow/example_dags/example_latest_only.py
[2025-06-13T15:04:09.458+0000] {logging_mixin.py:188} INFO - [2025-06-13T15:04:09.458+0000] {dag.py:3096} INFO - Sync 1 DAGs
[2025-06-13T15:04:09.478+0000] {logging_mixin.py:188} INFO - [2025-06-13T15:04:09.477+0000] {dag.py:3954} INFO - Setting next_dagrun for latest_only to 2025-06-13 08:00:00+00:00, run_after=2025-06-13 12:00:00+00:00
[2025-06-13T15:04:09.499+0000] {processor.py:183} INFO - Processing /home/airflow/.local/lib/python3.10/site-packages/airflow/example_dags/example_latest_only.py took 0.097 seconds
[2025-06-13T15:04:39.631+0000] {processor.py:161} INFO - Started process (PID=2451) to work on /home/airflow/.local/lib/python3.10/site-packages/airflow/example_dags/example_latest_only.py
[2025-06-13T15:04:39.633+0000] {processor.py:830} INFO - Processing file /home/airflow/.local/lib/python3.10/site-packages/airflow/example_dags/example_latest_only.py for tasks to queue
[2025-06-13T15:04:39.637+0000] {logging_mixin.py:188} INFO - [2025-06-13T15:04:39.636+0000] {dagbag.py:540} INFO - Filling up the DagBag from /home/airflow/.local/lib/python3.10/site-packages/airflow/example_dags/example_latest_only.py
[2025-06-13T15:04:39.644+0000] {processor.py:840} INFO - DAG(s) 'latest_only' retrieved from /home/airflow/.local/lib/python3.10/site-packages/airflow/example_dags/example_latest_only.py
[2025-06-13T15:04:39.664+0000] {logging_mixin.py:188} INFO - [2025-06-13T15:04:39.663+0000] {dag.py:3096} INFO - Sync 1 DAGs
[2025-06-13T15:04:39.678+0000] {logging_mixin.py:188} INFO - [2025-06-13T15:04:39.678+0000] {dag.py:3954} INFO - Setting next_dagrun for latest_only to 2025-06-13 08:00:00+00:00, run_after=2025-06-13 12:00:00+00:00
[2025-06-13T15:04:39.692+0000] {processor.py:183} INFO - Processing /home/airflow/.local/lib/python3.10/site-packages/airflow/example_dags/example_latest_only.py took 0.072 seconds
[2025-06-13T15:05:10.316+0000] {processor.py:161} INFO - Started process (PID=2511) to work on /home/airflow/.local/lib/python3.10/site-packages/airflow/example_dags/example_latest_only.py
[2025-06-13T15:05:10.318+0000] {processor.py:830} INFO - Processing file /home/airflow/.local/lib/python3.10/site-packages/airflow/example_dags/example_latest_only.py for tasks to queue
[2025-06-13T15:05:10.322+0000] {logging_mixin.py:188} INFO - [2025-06-13T15:05:10.321+0000] {dagbag.py:540} INFO - Filling up the DagBag from /home/airflow/.local/lib/python3.10/site-packages/airflow/example_dags/example_latest_only.py
[2025-06-13T15:05:10.331+0000] {processor.py:840} INFO - DAG(s) 'latest_only' retrieved from /home/airflow/.local/lib/python3.10/site-packages/airflow/example_dags/example_latest_only.py
[2025-06-13T15:05:10.351+0000] {logging_mixin.py:188} INFO - [2025-06-13T15:05:10.351+0000] {dag.py:3096} INFO - Sync 1 DAGs
[2025-06-13T15:05:10.365+0000] {logging_mixin.py:188} INFO - [2025-06-13T15:05:10.365+0000] {dag.py:3954} INFO - Setting next_dagrun for latest_only to 2025-06-13 08:00:00+00:00, run_after=2025-06-13 12:00:00+00:00
[2025-06-13T15:05:10.381+0000] {processor.py:183} INFO - Processing /home/airflow/.local/lib/python3.10/site-packages/airflow/example_dags/example_latest_only.py took 0.079 seconds
