[2025-06-13T14:33:25.991+0000] {processor.py:161} INFO - Started process (PID=87) to work on /home/airflow/.local/lib/python3.10/site-packages/airflow/example_dags/example_params_ui_tutorial.py
[2025-06-13T14:33:25.992+0000] {processor.py:830} INFO - Processing file /home/airflow/.local/lib/python3.10/site-packages/airflow/example_dags/example_params_ui_tutorial.py for tasks to queue
[2025-06-13T14:33:25.993+0000] {logging_mixin.py:188} INFO - [2025-06-13T14:33:25.993+0000] {dagbag.py:540} INFO - Filling up the DagBag from /home/airflow/.local/lib/python3.10/site-packages/airflow/example_dags/example_params_ui_tutorial.py
[2025-06-13T14:33:26.003+0000] {processor.py:840} INFO - DAG(s) 'example_params_ui_tutorial' retrieved from /home/airflow/.local/lib/python3.10/site-packages/airflow/example_dags/example_params_ui_tutorial.py
[2025-06-13T14:33:26.012+0000] {logging_mixin.py:188} INFO - [2025-06-13T14:33:26.012+0000] {dag.py:3096} INFO - Sync 1 DAGs
[2025-06-13T14:33:26.023+0000] {logging_mixin.py:188} INFO - [2025-06-13T14:33:26.023+0000] {dag.py:3954} INFO - Setting next_dagrun for example_params_ui_tutorial to None, run_after=None
[2025-06-13T14:33:26.034+0000] {processor.py:183} INFO - Processing /home/airflow/.local/lib/python3.10/site-packages/airflow/example_dags/example_params_ui_tutorial.py took 0.048 seconds
[2025-06-13T14:33:56.131+0000] {processor.py:161} INFO - Started process (PID=144) to work on /home/airflow/.local/lib/python3.10/site-packages/airflow/example_dags/example_params_ui_tutorial.py
[2025-06-13T14:33:56.131+0000] {processor.py:830} INFO - Processing file /home/airflow/.local/lib/python3.10/site-packages/airflow/example_dags/example_params_ui_tutorial.py for tasks to queue
[2025-06-13T14:33:56.132+0000] {logging_mixin.py:188} INFO - [2025-06-13T14:33:56.132+0000] {dagbag.py:540} INFO - Filling up the DagBag from /home/airflow/.local/lib/python3.10/site-packages/airflow/example_dags/example_params_ui_tutorial.py
[2025-06-13T14:33:56.138+0000] {processor.py:840} INFO - DAG(s) 'example_params_ui_tutorial' retrieved from /home/airflow/.local/lib/python3.10/site-packages/airflow/example_dags/example_params_ui_tutorial.py
[2025-06-13T14:33:56.201+0000] {logging_mixin.py:188} INFO - [2025-06-13T14:33:56.201+0000] {dag.py:3096} INFO - Sync 1 DAGs
[2025-06-13T14:33:56.207+0000] {logging_mixin.py:188} INFO - [2025-06-13T14:33:56.207+0000] {dag.py:3954} INFO - Setting next_dagrun for example_params_ui_tutorial to None, run_after=None
[2025-06-13T14:33:56.216+0000] {processor.py:183} INFO - Processing /home/airflow/.local/lib/python3.10/site-packages/airflow/example_dags/example_params_ui_tutorial.py took 0.089 seconds
[2025-06-13T14:34:26.237+0000] {processor.py:161} INFO - Started process (PID=202) to work on /home/airflow/.local/lib/python3.10/site-packages/airflow/example_dags/example_params_ui_tutorial.py
[2025-06-13T14:34:26.238+0000] {processor.py:830} INFO - Processing file /home/airflow/.local/lib/python3.10/site-packages/airflow/example_dags/example_params_ui_tutorial.py for tasks to queue
[2025-06-13T14:34:26.239+0000] {logging_mixin.py:188} INFO - [2025-06-13T14:34:26.239+0000] {dagbag.py:540} INFO - Filling up the DagBag from /home/airflow/.local/lib/python3.10/site-packages/airflow/example_dags/example_params_ui_tutorial.py
[2025-06-13T14:34:26.248+0000] {processor.py:840} INFO - DAG(s) 'example_params_ui_tutorial' retrieved from /home/airflow/.local/lib/python3.10/site-packages/airflow/example_dags/example_params_ui_tutorial.py
[2025-06-13T14:34:26.278+0000] {logging_mixin.py:188} INFO - [2025-06-13T14:34:26.278+0000] {dag.py:3096} INFO - Sync 1 DAGs
[2025-06-13T14:34:26.284+0000] {logging_mixin.py:188} INFO - [2025-06-13T14:34:26.284+0000] {dag.py:3954} INFO - Setting next_dagrun for example_params_ui_tutorial to None, run_after=None
[2025-06-13T14:34:26.300+0000] {processor.py:183} INFO - Processing /home/airflow/.local/lib/python3.10/site-packages/airflow/example_dags/example_params_ui_tutorial.py took 0.066 seconds
[2025-06-13T14:34:56.658+0000] {processor.py:161} INFO - Started process (PID=260) to work on /home/airflow/.local/lib/python3.10/site-packages/airflow/example_dags/example_params_ui_tutorial.py
[2025-06-13T14:34:56.661+0000] {processor.py:830} INFO - Processing file /home/airflow/.local/lib/python3.10/site-packages/airflow/example_dags/example_params_ui_tutorial.py for tasks to queue
[2025-06-13T14:34:56.662+0000] {logging_mixin.py:188} INFO - [2025-06-13T14:34:56.662+0000] {dagbag.py:540} INFO - Filling up the DagBag from /home/airflow/.local/lib/python3.10/site-packages/airflow/example_dags/example_params_ui_tutorial.py
[2025-06-13T14:34:56.669+0000] {processor.py:840} INFO - DAG(s) 'example_params_ui_tutorial' retrieved from /home/airflow/.local/lib/python3.10/site-packages/airflow/example_dags/example_params_ui_tutorial.py
[2025-06-13T14:34:56.699+0000] {logging_mixin.py:188} INFO - [2025-06-13T14:34:56.699+0000] {dag.py:3096} INFO - Sync 1 DAGs
[2025-06-13T14:34:56.706+0000] {logging_mixin.py:188} INFO - [2025-06-13T14:34:56.706+0000] {dag.py:3954} INFO - Setting next_dagrun for example_params_ui_tutorial to None, run_after=None
[2025-06-13T14:34:56.715+0000] {processor.py:183} INFO - Processing /home/airflow/.local/lib/python3.10/site-packages/airflow/example_dags/example_params_ui_tutorial.py took 0.061 seconds
[2025-06-13T14:35:27.418+0000] {processor.py:161} INFO - Started process (PID=324) to work on /home/airflow/.local/lib/python3.10/site-packages/airflow/example_dags/example_params_ui_tutorial.py
[2025-06-13T14:35:27.419+0000] {processor.py:830} INFO - Processing file /home/airflow/.local/lib/python3.10/site-packages/airflow/example_dags/example_params_ui_tutorial.py for tasks to queue
[2025-06-13T14:35:27.422+0000] {logging_mixin.py:188} INFO - [2025-06-13T14:35:27.422+0000] {dagbag.py:540} INFO - Filling up the DagBag from /home/airflow/.local/lib/python3.10/site-packages/airflow/example_dags/example_params_ui_tutorial.py
[2025-06-13T14:35:27.430+0000] {processor.py:840} INFO - DAG(s) 'example_params_ui_tutorial' retrieved from /home/airflow/.local/lib/python3.10/site-packages/airflow/example_dags/example_params_ui_tutorial.py
[2025-06-13T14:35:27.463+0000] {logging_mixin.py:188} INFO - [2025-06-13T14:35:27.462+0000] {dag.py:3096} INFO - Sync 1 DAGs
[2025-06-13T14:35:27.469+0000] {logging_mixin.py:188} INFO - [2025-06-13T14:35:27.469+0000] {dag.py:3954} INFO - Setting next_dagrun for example_params_ui_tutorial to None, run_after=None
[2025-06-13T14:35:27.480+0000] {processor.py:183} INFO - Processing /home/airflow/.local/lib/python3.10/site-packages/airflow/example_dags/example_params_ui_tutorial.py took 0.069 seconds
[2025-06-13T14:35:58.818+0000] {processor.py:161} INFO - Started process (PID=382) to work on /home/airflow/.local/lib/python3.10/site-packages/airflow/example_dags/example_params_ui_tutorial.py
[2025-06-13T14:35:58.819+0000] {processor.py:830} INFO - Processing file /home/airflow/.local/lib/python3.10/site-packages/airflow/example_dags/example_params_ui_tutorial.py for tasks to queue
[2025-06-13T14:35:58.820+0000] {logging_mixin.py:188} INFO - [2025-06-13T14:35:58.819+0000] {dagbag.py:540} INFO - Filling up the DagBag from /home/airflow/.local/lib/python3.10/site-packages/airflow/example_dags/example_params_ui_tutorial.py
[2025-06-13T14:35:58.826+0000] {processor.py:840} INFO - DAG(s) 'example_params_ui_tutorial' retrieved from /home/airflow/.local/lib/python3.10/site-packages/airflow/example_dags/example_params_ui_tutorial.py
[2025-06-13T14:35:58.856+0000] {logging_mixin.py:188} INFO - [2025-06-13T14:35:58.856+0000] {dag.py:3096} INFO - Sync 1 DAGs
[2025-06-13T14:35:58.862+0000] {logging_mixin.py:188} INFO - [2025-06-13T14:35:58.862+0000] {dag.py:3954} INFO - Setting next_dagrun for example_params_ui_tutorial to None, run_after=None
[2025-06-13T14:35:58.874+0000] {processor.py:183} INFO - Processing /home/airflow/.local/lib/python3.10/site-packages/airflow/example_dags/example_params_ui_tutorial.py took 0.059 seconds
[2025-06-13T14:36:29.639+0000] {processor.py:161} INFO - Started process (PID=440) to work on /home/airflow/.local/lib/python3.10/site-packages/airflow/example_dags/example_params_ui_tutorial.py
[2025-06-13T14:36:29.641+0000] {processor.py:830} INFO - Processing file /home/airflow/.local/lib/python3.10/site-packages/airflow/example_dags/example_params_ui_tutorial.py for tasks to queue
[2025-06-13T14:36:29.642+0000] {logging_mixin.py:188} INFO - [2025-06-13T14:36:29.642+0000] {dagbag.py:540} INFO - Filling up the DagBag from /home/airflow/.local/lib/python3.10/site-packages/airflow/example_dags/example_params_ui_tutorial.py
[2025-06-13T14:36:29.650+0000] {processor.py:840} INFO - DAG(s) 'example_params_ui_tutorial' retrieved from /home/airflow/.local/lib/python3.10/site-packages/airflow/example_dags/example_params_ui_tutorial.py
[2025-06-13T14:36:29.678+0000] {logging_mixin.py:188} INFO - [2025-06-13T14:36:29.678+0000] {dag.py:3096} INFO - Sync 1 DAGs
[2025-06-13T14:36:29.685+0000] {logging_mixin.py:188} INFO - [2025-06-13T14:36:29.685+0000] {dag.py:3954} INFO - Setting next_dagrun for example_params_ui_tutorial to None, run_after=None
[2025-06-13T14:36:29.695+0000] {processor.py:183} INFO - Processing /home/airflow/.local/lib/python3.10/site-packages/airflow/example_dags/example_params_ui_tutorial.py took 0.060 seconds
[2025-06-13T14:36:59.952+0000] {processor.py:161} INFO - Started process (PID=498) to work on /home/airflow/.local/lib/python3.10/site-packages/airflow/example_dags/example_params_ui_tutorial.py
[2025-06-13T14:36:59.953+0000] {processor.py:830} INFO - Processing file /home/airflow/.local/lib/python3.10/site-packages/airflow/example_dags/example_params_ui_tutorial.py for tasks to queue
[2025-06-13T14:36:59.954+0000] {logging_mixin.py:188} INFO - [2025-06-13T14:36:59.954+0000] {dagbag.py:540} INFO - Filling up the DagBag from /home/airflow/.local/lib/python3.10/site-packages/airflow/example_dags/example_params_ui_tutorial.py
[2025-06-13T14:36:59.961+0000] {processor.py:840} INFO - DAG(s) 'example_params_ui_tutorial' retrieved from /home/airflow/.local/lib/python3.10/site-packages/airflow/example_dags/example_params_ui_tutorial.py
[2025-06-13T14:36:59.989+0000] {logging_mixin.py:188} INFO - [2025-06-13T14:36:59.989+0000] {dag.py:3096} INFO - Sync 1 DAGs
[2025-06-13T14:36:59.999+0000] {logging_mixin.py:188} INFO - [2025-06-13T14:36:59.999+0000] {dag.py:3954} INFO - Setting next_dagrun for example_params_ui_tutorial to None, run_after=None
[2025-06-13T14:37:00.012+0000] {processor.py:183} INFO - Processing /home/airflow/.local/lib/python3.10/site-packages/airflow/example_dags/example_params_ui_tutorial.py took 0.065 seconds
[2025-06-13T14:37:30.898+0000] {processor.py:161} INFO - Started process (PID=556) to work on /home/airflow/.local/lib/python3.10/site-packages/airflow/example_dags/example_params_ui_tutorial.py
[2025-06-13T14:37:30.899+0000] {processor.py:830} INFO - Processing file /home/airflow/.local/lib/python3.10/site-packages/airflow/example_dags/example_params_ui_tutorial.py for tasks to queue
[2025-06-13T14:37:30.900+0000] {logging_mixin.py:188} INFO - [2025-06-13T14:37:30.900+0000] {dagbag.py:540} INFO - Filling up the DagBag from /home/airflow/.local/lib/python3.10/site-packages/airflow/example_dags/example_params_ui_tutorial.py
[2025-06-13T14:37:30.908+0000] {processor.py:840} INFO - DAG(s) 'example_params_ui_tutorial' retrieved from /home/airflow/.local/lib/python3.10/site-packages/airflow/example_dags/example_params_ui_tutorial.py
[2025-06-13T14:37:30.940+0000] {logging_mixin.py:188} INFO - [2025-06-13T14:37:30.940+0000] {dag.py:3096} INFO - Sync 1 DAGs
[2025-06-13T14:37:30.959+0000] {logging_mixin.py:188} INFO - [2025-06-13T14:37:30.958+0000] {dag.py:3954} INFO - Setting next_dagrun for example_params_ui_tutorial to None, run_after=None
[2025-06-13T14:37:30.978+0000] {processor.py:183} INFO - Processing /home/airflow/.local/lib/python3.10/site-packages/airflow/example_dags/example_params_ui_tutorial.py took 0.083 seconds
[2025-06-13T14:38:01.018+0000] {processor.py:161} INFO - Started process (PID=615) to work on /home/airflow/.local/lib/python3.10/site-packages/airflow/example_dags/example_params_ui_tutorial.py
[2025-06-13T14:38:01.020+0000] {processor.py:830} INFO - Processing file /home/airflow/.local/lib/python3.10/site-packages/airflow/example_dags/example_params_ui_tutorial.py for tasks to queue
[2025-06-13T14:38:01.022+0000] {logging_mixin.py:188} INFO - [2025-06-13T14:38:01.022+0000] {dagbag.py:540} INFO - Filling up the DagBag from /home/airflow/.local/lib/python3.10/site-packages/airflow/example_dags/example_params_ui_tutorial.py
[2025-06-13T14:38:01.030+0000] {processor.py:840} INFO - DAG(s) 'example_params_ui_tutorial' retrieved from /home/airflow/.local/lib/python3.10/site-packages/airflow/example_dags/example_params_ui_tutorial.py
[2025-06-13T14:38:01.072+0000] {logging_mixin.py:188} INFO - [2025-06-13T14:38:01.072+0000] {dag.py:3096} INFO - Sync 1 DAGs
[2025-06-13T14:38:01.082+0000] {logging_mixin.py:188} INFO - [2025-06-13T14:38:01.081+0000] {dag.py:3954} INFO - Setting next_dagrun for example_params_ui_tutorial to None, run_after=None
[2025-06-13T14:38:01.099+0000] {processor.py:183} INFO - Processing /home/airflow/.local/lib/python3.10/site-packages/airflow/example_dags/example_params_ui_tutorial.py took 0.086 seconds
[2025-06-13T14:38:31.721+0000] {processor.py:161} INFO - Started process (PID=674) to work on /home/airflow/.local/lib/python3.10/site-packages/airflow/example_dags/example_params_ui_tutorial.py
[2025-06-13T14:38:31.724+0000] {processor.py:830} INFO - Processing file /home/airflow/.local/lib/python3.10/site-packages/airflow/example_dags/example_params_ui_tutorial.py for tasks to queue
[2025-06-13T14:38:31.729+0000] {logging_mixin.py:188} INFO - [2025-06-13T14:38:31.729+0000] {dagbag.py:540} INFO - Filling up the DagBag from /home/airflow/.local/lib/python3.10/site-packages/airflow/example_dags/example_params_ui_tutorial.py
[2025-06-13T14:38:31.741+0000] {processor.py:840} INFO - DAG(s) 'example_params_ui_tutorial' retrieved from /home/airflow/.local/lib/python3.10/site-packages/airflow/example_dags/example_params_ui_tutorial.py
[2025-06-13T14:38:31.775+0000] {logging_mixin.py:188} INFO - [2025-06-13T14:38:31.775+0000] {dag.py:3096} INFO - Sync 1 DAGs
[2025-06-13T14:38:31.782+0000] {logging_mixin.py:188} INFO - [2025-06-13T14:38:31.782+0000] {dag.py:3954} INFO - Setting next_dagrun for example_params_ui_tutorial to None, run_after=None
[2025-06-13T14:38:31.796+0000] {processor.py:183} INFO - Processing /home/airflow/.local/lib/python3.10/site-packages/airflow/example_dags/example_params_ui_tutorial.py took 0.081 seconds
[2025-06-13T14:39:02.440+0000] {processor.py:161} INFO - Started process (PID=734) to work on /home/airflow/.local/lib/python3.10/site-packages/airflow/example_dags/example_params_ui_tutorial.py
[2025-06-13T14:39:02.442+0000] {processor.py:830} INFO - Processing file /home/airflow/.local/lib/python3.10/site-packages/airflow/example_dags/example_params_ui_tutorial.py for tasks to queue
[2025-06-13T14:39:02.443+0000] {logging_mixin.py:188} INFO - [2025-06-13T14:39:02.443+0000] {dagbag.py:540} INFO - Filling up the DagBag from /home/airflow/.local/lib/python3.10/site-packages/airflow/example_dags/example_params_ui_tutorial.py
[2025-06-13T14:39:02.450+0000] {processor.py:840} INFO - DAG(s) 'example_params_ui_tutorial' retrieved from /home/airflow/.local/lib/python3.10/site-packages/airflow/example_dags/example_params_ui_tutorial.py
[2025-06-13T14:39:02.477+0000] {logging_mixin.py:188} INFO - [2025-06-13T14:39:02.477+0000] {dag.py:3096} INFO - Sync 1 DAGs
[2025-06-13T14:39:02.483+0000] {logging_mixin.py:188} INFO - [2025-06-13T14:39:02.482+0000] {dag.py:3954} INFO - Setting next_dagrun for example_params_ui_tutorial to None, run_after=None
[2025-06-13T14:39:02.492+0000] {processor.py:183} INFO - Processing /home/airflow/.local/lib/python3.10/site-packages/airflow/example_dags/example_params_ui_tutorial.py took 0.056 seconds
[2025-06-13T14:39:33.526+0000] {processor.py:161} INFO - Started process (PID=794) to work on /home/airflow/.local/lib/python3.10/site-packages/airflow/example_dags/example_params_ui_tutorial.py
[2025-06-13T14:39:33.531+0000] {processor.py:830} INFO - Processing file /home/airflow/.local/lib/python3.10/site-packages/airflow/example_dags/example_params_ui_tutorial.py for tasks to queue
[2025-06-13T14:39:33.533+0000] {logging_mixin.py:188} INFO - [2025-06-13T14:39:33.532+0000] {dagbag.py:540} INFO - Filling up the DagBag from /home/airflow/.local/lib/python3.10/site-packages/airflow/example_dags/example_params_ui_tutorial.py
[2025-06-13T14:39:33.541+0000] {processor.py:840} INFO - DAG(s) 'example_params_ui_tutorial' retrieved from /home/airflow/.local/lib/python3.10/site-packages/airflow/example_dags/example_params_ui_tutorial.py
[2025-06-13T14:39:33.587+0000] {logging_mixin.py:188} INFO - [2025-06-13T14:39:33.587+0000] {dag.py:3096} INFO - Sync 1 DAGs
[2025-06-13T14:39:33.602+0000] {logging_mixin.py:188} INFO - [2025-06-13T14:39:33.601+0000] {dag.py:3954} INFO - Setting next_dagrun for example_params_ui_tutorial to None, run_after=None
[2025-06-13T14:39:33.638+0000] {processor.py:183} INFO - Processing /home/airflow/.local/lib/python3.10/site-packages/airflow/example_dags/example_params_ui_tutorial.py took 0.118 seconds
[2025-06-13T14:40:03.883+0000] {processor.py:161} INFO - Started process (PID=854) to work on /home/airflow/.local/lib/python3.10/site-packages/airflow/example_dags/example_params_ui_tutorial.py
[2025-06-13T14:40:03.883+0000] {processor.py:830} INFO - Processing file /home/airflow/.local/lib/python3.10/site-packages/airflow/example_dags/example_params_ui_tutorial.py for tasks to queue
[2025-06-13T14:40:03.885+0000] {logging_mixin.py:188} INFO - [2025-06-13T14:40:03.885+0000] {dagbag.py:540} INFO - Filling up the DagBag from /home/airflow/.local/lib/python3.10/site-packages/airflow/example_dags/example_params_ui_tutorial.py
[2025-06-13T14:40:03.895+0000] {processor.py:840} INFO - DAG(s) 'example_params_ui_tutorial' retrieved from /home/airflow/.local/lib/python3.10/site-packages/airflow/example_dags/example_params_ui_tutorial.py
[2025-06-13T14:40:03.932+0000] {logging_mixin.py:188} INFO - [2025-06-13T14:40:03.932+0000] {dag.py:3096} INFO - Sync 1 DAGs
[2025-06-13T14:40:03.939+0000] {logging_mixin.py:188} INFO - [2025-06-13T14:40:03.939+0000] {dag.py:3954} INFO - Setting next_dagrun for example_params_ui_tutorial to None, run_after=None
[2025-06-13T14:40:03.956+0000] {processor.py:183} INFO - Processing /home/airflow/.local/lib/python3.10/site-packages/airflow/example_dags/example_params_ui_tutorial.py took 0.077 seconds
[2025-06-13T14:40:35.148+0000] {processor.py:161} INFO - Started process (PID=914) to work on /home/airflow/.local/lib/python3.10/site-packages/airflow/example_dags/example_params_ui_tutorial.py
[2025-06-13T14:40:35.151+0000] {processor.py:830} INFO - Processing file /home/airflow/.local/lib/python3.10/site-packages/airflow/example_dags/example_params_ui_tutorial.py for tasks to queue
[2025-06-13T14:40:35.159+0000] {logging_mixin.py:188} INFO - [2025-06-13T14:40:35.158+0000] {dagbag.py:540} INFO - Filling up the DagBag from /home/airflow/.local/lib/python3.10/site-packages/airflow/example_dags/example_params_ui_tutorial.py
[2025-06-13T14:40:35.171+0000] {processor.py:840} INFO - DAG(s) 'example_params_ui_tutorial' retrieved from /home/airflow/.local/lib/python3.10/site-packages/airflow/example_dags/example_params_ui_tutorial.py
[2025-06-13T14:40:35.251+0000] {logging_mixin.py:188} INFO - [2025-06-13T14:40:35.250+0000] {dag.py:3096} INFO - Sync 1 DAGs
[2025-06-13T14:40:35.261+0000] {logging_mixin.py:188} INFO - [2025-06-13T14:40:35.261+0000] {dag.py:3954} INFO - Setting next_dagrun for example_params_ui_tutorial to None, run_after=None
[2025-06-13T14:40:35.275+0000] {processor.py:183} INFO - Processing /home/airflow/.local/lib/python3.10/site-packages/airflow/example_dags/example_params_ui_tutorial.py took 0.140 seconds
[2025-06-13T14:41:05.517+0000] {processor.py:161} INFO - Started process (PID=975) to work on /home/airflow/.local/lib/python3.10/site-packages/airflow/example_dags/example_params_ui_tutorial.py
[2025-06-13T14:41:05.517+0000] {processor.py:830} INFO - Processing file /home/airflow/.local/lib/python3.10/site-packages/airflow/example_dags/example_params_ui_tutorial.py for tasks to queue
[2025-06-13T14:41:05.518+0000] {logging_mixin.py:188} INFO - [2025-06-13T14:41:05.518+0000] {dagbag.py:540} INFO - Filling up the DagBag from /home/airflow/.local/lib/python3.10/site-packages/airflow/example_dags/example_params_ui_tutorial.py
[2025-06-13T14:41:05.524+0000] {processor.py:840} INFO - DAG(s) 'example_params_ui_tutorial' retrieved from /home/airflow/.local/lib/python3.10/site-packages/airflow/example_dags/example_params_ui_tutorial.py
[2025-06-13T14:41:05.547+0000] {logging_mixin.py:188} INFO - [2025-06-13T14:41:05.547+0000] {dag.py:3096} INFO - Sync 1 DAGs
[2025-06-13T14:41:05.552+0000] {logging_mixin.py:188} INFO - [2025-06-13T14:41:05.552+0000] {dag.py:3954} INFO - Setting next_dagrun for example_params_ui_tutorial to None, run_after=None
[2025-06-13T14:41:05.560+0000] {processor.py:183} INFO - Processing /home/airflow/.local/lib/python3.10/site-packages/airflow/example_dags/example_params_ui_tutorial.py took 0.047 seconds
[2025-06-13T14:41:35.935+0000] {processor.py:161} INFO - Started process (PID=1034) to work on /home/airflow/.local/lib/python3.10/site-packages/airflow/example_dags/example_params_ui_tutorial.py
[2025-06-13T14:41:35.935+0000] {processor.py:830} INFO - Processing file /home/airflow/.local/lib/python3.10/site-packages/airflow/example_dags/example_params_ui_tutorial.py for tasks to queue
[2025-06-13T14:41:35.936+0000] {logging_mixin.py:188} INFO - [2025-06-13T14:41:35.936+0000] {dagbag.py:540} INFO - Filling up the DagBag from /home/airflow/.local/lib/python3.10/site-packages/airflow/example_dags/example_params_ui_tutorial.py
[2025-06-13T14:41:35.942+0000] {processor.py:840} INFO - DAG(s) 'example_params_ui_tutorial' retrieved from /home/airflow/.local/lib/python3.10/site-packages/airflow/example_dags/example_params_ui_tutorial.py
[2025-06-13T14:41:35.969+0000] {logging_mixin.py:188} INFO - [2025-06-13T14:41:35.969+0000] {dag.py:3096} INFO - Sync 1 DAGs
[2025-06-13T14:41:35.975+0000] {logging_mixin.py:188} INFO - [2025-06-13T14:41:35.975+0000] {dag.py:3954} INFO - Setting next_dagrun for example_params_ui_tutorial to None, run_after=None
[2025-06-13T14:41:35.987+0000] {processor.py:183} INFO - Processing /home/airflow/.local/lib/python3.10/site-packages/airflow/example_dags/example_params_ui_tutorial.py took 0.057 seconds
[2025-06-13T14:42:06.280+0000] {processor.py:161} INFO - Started process (PID=1094) to work on /home/airflow/.local/lib/python3.10/site-packages/airflow/example_dags/example_params_ui_tutorial.py
[2025-06-13T14:42:06.282+0000] {processor.py:830} INFO - Processing file /home/airflow/.local/lib/python3.10/site-packages/airflow/example_dags/example_params_ui_tutorial.py for tasks to queue
[2025-06-13T14:42:06.284+0000] {logging_mixin.py:188} INFO - [2025-06-13T14:42:06.284+0000] {dagbag.py:540} INFO - Filling up the DagBag from /home/airflow/.local/lib/python3.10/site-packages/airflow/example_dags/example_params_ui_tutorial.py
[2025-06-13T14:42:06.291+0000] {processor.py:840} INFO - DAG(s) 'example_params_ui_tutorial' retrieved from /home/airflow/.local/lib/python3.10/site-packages/airflow/example_dags/example_params_ui_tutorial.py
[2025-06-13T14:42:06.321+0000] {logging_mixin.py:188} INFO - [2025-06-13T14:42:06.321+0000] {dag.py:3096} INFO - Sync 1 DAGs
[2025-06-13T14:42:06.330+0000] {logging_mixin.py:188} INFO - [2025-06-13T14:42:06.329+0000] {dag.py:3954} INFO - Setting next_dagrun for example_params_ui_tutorial to None, run_after=None
[2025-06-13T14:42:06.341+0000] {processor.py:183} INFO - Processing /home/airflow/.local/lib/python3.10/site-packages/airflow/example_dags/example_params_ui_tutorial.py took 0.064 seconds
[2025-06-13T14:42:37.635+0000] {processor.py:161} INFO - Started process (PID=1154) to work on /home/airflow/.local/lib/python3.10/site-packages/airflow/example_dags/example_params_ui_tutorial.py
[2025-06-13T14:42:37.636+0000] {processor.py:830} INFO - Processing file /home/airflow/.local/lib/python3.10/site-packages/airflow/example_dags/example_params_ui_tutorial.py for tasks to queue
[2025-06-13T14:42:37.637+0000] {logging_mixin.py:188} INFO - [2025-06-13T14:42:37.637+0000] {dagbag.py:540} INFO - Filling up the DagBag from /home/airflow/.local/lib/python3.10/site-packages/airflow/example_dags/example_params_ui_tutorial.py
[2025-06-13T14:42:37.643+0000] {processor.py:840} INFO - DAG(s) 'example_params_ui_tutorial' retrieved from /home/airflow/.local/lib/python3.10/site-packages/airflow/example_dags/example_params_ui_tutorial.py
[2025-06-13T14:42:37.673+0000] {logging_mixin.py:188} INFO - [2025-06-13T14:42:37.673+0000] {dag.py:3096} INFO - Sync 1 DAGs
[2025-06-13T14:42:37.682+0000] {logging_mixin.py:188} INFO - [2025-06-13T14:42:37.682+0000] {dag.py:3954} INFO - Setting next_dagrun for example_params_ui_tutorial to None, run_after=None
[2025-06-13T14:42:37.695+0000] {processor.py:183} INFO - Processing /home/airflow/.local/lib/python3.10/site-packages/airflow/example_dags/example_params_ui_tutorial.py took 0.063 seconds
[2025-06-13T14:43:08.275+0000] {processor.py:161} INFO - Started process (PID=1214) to work on /home/airflow/.local/lib/python3.10/site-packages/airflow/example_dags/example_params_ui_tutorial.py
[2025-06-13T14:43:08.276+0000] {processor.py:830} INFO - Processing file /home/airflow/.local/lib/python3.10/site-packages/airflow/example_dags/example_params_ui_tutorial.py for tasks to queue
[2025-06-13T14:43:08.277+0000] {logging_mixin.py:188} INFO - [2025-06-13T14:43:08.277+0000] {dagbag.py:540} INFO - Filling up the DagBag from /home/airflow/.local/lib/python3.10/site-packages/airflow/example_dags/example_params_ui_tutorial.py
[2025-06-13T14:43:08.285+0000] {processor.py:840} INFO - DAG(s) 'example_params_ui_tutorial' retrieved from /home/airflow/.local/lib/python3.10/site-packages/airflow/example_dags/example_params_ui_tutorial.py
[2025-06-13T14:43:08.317+0000] {logging_mixin.py:188} INFO - [2025-06-13T14:43:08.317+0000] {dag.py:3096} INFO - Sync 1 DAGs
[2025-06-13T14:43:08.325+0000] {logging_mixin.py:188} INFO - [2025-06-13T14:43:08.325+0000] {dag.py:3954} INFO - Setting next_dagrun for example_params_ui_tutorial to None, run_after=None
[2025-06-13T14:43:08.343+0000] {processor.py:183} INFO - Processing /home/airflow/.local/lib/python3.10/site-packages/airflow/example_dags/example_params_ui_tutorial.py took 0.072 seconds
[2025-06-13T14:44:43.771+0000] {processor.py:161} INFO - Started process (PID=105) to work on /home/airflow/.local/lib/python3.10/site-packages/airflow/example_dags/example_params_ui_tutorial.py
[2025-06-13T14:44:43.772+0000] {processor.py:830} INFO - Processing file /home/airflow/.local/lib/python3.10/site-packages/airflow/example_dags/example_params_ui_tutorial.py for tasks to queue
[2025-06-13T14:44:43.773+0000] {logging_mixin.py:188} INFO - [2025-06-13T14:44:43.773+0000] {dagbag.py:540} INFO - Filling up the DagBag from /home/airflow/.local/lib/python3.10/site-packages/airflow/example_dags/example_params_ui_tutorial.py
[2025-06-13T14:44:43.779+0000] {processor.py:840} INFO - DAG(s) 'example_params_ui_tutorial' retrieved from /home/airflow/.local/lib/python3.10/site-packages/airflow/example_dags/example_params_ui_tutorial.py
[2025-06-13T14:44:43.787+0000] {logging_mixin.py:188} INFO - [2025-06-13T14:44:43.787+0000] {dag.py:3096} INFO - Sync 1 DAGs
[2025-06-13T14:44:43.797+0000] {logging_mixin.py:188} INFO - [2025-06-13T14:44:43.797+0000] {dag.py:3954} INFO - Setting next_dagrun for example_params_ui_tutorial to None, run_after=None
[2025-06-13T14:44:43.806+0000] {processor.py:183} INFO - Processing /home/airflow/.local/lib/python3.10/site-packages/airflow/example_dags/example_params_ui_tutorial.py took 0.039 seconds
[2025-06-13T14:45:17.601+0000] {processor.py:161} INFO - Started process (PID=175) to work on /home/airflow/.local/lib/python3.10/site-packages/airflow/example_dags/example_params_ui_tutorial.py
[2025-06-13T14:45:17.602+0000] {processor.py:830} INFO - Processing file /home/airflow/.local/lib/python3.10/site-packages/airflow/example_dags/example_params_ui_tutorial.py for tasks to queue
[2025-06-13T14:45:17.604+0000] {logging_mixin.py:188} INFO - [2025-06-13T14:45:17.604+0000] {dagbag.py:540} INFO - Filling up the DagBag from /home/airflow/.local/lib/python3.10/site-packages/airflow/example_dags/example_params_ui_tutorial.py
[2025-06-13T14:45:17.618+0000] {processor.py:840} INFO - DAG(s) 'example_params_ui_tutorial' retrieved from /home/airflow/.local/lib/python3.10/site-packages/airflow/example_dags/example_params_ui_tutorial.py
[2025-06-13T14:45:17.771+0000] {logging_mixin.py:188} INFO - [2025-06-13T14:45:17.770+0000] {dag.py:3096} INFO - Sync 1 DAGs
[2025-06-13T14:45:17.780+0000] {logging_mixin.py:188} INFO - [2025-06-13T14:45:17.780+0000] {dag.py:3954} INFO - Setting next_dagrun for example_params_ui_tutorial to None, run_after=None
[2025-06-13T14:45:17.808+0000] {processor.py:183} INFO - Processing /home/airflow/.local/lib/python3.10/site-packages/airflow/example_dags/example_params_ui_tutorial.py took 0.213 seconds
[2025-06-13T14:45:47.854+0000] {processor.py:161} INFO - Started process (PID=243) to work on /home/airflow/.local/lib/python3.10/site-packages/airflow/example_dags/example_params_ui_tutorial.py
[2025-06-13T14:45:47.855+0000] {processor.py:830} INFO - Processing file /home/airflow/.local/lib/python3.10/site-packages/airflow/example_dags/example_params_ui_tutorial.py for tasks to queue
[2025-06-13T14:45:47.858+0000] {logging_mixin.py:188} INFO - [2025-06-13T14:45:47.858+0000] {dagbag.py:540} INFO - Filling up the DagBag from /home/airflow/.local/lib/python3.10/site-packages/airflow/example_dags/example_params_ui_tutorial.py
[2025-06-13T14:45:47.867+0000] {processor.py:840} INFO - DAG(s) 'example_params_ui_tutorial' retrieved from /home/airflow/.local/lib/python3.10/site-packages/airflow/example_dags/example_params_ui_tutorial.py
[2025-06-13T14:45:47.900+0000] {logging_mixin.py:188} INFO - [2025-06-13T14:45:47.900+0000] {dag.py:3096} INFO - Sync 1 DAGs
[2025-06-13T14:45:47.907+0000] {logging_mixin.py:188} INFO - [2025-06-13T14:45:47.906+0000] {dag.py:3954} INFO - Setting next_dagrun for example_params_ui_tutorial to None, run_after=None
[2025-06-13T14:45:47.916+0000] {processor.py:183} INFO - Processing /home/airflow/.local/lib/python3.10/site-packages/airflow/example_dags/example_params_ui_tutorial.py took 0.066 seconds
[2025-06-13T14:46:18.506+0000] {processor.py:161} INFO - Started process (PID=303) to work on /home/airflow/.local/lib/python3.10/site-packages/airflow/example_dags/example_params_ui_tutorial.py
[2025-06-13T14:46:18.509+0000] {processor.py:830} INFO - Processing file /home/airflow/.local/lib/python3.10/site-packages/airflow/example_dags/example_params_ui_tutorial.py for tasks to queue
[2025-06-13T14:46:18.514+0000] {logging_mixin.py:188} INFO - [2025-06-13T14:46:18.514+0000] {dagbag.py:540} INFO - Filling up the DagBag from /home/airflow/.local/lib/python3.10/site-packages/airflow/example_dags/example_params_ui_tutorial.py
[2025-06-13T14:46:18.521+0000] {processor.py:840} INFO - DAG(s) 'example_params_ui_tutorial' retrieved from /home/airflow/.local/lib/python3.10/site-packages/airflow/example_dags/example_params_ui_tutorial.py
[2025-06-13T14:46:18.550+0000] {logging_mixin.py:188} INFO - [2025-06-13T14:46:18.550+0000] {dag.py:3096} INFO - Sync 1 DAGs
[2025-06-13T14:46:18.556+0000] {logging_mixin.py:188} INFO - [2025-06-13T14:46:18.556+0000] {dag.py:3954} INFO - Setting next_dagrun for example_params_ui_tutorial to None, run_after=None
[2025-06-13T14:46:18.566+0000] {processor.py:183} INFO - Processing /home/airflow/.local/lib/python3.10/site-packages/airflow/example_dags/example_params_ui_tutorial.py took 0.064 seconds
[2025-06-13T14:46:49.346+0000] {processor.py:161} INFO - Started process (PID=363) to work on /home/airflow/.local/lib/python3.10/site-packages/airflow/example_dags/example_params_ui_tutorial.py
[2025-06-13T14:46:49.347+0000] {processor.py:830} INFO - Processing file /home/airflow/.local/lib/python3.10/site-packages/airflow/example_dags/example_params_ui_tutorial.py for tasks to queue
[2025-06-13T14:46:49.348+0000] {logging_mixin.py:188} INFO - [2025-06-13T14:46:49.348+0000] {dagbag.py:540} INFO - Filling up the DagBag from /home/airflow/.local/lib/python3.10/site-packages/airflow/example_dags/example_params_ui_tutorial.py
[2025-06-13T14:46:49.357+0000] {processor.py:840} INFO - DAG(s) 'example_params_ui_tutorial' retrieved from /home/airflow/.local/lib/python3.10/site-packages/airflow/example_dags/example_params_ui_tutorial.py
[2025-06-13T14:46:49.386+0000] {logging_mixin.py:188} INFO - [2025-06-13T14:46:49.386+0000] {dag.py:3096} INFO - Sync 1 DAGs
[2025-06-13T14:46:49.393+0000] {logging_mixin.py:188} INFO - [2025-06-13T14:46:49.393+0000] {dag.py:3954} INFO - Setting next_dagrun for example_params_ui_tutorial to None, run_after=None
[2025-06-13T14:46:49.403+0000] {processor.py:183} INFO - Processing /home/airflow/.local/lib/python3.10/site-packages/airflow/example_dags/example_params_ui_tutorial.py took 0.061 seconds
[2025-06-13T14:47:19.772+0000] {processor.py:161} INFO - Started process (PID=423) to work on /home/airflow/.local/lib/python3.10/site-packages/airflow/example_dags/example_params_ui_tutorial.py
[2025-06-13T14:47:19.774+0000] {processor.py:830} INFO - Processing file /home/airflow/.local/lib/python3.10/site-packages/airflow/example_dags/example_params_ui_tutorial.py for tasks to queue
[2025-06-13T14:47:19.775+0000] {logging_mixin.py:188} INFO - [2025-06-13T14:47:19.775+0000] {dagbag.py:540} INFO - Filling up the DagBag from /home/airflow/.local/lib/python3.10/site-packages/airflow/example_dags/example_params_ui_tutorial.py
[2025-06-13T14:47:19.781+0000] {processor.py:840} INFO - DAG(s) 'example_params_ui_tutorial' retrieved from /home/airflow/.local/lib/python3.10/site-packages/airflow/example_dags/example_params_ui_tutorial.py
[2025-06-13T14:47:19.811+0000] {logging_mixin.py:188} INFO - [2025-06-13T14:47:19.811+0000] {dag.py:3096} INFO - Sync 1 DAGs
[2025-06-13T14:47:19.818+0000] {logging_mixin.py:188} INFO - [2025-06-13T14:47:19.818+0000] {dag.py:3954} INFO - Setting next_dagrun for example_params_ui_tutorial to None, run_after=None
[2025-06-13T14:47:19.827+0000] {processor.py:183} INFO - Processing /home/airflow/.local/lib/python3.10/site-packages/airflow/example_dags/example_params_ui_tutorial.py took 0.058 seconds
[2025-06-13T14:47:49.999+0000] {processor.py:161} INFO - Started process (PID=483) to work on /home/airflow/.local/lib/python3.10/site-packages/airflow/example_dags/example_params_ui_tutorial.py
[2025-06-13T14:47:50.002+0000] {processor.py:830} INFO - Processing file /home/airflow/.local/lib/python3.10/site-packages/airflow/example_dags/example_params_ui_tutorial.py for tasks to queue
[2025-06-13T14:47:50.004+0000] {logging_mixin.py:188} INFO - [2025-06-13T14:47:50.004+0000] {dagbag.py:540} INFO - Filling up the DagBag from /home/airflow/.local/lib/python3.10/site-packages/airflow/example_dags/example_params_ui_tutorial.py
[2025-06-13T14:47:50.012+0000] {processor.py:840} INFO - DAG(s) 'example_params_ui_tutorial' retrieved from /home/airflow/.local/lib/python3.10/site-packages/airflow/example_dags/example_params_ui_tutorial.py
[2025-06-13T14:47:50.049+0000] {logging_mixin.py:188} INFO - [2025-06-13T14:47:50.048+0000] {dag.py:3096} INFO - Sync 1 DAGs
[2025-06-13T14:47:50.057+0000] {logging_mixin.py:188} INFO - [2025-06-13T14:47:50.057+0000] {dag.py:3954} INFO - Setting next_dagrun for example_params_ui_tutorial to None, run_after=None
[2025-06-13T14:47:50.077+0000] {processor.py:183} INFO - Processing /home/airflow/.local/lib/python3.10/site-packages/airflow/example_dags/example_params_ui_tutorial.py took 0.083 seconds
[2025-06-13T14:48:20.873+0000] {processor.py:161} INFO - Started process (PID=543) to work on /home/airflow/.local/lib/python3.10/site-packages/airflow/example_dags/example_params_ui_tutorial.py
[2025-06-13T14:48:20.875+0000] {processor.py:830} INFO - Processing file /home/airflow/.local/lib/python3.10/site-packages/airflow/example_dags/example_params_ui_tutorial.py for tasks to queue
[2025-06-13T14:48:20.876+0000] {logging_mixin.py:188} INFO - [2025-06-13T14:48:20.876+0000] {dagbag.py:540} INFO - Filling up the DagBag from /home/airflow/.local/lib/python3.10/site-packages/airflow/example_dags/example_params_ui_tutorial.py
[2025-06-13T14:48:20.883+0000] {processor.py:840} INFO - DAG(s) 'example_params_ui_tutorial' retrieved from /home/airflow/.local/lib/python3.10/site-packages/airflow/example_dags/example_params_ui_tutorial.py
[2025-06-13T14:48:20.909+0000] {logging_mixin.py:188} INFO - [2025-06-13T14:48:20.909+0000] {dag.py:3096} INFO - Sync 1 DAGs
[2025-06-13T14:48:20.915+0000] {logging_mixin.py:188} INFO - [2025-06-13T14:48:20.915+0000] {dag.py:3954} INFO - Setting next_dagrun for example_params_ui_tutorial to None, run_after=None
[2025-06-13T14:48:20.929+0000] {processor.py:183} INFO - Processing /home/airflow/.local/lib/python3.10/site-packages/airflow/example_dags/example_params_ui_tutorial.py took 0.060 seconds
[2025-06-13T14:48:51.490+0000] {processor.py:161} INFO - Started process (PID=603) to work on /home/airflow/.local/lib/python3.10/site-packages/airflow/example_dags/example_params_ui_tutorial.py
[2025-06-13T14:48:51.491+0000] {processor.py:830} INFO - Processing file /home/airflow/.local/lib/python3.10/site-packages/airflow/example_dags/example_params_ui_tutorial.py for tasks to queue
[2025-06-13T14:48:51.492+0000] {logging_mixin.py:188} INFO - [2025-06-13T14:48:51.491+0000] {dagbag.py:540} INFO - Filling up the DagBag from /home/airflow/.local/lib/python3.10/site-packages/airflow/example_dags/example_params_ui_tutorial.py
[2025-06-13T14:48:51.498+0000] {processor.py:840} INFO - DAG(s) 'example_params_ui_tutorial' retrieved from /home/airflow/.local/lib/python3.10/site-packages/airflow/example_dags/example_params_ui_tutorial.py
[2025-06-13T14:48:51.524+0000] {logging_mixin.py:188} INFO - [2025-06-13T14:48:51.524+0000] {dag.py:3096} INFO - Sync 1 DAGs
[2025-06-13T14:48:51.529+0000] {logging_mixin.py:188} INFO - [2025-06-13T14:48:51.529+0000] {dag.py:3954} INFO - Setting next_dagrun for example_params_ui_tutorial to None, run_after=None
[2025-06-13T14:48:51.537+0000] {processor.py:183} INFO - Processing /home/airflow/.local/lib/python3.10/site-packages/airflow/example_dags/example_params_ui_tutorial.py took 0.052 seconds
[2025-06-13T14:49:21.815+0000] {processor.py:161} INFO - Started process (PID=663) to work on /home/airflow/.local/lib/python3.10/site-packages/airflow/example_dags/example_params_ui_tutorial.py
[2025-06-13T14:49:21.819+0000] {processor.py:830} INFO - Processing file /home/airflow/.local/lib/python3.10/site-packages/airflow/example_dags/example_params_ui_tutorial.py for tasks to queue
[2025-06-13T14:49:21.820+0000] {logging_mixin.py:188} INFO - [2025-06-13T14:49:21.820+0000] {dagbag.py:540} INFO - Filling up the DagBag from /home/airflow/.local/lib/python3.10/site-packages/airflow/example_dags/example_params_ui_tutorial.py
[2025-06-13T14:49:21.829+0000] {processor.py:840} INFO - DAG(s) 'example_params_ui_tutorial' retrieved from /home/airflow/.local/lib/python3.10/site-packages/airflow/example_dags/example_params_ui_tutorial.py
[2025-06-13T14:49:21.863+0000] {logging_mixin.py:188} INFO - [2025-06-13T14:49:21.863+0000] {dag.py:3096} INFO - Sync 1 DAGs
[2025-06-13T14:49:21.874+0000] {logging_mixin.py:188} INFO - [2025-06-13T14:49:21.873+0000] {dag.py:3954} INFO - Setting next_dagrun for example_params_ui_tutorial to None, run_after=None
[2025-06-13T14:49:21.892+0000] {processor.py:183} INFO - Processing /home/airflow/.local/lib/python3.10/site-packages/airflow/example_dags/example_params_ui_tutorial.py took 0.080 seconds
[2025-06-13T14:49:52.051+0000] {processor.py:161} INFO - Started process (PID=723) to work on /home/airflow/.local/lib/python3.10/site-packages/airflow/example_dags/example_params_ui_tutorial.py
[2025-06-13T14:49:52.052+0000] {processor.py:830} INFO - Processing file /home/airflow/.local/lib/python3.10/site-packages/airflow/example_dags/example_params_ui_tutorial.py for tasks to queue
[2025-06-13T14:49:52.053+0000] {logging_mixin.py:188} INFO - [2025-06-13T14:49:52.053+0000] {dagbag.py:540} INFO - Filling up the DagBag from /home/airflow/.local/lib/python3.10/site-packages/airflow/example_dags/example_params_ui_tutorial.py
[2025-06-13T14:49:52.060+0000] {processor.py:840} INFO - DAG(s) 'example_params_ui_tutorial' retrieved from /home/airflow/.local/lib/python3.10/site-packages/airflow/example_dags/example_params_ui_tutorial.py
[2025-06-13T14:49:52.091+0000] {logging_mixin.py:188} INFO - [2025-06-13T14:49:52.091+0000] {dag.py:3096} INFO - Sync 1 DAGs
[2025-06-13T14:49:52.098+0000] {logging_mixin.py:188} INFO - [2025-06-13T14:49:52.098+0000] {dag.py:3954} INFO - Setting next_dagrun for example_params_ui_tutorial to None, run_after=None
[2025-06-13T14:49:52.109+0000] {processor.py:183} INFO - Processing /home/airflow/.local/lib/python3.10/site-packages/airflow/example_dags/example_params_ui_tutorial.py took 0.062 seconds
[2025-06-13T14:50:22.552+0000] {processor.py:161} INFO - Started process (PID=783) to work on /home/airflow/.local/lib/python3.10/site-packages/airflow/example_dags/example_params_ui_tutorial.py
[2025-06-13T14:50:22.553+0000] {processor.py:830} INFO - Processing file /home/airflow/.local/lib/python3.10/site-packages/airflow/example_dags/example_params_ui_tutorial.py for tasks to queue
[2025-06-13T14:50:22.554+0000] {logging_mixin.py:188} INFO - [2025-06-13T14:50:22.554+0000] {dagbag.py:540} INFO - Filling up the DagBag from /home/airflow/.local/lib/python3.10/site-packages/airflow/example_dags/example_params_ui_tutorial.py
[2025-06-13T14:50:22.561+0000] {processor.py:840} INFO - DAG(s) 'example_params_ui_tutorial' retrieved from /home/airflow/.local/lib/python3.10/site-packages/airflow/example_dags/example_params_ui_tutorial.py
[2025-06-13T14:50:22.588+0000] {logging_mixin.py:188} INFO - [2025-06-13T14:50:22.587+0000] {dag.py:3096} INFO - Sync 1 DAGs
[2025-06-13T14:50:22.597+0000] {logging_mixin.py:188} INFO - [2025-06-13T14:50:22.597+0000] {dag.py:3954} INFO - Setting next_dagrun for example_params_ui_tutorial to None, run_after=None
[2025-06-13T14:50:22.607+0000] {processor.py:183} INFO - Processing /home/airflow/.local/lib/python3.10/site-packages/airflow/example_dags/example_params_ui_tutorial.py took 0.058 seconds
[2025-06-13T14:50:53.306+0000] {processor.py:161} INFO - Started process (PID=843) to work on /home/airflow/.local/lib/python3.10/site-packages/airflow/example_dags/example_params_ui_tutorial.py
[2025-06-13T14:50:53.307+0000] {processor.py:830} INFO - Processing file /home/airflow/.local/lib/python3.10/site-packages/airflow/example_dags/example_params_ui_tutorial.py for tasks to queue
[2025-06-13T14:50:53.310+0000] {logging_mixin.py:188} INFO - [2025-06-13T14:50:53.310+0000] {dagbag.py:540} INFO - Filling up the DagBag from /home/airflow/.local/lib/python3.10/site-packages/airflow/example_dags/example_params_ui_tutorial.py
[2025-06-13T14:50:53.321+0000] {processor.py:840} INFO - DAG(s) 'example_params_ui_tutorial' retrieved from /home/airflow/.local/lib/python3.10/site-packages/airflow/example_dags/example_params_ui_tutorial.py
[2025-06-13T14:50:53.361+0000] {logging_mixin.py:188} INFO - [2025-06-13T14:50:53.361+0000] {dag.py:3096} INFO - Sync 1 DAGs
[2025-06-13T14:50:53.379+0000] {logging_mixin.py:188} INFO - [2025-06-13T14:50:53.379+0000] {dag.py:3954} INFO - Setting next_dagrun for example_params_ui_tutorial to None, run_after=None
[2025-06-13T14:50:53.393+0000] {processor.py:183} INFO - Processing /home/airflow/.local/lib/python3.10/site-packages/airflow/example_dags/example_params_ui_tutorial.py took 0.092 seconds
[2025-06-13T14:51:24.010+0000] {processor.py:161} INFO - Started process (PID=903) to work on /home/airflow/.local/lib/python3.10/site-packages/airflow/example_dags/example_params_ui_tutorial.py
[2025-06-13T14:51:24.011+0000] {processor.py:830} INFO - Processing file /home/airflow/.local/lib/python3.10/site-packages/airflow/example_dags/example_params_ui_tutorial.py for tasks to queue
[2025-06-13T14:51:24.012+0000] {logging_mixin.py:188} INFO - [2025-06-13T14:51:24.012+0000] {dagbag.py:540} INFO - Filling up the DagBag from /home/airflow/.local/lib/python3.10/site-packages/airflow/example_dags/example_params_ui_tutorial.py
[2025-06-13T14:51:24.022+0000] {processor.py:840} INFO - DAG(s) 'example_params_ui_tutorial' retrieved from /home/airflow/.local/lib/python3.10/site-packages/airflow/example_dags/example_params_ui_tutorial.py
[2025-06-13T14:51:24.053+0000] {logging_mixin.py:188} INFO - [2025-06-13T14:51:24.053+0000] {dag.py:3096} INFO - Sync 1 DAGs
[2025-06-13T14:51:24.065+0000] {logging_mixin.py:188} INFO - [2025-06-13T14:51:24.065+0000] {dag.py:3954} INFO - Setting next_dagrun for example_params_ui_tutorial to None, run_after=None
[2025-06-13T14:51:24.094+0000] {processor.py:183} INFO - Processing /home/airflow/.local/lib/python3.10/site-packages/airflow/example_dags/example_params_ui_tutorial.py took 0.090 seconds
[2025-06-13T14:51:54.444+0000] {processor.py:161} INFO - Started process (PID=963) to work on /home/airflow/.local/lib/python3.10/site-packages/airflow/example_dags/example_params_ui_tutorial.py
[2025-06-13T14:51:54.445+0000] {processor.py:830} INFO - Processing file /home/airflow/.local/lib/python3.10/site-packages/airflow/example_dags/example_params_ui_tutorial.py for tasks to queue
[2025-06-13T14:51:54.447+0000] {logging_mixin.py:188} INFO - [2025-06-13T14:51:54.447+0000] {dagbag.py:540} INFO - Filling up the DagBag from /home/airflow/.local/lib/python3.10/site-packages/airflow/example_dags/example_params_ui_tutorial.py
[2025-06-13T14:51:54.457+0000] {processor.py:840} INFO - DAG(s) 'example_params_ui_tutorial' retrieved from /home/airflow/.local/lib/python3.10/site-packages/airflow/example_dags/example_params_ui_tutorial.py
[2025-06-13T14:51:54.490+0000] {logging_mixin.py:188} INFO - [2025-06-13T14:51:54.490+0000] {dag.py:3096} INFO - Sync 1 DAGs
[2025-06-13T14:51:54.499+0000] {logging_mixin.py:188} INFO - [2025-06-13T14:51:54.499+0000] {dag.py:3954} INFO - Setting next_dagrun for example_params_ui_tutorial to None, run_after=None
[2025-06-13T14:51:54.512+0000] {processor.py:183} INFO - Processing /home/airflow/.local/lib/python3.10/site-packages/airflow/example_dags/example_params_ui_tutorial.py took 0.073 seconds
[2025-06-13T14:52:25.055+0000] {processor.py:161} INFO - Started process (PID=1023) to work on /home/airflow/.local/lib/python3.10/site-packages/airflow/example_dags/example_params_ui_tutorial.py
[2025-06-13T14:52:25.057+0000] {processor.py:830} INFO - Processing file /home/airflow/.local/lib/python3.10/site-packages/airflow/example_dags/example_params_ui_tutorial.py for tasks to queue
[2025-06-13T14:52:25.058+0000] {logging_mixin.py:188} INFO - [2025-06-13T14:52:25.058+0000] {dagbag.py:540} INFO - Filling up the DagBag from /home/airflow/.local/lib/python3.10/site-packages/airflow/example_dags/example_params_ui_tutorial.py
[2025-06-13T14:52:25.064+0000] {processor.py:840} INFO - DAG(s) 'example_params_ui_tutorial' retrieved from /home/airflow/.local/lib/python3.10/site-packages/airflow/example_dags/example_params_ui_tutorial.py
[2025-06-13T14:52:25.093+0000] {logging_mixin.py:188} INFO - [2025-06-13T14:52:25.093+0000] {dag.py:3096} INFO - Sync 1 DAGs
[2025-06-13T14:52:25.101+0000] {logging_mixin.py:188} INFO - [2025-06-13T14:52:25.100+0000] {dag.py:3954} INFO - Setting next_dagrun for example_params_ui_tutorial to None, run_after=None
[2025-06-13T14:52:25.111+0000] {processor.py:183} INFO - Processing /home/airflow/.local/lib/python3.10/site-packages/airflow/example_dags/example_params_ui_tutorial.py took 0.061 seconds
[2025-06-13T14:52:56.289+0000] {processor.py:161} INFO - Started process (PID=1083) to work on /home/airflow/.local/lib/python3.10/site-packages/airflow/example_dags/example_params_ui_tutorial.py
[2025-06-13T14:52:56.290+0000] {processor.py:830} INFO - Processing file /home/airflow/.local/lib/python3.10/site-packages/airflow/example_dags/example_params_ui_tutorial.py for tasks to queue
[2025-06-13T14:52:56.291+0000] {logging_mixin.py:188} INFO - [2025-06-13T14:52:56.291+0000] {dagbag.py:540} INFO - Filling up the DagBag from /home/airflow/.local/lib/python3.10/site-packages/airflow/example_dags/example_params_ui_tutorial.py
[2025-06-13T14:52:56.297+0000] {processor.py:840} INFO - DAG(s) 'example_params_ui_tutorial' retrieved from /home/airflow/.local/lib/python3.10/site-packages/airflow/example_dags/example_params_ui_tutorial.py
[2025-06-13T14:52:56.326+0000] {logging_mixin.py:188} INFO - [2025-06-13T14:52:56.325+0000] {dag.py:3096} INFO - Sync 1 DAGs
[2025-06-13T14:52:56.334+0000] {logging_mixin.py:188} INFO - [2025-06-13T14:52:56.334+0000] {dag.py:3954} INFO - Setting next_dagrun for example_params_ui_tutorial to None, run_after=None
[2025-06-13T14:52:56.345+0000] {processor.py:183} INFO - Processing /home/airflow/.local/lib/python3.10/site-packages/airflow/example_dags/example_params_ui_tutorial.py took 0.060 seconds
[2025-06-13T14:53:26.834+0000] {processor.py:161} INFO - Started process (PID=1143) to work on /home/airflow/.local/lib/python3.10/site-packages/airflow/example_dags/example_params_ui_tutorial.py
[2025-06-13T14:53:26.835+0000] {processor.py:830} INFO - Processing file /home/airflow/.local/lib/python3.10/site-packages/airflow/example_dags/example_params_ui_tutorial.py for tasks to queue
[2025-06-13T14:53:26.836+0000] {logging_mixin.py:188} INFO - [2025-06-13T14:53:26.836+0000] {dagbag.py:540} INFO - Filling up the DagBag from /home/airflow/.local/lib/python3.10/site-packages/airflow/example_dags/example_params_ui_tutorial.py
[2025-06-13T14:53:26.842+0000] {processor.py:840} INFO - DAG(s) 'example_params_ui_tutorial' retrieved from /home/airflow/.local/lib/python3.10/site-packages/airflow/example_dags/example_params_ui_tutorial.py
[2025-06-13T14:53:26.868+0000] {logging_mixin.py:188} INFO - [2025-06-13T14:53:26.868+0000] {dag.py:3096} INFO - Sync 1 DAGs
[2025-06-13T14:53:26.876+0000] {logging_mixin.py:188} INFO - [2025-06-13T14:53:26.876+0000] {dag.py:3954} INFO - Setting next_dagrun for example_params_ui_tutorial to None, run_after=None
[2025-06-13T14:53:26.885+0000] {processor.py:183} INFO - Processing /home/airflow/.local/lib/python3.10/site-packages/airflow/example_dags/example_params_ui_tutorial.py took 0.055 seconds
[2025-06-13T14:53:57.801+0000] {processor.py:161} INFO - Started process (PID=1203) to work on /home/airflow/.local/lib/python3.10/site-packages/airflow/example_dags/example_params_ui_tutorial.py
[2025-06-13T14:53:57.802+0000] {processor.py:830} INFO - Processing file /home/airflow/.local/lib/python3.10/site-packages/airflow/example_dags/example_params_ui_tutorial.py for tasks to queue
[2025-06-13T14:53:57.803+0000] {logging_mixin.py:188} INFO - [2025-06-13T14:53:57.803+0000] {dagbag.py:540} INFO - Filling up the DagBag from /home/airflow/.local/lib/python3.10/site-packages/airflow/example_dags/example_params_ui_tutorial.py
[2025-06-13T14:53:57.790+0000] {processor.py:840} INFO - DAG(s) 'example_params_ui_tutorial' retrieved from /home/airflow/.local/lib/python3.10/site-packages/airflow/example_dags/example_params_ui_tutorial.py
[2025-06-13T14:53:57.822+0000] {logging_mixin.py:188} INFO - [2025-06-13T14:53:57.822+0000] {dag.py:3096} INFO - Sync 1 DAGs
[2025-06-13T14:53:57.831+0000] {logging_mixin.py:188} INFO - [2025-06-13T14:53:57.831+0000] {dag.py:3954} INFO - Setting next_dagrun for example_params_ui_tutorial to None, run_after=None
[2025-06-13T14:53:57.841+0000] {processor.py:183} INFO - Processing /home/airflow/.local/lib/python3.10/site-packages/airflow/example_dags/example_params_ui_tutorial.py took 0.066 seconds
[2025-06-13T14:54:28.069+0000] {processor.py:161} INFO - Started process (PID=1263) to work on /home/airflow/.local/lib/python3.10/site-packages/airflow/example_dags/example_params_ui_tutorial.py
[2025-06-13T14:54:28.072+0000] {processor.py:830} INFO - Processing file /home/airflow/.local/lib/python3.10/site-packages/airflow/example_dags/example_params_ui_tutorial.py for tasks to queue
[2025-06-13T14:54:28.075+0000] {logging_mixin.py:188} INFO - [2025-06-13T14:54:28.074+0000] {dagbag.py:540} INFO - Filling up the DagBag from /home/airflow/.local/lib/python3.10/site-packages/airflow/example_dags/example_params_ui_tutorial.py
[2025-06-13T14:54:28.083+0000] {processor.py:840} INFO - DAG(s) 'example_params_ui_tutorial' retrieved from /home/airflow/.local/lib/python3.10/site-packages/airflow/example_dags/example_params_ui_tutorial.py
[2025-06-13T14:54:28.138+0000] {logging_mixin.py:188} INFO - [2025-06-13T14:54:28.138+0000] {dag.py:3096} INFO - Sync 1 DAGs
[2025-06-13T14:54:28.147+0000] {logging_mixin.py:188} INFO - [2025-06-13T14:54:28.147+0000] {dag.py:3954} INFO - Setting next_dagrun for example_params_ui_tutorial to None, run_after=None
[2025-06-13T14:54:28.162+0000] {processor.py:183} INFO - Processing /home/airflow/.local/lib/python3.10/site-packages/airflow/example_dags/example_params_ui_tutorial.py took 0.101 seconds
[2025-06-13T14:54:59.159+0000] {processor.py:161} INFO - Started process (PID=1323) to work on /home/airflow/.local/lib/python3.10/site-packages/airflow/example_dags/example_params_ui_tutorial.py
[2025-06-13T14:54:59.159+0000] {processor.py:830} INFO - Processing file /home/airflow/.local/lib/python3.10/site-packages/airflow/example_dags/example_params_ui_tutorial.py for tasks to queue
[2025-06-13T14:54:59.161+0000] {logging_mixin.py:188} INFO - [2025-06-13T14:54:59.161+0000] {dagbag.py:540} INFO - Filling up the DagBag from /home/airflow/.local/lib/python3.10/site-packages/airflow/example_dags/example_params_ui_tutorial.py
[2025-06-13T14:54:59.169+0000] {processor.py:840} INFO - DAG(s) 'example_params_ui_tutorial' retrieved from /home/airflow/.local/lib/python3.10/site-packages/airflow/example_dags/example_params_ui_tutorial.py
[2025-06-13T14:54:59.200+0000] {logging_mixin.py:188} INFO - [2025-06-13T14:54:59.200+0000] {dag.py:3096} INFO - Sync 1 DAGs
[2025-06-13T14:54:59.209+0000] {logging_mixin.py:188} INFO - [2025-06-13T14:54:59.209+0000] {dag.py:3954} INFO - Setting next_dagrun for example_params_ui_tutorial to None, run_after=None
[2025-06-13T14:54:59.223+0000] {processor.py:183} INFO - Processing /home/airflow/.local/lib/python3.10/site-packages/airflow/example_dags/example_params_ui_tutorial.py took 0.069 seconds
[2025-06-13T14:55:29.973+0000] {processor.py:161} INFO - Started process (PID=1383) to work on /home/airflow/.local/lib/python3.10/site-packages/airflow/example_dags/example_params_ui_tutorial.py
[2025-06-13T14:55:29.974+0000] {processor.py:830} INFO - Processing file /home/airflow/.local/lib/python3.10/site-packages/airflow/example_dags/example_params_ui_tutorial.py for tasks to queue
[2025-06-13T14:55:29.975+0000] {logging_mixin.py:188} INFO - [2025-06-13T14:55:29.975+0000] {dagbag.py:540} INFO - Filling up the DagBag from /home/airflow/.local/lib/python3.10/site-packages/airflow/example_dags/example_params_ui_tutorial.py
[2025-06-13T14:55:29.981+0000] {processor.py:840} INFO - DAG(s) 'example_params_ui_tutorial' retrieved from /home/airflow/.local/lib/python3.10/site-packages/airflow/example_dags/example_params_ui_tutorial.py
[2025-06-13T14:55:30.016+0000] {logging_mixin.py:188} INFO - [2025-06-13T14:55:30.015+0000] {dag.py:3096} INFO - Sync 1 DAGs
[2025-06-13T14:55:30.025+0000] {logging_mixin.py:188} INFO - [2025-06-13T14:55:30.025+0000] {dag.py:3954} INFO - Setting next_dagrun for example_params_ui_tutorial to None, run_after=None
[2025-06-13T14:55:30.038+0000] {processor.py:183} INFO - Processing /home/airflow/.local/lib/python3.10/site-packages/airflow/example_dags/example_params_ui_tutorial.py took 0.069 seconds
[2025-06-13T14:56:00.224+0000] {processor.py:161} INFO - Started process (PID=1444) to work on /home/airflow/.local/lib/python3.10/site-packages/airflow/example_dags/example_params_ui_tutorial.py
[2025-06-13T14:56:00.226+0000] {processor.py:830} INFO - Processing file /home/airflow/.local/lib/python3.10/site-packages/airflow/example_dags/example_params_ui_tutorial.py for tasks to queue
[2025-06-13T14:56:00.228+0000] {logging_mixin.py:188} INFO - [2025-06-13T14:56:00.228+0000] {dagbag.py:540} INFO - Filling up the DagBag from /home/airflow/.local/lib/python3.10/site-packages/airflow/example_dags/example_params_ui_tutorial.py
[2025-06-13T14:56:00.240+0000] {processor.py:840} INFO - DAG(s) 'example_params_ui_tutorial' retrieved from /home/airflow/.local/lib/python3.10/site-packages/airflow/example_dags/example_params_ui_tutorial.py
[2025-06-13T14:56:00.284+0000] {logging_mixin.py:188} INFO - [2025-06-13T14:56:00.284+0000] {dag.py:3096} INFO - Sync 1 DAGs
[2025-06-13T14:56:00.292+0000] {logging_mixin.py:188} INFO - [2025-06-13T14:56:00.292+0000] {dag.py:3954} INFO - Setting next_dagrun for example_params_ui_tutorial to None, run_after=None
[2025-06-13T14:56:00.305+0000] {processor.py:183} INFO - Processing /home/airflow/.local/lib/python3.10/site-packages/airflow/example_dags/example_params_ui_tutorial.py took 0.099 seconds
[2025-06-13T14:56:30.408+0000] {processor.py:161} INFO - Started process (PID=1502) to work on /home/airflow/.local/lib/python3.10/site-packages/airflow/example_dags/example_params_ui_tutorial.py
[2025-06-13T14:56:30.409+0000] {processor.py:830} INFO - Processing file /home/airflow/.local/lib/python3.10/site-packages/airflow/example_dags/example_params_ui_tutorial.py for tasks to queue
[2025-06-13T14:56:30.410+0000] {logging_mixin.py:188} INFO - [2025-06-13T14:56:30.410+0000] {dagbag.py:540} INFO - Filling up the DagBag from /home/airflow/.local/lib/python3.10/site-packages/airflow/example_dags/example_params_ui_tutorial.py
[2025-06-13T14:56:30.421+0000] {processor.py:840} INFO - DAG(s) 'example_params_ui_tutorial' retrieved from /home/airflow/.local/lib/python3.10/site-packages/airflow/example_dags/example_params_ui_tutorial.py
[2025-06-13T14:56:30.464+0000] {logging_mixin.py:188} INFO - [2025-06-13T14:56:30.464+0000] {dag.py:3096} INFO - Sync 1 DAGs
[2025-06-13T14:56:30.481+0000] {logging_mixin.py:188} INFO - [2025-06-13T14:56:30.480+0000] {dag.py:3954} INFO - Setting next_dagrun for example_params_ui_tutorial to None, run_after=None
[2025-06-13T14:56:30.506+0000] {processor.py:183} INFO - Processing /home/airflow/.local/lib/python3.10/site-packages/airflow/example_dags/example_params_ui_tutorial.py took 0.103 seconds
[2025-06-13T14:57:00.895+0000] {processor.py:161} INFO - Started process (PID=1562) to work on /home/airflow/.local/lib/python3.10/site-packages/airflow/example_dags/example_params_ui_tutorial.py
[2025-06-13T14:57:00.896+0000] {processor.py:830} INFO - Processing file /home/airflow/.local/lib/python3.10/site-packages/airflow/example_dags/example_params_ui_tutorial.py for tasks to queue
[2025-06-13T14:57:00.897+0000] {logging_mixin.py:188} INFO - [2025-06-13T14:57:00.897+0000] {dagbag.py:540} INFO - Filling up the DagBag from /home/airflow/.local/lib/python3.10/site-packages/airflow/example_dags/example_params_ui_tutorial.py
[2025-06-13T14:57:00.910+0000] {processor.py:840} INFO - DAG(s) 'example_params_ui_tutorial' retrieved from /home/airflow/.local/lib/python3.10/site-packages/airflow/example_dags/example_params_ui_tutorial.py
[2025-06-13T14:57:00.949+0000] {logging_mixin.py:188} INFO - [2025-06-13T14:57:00.948+0000] {dag.py:3096} INFO - Sync 1 DAGs
[2025-06-13T14:57:00.964+0000] {logging_mixin.py:188} INFO - [2025-06-13T14:57:00.964+0000] {dag.py:3954} INFO - Setting next_dagrun for example_params_ui_tutorial to None, run_after=None
[2025-06-13T14:57:00.984+0000] {processor.py:183} INFO - Processing /home/airflow/.local/lib/python3.10/site-packages/airflow/example_dags/example_params_ui_tutorial.py took 0.093 seconds
[2025-06-13T14:57:31.639+0000] {processor.py:161} INFO - Started process (PID=1621) to work on /home/airflow/.local/lib/python3.10/site-packages/airflow/example_dags/example_params_ui_tutorial.py
[2025-06-13T14:57:31.644+0000] {processor.py:830} INFO - Processing file /home/airflow/.local/lib/python3.10/site-packages/airflow/example_dags/example_params_ui_tutorial.py for tasks to queue
[2025-06-13T14:57:31.646+0000] {logging_mixin.py:188} INFO - [2025-06-13T14:57:31.645+0000] {dagbag.py:540} INFO - Filling up the DagBag from /home/airflow/.local/lib/python3.10/site-packages/airflow/example_dags/example_params_ui_tutorial.py
[2025-06-13T14:57:31.656+0000] {processor.py:840} INFO - DAG(s) 'example_params_ui_tutorial' retrieved from /home/airflow/.local/lib/python3.10/site-packages/airflow/example_dags/example_params_ui_tutorial.py
[2025-06-13T14:57:31.695+0000] {logging_mixin.py:188} INFO - [2025-06-13T14:57:31.695+0000] {dag.py:3096} INFO - Sync 1 DAGs
[2025-06-13T14:57:31.702+0000] {logging_mixin.py:188} INFO - [2025-06-13T14:57:31.702+0000] {dag.py:3954} INFO - Setting next_dagrun for example_params_ui_tutorial to None, run_after=None
[2025-06-13T14:57:31.717+0000] {processor.py:183} INFO - Processing /home/airflow/.local/lib/python3.10/site-packages/airflow/example_dags/example_params_ui_tutorial.py took 0.082 seconds
[2025-06-13T14:58:02.447+0000] {processor.py:161} INFO - Started process (PID=1681) to work on /home/airflow/.local/lib/python3.10/site-packages/airflow/example_dags/example_params_ui_tutorial.py
[2025-06-13T14:58:02.449+0000] {processor.py:830} INFO - Processing file /home/airflow/.local/lib/python3.10/site-packages/airflow/example_dags/example_params_ui_tutorial.py for tasks to queue
[2025-06-13T14:58:02.451+0000] {logging_mixin.py:188} INFO - [2025-06-13T14:58:02.451+0000] {dagbag.py:540} INFO - Filling up the DagBag from /home/airflow/.local/lib/python3.10/site-packages/airflow/example_dags/example_params_ui_tutorial.py
[2025-06-13T14:58:02.462+0000] {processor.py:840} INFO - DAG(s) 'example_params_ui_tutorial' retrieved from /home/airflow/.local/lib/python3.10/site-packages/airflow/example_dags/example_params_ui_tutorial.py
[2025-06-13T14:58:02.531+0000] {logging_mixin.py:188} INFO - [2025-06-13T14:58:02.531+0000] {dag.py:3096} INFO - Sync 1 DAGs
[2025-06-13T14:58:02.551+0000] {logging_mixin.py:188} INFO - [2025-06-13T14:58:02.551+0000] {dag.py:3954} INFO - Setting next_dagrun for example_params_ui_tutorial to None, run_after=None
[2025-06-13T14:58:02.572+0000] {processor.py:183} INFO - Processing /home/airflow/.local/lib/python3.10/site-packages/airflow/example_dags/example_params_ui_tutorial.py took 0.131 seconds
[2025-06-13T14:58:32.708+0000] {processor.py:161} INFO - Started process (PID=1741) to work on /home/airflow/.local/lib/python3.10/site-packages/airflow/example_dags/example_params_ui_tutorial.py
[2025-06-13T14:58:32.709+0000] {processor.py:830} INFO - Processing file /home/airflow/.local/lib/python3.10/site-packages/airflow/example_dags/example_params_ui_tutorial.py for tasks to queue
[2025-06-13T14:58:32.710+0000] {logging_mixin.py:188} INFO - [2025-06-13T14:58:32.710+0000] {dagbag.py:540} INFO - Filling up the DagBag from /home/airflow/.local/lib/python3.10/site-packages/airflow/example_dags/example_params_ui_tutorial.py
[2025-06-13T14:58:32.717+0000] {processor.py:840} INFO - DAG(s) 'example_params_ui_tutorial' retrieved from /home/airflow/.local/lib/python3.10/site-packages/airflow/example_dags/example_params_ui_tutorial.py
[2025-06-13T14:58:32.751+0000] {logging_mixin.py:188} INFO - [2025-06-13T14:58:32.750+0000] {dag.py:3096} INFO - Sync 1 DAGs
[2025-06-13T14:58:32.757+0000] {logging_mixin.py:188} INFO - [2025-06-13T14:58:32.757+0000] {dag.py:3954} INFO - Setting next_dagrun for example_params_ui_tutorial to None, run_after=None
[2025-06-13T14:58:32.776+0000] {processor.py:183} INFO - Processing /home/airflow/.local/lib/python3.10/site-packages/airflow/example_dags/example_params_ui_tutorial.py took 0.071 seconds
[2025-06-13T14:59:03.433+0000] {processor.py:161} INFO - Started process (PID=1801) to work on /home/airflow/.local/lib/python3.10/site-packages/airflow/example_dags/example_params_ui_tutorial.py
[2025-06-13T14:59:03.434+0000] {processor.py:830} INFO - Processing file /home/airflow/.local/lib/python3.10/site-packages/airflow/example_dags/example_params_ui_tutorial.py for tasks to queue
[2025-06-13T14:59:03.435+0000] {logging_mixin.py:188} INFO - [2025-06-13T14:59:03.435+0000] {dagbag.py:540} INFO - Filling up the DagBag from /home/airflow/.local/lib/python3.10/site-packages/airflow/example_dags/example_params_ui_tutorial.py
[2025-06-13T14:59:03.441+0000] {processor.py:840} INFO - DAG(s) 'example_params_ui_tutorial' retrieved from /home/airflow/.local/lib/python3.10/site-packages/airflow/example_dags/example_params_ui_tutorial.py
[2025-06-13T14:59:03.464+0000] {logging_mixin.py:188} INFO - [2025-06-13T14:59:03.464+0000] {dag.py:3096} INFO - Sync 1 DAGs
[2025-06-13T14:59:03.469+0000] {logging_mixin.py:188} INFO - [2025-06-13T14:59:03.469+0000] {dag.py:3954} INFO - Setting next_dagrun for example_params_ui_tutorial to None, run_after=None
[2025-06-13T14:59:03.477+0000] {processor.py:183} INFO - Processing /home/airflow/.local/lib/python3.10/site-packages/airflow/example_dags/example_params_ui_tutorial.py took 0.047 seconds
[2025-06-13T14:59:33.833+0000] {processor.py:161} INFO - Started process (PID=1861) to work on /home/airflow/.local/lib/python3.10/site-packages/airflow/example_dags/example_params_ui_tutorial.py
[2025-06-13T14:59:33.834+0000] {processor.py:830} INFO - Processing file /home/airflow/.local/lib/python3.10/site-packages/airflow/example_dags/example_params_ui_tutorial.py for tasks to queue
[2025-06-13T14:59:33.835+0000] {logging_mixin.py:188} INFO - [2025-06-13T14:59:33.835+0000] {dagbag.py:540} INFO - Filling up the DagBag from /home/airflow/.local/lib/python3.10/site-packages/airflow/example_dags/example_params_ui_tutorial.py
[2025-06-13T14:59:33.841+0000] {processor.py:840} INFO - DAG(s) 'example_params_ui_tutorial' retrieved from /home/airflow/.local/lib/python3.10/site-packages/airflow/example_dags/example_params_ui_tutorial.py
[2025-06-13T14:59:33.866+0000] {logging_mixin.py:188} INFO - [2025-06-13T14:59:33.866+0000] {dag.py:3096} INFO - Sync 1 DAGs
[2025-06-13T14:59:33.871+0000] {logging_mixin.py:188} INFO - [2025-06-13T14:59:33.871+0000] {dag.py:3954} INFO - Setting next_dagrun for example_params_ui_tutorial to None, run_after=None
[2025-06-13T14:59:33.880+0000] {processor.py:183} INFO - Processing /home/airflow/.local/lib/python3.10/site-packages/airflow/example_dags/example_params_ui_tutorial.py took 0.049 seconds
[2025-06-13T15:00:04.754+0000] {processor.py:161} INFO - Started process (PID=1921) to work on /home/airflow/.local/lib/python3.10/site-packages/airflow/example_dags/example_params_ui_tutorial.py
[2025-06-13T15:00:04.757+0000] {processor.py:830} INFO - Processing file /home/airflow/.local/lib/python3.10/site-packages/airflow/example_dags/example_params_ui_tutorial.py for tasks to queue
[2025-06-13T15:00:04.763+0000] {logging_mixin.py:188} INFO - [2025-06-13T15:00:04.762+0000] {dagbag.py:540} INFO - Filling up the DagBag from /home/airflow/.local/lib/python3.10/site-packages/airflow/example_dags/example_params_ui_tutorial.py
[2025-06-13T15:00:04.783+0000] {processor.py:840} INFO - DAG(s) 'example_params_ui_tutorial' retrieved from /home/airflow/.local/lib/python3.10/site-packages/airflow/example_dags/example_params_ui_tutorial.py
[2025-06-13T15:00:05.072+0000] {logging_mixin.py:188} INFO - [2025-06-13T15:00:05.070+0000] {dag.py:3096} INFO - Sync 1 DAGs
[2025-06-13T15:00:05.122+0000] {logging_mixin.py:188} INFO - [2025-06-13T15:00:05.119+0000] {dag.py:3954} INFO - Setting next_dagrun for example_params_ui_tutorial to None, run_after=None
[2025-06-13T15:00:05.190+0000] {processor.py:183} INFO - Processing /home/airflow/.local/lib/python3.10/site-packages/airflow/example_dags/example_params_ui_tutorial.py took 0.445 seconds
[2025-06-13T15:00:35.436+0000] {processor.py:161} INFO - Started process (PID=1981) to work on /home/airflow/.local/lib/python3.10/site-packages/airflow/example_dags/example_params_ui_tutorial.py
[2025-06-13T15:00:35.438+0000] {processor.py:830} INFO - Processing file /home/airflow/.local/lib/python3.10/site-packages/airflow/example_dags/example_params_ui_tutorial.py for tasks to queue
[2025-06-13T15:00:35.439+0000] {logging_mixin.py:188} INFO - [2025-06-13T15:00:35.439+0000] {dagbag.py:540} INFO - Filling up the DagBag from /home/airflow/.local/lib/python3.10/site-packages/airflow/example_dags/example_params_ui_tutorial.py
[2025-06-13T15:00:35.445+0000] {processor.py:840} INFO - DAG(s) 'example_params_ui_tutorial' retrieved from /home/airflow/.local/lib/python3.10/site-packages/airflow/example_dags/example_params_ui_tutorial.py
[2025-06-13T15:00:35.479+0000] {logging_mixin.py:188} INFO - [2025-06-13T15:00:35.479+0000] {dag.py:3096} INFO - Sync 1 DAGs
[2025-06-13T15:00:35.486+0000] {logging_mixin.py:188} INFO - [2025-06-13T15:00:35.486+0000] {dag.py:3954} INFO - Setting next_dagrun for example_params_ui_tutorial to None, run_after=None
[2025-06-13T15:00:35.499+0000] {processor.py:183} INFO - Processing /home/airflow/.local/lib/python3.10/site-packages/airflow/example_dags/example_params_ui_tutorial.py took 0.066 seconds
[2025-06-13T15:01:05.750+0000] {processor.py:161} INFO - Started process (PID=2041) to work on /home/airflow/.local/lib/python3.10/site-packages/airflow/example_dags/example_params_ui_tutorial.py
[2025-06-13T15:01:05.752+0000] {processor.py:830} INFO - Processing file /home/airflow/.local/lib/python3.10/site-packages/airflow/example_dags/example_params_ui_tutorial.py for tasks to queue
[2025-06-13T15:01:05.754+0000] {logging_mixin.py:188} INFO - [2025-06-13T15:01:05.753+0000] {dagbag.py:540} INFO - Filling up the DagBag from /home/airflow/.local/lib/python3.10/site-packages/airflow/example_dags/example_params_ui_tutorial.py
[2025-06-13T15:01:05.760+0000] {processor.py:840} INFO - DAG(s) 'example_params_ui_tutorial' retrieved from /home/airflow/.local/lib/python3.10/site-packages/airflow/example_dags/example_params_ui_tutorial.py
[2025-06-13T15:01:05.793+0000] {logging_mixin.py:188} INFO - [2025-06-13T15:01:05.792+0000] {dag.py:3096} INFO - Sync 1 DAGs
[2025-06-13T15:01:05.800+0000] {logging_mixin.py:188} INFO - [2025-06-13T15:01:05.800+0000] {dag.py:3954} INFO - Setting next_dagrun for example_params_ui_tutorial to None, run_after=None
[2025-06-13T15:01:05.811+0000] {processor.py:183} INFO - Processing /home/airflow/.local/lib/python3.10/site-packages/airflow/example_dags/example_params_ui_tutorial.py took 0.065 seconds
[2025-06-13T15:01:36.111+0000] {processor.py:161} INFO - Started process (PID=2101) to work on /home/airflow/.local/lib/python3.10/site-packages/airflow/example_dags/example_params_ui_tutorial.py
[2025-06-13T15:01:36.113+0000] {processor.py:830} INFO - Processing file /home/airflow/.local/lib/python3.10/site-packages/airflow/example_dags/example_params_ui_tutorial.py for tasks to queue
[2025-06-13T15:01:36.114+0000] {logging_mixin.py:188} INFO - [2025-06-13T15:01:36.114+0000] {dagbag.py:540} INFO - Filling up the DagBag from /home/airflow/.local/lib/python3.10/site-packages/airflow/example_dags/example_params_ui_tutorial.py
[2025-06-13T15:01:36.123+0000] {processor.py:840} INFO - DAG(s) 'example_params_ui_tutorial' retrieved from /home/airflow/.local/lib/python3.10/site-packages/airflow/example_dags/example_params_ui_tutorial.py
[2025-06-13T15:01:36.150+0000] {logging_mixin.py:188} INFO - [2025-06-13T15:01:36.150+0000] {dag.py:3096} INFO - Sync 1 DAGs
[2025-06-13T15:01:36.157+0000] {logging_mixin.py:188} INFO - [2025-06-13T15:01:36.156+0000] {dag.py:3954} INFO - Setting next_dagrun for example_params_ui_tutorial to None, run_after=None
[2025-06-13T15:01:36.168+0000] {processor.py:183} INFO - Processing /home/airflow/.local/lib/python3.10/site-packages/airflow/example_dags/example_params_ui_tutorial.py took 0.061 seconds
[2025-06-13T15:02:06.474+0000] {processor.py:161} INFO - Started process (PID=2161) to work on /home/airflow/.local/lib/python3.10/site-packages/airflow/example_dags/example_params_ui_tutorial.py
[2025-06-13T15:02:06.475+0000] {processor.py:830} INFO - Processing file /home/airflow/.local/lib/python3.10/site-packages/airflow/example_dags/example_params_ui_tutorial.py for tasks to queue
[2025-06-13T15:02:06.476+0000] {logging_mixin.py:188} INFO - [2025-06-13T15:02:06.476+0000] {dagbag.py:540} INFO - Filling up the DagBag from /home/airflow/.local/lib/python3.10/site-packages/airflow/example_dags/example_params_ui_tutorial.py
[2025-06-13T15:02:06.482+0000] {processor.py:840} INFO - DAG(s) 'example_params_ui_tutorial' retrieved from /home/airflow/.local/lib/python3.10/site-packages/airflow/example_dags/example_params_ui_tutorial.py
[2025-06-13T15:02:06.512+0000] {logging_mixin.py:188} INFO - [2025-06-13T15:02:06.512+0000] {dag.py:3096} INFO - Sync 1 DAGs
[2025-06-13T15:02:06.518+0000] {logging_mixin.py:188} INFO - [2025-06-13T15:02:06.518+0000] {dag.py:3954} INFO - Setting next_dagrun for example_params_ui_tutorial to None, run_after=None
[2025-06-13T15:02:06.528+0000] {processor.py:183} INFO - Processing /home/airflow/.local/lib/python3.10/site-packages/airflow/example_dags/example_params_ui_tutorial.py took 0.058 seconds
[2025-06-13T15:02:37.082+0000] {processor.py:161} INFO - Started process (PID=2221) to work on /home/airflow/.local/lib/python3.10/site-packages/airflow/example_dags/example_params_ui_tutorial.py
[2025-06-13T15:02:37.084+0000] {processor.py:830} INFO - Processing file /home/airflow/.local/lib/python3.10/site-packages/airflow/example_dags/example_params_ui_tutorial.py for tasks to queue
[2025-06-13T15:02:37.085+0000] {logging_mixin.py:188} INFO - [2025-06-13T15:02:37.085+0000] {dagbag.py:540} INFO - Filling up the DagBag from /home/airflow/.local/lib/python3.10/site-packages/airflow/example_dags/example_params_ui_tutorial.py
[2025-06-13T15:02:37.091+0000] {processor.py:840} INFO - DAG(s) 'example_params_ui_tutorial' retrieved from /home/airflow/.local/lib/python3.10/site-packages/airflow/example_dags/example_params_ui_tutorial.py
[2025-06-13T15:02:37.120+0000] {logging_mixin.py:188} INFO - [2025-06-13T15:02:37.120+0000] {dag.py:3096} INFO - Sync 1 DAGs
[2025-06-13T15:02:37.128+0000] {logging_mixin.py:188} INFO - [2025-06-13T15:02:37.128+0000] {dag.py:3954} INFO - Setting next_dagrun for example_params_ui_tutorial to None, run_after=None
[2025-06-13T15:02:37.140+0000] {processor.py:183} INFO - Processing /home/airflow/.local/lib/python3.10/site-packages/airflow/example_dags/example_params_ui_tutorial.py took 0.061 seconds
[2025-06-13T15:03:08.113+0000] {processor.py:161} INFO - Started process (PID=2281) to work on /home/airflow/.local/lib/python3.10/site-packages/airflow/example_dags/example_params_ui_tutorial.py
[2025-06-13T15:03:08.114+0000] {processor.py:830} INFO - Processing file /home/airflow/.local/lib/python3.10/site-packages/airflow/example_dags/example_params_ui_tutorial.py for tasks to queue
[2025-06-13T15:03:08.115+0000] {logging_mixin.py:188} INFO - [2025-06-13T15:03:08.115+0000] {dagbag.py:540} INFO - Filling up the DagBag from /home/airflow/.local/lib/python3.10/site-packages/airflow/example_dags/example_params_ui_tutorial.py
[2025-06-13T15:03:08.122+0000] {processor.py:840} INFO - DAG(s) 'example_params_ui_tutorial' retrieved from /home/airflow/.local/lib/python3.10/site-packages/airflow/example_dags/example_params_ui_tutorial.py
[2025-06-13T15:03:08.152+0000] {logging_mixin.py:188} INFO - [2025-06-13T15:03:08.152+0000] {dag.py:3096} INFO - Sync 1 DAGs
[2025-06-13T15:03:08.158+0000] {logging_mixin.py:188} INFO - [2025-06-13T15:03:08.158+0000] {dag.py:3954} INFO - Setting next_dagrun for example_params_ui_tutorial to None, run_after=None
[2025-06-13T15:03:08.169+0000] {processor.py:183} INFO - Processing /home/airflow/.local/lib/python3.10/site-packages/airflow/example_dags/example_params_ui_tutorial.py took 0.059 seconds
[2025-06-13T15:03:39.012+0000] {processor.py:161} INFO - Started process (PID=2341) to work on /home/airflow/.local/lib/python3.10/site-packages/airflow/example_dags/example_params_ui_tutorial.py
[2025-06-13T15:03:39.013+0000] {processor.py:830} INFO - Processing file /home/airflow/.local/lib/python3.10/site-packages/airflow/example_dags/example_params_ui_tutorial.py for tasks to queue
[2025-06-13T15:03:39.015+0000] {logging_mixin.py:188} INFO - [2025-06-13T15:03:39.014+0000] {dagbag.py:540} INFO - Filling up the DagBag from /home/airflow/.local/lib/python3.10/site-packages/airflow/example_dags/example_params_ui_tutorial.py
[2025-06-13T15:03:39.021+0000] {processor.py:840} INFO - DAG(s) 'example_params_ui_tutorial' retrieved from /home/airflow/.local/lib/python3.10/site-packages/airflow/example_dags/example_params_ui_tutorial.py
[2025-06-13T15:03:39.059+0000] {logging_mixin.py:188} INFO - [2025-06-13T15:03:39.059+0000] {dag.py:3096} INFO - Sync 1 DAGs
[2025-06-13T15:03:39.068+0000] {logging_mixin.py:188} INFO - [2025-06-13T15:03:39.068+0000] {dag.py:3954} INFO - Setting next_dagrun for example_params_ui_tutorial to None, run_after=None
[2025-06-13T15:03:39.079+0000] {processor.py:183} INFO - Processing /home/airflow/.local/lib/python3.10/site-packages/airflow/example_dags/example_params_ui_tutorial.py took 0.073 seconds
[2025-06-13T15:04:09.874+0000] {processor.py:161} INFO - Started process (PID=2401) to work on /home/airflow/.local/lib/python3.10/site-packages/airflow/example_dags/example_params_ui_tutorial.py
[2025-06-13T15:04:09.875+0000] {processor.py:830} INFO - Processing file /home/airflow/.local/lib/python3.10/site-packages/airflow/example_dags/example_params_ui_tutorial.py for tasks to queue
[2025-06-13T15:04:09.877+0000] {logging_mixin.py:188} INFO - [2025-06-13T15:04:09.877+0000] {dagbag.py:540} INFO - Filling up the DagBag from /home/airflow/.local/lib/python3.10/site-packages/airflow/example_dags/example_params_ui_tutorial.py
[2025-06-13T15:04:09.886+0000] {processor.py:840} INFO - DAG(s) 'example_params_ui_tutorial' retrieved from /home/airflow/.local/lib/python3.10/site-packages/airflow/example_dags/example_params_ui_tutorial.py
[2025-06-13T15:04:09.912+0000] {logging_mixin.py:188} INFO - [2025-06-13T15:04:09.911+0000] {dag.py:3096} INFO - Sync 1 DAGs
[2025-06-13T15:04:09.917+0000] {logging_mixin.py:188} INFO - [2025-06-13T15:04:09.917+0000] {dag.py:3954} INFO - Setting next_dagrun for example_params_ui_tutorial to None, run_after=None
[2025-06-13T15:04:09.925+0000] {processor.py:183} INFO - Processing /home/airflow/.local/lib/python3.10/site-packages/airflow/example_dags/example_params_ui_tutorial.py took 0.055 seconds
[2025-06-13T15:04:39.974+0000] {processor.py:161} INFO - Started process (PID=2461) to work on /home/airflow/.local/lib/python3.10/site-packages/airflow/example_dags/example_params_ui_tutorial.py
[2025-06-13T15:04:39.976+0000] {processor.py:830} INFO - Processing file /home/airflow/.local/lib/python3.10/site-packages/airflow/example_dags/example_params_ui_tutorial.py for tasks to queue
[2025-06-13T15:04:39.977+0000] {logging_mixin.py:188} INFO - [2025-06-13T15:04:39.977+0000] {dagbag.py:540} INFO - Filling up the DagBag from /home/airflow/.local/lib/python3.10/site-packages/airflow/example_dags/example_params_ui_tutorial.py
[2025-06-13T15:04:39.985+0000] {processor.py:840} INFO - DAG(s) 'example_params_ui_tutorial' retrieved from /home/airflow/.local/lib/python3.10/site-packages/airflow/example_dags/example_params_ui_tutorial.py
[2025-06-13T15:04:40.015+0000] {logging_mixin.py:188} INFO - [2025-06-13T15:04:40.015+0000] {dag.py:3096} INFO - Sync 1 DAGs
[2025-06-13T15:04:40.025+0000] {logging_mixin.py:188} INFO - [2025-06-13T15:04:40.025+0000] {dag.py:3954} INFO - Setting next_dagrun for example_params_ui_tutorial to None, run_after=None
[2025-06-13T15:04:40.039+0000] {processor.py:183} INFO - Processing /home/airflow/.local/lib/python3.10/site-packages/airflow/example_dags/example_params_ui_tutorial.py took 0.068 seconds
[2025-06-13T15:05:10.721+0000] {processor.py:161} INFO - Started process (PID=2521) to work on /home/airflow/.local/lib/python3.10/site-packages/airflow/example_dags/example_params_ui_tutorial.py
[2025-06-13T15:05:10.722+0000] {processor.py:830} INFO - Processing file /home/airflow/.local/lib/python3.10/site-packages/airflow/example_dags/example_params_ui_tutorial.py for tasks to queue
[2025-06-13T15:05:10.723+0000] {logging_mixin.py:188} INFO - [2025-06-13T15:05:10.723+0000] {dagbag.py:540} INFO - Filling up the DagBag from /home/airflow/.local/lib/python3.10/site-packages/airflow/example_dags/example_params_ui_tutorial.py
[2025-06-13T15:05:10.730+0000] {processor.py:840} INFO - DAG(s) 'example_params_ui_tutorial' retrieved from /home/airflow/.local/lib/python3.10/site-packages/airflow/example_dags/example_params_ui_tutorial.py
[2025-06-13T15:05:10.757+0000] {logging_mixin.py:188} INFO - [2025-06-13T15:05:10.757+0000] {dag.py:3096} INFO - Sync 1 DAGs
[2025-06-13T15:05:10.763+0000] {logging_mixin.py:188} INFO - [2025-06-13T15:05:10.763+0000] {dag.py:3954} INFO - Setting next_dagrun for example_params_ui_tutorial to None, run_after=None
[2025-06-13T15:05:10.772+0000] {processor.py:183} INFO - Processing /home/airflow/.local/lib/python3.10/site-packages/airflow/example_dags/example_params_ui_tutorial.py took 0.056 seconds
