[2025-06-13T14:33:23.984+0000] {processor.py:161} INFO - Started process (PID=55) to work on /home/airflow/.local/lib/python3.10/site-packages/airflow/example_dags/example_trigger_target_dag.py
[2025-06-13T14:33:23.986+0000] {processor.py:830} INFO - Processing file /home/airflow/.local/lib/python3.10/site-packages/airflow/example_dags/example_trigger_target_dag.py for tasks to queue
[2025-06-13T14:33:23.990+0000] {logging_mixin.py:188} INFO - [2025-06-13T14:33:23.990+0000] {dagbag.py:540} INFO - Filling up the DagBag from /home/airflow/.local/lib/python3.10/site-packages/airflow/example_dags/example_trigger_target_dag.py
[2025-06-13T14:33:24.002+0000] {processor.py:840} INFO - DAG(s) 'example_trigger_target_dag' retrieved from /home/airflow/.local/lib/python3.10/site-packages/airflow/example_dags/example_trigger_target_dag.py
[2025-06-13T14:33:24.022+0000] {logging_mixin.py:188} INFO - [2025-06-13T14:33:24.022+0000] {dag.py:3096} INFO - Sync 1 DAGs
[2025-06-13T14:33:24.038+0000] {logging_mixin.py:188} INFO - [2025-06-13T14:33:24.037+0000] {dag.py:3954} INFO - Setting next_dagrun for example_trigger_target_dag to None, run_after=None
[2025-06-13T14:33:24.067+0000] {processor.py:183} INFO - Processing /home/airflow/.local/lib/python3.10/site-packages/airflow/example_dags/example_trigger_target_dag.py took 0.090 seconds
[2025-06-13T14:33:54.437+0000] {processor.py:161} INFO - Started process (PID=112) to work on /home/airflow/.local/lib/python3.10/site-packages/airflow/example_dags/example_trigger_target_dag.py
[2025-06-13T14:33:54.441+0000] {processor.py:830} INFO - Processing file /home/airflow/.local/lib/python3.10/site-packages/airflow/example_dags/example_trigger_target_dag.py for tasks to queue
[2025-06-13T14:33:54.442+0000] {logging_mixin.py:188} INFO - [2025-06-13T14:33:54.442+0000] {dagbag.py:540} INFO - Filling up the DagBag from /home/airflow/.local/lib/python3.10/site-packages/airflow/example_dags/example_trigger_target_dag.py
[2025-06-13T14:33:54.445+0000] {processor.py:840} INFO - DAG(s) 'example_trigger_target_dag' retrieved from /home/airflow/.local/lib/python3.10/site-packages/airflow/example_dags/example_trigger_target_dag.py
[2025-06-13T14:33:54.502+0000] {logging_mixin.py:188} INFO - [2025-06-13T14:33:54.502+0000] {dag.py:3096} INFO - Sync 1 DAGs
[2025-06-13T14:33:54.512+0000] {logging_mixin.py:188} INFO - [2025-06-13T14:33:54.512+0000] {dag.py:3954} INFO - Setting next_dagrun for example_trigger_target_dag to None, run_after=None
[2025-06-13T14:33:54.525+0000] {processor.py:183} INFO - Processing /home/airflow/.local/lib/python3.10/site-packages/airflow/example_dags/example_trigger_target_dag.py took 0.092 seconds
[2025-06-13T14:34:25.278+0000] {processor.py:161} INFO - Started process (PID=170) to work on /home/airflow/.local/lib/python3.10/site-packages/airflow/example_dags/example_trigger_target_dag.py
[2025-06-13T14:34:25.282+0000] {processor.py:830} INFO - Processing file /home/airflow/.local/lib/python3.10/site-packages/airflow/example_dags/example_trigger_target_dag.py for tasks to queue
[2025-06-13T14:34:25.283+0000] {logging_mixin.py:188} INFO - [2025-06-13T14:34:25.283+0000] {dagbag.py:540} INFO - Filling up the DagBag from /home/airflow/.local/lib/python3.10/site-packages/airflow/example_dags/example_trigger_target_dag.py
[2025-06-13T14:34:25.288+0000] {processor.py:840} INFO - DAG(s) 'example_trigger_target_dag' retrieved from /home/airflow/.local/lib/python3.10/site-packages/airflow/example_dags/example_trigger_target_dag.py
[2025-06-13T14:34:25.301+0000] {logging_mixin.py:188} INFO - [2025-06-13T14:34:25.300+0000] {dag.py:3096} INFO - Sync 1 DAGs
[2025-06-13T14:34:25.307+0000] {logging_mixin.py:188} INFO - [2025-06-13T14:34:25.307+0000] {dag.py:3954} INFO - Setting next_dagrun for example_trigger_target_dag to None, run_after=None
[2025-06-13T14:34:25.320+0000] {processor.py:183} INFO - Processing /home/airflow/.local/lib/python3.10/site-packages/airflow/example_dags/example_trigger_target_dag.py took 0.046 seconds
[2025-06-13T14:34:55.712+0000] {processor.py:161} INFO - Started process (PID=228) to work on /home/airflow/.local/lib/python3.10/site-packages/airflow/example_dags/example_trigger_target_dag.py
[2025-06-13T14:34:55.713+0000] {processor.py:830} INFO - Processing file /home/airflow/.local/lib/python3.10/site-packages/airflow/example_dags/example_trigger_target_dag.py for tasks to queue
[2025-06-13T14:34:55.715+0000] {logging_mixin.py:188} INFO - [2025-06-13T14:34:55.714+0000] {dagbag.py:540} INFO - Filling up the DagBag from /home/airflow/.local/lib/python3.10/site-packages/airflow/example_dags/example_trigger_target_dag.py
[2025-06-13T14:34:55.719+0000] {processor.py:840} INFO - DAG(s) 'example_trigger_target_dag' retrieved from /home/airflow/.local/lib/python3.10/site-packages/airflow/example_dags/example_trigger_target_dag.py
[2025-06-13T14:34:55.734+0000] {logging_mixin.py:188} INFO - [2025-06-13T14:34:55.734+0000] {dag.py:3096} INFO - Sync 1 DAGs
[2025-06-13T14:34:55.740+0000] {logging_mixin.py:188} INFO - [2025-06-13T14:34:55.740+0000] {dag.py:3954} INFO - Setting next_dagrun for example_trigger_target_dag to None, run_after=None
[2025-06-13T14:34:55.751+0000] {processor.py:183} INFO - Processing /home/airflow/.local/lib/python3.10/site-packages/airflow/example_dags/example_trigger_target_dag.py took 0.043 seconds
[2025-06-13T14:35:26.294+0000] {processor.py:161} INFO - Started process (PID=286) to work on /home/airflow/.local/lib/python3.10/site-packages/airflow/example_dags/example_trigger_target_dag.py
[2025-06-13T14:35:26.297+0000] {processor.py:830} INFO - Processing file /home/airflow/.local/lib/python3.10/site-packages/airflow/example_dags/example_trigger_target_dag.py for tasks to queue
[2025-06-13T14:35:26.302+0000] {logging_mixin.py:188} INFO - [2025-06-13T14:35:26.302+0000] {dagbag.py:540} INFO - Filling up the DagBag from /home/airflow/.local/lib/python3.10/site-packages/airflow/example_dags/example_trigger_target_dag.py
[2025-06-13T14:35:26.306+0000] {processor.py:840} INFO - DAG(s) 'example_trigger_target_dag' retrieved from /home/airflow/.local/lib/python3.10/site-packages/airflow/example_dags/example_trigger_target_dag.py
[2025-06-13T14:35:26.331+0000] {logging_mixin.py:188} INFO - [2025-06-13T14:35:26.330+0000] {dag.py:3096} INFO - Sync 1 DAGs
[2025-06-13T14:35:26.340+0000] {logging_mixin.py:188} INFO - [2025-06-13T14:35:26.340+0000] {dag.py:3954} INFO - Setting next_dagrun for example_trigger_target_dag to None, run_after=None
[2025-06-13T14:35:26.355+0000] {processor.py:183} INFO - Processing /home/airflow/.local/lib/python3.10/site-packages/airflow/example_dags/example_trigger_target_dag.py took 0.066 seconds
[2025-06-13T14:35:57.315+0000] {processor.py:161} INFO - Started process (PID=344) to work on /home/airflow/.local/lib/python3.10/site-packages/airflow/example_dags/example_trigger_target_dag.py
[2025-06-13T14:35:57.316+0000] {processor.py:830} INFO - Processing file /home/airflow/.local/lib/python3.10/site-packages/airflow/example_dags/example_trigger_target_dag.py for tasks to queue
[2025-06-13T14:35:57.318+0000] {logging_mixin.py:188} INFO - [2025-06-13T14:35:57.318+0000] {dagbag.py:540} INFO - Filling up the DagBag from /home/airflow/.local/lib/python3.10/site-packages/airflow/example_dags/example_trigger_target_dag.py
[2025-06-13T14:35:57.322+0000] {processor.py:840} INFO - DAG(s) 'example_trigger_target_dag' retrieved from /home/airflow/.local/lib/python3.10/site-packages/airflow/example_dags/example_trigger_target_dag.py
[2025-06-13T14:35:57.361+0000] {logging_mixin.py:188} INFO - [2025-06-13T14:35:57.360+0000] {dag.py:3096} INFO - Sync 1 DAGs
[2025-06-13T14:35:57.370+0000] {logging_mixin.py:188} INFO - [2025-06-13T14:35:57.370+0000] {dag.py:3954} INFO - Setting next_dagrun for example_trigger_target_dag to None, run_after=None
[2025-06-13T14:35:57.387+0000] {processor.py:183} INFO - Processing /home/airflow/.local/lib/python3.10/site-packages/airflow/example_dags/example_trigger_target_dag.py took 0.077 seconds
[2025-06-13T14:36:28.455+0000] {processor.py:161} INFO - Started process (PID=408) to work on /home/airflow/.local/lib/python3.10/site-packages/airflow/example_dags/example_trigger_target_dag.py
[2025-06-13T14:36:28.456+0000] {processor.py:830} INFO - Processing file /home/airflow/.local/lib/python3.10/site-packages/airflow/example_dags/example_trigger_target_dag.py for tasks to queue
[2025-06-13T14:36:28.458+0000] {logging_mixin.py:188} INFO - [2025-06-13T14:36:28.457+0000] {dagbag.py:540} INFO - Filling up the DagBag from /home/airflow/.local/lib/python3.10/site-packages/airflow/example_dags/example_trigger_target_dag.py
[2025-06-13T14:36:28.463+0000] {processor.py:840} INFO - DAG(s) 'example_trigger_target_dag' retrieved from /home/airflow/.local/lib/python3.10/site-packages/airflow/example_dags/example_trigger_target_dag.py
[2025-06-13T14:36:28.476+0000] {logging_mixin.py:188} INFO - [2025-06-13T14:36:28.476+0000] {dag.py:3096} INFO - Sync 1 DAGs
[2025-06-13T14:36:28.484+0000] {logging_mixin.py:188} INFO - [2025-06-13T14:36:28.483+0000] {dag.py:3954} INFO - Setting next_dagrun for example_trigger_target_dag to None, run_after=None
[2025-06-13T14:36:28.493+0000] {processor.py:183} INFO - Processing /home/airflow/.local/lib/python3.10/site-packages/airflow/example_dags/example_trigger_target_dag.py took 0.043 seconds
[2025-06-13T14:36:58.858+0000] {processor.py:161} INFO - Started process (PID=466) to work on /home/airflow/.local/lib/python3.10/site-packages/airflow/example_dags/example_trigger_target_dag.py
[2025-06-13T14:36:58.861+0000] {processor.py:830} INFO - Processing file /home/airflow/.local/lib/python3.10/site-packages/airflow/example_dags/example_trigger_target_dag.py for tasks to queue
[2025-06-13T14:36:58.865+0000] {logging_mixin.py:188} INFO - [2025-06-13T14:36:58.865+0000] {dagbag.py:540} INFO - Filling up the DagBag from /home/airflow/.local/lib/python3.10/site-packages/airflow/example_dags/example_trigger_target_dag.py
[2025-06-13T14:36:58.871+0000] {processor.py:840} INFO - DAG(s) 'example_trigger_target_dag' retrieved from /home/airflow/.local/lib/python3.10/site-packages/airflow/example_dags/example_trigger_target_dag.py
[2025-06-13T14:36:58.887+0000] {logging_mixin.py:188} INFO - [2025-06-13T14:36:58.887+0000] {dag.py:3096} INFO - Sync 1 DAGs
[2025-06-13T14:36:58.895+0000] {logging_mixin.py:188} INFO - [2025-06-13T14:36:58.895+0000] {dag.py:3954} INFO - Setting next_dagrun for example_trigger_target_dag to None, run_after=None
[2025-06-13T14:36:58.914+0000] {processor.py:183} INFO - Processing /home/airflow/.local/lib/python3.10/site-packages/airflow/example_dags/example_trigger_target_dag.py took 0.064 seconds
[2025-06-13T14:37:29.477+0000] {processor.py:161} INFO - Started process (PID=524) to work on /home/airflow/.local/lib/python3.10/site-packages/airflow/example_dags/example_trigger_target_dag.py
[2025-06-13T14:37:29.478+0000] {processor.py:830} INFO - Processing file /home/airflow/.local/lib/python3.10/site-packages/airflow/example_dags/example_trigger_target_dag.py for tasks to queue
[2025-06-13T14:37:29.480+0000] {logging_mixin.py:188} INFO - [2025-06-13T14:37:29.479+0000] {dagbag.py:540} INFO - Filling up the DagBag from /home/airflow/.local/lib/python3.10/site-packages/airflow/example_dags/example_trigger_target_dag.py
[2025-06-13T14:37:29.484+0000] {processor.py:840} INFO - DAG(s) 'example_trigger_target_dag' retrieved from /home/airflow/.local/lib/python3.10/site-packages/airflow/example_dags/example_trigger_target_dag.py
[2025-06-13T14:37:29.499+0000] {logging_mixin.py:188} INFO - [2025-06-13T14:37:29.499+0000] {dag.py:3096} INFO - Sync 1 DAGs
[2025-06-13T14:37:29.505+0000] {logging_mixin.py:188} INFO - [2025-06-13T14:37:29.505+0000] {dag.py:3954} INFO - Setting next_dagrun for example_trigger_target_dag to None, run_after=None
[2025-06-13T14:37:29.516+0000] {processor.py:183} INFO - Processing /home/airflow/.local/lib/python3.10/site-packages/airflow/example_dags/example_trigger_target_dag.py took 0.047 seconds
[2025-06-13T14:37:59.905+0000] {processor.py:161} INFO - Started process (PID=582) to work on /home/airflow/.local/lib/python3.10/site-packages/airflow/example_dags/example_trigger_target_dag.py
[2025-06-13T14:37:59.906+0000] {processor.py:830} INFO - Processing file /home/airflow/.local/lib/python3.10/site-packages/airflow/example_dags/example_trigger_target_dag.py for tasks to queue
[2025-06-13T14:37:59.908+0000] {logging_mixin.py:188} INFO - [2025-06-13T14:37:59.908+0000] {dagbag.py:540} INFO - Filling up the DagBag from /home/airflow/.local/lib/python3.10/site-packages/airflow/example_dags/example_trigger_target_dag.py
[2025-06-13T14:37:59.915+0000] {processor.py:840} INFO - DAG(s) 'example_trigger_target_dag' retrieved from /home/airflow/.local/lib/python3.10/site-packages/airflow/example_dags/example_trigger_target_dag.py
[2025-06-13T14:37:59.944+0000] {logging_mixin.py:188} INFO - [2025-06-13T14:37:59.944+0000] {dag.py:3096} INFO - Sync 1 DAGs
[2025-06-13T14:37:59.952+0000] {logging_mixin.py:188} INFO - [2025-06-13T14:37:59.952+0000] {dag.py:3954} INFO - Setting next_dagrun for example_trigger_target_dag to None, run_after=None
[2025-06-13T14:37:59.968+0000] {processor.py:183} INFO - Processing /home/airflow/.local/lib/python3.10/site-packages/airflow/example_dags/example_trigger_target_dag.py took 0.075 seconds
[2025-06-13T14:38:30.481+0000] {processor.py:161} INFO - Started process (PID=642) to work on /home/airflow/.local/lib/python3.10/site-packages/airflow/example_dags/example_trigger_target_dag.py
[2025-06-13T14:38:30.483+0000] {processor.py:830} INFO - Processing file /home/airflow/.local/lib/python3.10/site-packages/airflow/example_dags/example_trigger_target_dag.py for tasks to queue
[2025-06-13T14:38:30.485+0000] {logging_mixin.py:188} INFO - [2025-06-13T14:38:30.485+0000] {dagbag.py:540} INFO - Filling up the DagBag from /home/airflow/.local/lib/python3.10/site-packages/airflow/example_dags/example_trigger_target_dag.py
[2025-06-13T14:38:30.491+0000] {processor.py:840} INFO - DAG(s) 'example_trigger_target_dag' retrieved from /home/airflow/.local/lib/python3.10/site-packages/airflow/example_dags/example_trigger_target_dag.py
[2025-06-13T14:38:30.503+0000] {logging_mixin.py:188} INFO - [2025-06-13T14:38:30.503+0000] {dag.py:3096} INFO - Sync 1 DAGs
[2025-06-13T14:38:30.511+0000] {logging_mixin.py:188} INFO - [2025-06-13T14:38:30.510+0000] {dag.py:3954} INFO - Setting next_dagrun for example_trigger_target_dag to None, run_after=None
[2025-06-13T14:38:30.520+0000] {processor.py:183} INFO - Processing /home/airflow/.local/lib/python3.10/site-packages/airflow/example_dags/example_trigger_target_dag.py took 0.052 seconds
[2025-06-13T14:39:01.461+0000] {processor.py:161} INFO - Started process (PID=702) to work on /home/airflow/.local/lib/python3.10/site-packages/airflow/example_dags/example_trigger_target_dag.py
[2025-06-13T14:39:01.461+0000] {processor.py:830} INFO - Processing file /home/airflow/.local/lib/python3.10/site-packages/airflow/example_dags/example_trigger_target_dag.py for tasks to queue
[2025-06-13T14:39:01.463+0000] {logging_mixin.py:188} INFO - [2025-06-13T14:39:01.462+0000] {dagbag.py:540} INFO - Filling up the DagBag from /home/airflow/.local/lib/python3.10/site-packages/airflow/example_dags/example_trigger_target_dag.py
[2025-06-13T14:39:01.466+0000] {processor.py:840} INFO - DAG(s) 'example_trigger_target_dag' retrieved from /home/airflow/.local/lib/python3.10/site-packages/airflow/example_dags/example_trigger_target_dag.py
[2025-06-13T14:39:01.480+0000] {logging_mixin.py:188} INFO - [2025-06-13T14:39:01.480+0000] {dag.py:3096} INFO - Sync 1 DAGs
[2025-06-13T14:39:01.488+0000] {logging_mixin.py:188} INFO - [2025-06-13T14:39:01.488+0000] {dag.py:3954} INFO - Setting next_dagrun for example_trigger_target_dag to None, run_after=None
[2025-06-13T14:39:01.499+0000] {processor.py:183} INFO - Processing /home/airflow/.local/lib/python3.10/site-packages/airflow/example_dags/example_trigger_target_dag.py took 0.043 seconds
[2025-06-13T14:39:32.340+0000] {processor.py:161} INFO - Started process (PID=762) to work on /home/airflow/.local/lib/python3.10/site-packages/airflow/example_dags/example_trigger_target_dag.py
[2025-06-13T14:39:32.340+0000] {processor.py:830} INFO - Processing file /home/airflow/.local/lib/python3.10/site-packages/airflow/example_dags/example_trigger_target_dag.py for tasks to queue
[2025-06-13T14:39:32.342+0000] {logging_mixin.py:188} INFO - [2025-06-13T14:39:32.342+0000] {dagbag.py:540} INFO - Filling up the DagBag from /home/airflow/.local/lib/python3.10/site-packages/airflow/example_dags/example_trigger_target_dag.py
[2025-06-13T14:39:32.346+0000] {processor.py:840} INFO - DAG(s) 'example_trigger_target_dag' retrieved from /home/airflow/.local/lib/python3.10/site-packages/airflow/example_dags/example_trigger_target_dag.py
[2025-06-13T14:39:32.360+0000] {logging_mixin.py:188} INFO - [2025-06-13T14:39:32.360+0000] {dag.py:3096} INFO - Sync 1 DAGs
[2025-06-13T14:39:32.368+0000] {logging_mixin.py:188} INFO - [2025-06-13T14:39:32.368+0000] {dag.py:3954} INFO - Setting next_dagrun for example_trigger_target_dag to None, run_after=None
[2025-06-13T14:39:32.386+0000] {processor.py:183} INFO - Processing /home/airflow/.local/lib/python3.10/site-packages/airflow/example_dags/example_trigger_target_dag.py took 0.051 seconds
[2025-06-13T14:40:02.814+0000] {processor.py:161} INFO - Started process (PID=822) to work on /home/airflow/.local/lib/python3.10/site-packages/airflow/example_dags/example_trigger_target_dag.py
[2025-06-13T14:40:02.816+0000] {processor.py:830} INFO - Processing file /home/airflow/.local/lib/python3.10/site-packages/airflow/example_dags/example_trigger_target_dag.py for tasks to queue
[2025-06-13T14:40:02.817+0000] {logging_mixin.py:188} INFO - [2025-06-13T14:40:02.817+0000] {dagbag.py:540} INFO - Filling up the DagBag from /home/airflow/.local/lib/python3.10/site-packages/airflow/example_dags/example_trigger_target_dag.py
[2025-06-13T14:40:02.821+0000] {processor.py:840} INFO - DAG(s) 'example_trigger_target_dag' retrieved from /home/airflow/.local/lib/python3.10/site-packages/airflow/example_dags/example_trigger_target_dag.py
[2025-06-13T14:40:02.835+0000] {logging_mixin.py:188} INFO - [2025-06-13T14:40:02.835+0000] {dag.py:3096} INFO - Sync 1 DAGs
[2025-06-13T14:40:02.844+0000] {logging_mixin.py:188} INFO - [2025-06-13T14:40:02.844+0000] {dag.py:3954} INFO - Setting next_dagrun for example_trigger_target_dag to None, run_after=None
[2025-06-13T14:40:02.855+0000] {processor.py:183} INFO - Processing /home/airflow/.local/lib/python3.10/site-packages/airflow/example_dags/example_trigger_target_dag.py took 0.046 seconds
[2025-06-13T14:40:33.773+0000] {processor.py:161} INFO - Started process (PID=882) to work on /home/airflow/.local/lib/python3.10/site-packages/airflow/example_dags/example_trigger_target_dag.py
[2025-06-13T14:40:33.774+0000] {processor.py:830} INFO - Processing file /home/airflow/.local/lib/python3.10/site-packages/airflow/example_dags/example_trigger_target_dag.py for tasks to queue
[2025-06-13T14:40:33.775+0000] {logging_mixin.py:188} INFO - [2025-06-13T14:40:33.775+0000] {dagbag.py:540} INFO - Filling up the DagBag from /home/airflow/.local/lib/python3.10/site-packages/airflow/example_dags/example_trigger_target_dag.py
[2025-06-13T14:40:33.780+0000] {processor.py:840} INFO - DAG(s) 'example_trigger_target_dag' retrieved from /home/airflow/.local/lib/python3.10/site-packages/airflow/example_dags/example_trigger_target_dag.py
[2025-06-13T14:40:33.795+0000] {logging_mixin.py:188} INFO - [2025-06-13T14:40:33.795+0000] {dag.py:3096} INFO - Sync 1 DAGs
[2025-06-13T14:40:33.802+0000] {logging_mixin.py:188} INFO - [2025-06-13T14:40:33.801+0000] {dag.py:3954} INFO - Setting next_dagrun for example_trigger_target_dag to None, run_after=None
[2025-06-13T14:40:33.811+0000] {processor.py:183} INFO - Processing /home/airflow/.local/lib/python3.10/site-packages/airflow/example_dags/example_trigger_target_dag.py took 0.042 seconds
[2025-06-13T14:41:04.471+0000] {processor.py:161} INFO - Started process (PID=942) to work on /home/airflow/.local/lib/python3.10/site-packages/airflow/example_dags/example_trigger_target_dag.py
[2025-06-13T14:41:04.472+0000] {processor.py:830} INFO - Processing file /home/airflow/.local/lib/python3.10/site-packages/airflow/example_dags/example_trigger_target_dag.py for tasks to queue
[2025-06-13T14:41:04.473+0000] {logging_mixin.py:188} INFO - [2025-06-13T14:41:04.473+0000] {dagbag.py:540} INFO - Filling up the DagBag from /home/airflow/.local/lib/python3.10/site-packages/airflow/example_dags/example_trigger_target_dag.py
[2025-06-13T14:41:04.476+0000] {processor.py:840} INFO - DAG(s) 'example_trigger_target_dag' retrieved from /home/airflow/.local/lib/python3.10/site-packages/airflow/example_dags/example_trigger_target_dag.py
[2025-06-13T14:41:04.489+0000] {logging_mixin.py:188} INFO - [2025-06-13T14:41:04.489+0000] {dag.py:3096} INFO - Sync 1 DAGs
[2025-06-13T14:41:04.496+0000] {logging_mixin.py:188} INFO - [2025-06-13T14:41:04.496+0000] {dag.py:3954} INFO - Setting next_dagrun for example_trigger_target_dag to None, run_after=None
[2025-06-13T14:41:04.509+0000] {processor.py:183} INFO - Processing /home/airflow/.local/lib/python3.10/site-packages/airflow/example_dags/example_trigger_target_dag.py took 0.042 seconds
[2025-06-13T14:41:34.722+0000] {processor.py:161} INFO - Started process (PID=1002) to work on /home/airflow/.local/lib/python3.10/site-packages/airflow/example_dags/example_trigger_target_dag.py
[2025-06-13T14:41:34.722+0000] {processor.py:830} INFO - Processing file /home/airflow/.local/lib/python3.10/site-packages/airflow/example_dags/example_trigger_target_dag.py for tasks to queue
[2025-06-13T14:41:34.724+0000] {logging_mixin.py:188} INFO - [2025-06-13T14:41:34.724+0000] {dagbag.py:540} INFO - Filling up the DagBag from /home/airflow/.local/lib/python3.10/site-packages/airflow/example_dags/example_trigger_target_dag.py
[2025-06-13T14:41:34.731+0000] {processor.py:840} INFO - DAG(s) 'example_trigger_target_dag' retrieved from /home/airflow/.local/lib/python3.10/site-packages/airflow/example_dags/example_trigger_target_dag.py
[2025-06-13T14:41:34.765+0000] {logging_mixin.py:188} INFO - [2025-06-13T14:41:34.765+0000] {dag.py:3096} INFO - Sync 1 DAGs
[2025-06-13T14:41:34.778+0000] {logging_mixin.py:188} INFO - [2025-06-13T14:41:34.778+0000] {dag.py:3954} INFO - Setting next_dagrun for example_trigger_target_dag to None, run_after=None
[2025-06-13T14:41:34.794+0000] {processor.py:183} INFO - Processing /home/airflow/.local/lib/python3.10/site-packages/airflow/example_dags/example_trigger_target_dag.py took 0.076 seconds
[2025-06-13T14:42:04.996+0000] {processor.py:161} INFO - Started process (PID=1061) to work on /home/airflow/.local/lib/python3.10/site-packages/airflow/example_dags/example_trigger_target_dag.py
[2025-06-13T14:42:04.999+0000] {processor.py:830} INFO - Processing file /home/airflow/.local/lib/python3.10/site-packages/airflow/example_dags/example_trigger_target_dag.py for tasks to queue
[2025-06-13T14:42:05.000+0000] {logging_mixin.py:188} INFO - [2025-06-13T14:42:05.000+0000] {dagbag.py:540} INFO - Filling up the DagBag from /home/airflow/.local/lib/python3.10/site-packages/airflow/example_dags/example_trigger_target_dag.py
[2025-06-13T14:42:05.004+0000] {processor.py:840} INFO - DAG(s) 'example_trigger_target_dag' retrieved from /home/airflow/.local/lib/python3.10/site-packages/airflow/example_dags/example_trigger_target_dag.py
[2025-06-13T14:42:05.017+0000] {logging_mixin.py:188} INFO - [2025-06-13T14:42:05.017+0000] {dag.py:3096} INFO - Sync 1 DAGs
[2025-06-13T14:42:05.024+0000] {logging_mixin.py:188} INFO - [2025-06-13T14:42:05.024+0000] {dag.py:3954} INFO - Setting next_dagrun for example_trigger_target_dag to None, run_after=None
[2025-06-13T14:42:05.036+0000] {processor.py:183} INFO - Processing /home/airflow/.local/lib/python3.10/site-packages/airflow/example_dags/example_trigger_target_dag.py took 0.044 seconds
[2025-06-13T14:42:36.290+0000] {processor.py:161} INFO - Started process (PID=1122) to work on /home/airflow/.local/lib/python3.10/site-packages/airflow/example_dags/example_trigger_target_dag.py
[2025-06-13T14:42:36.291+0000] {processor.py:830} INFO - Processing file /home/airflow/.local/lib/python3.10/site-packages/airflow/example_dags/example_trigger_target_dag.py for tasks to queue
[2025-06-13T14:42:36.294+0000] {logging_mixin.py:188} INFO - [2025-06-13T14:42:36.293+0000] {dagbag.py:540} INFO - Filling up the DagBag from /home/airflow/.local/lib/python3.10/site-packages/airflow/example_dags/example_trigger_target_dag.py
[2025-06-13T14:42:36.315+0000] {processor.py:840} INFO - DAG(s) 'example_trigger_target_dag' retrieved from /home/airflow/.local/lib/python3.10/site-packages/airflow/example_dags/example_trigger_target_dag.py
[2025-06-13T14:42:36.351+0000] {logging_mixin.py:188} INFO - [2025-06-13T14:42:36.351+0000] {dag.py:3096} INFO - Sync 1 DAGs
[2025-06-13T14:42:36.364+0000] {logging_mixin.py:188} INFO - [2025-06-13T14:42:36.364+0000] {dag.py:3954} INFO - Setting next_dagrun for example_trigger_target_dag to None, run_after=None
[2025-06-13T14:42:36.386+0000] {processor.py:183} INFO - Processing /home/airflow/.local/lib/python3.10/site-packages/airflow/example_dags/example_trigger_target_dag.py took 0.108 seconds
[2025-06-13T14:43:07.225+0000] {processor.py:161} INFO - Started process (PID=1182) to work on /home/airflow/.local/lib/python3.10/site-packages/airflow/example_dags/example_trigger_target_dag.py
[2025-06-13T14:43:07.226+0000] {processor.py:830} INFO - Processing file /home/airflow/.local/lib/python3.10/site-packages/airflow/example_dags/example_trigger_target_dag.py for tasks to queue
[2025-06-13T14:43:07.227+0000] {logging_mixin.py:188} INFO - [2025-06-13T14:43:07.227+0000] {dagbag.py:540} INFO - Filling up the DagBag from /home/airflow/.local/lib/python3.10/site-packages/airflow/example_dags/example_trigger_target_dag.py
[2025-06-13T14:43:07.231+0000] {processor.py:840} INFO - DAG(s) 'example_trigger_target_dag' retrieved from /home/airflow/.local/lib/python3.10/site-packages/airflow/example_dags/example_trigger_target_dag.py
[2025-06-13T14:43:07.251+0000] {logging_mixin.py:188} INFO - [2025-06-13T14:43:07.250+0000] {dag.py:3096} INFO - Sync 1 DAGs
[2025-06-13T14:43:07.264+0000] {logging_mixin.py:188} INFO - [2025-06-13T14:43:07.264+0000] {dag.py:3954} INFO - Setting next_dagrun for example_trigger_target_dag to None, run_after=None
[2025-06-13T14:43:07.288+0000] {processor.py:183} INFO - Processing /home/airflow/.local/lib/python3.10/site-packages/airflow/example_dags/example_trigger_target_dag.py took 0.067 seconds
[2025-06-13T14:44:42.709+0000] {processor.py:161} INFO - Started process (PID=73) to work on /home/airflow/.local/lib/python3.10/site-packages/airflow/example_dags/example_trigger_target_dag.py
[2025-06-13T14:44:42.711+0000] {processor.py:830} INFO - Processing file /home/airflow/.local/lib/python3.10/site-packages/airflow/example_dags/example_trigger_target_dag.py for tasks to queue
[2025-06-13T14:44:42.713+0000] {logging_mixin.py:188} INFO - [2025-06-13T14:44:42.713+0000] {dagbag.py:540} INFO - Filling up the DagBag from /home/airflow/.local/lib/python3.10/site-packages/airflow/example_dags/example_trigger_target_dag.py
[2025-06-13T14:44:42.719+0000] {processor.py:840} INFO - DAG(s) 'example_trigger_target_dag' retrieved from /home/airflow/.local/lib/python3.10/site-packages/airflow/example_dags/example_trigger_target_dag.py
[2025-06-13T14:44:42.727+0000] {logging_mixin.py:188} INFO - [2025-06-13T14:44:42.727+0000] {dag.py:3096} INFO - Sync 1 DAGs
[2025-06-13T14:44:42.736+0000] {logging_mixin.py:188} INFO - [2025-06-13T14:44:42.736+0000] {dag.py:3954} INFO - Setting next_dagrun for example_trigger_target_dag to None, run_after=None
[2025-06-13T14:44:42.746+0000] {processor.py:183} INFO - Processing /home/airflow/.local/lib/python3.10/site-packages/airflow/example_dags/example_trigger_target_dag.py took 0.040 seconds
[2025-06-13T14:45:13.895+0000] {processor.py:161} INFO - Started process (PID=133) to work on /home/airflow/.local/lib/python3.10/site-packages/airflow/example_dags/example_trigger_target_dag.py
[2025-06-13T14:45:13.896+0000] {processor.py:830} INFO - Processing file /home/airflow/.local/lib/python3.10/site-packages/airflow/example_dags/example_trigger_target_dag.py for tasks to queue
[2025-06-13T14:45:13.897+0000] {logging_mixin.py:188} INFO - [2025-06-13T14:45:13.897+0000] {dagbag.py:540} INFO - Filling up the DagBag from /home/airflow/.local/lib/python3.10/site-packages/airflow/example_dags/example_trigger_target_dag.py
[2025-06-13T14:45:13.901+0000] {processor.py:840} INFO - DAG(s) 'example_trigger_target_dag' retrieved from /home/airflow/.local/lib/python3.10/site-packages/airflow/example_dags/example_trigger_target_dag.py
[2025-06-13T14:45:13.956+0000] {logging_mixin.py:188} INFO - [2025-06-13T14:45:13.956+0000] {dag.py:3096} INFO - Sync 1 DAGs
[2025-06-13T14:45:13.962+0000] {logging_mixin.py:188} INFO - [2025-06-13T14:45:13.962+0000] {dag.py:3954} INFO - Setting next_dagrun for example_trigger_target_dag to None, run_after=None
[2025-06-13T14:45:13.978+0000] {processor.py:183} INFO - Processing /home/airflow/.local/lib/python3.10/site-packages/airflow/example_dags/example_trigger_target_dag.py took 0.088 seconds
[2025-06-13T14:45:44.379+0000] {processor.py:161} INFO - Started process (PID=211) to work on /home/airflow/.local/lib/python3.10/site-packages/airflow/example_dags/example_trigger_target_dag.py
[2025-06-13T14:45:44.381+0000] {processor.py:830} INFO - Processing file /home/airflow/.local/lib/python3.10/site-packages/airflow/example_dags/example_trigger_target_dag.py for tasks to queue
[2025-06-13T14:45:44.400+0000] {logging_mixin.py:188} INFO - [2025-06-13T14:45:44.400+0000] {dagbag.py:540} INFO - Filling up the DagBag from /home/airflow/.local/lib/python3.10/site-packages/airflow/example_dags/example_trigger_target_dag.py
[2025-06-13T14:45:44.406+0000] {processor.py:840} INFO - DAG(s) 'example_trigger_target_dag' retrieved from /home/airflow/.local/lib/python3.10/site-packages/airflow/example_dags/example_trigger_target_dag.py
[2025-06-13T14:45:44.429+0000] {logging_mixin.py:188} INFO - [2025-06-13T14:45:44.429+0000] {dag.py:3096} INFO - Sync 1 DAGs
[2025-06-13T14:45:44.461+0000] {logging_mixin.py:188} INFO - [2025-06-13T14:45:44.461+0000] {dag.py:3954} INFO - Setting next_dagrun for example_trigger_target_dag to None, run_after=None
[2025-06-13T14:45:44.493+0000] {processor.py:183} INFO - Processing /home/airflow/.local/lib/python3.10/site-packages/airflow/example_dags/example_trigger_target_dag.py took 0.118 seconds
[2025-06-13T14:46:15.296+0000] {processor.py:161} INFO - Started process (PID=271) to work on /home/airflow/.local/lib/python3.10/site-packages/airflow/example_dags/example_trigger_target_dag.py
[2025-06-13T14:46:15.298+0000] {processor.py:830} INFO - Processing file /home/airflow/.local/lib/python3.10/site-packages/airflow/example_dags/example_trigger_target_dag.py for tasks to queue
[2025-06-13T14:46:15.299+0000] {logging_mixin.py:188} INFO - [2025-06-13T14:46:15.299+0000] {dagbag.py:540} INFO - Filling up the DagBag from /home/airflow/.local/lib/python3.10/site-packages/airflow/example_dags/example_trigger_target_dag.py
[2025-06-13T14:46:15.306+0000] {processor.py:840} INFO - DAG(s) 'example_trigger_target_dag' retrieved from /home/airflow/.local/lib/python3.10/site-packages/airflow/example_dags/example_trigger_target_dag.py
[2025-06-13T14:46:15.328+0000] {logging_mixin.py:188} INFO - [2025-06-13T14:46:15.328+0000] {dag.py:3096} INFO - Sync 1 DAGs
[2025-06-13T14:46:15.338+0000] {logging_mixin.py:188} INFO - [2025-06-13T14:46:15.338+0000] {dag.py:3954} INFO - Setting next_dagrun for example_trigger_target_dag to None, run_after=None
[2025-06-13T14:46:15.353+0000] {processor.py:183} INFO - Processing /home/airflow/.local/lib/python3.10/site-packages/airflow/example_dags/example_trigger_target_dag.py took 0.060 seconds
[2025-06-13T14:46:46.032+0000] {processor.py:161} INFO - Started process (PID=331) to work on /home/airflow/.local/lib/python3.10/site-packages/airflow/example_dags/example_trigger_target_dag.py
[2025-06-13T14:46:46.033+0000] {processor.py:830} INFO - Processing file /home/airflow/.local/lib/python3.10/site-packages/airflow/example_dags/example_trigger_target_dag.py for tasks to queue
[2025-06-13T14:46:46.034+0000] {logging_mixin.py:188} INFO - [2025-06-13T14:46:46.034+0000] {dagbag.py:540} INFO - Filling up the DagBag from /home/airflow/.local/lib/python3.10/site-packages/airflow/example_dags/example_trigger_target_dag.py
[2025-06-13T14:46:46.037+0000] {processor.py:840} INFO - DAG(s) 'example_trigger_target_dag' retrieved from /home/airflow/.local/lib/python3.10/site-packages/airflow/example_dags/example_trigger_target_dag.py
[2025-06-13T14:46:46.048+0000] {logging_mixin.py:188} INFO - [2025-06-13T14:46:46.048+0000] {dag.py:3096} INFO - Sync 1 DAGs
[2025-06-13T14:46:46.054+0000] {logging_mixin.py:188} INFO - [2025-06-13T14:46:46.054+0000] {dag.py:3954} INFO - Setting next_dagrun for example_trigger_target_dag to None, run_after=None
[2025-06-13T14:46:46.069+0000] {processor.py:183} INFO - Processing /home/airflow/.local/lib/python3.10/site-packages/airflow/example_dags/example_trigger_target_dag.py took 0.042 seconds
[2025-06-13T14:47:17.612+0000] {processor.py:161} INFO - Started process (PID=391) to work on /home/airflow/.local/lib/python3.10/site-packages/airflow/example_dags/example_trigger_target_dag.py
[2025-06-13T14:47:17.615+0000] {processor.py:830} INFO - Processing file /home/airflow/.local/lib/python3.10/site-packages/airflow/example_dags/example_trigger_target_dag.py for tasks to queue
[2025-06-13T14:47:17.617+0000] {logging_mixin.py:188} INFO - [2025-06-13T14:47:17.616+0000] {dagbag.py:540} INFO - Filling up the DagBag from /home/airflow/.local/lib/python3.10/site-packages/airflow/example_dags/example_trigger_target_dag.py
[2025-06-13T14:47:17.620+0000] {processor.py:840} INFO - DAG(s) 'example_trigger_target_dag' retrieved from /home/airflow/.local/lib/python3.10/site-packages/airflow/example_dags/example_trigger_target_dag.py
[2025-06-13T14:47:17.633+0000] {logging_mixin.py:188} INFO - [2025-06-13T14:47:17.633+0000] {dag.py:3096} INFO - Sync 1 DAGs
[2025-06-13T14:47:17.641+0000] {logging_mixin.py:188} INFO - [2025-06-13T14:47:17.641+0000] {dag.py:3954} INFO - Setting next_dagrun for example_trigger_target_dag to None, run_after=None
[2025-06-13T14:47:17.655+0000] {processor.py:183} INFO - Processing /home/airflow/.local/lib/python3.10/site-packages/airflow/example_dags/example_trigger_target_dag.py took 0.047 seconds
[2025-06-13T14:47:48.836+0000] {processor.py:161} INFO - Started process (PID=451) to work on /home/airflow/.local/lib/python3.10/site-packages/airflow/example_dags/example_trigger_target_dag.py
[2025-06-13T14:47:48.837+0000] {processor.py:830} INFO - Processing file /home/airflow/.local/lib/python3.10/site-packages/airflow/example_dags/example_trigger_target_dag.py for tasks to queue
[2025-06-13T14:47:48.838+0000] {logging_mixin.py:188} INFO - [2025-06-13T14:47:48.838+0000] {dagbag.py:540} INFO - Filling up the DagBag from /home/airflow/.local/lib/python3.10/site-packages/airflow/example_dags/example_trigger_target_dag.py
[2025-06-13T14:47:48.841+0000] {processor.py:840} INFO - DAG(s) 'example_trigger_target_dag' retrieved from /home/airflow/.local/lib/python3.10/site-packages/airflow/example_dags/example_trigger_target_dag.py
[2025-06-13T14:47:48.850+0000] {logging_mixin.py:188} INFO - [2025-06-13T14:47:48.850+0000] {dag.py:3096} INFO - Sync 1 DAGs
[2025-06-13T14:47:48.856+0000] {logging_mixin.py:188} INFO - [2025-06-13T14:47:48.856+0000] {dag.py:3954} INFO - Setting next_dagrun for example_trigger_target_dag to None, run_after=None
[2025-06-13T14:47:48.863+0000] {processor.py:183} INFO - Processing /home/airflow/.local/lib/python3.10/site-packages/airflow/example_dags/example_trigger_target_dag.py took 0.031 seconds
[2025-06-13T14:48:19.499+0000] {processor.py:161} INFO - Started process (PID=511) to work on /home/airflow/.local/lib/python3.10/site-packages/airflow/example_dags/example_trigger_target_dag.py
[2025-06-13T14:48:19.500+0000] {processor.py:830} INFO - Processing file /home/airflow/.local/lib/python3.10/site-packages/airflow/example_dags/example_trigger_target_dag.py for tasks to queue
[2025-06-13T14:48:19.501+0000] {logging_mixin.py:188} INFO - [2025-06-13T14:48:19.501+0000] {dagbag.py:540} INFO - Filling up the DagBag from /home/airflow/.local/lib/python3.10/site-packages/airflow/example_dags/example_trigger_target_dag.py
[2025-06-13T14:48:19.508+0000] {processor.py:840} INFO - DAG(s) 'example_trigger_target_dag' retrieved from /home/airflow/.local/lib/python3.10/site-packages/airflow/example_dags/example_trigger_target_dag.py
[2025-06-13T14:48:19.536+0000] {logging_mixin.py:188} INFO - [2025-06-13T14:48:19.536+0000] {dag.py:3096} INFO - Sync 1 DAGs
[2025-06-13T14:48:19.545+0000] {logging_mixin.py:188} INFO - [2025-06-13T14:48:19.545+0000] {dag.py:3954} INFO - Setting next_dagrun for example_trigger_target_dag to None, run_after=None
[2025-06-13T14:48:19.560+0000] {processor.py:183} INFO - Processing /home/airflow/.local/lib/python3.10/site-packages/airflow/example_dags/example_trigger_target_dag.py took 0.067 seconds
[2025-06-13T14:48:49.842+0000] {processor.py:161} INFO - Started process (PID=571) to work on /home/airflow/.local/lib/python3.10/site-packages/airflow/example_dags/example_trigger_target_dag.py
[2025-06-13T14:48:49.843+0000] {processor.py:830} INFO - Processing file /home/airflow/.local/lib/python3.10/site-packages/airflow/example_dags/example_trigger_target_dag.py for tasks to queue
[2025-06-13T14:48:49.844+0000] {logging_mixin.py:188} INFO - [2025-06-13T14:48:49.844+0000] {dagbag.py:540} INFO - Filling up the DagBag from /home/airflow/.local/lib/python3.10/site-packages/airflow/example_dags/example_trigger_target_dag.py
[2025-06-13T14:48:49.850+0000] {processor.py:840} INFO - DAG(s) 'example_trigger_target_dag' retrieved from /home/airflow/.local/lib/python3.10/site-packages/airflow/example_dags/example_trigger_target_dag.py
[2025-06-13T14:48:49.866+0000] {logging_mixin.py:188} INFO - [2025-06-13T14:48:49.866+0000] {dag.py:3096} INFO - Sync 1 DAGs
[2025-06-13T14:48:49.875+0000] {logging_mixin.py:188} INFO - [2025-06-13T14:48:49.875+0000] {dag.py:3954} INFO - Setting next_dagrun for example_trigger_target_dag to None, run_after=None
[2025-06-13T14:48:49.886+0000] {processor.py:183} INFO - Processing /home/airflow/.local/lib/python3.10/site-packages/airflow/example_dags/example_trigger_target_dag.py took 0.048 seconds
[2025-06-13T14:49:20.286+0000] {processor.py:161} INFO - Started process (PID=629) to work on /home/airflow/.local/lib/python3.10/site-packages/airflow/example_dags/example_trigger_target_dag.py
[2025-06-13T14:49:20.288+0000] {processor.py:830} INFO - Processing file /home/airflow/.local/lib/python3.10/site-packages/airflow/example_dags/example_trigger_target_dag.py for tasks to queue
[2025-06-13T14:49:20.289+0000] {logging_mixin.py:188} INFO - [2025-06-13T14:49:20.289+0000] {dagbag.py:540} INFO - Filling up the DagBag from /home/airflow/.local/lib/python3.10/site-packages/airflow/example_dags/example_trigger_target_dag.py
[2025-06-13T14:49:20.293+0000] {processor.py:840} INFO - DAG(s) 'example_trigger_target_dag' retrieved from /home/airflow/.local/lib/python3.10/site-packages/airflow/example_dags/example_trigger_target_dag.py
[2025-06-13T14:49:20.308+0000] {logging_mixin.py:188} INFO - [2025-06-13T14:49:20.308+0000] {dag.py:3096} INFO - Sync 1 DAGs
[2025-06-13T14:49:20.322+0000] {logging_mixin.py:188} INFO - [2025-06-13T14:49:20.321+0000] {dag.py:3954} INFO - Setting next_dagrun for example_trigger_target_dag to None, run_after=None
[2025-06-13T14:49:20.370+0000] {processor.py:183} INFO - Processing /home/airflow/.local/lib/python3.10/site-packages/airflow/example_dags/example_trigger_target_dag.py took 0.089 seconds
[2025-06-13T14:49:50.696+0000] {processor.py:161} INFO - Started process (PID=689) to work on /home/airflow/.local/lib/python3.10/site-packages/airflow/example_dags/example_trigger_target_dag.py
[2025-06-13T14:49:50.698+0000] {processor.py:830} INFO - Processing file /home/airflow/.local/lib/python3.10/site-packages/airflow/example_dags/example_trigger_target_dag.py for tasks to queue
[2025-06-13T14:49:50.700+0000] {logging_mixin.py:188} INFO - [2025-06-13T14:49:50.700+0000] {dagbag.py:540} INFO - Filling up the DagBag from /home/airflow/.local/lib/python3.10/site-packages/airflow/example_dags/example_trigger_target_dag.py
[2025-06-13T14:49:50.703+0000] {processor.py:840} INFO - DAG(s) 'example_trigger_target_dag' retrieved from /home/airflow/.local/lib/python3.10/site-packages/airflow/example_dags/example_trigger_target_dag.py
[2025-06-13T14:49:50.715+0000] {logging_mixin.py:188} INFO - [2025-06-13T14:49:50.715+0000] {dag.py:3096} INFO - Sync 1 DAGs
[2025-06-13T14:49:50.726+0000] {logging_mixin.py:188} INFO - [2025-06-13T14:49:50.725+0000] {dag.py:3954} INFO - Setting next_dagrun for example_trigger_target_dag to None, run_after=None
[2025-06-13T14:49:50.744+0000] {processor.py:183} INFO - Processing /home/airflow/.local/lib/python3.10/site-packages/airflow/example_dags/example_trigger_target_dag.py took 0.052 seconds
[2025-06-13T14:50:21.145+0000] {processor.py:161} INFO - Started process (PID=749) to work on /home/airflow/.local/lib/python3.10/site-packages/airflow/example_dags/example_trigger_target_dag.py
[2025-06-13T14:50:21.147+0000] {processor.py:830} INFO - Processing file /home/airflow/.local/lib/python3.10/site-packages/airflow/example_dags/example_trigger_target_dag.py for tasks to queue
[2025-06-13T14:50:21.148+0000] {logging_mixin.py:188} INFO - [2025-06-13T14:50:21.147+0000] {dagbag.py:540} INFO - Filling up the DagBag from /home/airflow/.local/lib/python3.10/site-packages/airflow/example_dags/example_trigger_target_dag.py
[2025-06-13T14:50:21.151+0000] {processor.py:840} INFO - DAG(s) 'example_trigger_target_dag' retrieved from /home/airflow/.local/lib/python3.10/site-packages/airflow/example_dags/example_trigger_target_dag.py
[2025-06-13T14:50:21.162+0000] {logging_mixin.py:188} INFO - [2025-06-13T14:50:21.162+0000] {dag.py:3096} INFO - Sync 1 DAGs
[2025-06-13T14:50:21.169+0000] {logging_mixin.py:188} INFO - [2025-06-13T14:50:21.169+0000] {dag.py:3954} INFO - Setting next_dagrun for example_trigger_target_dag to None, run_after=None
[2025-06-13T14:50:21.184+0000] {processor.py:183} INFO - Processing /home/airflow/.local/lib/python3.10/site-packages/airflow/example_dags/example_trigger_target_dag.py took 0.042 seconds
[2025-06-13T14:50:51.636+0000] {processor.py:161} INFO - Started process (PID=809) to work on /home/airflow/.local/lib/python3.10/site-packages/airflow/example_dags/example_trigger_target_dag.py
[2025-06-13T14:50:51.638+0000] {processor.py:830} INFO - Processing file /home/airflow/.local/lib/python3.10/site-packages/airflow/example_dags/example_trigger_target_dag.py for tasks to queue
[2025-06-13T14:50:51.640+0000] {logging_mixin.py:188} INFO - [2025-06-13T14:50:51.640+0000] {dagbag.py:540} INFO - Filling up the DagBag from /home/airflow/.local/lib/python3.10/site-packages/airflow/example_dags/example_trigger_target_dag.py
[2025-06-13T14:50:51.646+0000] {processor.py:840} INFO - DAG(s) 'example_trigger_target_dag' retrieved from /home/airflow/.local/lib/python3.10/site-packages/airflow/example_dags/example_trigger_target_dag.py
[2025-06-13T14:50:51.659+0000] {logging_mixin.py:188} INFO - [2025-06-13T14:50:51.659+0000] {dag.py:3096} INFO - Sync 1 DAGs
[2025-06-13T14:50:51.666+0000] {logging_mixin.py:188} INFO - [2025-06-13T14:50:51.666+0000] {dag.py:3954} INFO - Setting next_dagrun for example_trigger_target_dag to None, run_after=None
[2025-06-13T14:50:51.677+0000] {processor.py:183} INFO - Processing /home/airflow/.local/lib/python3.10/site-packages/airflow/example_dags/example_trigger_target_dag.py took 0.046 seconds
[2025-06-13T14:51:22.442+0000] {processor.py:161} INFO - Started process (PID=869) to work on /home/airflow/.local/lib/python3.10/site-packages/airflow/example_dags/example_trigger_target_dag.py
[2025-06-13T14:51:22.443+0000] {processor.py:830} INFO - Processing file /home/airflow/.local/lib/python3.10/site-packages/airflow/example_dags/example_trigger_target_dag.py for tasks to queue
[2025-06-13T14:51:22.444+0000] {logging_mixin.py:188} INFO - [2025-06-13T14:51:22.444+0000] {dagbag.py:540} INFO - Filling up the DagBag from /home/airflow/.local/lib/python3.10/site-packages/airflow/example_dags/example_trigger_target_dag.py
[2025-06-13T14:51:22.448+0000] {processor.py:840} INFO - DAG(s) 'example_trigger_target_dag' retrieved from /home/airflow/.local/lib/python3.10/site-packages/airflow/example_dags/example_trigger_target_dag.py
[2025-06-13T14:51:22.462+0000] {logging_mixin.py:188} INFO - [2025-06-13T14:51:22.462+0000] {dag.py:3096} INFO - Sync 1 DAGs
[2025-06-13T14:51:22.470+0000] {logging_mixin.py:188} INFO - [2025-06-13T14:51:22.470+0000] {dag.py:3954} INFO - Setting next_dagrun for example_trigger_target_dag to None, run_after=None
[2025-06-13T14:51:22.481+0000] {processor.py:183} INFO - Processing /home/airflow/.local/lib/python3.10/site-packages/airflow/example_dags/example_trigger_target_dag.py took 0.043 seconds
[2025-06-13T14:51:53.236+0000] {processor.py:161} INFO - Started process (PID=929) to work on /home/airflow/.local/lib/python3.10/site-packages/airflow/example_dags/example_trigger_target_dag.py
[2025-06-13T14:51:53.240+0000] {processor.py:830} INFO - Processing file /home/airflow/.local/lib/python3.10/site-packages/airflow/example_dags/example_trigger_target_dag.py for tasks to queue
[2025-06-13T14:51:53.242+0000] {logging_mixin.py:188} INFO - [2025-06-13T14:51:53.242+0000] {dagbag.py:540} INFO - Filling up the DagBag from /home/airflow/.local/lib/python3.10/site-packages/airflow/example_dags/example_trigger_target_dag.py
[2025-06-13T14:51:53.247+0000] {processor.py:840} INFO - DAG(s) 'example_trigger_target_dag' retrieved from /home/airflow/.local/lib/python3.10/site-packages/airflow/example_dags/example_trigger_target_dag.py
[2025-06-13T14:51:53.259+0000] {logging_mixin.py:188} INFO - [2025-06-13T14:51:53.258+0000] {dag.py:3096} INFO - Sync 1 DAGs
[2025-06-13T14:51:53.265+0000] {logging_mixin.py:188} INFO - [2025-06-13T14:51:53.265+0000] {dag.py:3954} INFO - Setting next_dagrun for example_trigger_target_dag to None, run_after=None
[2025-06-13T14:51:53.274+0000] {processor.py:183} INFO - Processing /home/airflow/.local/lib/python3.10/site-packages/airflow/example_dags/example_trigger_target_dag.py took 0.043 seconds
[2025-06-13T14:52:23.554+0000] {processor.py:161} INFO - Started process (PID=989) to work on /home/airflow/.local/lib/python3.10/site-packages/airflow/example_dags/example_trigger_target_dag.py
[2025-06-13T14:52:23.555+0000] {processor.py:830} INFO - Processing file /home/airflow/.local/lib/python3.10/site-packages/airflow/example_dags/example_trigger_target_dag.py for tasks to queue
[2025-06-13T14:52:23.562+0000] {logging_mixin.py:188} INFO - [2025-06-13T14:52:23.562+0000] {dagbag.py:540} INFO - Filling up the DagBag from /home/airflow/.local/lib/python3.10/site-packages/airflow/example_dags/example_trigger_target_dag.py
[2025-06-13T14:52:23.566+0000] {processor.py:840} INFO - DAG(s) 'example_trigger_target_dag' retrieved from /home/airflow/.local/lib/python3.10/site-packages/airflow/example_dags/example_trigger_target_dag.py
[2025-06-13T14:52:23.584+0000] {logging_mixin.py:188} INFO - [2025-06-13T14:52:23.584+0000] {dag.py:3096} INFO - Sync 1 DAGs
[2025-06-13T14:52:23.591+0000] {logging_mixin.py:188} INFO - [2025-06-13T14:52:23.591+0000] {dag.py:3954} INFO - Setting next_dagrun for example_trigger_target_dag to None, run_after=None
[2025-06-13T14:52:23.600+0000] {processor.py:183} INFO - Processing /home/airflow/.local/lib/python3.10/site-packages/airflow/example_dags/example_trigger_target_dag.py took 0.049 seconds
[2025-06-13T14:52:53.875+0000] {processor.py:161} INFO - Started process (PID=1049) to work on /home/airflow/.local/lib/python3.10/site-packages/airflow/example_dags/example_trigger_target_dag.py
[2025-06-13T14:52:53.876+0000] {processor.py:830} INFO - Processing file /home/airflow/.local/lib/python3.10/site-packages/airflow/example_dags/example_trigger_target_dag.py for tasks to queue
[2025-06-13T14:52:53.881+0000] {logging_mixin.py:188} INFO - [2025-06-13T14:52:53.881+0000] {dagbag.py:540} INFO - Filling up the DagBag from /home/airflow/.local/lib/python3.10/site-packages/airflow/example_dags/example_trigger_target_dag.py
[2025-06-13T14:52:53.889+0000] {processor.py:840} INFO - DAG(s) 'example_trigger_target_dag' retrieved from /home/airflow/.local/lib/python3.10/site-packages/airflow/example_dags/example_trigger_target_dag.py
[2025-06-13T14:52:53.905+0000] {logging_mixin.py:188} INFO - [2025-06-13T14:52:53.905+0000] {dag.py:3096} INFO - Sync 1 DAGs
[2025-06-13T14:52:53.914+0000] {logging_mixin.py:188} INFO - [2025-06-13T14:52:53.913+0000] {dag.py:3954} INFO - Setting next_dagrun for example_trigger_target_dag to None, run_after=None
[2025-06-13T14:52:53.929+0000] {processor.py:183} INFO - Processing /home/airflow/.local/lib/python3.10/site-packages/airflow/example_dags/example_trigger_target_dag.py took 0.058 seconds
[2025-06-13T14:53:24.273+0000] {processor.py:161} INFO - Started process (PID=1109) to work on /home/airflow/.local/lib/python3.10/site-packages/airflow/example_dags/example_trigger_target_dag.py
[2025-06-13T14:53:24.276+0000] {processor.py:830} INFO - Processing file /home/airflow/.local/lib/python3.10/site-packages/airflow/example_dags/example_trigger_target_dag.py for tasks to queue
[2025-06-13T14:53:24.278+0000] {logging_mixin.py:188} INFO - [2025-06-13T14:53:24.278+0000] {dagbag.py:540} INFO - Filling up the DagBag from /home/airflow/.local/lib/python3.10/site-packages/airflow/example_dags/example_trigger_target_dag.py
[2025-06-13T14:53:24.283+0000] {processor.py:840} INFO - DAG(s) 'example_trigger_target_dag' retrieved from /home/airflow/.local/lib/python3.10/site-packages/airflow/example_dags/example_trigger_target_dag.py
[2025-06-13T14:53:24.304+0000] {logging_mixin.py:188} INFO - [2025-06-13T14:53:24.303+0000] {dag.py:3096} INFO - Sync 1 DAGs
[2025-06-13T14:53:24.312+0000] {logging_mixin.py:188} INFO - [2025-06-13T14:53:24.312+0000] {dag.py:3954} INFO - Setting next_dagrun for example_trigger_target_dag to None, run_after=None
[2025-06-13T14:53:24.326+0000] {processor.py:183} INFO - Processing /home/airflow/.local/lib/python3.10/site-packages/airflow/example_dags/example_trigger_target_dag.py took 0.058 seconds
[2025-06-13T14:53:55.022+0000] {processor.py:161} INFO - Started process (PID=1169) to work on /home/airflow/.local/lib/python3.10/site-packages/airflow/example_dags/example_trigger_target_dag.py
[2025-06-13T14:53:55.023+0000] {processor.py:830} INFO - Processing file /home/airflow/.local/lib/python3.10/site-packages/airflow/example_dags/example_trigger_target_dag.py for tasks to queue
[2025-06-13T14:53:55.024+0000] {logging_mixin.py:188} INFO - [2025-06-13T14:53:55.024+0000] {dagbag.py:540} INFO - Filling up the DagBag from /home/airflow/.local/lib/python3.10/site-packages/airflow/example_dags/example_trigger_target_dag.py
[2025-06-13T14:53:55.031+0000] {processor.py:840} INFO - DAG(s) 'example_trigger_target_dag' retrieved from /home/airflow/.local/lib/python3.10/site-packages/airflow/example_dags/example_trigger_target_dag.py
[2025-06-13T14:53:55.051+0000] {logging_mixin.py:188} INFO - [2025-06-13T14:53:55.050+0000] {dag.py:3096} INFO - Sync 1 DAGs
[2025-06-13T14:53:55.063+0000] {logging_mixin.py:188} INFO - [2025-06-13T14:53:55.063+0000] {dag.py:3954} INFO - Setting next_dagrun for example_trigger_target_dag to None, run_after=None
[2025-06-13T14:53:55.083+0000] {processor.py:183} INFO - Processing /home/airflow/.local/lib/python3.10/site-packages/airflow/example_dags/example_trigger_target_dag.py took 0.065 seconds
[2025-06-13T14:54:25.708+0000] {processor.py:161} INFO - Started process (PID=1229) to work on /home/airflow/.local/lib/python3.10/site-packages/airflow/example_dags/example_trigger_target_dag.py
[2025-06-13T14:54:25.711+0000] {processor.py:830} INFO - Processing file /home/airflow/.local/lib/python3.10/site-packages/airflow/example_dags/example_trigger_target_dag.py for tasks to queue
[2025-06-13T14:54:25.715+0000] {logging_mixin.py:188} INFO - [2025-06-13T14:54:25.715+0000] {dagbag.py:540} INFO - Filling up the DagBag from /home/airflow/.local/lib/python3.10/site-packages/airflow/example_dags/example_trigger_target_dag.py
[2025-06-13T14:54:25.718+0000] {processor.py:840} INFO - DAG(s) 'example_trigger_target_dag' retrieved from /home/airflow/.local/lib/python3.10/site-packages/airflow/example_dags/example_trigger_target_dag.py
[2025-06-13T14:54:25.729+0000] {logging_mixin.py:188} INFO - [2025-06-13T14:54:25.728+0000] {dag.py:3096} INFO - Sync 1 DAGs
[2025-06-13T14:54:25.736+0000] {logging_mixin.py:188} INFO - [2025-06-13T14:54:25.736+0000] {dag.py:3954} INFO - Setting next_dagrun for example_trigger_target_dag to None, run_after=None
[2025-06-13T14:54:25.746+0000] {processor.py:183} INFO - Processing /home/airflow/.local/lib/python3.10/site-packages/airflow/example_dags/example_trigger_target_dag.py took 0.042 seconds
[2025-06-13T14:54:55.849+0000] {processor.py:161} INFO - Started process (PID=1289) to work on /home/airflow/.local/lib/python3.10/site-packages/airflow/example_dags/example_trigger_target_dag.py
[2025-06-13T14:54:55.850+0000] {processor.py:830} INFO - Processing file /home/airflow/.local/lib/python3.10/site-packages/airflow/example_dags/example_trigger_target_dag.py for tasks to queue
[2025-06-13T14:54:55.851+0000] {logging_mixin.py:188} INFO - [2025-06-13T14:54:55.851+0000] {dagbag.py:540} INFO - Filling up the DagBag from /home/airflow/.local/lib/python3.10/site-packages/airflow/example_dags/example_trigger_target_dag.py
[2025-06-13T14:54:55.855+0000] {processor.py:840} INFO - DAG(s) 'example_trigger_target_dag' retrieved from /home/airflow/.local/lib/python3.10/site-packages/airflow/example_dags/example_trigger_target_dag.py
[2025-06-13T14:54:55.869+0000] {logging_mixin.py:188} INFO - [2025-06-13T14:54:55.869+0000] {dag.py:3096} INFO - Sync 1 DAGs
[2025-06-13T14:54:55.875+0000] {logging_mixin.py:188} INFO - [2025-06-13T14:54:55.875+0000] {dag.py:3954} INFO - Setting next_dagrun for example_trigger_target_dag to None, run_after=None
[2025-06-13T14:54:55.884+0000] {processor.py:183} INFO - Processing /home/airflow/.local/lib/python3.10/site-packages/airflow/example_dags/example_trigger_target_dag.py took 0.039 seconds
[2025-06-13T14:55:26.454+0000] {processor.py:161} INFO - Started process (PID=1349) to work on /home/airflow/.local/lib/python3.10/site-packages/airflow/example_dags/example_trigger_target_dag.py
[2025-06-13T14:55:26.455+0000] {processor.py:830} INFO - Processing file /home/airflow/.local/lib/python3.10/site-packages/airflow/example_dags/example_trigger_target_dag.py for tasks to queue
[2025-06-13T14:55:26.456+0000] {logging_mixin.py:188} INFO - [2025-06-13T14:55:26.456+0000] {dagbag.py:540} INFO - Filling up the DagBag from /home/airflow/.local/lib/python3.10/site-packages/airflow/example_dags/example_trigger_target_dag.py
[2025-06-13T14:55:26.460+0000] {processor.py:840} INFO - DAG(s) 'example_trigger_target_dag' retrieved from /home/airflow/.local/lib/python3.10/site-packages/airflow/example_dags/example_trigger_target_dag.py
[2025-06-13T14:55:26.480+0000] {logging_mixin.py:188} INFO - [2025-06-13T14:55:26.479+0000] {dag.py:3096} INFO - Sync 1 DAGs
[2025-06-13T14:55:26.487+0000] {logging_mixin.py:188} INFO - [2025-06-13T14:55:26.487+0000] {dag.py:3954} INFO - Setting next_dagrun for example_trigger_target_dag to None, run_after=None
[2025-06-13T14:55:26.500+0000] {processor.py:183} INFO - Processing /home/airflow/.local/lib/python3.10/site-packages/airflow/example_dags/example_trigger_target_dag.py took 0.051 seconds
[2025-06-13T14:55:56.583+0000] {processor.py:161} INFO - Started process (PID=1409) to work on /home/airflow/.local/lib/python3.10/site-packages/airflow/example_dags/example_trigger_target_dag.py
[2025-06-13T14:55:56.584+0000] {processor.py:830} INFO - Processing file /home/airflow/.local/lib/python3.10/site-packages/airflow/example_dags/example_trigger_target_dag.py for tasks to queue
[2025-06-13T14:55:56.585+0000] {logging_mixin.py:188} INFO - [2025-06-13T14:55:56.585+0000] {dagbag.py:540} INFO - Filling up the DagBag from /home/airflow/.local/lib/python3.10/site-packages/airflow/example_dags/example_trigger_target_dag.py
[2025-06-13T14:55:56.592+0000] {processor.py:840} INFO - DAG(s) 'example_trigger_target_dag' retrieved from /home/airflow/.local/lib/python3.10/site-packages/airflow/example_dags/example_trigger_target_dag.py
[2025-06-13T14:55:56.611+0000] {logging_mixin.py:188} INFO - [2025-06-13T14:55:56.611+0000] {dag.py:3096} INFO - Sync 1 DAGs
[2025-06-13T14:55:56.624+0000] {logging_mixin.py:188} INFO - [2025-06-13T14:55:56.624+0000] {dag.py:3954} INFO - Setting next_dagrun for example_trigger_target_dag to None, run_after=None
[2025-06-13T14:55:56.645+0000] {processor.py:183} INFO - Processing /home/airflow/.local/lib/python3.10/site-packages/airflow/example_dags/example_trigger_target_dag.py took 0.067 seconds
[2025-06-13T14:56:26.881+0000] {processor.py:161} INFO - Started process (PID=1468) to work on /home/airflow/.local/lib/python3.10/site-packages/airflow/example_dags/example_trigger_target_dag.py
[2025-06-13T14:56:26.882+0000] {processor.py:830} INFO - Processing file /home/airflow/.local/lib/python3.10/site-packages/airflow/example_dags/example_trigger_target_dag.py for tasks to queue
[2025-06-13T14:56:26.883+0000] {logging_mixin.py:188} INFO - [2025-06-13T14:56:26.883+0000] {dagbag.py:540} INFO - Filling up the DagBag from /home/airflow/.local/lib/python3.10/site-packages/airflow/example_dags/example_trigger_target_dag.py
[2025-06-13T14:56:26.887+0000] {processor.py:840} INFO - DAG(s) 'example_trigger_target_dag' retrieved from /home/airflow/.local/lib/python3.10/site-packages/airflow/example_dags/example_trigger_target_dag.py
[2025-06-13T14:56:26.897+0000] {logging_mixin.py:188} INFO - [2025-06-13T14:56:26.897+0000] {dag.py:3096} INFO - Sync 1 DAGs
[2025-06-13T14:56:26.904+0000] {logging_mixin.py:188} INFO - [2025-06-13T14:56:26.904+0000] {dag.py:3954} INFO - Setting next_dagrun for example_trigger_target_dag to None, run_after=None
[2025-06-13T14:56:26.918+0000] {processor.py:183} INFO - Processing /home/airflow/.local/lib/python3.10/site-packages/airflow/example_dags/example_trigger_target_dag.py took 0.041 seconds
[2025-06-13T14:56:57.078+0000] {processor.py:161} INFO - Started process (PID=1528) to work on /home/airflow/.local/lib/python3.10/site-packages/airflow/example_dags/example_trigger_target_dag.py
[2025-06-13T14:56:57.079+0000] {processor.py:830} INFO - Processing file /home/airflow/.local/lib/python3.10/site-packages/airflow/example_dags/example_trigger_target_dag.py for tasks to queue
[2025-06-13T14:56:57.081+0000] {logging_mixin.py:188} INFO - [2025-06-13T14:56:57.080+0000] {dagbag.py:540} INFO - Filling up the DagBag from /home/airflow/.local/lib/python3.10/site-packages/airflow/example_dags/example_trigger_target_dag.py
[2025-06-13T14:56:57.085+0000] {processor.py:840} INFO - DAG(s) 'example_trigger_target_dag' retrieved from /home/airflow/.local/lib/python3.10/site-packages/airflow/example_dags/example_trigger_target_dag.py
[2025-06-13T14:56:57.097+0000] {logging_mixin.py:188} INFO - [2025-06-13T14:56:57.097+0000] {dag.py:3096} INFO - Sync 1 DAGs
[2025-06-13T14:56:57.105+0000] {logging_mixin.py:188} INFO - [2025-06-13T14:56:57.104+0000] {dag.py:3954} INFO - Setting next_dagrun for example_trigger_target_dag to None, run_after=None
[2025-06-13T14:56:57.112+0000] {processor.py:183} INFO - Processing /home/airflow/.local/lib/python3.10/site-packages/airflow/example_dags/example_trigger_target_dag.py took 0.038 seconds
[2025-06-13T14:57:28.331+0000] {processor.py:161} INFO - Started process (PID=1589) to work on /home/airflow/.local/lib/python3.10/site-packages/airflow/example_dags/example_trigger_target_dag.py
[2025-06-13T14:57:28.332+0000] {processor.py:830} INFO - Processing file /home/airflow/.local/lib/python3.10/site-packages/airflow/example_dags/example_trigger_target_dag.py for tasks to queue
[2025-06-13T14:57:28.334+0000] {logging_mixin.py:188} INFO - [2025-06-13T14:57:28.334+0000] {dagbag.py:540} INFO - Filling up the DagBag from /home/airflow/.local/lib/python3.10/site-packages/airflow/example_dags/example_trigger_target_dag.py
[2025-06-13T14:57:28.339+0000] {processor.py:840} INFO - DAG(s) 'example_trigger_target_dag' retrieved from /home/airflow/.local/lib/python3.10/site-packages/airflow/example_dags/example_trigger_target_dag.py
[2025-06-13T14:57:28.363+0000] {logging_mixin.py:188} INFO - [2025-06-13T14:57:28.363+0000] {dag.py:3096} INFO - Sync 1 DAGs
[2025-06-13T14:57:28.370+0000] {logging_mixin.py:188} INFO - [2025-06-13T14:57:28.370+0000] {dag.py:3954} INFO - Setting next_dagrun for example_trigger_target_dag to None, run_after=None
[2025-06-13T14:57:28.380+0000] {processor.py:183} INFO - Processing /home/airflow/.local/lib/python3.10/site-packages/airflow/example_dags/example_trigger_target_dag.py took 0.054 seconds
[2025-06-13T14:57:59.039+0000] {processor.py:161} INFO - Started process (PID=1649) to work on /home/airflow/.local/lib/python3.10/site-packages/airflow/example_dags/example_trigger_target_dag.py
[2025-06-13T14:57:59.041+0000] {processor.py:830} INFO - Processing file /home/airflow/.local/lib/python3.10/site-packages/airflow/example_dags/example_trigger_target_dag.py for tasks to queue
[2025-06-13T14:57:59.042+0000] {logging_mixin.py:188} INFO - [2025-06-13T14:57:59.042+0000] {dagbag.py:540} INFO - Filling up the DagBag from /home/airflow/.local/lib/python3.10/site-packages/airflow/example_dags/example_trigger_target_dag.py
[2025-06-13T14:57:59.053+0000] {processor.py:840} INFO - DAG(s) 'example_trigger_target_dag' retrieved from /home/airflow/.local/lib/python3.10/site-packages/airflow/example_dags/example_trigger_target_dag.py
[2025-06-13T14:57:59.069+0000] {logging_mixin.py:188} INFO - [2025-06-13T14:57:59.069+0000] {dag.py:3096} INFO - Sync 1 DAGs
[2025-06-13T14:57:59.090+0000] {logging_mixin.py:188} INFO - [2025-06-13T14:57:59.090+0000] {dag.py:3954} INFO - Setting next_dagrun for example_trigger_target_dag to None, run_after=None
[2025-06-13T14:57:59.104+0000] {processor.py:183} INFO - Processing /home/airflow/.local/lib/python3.10/site-packages/airflow/example_dags/example_trigger_target_dag.py took 0.070 seconds
[2025-06-13T14:58:30.175+0000] {processor.py:161} INFO - Started process (PID=1709) to work on /home/airflow/.local/lib/python3.10/site-packages/airflow/example_dags/example_trigger_target_dag.py
[2025-06-13T14:58:30.176+0000] {processor.py:830} INFO - Processing file /home/airflow/.local/lib/python3.10/site-packages/airflow/example_dags/example_trigger_target_dag.py for tasks to queue
[2025-06-13T14:58:30.178+0000] {logging_mixin.py:188} INFO - [2025-06-13T14:58:30.178+0000] {dagbag.py:540} INFO - Filling up the DagBag from /home/airflow/.local/lib/python3.10/site-packages/airflow/example_dags/example_trigger_target_dag.py
[2025-06-13T14:58:30.189+0000] {processor.py:840} INFO - DAG(s) 'example_trigger_target_dag' retrieved from /home/airflow/.local/lib/python3.10/site-packages/airflow/example_dags/example_trigger_target_dag.py
[2025-06-13T14:58:30.211+0000] {logging_mixin.py:188} INFO - [2025-06-13T14:58:30.211+0000] {dag.py:3096} INFO - Sync 1 DAGs
[2025-06-13T14:58:30.280+0000] {logging_mixin.py:188} INFO - [2025-06-13T14:58:30.280+0000] {dag.py:3954} INFO - Setting next_dagrun for example_trigger_target_dag to None, run_after=None
[2025-06-13T14:58:30.322+0000] {processor.py:183} INFO - Processing /home/airflow/.local/lib/python3.10/site-packages/airflow/example_dags/example_trigger_target_dag.py took 0.151 seconds
[2025-06-13T14:59:01.234+0000] {processor.py:161} INFO - Started process (PID=1769) to work on /home/airflow/.local/lib/python3.10/site-packages/airflow/example_dags/example_trigger_target_dag.py
[2025-06-13T14:59:01.235+0000] {processor.py:830} INFO - Processing file /home/airflow/.local/lib/python3.10/site-packages/airflow/example_dags/example_trigger_target_dag.py for tasks to queue
[2025-06-13T14:59:01.241+0000] {logging_mixin.py:188} INFO - [2025-06-13T14:59:01.240+0000] {dagbag.py:540} INFO - Filling up the DagBag from /home/airflow/.local/lib/python3.10/site-packages/airflow/example_dags/example_trigger_target_dag.py
[2025-06-13T14:59:01.247+0000] {processor.py:840} INFO - DAG(s) 'example_trigger_target_dag' retrieved from /home/airflow/.local/lib/python3.10/site-packages/airflow/example_dags/example_trigger_target_dag.py
[2025-06-13T14:59:01.267+0000] {logging_mixin.py:188} INFO - [2025-06-13T14:59:01.267+0000] {dag.py:3096} INFO - Sync 1 DAGs
[2025-06-13T14:59:01.276+0000] {logging_mixin.py:188} INFO - [2025-06-13T14:59:01.276+0000] {dag.py:3954} INFO - Setting next_dagrun for example_trigger_target_dag to None, run_after=None
[2025-06-13T14:59:01.290+0000] {processor.py:183} INFO - Processing /home/airflow/.local/lib/python3.10/site-packages/airflow/example_dags/example_trigger_target_dag.py took 0.061 seconds
[2025-06-13T14:59:31.520+0000] {processor.py:161} INFO - Started process (PID=1829) to work on /home/airflow/.local/lib/python3.10/site-packages/airflow/example_dags/example_trigger_target_dag.py
[2025-06-13T14:59:31.524+0000] {processor.py:830} INFO - Processing file /home/airflow/.local/lib/python3.10/site-packages/airflow/example_dags/example_trigger_target_dag.py for tasks to queue
[2025-06-13T14:59:31.528+0000] {logging_mixin.py:188} INFO - [2025-06-13T14:59:31.528+0000] {dagbag.py:540} INFO - Filling up the DagBag from /home/airflow/.local/lib/python3.10/site-packages/airflow/example_dags/example_trigger_target_dag.py
[2025-06-13T14:59:31.533+0000] {processor.py:840} INFO - DAG(s) 'example_trigger_target_dag' retrieved from /home/airflow/.local/lib/python3.10/site-packages/airflow/example_dags/example_trigger_target_dag.py
[2025-06-13T14:59:31.545+0000] {logging_mixin.py:188} INFO - [2025-06-13T14:59:31.545+0000] {dag.py:3096} INFO - Sync 1 DAGs
[2025-06-13T14:59:31.552+0000] {logging_mixin.py:188} INFO - [2025-06-13T14:59:31.552+0000] {dag.py:3954} INFO - Setting next_dagrun for example_trigger_target_dag to None, run_after=None
[2025-06-13T14:59:31.563+0000] {processor.py:183} INFO - Processing /home/airflow/.local/lib/python3.10/site-packages/airflow/example_dags/example_trigger_target_dag.py took 0.046 seconds
[2025-06-13T15:00:02.366+0000] {processor.py:161} INFO - Started process (PID=1889) to work on /home/airflow/.local/lib/python3.10/site-packages/airflow/example_dags/example_trigger_target_dag.py
[2025-06-13T15:00:02.367+0000] {processor.py:830} INFO - Processing file /home/airflow/.local/lib/python3.10/site-packages/airflow/example_dags/example_trigger_target_dag.py for tasks to queue
[2025-06-13T15:00:02.370+0000] {logging_mixin.py:188} INFO - [2025-06-13T15:00:02.369+0000] {dagbag.py:540} INFO - Filling up the DagBag from /home/airflow/.local/lib/python3.10/site-packages/airflow/example_dags/example_trigger_target_dag.py
[2025-06-13T15:00:02.379+0000] {processor.py:840} INFO - DAG(s) 'example_trigger_target_dag' retrieved from /home/airflow/.local/lib/python3.10/site-packages/airflow/example_dags/example_trigger_target_dag.py
[2025-06-13T15:00:02.410+0000] {logging_mixin.py:188} INFO - [2025-06-13T15:00:02.410+0000] {dag.py:3096} INFO - Sync 1 DAGs
[2025-06-13T15:00:02.421+0000] {logging_mixin.py:188} INFO - [2025-06-13T15:00:02.420+0000] {dag.py:3954} INFO - Setting next_dagrun for example_trigger_target_dag to None, run_after=None
[2025-06-13T15:00:02.434+0000] {processor.py:183} INFO - Processing /home/airflow/.local/lib/python3.10/site-packages/airflow/example_dags/example_trigger_target_dag.py took 0.076 seconds
[2025-06-13T15:00:32.672+0000] {processor.py:161} INFO - Started process (PID=1948) to work on /home/airflow/.local/lib/python3.10/site-packages/airflow/example_dags/example_trigger_target_dag.py
[2025-06-13T15:00:32.674+0000] {processor.py:830} INFO - Processing file /home/airflow/.local/lib/python3.10/site-packages/airflow/example_dags/example_trigger_target_dag.py for tasks to queue
[2025-06-13T15:00:32.676+0000] {logging_mixin.py:188} INFO - [2025-06-13T15:00:32.675+0000] {dagbag.py:540} INFO - Filling up the DagBag from /home/airflow/.local/lib/python3.10/site-packages/airflow/example_dags/example_trigger_target_dag.py
[2025-06-13T15:00:32.682+0000] {processor.py:840} INFO - DAG(s) 'example_trigger_target_dag' retrieved from /home/airflow/.local/lib/python3.10/site-packages/airflow/example_dags/example_trigger_target_dag.py
[2025-06-13T15:00:32.702+0000] {logging_mixin.py:188} INFO - [2025-06-13T15:00:32.702+0000] {dag.py:3096} INFO - Sync 1 DAGs
[2025-06-13T15:00:32.719+0000] {logging_mixin.py:188} INFO - [2025-06-13T15:00:32.719+0000] {dag.py:3954} INFO - Setting next_dagrun for example_trigger_target_dag to None, run_after=None
[2025-06-13T15:00:32.737+0000] {processor.py:183} INFO - Processing /home/airflow/.local/lib/python3.10/site-packages/airflow/example_dags/example_trigger_target_dag.py took 0.074 seconds
[2025-06-13T15:01:03.489+0000] {processor.py:161} INFO - Started process (PID=2009) to work on /home/airflow/.local/lib/python3.10/site-packages/airflow/example_dags/example_trigger_target_dag.py
[2025-06-13T15:01:03.490+0000] {processor.py:830} INFO - Processing file /home/airflow/.local/lib/python3.10/site-packages/airflow/example_dags/example_trigger_target_dag.py for tasks to queue
[2025-06-13T15:01:03.495+0000] {logging_mixin.py:188} INFO - [2025-06-13T15:01:03.495+0000] {dagbag.py:540} INFO - Filling up the DagBag from /home/airflow/.local/lib/python3.10/site-packages/airflow/example_dags/example_trigger_target_dag.py
[2025-06-13T15:01:03.512+0000] {processor.py:840} INFO - DAG(s) 'example_trigger_target_dag' retrieved from /home/airflow/.local/lib/python3.10/site-packages/airflow/example_dags/example_trigger_target_dag.py
[2025-06-13T15:01:03.538+0000] {logging_mixin.py:188} INFO - [2025-06-13T15:01:03.538+0000] {dag.py:3096} INFO - Sync 1 DAGs
[2025-06-13T15:01:03.547+0000] {logging_mixin.py:188} INFO - [2025-06-13T15:01:03.547+0000] {dag.py:3954} INFO - Setting next_dagrun for example_trigger_target_dag to None, run_after=None
[2025-06-13T15:01:03.558+0000] {processor.py:183} INFO - Processing /home/airflow/.local/lib/python3.10/site-packages/airflow/example_dags/example_trigger_target_dag.py took 0.074 seconds
[2025-06-13T15:01:33.857+0000] {processor.py:161} INFO - Started process (PID=2069) to work on /home/airflow/.local/lib/python3.10/site-packages/airflow/example_dags/example_trigger_target_dag.py
[2025-06-13T15:01:33.859+0000] {processor.py:830} INFO - Processing file /home/airflow/.local/lib/python3.10/site-packages/airflow/example_dags/example_trigger_target_dag.py for tasks to queue
[2025-06-13T15:01:33.860+0000] {logging_mixin.py:188} INFO - [2025-06-13T15:01:33.860+0000] {dagbag.py:540} INFO - Filling up the DagBag from /home/airflow/.local/lib/python3.10/site-packages/airflow/example_dags/example_trigger_target_dag.py
[2025-06-13T15:01:33.864+0000] {processor.py:840} INFO - DAG(s) 'example_trigger_target_dag' retrieved from /home/airflow/.local/lib/python3.10/site-packages/airflow/example_dags/example_trigger_target_dag.py
[2025-06-13T15:01:33.876+0000] {logging_mixin.py:188} INFO - [2025-06-13T15:01:33.876+0000] {dag.py:3096} INFO - Sync 1 DAGs
[2025-06-13T15:01:33.883+0000] {logging_mixin.py:188} INFO - [2025-06-13T15:01:33.883+0000] {dag.py:3954} INFO - Setting next_dagrun for example_trigger_target_dag to None, run_after=None
[2025-06-13T15:01:33.896+0000] {processor.py:183} INFO - Processing /home/airflow/.local/lib/python3.10/site-packages/airflow/example_dags/example_trigger_target_dag.py took 0.043 seconds
[2025-06-13T15:02:04.132+0000] {processor.py:161} INFO - Started process (PID=2128) to work on /home/airflow/.local/lib/python3.10/site-packages/airflow/example_dags/example_trigger_target_dag.py
[2025-06-13T15:02:04.136+0000] {processor.py:830} INFO - Processing file /home/airflow/.local/lib/python3.10/site-packages/airflow/example_dags/example_trigger_target_dag.py for tasks to queue
[2025-06-13T15:02:04.139+0000] {logging_mixin.py:188} INFO - [2025-06-13T15:02:04.139+0000] {dagbag.py:540} INFO - Filling up the DagBag from /home/airflow/.local/lib/python3.10/site-packages/airflow/example_dags/example_trigger_target_dag.py
[2025-06-13T15:02:04.149+0000] {processor.py:840} INFO - DAG(s) 'example_trigger_target_dag' retrieved from /home/airflow/.local/lib/python3.10/site-packages/airflow/example_dags/example_trigger_target_dag.py
[2025-06-13T15:02:04.171+0000] {logging_mixin.py:188} INFO - [2025-06-13T15:02:04.170+0000] {dag.py:3096} INFO - Sync 1 DAGs
[2025-06-13T15:02:04.180+0000] {logging_mixin.py:188} INFO - [2025-06-13T15:02:04.179+0000] {dag.py:3954} INFO - Setting next_dagrun for example_trigger_target_dag to None, run_after=None
[2025-06-13T15:02:04.191+0000] {processor.py:183} INFO - Processing /home/airflow/.local/lib/python3.10/site-packages/airflow/example_dags/example_trigger_target_dag.py took 0.069 seconds
[2025-06-13T15:02:34.611+0000] {processor.py:161} INFO - Started process (PID=2188) to work on /home/airflow/.local/lib/python3.10/site-packages/airflow/example_dags/example_trigger_target_dag.py
[2025-06-13T15:02:34.615+0000] {processor.py:830} INFO - Processing file /home/airflow/.local/lib/python3.10/site-packages/airflow/example_dags/example_trigger_target_dag.py for tasks to queue
[2025-06-13T15:02:34.623+0000] {logging_mixin.py:188} INFO - [2025-06-13T15:02:34.623+0000] {dagbag.py:540} INFO - Filling up the DagBag from /home/airflow/.local/lib/python3.10/site-packages/airflow/example_dags/example_trigger_target_dag.py
[2025-06-13T15:02:34.633+0000] {processor.py:840} INFO - DAG(s) 'example_trigger_target_dag' retrieved from /home/airflow/.local/lib/python3.10/site-packages/airflow/example_dags/example_trigger_target_dag.py
[2025-06-13T15:02:34.671+0000] {logging_mixin.py:188} INFO - [2025-06-13T15:02:34.671+0000] {dag.py:3096} INFO - Sync 1 DAGs
[2025-06-13T15:02:34.684+0000] {logging_mixin.py:188} INFO - [2025-06-13T15:02:34.683+0000] {dag.py:3954} INFO - Setting next_dagrun for example_trigger_target_dag to None, run_after=None
[2025-06-13T15:02:34.702+0000] {processor.py:183} INFO - Processing /home/airflow/.local/lib/python3.10/site-packages/airflow/example_dags/example_trigger_target_dag.py took 0.147 seconds
[2025-06-13T15:03:05.303+0000] {processor.py:161} INFO - Started process (PID=2248) to work on /home/airflow/.local/lib/python3.10/site-packages/airflow/example_dags/example_trigger_target_dag.py
[2025-06-13T15:03:05.307+0000] {processor.py:830} INFO - Processing file /home/airflow/.local/lib/python3.10/site-packages/airflow/example_dags/example_trigger_target_dag.py for tasks to queue
[2025-06-13T15:03:05.315+0000] {logging_mixin.py:188} INFO - [2025-06-13T15:03:05.314+0000] {dagbag.py:540} INFO - Filling up the DagBag from /home/airflow/.local/lib/python3.10/site-packages/airflow/example_dags/example_trigger_target_dag.py
[2025-06-13T15:03:05.333+0000] {processor.py:840} INFO - DAG(s) 'example_trigger_target_dag' retrieved from /home/airflow/.local/lib/python3.10/site-packages/airflow/example_dags/example_trigger_target_dag.py
[2025-06-13T15:03:05.364+0000] {logging_mixin.py:188} INFO - [2025-06-13T15:03:05.364+0000] {dag.py:3096} INFO - Sync 1 DAGs
[2025-06-13T15:03:05.381+0000] {logging_mixin.py:188} INFO - [2025-06-13T15:03:05.380+0000] {dag.py:3954} INFO - Setting next_dagrun for example_trigger_target_dag to None, run_after=None
[2025-06-13T15:03:05.401+0000] {processor.py:183} INFO - Processing /home/airflow/.local/lib/python3.10/site-packages/airflow/example_dags/example_trigger_target_dag.py took 0.134 seconds
[2025-06-13T15:03:35.562+0000] {processor.py:161} INFO - Started process (PID=2308) to work on /home/airflow/.local/lib/python3.10/site-packages/airflow/example_dags/example_trigger_target_dag.py
[2025-06-13T15:03:35.565+0000] {processor.py:830} INFO - Processing file /home/airflow/.local/lib/python3.10/site-packages/airflow/example_dags/example_trigger_target_dag.py for tasks to queue
[2025-06-13T15:03:35.568+0000] {logging_mixin.py:188} INFO - [2025-06-13T15:03:35.568+0000] {dagbag.py:540} INFO - Filling up the DagBag from /home/airflow/.local/lib/python3.10/site-packages/airflow/example_dags/example_trigger_target_dag.py
[2025-06-13T15:03:35.574+0000] {processor.py:840} INFO - DAG(s) 'example_trigger_target_dag' retrieved from /home/airflow/.local/lib/python3.10/site-packages/airflow/example_dags/example_trigger_target_dag.py
[2025-06-13T15:03:35.592+0000] {logging_mixin.py:188} INFO - [2025-06-13T15:03:35.592+0000] {dag.py:3096} INFO - Sync 1 DAGs
[2025-06-13T15:03:35.601+0000] {logging_mixin.py:188} INFO - [2025-06-13T15:03:35.601+0000] {dag.py:3954} INFO - Setting next_dagrun for example_trigger_target_dag to None, run_after=None
[2025-06-13T15:03:35.618+0000] {processor.py:183} INFO - Processing /home/airflow/.local/lib/python3.10/site-packages/airflow/example_dags/example_trigger_target_dag.py took 0.063 seconds
[2025-06-13T15:04:05.890+0000] {processor.py:161} INFO - Started process (PID=2368) to work on /home/airflow/.local/lib/python3.10/site-packages/airflow/example_dags/example_trigger_target_dag.py
[2025-06-13T15:04:05.896+0000] {processor.py:830} INFO - Processing file /home/airflow/.local/lib/python3.10/site-packages/airflow/example_dags/example_trigger_target_dag.py for tasks to queue
[2025-06-13T15:04:05.898+0000] {logging_mixin.py:188} INFO - [2025-06-13T15:04:05.897+0000] {dagbag.py:540} INFO - Filling up the DagBag from /home/airflow/.local/lib/python3.10/site-packages/airflow/example_dags/example_trigger_target_dag.py
[2025-06-13T15:04:05.908+0000] {processor.py:840} INFO - DAG(s) 'example_trigger_target_dag' retrieved from /home/airflow/.local/lib/python3.10/site-packages/airflow/example_dags/example_trigger_target_dag.py
[2025-06-13T15:04:05.956+0000] {logging_mixin.py:188} INFO - [2025-06-13T15:04:05.956+0000] {dag.py:3096} INFO - Sync 1 DAGs
[2025-06-13T15:04:05.982+0000] {logging_mixin.py:188} INFO - [2025-06-13T15:04:05.982+0000] {dag.py:3954} INFO - Setting next_dagrun for example_trigger_target_dag to None, run_after=None
[2025-06-13T15:04:06.025+0000] {processor.py:183} INFO - Processing /home/airflow/.local/lib/python3.10/site-packages/airflow/example_dags/example_trigger_target_dag.py took 0.143 seconds
[2025-06-13T15:04:36.372+0000] {processor.py:161} INFO - Started process (PID=2428) to work on /home/airflow/.local/lib/python3.10/site-packages/airflow/example_dags/example_trigger_target_dag.py
[2025-06-13T15:04:36.374+0000] {processor.py:830} INFO - Processing file /home/airflow/.local/lib/python3.10/site-packages/airflow/example_dags/example_trigger_target_dag.py for tasks to queue
[2025-06-13T15:04:36.376+0000] {logging_mixin.py:188} INFO - [2025-06-13T15:04:36.376+0000] {dagbag.py:540} INFO - Filling up the DagBag from /home/airflow/.local/lib/python3.10/site-packages/airflow/example_dags/example_trigger_target_dag.py
[2025-06-13T15:04:36.384+0000] {processor.py:840} INFO - DAG(s) 'example_trigger_target_dag' retrieved from /home/airflow/.local/lib/python3.10/site-packages/airflow/example_dags/example_trigger_target_dag.py
[2025-06-13T15:04:36.408+0000] {logging_mixin.py:188} INFO - [2025-06-13T15:04:36.408+0000] {dag.py:3096} INFO - Sync 1 DAGs
[2025-06-13T15:04:36.421+0000] {logging_mixin.py:188} INFO - [2025-06-13T15:04:36.420+0000] {dag.py:3954} INFO - Setting next_dagrun for example_trigger_target_dag to None, run_after=None
[2025-06-13T15:04:36.575+0000] {processor.py:183} INFO - Processing /home/airflow/.local/lib/python3.10/site-packages/airflow/example_dags/example_trigger_target_dag.py took 0.213 seconds
[2025-06-13T15:05:07.303+0000] {processor.py:161} INFO - Started process (PID=2488) to work on /home/airflow/.local/lib/python3.10/site-packages/airflow/example_dags/example_trigger_target_dag.py
[2025-06-13T15:05:07.307+0000] {processor.py:830} INFO - Processing file /home/airflow/.local/lib/python3.10/site-packages/airflow/example_dags/example_trigger_target_dag.py for tasks to queue
[2025-06-13T15:05:07.309+0000] {logging_mixin.py:188} INFO - [2025-06-13T15:05:07.309+0000] {dagbag.py:540} INFO - Filling up the DagBag from /home/airflow/.local/lib/python3.10/site-packages/airflow/example_dags/example_trigger_target_dag.py
[2025-06-13T15:05:07.321+0000] {processor.py:840} INFO - DAG(s) 'example_trigger_target_dag' retrieved from /home/airflow/.local/lib/python3.10/site-packages/airflow/example_dags/example_trigger_target_dag.py
[2025-06-13T15:05:07.369+0000] {logging_mixin.py:188} INFO - [2025-06-13T15:05:07.369+0000] {dag.py:3096} INFO - Sync 1 DAGs
[2025-06-13T15:05:07.383+0000] {logging_mixin.py:188} INFO - [2025-06-13T15:05:07.383+0000] {dag.py:3954} INFO - Setting next_dagrun for example_trigger_target_dag to None, run_after=None
[2025-06-13T15:05:07.673+0000] {processor.py:183} INFO - Processing /home/airflow/.local/lib/python3.10/site-packages/airflow/example_dags/example_trigger_target_dag.py took 0.394 seconds
