[2025-06-13T14:33:24.915+0000] {processor.py:161} INFO - Started process (PID=66) to work on /home/airflow/.local/lib/python3.10/site-packages/airflow/example_dags/example_kubernetes_executor.py
[2025-06-13T14:33:24.916+0000] {processor.py:830} INFO - Processing file /home/airflow/.local/lib/python3.10/site-packages/airflow/example_dags/example_kubernetes_executor.py for tasks to queue
[2025-06-13T14:33:24.917+0000] {logging_mixin.py:188} INFO - [2025-06-13T14:33:24.917+0000] {dagbag.py:540} INFO - Filling up the DagBag from /home/airflow/.local/lib/python3.10/site-packages/airflow/example_dags/example_kubernetes_executor.py
[2025-06-13T14:33:24.931+0000] {processor.py:840} INFO - DAG(s) 'example_kubernetes_executor' retrieved from /home/airflow/.local/lib/python3.10/site-packages/airflow/example_dags/example_kubernetes_executor.py
[2025-06-13T14:33:24.939+0000] {logging_mixin.py:188} INFO - [2025-06-13T14:33:24.939+0000] {dag.py:3096} INFO - Sync 1 DAGs
[2025-06-13T14:33:24.952+0000] {logging_mixin.py:188} INFO - [2025-06-13T14:33:24.952+0000] {dag.py:3954} INFO - Setting next_dagrun for example_kubernetes_executor to None, run_after=None
[2025-06-13T14:33:24.976+0000] {processor.py:183} INFO - Processing /home/airflow/.local/lib/python3.10/site-packages/airflow/example_dags/example_kubernetes_executor.py took 0.067 seconds
[2025-06-13T14:33:55.043+0000] {processor.py:161} INFO - Started process (PID=123) to work on /home/airflow/.local/lib/python3.10/site-packages/airflow/example_dags/example_kubernetes_executor.py
[2025-06-13T14:33:55.045+0000] {processor.py:830} INFO - Processing file /home/airflow/.local/lib/python3.10/site-packages/airflow/example_dags/example_kubernetes_executor.py for tasks to queue
[2025-06-13T14:33:55.046+0000] {logging_mixin.py:188} INFO - [2025-06-13T14:33:55.045+0000] {dagbag.py:540} INFO - Filling up the DagBag from /home/airflow/.local/lib/python3.10/site-packages/airflow/example_dags/example_kubernetes_executor.py
[2025-06-13T14:33:55.055+0000] {processor.py:840} INFO - DAG(s) 'example_kubernetes_executor' retrieved from /home/airflow/.local/lib/python3.10/site-packages/airflow/example_dags/example_kubernetes_executor.py
[2025-06-13T14:33:55.116+0000] {logging_mixin.py:188} INFO - [2025-06-13T14:33:55.116+0000] {dag.py:3096} INFO - Sync 1 DAGs
[2025-06-13T14:33:55.121+0000] {logging_mixin.py:188} INFO - [2025-06-13T14:33:55.121+0000] {dag.py:3954} INFO - Setting next_dagrun for example_kubernetes_executor to None, run_after=None
[2025-06-13T14:33:55.134+0000] {processor.py:183} INFO - Processing /home/airflow/.local/lib/python3.10/site-packages/airflow/example_dags/example_kubernetes_executor.py took 0.095 seconds
[2025-06-13T14:34:25.611+0000] {processor.py:161} INFO - Started process (PID=181) to work on /home/airflow/.local/lib/python3.10/site-packages/airflow/example_dags/example_kubernetes_executor.py
[2025-06-13T14:34:25.613+0000] {processor.py:830} INFO - Processing file /home/airflow/.local/lib/python3.10/site-packages/airflow/example_dags/example_kubernetes_executor.py for tasks to queue
[2025-06-13T14:34:25.614+0000] {logging_mixin.py:188} INFO - [2025-06-13T14:34:25.613+0000] {dagbag.py:540} INFO - Filling up the DagBag from /home/airflow/.local/lib/python3.10/site-packages/airflow/example_dags/example_kubernetes_executor.py
[2025-06-13T14:34:25.624+0000] {processor.py:840} INFO - DAG(s) 'example_kubernetes_executor' retrieved from /home/airflow/.local/lib/python3.10/site-packages/airflow/example_dags/example_kubernetes_executor.py
[2025-06-13T14:34:25.647+0000] {logging_mixin.py:188} INFO - [2025-06-13T14:34:25.646+0000] {dag.py:3096} INFO - Sync 1 DAGs
[2025-06-13T14:34:25.657+0000] {logging_mixin.py:188} INFO - [2025-06-13T14:34:25.657+0000] {dag.py:3954} INFO - Setting next_dagrun for example_kubernetes_executor to None, run_after=None
[2025-06-13T14:34:25.675+0000] {processor.py:183} INFO - Processing /home/airflow/.local/lib/python3.10/site-packages/airflow/example_dags/example_kubernetes_executor.py took 0.067 seconds
[2025-06-13T14:34:56.001+0000] {processor.py:161} INFO - Started process (PID=239) to work on /home/airflow/.local/lib/python3.10/site-packages/airflow/example_dags/example_kubernetes_executor.py
[2025-06-13T14:34:56.002+0000] {processor.py:830} INFO - Processing file /home/airflow/.local/lib/python3.10/site-packages/airflow/example_dags/example_kubernetes_executor.py for tasks to queue
[2025-06-13T14:34:56.003+0000] {logging_mixin.py:188} INFO - [2025-06-13T14:34:56.003+0000] {dagbag.py:540} INFO - Filling up the DagBag from /home/airflow/.local/lib/python3.10/site-packages/airflow/example_dags/example_kubernetes_executor.py
[2025-06-13T14:34:56.012+0000] {processor.py:840} INFO - DAG(s) 'example_kubernetes_executor' retrieved from /home/airflow/.local/lib/python3.10/site-packages/airflow/example_dags/example_kubernetes_executor.py
[2025-06-13T14:34:56.036+0000] {logging_mixin.py:188} INFO - [2025-06-13T14:34:56.036+0000] {dag.py:3096} INFO - Sync 1 DAGs
[2025-06-13T14:34:56.043+0000] {logging_mixin.py:188} INFO - [2025-06-13T14:34:56.043+0000] {dag.py:3954} INFO - Setting next_dagrun for example_kubernetes_executor to None, run_after=None
[2025-06-13T14:34:56.053+0000] {processor.py:183} INFO - Processing /home/airflow/.local/lib/python3.10/site-packages/airflow/example_dags/example_kubernetes_executor.py took 0.056 seconds
[2025-06-13T14:35:26.668+0000] {processor.py:161} INFO - Started process (PID=297) to work on /home/airflow/.local/lib/python3.10/site-packages/airflow/example_dags/example_kubernetes_executor.py
[2025-06-13T14:35:26.669+0000] {processor.py:830} INFO - Processing file /home/airflow/.local/lib/python3.10/site-packages/airflow/example_dags/example_kubernetes_executor.py for tasks to queue
[2025-06-13T14:35:26.671+0000] {logging_mixin.py:188} INFO - [2025-06-13T14:35:26.670+0000] {dagbag.py:540} INFO - Filling up the DagBag from /home/airflow/.local/lib/python3.10/site-packages/airflow/example_dags/example_kubernetes_executor.py
[2025-06-13T14:35:26.680+0000] {processor.py:840} INFO - DAG(s) 'example_kubernetes_executor' retrieved from /home/airflow/.local/lib/python3.10/site-packages/airflow/example_dags/example_kubernetes_executor.py
[2025-06-13T14:35:26.707+0000] {logging_mixin.py:188} INFO - [2025-06-13T14:35:26.707+0000] {dag.py:3096} INFO - Sync 1 DAGs
[2025-06-13T14:35:26.714+0000] {logging_mixin.py:188} INFO - [2025-06-13T14:35:26.714+0000] {dag.py:3954} INFO - Setting next_dagrun for example_kubernetes_executor to None, run_after=None
[2025-06-13T14:35:26.723+0000] {processor.py:183} INFO - Processing /home/airflow/.local/lib/python3.10/site-packages/airflow/example_dags/example_kubernetes_executor.py took 0.059 seconds
[2025-06-13T14:35:58.154+0000] {processor.py:161} INFO - Started process (PID=361) to work on /home/airflow/.local/lib/python3.10/site-packages/airflow/example_dags/example_kubernetes_executor.py
[2025-06-13T14:35:58.155+0000] {processor.py:830} INFO - Processing file /home/airflow/.local/lib/python3.10/site-packages/airflow/example_dags/example_kubernetes_executor.py for tasks to queue
[2025-06-13T14:35:58.156+0000] {logging_mixin.py:188} INFO - [2025-06-13T14:35:58.156+0000] {dagbag.py:540} INFO - Filling up the DagBag from /home/airflow/.local/lib/python3.10/site-packages/airflow/example_dags/example_kubernetes_executor.py
[2025-06-13T14:35:58.164+0000] {processor.py:840} INFO - DAG(s) 'example_kubernetes_executor' retrieved from /home/airflow/.local/lib/python3.10/site-packages/airflow/example_dags/example_kubernetes_executor.py
[2025-06-13T14:35:58.190+0000] {logging_mixin.py:188} INFO - [2025-06-13T14:35:58.190+0000] {dag.py:3096} INFO - Sync 1 DAGs
[2025-06-13T14:35:58.197+0000] {logging_mixin.py:188} INFO - [2025-06-13T14:35:58.197+0000] {dag.py:3954} INFO - Setting next_dagrun for example_kubernetes_executor to None, run_after=None
[2025-06-13T14:35:58.206+0000] {processor.py:183} INFO - Processing /home/airflow/.local/lib/python3.10/site-packages/airflow/example_dags/example_kubernetes_executor.py took 0.055 seconds
[2025-06-13T14:36:28.894+0000] {processor.py:161} INFO - Started process (PID=419) to work on /home/airflow/.local/lib/python3.10/site-packages/airflow/example_dags/example_kubernetes_executor.py
[2025-06-13T14:36:28.895+0000] {processor.py:830} INFO - Processing file /home/airflow/.local/lib/python3.10/site-packages/airflow/example_dags/example_kubernetes_executor.py for tasks to queue
[2025-06-13T14:36:28.896+0000] {logging_mixin.py:188} INFO - [2025-06-13T14:36:28.896+0000] {dagbag.py:540} INFO - Filling up the DagBag from /home/airflow/.local/lib/python3.10/site-packages/airflow/example_dags/example_kubernetes_executor.py
[2025-06-13T14:36:28.905+0000] {processor.py:840} INFO - DAG(s) 'example_kubernetes_executor' retrieved from /home/airflow/.local/lib/python3.10/site-packages/airflow/example_dags/example_kubernetes_executor.py
[2025-06-13T14:36:28.928+0000] {logging_mixin.py:188} INFO - [2025-06-13T14:36:28.928+0000] {dag.py:3096} INFO - Sync 1 DAGs
[2025-06-13T14:36:28.935+0000] {logging_mixin.py:188} INFO - [2025-06-13T14:36:28.935+0000] {dag.py:3954} INFO - Setting next_dagrun for example_kubernetes_executor to None, run_after=None
[2025-06-13T14:36:28.943+0000] {processor.py:183} INFO - Processing /home/airflow/.local/lib/python3.10/site-packages/airflow/example_dags/example_kubernetes_executor.py took 0.053 seconds
[2025-06-13T14:36:59.215+0000] {processor.py:161} INFO - Started process (PID=477) to work on /home/airflow/.local/lib/python3.10/site-packages/airflow/example_dags/example_kubernetes_executor.py
[2025-06-13T14:36:59.217+0000] {processor.py:830} INFO - Processing file /home/airflow/.local/lib/python3.10/site-packages/airflow/example_dags/example_kubernetes_executor.py for tasks to queue
[2025-06-13T14:36:59.219+0000] {logging_mixin.py:188} INFO - [2025-06-13T14:36:59.218+0000] {dagbag.py:540} INFO - Filling up the DagBag from /home/airflow/.local/lib/python3.10/site-packages/airflow/example_dags/example_kubernetes_executor.py
[2025-06-13T14:36:59.226+0000] {processor.py:840} INFO - DAG(s) 'example_kubernetes_executor' retrieved from /home/airflow/.local/lib/python3.10/site-packages/airflow/example_dags/example_kubernetes_executor.py
[2025-06-13T14:36:59.249+0000] {logging_mixin.py:188} INFO - [2025-06-13T14:36:59.248+0000] {dag.py:3096} INFO - Sync 1 DAGs
[2025-06-13T14:36:59.255+0000] {logging_mixin.py:188} INFO - [2025-06-13T14:36:59.255+0000] {dag.py:3954} INFO - Setting next_dagrun for example_kubernetes_executor to None, run_after=None
[2025-06-13T14:36:59.264+0000] {processor.py:183} INFO - Processing /home/airflow/.local/lib/python3.10/site-packages/airflow/example_dags/example_kubernetes_executor.py took 0.053 seconds
[2025-06-13T14:37:30.089+0000] {processor.py:161} INFO - Started process (PID=535) to work on /home/airflow/.local/lib/python3.10/site-packages/airflow/example_dags/example_kubernetes_executor.py
[2025-06-13T14:37:30.089+0000] {processor.py:830} INFO - Processing file /home/airflow/.local/lib/python3.10/site-packages/airflow/example_dags/example_kubernetes_executor.py for tasks to queue
[2025-06-13T14:37:30.090+0000] {logging_mixin.py:188} INFO - [2025-06-13T14:37:30.090+0000] {dagbag.py:540} INFO - Filling up the DagBag from /home/airflow/.local/lib/python3.10/site-packages/airflow/example_dags/example_kubernetes_executor.py
[2025-06-13T14:37:30.101+0000] {processor.py:840} INFO - DAG(s) 'example_kubernetes_executor' retrieved from /home/airflow/.local/lib/python3.10/site-packages/airflow/example_dags/example_kubernetes_executor.py
[2025-06-13T14:37:30.138+0000] {logging_mixin.py:188} INFO - [2025-06-13T14:37:30.137+0000] {dag.py:3096} INFO - Sync 1 DAGs
[2025-06-13T14:37:30.147+0000] {logging_mixin.py:188} INFO - [2025-06-13T14:37:30.147+0000] {dag.py:3954} INFO - Setting next_dagrun for example_kubernetes_executor to None, run_after=None
[2025-06-13T14:37:30.161+0000] {processor.py:183} INFO - Processing /home/airflow/.local/lib/python3.10/site-packages/airflow/example_dags/example_kubernetes_executor.py took 0.077 seconds
[2025-06-13T14:38:00.271+0000] {processor.py:161} INFO - Started process (PID=593) to work on /home/airflow/.local/lib/python3.10/site-packages/airflow/example_dags/example_kubernetes_executor.py
[2025-06-13T14:38:00.275+0000] {processor.py:830} INFO - Processing file /home/airflow/.local/lib/python3.10/site-packages/airflow/example_dags/example_kubernetes_executor.py for tasks to queue
[2025-06-13T14:38:00.276+0000] {logging_mixin.py:188} INFO - [2025-06-13T14:38:00.276+0000] {dagbag.py:540} INFO - Filling up the DagBag from /home/airflow/.local/lib/python3.10/site-packages/airflow/example_dags/example_kubernetes_executor.py
[2025-06-13T14:38:00.286+0000] {processor.py:840} INFO - DAG(s) 'example_kubernetes_executor' retrieved from /home/airflow/.local/lib/python3.10/site-packages/airflow/example_dags/example_kubernetes_executor.py
[2025-06-13T14:38:00.312+0000] {logging_mixin.py:188} INFO - [2025-06-13T14:38:00.311+0000] {dag.py:3096} INFO - Sync 1 DAGs
[2025-06-13T14:38:00.318+0000] {logging_mixin.py:188} INFO - [2025-06-13T14:38:00.318+0000] {dag.py:3954} INFO - Setting next_dagrun for example_kubernetes_executor to None, run_after=None
[2025-06-13T14:38:00.332+0000] {processor.py:183} INFO - Processing /home/airflow/.local/lib/python3.10/site-packages/airflow/example_dags/example_kubernetes_executor.py took 0.065 seconds
[2025-06-13T14:38:30.993+0000] {processor.py:161} INFO - Started process (PID=653) to work on /home/airflow/.local/lib/python3.10/site-packages/airflow/example_dags/example_kubernetes_executor.py
[2025-06-13T14:38:30.994+0000] {processor.py:830} INFO - Processing file /home/airflow/.local/lib/python3.10/site-packages/airflow/example_dags/example_kubernetes_executor.py for tasks to queue
[2025-06-13T14:38:30.996+0000] {logging_mixin.py:188} INFO - [2025-06-13T14:38:30.996+0000] {dagbag.py:540} INFO - Filling up the DagBag from /home/airflow/.local/lib/python3.10/site-packages/airflow/example_dags/example_kubernetes_executor.py
[2025-06-13T14:38:31.010+0000] {processor.py:840} INFO - DAG(s) 'example_kubernetes_executor' retrieved from /home/airflow/.local/lib/python3.10/site-packages/airflow/example_dags/example_kubernetes_executor.py
[2025-06-13T14:38:31.036+0000] {logging_mixin.py:188} INFO - [2025-06-13T14:38:31.036+0000] {dag.py:3096} INFO - Sync 1 DAGs
[2025-06-13T14:38:31.043+0000] {logging_mixin.py:188} INFO - [2025-06-13T14:38:31.043+0000] {dag.py:3954} INFO - Setting next_dagrun for example_kubernetes_executor to None, run_after=None
[2025-06-13T14:38:31.065+0000] {processor.py:183} INFO - Processing /home/airflow/.local/lib/python3.10/site-packages/airflow/example_dags/example_kubernetes_executor.py took 0.079 seconds
[2025-06-13T14:39:01.775+0000] {processor.py:161} INFO - Started process (PID=713) to work on /home/airflow/.local/lib/python3.10/site-packages/airflow/example_dags/example_kubernetes_executor.py
[2025-06-13T14:39:01.776+0000] {processor.py:830} INFO - Processing file /home/airflow/.local/lib/python3.10/site-packages/airflow/example_dags/example_kubernetes_executor.py for tasks to queue
[2025-06-13T14:39:01.777+0000] {logging_mixin.py:188} INFO - [2025-06-13T14:39:01.777+0000] {dagbag.py:540} INFO - Filling up the DagBag from /home/airflow/.local/lib/python3.10/site-packages/airflow/example_dags/example_kubernetes_executor.py
[2025-06-13T14:39:01.788+0000] {processor.py:840} INFO - DAG(s) 'example_kubernetes_executor' retrieved from /home/airflow/.local/lib/python3.10/site-packages/airflow/example_dags/example_kubernetes_executor.py
[2025-06-13T14:39:01.822+0000] {logging_mixin.py:188} INFO - [2025-06-13T14:39:01.822+0000] {dag.py:3096} INFO - Sync 1 DAGs
[2025-06-13T14:39:01.829+0000] {logging_mixin.py:188} INFO - [2025-06-13T14:39:01.829+0000] {dag.py:3954} INFO - Setting next_dagrun for example_kubernetes_executor to None, run_after=None
[2025-06-13T14:39:01.839+0000] {processor.py:183} INFO - Processing /home/airflow/.local/lib/python3.10/site-packages/airflow/example_dags/example_kubernetes_executor.py took 0.067 seconds
[2025-06-13T14:39:32.728+0000] {processor.py:161} INFO - Started process (PID=773) to work on /home/airflow/.local/lib/python3.10/site-packages/airflow/example_dags/example_kubernetes_executor.py
[2025-06-13T14:39:32.731+0000] {processor.py:830} INFO - Processing file /home/airflow/.local/lib/python3.10/site-packages/airflow/example_dags/example_kubernetes_executor.py for tasks to queue
[2025-06-13T14:39:32.733+0000] {logging_mixin.py:188} INFO - [2025-06-13T14:39:32.733+0000] {dagbag.py:540} INFO - Filling up the DagBag from /home/airflow/.local/lib/python3.10/site-packages/airflow/example_dags/example_kubernetes_executor.py
[2025-06-13T14:39:32.746+0000] {processor.py:840} INFO - DAG(s) 'example_kubernetes_executor' retrieved from /home/airflow/.local/lib/python3.10/site-packages/airflow/example_dags/example_kubernetes_executor.py
[2025-06-13T14:39:32.786+0000] {logging_mixin.py:188} INFO - [2025-06-13T14:39:32.786+0000] {dag.py:3096} INFO - Sync 1 DAGs
[2025-06-13T14:39:32.795+0000] {logging_mixin.py:188} INFO - [2025-06-13T14:39:32.795+0000] {dag.py:3954} INFO - Setting next_dagrun for example_kubernetes_executor to None, run_after=None
[2025-06-13T14:39:32.815+0000] {processor.py:183} INFO - Processing /home/airflow/.local/lib/python3.10/site-packages/airflow/example_dags/example_kubernetes_executor.py took 0.096 seconds
[2025-06-13T14:40:03.221+0000] {processor.py:161} INFO - Started process (PID=833) to work on /home/airflow/.local/lib/python3.10/site-packages/airflow/example_dags/example_kubernetes_executor.py
[2025-06-13T14:40:03.222+0000] {processor.py:830} INFO - Processing file /home/airflow/.local/lib/python3.10/site-packages/airflow/example_dags/example_kubernetes_executor.py for tasks to queue
[2025-06-13T14:40:03.224+0000] {logging_mixin.py:188} INFO - [2025-06-13T14:40:03.223+0000] {dagbag.py:540} INFO - Filling up the DagBag from /home/airflow/.local/lib/python3.10/site-packages/airflow/example_dags/example_kubernetes_executor.py
[2025-06-13T14:40:03.234+0000] {processor.py:840} INFO - DAG(s) 'example_kubernetes_executor' retrieved from /home/airflow/.local/lib/python3.10/site-packages/airflow/example_dags/example_kubernetes_executor.py
[2025-06-13T14:40:03.262+0000] {logging_mixin.py:188} INFO - [2025-06-13T14:40:03.262+0000] {dag.py:3096} INFO - Sync 1 DAGs
[2025-06-13T14:40:03.269+0000] {logging_mixin.py:188} INFO - [2025-06-13T14:40:03.269+0000] {dag.py:3954} INFO - Setting next_dagrun for example_kubernetes_executor to None, run_after=None
[2025-06-13T14:40:03.283+0000] {processor.py:183} INFO - Processing /home/airflow/.local/lib/python3.10/site-packages/airflow/example_dags/example_kubernetes_executor.py took 0.065 seconds
[2025-06-13T14:40:34.274+0000] {processor.py:161} INFO - Started process (PID=893) to work on /home/airflow/.local/lib/python3.10/site-packages/airflow/example_dags/example_kubernetes_executor.py
[2025-06-13T14:40:34.274+0000] {processor.py:830} INFO - Processing file /home/airflow/.local/lib/python3.10/site-packages/airflow/example_dags/example_kubernetes_executor.py for tasks to queue
[2025-06-13T14:40:34.275+0000] {logging_mixin.py:188} INFO - [2025-06-13T14:40:34.275+0000] {dagbag.py:540} INFO - Filling up the DagBag from /home/airflow/.local/lib/python3.10/site-packages/airflow/example_dags/example_kubernetes_executor.py
[2025-06-13T14:40:34.284+0000] {processor.py:840} INFO - DAG(s) 'example_kubernetes_executor' retrieved from /home/airflow/.local/lib/python3.10/site-packages/airflow/example_dags/example_kubernetes_executor.py
[2025-06-13T14:40:34.309+0000] {logging_mixin.py:188} INFO - [2025-06-13T14:40:34.309+0000] {dag.py:3096} INFO - Sync 1 DAGs
[2025-06-13T14:40:34.321+0000] {logging_mixin.py:188} INFO - [2025-06-13T14:40:34.320+0000] {dag.py:3954} INFO - Setting next_dagrun for example_kubernetes_executor to None, run_after=None
[2025-06-13T14:40:34.336+0000] {processor.py:183} INFO - Processing /home/airflow/.local/lib/python3.10/site-packages/airflow/example_dags/example_kubernetes_executor.py took 0.066 seconds
[2025-06-13T14:41:04.799+0000] {processor.py:161} INFO - Started process (PID=953) to work on /home/airflow/.local/lib/python3.10/site-packages/airflow/example_dags/example_kubernetes_executor.py
[2025-06-13T14:41:04.801+0000] {processor.py:830} INFO - Processing file /home/airflow/.local/lib/python3.10/site-packages/airflow/example_dags/example_kubernetes_executor.py for tasks to queue
[2025-06-13T14:41:04.802+0000] {logging_mixin.py:188} INFO - [2025-06-13T14:41:04.802+0000] {dagbag.py:540} INFO - Filling up the DagBag from /home/airflow/.local/lib/python3.10/site-packages/airflow/example_dags/example_kubernetes_executor.py
[2025-06-13T14:41:04.809+0000] {processor.py:840} INFO - DAG(s) 'example_kubernetes_executor' retrieved from /home/airflow/.local/lib/python3.10/site-packages/airflow/example_dags/example_kubernetes_executor.py
[2025-06-13T14:41:04.835+0000] {logging_mixin.py:188} INFO - [2025-06-13T14:41:04.835+0000] {dag.py:3096} INFO - Sync 1 DAGs
[2025-06-13T14:41:04.841+0000] {logging_mixin.py:188} INFO - [2025-06-13T14:41:04.841+0000] {dag.py:3954} INFO - Setting next_dagrun for example_kubernetes_executor to None, run_after=None
[2025-06-13T14:41:04.850+0000] {processor.py:183} INFO - Processing /home/airflow/.local/lib/python3.10/site-packages/airflow/example_dags/example_kubernetes_executor.py took 0.054 seconds
[2025-06-13T14:41:35.229+0000] {processor.py:161} INFO - Started process (PID=1013) to work on /home/airflow/.local/lib/python3.10/site-packages/airflow/example_dags/example_kubernetes_executor.py
[2025-06-13T14:41:35.231+0000] {processor.py:830} INFO - Processing file /home/airflow/.local/lib/python3.10/site-packages/airflow/example_dags/example_kubernetes_executor.py for tasks to queue
[2025-06-13T14:41:35.233+0000] {logging_mixin.py:188} INFO - [2025-06-13T14:41:35.232+0000] {dagbag.py:540} INFO - Filling up the DagBag from /home/airflow/.local/lib/python3.10/site-packages/airflow/example_dags/example_kubernetes_executor.py
[2025-06-13T14:41:35.240+0000] {processor.py:840} INFO - DAG(s) 'example_kubernetes_executor' retrieved from /home/airflow/.local/lib/python3.10/site-packages/airflow/example_dags/example_kubernetes_executor.py
[2025-06-13T14:41:35.266+0000] {logging_mixin.py:188} INFO - [2025-06-13T14:41:35.266+0000] {dag.py:3096} INFO - Sync 1 DAGs
[2025-06-13T14:41:35.272+0000] {logging_mixin.py:188} INFO - [2025-06-13T14:41:35.272+0000] {dag.py:3954} INFO - Setting next_dagrun for example_kubernetes_executor to None, run_after=None
[2025-06-13T14:41:35.284+0000] {processor.py:183} INFO - Processing /home/airflow/.local/lib/python3.10/site-packages/airflow/example_dags/example_kubernetes_executor.py took 0.059 seconds
[2025-06-13T14:42:05.607+0000] {processor.py:161} INFO - Started process (PID=1073) to work on /home/airflow/.local/lib/python3.10/site-packages/airflow/example_dags/example_kubernetes_executor.py
[2025-06-13T14:42:05.608+0000] {processor.py:830} INFO - Processing file /home/airflow/.local/lib/python3.10/site-packages/airflow/example_dags/example_kubernetes_executor.py for tasks to queue
[2025-06-13T14:42:05.610+0000] {logging_mixin.py:188} INFO - [2025-06-13T14:42:05.609+0000] {dagbag.py:540} INFO - Filling up the DagBag from /home/airflow/.local/lib/python3.10/site-packages/airflow/example_dags/example_kubernetes_executor.py
[2025-06-13T14:42:05.624+0000] {processor.py:840} INFO - DAG(s) 'example_kubernetes_executor' retrieved from /home/airflow/.local/lib/python3.10/site-packages/airflow/example_dags/example_kubernetes_executor.py
[2025-06-13T14:42:05.664+0000] {logging_mixin.py:188} INFO - [2025-06-13T14:42:05.663+0000] {dag.py:3096} INFO - Sync 1 DAGs
[2025-06-13T14:42:05.674+0000] {logging_mixin.py:188} INFO - [2025-06-13T14:42:05.674+0000] {dag.py:3954} INFO - Setting next_dagrun for example_kubernetes_executor to None, run_after=None
[2025-06-13T14:42:05.686+0000] {processor.py:183} INFO - Processing /home/airflow/.local/lib/python3.10/site-packages/airflow/example_dags/example_kubernetes_executor.py took 0.085 seconds
[2025-06-13T14:42:36.834+0000] {processor.py:161} INFO - Started process (PID=1133) to work on /home/airflow/.local/lib/python3.10/site-packages/airflow/example_dags/example_kubernetes_executor.py
[2025-06-13T14:42:36.835+0000] {processor.py:830} INFO - Processing file /home/airflow/.local/lib/python3.10/site-packages/airflow/example_dags/example_kubernetes_executor.py for tasks to queue
[2025-06-13T14:42:36.836+0000] {logging_mixin.py:188} INFO - [2025-06-13T14:42:36.836+0000] {dagbag.py:540} INFO - Filling up the DagBag from /home/airflow/.local/lib/python3.10/site-packages/airflow/example_dags/example_kubernetes_executor.py
[2025-06-13T14:42:36.844+0000] {processor.py:840} INFO - DAG(s) 'example_kubernetes_executor' retrieved from /home/airflow/.local/lib/python3.10/site-packages/airflow/example_dags/example_kubernetes_executor.py
[2025-06-13T14:42:36.878+0000] {logging_mixin.py:188} INFO - [2025-06-13T14:42:36.877+0000] {dag.py:3096} INFO - Sync 1 DAGs
[2025-06-13T14:42:36.887+0000] {logging_mixin.py:188} INFO - [2025-06-13T14:42:36.886+0000] {dag.py:3954} INFO - Setting next_dagrun for example_kubernetes_executor to None, run_after=None
[2025-06-13T14:42:36.901+0000] {processor.py:183} INFO - Processing /home/airflow/.local/lib/python3.10/site-packages/airflow/example_dags/example_kubernetes_executor.py took 0.072 seconds
[2025-06-13T14:43:07.586+0000] {processor.py:161} INFO - Started process (PID=1193) to work on /home/airflow/.local/lib/python3.10/site-packages/airflow/example_dags/example_kubernetes_executor.py
[2025-06-13T14:43:07.586+0000] {processor.py:830} INFO - Processing file /home/airflow/.local/lib/python3.10/site-packages/airflow/example_dags/example_kubernetes_executor.py for tasks to queue
[2025-06-13T14:43:07.587+0000] {logging_mixin.py:188} INFO - [2025-06-13T14:43:07.587+0000] {dagbag.py:540} INFO - Filling up the DagBag from /home/airflow/.local/lib/python3.10/site-packages/airflow/example_dags/example_kubernetes_executor.py
[2025-06-13T14:43:07.600+0000] {processor.py:840} INFO - DAG(s) 'example_kubernetes_executor' retrieved from /home/airflow/.local/lib/python3.10/site-packages/airflow/example_dags/example_kubernetes_executor.py
[2025-06-13T14:43:07.630+0000] {logging_mixin.py:188} INFO - [2025-06-13T14:43:07.630+0000] {dag.py:3096} INFO - Sync 1 DAGs
[2025-06-13T14:43:07.637+0000] {logging_mixin.py:188} INFO - [2025-06-13T14:43:07.637+0000] {dag.py:3954} INFO - Setting next_dagrun for example_kubernetes_executor to None, run_after=None
[2025-06-13T14:43:07.647+0000] {processor.py:183} INFO - Processing /home/airflow/.local/lib/python3.10/site-packages/airflow/example_dags/example_kubernetes_executor.py took 0.065 seconds
[2025-06-13T14:44:43.055+0000] {processor.py:161} INFO - Started process (PID=84) to work on /home/airflow/.local/lib/python3.10/site-packages/airflow/example_dags/example_kubernetes_executor.py
[2025-06-13T14:44:43.055+0000] {processor.py:830} INFO - Processing file /home/airflow/.local/lib/python3.10/site-packages/airflow/example_dags/example_kubernetes_executor.py for tasks to queue
[2025-06-13T14:44:43.057+0000] {logging_mixin.py:188} INFO - [2025-06-13T14:44:43.057+0000] {dagbag.py:540} INFO - Filling up the DagBag from /home/airflow/.local/lib/python3.10/site-packages/airflow/example_dags/example_kubernetes_executor.py
[2025-06-13T14:44:43.070+0000] {processor.py:840} INFO - DAG(s) 'example_kubernetes_executor' retrieved from /home/airflow/.local/lib/python3.10/site-packages/airflow/example_dags/example_kubernetes_executor.py
[2025-06-13T14:44:43.077+0000] {logging_mixin.py:188} INFO - [2025-06-13T14:44:43.077+0000] {dag.py:3096} INFO - Sync 1 DAGs
[2025-06-13T14:44:43.084+0000] {logging_mixin.py:188} INFO - [2025-06-13T14:44:43.084+0000] {dag.py:3954} INFO - Setting next_dagrun for example_kubernetes_executor to None, run_after=None
[2025-06-13T14:44:43.093+0000] {processor.py:183} INFO - Processing /home/airflow/.local/lib/python3.10/site-packages/airflow/example_dags/example_kubernetes_executor.py took 0.042 seconds
[2025-06-13T14:45:15.572+0000] {processor.py:161} INFO - Started process (PID=154) to work on /home/airflow/.local/lib/python3.10/site-packages/airflow/example_dags/example_kubernetes_executor.py
[2025-06-13T14:45:15.574+0000] {processor.py:830} INFO - Processing file /home/airflow/.local/lib/python3.10/site-packages/airflow/example_dags/example_kubernetes_executor.py for tasks to queue
[2025-06-13T14:45:15.576+0000] {logging_mixin.py:188} INFO - [2025-06-13T14:45:15.576+0000] {dagbag.py:540} INFO - Filling up the DagBag from /home/airflow/.local/lib/python3.10/site-packages/airflow/example_dags/example_kubernetes_executor.py
[2025-06-13T14:45:15.591+0000] {processor.py:840} INFO - DAG(s) 'example_kubernetes_executor' retrieved from /home/airflow/.local/lib/python3.10/site-packages/airflow/example_dags/example_kubernetes_executor.py
[2025-06-13T14:45:15.781+0000] {logging_mixin.py:188} INFO - [2025-06-13T14:45:15.781+0000] {dag.py:3096} INFO - Sync 1 DAGs
[2025-06-13T14:45:15.802+0000] {logging_mixin.py:188} INFO - [2025-06-13T14:45:15.801+0000] {dag.py:3954} INFO - Setting next_dagrun for example_kubernetes_executor to None, run_after=None
[2025-06-13T14:45:15.847+0000] {processor.py:183} INFO - Processing /home/airflow/.local/lib/python3.10/site-packages/airflow/example_dags/example_kubernetes_executor.py took 0.281 seconds
[2025-06-13T14:45:45.982+0000] {processor.py:161} INFO - Started process (PID=222) to work on /home/airflow/.local/lib/python3.10/site-packages/airflow/example_dags/example_kubernetes_executor.py
[2025-06-13T14:45:45.983+0000] {processor.py:830} INFO - Processing file /home/airflow/.local/lib/python3.10/site-packages/airflow/example_dags/example_kubernetes_executor.py for tasks to queue
[2025-06-13T14:45:45.984+0000] {logging_mixin.py:188} INFO - [2025-06-13T14:45:45.983+0000] {dagbag.py:540} INFO - Filling up the DagBag from /home/airflow/.local/lib/python3.10/site-packages/airflow/example_dags/example_kubernetes_executor.py
[2025-06-13T14:45:45.999+0000] {processor.py:840} INFO - DAG(s) 'example_kubernetes_executor' retrieved from /home/airflow/.local/lib/python3.10/site-packages/airflow/example_dags/example_kubernetes_executor.py
[2025-06-13T14:45:46.037+0000] {logging_mixin.py:188} INFO - [2025-06-13T14:45:46.036+0000] {dag.py:3096} INFO - Sync 1 DAGs
[2025-06-13T14:45:46.045+0000] {logging_mixin.py:188} INFO - [2025-06-13T14:45:46.045+0000] {dag.py:3954} INFO - Setting next_dagrun for example_kubernetes_executor to None, run_after=None
[2025-06-13T14:45:46.058+0000] {processor.py:183} INFO - Processing /home/airflow/.local/lib/python3.10/site-packages/airflow/example_dags/example_kubernetes_executor.py took 0.080 seconds
[2025-06-13T14:46:16.769+0000] {processor.py:161} INFO - Started process (PID=282) to work on /home/airflow/.local/lib/python3.10/site-packages/airflow/example_dags/example_kubernetes_executor.py
[2025-06-13T14:46:16.770+0000] {processor.py:830} INFO - Processing file /home/airflow/.local/lib/python3.10/site-packages/airflow/example_dags/example_kubernetes_executor.py for tasks to queue
[2025-06-13T14:46:16.771+0000] {logging_mixin.py:188} INFO - [2025-06-13T14:46:16.771+0000] {dagbag.py:540} INFO - Filling up the DagBag from /home/airflow/.local/lib/python3.10/site-packages/airflow/example_dags/example_kubernetes_executor.py
[2025-06-13T14:46:16.781+0000] {processor.py:840} INFO - DAG(s) 'example_kubernetes_executor' retrieved from /home/airflow/.local/lib/python3.10/site-packages/airflow/example_dags/example_kubernetes_executor.py
[2025-06-13T14:46:16.809+0000] {logging_mixin.py:188} INFO - [2025-06-13T14:46:16.807+0000] {dag.py:3096} INFO - Sync 1 DAGs
[2025-06-13T14:46:16.815+0000] {logging_mixin.py:188} INFO - [2025-06-13T14:46:16.815+0000] {dag.py:3954} INFO - Setting next_dagrun for example_kubernetes_executor to None, run_after=None
[2025-06-13T14:46:16.828+0000] {processor.py:183} INFO - Processing /home/airflow/.local/lib/python3.10/site-packages/airflow/example_dags/example_kubernetes_executor.py took 0.062 seconds
[2025-06-13T14:46:47.542+0000] {processor.py:161} INFO - Started process (PID=342) to work on /home/airflow/.local/lib/python3.10/site-packages/airflow/example_dags/example_kubernetes_executor.py
[2025-06-13T14:46:47.550+0000] {processor.py:830} INFO - Processing file /home/airflow/.local/lib/python3.10/site-packages/airflow/example_dags/example_kubernetes_executor.py for tasks to queue
[2025-06-13T14:46:47.555+0000] {logging_mixin.py:188} INFO - [2025-06-13T14:46:47.555+0000] {dagbag.py:540} INFO - Filling up the DagBag from /home/airflow/.local/lib/python3.10/site-packages/airflow/example_dags/example_kubernetes_executor.py
[2025-06-13T14:46:47.565+0000] {processor.py:840} INFO - DAG(s) 'example_kubernetes_executor' retrieved from /home/airflow/.local/lib/python3.10/site-packages/airflow/example_dags/example_kubernetes_executor.py
[2025-06-13T14:46:47.597+0000] {logging_mixin.py:188} INFO - [2025-06-13T14:46:47.596+0000] {dag.py:3096} INFO - Sync 1 DAGs
[2025-06-13T14:46:47.603+0000] {logging_mixin.py:188} INFO - [2025-06-13T14:46:47.603+0000] {dag.py:3954} INFO - Setting next_dagrun for example_kubernetes_executor to None, run_after=None
[2025-06-13T14:46:47.619+0000] {processor.py:183} INFO - Processing /home/airflow/.local/lib/python3.10/site-packages/airflow/example_dags/example_kubernetes_executor.py took 0.081 seconds
[2025-06-13T14:47:18.064+0000] {processor.py:161} INFO - Started process (PID=402) to work on /home/airflow/.local/lib/python3.10/site-packages/airflow/example_dags/example_kubernetes_executor.py
[2025-06-13T14:47:18.066+0000] {processor.py:830} INFO - Processing file /home/airflow/.local/lib/python3.10/site-packages/airflow/example_dags/example_kubernetes_executor.py for tasks to queue
[2025-06-13T14:47:18.067+0000] {logging_mixin.py:188} INFO - [2025-06-13T14:47:18.067+0000] {dagbag.py:540} INFO - Filling up the DagBag from /home/airflow/.local/lib/python3.10/site-packages/airflow/example_dags/example_kubernetes_executor.py
[2025-06-13T14:47:18.074+0000] {processor.py:840} INFO - DAG(s) 'example_kubernetes_executor' retrieved from /home/airflow/.local/lib/python3.10/site-packages/airflow/example_dags/example_kubernetes_executor.py
[2025-06-13T14:47:18.102+0000] {logging_mixin.py:188} INFO - [2025-06-13T14:47:18.102+0000] {dag.py:3096} INFO - Sync 1 DAGs
[2025-06-13T14:47:18.112+0000] {logging_mixin.py:188} INFO - [2025-06-13T14:47:18.112+0000] {dag.py:3954} INFO - Setting next_dagrun for example_kubernetes_executor to None, run_after=None
[2025-06-13T14:47:18.124+0000] {processor.py:183} INFO - Processing /home/airflow/.local/lib/python3.10/site-packages/airflow/example_dags/example_kubernetes_executor.py took 0.064 seconds
[2025-06-13T14:47:49.268+0000] {processor.py:161} INFO - Started process (PID=462) to work on /home/airflow/.local/lib/python3.10/site-packages/airflow/example_dags/example_kubernetes_executor.py
[2025-06-13T14:47:49.270+0000] {processor.py:830} INFO - Processing file /home/airflow/.local/lib/python3.10/site-packages/airflow/example_dags/example_kubernetes_executor.py for tasks to queue
[2025-06-13T14:47:49.273+0000] {logging_mixin.py:188} INFO - [2025-06-13T14:47:49.273+0000] {dagbag.py:540} INFO - Filling up the DagBag from /home/airflow/.local/lib/python3.10/site-packages/airflow/example_dags/example_kubernetes_executor.py
[2025-06-13T14:47:49.284+0000] {processor.py:840} INFO - DAG(s) 'example_kubernetes_executor' retrieved from /home/airflow/.local/lib/python3.10/site-packages/airflow/example_dags/example_kubernetes_executor.py
[2025-06-13T14:47:49.314+0000] {logging_mixin.py:188} INFO - [2025-06-13T14:47:49.314+0000] {dag.py:3096} INFO - Sync 1 DAGs
[2025-06-13T14:47:49.320+0000] {logging_mixin.py:188} INFO - [2025-06-13T14:47:49.320+0000] {dag.py:3954} INFO - Setting next_dagrun for example_kubernetes_executor to None, run_after=None
[2025-06-13T14:47:49.340+0000] {processor.py:183} INFO - Processing /home/airflow/.local/lib/python3.10/site-packages/airflow/example_dags/example_kubernetes_executor.py took 0.090 seconds
[2025-06-13T14:48:20.046+0000] {processor.py:161} INFO - Started process (PID=522) to work on /home/airflow/.local/lib/python3.10/site-packages/airflow/example_dags/example_kubernetes_executor.py
[2025-06-13T14:48:20.048+0000] {processor.py:830} INFO - Processing file /home/airflow/.local/lib/python3.10/site-packages/airflow/example_dags/example_kubernetes_executor.py for tasks to queue
[2025-06-13T14:48:20.049+0000] {logging_mixin.py:188} INFO - [2025-06-13T14:48:20.049+0000] {dagbag.py:540} INFO - Filling up the DagBag from /home/airflow/.local/lib/python3.10/site-packages/airflow/example_dags/example_kubernetes_executor.py
[2025-06-13T14:48:20.075+0000] {processor.py:840} INFO - DAG(s) 'example_kubernetes_executor' retrieved from /home/airflow/.local/lib/python3.10/site-packages/airflow/example_dags/example_kubernetes_executor.py
[2025-06-13T14:48:20.123+0000] {logging_mixin.py:188} INFO - [2025-06-13T14:48:20.123+0000] {dag.py:3096} INFO - Sync 1 DAGs
[2025-06-13T14:48:20.134+0000] {logging_mixin.py:188} INFO - [2025-06-13T14:48:20.133+0000] {dag.py:3954} INFO - Setting next_dagrun for example_kubernetes_executor to None, run_after=None
[2025-06-13T14:48:20.148+0000] {processor.py:183} INFO - Processing /home/airflow/.local/lib/python3.10/site-packages/airflow/example_dags/example_kubernetes_executor.py took 0.109 seconds
[2025-06-13T14:48:50.496+0000] {processor.py:161} INFO - Started process (PID=582) to work on /home/airflow/.local/lib/python3.10/site-packages/airflow/example_dags/example_kubernetes_executor.py
[2025-06-13T14:48:50.497+0000] {processor.py:830} INFO - Processing file /home/airflow/.local/lib/python3.10/site-packages/airflow/example_dags/example_kubernetes_executor.py for tasks to queue
[2025-06-13T14:48:50.498+0000] {logging_mixin.py:188} INFO - [2025-06-13T14:48:50.498+0000] {dagbag.py:540} INFO - Filling up the DagBag from /home/airflow/.local/lib/python3.10/site-packages/airflow/example_dags/example_kubernetes_executor.py
[2025-06-13T14:48:50.514+0000] {processor.py:840} INFO - DAG(s) 'example_kubernetes_executor' retrieved from /home/airflow/.local/lib/python3.10/site-packages/airflow/example_dags/example_kubernetes_executor.py
[2025-06-13T14:48:50.544+0000] {logging_mixin.py:188} INFO - [2025-06-13T14:48:50.544+0000] {dag.py:3096} INFO - Sync 1 DAGs
[2025-06-13T14:48:50.554+0000] {logging_mixin.py:188} INFO - [2025-06-13T14:48:50.554+0000] {dag.py:3954} INFO - Setting next_dagrun for example_kubernetes_executor to None, run_after=None
[2025-06-13T14:48:50.575+0000] {processor.py:183} INFO - Processing /home/airflow/.local/lib/python3.10/site-packages/airflow/example_dags/example_kubernetes_executor.py took 0.083 seconds
[2025-06-13T14:49:21.023+0000] {processor.py:161} INFO - Started process (PID=642) to work on /home/airflow/.local/lib/python3.10/site-packages/airflow/example_dags/example_kubernetes_executor.py
[2025-06-13T14:49:21.027+0000] {processor.py:830} INFO - Processing file /home/airflow/.local/lib/python3.10/site-packages/airflow/example_dags/example_kubernetes_executor.py for tasks to queue
[2025-06-13T14:49:21.028+0000] {logging_mixin.py:188} INFO - [2025-06-13T14:49:21.028+0000] {dagbag.py:540} INFO - Filling up the DagBag from /home/airflow/.local/lib/python3.10/site-packages/airflow/example_dags/example_kubernetes_executor.py
[2025-06-13T14:49:21.037+0000] {processor.py:840} INFO - DAG(s) 'example_kubernetes_executor' retrieved from /home/airflow/.local/lib/python3.10/site-packages/airflow/example_dags/example_kubernetes_executor.py
[2025-06-13T14:49:21.066+0000] {logging_mixin.py:188} INFO - [2025-06-13T14:49:21.066+0000] {dag.py:3096} INFO - Sync 1 DAGs
[2025-06-13T14:49:21.074+0000] {logging_mixin.py:188} INFO - [2025-06-13T14:49:21.074+0000] {dag.py:3954} INFO - Setting next_dagrun for example_kubernetes_executor to None, run_after=None
[2025-06-13T14:49:21.087+0000] {processor.py:183} INFO - Processing /home/airflow/.local/lib/python3.10/site-packages/airflow/example_dags/example_kubernetes_executor.py took 0.070 seconds
[2025-06-13T14:49:51.304+0000] {processor.py:161} INFO - Started process (PID=702) to work on /home/airflow/.local/lib/python3.10/site-packages/airflow/example_dags/example_kubernetes_executor.py
[2025-06-13T14:49:51.307+0000] {processor.py:830} INFO - Processing file /home/airflow/.local/lib/python3.10/site-packages/airflow/example_dags/example_kubernetes_executor.py for tasks to queue
[2025-06-13T14:49:51.311+0000] {logging_mixin.py:188} INFO - [2025-06-13T14:49:51.311+0000] {dagbag.py:540} INFO - Filling up the DagBag from /home/airflow/.local/lib/python3.10/site-packages/airflow/example_dags/example_kubernetes_executor.py
[2025-06-13T14:49:51.319+0000] {processor.py:840} INFO - DAG(s) 'example_kubernetes_executor' retrieved from /home/airflow/.local/lib/python3.10/site-packages/airflow/example_dags/example_kubernetes_executor.py
[2025-06-13T14:49:51.352+0000] {logging_mixin.py:188} INFO - [2025-06-13T14:49:51.352+0000] {dag.py:3096} INFO - Sync 1 DAGs
[2025-06-13T14:49:51.359+0000] {logging_mixin.py:188} INFO - [2025-06-13T14:49:51.359+0000] {dag.py:3954} INFO - Setting next_dagrun for example_kubernetes_executor to None, run_after=None
[2025-06-13T14:49:51.368+0000] {processor.py:183} INFO - Processing /home/airflow/.local/lib/python3.10/site-packages/airflow/example_dags/example_kubernetes_executor.py took 0.068 seconds
[2025-06-13T14:50:21.576+0000] {processor.py:161} INFO - Started process (PID=762) to work on /home/airflow/.local/lib/python3.10/site-packages/airflow/example_dags/example_kubernetes_executor.py
[2025-06-13T14:50:21.577+0000] {processor.py:830} INFO - Processing file /home/airflow/.local/lib/python3.10/site-packages/airflow/example_dags/example_kubernetes_executor.py for tasks to queue
[2025-06-13T14:50:21.579+0000] {logging_mixin.py:188} INFO - [2025-06-13T14:50:21.578+0000] {dagbag.py:540} INFO - Filling up the DagBag from /home/airflow/.local/lib/python3.10/site-packages/airflow/example_dags/example_kubernetes_executor.py
[2025-06-13T14:50:21.588+0000] {processor.py:840} INFO - DAG(s) 'example_kubernetes_executor' retrieved from /home/airflow/.local/lib/python3.10/site-packages/airflow/example_dags/example_kubernetes_executor.py
[2025-06-13T14:50:21.608+0000] {logging_mixin.py:188} INFO - [2025-06-13T14:50:21.608+0000] {dag.py:3096} INFO - Sync 1 DAGs
[2025-06-13T14:50:21.615+0000] {logging_mixin.py:188} INFO - [2025-06-13T14:50:21.615+0000] {dag.py:3954} INFO - Setting next_dagrun for example_kubernetes_executor to None, run_after=None
[2025-06-13T14:50:21.626+0000] {processor.py:183} INFO - Processing /home/airflow/.local/lib/python3.10/site-packages/airflow/example_dags/example_kubernetes_executor.py took 0.054 seconds
[2025-06-13T14:50:52.019+0000] {processor.py:161} INFO - Started process (PID=820) to work on /home/airflow/.local/lib/python3.10/site-packages/airflow/example_dags/example_kubernetes_executor.py
[2025-06-13T14:50:52.020+0000] {processor.py:830} INFO - Processing file /home/airflow/.local/lib/python3.10/site-packages/airflow/example_dags/example_kubernetes_executor.py for tasks to queue
[2025-06-13T14:50:52.021+0000] {logging_mixin.py:188} INFO - [2025-06-13T14:50:52.021+0000] {dagbag.py:540} INFO - Filling up the DagBag from /home/airflow/.local/lib/python3.10/site-packages/airflow/example_dags/example_kubernetes_executor.py
[2025-06-13T14:50:52.029+0000] {processor.py:840} INFO - DAG(s) 'example_kubernetes_executor' retrieved from /home/airflow/.local/lib/python3.10/site-packages/airflow/example_dags/example_kubernetes_executor.py
[2025-06-13T14:50:52.057+0000] {logging_mixin.py:188} INFO - [2025-06-13T14:50:52.057+0000] {dag.py:3096} INFO - Sync 1 DAGs
[2025-06-13T14:50:52.066+0000] {logging_mixin.py:188} INFO - [2025-06-13T14:50:52.066+0000] {dag.py:3954} INFO - Setting next_dagrun for example_kubernetes_executor to None, run_after=None
[2025-06-13T14:50:52.077+0000] {processor.py:183} INFO - Processing /home/airflow/.local/lib/python3.10/site-packages/airflow/example_dags/example_kubernetes_executor.py took 0.062 seconds
[2025-06-13T14:51:22.797+0000] {processor.py:161} INFO - Started process (PID=880) to work on /home/airflow/.local/lib/python3.10/site-packages/airflow/example_dags/example_kubernetes_executor.py
[2025-06-13T14:51:22.797+0000] {processor.py:830} INFO - Processing file /home/airflow/.local/lib/python3.10/site-packages/airflow/example_dags/example_kubernetes_executor.py for tasks to queue
[2025-06-13T14:51:22.798+0000] {logging_mixin.py:188} INFO - [2025-06-13T14:51:22.798+0000] {dagbag.py:540} INFO - Filling up the DagBag from /home/airflow/.local/lib/python3.10/site-packages/airflow/example_dags/example_kubernetes_executor.py
[2025-06-13T14:51:22.807+0000] {processor.py:840} INFO - DAG(s) 'example_kubernetes_executor' retrieved from /home/airflow/.local/lib/python3.10/site-packages/airflow/example_dags/example_kubernetes_executor.py
[2025-06-13T14:51:22.838+0000] {logging_mixin.py:188} INFO - [2025-06-13T14:51:22.838+0000] {dag.py:3096} INFO - Sync 1 DAGs
[2025-06-13T14:51:22.847+0000] {logging_mixin.py:188} INFO - [2025-06-13T14:51:22.847+0000] {dag.py:3954} INFO - Setting next_dagrun for example_kubernetes_executor to None, run_after=None
[2025-06-13T14:51:22.860+0000] {processor.py:183} INFO - Processing /home/airflow/.local/lib/python3.10/site-packages/airflow/example_dags/example_kubernetes_executor.py took 0.067 seconds
[2025-06-13T14:51:53.564+0000] {processor.py:161} INFO - Started process (PID=940) to work on /home/airflow/.local/lib/python3.10/site-packages/airflow/example_dags/example_kubernetes_executor.py
[2025-06-13T14:51:53.565+0000] {processor.py:830} INFO - Processing file /home/airflow/.local/lib/python3.10/site-packages/airflow/example_dags/example_kubernetes_executor.py for tasks to queue
[2025-06-13T14:51:53.566+0000] {logging_mixin.py:188} INFO - [2025-06-13T14:51:53.565+0000] {dagbag.py:540} INFO - Filling up the DagBag from /home/airflow/.local/lib/python3.10/site-packages/airflow/example_dags/example_kubernetes_executor.py
[2025-06-13T14:51:53.574+0000] {processor.py:840} INFO - DAG(s) 'example_kubernetes_executor' retrieved from /home/airflow/.local/lib/python3.10/site-packages/airflow/example_dags/example_kubernetes_executor.py
[2025-06-13T14:51:53.598+0000] {logging_mixin.py:188} INFO - [2025-06-13T14:51:53.596+0000] {dag.py:3096} INFO - Sync 1 DAGs
[2025-06-13T14:51:53.603+0000] {logging_mixin.py:188} INFO - [2025-06-13T14:51:53.603+0000] {dag.py:3954} INFO - Setting next_dagrun for example_kubernetes_executor to None, run_after=None
[2025-06-13T14:51:53.615+0000] {processor.py:183} INFO - Processing /home/airflow/.local/lib/python3.10/site-packages/airflow/example_dags/example_kubernetes_executor.py took 0.055 seconds
[2025-06-13T14:52:23.954+0000] {processor.py:161} INFO - Started process (PID=1000) to work on /home/airflow/.local/lib/python3.10/site-packages/airflow/example_dags/example_kubernetes_executor.py
[2025-06-13T14:52:23.956+0000] {processor.py:830} INFO - Processing file /home/airflow/.local/lib/python3.10/site-packages/airflow/example_dags/example_kubernetes_executor.py for tasks to queue
[2025-06-13T14:52:23.957+0000] {logging_mixin.py:188} INFO - [2025-06-13T14:52:23.957+0000] {dagbag.py:540} INFO - Filling up the DagBag from /home/airflow/.local/lib/python3.10/site-packages/airflow/example_dags/example_kubernetes_executor.py
[2025-06-13T14:52:23.967+0000] {processor.py:840} INFO - DAG(s) 'example_kubernetes_executor' retrieved from /home/airflow/.local/lib/python3.10/site-packages/airflow/example_dags/example_kubernetes_executor.py
[2025-06-13T14:52:24.020+0000] {logging_mixin.py:188} INFO - [2025-06-13T14:52:24.019+0000] {dag.py:3096} INFO - Sync 1 DAGs
[2025-06-13T14:52:24.029+0000] {logging_mixin.py:188} INFO - [2025-06-13T14:52:24.029+0000] {dag.py:3954} INFO - Setting next_dagrun for example_kubernetes_executor to None, run_after=None
[2025-06-13T14:52:24.044+0000] {processor.py:183} INFO - Processing /home/airflow/.local/lib/python3.10/site-packages/airflow/example_dags/example_kubernetes_executor.py took 0.094 seconds
[2025-06-13T14:52:54.256+0000] {processor.py:161} INFO - Started process (PID=1060) to work on /home/airflow/.local/lib/python3.10/site-packages/airflow/example_dags/example_kubernetes_executor.py
[2025-06-13T14:52:54.256+0000] {processor.py:830} INFO - Processing file /home/airflow/.local/lib/python3.10/site-packages/airflow/example_dags/example_kubernetes_executor.py for tasks to queue
[2025-06-13T14:52:54.257+0000] {logging_mixin.py:188} INFO - [2025-06-13T14:52:54.257+0000] {dagbag.py:540} INFO - Filling up the DagBag from /home/airflow/.local/lib/python3.10/site-packages/airflow/example_dags/example_kubernetes_executor.py
[2025-06-13T14:52:54.264+0000] {processor.py:840} INFO - DAG(s) 'example_kubernetes_executor' retrieved from /home/airflow/.local/lib/python3.10/site-packages/airflow/example_dags/example_kubernetes_executor.py
[2025-06-13T14:52:54.284+0000] {logging_mixin.py:188} INFO - [2025-06-13T14:52:54.284+0000] {dag.py:3096} INFO - Sync 1 DAGs
[2025-06-13T14:52:54.289+0000] {logging_mixin.py:188} INFO - [2025-06-13T14:52:54.289+0000] {dag.py:3954} INFO - Setting next_dagrun for example_kubernetes_executor to None, run_after=None
[2025-06-13T14:52:54.297+0000] {processor.py:183} INFO - Processing /home/airflow/.local/lib/python3.10/site-packages/airflow/example_dags/example_kubernetes_executor.py took 0.044 seconds
[2025-06-13T14:53:24.777+0000] {processor.py:161} INFO - Started process (PID=1120) to work on /home/airflow/.local/lib/python3.10/site-packages/airflow/example_dags/example_kubernetes_executor.py
[2025-06-13T14:53:24.778+0000] {processor.py:830} INFO - Processing file /home/airflow/.local/lib/python3.10/site-packages/airflow/example_dags/example_kubernetes_executor.py for tasks to queue
[2025-06-13T14:53:24.779+0000] {logging_mixin.py:188} INFO - [2025-06-13T14:53:24.779+0000] {dagbag.py:540} INFO - Filling up the DagBag from /home/airflow/.local/lib/python3.10/site-packages/airflow/example_dags/example_kubernetes_executor.py
[2025-06-13T14:53:24.788+0000] {processor.py:840} INFO - DAG(s) 'example_kubernetes_executor' retrieved from /home/airflow/.local/lib/python3.10/site-packages/airflow/example_dags/example_kubernetes_executor.py
[2025-06-13T14:53:24.817+0000] {logging_mixin.py:188} INFO - [2025-06-13T14:53:24.817+0000] {dag.py:3096} INFO - Sync 1 DAGs
[2025-06-13T14:53:24.824+0000] {logging_mixin.py:188} INFO - [2025-06-13T14:53:24.824+0000] {dag.py:3954} INFO - Setting next_dagrun for example_kubernetes_executor to None, run_after=None
[2025-06-13T14:53:24.840+0000] {processor.py:183} INFO - Processing /home/airflow/.local/lib/python3.10/site-packages/airflow/example_dags/example_kubernetes_executor.py took 0.066 seconds
[2025-06-13T14:53:55.676+0000] {processor.py:161} INFO - Started process (PID=1180) to work on /home/airflow/.local/lib/python3.10/site-packages/airflow/example_dags/example_kubernetes_executor.py
[2025-06-13T14:53:55.680+0000] {processor.py:830} INFO - Processing file /home/airflow/.local/lib/python3.10/site-packages/airflow/example_dags/example_kubernetes_executor.py for tasks to queue
[2025-06-13T14:53:55.681+0000] {logging_mixin.py:188} INFO - [2025-06-13T14:53:55.681+0000] {dagbag.py:540} INFO - Filling up the DagBag from /home/airflow/.local/lib/python3.10/site-packages/airflow/example_dags/example_kubernetes_executor.py
[2025-06-13T14:53:55.691+0000] {processor.py:840} INFO - DAG(s) 'example_kubernetes_executor' retrieved from /home/airflow/.local/lib/python3.10/site-packages/airflow/example_dags/example_kubernetes_executor.py
[2025-06-13T14:53:55.732+0000] {logging_mixin.py:188} INFO - [2025-06-13T14:53:55.731+0000] {dag.py:3096} INFO - Sync 1 DAGs
[2025-06-13T14:53:55.746+0000] {logging_mixin.py:188} INFO - [2025-06-13T14:53:55.746+0000] {dag.py:3954} INFO - Setting next_dagrun for example_kubernetes_executor to None, run_after=None
[2025-06-13T14:53:55.765+0000] {processor.py:183} INFO - Processing /home/airflow/.local/lib/python3.10/site-packages/airflow/example_dags/example_kubernetes_executor.py took 0.093 seconds
[2025-06-13T14:54:26.063+0000] {processor.py:161} INFO - Started process (PID=1240) to work on /home/airflow/.local/lib/python3.10/site-packages/airflow/example_dags/example_kubernetes_executor.py
[2025-06-13T14:54:26.065+0000] {processor.py:830} INFO - Processing file /home/airflow/.local/lib/python3.10/site-packages/airflow/example_dags/example_kubernetes_executor.py for tasks to queue
[2025-06-13T14:54:26.066+0000] {logging_mixin.py:188} INFO - [2025-06-13T14:54:26.066+0000] {dagbag.py:540} INFO - Filling up the DagBag from /home/airflow/.local/lib/python3.10/site-packages/airflow/example_dags/example_kubernetes_executor.py
[2025-06-13T14:54:26.074+0000] {processor.py:840} INFO - DAG(s) 'example_kubernetes_executor' retrieved from /home/airflow/.local/lib/python3.10/site-packages/airflow/example_dags/example_kubernetes_executor.py
[2025-06-13T14:54:26.100+0000] {logging_mixin.py:188} INFO - [2025-06-13T14:54:26.100+0000] {dag.py:3096} INFO - Sync 1 DAGs
[2025-06-13T14:54:26.108+0000] {logging_mixin.py:188} INFO - [2025-06-13T14:54:26.108+0000] {dag.py:3954} INFO - Setting next_dagrun for example_kubernetes_executor to None, run_after=None
[2025-06-13T14:54:26.117+0000] {processor.py:183} INFO - Processing /home/airflow/.local/lib/python3.10/site-packages/airflow/example_dags/example_kubernetes_executor.py took 0.057 seconds
[2025-06-13T14:54:56.153+0000] {processor.py:161} INFO - Started process (PID=1300) to work on /home/airflow/.local/lib/python3.10/site-packages/airflow/example_dags/example_kubernetes_executor.py
[2025-06-13T14:54:56.153+0000] {processor.py:830} INFO - Processing file /home/airflow/.local/lib/python3.10/site-packages/airflow/example_dags/example_kubernetes_executor.py for tasks to queue
[2025-06-13T14:54:56.154+0000] {logging_mixin.py:188} INFO - [2025-06-13T14:54:56.154+0000] {dagbag.py:540} INFO - Filling up the DagBag from /home/airflow/.local/lib/python3.10/site-packages/airflow/example_dags/example_kubernetes_executor.py
[2025-06-13T14:54:56.161+0000] {processor.py:840} INFO - DAG(s) 'example_kubernetes_executor' retrieved from /home/airflow/.local/lib/python3.10/site-packages/airflow/example_dags/example_kubernetes_executor.py
[2025-06-13T14:54:56.181+0000] {logging_mixin.py:188} INFO - [2025-06-13T14:54:56.181+0000] {dag.py:3096} INFO - Sync 1 DAGs
[2025-06-13T14:54:56.187+0000] {logging_mixin.py:188} INFO - [2025-06-13T14:54:56.187+0000] {dag.py:3954} INFO - Setting next_dagrun for example_kubernetes_executor to None, run_after=None
[2025-06-13T14:54:56.197+0000] {processor.py:183} INFO - Processing /home/airflow/.local/lib/python3.10/site-packages/airflow/example_dags/example_kubernetes_executor.py took 0.048 seconds
[2025-06-13T14:55:26.829+0000] {processor.py:161} INFO - Started process (PID=1360) to work on /home/airflow/.local/lib/python3.10/site-packages/airflow/example_dags/example_kubernetes_executor.py
[2025-06-13T14:55:26.832+0000] {processor.py:830} INFO - Processing file /home/airflow/.local/lib/python3.10/site-packages/airflow/example_dags/example_kubernetes_executor.py for tasks to queue
[2025-06-13T14:55:26.834+0000] {logging_mixin.py:188} INFO - [2025-06-13T14:55:26.834+0000] {dagbag.py:540} INFO - Filling up the DagBag from /home/airflow/.local/lib/python3.10/site-packages/airflow/example_dags/example_kubernetes_executor.py
[2025-06-13T14:55:26.849+0000] {processor.py:840} INFO - DAG(s) 'example_kubernetes_executor' retrieved from /home/airflow/.local/lib/python3.10/site-packages/airflow/example_dags/example_kubernetes_executor.py
[2025-06-13T14:55:26.876+0000] {logging_mixin.py:188} INFO - [2025-06-13T14:55:26.876+0000] {dag.py:3096} INFO - Sync 1 DAGs
[2025-06-13T14:55:26.885+0000] {logging_mixin.py:188} INFO - [2025-06-13T14:55:26.885+0000] {dag.py:3954} INFO - Setting next_dagrun for example_kubernetes_executor to None, run_after=None
[2025-06-13T14:55:26.897+0000] {processor.py:183} INFO - Processing /home/airflow/.local/lib/python3.10/site-packages/airflow/example_dags/example_kubernetes_executor.py took 0.074 seconds
[2025-06-13T14:55:57.021+0000] {processor.py:161} INFO - Started process (PID=1420) to work on /home/airflow/.local/lib/python3.10/site-packages/airflow/example_dags/example_kubernetes_executor.py
[2025-06-13T14:55:57.022+0000] {processor.py:830} INFO - Processing file /home/airflow/.local/lib/python3.10/site-packages/airflow/example_dags/example_kubernetes_executor.py for tasks to queue
[2025-06-13T14:55:57.023+0000] {logging_mixin.py:188} INFO - [2025-06-13T14:55:57.023+0000] {dagbag.py:540} INFO - Filling up the DagBag from /home/airflow/.local/lib/python3.10/site-packages/airflow/example_dags/example_kubernetes_executor.py
[2025-06-13T14:55:57.033+0000] {processor.py:840} INFO - DAG(s) 'example_kubernetes_executor' retrieved from /home/airflow/.local/lib/python3.10/site-packages/airflow/example_dags/example_kubernetes_executor.py
[2025-06-13T14:55:57.065+0000] {logging_mixin.py:188} INFO - [2025-06-13T14:55:57.065+0000] {dag.py:3096} INFO - Sync 1 DAGs
[2025-06-13T14:55:57.073+0000] {logging_mixin.py:188} INFO - [2025-06-13T14:55:57.072+0000] {dag.py:3954} INFO - Setting next_dagrun for example_kubernetes_executor to None, run_after=None
[2025-06-13T14:55:57.083+0000] {processor.py:183} INFO - Processing /home/airflow/.local/lib/python3.10/site-packages/airflow/example_dags/example_kubernetes_executor.py took 0.066 seconds
[2025-06-13T14:56:27.524+0000] {processor.py:161} INFO - Started process (PID=1480) to work on /home/airflow/.local/lib/python3.10/site-packages/airflow/example_dags/example_kubernetes_executor.py
[2025-06-13T14:56:27.525+0000] {processor.py:830} INFO - Processing file /home/airflow/.local/lib/python3.10/site-packages/airflow/example_dags/example_kubernetes_executor.py for tasks to queue
[2025-06-13T14:56:27.526+0000] {logging_mixin.py:188} INFO - [2025-06-13T14:56:27.526+0000] {dagbag.py:540} INFO - Filling up the DagBag from /home/airflow/.local/lib/python3.10/site-packages/airflow/example_dags/example_kubernetes_executor.py
[2025-06-13T14:56:27.533+0000] {processor.py:840} INFO - DAG(s) 'example_kubernetes_executor' retrieved from /home/airflow/.local/lib/python3.10/site-packages/airflow/example_dags/example_kubernetes_executor.py
[2025-06-13T14:56:27.556+0000] {logging_mixin.py:188} INFO - [2025-06-13T14:56:27.556+0000] {dag.py:3096} INFO - Sync 1 DAGs
[2025-06-13T14:56:27.563+0000] {logging_mixin.py:188} INFO - [2025-06-13T14:56:27.563+0000] {dag.py:3954} INFO - Setting next_dagrun for example_kubernetes_executor to None, run_after=None
[2025-06-13T14:56:27.571+0000] {processor.py:183} INFO - Processing /home/airflow/.local/lib/python3.10/site-packages/airflow/example_dags/example_kubernetes_executor.py took 0.051 seconds
[2025-06-13T14:56:57.807+0000] {processor.py:161} INFO - Started process (PID=1540) to work on /home/airflow/.local/lib/python3.10/site-packages/airflow/example_dags/example_kubernetes_executor.py
[2025-06-13T14:56:57.808+0000] {processor.py:830} INFO - Processing file /home/airflow/.local/lib/python3.10/site-packages/airflow/example_dags/example_kubernetes_executor.py for tasks to queue
[2025-06-13T14:56:57.810+0000] {logging_mixin.py:188} INFO - [2025-06-13T14:56:57.809+0000] {dagbag.py:540} INFO - Filling up the DagBag from /home/airflow/.local/lib/python3.10/site-packages/airflow/example_dags/example_kubernetes_executor.py
[2025-06-13T14:56:57.826+0000] {processor.py:840} INFO - DAG(s) 'example_kubernetes_executor' retrieved from /home/airflow/.local/lib/python3.10/site-packages/airflow/example_dags/example_kubernetes_executor.py
[2025-06-13T14:56:57.859+0000] {logging_mixin.py:188} INFO - [2025-06-13T14:56:57.859+0000] {dag.py:3096} INFO - Sync 1 DAGs
[2025-06-13T14:56:57.867+0000] {logging_mixin.py:188} INFO - [2025-06-13T14:56:57.867+0000] {dag.py:3954} INFO - Setting next_dagrun for example_kubernetes_executor to None, run_after=None
[2025-06-13T14:56:57.881+0000] {processor.py:183} INFO - Processing /home/airflow/.local/lib/python3.10/site-packages/airflow/example_dags/example_kubernetes_executor.py took 0.080 seconds
[2025-06-13T14:57:28.719+0000] {processor.py:161} INFO - Started process (PID=1600) to work on /home/airflow/.local/lib/python3.10/site-packages/airflow/example_dags/example_kubernetes_executor.py
[2025-06-13T14:57:28.721+0000] {processor.py:830} INFO - Processing file /home/airflow/.local/lib/python3.10/site-packages/airflow/example_dags/example_kubernetes_executor.py for tasks to queue
[2025-06-13T14:57:28.722+0000] {logging_mixin.py:188} INFO - [2025-06-13T14:57:28.722+0000] {dagbag.py:540} INFO - Filling up the DagBag from /home/airflow/.local/lib/python3.10/site-packages/airflow/example_dags/example_kubernetes_executor.py
[2025-06-13T14:57:28.731+0000] {processor.py:840} INFO - DAG(s) 'example_kubernetes_executor' retrieved from /home/airflow/.local/lib/python3.10/site-packages/airflow/example_dags/example_kubernetes_executor.py
[2025-06-13T14:57:28.764+0000] {logging_mixin.py:188} INFO - [2025-06-13T14:57:28.764+0000] {dag.py:3096} INFO - Sync 1 DAGs
[2025-06-13T14:57:28.772+0000] {logging_mixin.py:188} INFO - [2025-06-13T14:57:28.772+0000] {dag.py:3954} INFO - Setting next_dagrun for example_kubernetes_executor to None, run_after=None
[2025-06-13T14:57:28.785+0000] {processor.py:183} INFO - Processing /home/airflow/.local/lib/python3.10/site-packages/airflow/example_dags/example_kubernetes_executor.py took 0.070 seconds
[2025-06-13T14:57:59.506+0000] {processor.py:161} INFO - Started process (PID=1660) to work on /home/airflow/.local/lib/python3.10/site-packages/airflow/example_dags/example_kubernetes_executor.py
[2025-06-13T14:57:59.507+0000] {processor.py:830} INFO - Processing file /home/airflow/.local/lib/python3.10/site-packages/airflow/example_dags/example_kubernetes_executor.py for tasks to queue
[2025-06-13T14:57:59.508+0000] {logging_mixin.py:188} INFO - [2025-06-13T14:57:59.508+0000] {dagbag.py:540} INFO - Filling up the DagBag from /home/airflow/.local/lib/python3.10/site-packages/airflow/example_dags/example_kubernetes_executor.py
[2025-06-13T14:57:59.520+0000] {processor.py:840} INFO - DAG(s) 'example_kubernetes_executor' retrieved from /home/airflow/.local/lib/python3.10/site-packages/airflow/example_dags/example_kubernetes_executor.py
[2025-06-13T14:57:59.542+0000] {logging_mixin.py:188} INFO - [2025-06-13T14:57:59.542+0000] {dag.py:3096} INFO - Sync 1 DAGs
[2025-06-13T14:57:59.549+0000] {logging_mixin.py:188} INFO - [2025-06-13T14:57:59.549+0000] {dag.py:3954} INFO - Setting next_dagrun for example_kubernetes_executor to None, run_after=None
[2025-06-13T14:57:59.566+0000] {processor.py:183} INFO - Processing /home/airflow/.local/lib/python3.10/site-packages/airflow/example_dags/example_kubernetes_executor.py took 0.064 seconds
[2025-06-13T14:58:30.881+0000] {processor.py:161} INFO - Started process (PID=1720) to work on /home/airflow/.local/lib/python3.10/site-packages/airflow/example_dags/example_kubernetes_executor.py
[2025-06-13T14:58:30.882+0000] {processor.py:830} INFO - Processing file /home/airflow/.local/lib/python3.10/site-packages/airflow/example_dags/example_kubernetes_executor.py for tasks to queue
[2025-06-13T14:58:30.886+0000] {logging_mixin.py:188} INFO - [2025-06-13T14:58:30.885+0000] {dagbag.py:540} INFO - Filling up the DagBag from /home/airflow/.local/lib/python3.10/site-packages/airflow/example_dags/example_kubernetes_executor.py
[2025-06-13T14:58:30.900+0000] {processor.py:840} INFO - DAG(s) 'example_kubernetes_executor' retrieved from /home/airflow/.local/lib/python3.10/site-packages/airflow/example_dags/example_kubernetes_executor.py
[2025-06-13T14:58:30.925+0000] {logging_mixin.py:188} INFO - [2025-06-13T14:58:30.925+0000] {dag.py:3096} INFO - Sync 1 DAGs
[2025-06-13T14:58:30.936+0000] {logging_mixin.py:188} INFO - [2025-06-13T14:58:30.936+0000] {dag.py:3954} INFO - Setting next_dagrun for example_kubernetes_executor to None, run_after=None
[2025-06-13T14:58:30.952+0000] {processor.py:183} INFO - Processing /home/airflow/.local/lib/python3.10/site-packages/airflow/example_dags/example_kubernetes_executor.py took 0.075 seconds
[2025-06-13T14:59:01.666+0000] {processor.py:161} INFO - Started process (PID=1780) to work on /home/airflow/.local/lib/python3.10/site-packages/airflow/example_dags/example_kubernetes_executor.py
[2025-06-13T14:59:01.666+0000] {processor.py:830} INFO - Processing file /home/airflow/.local/lib/python3.10/site-packages/airflow/example_dags/example_kubernetes_executor.py for tasks to queue
[2025-06-13T14:59:01.667+0000] {logging_mixin.py:188} INFO - [2025-06-13T14:59:01.667+0000] {dagbag.py:540} INFO - Filling up the DagBag from /home/airflow/.local/lib/python3.10/site-packages/airflow/example_dags/example_kubernetes_executor.py
[2025-06-13T14:59:01.678+0000] {processor.py:840} INFO - DAG(s) 'example_kubernetes_executor' retrieved from /home/airflow/.local/lib/python3.10/site-packages/airflow/example_dags/example_kubernetes_executor.py
[2025-06-13T14:59:01.714+0000] {logging_mixin.py:188} INFO - [2025-06-13T14:59:01.713+0000] {dag.py:3096} INFO - Sync 1 DAGs
[2025-06-13T14:59:01.720+0000] {logging_mixin.py:188} INFO - [2025-06-13T14:59:01.720+0000] {dag.py:3954} INFO - Setting next_dagrun for example_kubernetes_executor to None, run_after=None
[2025-06-13T14:59:01.731+0000] {processor.py:183} INFO - Processing /home/airflow/.local/lib/python3.10/site-packages/airflow/example_dags/example_kubernetes_executor.py took 0.069 seconds
[2025-06-13T14:59:31.988+0000] {processor.py:161} INFO - Started process (PID=1840) to work on /home/airflow/.local/lib/python3.10/site-packages/airflow/example_dags/example_kubernetes_executor.py
[2025-06-13T14:59:31.989+0000] {processor.py:830} INFO - Processing file /home/airflow/.local/lib/python3.10/site-packages/airflow/example_dags/example_kubernetes_executor.py for tasks to queue
[2025-06-13T14:59:31.990+0000] {logging_mixin.py:188} INFO - [2025-06-13T14:59:31.990+0000] {dagbag.py:540} INFO - Filling up the DagBag from /home/airflow/.local/lib/python3.10/site-packages/airflow/example_dags/example_kubernetes_executor.py
[2025-06-13T14:59:31.998+0000] {processor.py:840} INFO - DAG(s) 'example_kubernetes_executor' retrieved from /home/airflow/.local/lib/python3.10/site-packages/airflow/example_dags/example_kubernetes_executor.py
[2025-06-13T14:59:32.024+0000] {logging_mixin.py:188} INFO - [2025-06-13T14:59:32.024+0000] {dag.py:3096} INFO - Sync 1 DAGs
[2025-06-13T14:59:32.032+0000] {logging_mixin.py:188} INFO - [2025-06-13T14:59:32.032+0000] {dag.py:3954} INFO - Setting next_dagrun for example_kubernetes_executor to None, run_after=None
[2025-06-13T14:59:32.041+0000] {processor.py:183} INFO - Processing /home/airflow/.local/lib/python3.10/site-packages/airflow/example_dags/example_kubernetes_executor.py took 0.056 seconds
[2025-06-13T15:00:03.040+0000] {processor.py:161} INFO - Started process (PID=1900) to work on /home/airflow/.local/lib/python3.10/site-packages/airflow/example_dags/example_kubernetes_executor.py
[2025-06-13T15:00:03.041+0000] {processor.py:830} INFO - Processing file /home/airflow/.local/lib/python3.10/site-packages/airflow/example_dags/example_kubernetes_executor.py for tasks to queue
[2025-06-13T15:00:03.042+0000] {logging_mixin.py:188} INFO - [2025-06-13T15:00:03.042+0000] {dagbag.py:540} INFO - Filling up the DagBag from /home/airflow/.local/lib/python3.10/site-packages/airflow/example_dags/example_kubernetes_executor.py
[2025-06-13T15:00:03.051+0000] {processor.py:840} INFO - DAG(s) 'example_kubernetes_executor' retrieved from /home/airflow/.local/lib/python3.10/site-packages/airflow/example_dags/example_kubernetes_executor.py
[2025-06-13T15:00:03.097+0000] {logging_mixin.py:188} INFO - [2025-06-13T15:00:03.096+0000] {dag.py:3096} INFO - Sync 1 DAGs
[2025-06-13T15:00:03.144+0000] {logging_mixin.py:188} INFO - [2025-06-13T15:00:03.143+0000] {dag.py:3954} INFO - Setting next_dagrun for example_kubernetes_executor to None, run_after=None
[2025-06-13T15:00:03.169+0000] {processor.py:183} INFO - Processing /home/airflow/.local/lib/python3.10/site-packages/airflow/example_dags/example_kubernetes_executor.py took 0.133 seconds
[2025-06-13T15:00:33.459+0000] {processor.py:161} INFO - Started process (PID=1960) to work on /home/airflow/.local/lib/python3.10/site-packages/airflow/example_dags/example_kubernetes_executor.py
[2025-06-13T15:00:33.461+0000] {processor.py:830} INFO - Processing file /home/airflow/.local/lib/python3.10/site-packages/airflow/example_dags/example_kubernetes_executor.py for tasks to queue
[2025-06-13T15:00:33.462+0000] {logging_mixin.py:188} INFO - [2025-06-13T15:00:33.462+0000] {dagbag.py:540} INFO - Filling up the DagBag from /home/airflow/.local/lib/python3.10/site-packages/airflow/example_dags/example_kubernetes_executor.py
[2025-06-13T15:00:33.471+0000] {processor.py:840} INFO - DAG(s) 'example_kubernetes_executor' retrieved from /home/airflow/.local/lib/python3.10/site-packages/airflow/example_dags/example_kubernetes_executor.py
[2025-06-13T15:00:33.497+0000] {logging_mixin.py:188} INFO - [2025-06-13T15:00:33.497+0000] {dag.py:3096} INFO - Sync 1 DAGs
[2025-06-13T15:00:33.505+0000] {logging_mixin.py:188} INFO - [2025-06-13T15:00:33.505+0000] {dag.py:3954} INFO - Setting next_dagrun for example_kubernetes_executor to None, run_after=None
[2025-06-13T15:00:33.521+0000] {processor.py:183} INFO - Processing /home/airflow/.local/lib/python3.10/site-packages/airflow/example_dags/example_kubernetes_executor.py took 0.067 seconds
[2025-06-13T15:01:03.973+0000] {processor.py:161} INFO - Started process (PID=2020) to work on /home/airflow/.local/lib/python3.10/site-packages/airflow/example_dags/example_kubernetes_executor.py
[2025-06-13T15:01:03.974+0000] {processor.py:830} INFO - Processing file /home/airflow/.local/lib/python3.10/site-packages/airflow/example_dags/example_kubernetes_executor.py for tasks to queue
[2025-06-13T15:01:03.975+0000] {logging_mixin.py:188} INFO - [2025-06-13T15:01:03.975+0000] {dagbag.py:540} INFO - Filling up the DagBag from /home/airflow/.local/lib/python3.10/site-packages/airflow/example_dags/example_kubernetes_executor.py
[2025-06-13T15:01:03.983+0000] {processor.py:840} INFO - DAG(s) 'example_kubernetes_executor' retrieved from /home/airflow/.local/lib/python3.10/site-packages/airflow/example_dags/example_kubernetes_executor.py
[2025-06-13T15:01:04.011+0000] {logging_mixin.py:188} INFO - [2025-06-13T15:01:04.011+0000] {dag.py:3096} INFO - Sync 1 DAGs
[2025-06-13T15:01:04.017+0000] {logging_mixin.py:188} INFO - [2025-06-13T15:01:04.017+0000] {dag.py:3954} INFO - Setting next_dagrun for example_kubernetes_executor to None, run_after=None
[2025-06-13T15:01:04.033+0000] {processor.py:183} INFO - Processing /home/airflow/.local/lib/python3.10/site-packages/airflow/example_dags/example_kubernetes_executor.py took 0.064 seconds
[2025-06-13T15:01:34.334+0000] {processor.py:161} INFO - Started process (PID=2080) to work on /home/airflow/.local/lib/python3.10/site-packages/airflow/example_dags/example_kubernetes_executor.py
[2025-06-13T15:01:34.335+0000] {processor.py:830} INFO - Processing file /home/airflow/.local/lib/python3.10/site-packages/airflow/example_dags/example_kubernetes_executor.py for tasks to queue
[2025-06-13T15:01:34.336+0000] {logging_mixin.py:188} INFO - [2025-06-13T15:01:34.336+0000] {dagbag.py:540} INFO - Filling up the DagBag from /home/airflow/.local/lib/python3.10/site-packages/airflow/example_dags/example_kubernetes_executor.py
[2025-06-13T15:01:34.349+0000] {processor.py:840} INFO - DAG(s) 'example_kubernetes_executor' retrieved from /home/airflow/.local/lib/python3.10/site-packages/airflow/example_dags/example_kubernetes_executor.py
[2025-06-13T15:01:34.382+0000] {logging_mixin.py:188} INFO - [2025-06-13T15:01:34.381+0000] {dag.py:3096} INFO - Sync 1 DAGs
[2025-06-13T15:01:34.388+0000] {logging_mixin.py:188} INFO - [2025-06-13T15:01:34.388+0000] {dag.py:3954} INFO - Setting next_dagrun for example_kubernetes_executor to None, run_after=None
[2025-06-13T15:01:34.401+0000] {processor.py:183} INFO - Processing /home/airflow/.local/lib/python3.10/site-packages/airflow/example_dags/example_kubernetes_executor.py took 0.071 seconds
[2025-06-13T15:02:04.774+0000] {processor.py:161} INFO - Started process (PID=2140) to work on /home/airflow/.local/lib/python3.10/site-packages/airflow/example_dags/example_kubernetes_executor.py
[2025-06-13T15:02:04.775+0000] {processor.py:830} INFO - Processing file /home/airflow/.local/lib/python3.10/site-packages/airflow/example_dags/example_kubernetes_executor.py for tasks to queue
[2025-06-13T15:02:04.779+0000] {logging_mixin.py:188} INFO - [2025-06-13T15:02:04.779+0000] {dagbag.py:540} INFO - Filling up the DagBag from /home/airflow/.local/lib/python3.10/site-packages/airflow/example_dags/example_kubernetes_executor.py
[2025-06-13T15:02:04.794+0000] {processor.py:840} INFO - DAG(s) 'example_kubernetes_executor' retrieved from /home/airflow/.local/lib/python3.10/site-packages/airflow/example_dags/example_kubernetes_executor.py
[2025-06-13T15:02:04.832+0000] {logging_mixin.py:188} INFO - [2025-06-13T15:02:04.832+0000] {dag.py:3096} INFO - Sync 1 DAGs
[2025-06-13T15:02:04.842+0000] {logging_mixin.py:188} INFO - [2025-06-13T15:02:04.842+0000] {dag.py:3954} INFO - Setting next_dagrun for example_kubernetes_executor to None, run_after=None
[2025-06-13T15:02:04.860+0000] {processor.py:183} INFO - Processing /home/airflow/.local/lib/python3.10/site-packages/airflow/example_dags/example_kubernetes_executor.py took 0.092 seconds
[2025-06-13T15:02:35.369+0000] {processor.py:161} INFO - Started process (PID=2200) to work on /home/airflow/.local/lib/python3.10/site-packages/airflow/example_dags/example_kubernetes_executor.py
[2025-06-13T15:02:35.370+0000] {processor.py:830} INFO - Processing file /home/airflow/.local/lib/python3.10/site-packages/airflow/example_dags/example_kubernetes_executor.py for tasks to queue
[2025-06-13T15:02:35.371+0000] {logging_mixin.py:188} INFO - [2025-06-13T15:02:35.370+0000] {dagbag.py:540} INFO - Filling up the DagBag from /home/airflow/.local/lib/python3.10/site-packages/airflow/example_dags/example_kubernetes_executor.py
[2025-06-13T15:02:35.378+0000] {processor.py:840} INFO - DAG(s) 'example_kubernetes_executor' retrieved from /home/airflow/.local/lib/python3.10/site-packages/airflow/example_dags/example_kubernetes_executor.py
[2025-06-13T15:02:35.403+0000] {logging_mixin.py:188} INFO - [2025-06-13T15:02:35.403+0000] {dag.py:3096} INFO - Sync 1 DAGs
[2025-06-13T15:02:35.413+0000] {logging_mixin.py:188} INFO - [2025-06-13T15:02:35.413+0000] {dag.py:3954} INFO - Setting next_dagrun for example_kubernetes_executor to None, run_after=None
[2025-06-13T15:02:35.424+0000] {processor.py:183} INFO - Processing /home/airflow/.local/lib/python3.10/site-packages/airflow/example_dags/example_kubernetes_executor.py took 0.060 seconds
[2025-06-13T15:03:06.018+0000] {processor.py:161} INFO - Started process (PID=2260) to work on /home/airflow/.local/lib/python3.10/site-packages/airflow/example_dags/example_kubernetes_executor.py
[2025-06-13T15:03:06.019+0000] {processor.py:830} INFO - Processing file /home/airflow/.local/lib/python3.10/site-packages/airflow/example_dags/example_kubernetes_executor.py for tasks to queue
[2025-06-13T15:03:06.020+0000] {logging_mixin.py:188} INFO - [2025-06-13T15:03:06.020+0000] {dagbag.py:540} INFO - Filling up the DagBag from /home/airflow/.local/lib/python3.10/site-packages/airflow/example_dags/example_kubernetes_executor.py
[2025-06-13T15:03:06.028+0000] {processor.py:840} INFO - DAG(s) 'example_kubernetes_executor' retrieved from /home/airflow/.local/lib/python3.10/site-packages/airflow/example_dags/example_kubernetes_executor.py
[2025-06-13T15:03:06.057+0000] {logging_mixin.py:188} INFO - [2025-06-13T15:03:06.057+0000] {dag.py:3096} INFO - Sync 1 DAGs
[2025-06-13T15:03:06.065+0000] {logging_mixin.py:188} INFO - [2025-06-13T15:03:06.065+0000] {dag.py:3954} INFO - Setting next_dagrun for example_kubernetes_executor to None, run_after=None
[2025-06-13T15:03:06.076+0000] {processor.py:183} INFO - Processing /home/airflow/.local/lib/python3.10/site-packages/airflow/example_dags/example_kubernetes_executor.py took 0.064 seconds
[2025-06-13T15:03:37.019+0000] {processor.py:161} INFO - Started process (PID=2320) to work on /home/airflow/.local/lib/python3.10/site-packages/airflow/example_dags/example_kubernetes_executor.py
[2025-06-13T15:03:37.020+0000] {processor.py:830} INFO - Processing file /home/airflow/.local/lib/python3.10/site-packages/airflow/example_dags/example_kubernetes_executor.py for tasks to queue
[2025-06-13T15:03:37.025+0000] {logging_mixin.py:188} INFO - [2025-06-13T15:03:37.025+0000] {dagbag.py:540} INFO - Filling up the DagBag from /home/airflow/.local/lib/python3.10/site-packages/airflow/example_dags/example_kubernetes_executor.py
[2025-06-13T15:03:37.033+0000] {processor.py:840} INFO - DAG(s) 'example_kubernetes_executor' retrieved from /home/airflow/.local/lib/python3.10/site-packages/airflow/example_dags/example_kubernetes_executor.py
[2025-06-13T15:03:37.059+0000] {logging_mixin.py:188} INFO - [2025-06-13T15:03:37.059+0000] {dag.py:3096} INFO - Sync 1 DAGs
[2025-06-13T15:03:37.067+0000] {logging_mixin.py:188} INFO - [2025-06-13T15:03:37.066+0000] {dag.py:3954} INFO - Setting next_dagrun for example_kubernetes_executor to None, run_after=None
[2025-06-13T15:03:37.078+0000] {processor.py:183} INFO - Processing /home/airflow/.local/lib/python3.10/site-packages/airflow/example_dags/example_kubernetes_executor.py took 0.063 seconds
[2025-06-13T15:04:07.728+0000] {processor.py:161} INFO - Started process (PID=2380) to work on /home/airflow/.local/lib/python3.10/site-packages/airflow/example_dags/example_kubernetes_executor.py
[2025-06-13T15:04:07.730+0000] {processor.py:830} INFO - Processing file /home/airflow/.local/lib/python3.10/site-packages/airflow/example_dags/example_kubernetes_executor.py for tasks to queue
[2025-06-13T15:04:07.733+0000] {logging_mixin.py:188} INFO - [2025-06-13T15:04:07.732+0000] {dagbag.py:540} INFO - Filling up the DagBag from /home/airflow/.local/lib/python3.10/site-packages/airflow/example_dags/example_kubernetes_executor.py
[2025-06-13T15:04:07.743+0000] {processor.py:840} INFO - DAG(s) 'example_kubernetes_executor' retrieved from /home/airflow/.local/lib/python3.10/site-packages/airflow/example_dags/example_kubernetes_executor.py
[2025-06-13T15:04:07.823+0000] {logging_mixin.py:188} INFO - [2025-06-13T15:04:07.822+0000] {dag.py:3096} INFO - Sync 1 DAGs
[2025-06-13T15:04:07.835+0000] {logging_mixin.py:188} INFO - [2025-06-13T15:04:07.835+0000] {dag.py:3954} INFO - Setting next_dagrun for example_kubernetes_executor to None, run_after=None
[2025-06-13T15:04:07.852+0000] {processor.py:183} INFO - Processing /home/airflow/.local/lib/python3.10/site-packages/airflow/example_dags/example_kubernetes_executor.py took 0.130 seconds
[2025-06-13T15:04:38.156+0000] {processor.py:161} INFO - Started process (PID=2440) to work on /home/airflow/.local/lib/python3.10/site-packages/airflow/example_dags/example_kubernetes_executor.py
[2025-06-13T15:04:38.157+0000] {processor.py:830} INFO - Processing file /home/airflow/.local/lib/python3.10/site-packages/airflow/example_dags/example_kubernetes_executor.py for tasks to queue
[2025-06-13T15:04:38.159+0000] {logging_mixin.py:188} INFO - [2025-06-13T15:04:38.159+0000] {dagbag.py:540} INFO - Filling up the DagBag from /home/airflow/.local/lib/python3.10/site-packages/airflow/example_dags/example_kubernetes_executor.py
[2025-06-13T15:04:38.169+0000] {processor.py:840} INFO - DAG(s) 'example_kubernetes_executor' retrieved from /home/airflow/.local/lib/python3.10/site-packages/airflow/example_dags/example_kubernetes_executor.py
[2025-06-13T15:04:38.204+0000] {logging_mixin.py:188} INFO - [2025-06-13T15:04:38.204+0000] {dag.py:3096} INFO - Sync 1 DAGs
[2025-06-13T15:04:38.213+0000] {logging_mixin.py:188} INFO - [2025-06-13T15:04:38.212+0000] {dag.py:3954} INFO - Setting next_dagrun for example_kubernetes_executor to None, run_after=None
[2025-06-13T15:04:38.224+0000] {processor.py:183} INFO - Processing /home/airflow/.local/lib/python3.10/site-packages/airflow/example_dags/example_kubernetes_executor.py took 0.075 seconds
[2025-06-13T15:05:08.900+0000] {processor.py:161} INFO - Started process (PID=2500) to work on /home/airflow/.local/lib/python3.10/site-packages/airflow/example_dags/example_kubernetes_executor.py
[2025-06-13T15:05:08.901+0000] {processor.py:830} INFO - Processing file /home/airflow/.local/lib/python3.10/site-packages/airflow/example_dags/example_kubernetes_executor.py for tasks to queue
[2025-06-13T15:05:08.902+0000] {logging_mixin.py:188} INFO - [2025-06-13T15:05:08.902+0000] {dagbag.py:540} INFO - Filling up the DagBag from /home/airflow/.local/lib/python3.10/site-packages/airflow/example_dags/example_kubernetes_executor.py
[2025-06-13T15:05:08.910+0000] {processor.py:840} INFO - DAG(s) 'example_kubernetes_executor' retrieved from /home/airflow/.local/lib/python3.10/site-packages/airflow/example_dags/example_kubernetes_executor.py
[2025-06-13T15:05:08.933+0000] {logging_mixin.py:188} INFO - [2025-06-13T15:05:08.933+0000] {dag.py:3096} INFO - Sync 1 DAGs
[2025-06-13T15:05:08.940+0000] {logging_mixin.py:188} INFO - [2025-06-13T15:05:08.940+0000] {dag.py:3954} INFO - Setting next_dagrun for example_kubernetes_executor to None, run_after=None
[2025-06-13T15:05:08.951+0000] {processor.py:183} INFO - Processing /home/airflow/.local/lib/python3.10/site-packages/airflow/example_dags/example_kubernetes_executor.py took 0.054 seconds
