[2025-06-13T14:33:25.425+0000] {processor.py:161} INFO - Started process (PID=78) to work on /home/airflow/.local/lib/python3.10/site-packages/airflow/example_dags/example_python_operator.py
[2025-06-13T14:33:25.425+0000] {processor.py:830} INFO - Processing file /home/airflow/.local/lib/python3.10/site-packages/airflow/example_dags/example_python_operator.py for tasks to queue
[2025-06-13T14:33:25.426+0000] {logging_mixin.py:188} INFO - [2025-06-13T14:33:25.426+0000] {dagbag.py:540} INFO - Filling up the DagBag from /home/airflow/.local/lib/python3.10/site-packages/airflow/example_dags/example_python_operator.py
[2025-06-13T14:33:25.439+0000] {processor.py:840} INFO - DAG(s) 'example_python_operator' retrieved from /home/airflow/.local/lib/python3.10/site-packages/airflow/example_dags/example_python_operator.py
[2025-06-13T14:33:25.454+0000] {logging_mixin.py:188} INFO - [2025-06-13T14:33:25.454+0000] {dag.py:3096} INFO - Sync 1 DAGs
[2025-06-13T14:33:25.470+0000] {logging_mixin.py:188} INFO - [2025-06-13T14:33:25.470+0000] {dag.py:3954} INFO - Setting next_dagrun for example_python_operator to None, run_after=None
[2025-06-13T14:33:25.494+0000] {processor.py:183} INFO - Processing /home/airflow/.local/lib/python3.10/site-packages/airflow/example_dags/example_python_operator.py took 0.073 seconds
[2025-06-13T14:33:55.640+0000] {processor.py:161} INFO - Started process (PID=135) to work on /home/airflow/.local/lib/python3.10/site-packages/airflow/example_dags/example_python_operator.py
[2025-06-13T14:33:55.641+0000] {processor.py:830} INFO - Processing file /home/airflow/.local/lib/python3.10/site-packages/airflow/example_dags/example_python_operator.py for tasks to queue
[2025-06-13T14:33:55.642+0000] {logging_mixin.py:188} INFO - [2025-06-13T14:33:55.642+0000] {dagbag.py:540} INFO - Filling up the DagBag from /home/airflow/.local/lib/python3.10/site-packages/airflow/example_dags/example_python_operator.py
[2025-06-13T14:33:55.648+0000] {processor.py:840} INFO - DAG(s) 'example_python_operator' retrieved from /home/airflow/.local/lib/python3.10/site-packages/airflow/example_dags/example_python_operator.py
[2025-06-13T14:33:55.702+0000] {logging_mixin.py:188} INFO - [2025-06-13T14:33:55.702+0000] {dag.py:3096} INFO - Sync 1 DAGs
[2025-06-13T14:33:55.708+0000] {logging_mixin.py:188} INFO - [2025-06-13T14:33:55.708+0000] {dag.py:3954} INFO - Setting next_dagrun for example_python_operator to None, run_after=None
[2025-06-13T14:33:55.717+0000] {processor.py:183} INFO - Processing /home/airflow/.local/lib/python3.10/site-packages/airflow/example_dags/example_python_operator.py took 0.080 seconds
[2025-06-13T14:34:25.997+0000] {processor.py:161} INFO - Started process (PID=193) to work on /home/airflow/.local/lib/python3.10/site-packages/airflow/example_dags/example_python_operator.py
[2025-06-13T14:34:25.998+0000] {processor.py:830} INFO - Processing file /home/airflow/.local/lib/python3.10/site-packages/airflow/example_dags/example_python_operator.py for tasks to queue
[2025-06-13T14:34:25.999+0000] {logging_mixin.py:188} INFO - [2025-06-13T14:34:25.999+0000] {dagbag.py:540} INFO - Filling up the DagBag from /home/airflow/.local/lib/python3.10/site-packages/airflow/example_dags/example_python_operator.py
[2025-06-13T14:34:26.005+0000] {processor.py:840} INFO - DAG(s) 'example_python_operator' retrieved from /home/airflow/.local/lib/python3.10/site-packages/airflow/example_dags/example_python_operator.py
[2025-06-13T14:34:26.016+0000] {logging_mixin.py:188} INFO - [2025-06-13T14:34:26.016+0000] {dag.py:3096} INFO - Sync 1 DAGs
[2025-06-13T14:34:26.026+0000] {logging_mixin.py:188} INFO - [2025-06-13T14:34:26.025+0000] {dag.py:3954} INFO - Setting next_dagrun for example_python_operator to None, run_after=None
[2025-06-13T14:34:26.041+0000] {processor.py:183} INFO - Processing /home/airflow/.local/lib/python3.10/site-packages/airflow/example_dags/example_python_operator.py took 0.048 seconds
[2025-06-13T14:34:56.379+0000] {processor.py:161} INFO - Started process (PID=251) to work on /home/airflow/.local/lib/python3.10/site-packages/airflow/example_dags/example_python_operator.py
[2025-06-13T14:34:56.380+0000] {processor.py:830} INFO - Processing file /home/airflow/.local/lib/python3.10/site-packages/airflow/example_dags/example_python_operator.py for tasks to queue
[2025-06-13T14:34:56.381+0000] {logging_mixin.py:188} INFO - [2025-06-13T14:34:56.381+0000] {dagbag.py:540} INFO - Filling up the DagBag from /home/airflow/.local/lib/python3.10/site-packages/airflow/example_dags/example_python_operator.py
[2025-06-13T14:34:56.389+0000] {processor.py:840} INFO - DAG(s) 'example_python_operator' retrieved from /home/airflow/.local/lib/python3.10/site-packages/airflow/example_dags/example_python_operator.py
[2025-06-13T14:34:56.402+0000] {logging_mixin.py:188} INFO - [2025-06-13T14:34:56.402+0000] {dag.py:3096} INFO - Sync 1 DAGs
[2025-06-13T14:34:56.411+0000] {logging_mixin.py:188} INFO - [2025-06-13T14:34:56.411+0000] {dag.py:3954} INFO - Setting next_dagrun for example_python_operator to None, run_after=None
[2025-06-13T14:34:56.424+0000] {processor.py:183} INFO - Processing /home/airflow/.local/lib/python3.10/site-packages/airflow/example_dags/example_python_operator.py took 0.050 seconds
[2025-06-13T14:35:27.067+0000] {processor.py:161} INFO - Started process (PID=309) to work on /home/airflow/.local/lib/python3.10/site-packages/airflow/example_dags/example_python_operator.py
[2025-06-13T14:35:27.068+0000] {processor.py:830} INFO - Processing file /home/airflow/.local/lib/python3.10/site-packages/airflow/example_dags/example_python_operator.py for tasks to queue
[2025-06-13T14:35:27.069+0000] {logging_mixin.py:188} INFO - [2025-06-13T14:35:27.069+0000] {dagbag.py:540} INFO - Filling up the DagBag from /home/airflow/.local/lib/python3.10/site-packages/airflow/example_dags/example_python_operator.py
[2025-06-13T14:35:27.075+0000] {processor.py:840} INFO - DAG(s) 'example_python_operator' retrieved from /home/airflow/.local/lib/python3.10/site-packages/airflow/example_dags/example_python_operator.py
[2025-06-13T14:35:27.095+0000] {logging_mixin.py:188} INFO - [2025-06-13T14:35:27.094+0000] {dag.py:3096} INFO - Sync 1 DAGs
[2025-06-13T14:35:27.102+0000] {logging_mixin.py:188} INFO - [2025-06-13T14:35:27.102+0000] {dag.py:3954} INFO - Setting next_dagrun for example_python_operator to None, run_after=None
[2025-06-13T14:35:27.132+0000] {processor.py:183} INFO - Processing /home/airflow/.local/lib/python3.10/site-packages/airflow/example_dags/example_python_operator.py took 0.068 seconds
[2025-06-13T14:35:58.553+0000] {processor.py:161} INFO - Started process (PID=373) to work on /home/airflow/.local/lib/python3.10/site-packages/airflow/example_dags/example_python_operator.py
[2025-06-13T14:35:58.554+0000] {processor.py:830} INFO - Processing file /home/airflow/.local/lib/python3.10/site-packages/airflow/example_dags/example_python_operator.py for tasks to queue
[2025-06-13T14:35:58.555+0000] {logging_mixin.py:188} INFO - [2025-06-13T14:35:58.555+0000] {dagbag.py:540} INFO - Filling up the DagBag from /home/airflow/.local/lib/python3.10/site-packages/airflow/example_dags/example_python_operator.py
[2025-06-13T14:35:58.561+0000] {processor.py:840} INFO - DAG(s) 'example_python_operator' retrieved from /home/airflow/.local/lib/python3.10/site-packages/airflow/example_dags/example_python_operator.py
[2025-06-13T14:35:58.573+0000] {logging_mixin.py:188} INFO - [2025-06-13T14:35:58.573+0000] {dag.py:3096} INFO - Sync 1 DAGs
[2025-06-13T14:35:58.579+0000] {logging_mixin.py:188} INFO - [2025-06-13T14:35:58.579+0000] {dag.py:3954} INFO - Setting next_dagrun for example_python_operator to None, run_after=None
[2025-06-13T14:35:58.593+0000] {processor.py:183} INFO - Processing /home/airflow/.local/lib/python3.10/site-packages/airflow/example_dags/example_python_operator.py took 0.044 seconds
[2025-06-13T14:36:29.323+0000] {processor.py:161} INFO - Started process (PID=431) to work on /home/airflow/.local/lib/python3.10/site-packages/airflow/example_dags/example_python_operator.py
[2025-06-13T14:36:29.326+0000] {processor.py:830} INFO - Processing file /home/airflow/.local/lib/python3.10/site-packages/airflow/example_dags/example_python_operator.py for tasks to queue
[2025-06-13T14:36:29.329+0000] {logging_mixin.py:188} INFO - [2025-06-13T14:36:29.329+0000] {dagbag.py:540} INFO - Filling up the DagBag from /home/airflow/.local/lib/python3.10/site-packages/airflow/example_dags/example_python_operator.py
[2025-06-13T14:36:29.335+0000] {processor.py:840} INFO - DAG(s) 'example_python_operator' retrieved from /home/airflow/.local/lib/python3.10/site-packages/airflow/example_dags/example_python_operator.py
[2025-06-13T14:36:29.347+0000] {logging_mixin.py:188} INFO - [2025-06-13T14:36:29.347+0000] {dag.py:3096} INFO - Sync 1 DAGs
[2025-06-13T14:36:29.355+0000] {logging_mixin.py:188} INFO - [2025-06-13T14:36:29.354+0000] {dag.py:3954} INFO - Setting next_dagrun for example_python_operator to None, run_after=None
[2025-06-13T14:36:29.367+0000] {processor.py:183} INFO - Processing /home/airflow/.local/lib/python3.10/site-packages/airflow/example_dags/example_python_operator.py took 0.049 seconds
[2025-06-13T14:36:59.625+0000] {processor.py:161} INFO - Started process (PID=489) to work on /home/airflow/.local/lib/python3.10/site-packages/airflow/example_dags/example_python_operator.py
[2025-06-13T14:36:59.626+0000] {processor.py:830} INFO - Processing file /home/airflow/.local/lib/python3.10/site-packages/airflow/example_dags/example_python_operator.py for tasks to queue
[2025-06-13T14:36:59.628+0000] {logging_mixin.py:188} INFO - [2025-06-13T14:36:59.628+0000] {dagbag.py:540} INFO - Filling up the DagBag from /home/airflow/.local/lib/python3.10/site-packages/airflow/example_dags/example_python_operator.py
[2025-06-13T14:36:59.634+0000] {processor.py:840} INFO - DAG(s) 'example_python_operator' retrieved from /home/airflow/.local/lib/python3.10/site-packages/airflow/example_dags/example_python_operator.py
[2025-06-13T14:36:59.648+0000] {logging_mixin.py:188} INFO - [2025-06-13T14:36:59.648+0000] {dag.py:3096} INFO - Sync 1 DAGs
[2025-06-13T14:36:59.655+0000] {logging_mixin.py:188} INFO - [2025-06-13T14:36:59.655+0000] {dag.py:3954} INFO - Setting next_dagrun for example_python_operator to None, run_after=None
[2025-06-13T14:36:59.670+0000] {processor.py:183} INFO - Processing /home/airflow/.local/lib/python3.10/site-packages/airflow/example_dags/example_python_operator.py took 0.049 seconds
[2025-06-13T14:37:30.600+0000] {processor.py:161} INFO - Started process (PID=547) to work on /home/airflow/.local/lib/python3.10/site-packages/airflow/example_dags/example_python_operator.py
[2025-06-13T14:37:30.601+0000] {processor.py:830} INFO - Processing file /home/airflow/.local/lib/python3.10/site-packages/airflow/example_dags/example_python_operator.py for tasks to queue
[2025-06-13T14:37:30.603+0000] {logging_mixin.py:188} INFO - [2025-06-13T14:37:30.602+0000] {dagbag.py:540} INFO - Filling up the DagBag from /home/airflow/.local/lib/python3.10/site-packages/airflow/example_dags/example_python_operator.py
[2025-06-13T14:37:30.609+0000] {processor.py:840} INFO - DAG(s) 'example_python_operator' retrieved from /home/airflow/.local/lib/python3.10/site-packages/airflow/example_dags/example_python_operator.py
[2025-06-13T14:37:30.622+0000] {logging_mixin.py:188} INFO - [2025-06-13T14:37:30.622+0000] {dag.py:3096} INFO - Sync 1 DAGs
[2025-06-13T14:37:30.632+0000] {logging_mixin.py:188} INFO - [2025-06-13T14:37:30.632+0000] {dag.py:3954} INFO - Setting next_dagrun for example_python_operator to None, run_after=None
[2025-06-13T14:37:30.651+0000] {processor.py:183} INFO - Processing /home/airflow/.local/lib/python3.10/site-packages/airflow/example_dags/example_python_operator.py took 0.055 seconds
[2025-06-13T14:38:00.701+0000] {processor.py:161} INFO - Started process (PID=605) to work on /home/airflow/.local/lib/python3.10/site-packages/airflow/example_dags/example_python_operator.py
[2025-06-13T14:38:00.702+0000] {processor.py:830} INFO - Processing file /home/airflow/.local/lib/python3.10/site-packages/airflow/example_dags/example_python_operator.py for tasks to queue
[2025-06-13T14:38:00.703+0000] {logging_mixin.py:188} INFO - [2025-06-13T14:38:00.703+0000] {dagbag.py:540} INFO - Filling up the DagBag from /home/airflow/.local/lib/python3.10/site-packages/airflow/example_dags/example_python_operator.py
[2025-06-13T14:38:00.709+0000] {processor.py:840} INFO - DAG(s) 'example_python_operator' retrieved from /home/airflow/.local/lib/python3.10/site-packages/airflow/example_dags/example_python_operator.py
[2025-06-13T14:38:00.722+0000] {logging_mixin.py:188} INFO - [2025-06-13T14:38:00.722+0000] {dag.py:3096} INFO - Sync 1 DAGs
[2025-06-13T14:38:00.728+0000] {logging_mixin.py:188} INFO - [2025-06-13T14:38:00.728+0000] {dag.py:3954} INFO - Setting next_dagrun for example_python_operator to None, run_after=None
[2025-06-13T14:38:00.739+0000] {processor.py:183} INFO - Processing /home/airflow/.local/lib/python3.10/site-packages/airflow/example_dags/example_python_operator.py took 0.041 seconds
[2025-06-13T14:38:31.444+0000] {processor.py:161} INFO - Started process (PID=665) to work on /home/airflow/.local/lib/python3.10/site-packages/airflow/example_dags/example_python_operator.py
[2025-06-13T14:38:31.445+0000] {processor.py:830} INFO - Processing file /home/airflow/.local/lib/python3.10/site-packages/airflow/example_dags/example_python_operator.py for tasks to queue
[2025-06-13T14:38:31.446+0000] {logging_mixin.py:188} INFO - [2025-06-13T14:38:31.446+0000] {dagbag.py:540} INFO - Filling up the DagBag from /home/airflow/.local/lib/python3.10/site-packages/airflow/example_dags/example_python_operator.py
[2025-06-13T14:38:31.452+0000] {processor.py:840} INFO - DAG(s) 'example_python_operator' retrieved from /home/airflow/.local/lib/python3.10/site-packages/airflow/example_dags/example_python_operator.py
[2025-06-13T14:38:31.469+0000] {logging_mixin.py:188} INFO - [2025-06-13T14:38:31.469+0000] {dag.py:3096} INFO - Sync 1 DAGs
[2025-06-13T14:38:31.476+0000] {logging_mixin.py:188} INFO - [2025-06-13T14:38:31.476+0000] {dag.py:3954} INFO - Setting next_dagrun for example_python_operator to None, run_after=None
[2025-06-13T14:38:31.493+0000] {processor.py:183} INFO - Processing /home/airflow/.local/lib/python3.10/site-packages/airflow/example_dags/example_python_operator.py took 0.052 seconds
[2025-06-13T14:39:02.175+0000] {processor.py:161} INFO - Started process (PID=725) to work on /home/airflow/.local/lib/python3.10/site-packages/airflow/example_dags/example_python_operator.py
[2025-06-13T14:39:02.177+0000] {processor.py:830} INFO - Processing file /home/airflow/.local/lib/python3.10/site-packages/airflow/example_dags/example_python_operator.py for tasks to queue
[2025-06-13T14:39:02.178+0000] {logging_mixin.py:188} INFO - [2025-06-13T14:39:02.178+0000] {dagbag.py:540} INFO - Filling up the DagBag from /home/airflow/.local/lib/python3.10/site-packages/airflow/example_dags/example_python_operator.py
[2025-06-13T14:39:02.184+0000] {processor.py:840} INFO - DAG(s) 'example_python_operator' retrieved from /home/airflow/.local/lib/python3.10/site-packages/airflow/example_dags/example_python_operator.py
[2025-06-13T14:39:02.198+0000] {logging_mixin.py:188} INFO - [2025-06-13T14:39:02.198+0000] {dag.py:3096} INFO - Sync 1 DAGs
[2025-06-13T14:39:02.205+0000] {logging_mixin.py:188} INFO - [2025-06-13T14:39:02.205+0000] {dag.py:3954} INFO - Setting next_dagrun for example_python_operator to None, run_after=None
[2025-06-13T14:39:02.219+0000] {processor.py:183} INFO - Processing /home/airflow/.local/lib/python3.10/site-packages/airflow/example_dags/example_python_operator.py took 0.047 seconds
[2025-06-13T14:39:33.217+0000] {processor.py:161} INFO - Started process (PID=785) to work on /home/airflow/.local/lib/python3.10/site-packages/airflow/example_dags/example_python_operator.py
[2025-06-13T14:39:33.218+0000] {processor.py:830} INFO - Processing file /home/airflow/.local/lib/python3.10/site-packages/airflow/example_dags/example_python_operator.py for tasks to queue
[2025-06-13T14:39:33.219+0000] {logging_mixin.py:188} INFO - [2025-06-13T14:39:33.219+0000] {dagbag.py:540} INFO - Filling up the DagBag from /home/airflow/.local/lib/python3.10/site-packages/airflow/example_dags/example_python_operator.py
[2025-06-13T14:39:33.225+0000] {processor.py:840} INFO - DAG(s) 'example_python_operator' retrieved from /home/airflow/.local/lib/python3.10/site-packages/airflow/example_dags/example_python_operator.py
[2025-06-13T14:39:33.236+0000] {logging_mixin.py:188} INFO - [2025-06-13T14:39:33.236+0000] {dag.py:3096} INFO - Sync 1 DAGs
[2025-06-13T14:39:33.242+0000] {logging_mixin.py:188} INFO - [2025-06-13T14:39:33.242+0000] {dag.py:3954} INFO - Setting next_dagrun for example_python_operator to None, run_after=None
[2025-06-13T14:39:33.254+0000] {processor.py:183} INFO - Processing /home/airflow/.local/lib/python3.10/site-packages/airflow/example_dags/example_python_operator.py took 0.040 seconds
[2025-06-13T14:40:03.612+0000] {processor.py:161} INFO - Started process (PID=845) to work on /home/airflow/.local/lib/python3.10/site-packages/airflow/example_dags/example_python_operator.py
[2025-06-13T14:40:03.613+0000] {processor.py:830} INFO - Processing file /home/airflow/.local/lib/python3.10/site-packages/airflow/example_dags/example_python_operator.py for tasks to queue
[2025-06-13T14:40:03.616+0000] {logging_mixin.py:188} INFO - [2025-06-13T14:40:03.615+0000] {dagbag.py:540} INFO - Filling up the DagBag from /home/airflow/.local/lib/python3.10/site-packages/airflow/example_dags/example_python_operator.py
[2025-06-13T14:40:03.622+0000] {processor.py:840} INFO - DAG(s) 'example_python_operator' retrieved from /home/airflow/.local/lib/python3.10/site-packages/airflow/example_dags/example_python_operator.py
[2025-06-13T14:40:03.634+0000] {logging_mixin.py:188} INFO - [2025-06-13T14:40:03.634+0000] {dag.py:3096} INFO - Sync 1 DAGs
[2025-06-13T14:40:03.642+0000] {logging_mixin.py:188} INFO - [2025-06-13T14:40:03.642+0000] {dag.py:3954} INFO - Setting next_dagrun for example_python_operator to None, run_after=None
[2025-06-13T14:40:03.660+0000] {processor.py:183} INFO - Processing /home/airflow/.local/lib/python3.10/site-packages/airflow/example_dags/example_python_operator.py took 0.051 seconds
[2025-06-13T14:40:34.724+0000] {processor.py:161} INFO - Started process (PID=905) to work on /home/airflow/.local/lib/python3.10/site-packages/airflow/example_dags/example_python_operator.py
[2025-06-13T14:40:34.725+0000] {processor.py:830} INFO - Processing file /home/airflow/.local/lib/python3.10/site-packages/airflow/example_dags/example_python_operator.py for tasks to queue
[2025-06-13T14:40:34.726+0000] {logging_mixin.py:188} INFO - [2025-06-13T14:40:34.725+0000] {dagbag.py:540} INFO - Filling up the DagBag from /home/airflow/.local/lib/python3.10/site-packages/airflow/example_dags/example_python_operator.py
[2025-06-13T14:40:34.733+0000] {processor.py:840} INFO - DAG(s) 'example_python_operator' retrieved from /home/airflow/.local/lib/python3.10/site-packages/airflow/example_dags/example_python_operator.py
[2025-06-13T14:40:34.748+0000] {logging_mixin.py:188} INFO - [2025-06-13T14:40:34.748+0000] {dag.py:3096} INFO - Sync 1 DAGs
[2025-06-13T14:40:34.759+0000] {logging_mixin.py:188} INFO - [2025-06-13T14:40:34.759+0000] {dag.py:3954} INFO - Setting next_dagrun for example_python_operator to None, run_after=None
[2025-06-13T14:40:34.777+0000] {processor.py:183} INFO - Processing /home/airflow/.local/lib/python3.10/site-packages/airflow/example_dags/example_python_operator.py took 0.057 seconds
[2025-06-13T14:41:05.232+0000] {processor.py:161} INFO - Started process (PID=965) to work on /home/airflow/.local/lib/python3.10/site-packages/airflow/example_dags/example_python_operator.py
[2025-06-13T14:41:05.232+0000] {processor.py:830} INFO - Processing file /home/airflow/.local/lib/python3.10/site-packages/airflow/example_dags/example_python_operator.py for tasks to queue
[2025-06-13T14:41:05.233+0000] {logging_mixin.py:188} INFO - [2025-06-13T14:41:05.233+0000] {dagbag.py:540} INFO - Filling up the DagBag from /home/airflow/.local/lib/python3.10/site-packages/airflow/example_dags/example_python_operator.py
[2025-06-13T14:41:05.239+0000] {processor.py:840} INFO - DAG(s) 'example_python_operator' retrieved from /home/airflow/.local/lib/python3.10/site-packages/airflow/example_dags/example_python_operator.py
[2025-06-13T14:41:05.255+0000] {logging_mixin.py:188} INFO - [2025-06-13T14:41:05.255+0000] {dag.py:3096} INFO - Sync 1 DAGs
[2025-06-13T14:41:05.263+0000] {logging_mixin.py:188} INFO - [2025-06-13T14:41:05.263+0000] {dag.py:3954} INFO - Setting next_dagrun for example_python_operator to None, run_after=None
[2025-06-13T14:41:05.277+0000] {processor.py:183} INFO - Processing /home/airflow/.local/lib/python3.10/site-packages/airflow/example_dags/example_python_operator.py took 0.049 seconds
[2025-06-13T14:41:35.645+0000] {processor.py:161} INFO - Started process (PID=1025) to work on /home/airflow/.local/lib/python3.10/site-packages/airflow/example_dags/example_python_operator.py
[2025-06-13T14:41:35.646+0000] {processor.py:830} INFO - Processing file /home/airflow/.local/lib/python3.10/site-packages/airflow/example_dags/example_python_operator.py for tasks to queue
[2025-06-13T14:41:35.647+0000] {logging_mixin.py:188} INFO - [2025-06-13T14:41:35.647+0000] {dagbag.py:540} INFO - Filling up the DagBag from /home/airflow/.local/lib/python3.10/site-packages/airflow/example_dags/example_python_operator.py
[2025-06-13T14:41:35.653+0000] {processor.py:840} INFO - DAG(s) 'example_python_operator' retrieved from /home/airflow/.local/lib/python3.10/site-packages/airflow/example_dags/example_python_operator.py
[2025-06-13T14:41:35.666+0000] {logging_mixin.py:188} INFO - [2025-06-13T14:41:35.666+0000] {dag.py:3096} INFO - Sync 1 DAGs
[2025-06-13T14:41:35.674+0000] {logging_mixin.py:188} INFO - [2025-06-13T14:41:35.674+0000] {dag.py:3954} INFO - Setting next_dagrun for example_python_operator to None, run_after=None
[2025-06-13T14:41:35.693+0000] {processor.py:183} INFO - Processing /home/airflow/.local/lib/python3.10/site-packages/airflow/example_dags/example_python_operator.py took 0.052 seconds
[2025-06-13T14:42:06.027+0000] {processor.py:161} INFO - Started process (PID=1085) to work on /home/airflow/.local/lib/python3.10/site-packages/airflow/example_dags/example_python_operator.py
[2025-06-13T14:42:06.028+0000] {processor.py:830} INFO - Processing file /home/airflow/.local/lib/python3.10/site-packages/airflow/example_dags/example_python_operator.py for tasks to queue
[2025-06-13T14:42:06.029+0000] {logging_mixin.py:188} INFO - [2025-06-13T14:42:06.029+0000] {dagbag.py:540} INFO - Filling up the DagBag from /home/airflow/.local/lib/python3.10/site-packages/airflow/example_dags/example_python_operator.py
[2025-06-13T14:42:06.034+0000] {processor.py:840} INFO - DAG(s) 'example_python_operator' retrieved from /home/airflow/.local/lib/python3.10/site-packages/airflow/example_dags/example_python_operator.py
[2025-06-13T14:42:06.051+0000] {logging_mixin.py:188} INFO - [2025-06-13T14:42:06.051+0000] {dag.py:3096} INFO - Sync 1 DAGs
[2025-06-13T14:42:06.057+0000] {logging_mixin.py:188} INFO - [2025-06-13T14:42:06.057+0000] {dag.py:3954} INFO - Setting next_dagrun for example_python_operator to None, run_after=None
[2025-06-13T14:42:06.070+0000] {processor.py:183} INFO - Processing /home/airflow/.local/lib/python3.10/site-packages/airflow/example_dags/example_python_operator.py took 0.047 seconds
[2025-06-13T14:42:37.283+0000] {processor.py:161} INFO - Started process (PID=1145) to work on /home/airflow/.local/lib/python3.10/site-packages/airflow/example_dags/example_python_operator.py
[2025-06-13T14:42:37.285+0000] {processor.py:830} INFO - Processing file /home/airflow/.local/lib/python3.10/site-packages/airflow/example_dags/example_python_operator.py for tasks to queue
[2025-06-13T14:42:37.293+0000] {logging_mixin.py:188} INFO - [2025-06-13T14:42:37.293+0000] {dagbag.py:540} INFO - Filling up the DagBag from /home/airflow/.local/lib/python3.10/site-packages/airflow/example_dags/example_python_operator.py
[2025-06-13T14:42:37.302+0000] {processor.py:840} INFO - DAG(s) 'example_python_operator' retrieved from /home/airflow/.local/lib/python3.10/site-packages/airflow/example_dags/example_python_operator.py
[2025-06-13T14:42:37.336+0000] {logging_mixin.py:188} INFO - [2025-06-13T14:42:37.335+0000] {dag.py:3096} INFO - Sync 1 DAGs
[2025-06-13T14:42:37.348+0000] {logging_mixin.py:188} INFO - [2025-06-13T14:42:37.348+0000] {dag.py:3954} INFO - Setting next_dagrun for example_python_operator to None, run_after=None
[2025-06-13T14:42:37.364+0000] {processor.py:183} INFO - Processing /home/airflow/.local/lib/python3.10/site-packages/airflow/example_dags/example_python_operator.py took 0.092 seconds
[2025-06-13T14:43:08.000+0000] {processor.py:161} INFO - Started process (PID=1205) to work on /home/airflow/.local/lib/python3.10/site-packages/airflow/example_dags/example_python_operator.py
[2025-06-13T14:43:08.001+0000] {processor.py:830} INFO - Processing file /home/airflow/.local/lib/python3.10/site-packages/airflow/example_dags/example_python_operator.py for tasks to queue
[2025-06-13T14:43:08.002+0000] {logging_mixin.py:188} INFO - [2025-06-13T14:43:08.002+0000] {dagbag.py:540} INFO - Filling up the DagBag from /home/airflow/.local/lib/python3.10/site-packages/airflow/example_dags/example_python_operator.py
[2025-06-13T14:43:08.008+0000] {processor.py:840} INFO - DAG(s) 'example_python_operator' retrieved from /home/airflow/.local/lib/python3.10/site-packages/airflow/example_dags/example_python_operator.py
[2025-06-13T14:43:08.023+0000] {logging_mixin.py:188} INFO - [2025-06-13T14:43:08.022+0000] {dag.py:3096} INFO - Sync 1 DAGs
[2025-06-13T14:43:08.029+0000] {logging_mixin.py:188} INFO - [2025-06-13T14:43:08.029+0000] {dag.py:3954} INFO - Setting next_dagrun for example_python_operator to None, run_after=None
[2025-06-13T14:43:08.041+0000] {processor.py:183} INFO - Processing /home/airflow/.local/lib/python3.10/site-packages/airflow/example_dags/example_python_operator.py took 0.044 seconds
[2025-06-13T14:44:43.411+0000] {processor.py:161} INFO - Started process (PID=96) to work on /home/airflow/.local/lib/python3.10/site-packages/airflow/example_dags/example_python_operator.py
[2025-06-13T14:44:43.412+0000] {processor.py:830} INFO - Processing file /home/airflow/.local/lib/python3.10/site-packages/airflow/example_dags/example_python_operator.py for tasks to queue
[2025-06-13T14:44:43.414+0000] {logging_mixin.py:188} INFO - [2025-06-13T14:44:43.413+0000] {dagbag.py:540} INFO - Filling up the DagBag from /home/airflow/.local/lib/python3.10/site-packages/airflow/example_dags/example_python_operator.py
[2025-06-13T14:44:43.422+0000] {processor.py:840} INFO - DAG(s) 'example_python_operator' retrieved from /home/airflow/.local/lib/python3.10/site-packages/airflow/example_dags/example_python_operator.py
[2025-06-13T14:44:43.434+0000] {logging_mixin.py:188} INFO - [2025-06-13T14:44:43.434+0000] {dag.py:3096} INFO - Sync 1 DAGs
[2025-06-13T14:44:43.442+0000] {logging_mixin.py:188} INFO - [2025-06-13T14:44:43.441+0000] {dag.py:3954} INFO - Setting next_dagrun for example_python_operator to None, run_after=None
[2025-06-13T14:44:43.454+0000] {processor.py:183} INFO - Processing /home/airflow/.local/lib/python3.10/site-packages/airflow/example_dags/example_python_operator.py took 0.047 seconds
[2025-06-13T14:45:16.785+0000] {processor.py:161} INFO - Started process (PID=166) to work on /home/airflow/.local/lib/python3.10/site-packages/airflow/example_dags/example_python_operator.py
[2025-06-13T14:45:16.787+0000] {processor.py:830} INFO - Processing file /home/airflow/.local/lib/python3.10/site-packages/airflow/example_dags/example_python_operator.py for tasks to queue
[2025-06-13T14:45:16.791+0000] {logging_mixin.py:188} INFO - [2025-06-13T14:45:16.791+0000] {dagbag.py:540} INFO - Filling up the DagBag from /home/airflow/.local/lib/python3.10/site-packages/airflow/example_dags/example_python_operator.py
[2025-06-13T14:45:16.799+0000] {processor.py:840} INFO - DAG(s) 'example_python_operator' retrieved from /home/airflow/.local/lib/python3.10/site-packages/airflow/example_dags/example_python_operator.py
[2025-06-13T14:45:16.885+0000] {logging_mixin.py:188} INFO - [2025-06-13T14:45:16.884+0000] {dag.py:3096} INFO - Sync 1 DAGs
[2025-06-13T14:45:16.902+0000] {logging_mixin.py:188} INFO - [2025-06-13T14:45:16.902+0000] {dag.py:3954} INFO - Setting next_dagrun for example_python_operator to None, run_after=None
[2025-06-13T14:45:16.920+0000] {processor.py:183} INFO - Processing /home/airflow/.local/lib/python3.10/site-packages/airflow/example_dags/example_python_operator.py took 0.139 seconds
[2025-06-13T14:45:47.534+0000] {processor.py:161} INFO - Started process (PID=234) to work on /home/airflow/.local/lib/python3.10/site-packages/airflow/example_dags/example_python_operator.py
[2025-06-13T14:45:47.535+0000] {processor.py:830} INFO - Processing file /home/airflow/.local/lib/python3.10/site-packages/airflow/example_dags/example_python_operator.py for tasks to queue
[2025-06-13T14:45:47.536+0000] {logging_mixin.py:188} INFO - [2025-06-13T14:45:47.536+0000] {dagbag.py:540} INFO - Filling up the DagBag from /home/airflow/.local/lib/python3.10/site-packages/airflow/example_dags/example_python_operator.py
[2025-06-13T14:45:47.543+0000] {processor.py:840} INFO - DAG(s) 'example_python_operator' retrieved from /home/airflow/.local/lib/python3.10/site-packages/airflow/example_dags/example_python_operator.py
[2025-06-13T14:45:47.555+0000] {logging_mixin.py:188} INFO - [2025-06-13T14:45:47.555+0000] {dag.py:3096} INFO - Sync 1 DAGs
[2025-06-13T14:45:47.565+0000] {logging_mixin.py:188} INFO - [2025-06-13T14:45:47.564+0000] {dag.py:3954} INFO - Setting next_dagrun for example_python_operator to None, run_after=None
[2025-06-13T14:45:47.582+0000] {processor.py:183} INFO - Processing /home/airflow/.local/lib/python3.10/site-packages/airflow/example_dags/example_python_operator.py took 0.053 seconds
[2025-06-13T14:46:18.223+0000] {processor.py:161} INFO - Started process (PID=294) to work on /home/airflow/.local/lib/python3.10/site-packages/airflow/example_dags/example_python_operator.py
[2025-06-13T14:46:18.225+0000] {processor.py:830} INFO - Processing file /home/airflow/.local/lib/python3.10/site-packages/airflow/example_dags/example_python_operator.py for tasks to queue
[2025-06-13T14:46:18.227+0000] {logging_mixin.py:188} INFO - [2025-06-13T14:46:18.226+0000] {dagbag.py:540} INFO - Filling up the DagBag from /home/airflow/.local/lib/python3.10/site-packages/airflow/example_dags/example_python_operator.py
[2025-06-13T14:46:18.235+0000] {processor.py:840} INFO - DAG(s) 'example_python_operator' retrieved from /home/airflow/.local/lib/python3.10/site-packages/airflow/example_dags/example_python_operator.py
[2025-06-13T14:46:18.250+0000] {logging_mixin.py:188} INFO - [2025-06-13T14:46:18.250+0000] {dag.py:3096} INFO - Sync 1 DAGs
[2025-06-13T14:46:18.260+0000] {logging_mixin.py:188} INFO - [2025-06-13T14:46:18.260+0000] {dag.py:3954} INFO - Setting next_dagrun for example_python_operator to None, run_after=None
[2025-06-13T14:46:18.276+0000] {processor.py:183} INFO - Processing /home/airflow/.local/lib/python3.10/site-packages/airflow/example_dags/example_python_operator.py took 0.056 seconds
[2025-06-13T14:46:49.045+0000] {processor.py:161} INFO - Started process (PID=354) to work on /home/airflow/.local/lib/python3.10/site-packages/airflow/example_dags/example_python_operator.py
[2025-06-13T14:46:49.046+0000] {processor.py:830} INFO - Processing file /home/airflow/.local/lib/python3.10/site-packages/airflow/example_dags/example_python_operator.py for tasks to queue
[2025-06-13T14:46:49.048+0000] {logging_mixin.py:188} INFO - [2025-06-13T14:46:49.047+0000] {dagbag.py:540} INFO - Filling up the DagBag from /home/airflow/.local/lib/python3.10/site-packages/airflow/example_dags/example_python_operator.py
[2025-06-13T14:46:49.055+0000] {processor.py:840} INFO - DAG(s) 'example_python_operator' retrieved from /home/airflow/.local/lib/python3.10/site-packages/airflow/example_dags/example_python_operator.py
[2025-06-13T14:46:49.069+0000] {logging_mixin.py:188} INFO - [2025-06-13T14:46:49.069+0000] {dag.py:3096} INFO - Sync 1 DAGs
[2025-06-13T14:46:49.075+0000] {logging_mixin.py:188} INFO - [2025-06-13T14:46:49.075+0000] {dag.py:3954} INFO - Setting next_dagrun for example_python_operator to None, run_after=None
[2025-06-13T14:46:49.084+0000] {processor.py:183} INFO - Processing /home/airflow/.local/lib/python3.10/site-packages/airflow/example_dags/example_python_operator.py took 0.046 seconds
[2025-06-13T14:47:19.486+0000] {processor.py:161} INFO - Started process (PID=414) to work on /home/airflow/.local/lib/python3.10/site-packages/airflow/example_dags/example_python_operator.py
[2025-06-13T14:47:19.487+0000] {processor.py:830} INFO - Processing file /home/airflow/.local/lib/python3.10/site-packages/airflow/example_dags/example_python_operator.py for tasks to queue
[2025-06-13T14:47:19.488+0000] {logging_mixin.py:188} INFO - [2025-06-13T14:47:19.487+0000] {dagbag.py:540} INFO - Filling up the DagBag from /home/airflow/.local/lib/python3.10/site-packages/airflow/example_dags/example_python_operator.py
[2025-06-13T14:47:19.493+0000] {processor.py:840} INFO - DAG(s) 'example_python_operator' retrieved from /home/airflow/.local/lib/python3.10/site-packages/airflow/example_dags/example_python_operator.py
[2025-06-13T14:47:19.510+0000] {logging_mixin.py:188} INFO - [2025-06-13T14:47:19.510+0000] {dag.py:3096} INFO - Sync 1 DAGs
[2025-06-13T14:47:19.518+0000] {logging_mixin.py:188} INFO - [2025-06-13T14:47:19.518+0000] {dag.py:3954} INFO - Setting next_dagrun for example_python_operator to None, run_after=None
[2025-06-13T14:47:19.532+0000] {processor.py:183} INFO - Processing /home/airflow/.local/lib/python3.10/site-packages/airflow/example_dags/example_python_operator.py took 0.050 seconds
[2025-06-13T14:47:49.707+0000] {processor.py:161} INFO - Started process (PID=474) to work on /home/airflow/.local/lib/python3.10/site-packages/airflow/example_dags/example_python_operator.py
[2025-06-13T14:47:49.708+0000] {processor.py:830} INFO - Processing file /home/airflow/.local/lib/python3.10/site-packages/airflow/example_dags/example_python_operator.py for tasks to queue
[2025-06-13T14:47:49.711+0000] {logging_mixin.py:188} INFO - [2025-06-13T14:47:49.711+0000] {dagbag.py:540} INFO - Filling up the DagBag from /home/airflow/.local/lib/python3.10/site-packages/airflow/example_dags/example_python_operator.py
[2025-06-13T14:47:49.718+0000] {processor.py:840} INFO - DAG(s) 'example_python_operator' retrieved from /home/airflow/.local/lib/python3.10/site-packages/airflow/example_dags/example_python_operator.py
[2025-06-13T14:47:49.735+0000] {logging_mixin.py:188} INFO - [2025-06-13T14:47:49.734+0000] {dag.py:3096} INFO - Sync 1 DAGs
[2025-06-13T14:47:49.741+0000] {logging_mixin.py:188} INFO - [2025-06-13T14:47:49.741+0000] {dag.py:3954} INFO - Setting next_dagrun for example_python_operator to None, run_after=None
[2025-06-13T14:47:49.762+0000] {processor.py:183} INFO - Processing /home/airflow/.local/lib/python3.10/site-packages/airflow/example_dags/example_python_operator.py took 0.059 seconds
[2025-06-13T14:48:20.576+0000] {processor.py:161} INFO - Started process (PID=534) to work on /home/airflow/.local/lib/python3.10/site-packages/airflow/example_dags/example_python_operator.py
[2025-06-13T14:48:20.577+0000] {processor.py:830} INFO - Processing file /home/airflow/.local/lib/python3.10/site-packages/airflow/example_dags/example_python_operator.py for tasks to queue
[2025-06-13T14:48:20.578+0000] {logging_mixin.py:188} INFO - [2025-06-13T14:48:20.577+0000] {dagbag.py:540} INFO - Filling up the DagBag from /home/airflow/.local/lib/python3.10/site-packages/airflow/example_dags/example_python_operator.py
[2025-06-13T14:48:20.583+0000] {processor.py:840} INFO - DAG(s) 'example_python_operator' retrieved from /home/airflow/.local/lib/python3.10/site-packages/airflow/example_dags/example_python_operator.py
[2025-06-13T14:48:20.594+0000] {logging_mixin.py:188} INFO - [2025-06-13T14:48:20.593+0000] {dag.py:3096} INFO - Sync 1 DAGs
[2025-06-13T14:48:20.599+0000] {logging_mixin.py:188} INFO - [2025-06-13T14:48:20.599+0000] {dag.py:3954} INFO - Setting next_dagrun for example_python_operator to None, run_after=None
[2025-06-13T14:48:20.606+0000] {processor.py:183} INFO - Processing /home/airflow/.local/lib/python3.10/site-packages/airflow/example_dags/example_python_operator.py took 0.034 seconds
[2025-06-13T14:48:51.093+0000] {processor.py:161} INFO - Started process (PID=594) to work on /home/airflow/.local/lib/python3.10/site-packages/airflow/example_dags/example_python_operator.py
[2025-06-13T14:48:51.094+0000] {processor.py:830} INFO - Processing file /home/airflow/.local/lib/python3.10/site-packages/airflow/example_dags/example_python_operator.py for tasks to queue
[2025-06-13T14:48:51.096+0000] {logging_mixin.py:188} INFO - [2025-06-13T14:48:51.096+0000] {dagbag.py:540} INFO - Filling up the DagBag from /home/airflow/.local/lib/python3.10/site-packages/airflow/example_dags/example_python_operator.py
[2025-06-13T14:48:51.104+0000] {processor.py:840} INFO - DAG(s) 'example_python_operator' retrieved from /home/airflow/.local/lib/python3.10/site-packages/airflow/example_dags/example_python_operator.py
[2025-06-13T14:48:51.130+0000] {logging_mixin.py:188} INFO - [2025-06-13T14:48:51.130+0000] {dag.py:3096} INFO - Sync 1 DAGs
[2025-06-13T14:48:51.140+0000] {logging_mixin.py:188} INFO - [2025-06-13T14:48:51.140+0000] {dag.py:3954} INFO - Setting next_dagrun for example_python_operator to None, run_after=None
[2025-06-13T14:48:51.150+0000] {processor.py:183} INFO - Processing /home/airflow/.local/lib/python3.10/site-packages/airflow/example_dags/example_python_operator.py took 0.066 seconds
[2025-06-13T14:49:21.502+0000] {processor.py:161} INFO - Started process (PID=654) to work on /home/airflow/.local/lib/python3.10/site-packages/airflow/example_dags/example_python_operator.py
[2025-06-13T14:49:21.503+0000] {processor.py:830} INFO - Processing file /home/airflow/.local/lib/python3.10/site-packages/airflow/example_dags/example_python_operator.py for tasks to queue
[2025-06-13T14:49:21.504+0000] {logging_mixin.py:188} INFO - [2025-06-13T14:49:21.504+0000] {dagbag.py:540} INFO - Filling up the DagBag from /home/airflow/.local/lib/python3.10/site-packages/airflow/example_dags/example_python_operator.py
[2025-06-13T14:49:21.511+0000] {processor.py:840} INFO - DAG(s) 'example_python_operator' retrieved from /home/airflow/.local/lib/python3.10/site-packages/airflow/example_dags/example_python_operator.py
[2025-06-13T14:49:21.527+0000] {logging_mixin.py:188} INFO - [2025-06-13T14:49:21.527+0000] {dag.py:3096} INFO - Sync 1 DAGs
[2025-06-13T14:49:21.534+0000] {logging_mixin.py:188} INFO - [2025-06-13T14:49:21.534+0000] {dag.py:3954} INFO - Setting next_dagrun for example_python_operator to None, run_after=None
[2025-06-13T14:49:21.547+0000] {processor.py:183} INFO - Processing /home/airflow/.local/lib/python3.10/site-packages/airflow/example_dags/example_python_operator.py took 0.048 seconds
[2025-06-13T14:49:51.728+0000] {processor.py:161} INFO - Started process (PID=714) to work on /home/airflow/.local/lib/python3.10/site-packages/airflow/example_dags/example_python_operator.py
[2025-06-13T14:49:51.729+0000] {processor.py:830} INFO - Processing file /home/airflow/.local/lib/python3.10/site-packages/airflow/example_dags/example_python_operator.py for tasks to queue
[2025-06-13T14:49:51.730+0000] {logging_mixin.py:188} INFO - [2025-06-13T14:49:51.730+0000] {dagbag.py:540} INFO - Filling up the DagBag from /home/airflow/.local/lib/python3.10/site-packages/airflow/example_dags/example_python_operator.py
[2025-06-13T14:49:51.738+0000] {processor.py:840} INFO - DAG(s) 'example_python_operator' retrieved from /home/airflow/.local/lib/python3.10/site-packages/airflow/example_dags/example_python_operator.py
[2025-06-13T14:49:51.755+0000] {logging_mixin.py:188} INFO - [2025-06-13T14:49:51.754+0000] {dag.py:3096} INFO - Sync 1 DAGs
[2025-06-13T14:49:51.761+0000] {logging_mixin.py:188} INFO - [2025-06-13T14:49:51.761+0000] {dag.py:3954} INFO - Setting next_dagrun for example_python_operator to None, run_after=None
[2025-06-13T14:49:51.781+0000] {processor.py:183} INFO - Processing /home/airflow/.local/lib/python3.10/site-packages/airflow/example_dags/example_python_operator.py took 0.056 seconds
[2025-06-13T14:50:22.259+0000] {processor.py:161} INFO - Started process (PID=774) to work on /home/airflow/.local/lib/python3.10/site-packages/airflow/example_dags/example_python_operator.py
[2025-06-13T14:50:22.260+0000] {processor.py:830} INFO - Processing file /home/airflow/.local/lib/python3.10/site-packages/airflow/example_dags/example_python_operator.py for tasks to queue
[2025-06-13T14:50:22.262+0000] {logging_mixin.py:188} INFO - [2025-06-13T14:50:22.261+0000] {dagbag.py:540} INFO - Filling up the DagBag from /home/airflow/.local/lib/python3.10/site-packages/airflow/example_dags/example_python_operator.py
[2025-06-13T14:50:22.268+0000] {processor.py:840} INFO - DAG(s) 'example_python_operator' retrieved from /home/airflow/.local/lib/python3.10/site-packages/airflow/example_dags/example_python_operator.py
[2025-06-13T14:50:22.285+0000] {logging_mixin.py:188} INFO - [2025-06-13T14:50:22.285+0000] {dag.py:3096} INFO - Sync 1 DAGs
[2025-06-13T14:50:22.294+0000] {logging_mixin.py:188} INFO - [2025-06-13T14:50:22.294+0000] {dag.py:3954} INFO - Setting next_dagrun for example_python_operator to None, run_after=None
[2025-06-13T14:50:22.309+0000] {processor.py:183} INFO - Processing /home/airflow/.local/lib/python3.10/site-packages/airflow/example_dags/example_python_operator.py took 0.053 seconds
[2025-06-13T14:50:52.867+0000] {processor.py:161} INFO - Started process (PID=834) to work on /home/airflow/.local/lib/python3.10/site-packages/airflow/example_dags/example_python_operator.py
[2025-06-13T14:50:52.869+0000] {processor.py:830} INFO - Processing file /home/airflow/.local/lib/python3.10/site-packages/airflow/example_dags/example_python_operator.py for tasks to queue
[2025-06-13T14:50:52.870+0000] {logging_mixin.py:188} INFO - [2025-06-13T14:50:52.870+0000] {dagbag.py:540} INFO - Filling up the DagBag from /home/airflow/.local/lib/python3.10/site-packages/airflow/example_dags/example_python_operator.py
[2025-06-13T14:50:52.876+0000] {processor.py:840} INFO - DAG(s) 'example_python_operator' retrieved from /home/airflow/.local/lib/python3.10/site-packages/airflow/example_dags/example_python_operator.py
[2025-06-13T14:50:52.893+0000] {logging_mixin.py:188} INFO - [2025-06-13T14:50:52.892+0000] {dag.py:3096} INFO - Sync 1 DAGs
[2025-06-13T14:50:52.899+0000] {logging_mixin.py:188} INFO - [2025-06-13T14:50:52.899+0000] {dag.py:3954} INFO - Setting next_dagrun for example_python_operator to None, run_after=None
[2025-06-13T14:50:52.911+0000] {processor.py:183} INFO - Processing /home/airflow/.local/lib/python3.10/site-packages/airflow/example_dags/example_python_operator.py took 0.047 seconds
[2025-06-13T14:51:23.547+0000] {processor.py:161} INFO - Started process (PID=894) to work on /home/airflow/.local/lib/python3.10/site-packages/airflow/example_dags/example_python_operator.py
[2025-06-13T14:51:23.550+0000] {processor.py:830} INFO - Processing file /home/airflow/.local/lib/python3.10/site-packages/airflow/example_dags/example_python_operator.py for tasks to queue
[2025-06-13T14:51:23.552+0000] {logging_mixin.py:188} INFO - [2025-06-13T14:51:23.551+0000] {dagbag.py:540} INFO - Filling up the DagBag from /home/airflow/.local/lib/python3.10/site-packages/airflow/example_dags/example_python_operator.py
[2025-06-13T14:51:23.557+0000] {processor.py:840} INFO - DAG(s) 'example_python_operator' retrieved from /home/airflow/.local/lib/python3.10/site-packages/airflow/example_dags/example_python_operator.py
[2025-06-13T14:51:23.584+0000] {logging_mixin.py:188} INFO - [2025-06-13T14:51:23.583+0000] {dag.py:3096} INFO - Sync 1 DAGs
[2025-06-13T14:51:23.596+0000] {logging_mixin.py:188} INFO - [2025-06-13T14:51:23.596+0000] {dag.py:3954} INFO - Setting next_dagrun for example_python_operator to None, run_after=None
[2025-06-13T14:51:23.612+0000] {processor.py:183} INFO - Processing /home/airflow/.local/lib/python3.10/site-packages/airflow/example_dags/example_python_operator.py took 0.069 seconds
[2025-06-13T14:51:54.176+0000] {processor.py:161} INFO - Started process (PID=954) to work on /home/airflow/.local/lib/python3.10/site-packages/airflow/example_dags/example_python_operator.py
[2025-06-13T14:51:54.178+0000] {processor.py:830} INFO - Processing file /home/airflow/.local/lib/python3.10/site-packages/airflow/example_dags/example_python_operator.py for tasks to queue
[2025-06-13T14:51:54.180+0000] {logging_mixin.py:188} INFO - [2025-06-13T14:51:54.180+0000] {dagbag.py:540} INFO - Filling up the DagBag from /home/airflow/.local/lib/python3.10/site-packages/airflow/example_dags/example_python_operator.py
[2025-06-13T14:51:54.186+0000] {processor.py:840} INFO - DAG(s) 'example_python_operator' retrieved from /home/airflow/.local/lib/python3.10/site-packages/airflow/example_dags/example_python_operator.py
[2025-06-13T14:51:54.200+0000] {logging_mixin.py:188} INFO - [2025-06-13T14:51:54.200+0000] {dag.py:3096} INFO - Sync 1 DAGs
[2025-06-13T14:51:54.207+0000] {logging_mixin.py:188} INFO - [2025-06-13T14:51:54.206+0000] {dag.py:3954} INFO - Setting next_dagrun for example_python_operator to None, run_after=None
[2025-06-13T14:51:54.216+0000] {processor.py:183} INFO - Processing /home/airflow/.local/lib/python3.10/site-packages/airflow/example_dags/example_python_operator.py took 0.045 seconds
[2025-06-13T14:52:24.740+0000] {processor.py:161} INFO - Started process (PID=1014) to work on /home/airflow/.local/lib/python3.10/site-packages/airflow/example_dags/example_python_operator.py
[2025-06-13T14:52:24.742+0000] {processor.py:830} INFO - Processing file /home/airflow/.local/lib/python3.10/site-packages/airflow/example_dags/example_python_operator.py for tasks to queue
[2025-06-13T14:52:24.744+0000] {logging_mixin.py:188} INFO - [2025-06-13T14:52:24.743+0000] {dagbag.py:540} INFO - Filling up the DagBag from /home/airflow/.local/lib/python3.10/site-packages/airflow/example_dags/example_python_operator.py
[2025-06-13T14:52:24.751+0000] {processor.py:840} INFO - DAG(s) 'example_python_operator' retrieved from /home/airflow/.local/lib/python3.10/site-packages/airflow/example_dags/example_python_operator.py
[2025-06-13T14:52:24.775+0000] {logging_mixin.py:188} INFO - [2025-06-13T14:52:24.775+0000] {dag.py:3096} INFO - Sync 1 DAGs
[2025-06-13T14:52:24.789+0000] {logging_mixin.py:188} INFO - [2025-06-13T14:52:24.788+0000] {dag.py:3954} INFO - Setting next_dagrun for example_python_operator to None, run_after=None
[2025-06-13T14:52:24.802+0000] {processor.py:183} INFO - Processing /home/airflow/.local/lib/python3.10/site-packages/airflow/example_dags/example_python_operator.py took 0.068 seconds
[2025-06-13T14:52:55.821+0000] {processor.py:161} INFO - Started process (PID=1074) to work on /home/airflow/.local/lib/python3.10/site-packages/airflow/example_dags/example_python_operator.py
[2025-06-13T14:52:55.822+0000] {processor.py:830} INFO - Processing file /home/airflow/.local/lib/python3.10/site-packages/airflow/example_dags/example_python_operator.py for tasks to queue
[2025-06-13T14:52:55.823+0000] {logging_mixin.py:188} INFO - [2025-06-13T14:52:55.823+0000] {dagbag.py:540} INFO - Filling up the DagBag from /home/airflow/.local/lib/python3.10/site-packages/airflow/example_dags/example_python_operator.py
[2025-06-13T14:52:55.832+0000] {processor.py:840} INFO - DAG(s) 'example_python_operator' retrieved from /home/airflow/.local/lib/python3.10/site-packages/airflow/example_dags/example_python_operator.py
[2025-06-13T14:52:55.849+0000] {logging_mixin.py:188} INFO - [2025-06-13T14:52:55.849+0000] {dag.py:3096} INFO - Sync 1 DAGs
[2025-06-13T14:52:55.859+0000] {logging_mixin.py:188} INFO - [2025-06-13T14:52:55.859+0000] {dag.py:3954} INFO - Setting next_dagrun for example_python_operator to None, run_after=None
[2025-06-13T14:52:55.874+0000] {processor.py:183} INFO - Processing /home/airflow/.local/lib/python3.10/site-packages/airflow/example_dags/example_python_operator.py took 0.059 seconds
[2025-06-13T14:53:26.190+0000] {processor.py:161} INFO - Started process (PID=1132) to work on /home/airflow/.local/lib/python3.10/site-packages/airflow/example_dags/example_python_operator.py
[2025-06-13T14:53:26.191+0000] {processor.py:830} INFO - Processing file /home/airflow/.local/lib/python3.10/site-packages/airflow/example_dags/example_python_operator.py for tasks to queue
[2025-06-13T14:53:26.192+0000] {logging_mixin.py:188} INFO - [2025-06-13T14:53:26.191+0000] {dagbag.py:540} INFO - Filling up the DagBag from /home/airflow/.local/lib/python3.10/site-packages/airflow/example_dags/example_python_operator.py
[2025-06-13T14:53:26.201+0000] {processor.py:840} INFO - DAG(s) 'example_python_operator' retrieved from /home/airflow/.local/lib/python3.10/site-packages/airflow/example_dags/example_python_operator.py
[2025-06-13T14:53:26.216+0000] {logging_mixin.py:188} INFO - [2025-06-13T14:53:26.216+0000] {dag.py:3096} INFO - Sync 1 DAGs
[2025-06-13T14:53:26.224+0000] {logging_mixin.py:188} INFO - [2025-06-13T14:53:26.224+0000] {dag.py:3954} INFO - Setting next_dagrun for example_python_operator to None, run_after=None
[2025-06-13T14:53:26.233+0000] {processor.py:183} INFO - Processing /home/airflow/.local/lib/python3.10/site-packages/airflow/example_dags/example_python_operator.py took 0.048 seconds
[2025-06-13T14:53:57.319+0000] {processor.py:161} INFO - Started process (PID=1194) to work on /home/airflow/.local/lib/python3.10/site-packages/airflow/example_dags/example_python_operator.py
[2025-06-13T14:53:57.320+0000] {processor.py:830} INFO - Processing file /home/airflow/.local/lib/python3.10/site-packages/airflow/example_dags/example_python_operator.py for tasks to queue
[2025-06-13T14:53:57.322+0000] {logging_mixin.py:188} INFO - [2025-06-13T14:53:57.322+0000] {dagbag.py:540} INFO - Filling up the DagBag from /home/airflow/.local/lib/python3.10/site-packages/airflow/example_dags/example_python_operator.py
[2025-06-13T14:53:57.334+0000] {processor.py:840} INFO - DAG(s) 'example_python_operator' retrieved from /home/airflow/.local/lib/python3.10/site-packages/airflow/example_dags/example_python_operator.py
[2025-06-13T14:53:57.356+0000] {logging_mixin.py:188} INFO - [2025-06-13T14:53:57.356+0000] {dag.py:3096} INFO - Sync 1 DAGs
[2025-06-13T14:53:57.366+0000] {logging_mixin.py:188} INFO - [2025-06-13T14:53:57.366+0000] {dag.py:3954} INFO - Setting next_dagrun for example_python_operator to None, run_after=None
[2025-06-13T14:53:57.389+0000] {processor.py:183} INFO - Processing /home/airflow/.local/lib/python3.10/site-packages/airflow/example_dags/example_python_operator.py took 0.077 seconds
[2025-06-13T14:54:27.495+0000] {processor.py:161} INFO - Started process (PID=1252) to work on /home/airflow/.local/lib/python3.10/site-packages/airflow/example_dags/example_python_operator.py
[2025-06-13T14:54:27.496+0000] {processor.py:830} INFO - Processing file /home/airflow/.local/lib/python3.10/site-packages/airflow/example_dags/example_python_operator.py for tasks to queue
[2025-06-13T14:54:27.497+0000] {logging_mixin.py:188} INFO - [2025-06-13T14:54:27.497+0000] {dagbag.py:540} INFO - Filling up the DagBag from /home/airflow/.local/lib/python3.10/site-packages/airflow/example_dags/example_python_operator.py
[2025-06-13T14:54:27.504+0000] {processor.py:840} INFO - DAG(s) 'example_python_operator' retrieved from /home/airflow/.local/lib/python3.10/site-packages/airflow/example_dags/example_python_operator.py
[2025-06-13T14:54:27.516+0000] {logging_mixin.py:188} INFO - [2025-06-13T14:54:27.515+0000] {dag.py:3096} INFO - Sync 1 DAGs
[2025-06-13T14:54:27.522+0000] {logging_mixin.py:188} INFO - [2025-06-13T14:54:27.521+0000] {dag.py:3954} INFO - Setting next_dagrun for example_python_operator to None, run_after=None
[2025-06-13T14:54:27.530+0000] {processor.py:183} INFO - Processing /home/airflow/.local/lib/python3.10/site-packages/airflow/example_dags/example_python_operator.py took 0.038 seconds
[2025-06-13T14:54:57.562+0000] {processor.py:161} INFO - Started process (PID=1312) to work on /home/airflow/.local/lib/python3.10/site-packages/airflow/example_dags/example_python_operator.py
[2025-06-13T14:54:57.563+0000] {processor.py:830} INFO - Processing file /home/airflow/.local/lib/python3.10/site-packages/airflow/example_dags/example_python_operator.py for tasks to queue
[2025-06-13T14:54:57.564+0000] {logging_mixin.py:188} INFO - [2025-06-13T14:54:57.564+0000] {dagbag.py:540} INFO - Filling up the DagBag from /home/airflow/.local/lib/python3.10/site-packages/airflow/example_dags/example_python_operator.py
[2025-06-13T14:54:57.571+0000] {processor.py:840} INFO - DAG(s) 'example_python_operator' retrieved from /home/airflow/.local/lib/python3.10/site-packages/airflow/example_dags/example_python_operator.py
[2025-06-13T14:54:57.584+0000] {logging_mixin.py:188} INFO - [2025-06-13T14:54:57.584+0000] {dag.py:3096} INFO - Sync 1 DAGs
[2025-06-13T14:54:57.591+0000] {logging_mixin.py:188} INFO - [2025-06-13T14:54:57.591+0000] {dag.py:3954} INFO - Setting next_dagrun for example_python_operator to None, run_after=None
[2025-06-13T14:54:57.599+0000] {processor.py:183} INFO - Processing /home/airflow/.local/lib/python3.10/site-packages/airflow/example_dags/example_python_operator.py took 0.041 seconds
[2025-06-13T14:55:28.383+0000] {processor.py:161} INFO - Started process (PID=1372) to work on /home/airflow/.local/lib/python3.10/site-packages/airflow/example_dags/example_python_operator.py
[2025-06-13T14:55:28.384+0000] {processor.py:830} INFO - Processing file /home/airflow/.local/lib/python3.10/site-packages/airflow/example_dags/example_python_operator.py for tasks to queue
[2025-06-13T14:55:28.385+0000] {logging_mixin.py:188} INFO - [2025-06-13T14:55:28.385+0000] {dagbag.py:540} INFO - Filling up the DagBag from /home/airflow/.local/lib/python3.10/site-packages/airflow/example_dags/example_python_operator.py
[2025-06-13T14:55:28.390+0000] {processor.py:840} INFO - DAG(s) 'example_python_operator' retrieved from /home/airflow/.local/lib/python3.10/site-packages/airflow/example_dags/example_python_operator.py
[2025-06-13T14:55:28.402+0000] {logging_mixin.py:188} INFO - [2025-06-13T14:55:28.402+0000] {dag.py:3096} INFO - Sync 1 DAGs
[2025-06-13T14:55:28.408+0000] {logging_mixin.py:188} INFO - [2025-06-13T14:55:28.407+0000] {dag.py:3954} INFO - Setting next_dagrun for example_python_operator to None, run_after=None
[2025-06-13T14:55:28.419+0000] {processor.py:183} INFO - Processing /home/airflow/.local/lib/python3.10/site-packages/airflow/example_dags/example_python_operator.py took 0.040 seconds
[2025-06-13T14:55:58.485+0000] {processor.py:161} INFO - Started process (PID=1432) to work on /home/airflow/.local/lib/python3.10/site-packages/airflow/example_dags/example_python_operator.py
[2025-06-13T14:55:58.486+0000] {processor.py:830} INFO - Processing file /home/airflow/.local/lib/python3.10/site-packages/airflow/example_dags/example_python_operator.py for tasks to queue
[2025-06-13T14:55:58.487+0000] {logging_mixin.py:188} INFO - [2025-06-13T14:55:58.487+0000] {dagbag.py:540} INFO - Filling up the DagBag from /home/airflow/.local/lib/python3.10/site-packages/airflow/example_dags/example_python_operator.py
[2025-06-13T14:55:58.493+0000] {processor.py:840} INFO - DAG(s) 'example_python_operator' retrieved from /home/airflow/.local/lib/python3.10/site-packages/airflow/example_dags/example_python_operator.py
[2025-06-13T14:55:58.506+0000] {logging_mixin.py:188} INFO - [2025-06-13T14:55:58.506+0000] {dag.py:3096} INFO - Sync 1 DAGs
[2025-06-13T14:55:58.512+0000] {logging_mixin.py:188} INFO - [2025-06-13T14:55:58.512+0000] {dag.py:3954} INFO - Setting next_dagrun for example_python_operator to None, run_after=None
[2025-06-13T14:55:58.523+0000] {processor.py:183} INFO - Processing /home/airflow/.local/lib/python3.10/site-packages/airflow/example_dags/example_python_operator.py took 0.042 seconds
[2025-06-13T14:56:29.061+0000] {processor.py:161} INFO - Started process (PID=1492) to work on /home/airflow/.local/lib/python3.10/site-packages/airflow/example_dags/example_python_operator.py
[2025-06-13T14:56:29.062+0000] {processor.py:830} INFO - Processing file /home/airflow/.local/lib/python3.10/site-packages/airflow/example_dags/example_python_operator.py for tasks to queue
[2025-06-13T14:56:29.063+0000] {logging_mixin.py:188} INFO - [2025-06-13T14:56:29.063+0000] {dagbag.py:540} INFO - Filling up the DagBag from /home/airflow/.local/lib/python3.10/site-packages/airflow/example_dags/example_python_operator.py
[2025-06-13T14:56:29.076+0000] {processor.py:840} INFO - DAG(s) 'example_python_operator' retrieved from /home/airflow/.local/lib/python3.10/site-packages/airflow/example_dags/example_python_operator.py
[2025-06-13T14:56:29.088+0000] {logging_mixin.py:188} INFO - [2025-06-13T14:56:29.088+0000] {dag.py:3096} INFO - Sync 1 DAGs
[2025-06-13T14:56:29.094+0000] {logging_mixin.py:188} INFO - [2025-06-13T14:56:29.094+0000] {dag.py:3954} INFO - Setting next_dagrun for example_python_operator to None, run_after=None
[2025-06-13T14:56:29.103+0000] {processor.py:183} INFO - Processing /home/airflow/.local/lib/python3.10/site-packages/airflow/example_dags/example_python_operator.py took 0.046 seconds
[2025-06-13T14:56:59.383+0000] {processor.py:161} INFO - Started process (PID=1552) to work on /home/airflow/.local/lib/python3.10/site-packages/airflow/example_dags/example_python_operator.py
[2025-06-13T14:56:59.387+0000] {processor.py:830} INFO - Processing file /home/airflow/.local/lib/python3.10/site-packages/airflow/example_dags/example_python_operator.py for tasks to queue
[2025-06-13T14:56:59.388+0000] {logging_mixin.py:188} INFO - [2025-06-13T14:56:59.388+0000] {dagbag.py:540} INFO - Filling up the DagBag from /home/airflow/.local/lib/python3.10/site-packages/airflow/example_dags/example_python_operator.py
[2025-06-13T14:56:59.397+0000] {processor.py:840} INFO - DAG(s) 'example_python_operator' retrieved from /home/airflow/.local/lib/python3.10/site-packages/airflow/example_dags/example_python_operator.py
[2025-06-13T14:56:59.416+0000] {logging_mixin.py:188} INFO - [2025-06-13T14:56:59.416+0000] {dag.py:3096} INFO - Sync 1 DAGs
[2025-06-13T14:56:59.426+0000] {logging_mixin.py:188} INFO - [2025-06-13T14:56:59.426+0000] {dag.py:3954} INFO - Setting next_dagrun for example_python_operator to None, run_after=None
[2025-06-13T14:56:59.436+0000] {processor.py:183} INFO - Processing /home/airflow/.local/lib/python3.10/site-packages/airflow/example_dags/example_python_operator.py took 0.058 seconds
[2025-06-13T14:57:30.188+0000] {processor.py:161} INFO - Started process (PID=1612) to work on /home/airflow/.local/lib/python3.10/site-packages/airflow/example_dags/example_python_operator.py
[2025-06-13T14:57:30.189+0000] {processor.py:830} INFO - Processing file /home/airflow/.local/lib/python3.10/site-packages/airflow/example_dags/example_python_operator.py for tasks to queue
[2025-06-13T14:57:30.190+0000] {logging_mixin.py:188} INFO - [2025-06-13T14:57:30.190+0000] {dagbag.py:540} INFO - Filling up the DagBag from /home/airflow/.local/lib/python3.10/site-packages/airflow/example_dags/example_python_operator.py
[2025-06-13T14:57:30.200+0000] {processor.py:840} INFO - DAG(s) 'example_python_operator' retrieved from /home/airflow/.local/lib/python3.10/site-packages/airflow/example_dags/example_python_operator.py
[2025-06-13T14:57:30.222+0000] {logging_mixin.py:188} INFO - [2025-06-13T14:57:30.222+0000] {dag.py:3096} INFO - Sync 1 DAGs
[2025-06-13T14:57:30.231+0000] {logging_mixin.py:188} INFO - [2025-06-13T14:57:30.231+0000] {dag.py:3954} INFO - Setting next_dagrun for example_python_operator to None, run_after=None
[2025-06-13T14:57:30.239+0000] {processor.py:183} INFO - Processing /home/airflow/.local/lib/python3.10/site-packages/airflow/example_dags/example_python_operator.py took 0.055 seconds
[2025-06-13T14:58:01.088+0000] {processor.py:161} INFO - Started process (PID=1672) to work on /home/airflow/.local/lib/python3.10/site-packages/airflow/example_dags/example_python_operator.py
[2025-06-13T14:58:01.089+0000] {processor.py:830} INFO - Processing file /home/airflow/.local/lib/python3.10/site-packages/airflow/example_dags/example_python_operator.py for tasks to queue
[2025-06-13T14:58:01.090+0000] {logging_mixin.py:188} INFO - [2025-06-13T14:58:01.090+0000] {dagbag.py:540} INFO - Filling up the DagBag from /home/airflow/.local/lib/python3.10/site-packages/airflow/example_dags/example_python_operator.py
[2025-06-13T14:58:01.097+0000] {processor.py:840} INFO - DAG(s) 'example_python_operator' retrieved from /home/airflow/.local/lib/python3.10/site-packages/airflow/example_dags/example_python_operator.py
[2025-06-13T14:58:01.109+0000] {logging_mixin.py:188} INFO - [2025-06-13T14:58:01.109+0000] {dag.py:3096} INFO - Sync 1 DAGs
[2025-06-13T14:58:01.115+0000] {logging_mixin.py:188} INFO - [2025-06-13T14:58:01.115+0000] {dag.py:3954} INFO - Setting next_dagrun for example_python_operator to None, run_after=None
[2025-06-13T14:58:01.123+0000] {processor.py:183} INFO - Processing /home/airflow/.local/lib/python3.10/site-packages/airflow/example_dags/example_python_operator.py took 0.038 seconds
[2025-06-13T14:58:31.358+0000] {processor.py:161} INFO - Started process (PID=1732) to work on /home/airflow/.local/lib/python3.10/site-packages/airflow/example_dags/example_python_operator.py
[2025-06-13T14:58:31.359+0000] {processor.py:830} INFO - Processing file /home/airflow/.local/lib/python3.10/site-packages/airflow/example_dags/example_python_operator.py for tasks to queue
[2025-06-13T14:58:31.360+0000] {logging_mixin.py:188} INFO - [2025-06-13T14:58:31.360+0000] {dagbag.py:540} INFO - Filling up the DagBag from /home/airflow/.local/lib/python3.10/site-packages/airflow/example_dags/example_python_operator.py
[2025-06-13T14:58:31.374+0000] {processor.py:840} INFO - DAG(s) 'example_python_operator' retrieved from /home/airflow/.local/lib/python3.10/site-packages/airflow/example_dags/example_python_operator.py
[2025-06-13T14:58:31.390+0000] {logging_mixin.py:188} INFO - [2025-06-13T14:58:31.390+0000] {dag.py:3096} INFO - Sync 1 DAGs
[2025-06-13T14:58:31.399+0000] {logging_mixin.py:188} INFO - [2025-06-13T14:58:31.399+0000] {dag.py:3954} INFO - Setting next_dagrun for example_python_operator to None, run_after=None
[2025-06-13T14:58:31.407+0000] {processor.py:183} INFO - Processing /home/airflow/.local/lib/python3.10/site-packages/airflow/example_dags/example_python_operator.py took 0.053 seconds
[2025-06-13T14:59:02.083+0000] {processor.py:161} INFO - Started process (PID=1792) to work on /home/airflow/.local/lib/python3.10/site-packages/airflow/example_dags/example_python_operator.py
[2025-06-13T14:59:02.084+0000] {processor.py:830} INFO - Processing file /home/airflow/.local/lib/python3.10/site-packages/airflow/example_dags/example_python_operator.py for tasks to queue
[2025-06-13T14:59:02.085+0000] {logging_mixin.py:188} INFO - [2025-06-13T14:59:02.085+0000] {dagbag.py:540} INFO - Filling up the DagBag from /home/airflow/.local/lib/python3.10/site-packages/airflow/example_dags/example_python_operator.py
[2025-06-13T14:59:02.093+0000] {processor.py:840} INFO - DAG(s) 'example_python_operator' retrieved from /home/airflow/.local/lib/python3.10/site-packages/airflow/example_dags/example_python_operator.py
[2025-06-13T14:59:02.109+0000] {logging_mixin.py:188} INFO - [2025-06-13T14:59:02.109+0000] {dag.py:3096} INFO - Sync 1 DAGs
[2025-06-13T14:59:02.114+0000] {logging_mixin.py:188} INFO - [2025-06-13T14:59:02.114+0000] {dag.py:3954} INFO - Setting next_dagrun for example_python_operator to None, run_after=None
[2025-06-13T14:59:02.122+0000] {processor.py:183} INFO - Processing /home/airflow/.local/lib/python3.10/site-packages/airflow/example_dags/example_python_operator.py took 0.043 seconds
[2025-06-13T14:59:32.398+0000] {processor.py:161} INFO - Started process (PID=1852) to work on /home/airflow/.local/lib/python3.10/site-packages/airflow/example_dags/example_python_operator.py
[2025-06-13T14:59:32.399+0000] {processor.py:830} INFO - Processing file /home/airflow/.local/lib/python3.10/site-packages/airflow/example_dags/example_python_operator.py for tasks to queue
[2025-06-13T14:59:32.400+0000] {logging_mixin.py:188} INFO - [2025-06-13T14:59:32.400+0000] {dagbag.py:540} INFO - Filling up the DagBag from /home/airflow/.local/lib/python3.10/site-packages/airflow/example_dags/example_python_operator.py
[2025-06-13T14:59:32.408+0000] {processor.py:840} INFO - DAG(s) 'example_python_operator' retrieved from /home/airflow/.local/lib/python3.10/site-packages/airflow/example_dags/example_python_operator.py
[2025-06-13T14:59:32.419+0000] {logging_mixin.py:188} INFO - [2025-06-13T14:59:32.419+0000] {dag.py:3096} INFO - Sync 1 DAGs
[2025-06-13T14:59:32.427+0000] {logging_mixin.py:188} INFO - [2025-06-13T14:59:32.427+0000] {dag.py:3954} INFO - Setting next_dagrun for example_python_operator to None, run_after=None
[2025-06-13T14:59:32.440+0000] {processor.py:183} INFO - Processing /home/airflow/.local/lib/python3.10/site-packages/airflow/example_dags/example_python_operator.py took 0.046 seconds
[2025-06-13T15:00:03.770+0000] {processor.py:161} INFO - Started process (PID=1912) to work on /home/airflow/.local/lib/python3.10/site-packages/airflow/example_dags/example_python_operator.py
[2025-06-13T15:00:03.773+0000] {processor.py:830} INFO - Processing file /home/airflow/.local/lib/python3.10/site-packages/airflow/example_dags/example_python_operator.py for tasks to queue
[2025-06-13T15:00:03.774+0000] {logging_mixin.py:188} INFO - [2025-06-13T15:00:03.774+0000] {dagbag.py:540} INFO - Filling up the DagBag from /home/airflow/.local/lib/python3.10/site-packages/airflow/example_dags/example_python_operator.py
[2025-06-13T15:00:03.865+0000] {processor.py:840} INFO - DAG(s) 'example_python_operator' retrieved from /home/airflow/.local/lib/python3.10/site-packages/airflow/example_dags/example_python_operator.py
[2025-06-13T15:00:03.949+0000] {logging_mixin.py:188} INFO - [2025-06-13T15:00:03.949+0000] {dag.py:3096} INFO - Sync 1 DAGs
[2025-06-13T15:00:03.981+0000] {logging_mixin.py:188} INFO - [2025-06-13T15:00:03.980+0000] {dag.py:3954} INFO - Setting next_dagrun for example_python_operator to None, run_after=None
[2025-06-13T15:00:04.012+0000] {processor.py:183} INFO - Processing /home/airflow/.local/lib/python3.10/site-packages/airflow/example_dags/example_python_operator.py took 0.247 seconds
[2025-06-13T15:00:34.884+0000] {processor.py:161} INFO - Started process (PID=1972) to work on /home/airflow/.local/lib/python3.10/site-packages/airflow/example_dags/example_python_operator.py
[2025-06-13T15:00:34.885+0000] {processor.py:830} INFO - Processing file /home/airflow/.local/lib/python3.10/site-packages/airflow/example_dags/example_python_operator.py for tasks to queue
[2025-06-13T15:00:34.888+0000] {logging_mixin.py:188} INFO - [2025-06-13T15:00:34.888+0000] {dagbag.py:540} INFO - Filling up the DagBag from /home/airflow/.local/lib/python3.10/site-packages/airflow/example_dags/example_python_operator.py
[2025-06-13T15:00:34.906+0000] {processor.py:840} INFO - DAG(s) 'example_python_operator' retrieved from /home/airflow/.local/lib/python3.10/site-packages/airflow/example_dags/example_python_operator.py
[2025-06-13T15:00:35.010+0000] {logging_mixin.py:188} INFO - [2025-06-13T15:00:35.009+0000] {dag.py:3096} INFO - Sync 1 DAGs
[2025-06-13T15:00:35.025+0000] {logging_mixin.py:188} INFO - [2025-06-13T15:00:35.024+0000] {dag.py:3954} INFO - Setting next_dagrun for example_python_operator to None, run_after=None
[2025-06-13T15:00:35.051+0000] {processor.py:183} INFO - Processing /home/airflow/.local/lib/python3.10/site-packages/airflow/example_dags/example_python_operator.py took 0.174 seconds
[2025-06-13T15:01:05.367+0000] {processor.py:161} INFO - Started process (PID=2032) to work on /home/airflow/.local/lib/python3.10/site-packages/airflow/example_dags/example_python_operator.py
[2025-06-13T15:01:05.369+0000] {processor.py:830} INFO - Processing file /home/airflow/.local/lib/python3.10/site-packages/airflow/example_dags/example_python_operator.py for tasks to queue
[2025-06-13T15:01:05.374+0000] {logging_mixin.py:188} INFO - [2025-06-13T15:01:05.373+0000] {dagbag.py:540} INFO - Filling up the DagBag from /home/airflow/.local/lib/python3.10/site-packages/airflow/example_dags/example_python_operator.py
[2025-06-13T15:01:05.388+0000] {processor.py:840} INFO - DAG(s) 'example_python_operator' retrieved from /home/airflow/.local/lib/python3.10/site-packages/airflow/example_dags/example_python_operator.py
[2025-06-13T15:01:05.411+0000] {logging_mixin.py:188} INFO - [2025-06-13T15:01:05.410+0000] {dag.py:3096} INFO - Sync 1 DAGs
[2025-06-13T15:01:05.421+0000] {logging_mixin.py:188} INFO - [2025-06-13T15:01:05.420+0000] {dag.py:3954} INFO - Setting next_dagrun for example_python_operator to None, run_after=None
[2025-06-13T15:01:05.434+0000] {processor.py:183} INFO - Processing /home/airflow/.local/lib/python3.10/site-packages/airflow/example_dags/example_python_operator.py took 0.076 seconds
[2025-06-13T15:01:35.739+0000] {processor.py:161} INFO - Started process (PID=2092) to work on /home/airflow/.local/lib/python3.10/site-packages/airflow/example_dags/example_python_operator.py
[2025-06-13T15:01:35.740+0000] {processor.py:830} INFO - Processing file /home/airflow/.local/lib/python3.10/site-packages/airflow/example_dags/example_python_operator.py for tasks to queue
[2025-06-13T15:01:35.742+0000] {logging_mixin.py:188} INFO - [2025-06-13T15:01:35.742+0000] {dagbag.py:540} INFO - Filling up the DagBag from /home/airflow/.local/lib/python3.10/site-packages/airflow/example_dags/example_python_operator.py
[2025-06-13T15:01:35.753+0000] {processor.py:840} INFO - DAG(s) 'example_python_operator' retrieved from /home/airflow/.local/lib/python3.10/site-packages/airflow/example_dags/example_python_operator.py
[2025-06-13T15:01:35.773+0000] {logging_mixin.py:188} INFO - [2025-06-13T15:01:35.773+0000] {dag.py:3096} INFO - Sync 1 DAGs
[2025-06-13T15:01:35.781+0000] {logging_mixin.py:188} INFO - [2025-06-13T15:01:35.781+0000] {dag.py:3954} INFO - Setting next_dagrun for example_python_operator to None, run_after=None
[2025-06-13T15:01:35.795+0000] {processor.py:183} INFO - Processing /home/airflow/.local/lib/python3.10/site-packages/airflow/example_dags/example_python_operator.py took 0.063 seconds
[2025-06-13T15:02:06.171+0000] {processor.py:161} INFO - Started process (PID=2152) to work on /home/airflow/.local/lib/python3.10/site-packages/airflow/example_dags/example_python_operator.py
[2025-06-13T15:02:06.176+0000] {processor.py:830} INFO - Processing file /home/airflow/.local/lib/python3.10/site-packages/airflow/example_dags/example_python_operator.py for tasks to queue
[2025-06-13T15:02:06.179+0000] {logging_mixin.py:188} INFO - [2025-06-13T15:02:06.179+0000] {dagbag.py:540} INFO - Filling up the DagBag from /home/airflow/.local/lib/python3.10/site-packages/airflow/example_dags/example_python_operator.py
[2025-06-13T15:02:06.189+0000] {processor.py:840} INFO - DAG(s) 'example_python_operator' retrieved from /home/airflow/.local/lib/python3.10/site-packages/airflow/example_dags/example_python_operator.py
[2025-06-13T15:02:06.209+0000] {logging_mixin.py:188} INFO - [2025-06-13T15:02:06.209+0000] {dag.py:3096} INFO - Sync 1 DAGs
[2025-06-13T15:02:06.216+0000] {logging_mixin.py:188} INFO - [2025-06-13T15:02:06.216+0000] {dag.py:3954} INFO - Setting next_dagrun for example_python_operator to None, run_after=None
[2025-06-13T15:02:06.230+0000] {processor.py:183} INFO - Processing /home/airflow/.local/lib/python3.10/site-packages/airflow/example_dags/example_python_operator.py took 0.067 seconds
[2025-06-13T15:02:36.729+0000] {processor.py:161} INFO - Started process (PID=2212) to work on /home/airflow/.local/lib/python3.10/site-packages/airflow/example_dags/example_python_operator.py
[2025-06-13T15:02:36.730+0000] {processor.py:830} INFO - Processing file /home/airflow/.local/lib/python3.10/site-packages/airflow/example_dags/example_python_operator.py for tasks to queue
[2025-06-13T15:02:36.732+0000] {logging_mixin.py:188} INFO - [2025-06-13T15:02:36.732+0000] {dagbag.py:540} INFO - Filling up the DagBag from /home/airflow/.local/lib/python3.10/site-packages/airflow/example_dags/example_python_operator.py
[2025-06-13T15:02:36.742+0000] {processor.py:840} INFO - DAG(s) 'example_python_operator' retrieved from /home/airflow/.local/lib/python3.10/site-packages/airflow/example_dags/example_python_operator.py
[2025-06-13T15:02:36.758+0000] {logging_mixin.py:188} INFO - [2025-06-13T15:02:36.758+0000] {dag.py:3096} INFO - Sync 1 DAGs
[2025-06-13T15:02:36.765+0000] {logging_mixin.py:188} INFO - [2025-06-13T15:02:36.765+0000] {dag.py:3954} INFO - Setting next_dagrun for example_python_operator to None, run_after=None
[2025-06-13T15:02:36.779+0000] {processor.py:183} INFO - Processing /home/airflow/.local/lib/python3.10/site-packages/airflow/example_dags/example_python_operator.py took 0.057 seconds
[2025-06-13T15:03:07.708+0000] {processor.py:161} INFO - Started process (PID=2272) to work on /home/airflow/.local/lib/python3.10/site-packages/airflow/example_dags/example_python_operator.py
[2025-06-13T15:03:07.711+0000] {processor.py:830} INFO - Processing file /home/airflow/.local/lib/python3.10/site-packages/airflow/example_dags/example_python_operator.py for tasks to queue
[2025-06-13T15:03:07.714+0000] {logging_mixin.py:188} INFO - [2025-06-13T15:03:07.714+0000] {dagbag.py:540} INFO - Filling up the DagBag from /home/airflow/.local/lib/python3.10/site-packages/airflow/example_dags/example_python_operator.py
[2025-06-13T15:03:07.724+0000] {processor.py:840} INFO - DAG(s) 'example_python_operator' retrieved from /home/airflow/.local/lib/python3.10/site-packages/airflow/example_dags/example_python_operator.py
[2025-06-13T15:03:07.738+0000] {logging_mixin.py:188} INFO - [2025-06-13T15:03:07.738+0000] {dag.py:3096} INFO - Sync 1 DAGs
[2025-06-13T15:03:07.747+0000] {logging_mixin.py:188} INFO - [2025-06-13T15:03:07.747+0000] {dag.py:3954} INFO - Setting next_dagrun for example_python_operator to None, run_after=None
[2025-06-13T15:03:07.764+0000] {processor.py:183} INFO - Processing /home/airflow/.local/lib/python3.10/site-packages/airflow/example_dags/example_python_operator.py took 0.062 seconds
[2025-06-13T15:03:38.563+0000] {processor.py:161} INFO - Started process (PID=2332) to work on /home/airflow/.local/lib/python3.10/site-packages/airflow/example_dags/example_python_operator.py
[2025-06-13T15:03:38.565+0000] {processor.py:830} INFO - Processing file /home/airflow/.local/lib/python3.10/site-packages/airflow/example_dags/example_python_operator.py for tasks to queue
[2025-06-13T15:03:38.567+0000] {logging_mixin.py:188} INFO - [2025-06-13T15:03:38.567+0000] {dagbag.py:540} INFO - Filling up the DagBag from /home/airflow/.local/lib/python3.10/site-packages/airflow/example_dags/example_python_operator.py
[2025-06-13T15:03:38.577+0000] {processor.py:840} INFO - DAG(s) 'example_python_operator' retrieved from /home/airflow/.local/lib/python3.10/site-packages/airflow/example_dags/example_python_operator.py
[2025-06-13T15:03:38.601+0000] {logging_mixin.py:188} INFO - [2025-06-13T15:03:38.600+0000] {dag.py:3096} INFO - Sync 1 DAGs
[2025-06-13T15:03:38.609+0000] {logging_mixin.py:188} INFO - [2025-06-13T15:03:38.609+0000] {dag.py:3954} INFO - Setting next_dagrun for example_python_operator to None, run_after=None
[2025-06-13T15:03:38.624+0000] {processor.py:183} INFO - Processing /home/airflow/.local/lib/python3.10/site-packages/airflow/example_dags/example_python_operator.py took 0.068 seconds
[2025-06-13T15:04:09.439+0000] {processor.py:161} INFO - Started process (PID=2392) to work on /home/airflow/.local/lib/python3.10/site-packages/airflow/example_dags/example_python_operator.py
[2025-06-13T15:04:09.441+0000] {processor.py:830} INFO - Processing file /home/airflow/.local/lib/python3.10/site-packages/airflow/example_dags/example_python_operator.py for tasks to queue
[2025-06-13T15:04:09.443+0000] {logging_mixin.py:188} INFO - [2025-06-13T15:04:09.443+0000] {dagbag.py:540} INFO - Filling up the DagBag from /home/airflow/.local/lib/python3.10/site-packages/airflow/example_dags/example_python_operator.py
[2025-06-13T15:04:09.453+0000] {processor.py:840} INFO - DAG(s) 'example_python_operator' retrieved from /home/airflow/.local/lib/python3.10/site-packages/airflow/example_dags/example_python_operator.py
[2025-06-13T15:04:09.472+0000] {logging_mixin.py:188} INFO - [2025-06-13T15:04:09.472+0000] {dag.py:3096} INFO - Sync 1 DAGs
[2025-06-13T15:04:09.482+0000] {logging_mixin.py:188} INFO - [2025-06-13T15:04:09.481+0000] {dag.py:3954} INFO - Setting next_dagrun for example_python_operator to None, run_after=None
[2025-06-13T15:04:09.502+0000] {processor.py:183} INFO - Processing /home/airflow/.local/lib/python3.10/site-packages/airflow/example_dags/example_python_operator.py took 0.075 seconds
[2025-06-13T15:04:39.644+0000] {processor.py:161} INFO - Started process (PID=2452) to work on /home/airflow/.local/lib/python3.10/site-packages/airflow/example_dags/example_python_operator.py
[2025-06-13T15:04:39.645+0000] {processor.py:830} INFO - Processing file /home/airflow/.local/lib/python3.10/site-packages/airflow/example_dags/example_python_operator.py for tasks to queue
[2025-06-13T15:04:39.647+0000] {logging_mixin.py:188} INFO - [2025-06-13T15:04:39.647+0000] {dagbag.py:540} INFO - Filling up the DagBag from /home/airflow/.local/lib/python3.10/site-packages/airflow/example_dags/example_python_operator.py
[2025-06-13T15:04:39.657+0000] {processor.py:840} INFO - DAG(s) 'example_python_operator' retrieved from /home/airflow/.local/lib/python3.10/site-packages/airflow/example_dags/example_python_operator.py
[2025-06-13T15:04:39.676+0000] {logging_mixin.py:188} INFO - [2025-06-13T15:04:39.676+0000] {dag.py:3096} INFO - Sync 1 DAGs
[2025-06-13T15:04:39.683+0000] {logging_mixin.py:188} INFO - [2025-06-13T15:04:39.683+0000] {dag.py:3954} INFO - Setting next_dagrun for example_python_operator to None, run_after=None
[2025-06-13T15:04:39.697+0000] {processor.py:183} INFO - Processing /home/airflow/.local/lib/python3.10/site-packages/airflow/example_dags/example_python_operator.py took 0.061 seconds
[2025-06-13T15:05:10.323+0000] {processor.py:161} INFO - Started process (PID=2512) to work on /home/airflow/.local/lib/python3.10/site-packages/airflow/example_dags/example_python_operator.py
[2025-06-13T15:05:10.327+0000] {processor.py:830} INFO - Processing file /home/airflow/.local/lib/python3.10/site-packages/airflow/example_dags/example_python_operator.py for tasks to queue
[2025-06-13T15:05:10.329+0000] {logging_mixin.py:188} INFO - [2025-06-13T15:05:10.329+0000] {dagbag.py:540} INFO - Filling up the DagBag from /home/airflow/.local/lib/python3.10/site-packages/airflow/example_dags/example_python_operator.py
[2025-06-13T15:05:10.342+0000] {processor.py:840} INFO - DAG(s) 'example_python_operator' retrieved from /home/airflow/.local/lib/python3.10/site-packages/airflow/example_dags/example_python_operator.py
[2025-06-13T15:05:10.358+0000] {logging_mixin.py:188} INFO - [2025-06-13T15:05:10.358+0000] {dag.py:3096} INFO - Sync 1 DAGs
[2025-06-13T15:05:10.366+0000] {logging_mixin.py:188} INFO - [2025-06-13T15:05:10.366+0000] {dag.py:3954} INFO - Setting next_dagrun for example_python_operator to None, run_after=None
[2025-06-13T15:05:10.380+0000] {processor.py:183} INFO - Processing /home/airflow/.local/lib/python3.10/site-packages/airflow/example_dags/example_python_operator.py took 0.065 seconds
