[2025-06-13T14:33:25.660+0000] {processor.py:161} INFO - Started process (PID=81) to work on /home/airflow/.local/lib/python3.10/site-packages/airflow/example_dags/tutorial_objectstorage.py
[2025-06-13T14:33:25.661+0000] {processor.py:830} INFO - Processing file /home/airflow/.local/lib/python3.10/site-packages/airflow/example_dags/tutorial_objectstorage.py for tasks to queue
[2025-06-13T14:33:25.662+0000] {logging_mixin.py:188} INFO - [2025-06-13T14:33:25.662+0000] {dagbag.py:540} INFO - Filling up the DagBag from /home/airflow/.local/lib/python3.10/site-packages/airflow/example_dags/tutorial_objectstorage.py
[2025-06-13T14:33:25.669+0000] {processor.py:840} INFO - DAG(s) 'tutorial_objectstorage' retrieved from /home/airflow/.local/lib/python3.10/site-packages/airflow/example_dags/tutorial_objectstorage.py
[2025-06-13T14:33:25.675+0000] {logging_mixin.py:188} INFO - [2025-06-13T14:33:25.675+0000] {dag.py:3096} INFO - Sync 1 DAGs
[2025-06-13T14:33:25.683+0000] {logging_mixin.py:188} INFO - [2025-06-13T14:33:25.683+0000] {dag.py:3954} INFO - Setting next_dagrun for tutorial_objectstorage to None, run_after=None
[2025-06-13T14:33:25.694+0000] {processor.py:183} INFO - Processing /home/airflow/.local/lib/python3.10/site-packages/airflow/example_dags/tutorial_objectstorage.py took 0.038 seconds
[2025-06-13T14:33:55.777+0000] {processor.py:161} INFO - Started process (PID=138) to work on /home/airflow/.local/lib/python3.10/site-packages/airflow/example_dags/tutorial_objectstorage.py
[2025-06-13T14:33:55.778+0000] {processor.py:830} INFO - Processing file /home/airflow/.local/lib/python3.10/site-packages/airflow/example_dags/tutorial_objectstorage.py for tasks to queue
[2025-06-13T14:33:55.779+0000] {logging_mixin.py:188} INFO - [2025-06-13T14:33:55.779+0000] {dagbag.py:540} INFO - Filling up the DagBag from /home/airflow/.local/lib/python3.10/site-packages/airflow/example_dags/tutorial_objectstorage.py
[2025-06-13T14:33:55.783+0000] {processor.py:840} INFO - DAG(s) 'tutorial_objectstorage' retrieved from /home/airflow/.local/lib/python3.10/site-packages/airflow/example_dags/tutorial_objectstorage.py
[2025-06-13T14:33:55.833+0000] {logging_mixin.py:188} INFO - [2025-06-13T14:33:55.832+0000] {dag.py:3096} INFO - Sync 1 DAGs
[2025-06-13T14:33:55.837+0000] {logging_mixin.py:188} INFO - [2025-06-13T14:33:55.837+0000] {dag.py:3954} INFO - Setting next_dagrun for tutorial_objectstorage to None, run_after=None
[2025-06-13T14:33:55.845+0000] {processor.py:183} INFO - Processing /home/airflow/.local/lib/python3.10/site-packages/airflow/example_dags/tutorial_objectstorage.py took 0.071 seconds
[2025-06-13T14:34:26.073+0000] {processor.py:161} INFO - Started process (PID=196) to work on /home/airflow/.local/lib/python3.10/site-packages/airflow/example_dags/tutorial_objectstorage.py
[2025-06-13T14:34:26.076+0000] {processor.py:830} INFO - Processing file /home/airflow/.local/lib/python3.10/site-packages/airflow/example_dags/tutorial_objectstorage.py for tasks to queue
[2025-06-13T14:34:26.077+0000] {logging_mixin.py:188} INFO - [2025-06-13T14:34:26.077+0000] {dagbag.py:540} INFO - Filling up the DagBag from /home/airflow/.local/lib/python3.10/site-packages/airflow/example_dags/tutorial_objectstorage.py
[2025-06-13T14:34:26.081+0000] {processor.py:840} INFO - DAG(s) 'tutorial_objectstorage' retrieved from /home/airflow/.local/lib/python3.10/site-packages/airflow/example_dags/tutorial_objectstorage.py
[2025-06-13T14:34:26.091+0000] {logging_mixin.py:188} INFO - [2025-06-13T14:34:26.091+0000] {dag.py:3096} INFO - Sync 1 DAGs
[2025-06-13T14:34:26.098+0000] {logging_mixin.py:188} INFO - [2025-06-13T14:34:26.097+0000] {dag.py:3954} INFO - Setting next_dagrun for tutorial_objectstorage to None, run_after=None
[2025-06-13T14:34:26.107+0000] {processor.py:183} INFO - Processing /home/airflow/.local/lib/python3.10/site-packages/airflow/example_dags/tutorial_objectstorage.py took 0.037 seconds
[2025-06-13T14:34:56.475+0000] {processor.py:161} INFO - Started process (PID=254) to work on /home/airflow/.local/lib/python3.10/site-packages/airflow/example_dags/tutorial_objectstorage.py
[2025-06-13T14:34:56.476+0000] {processor.py:830} INFO - Processing file /home/airflow/.local/lib/python3.10/site-packages/airflow/example_dags/tutorial_objectstorage.py for tasks to queue
[2025-06-13T14:34:56.477+0000] {logging_mixin.py:188} INFO - [2025-06-13T14:34:56.477+0000] {dagbag.py:540} INFO - Filling up the DagBag from /home/airflow/.local/lib/python3.10/site-packages/airflow/example_dags/tutorial_objectstorage.py
[2025-06-13T14:34:56.481+0000] {processor.py:840} INFO - DAG(s) 'tutorial_objectstorage' retrieved from /home/airflow/.local/lib/python3.10/site-packages/airflow/example_dags/tutorial_objectstorage.py
[2025-06-13T14:34:56.491+0000] {logging_mixin.py:188} INFO - [2025-06-13T14:34:56.491+0000] {dag.py:3096} INFO - Sync 1 DAGs
[2025-06-13T14:34:56.497+0000] {logging_mixin.py:188} INFO - [2025-06-13T14:34:56.497+0000] {dag.py:3954} INFO - Setting next_dagrun for tutorial_objectstorage to None, run_after=None
[2025-06-13T14:34:56.510+0000] {processor.py:183} INFO - Processing /home/airflow/.local/lib/python3.10/site-packages/airflow/example_dags/tutorial_objectstorage.py took 0.039 seconds
[2025-06-13T14:35:27.210+0000] {processor.py:161} INFO - Started process (PID=312) to work on /home/airflow/.local/lib/python3.10/site-packages/airflow/example_dags/tutorial_objectstorage.py
[2025-06-13T14:35:27.212+0000] {processor.py:830} INFO - Processing file /home/airflow/.local/lib/python3.10/site-packages/airflow/example_dags/tutorial_objectstorage.py for tasks to queue
[2025-06-13T14:35:27.214+0000] {logging_mixin.py:188} INFO - [2025-06-13T14:35:27.214+0000] {dagbag.py:540} INFO - Filling up the DagBag from /home/airflow/.local/lib/python3.10/site-packages/airflow/example_dags/tutorial_objectstorage.py
[2025-06-13T14:35:27.222+0000] {processor.py:840} INFO - DAG(s) 'tutorial_objectstorage' retrieved from /home/airflow/.local/lib/python3.10/site-packages/airflow/example_dags/tutorial_objectstorage.py
[2025-06-13T14:35:27.241+0000] {logging_mixin.py:188} INFO - [2025-06-13T14:35:27.240+0000] {dag.py:3096} INFO - Sync 1 DAGs
[2025-06-13T14:35:27.250+0000] {logging_mixin.py:188} INFO - [2025-06-13T14:35:27.250+0000] {dag.py:3954} INFO - Setting next_dagrun for tutorial_objectstorage to None, run_after=None
[2025-06-13T14:35:27.275+0000] {processor.py:183} INFO - Processing /home/airflow/.local/lib/python3.10/site-packages/airflow/example_dags/tutorial_objectstorage.py took 0.071 seconds
[2025-06-13T14:35:58.637+0000] {processor.py:161} INFO - Started process (PID=376) to work on /home/airflow/.local/lib/python3.10/site-packages/airflow/example_dags/tutorial_objectstorage.py
[2025-06-13T14:35:58.638+0000] {processor.py:830} INFO - Processing file /home/airflow/.local/lib/python3.10/site-packages/airflow/example_dags/tutorial_objectstorage.py for tasks to queue
[2025-06-13T14:35:58.641+0000] {logging_mixin.py:188} INFO - [2025-06-13T14:35:58.640+0000] {dagbag.py:540} INFO - Filling up the DagBag from /home/airflow/.local/lib/python3.10/site-packages/airflow/example_dags/tutorial_objectstorage.py
[2025-06-13T14:35:58.645+0000] {processor.py:840} INFO - DAG(s) 'tutorial_objectstorage' retrieved from /home/airflow/.local/lib/python3.10/site-packages/airflow/example_dags/tutorial_objectstorage.py
[2025-06-13T14:35:58.657+0000] {logging_mixin.py:188} INFO - [2025-06-13T14:35:58.657+0000] {dag.py:3096} INFO - Sync 1 DAGs
[2025-06-13T14:35:58.663+0000] {logging_mixin.py:188} INFO - [2025-06-13T14:35:58.663+0000] {dag.py:3954} INFO - Setting next_dagrun for tutorial_objectstorage to None, run_after=None
[2025-06-13T14:35:58.681+0000] {processor.py:183} INFO - Processing /home/airflow/.local/lib/python3.10/site-packages/airflow/example_dags/tutorial_objectstorage.py took 0.048 seconds
[2025-06-13T14:36:29.436+0000] {processor.py:161} INFO - Started process (PID=434) to work on /home/airflow/.local/lib/python3.10/site-packages/airflow/example_dags/tutorial_objectstorage.py
[2025-06-13T14:36:29.438+0000] {processor.py:830} INFO - Processing file /home/airflow/.local/lib/python3.10/site-packages/airflow/example_dags/tutorial_objectstorage.py for tasks to queue
[2025-06-13T14:36:29.440+0000] {logging_mixin.py:188} INFO - [2025-06-13T14:36:29.440+0000] {dagbag.py:540} INFO - Filling up the DagBag from /home/airflow/.local/lib/python3.10/site-packages/airflow/example_dags/tutorial_objectstorage.py
[2025-06-13T14:36:29.445+0000] {processor.py:840} INFO - DAG(s) 'tutorial_objectstorage' retrieved from /home/airflow/.local/lib/python3.10/site-packages/airflow/example_dags/tutorial_objectstorage.py
[2025-06-13T14:36:29.456+0000] {logging_mixin.py:188} INFO - [2025-06-13T14:36:29.456+0000] {dag.py:3096} INFO - Sync 1 DAGs
[2025-06-13T14:36:29.462+0000] {logging_mixin.py:188} INFO - [2025-06-13T14:36:29.462+0000] {dag.py:3954} INFO - Setting next_dagrun for tutorial_objectstorage to None, run_after=None
[2025-06-13T14:36:29.474+0000] {processor.py:183} INFO - Processing /home/airflow/.local/lib/python3.10/site-packages/airflow/example_dags/tutorial_objectstorage.py took 0.042 seconds
[2025-06-13T14:36:59.740+0000] {processor.py:161} INFO - Started process (PID=492) to work on /home/airflow/.local/lib/python3.10/site-packages/airflow/example_dags/tutorial_objectstorage.py
[2025-06-13T14:36:59.743+0000] {processor.py:830} INFO - Processing file /home/airflow/.local/lib/python3.10/site-packages/airflow/example_dags/tutorial_objectstorage.py for tasks to queue
[2025-06-13T14:36:59.744+0000] {logging_mixin.py:188} INFO - [2025-06-13T14:36:59.744+0000] {dagbag.py:540} INFO - Filling up the DagBag from /home/airflow/.local/lib/python3.10/site-packages/airflow/example_dags/tutorial_objectstorage.py
[2025-06-13T14:36:59.749+0000] {processor.py:840} INFO - DAG(s) 'tutorial_objectstorage' retrieved from /home/airflow/.local/lib/python3.10/site-packages/airflow/example_dags/tutorial_objectstorage.py
[2025-06-13T14:36:59.761+0000] {logging_mixin.py:188} INFO - [2025-06-13T14:36:59.761+0000] {dag.py:3096} INFO - Sync 1 DAGs
[2025-06-13T14:36:59.768+0000] {logging_mixin.py:188} INFO - [2025-06-13T14:36:59.768+0000] {dag.py:3954} INFO - Setting next_dagrun for tutorial_objectstorage to None, run_after=None
[2025-06-13T14:36:59.782+0000] {processor.py:183} INFO - Processing /home/airflow/.local/lib/python3.10/site-packages/airflow/example_dags/tutorial_objectstorage.py took 0.046 seconds
[2025-06-13T14:37:30.713+0000] {processor.py:161} INFO - Started process (PID=550) to work on /home/airflow/.local/lib/python3.10/site-packages/airflow/example_dags/tutorial_objectstorage.py
[2025-06-13T14:37:30.716+0000] {processor.py:830} INFO - Processing file /home/airflow/.local/lib/python3.10/site-packages/airflow/example_dags/tutorial_objectstorage.py for tasks to queue
[2025-06-13T14:37:30.717+0000] {logging_mixin.py:188} INFO - [2025-06-13T14:37:30.717+0000] {dagbag.py:540} INFO - Filling up the DagBag from /home/airflow/.local/lib/python3.10/site-packages/airflow/example_dags/tutorial_objectstorage.py
[2025-06-13T14:37:30.722+0000] {processor.py:840} INFO - DAG(s) 'tutorial_objectstorage' retrieved from /home/airflow/.local/lib/python3.10/site-packages/airflow/example_dags/tutorial_objectstorage.py
[2025-06-13T14:37:30.733+0000] {logging_mixin.py:188} INFO - [2025-06-13T14:37:30.733+0000] {dag.py:3096} INFO - Sync 1 DAGs
[2025-06-13T14:37:30.741+0000] {logging_mixin.py:188} INFO - [2025-06-13T14:37:30.740+0000] {dag.py:3954} INFO - Setting next_dagrun for tutorial_objectstorage to None, run_after=None
[2025-06-13T14:37:30.751+0000] {processor.py:183} INFO - Processing /home/airflow/.local/lib/python3.10/site-packages/airflow/example_dags/tutorial_objectstorage.py took 0.043 seconds
[2025-06-13T14:38:00.779+0000] {processor.py:161} INFO - Started process (PID=608) to work on /home/airflow/.local/lib/python3.10/site-packages/airflow/example_dags/tutorial_objectstorage.py
[2025-06-13T14:38:00.780+0000] {processor.py:830} INFO - Processing file /home/airflow/.local/lib/python3.10/site-packages/airflow/example_dags/tutorial_objectstorage.py for tasks to queue
[2025-06-13T14:38:00.781+0000] {logging_mixin.py:188} INFO - [2025-06-13T14:38:00.781+0000] {dagbag.py:540} INFO - Filling up the DagBag from /home/airflow/.local/lib/python3.10/site-packages/airflow/example_dags/tutorial_objectstorage.py
[2025-06-13T14:38:00.785+0000] {processor.py:840} INFO - DAG(s) 'tutorial_objectstorage' retrieved from /home/airflow/.local/lib/python3.10/site-packages/airflow/example_dags/tutorial_objectstorage.py
[2025-06-13T14:38:00.798+0000] {logging_mixin.py:188} INFO - [2025-06-13T14:38:00.798+0000] {dag.py:3096} INFO - Sync 1 DAGs
[2025-06-13T14:38:00.805+0000] {logging_mixin.py:188} INFO - [2025-06-13T14:38:00.804+0000] {dag.py:3954} INFO - Setting next_dagrun for tutorial_objectstorage to None, run_after=None
[2025-06-13T14:38:00.814+0000] {processor.py:183} INFO - Processing /home/airflow/.local/lib/python3.10/site-packages/airflow/example_dags/tutorial_objectstorage.py took 0.039 seconds
[2025-06-13T14:38:31.532+0000] {processor.py:161} INFO - Started process (PID=668) to work on /home/airflow/.local/lib/python3.10/site-packages/airflow/example_dags/tutorial_objectstorage.py
[2025-06-13T14:38:31.533+0000] {processor.py:830} INFO - Processing file /home/airflow/.local/lib/python3.10/site-packages/airflow/example_dags/tutorial_objectstorage.py for tasks to queue
[2025-06-13T14:38:31.534+0000] {logging_mixin.py:188} INFO - [2025-06-13T14:38:31.534+0000] {dagbag.py:540} INFO - Filling up the DagBag from /home/airflow/.local/lib/python3.10/site-packages/airflow/example_dags/tutorial_objectstorage.py
[2025-06-13T14:38:31.538+0000] {processor.py:840} INFO - DAG(s) 'tutorial_objectstorage' retrieved from /home/airflow/.local/lib/python3.10/site-packages/airflow/example_dags/tutorial_objectstorage.py
[2025-06-13T14:38:31.548+0000] {logging_mixin.py:188} INFO - [2025-06-13T14:38:31.548+0000] {dag.py:3096} INFO - Sync 1 DAGs
[2025-06-13T14:38:31.555+0000] {logging_mixin.py:188} INFO - [2025-06-13T14:38:31.554+0000] {dag.py:3954} INFO - Setting next_dagrun for tutorial_objectstorage to None, run_after=None
[2025-06-13T14:38:31.565+0000] {processor.py:183} INFO - Processing /home/airflow/.local/lib/python3.10/site-packages/airflow/example_dags/tutorial_objectstorage.py took 0.037 seconds
[2025-06-13T14:39:02.270+0000] {processor.py:161} INFO - Started process (PID=728) to work on /home/airflow/.local/lib/python3.10/site-packages/airflow/example_dags/tutorial_objectstorage.py
[2025-06-13T14:39:02.271+0000] {processor.py:830} INFO - Processing file /home/airflow/.local/lib/python3.10/site-packages/airflow/example_dags/tutorial_objectstorage.py for tasks to queue
[2025-06-13T14:39:02.273+0000] {logging_mixin.py:188} INFO - [2025-06-13T14:39:02.272+0000] {dagbag.py:540} INFO - Filling up the DagBag from /home/airflow/.local/lib/python3.10/site-packages/airflow/example_dags/tutorial_objectstorage.py
[2025-06-13T14:39:02.277+0000] {processor.py:840} INFO - DAG(s) 'tutorial_objectstorage' retrieved from /home/airflow/.local/lib/python3.10/site-packages/airflow/example_dags/tutorial_objectstorage.py
[2025-06-13T14:39:02.288+0000] {logging_mixin.py:188} INFO - [2025-06-13T14:39:02.287+0000] {dag.py:3096} INFO - Sync 1 DAGs
[2025-06-13T14:39:02.295+0000] {logging_mixin.py:188} INFO - [2025-06-13T14:39:02.295+0000] {dag.py:3954} INFO - Setting next_dagrun for tutorial_objectstorage to None, run_after=None
[2025-06-13T14:39:02.312+0000] {processor.py:183} INFO - Processing /home/airflow/.local/lib/python3.10/site-packages/airflow/example_dags/tutorial_objectstorage.py took 0.046 seconds
[2025-06-13T14:39:33.342+0000] {processor.py:161} INFO - Started process (PID=788) to work on /home/airflow/.local/lib/python3.10/site-packages/airflow/example_dags/tutorial_objectstorage.py
[2025-06-13T14:39:33.343+0000] {processor.py:830} INFO - Processing file /home/airflow/.local/lib/python3.10/site-packages/airflow/example_dags/tutorial_objectstorage.py for tasks to queue
[2025-06-13T14:39:33.344+0000] {logging_mixin.py:188} INFO - [2025-06-13T14:39:33.344+0000] {dagbag.py:540} INFO - Filling up the DagBag from /home/airflow/.local/lib/python3.10/site-packages/airflow/example_dags/tutorial_objectstorage.py
[2025-06-13T14:39:33.348+0000] {processor.py:840} INFO - DAG(s) 'tutorial_objectstorage' retrieved from /home/airflow/.local/lib/python3.10/site-packages/airflow/example_dags/tutorial_objectstorage.py
[2025-06-13T14:39:33.364+0000] {logging_mixin.py:188} INFO - [2025-06-13T14:39:33.364+0000] {dag.py:3096} INFO - Sync 1 DAGs
[2025-06-13T14:39:33.371+0000] {logging_mixin.py:188} INFO - [2025-06-13T14:39:33.371+0000] {dag.py:3954} INFO - Setting next_dagrun for tutorial_objectstorage to None, run_after=None
[2025-06-13T14:39:33.383+0000] {processor.py:183} INFO - Processing /home/airflow/.local/lib/python3.10/site-packages/airflow/example_dags/tutorial_objectstorage.py took 0.046 seconds
[2025-06-13T14:40:03.701+0000] {processor.py:161} INFO - Started process (PID=848) to work on /home/airflow/.local/lib/python3.10/site-packages/airflow/example_dags/tutorial_objectstorage.py
[2025-06-13T14:40:03.702+0000] {processor.py:830} INFO - Processing file /home/airflow/.local/lib/python3.10/site-packages/airflow/example_dags/tutorial_objectstorage.py for tasks to queue
[2025-06-13T14:40:03.703+0000] {logging_mixin.py:188} INFO - [2025-06-13T14:40:03.702+0000] {dagbag.py:540} INFO - Filling up the DagBag from /home/airflow/.local/lib/python3.10/site-packages/airflow/example_dags/tutorial_objectstorage.py
[2025-06-13T14:40:03.707+0000] {processor.py:840} INFO - DAG(s) 'tutorial_objectstorage' retrieved from /home/airflow/.local/lib/python3.10/site-packages/airflow/example_dags/tutorial_objectstorage.py
[2025-06-13T14:40:03.719+0000] {logging_mixin.py:188} INFO - [2025-06-13T14:40:03.719+0000] {dag.py:3096} INFO - Sync 1 DAGs
[2025-06-13T14:40:03.725+0000] {logging_mixin.py:188} INFO - [2025-06-13T14:40:03.725+0000] {dag.py:3954} INFO - Setting next_dagrun for tutorial_objectstorage to None, run_after=None
[2025-06-13T14:40:03.738+0000] {processor.py:183} INFO - Processing /home/airflow/.local/lib/python3.10/site-packages/airflow/example_dags/tutorial_objectstorage.py took 0.040 seconds
[2025-06-13T14:40:34.842+0000] {processor.py:161} INFO - Started process (PID=908) to work on /home/airflow/.local/lib/python3.10/site-packages/airflow/example_dags/tutorial_objectstorage.py
[2025-06-13T14:40:34.844+0000] {processor.py:830} INFO - Processing file /home/airflow/.local/lib/python3.10/site-packages/airflow/example_dags/tutorial_objectstorage.py for tasks to queue
[2025-06-13T14:40:34.845+0000] {logging_mixin.py:188} INFO - [2025-06-13T14:40:34.845+0000] {dagbag.py:540} INFO - Filling up the DagBag from /home/airflow/.local/lib/python3.10/site-packages/airflow/example_dags/tutorial_objectstorage.py
[2025-06-13T14:40:34.851+0000] {processor.py:840} INFO - DAG(s) 'tutorial_objectstorage' retrieved from /home/airflow/.local/lib/python3.10/site-packages/airflow/example_dags/tutorial_objectstorage.py
[2025-06-13T14:40:34.865+0000] {logging_mixin.py:188} INFO - [2025-06-13T14:40:34.864+0000] {dag.py:3096} INFO - Sync 1 DAGs
[2025-06-13T14:40:34.873+0000] {logging_mixin.py:188} INFO - [2025-06-13T14:40:34.872+0000] {dag.py:3954} INFO - Setting next_dagrun for tutorial_objectstorage to None, run_after=None
[2025-06-13T14:40:34.887+0000] {processor.py:183} INFO - Processing /home/airflow/.local/lib/python3.10/site-packages/airflow/example_dags/tutorial_objectstorage.py took 0.054 seconds
[2025-06-13T14:41:05.312+0000] {processor.py:161} INFO - Started process (PID=968) to work on /home/airflow/.local/lib/python3.10/site-packages/airflow/example_dags/tutorial_objectstorage.py
[2025-06-13T14:41:05.313+0000] {processor.py:830} INFO - Processing file /home/airflow/.local/lib/python3.10/site-packages/airflow/example_dags/tutorial_objectstorage.py for tasks to queue
[2025-06-13T14:41:05.315+0000] {logging_mixin.py:188} INFO - [2025-06-13T14:41:05.315+0000] {dagbag.py:540} INFO - Filling up the DagBag from /home/airflow/.local/lib/python3.10/site-packages/airflow/example_dags/tutorial_objectstorage.py
[2025-06-13T14:41:05.323+0000] {processor.py:840} INFO - DAG(s) 'tutorial_objectstorage' retrieved from /home/airflow/.local/lib/python3.10/site-packages/airflow/example_dags/tutorial_objectstorage.py
[2025-06-13T14:41:05.338+0000] {logging_mixin.py:188} INFO - [2025-06-13T14:41:05.338+0000] {dag.py:3096} INFO - Sync 1 DAGs
[2025-06-13T14:41:05.346+0000] {logging_mixin.py:188} INFO - [2025-06-13T14:41:05.346+0000] {dag.py:3954} INFO - Setting next_dagrun for tutorial_objectstorage to None, run_after=None
[2025-06-13T14:41:05.356+0000] {processor.py:183} INFO - Processing /home/airflow/.local/lib/python3.10/site-packages/airflow/example_dags/tutorial_objectstorage.py took 0.048 seconds
[2025-06-13T14:41:35.756+0000] {processor.py:161} INFO - Started process (PID=1028) to work on /home/airflow/.local/lib/python3.10/site-packages/airflow/example_dags/tutorial_objectstorage.py
[2025-06-13T14:41:35.756+0000] {processor.py:830} INFO - Processing file /home/airflow/.local/lib/python3.10/site-packages/airflow/example_dags/tutorial_objectstorage.py for tasks to queue
[2025-06-13T14:41:35.759+0000] {logging_mixin.py:188} INFO - [2025-06-13T14:41:35.758+0000] {dagbag.py:540} INFO - Filling up the DagBag from /home/airflow/.local/lib/python3.10/site-packages/airflow/example_dags/tutorial_objectstorage.py
[2025-06-13T14:41:35.763+0000] {processor.py:840} INFO - DAG(s) 'tutorial_objectstorage' retrieved from /home/airflow/.local/lib/python3.10/site-packages/airflow/example_dags/tutorial_objectstorage.py
[2025-06-13T14:41:35.776+0000] {logging_mixin.py:188} INFO - [2025-06-13T14:41:35.776+0000] {dag.py:3096} INFO - Sync 1 DAGs
[2025-06-13T14:41:35.783+0000] {logging_mixin.py:188} INFO - [2025-06-13T14:41:35.783+0000] {dag.py:3954} INFO - Setting next_dagrun for tutorial_objectstorage to None, run_after=None
[2025-06-13T14:41:35.799+0000] {processor.py:183} INFO - Processing /home/airflow/.local/lib/python3.10/site-packages/airflow/example_dags/tutorial_objectstorage.py took 0.048 seconds
[2025-06-13T14:42:06.105+0000] {processor.py:161} INFO - Started process (PID=1088) to work on /home/airflow/.local/lib/python3.10/site-packages/airflow/example_dags/tutorial_objectstorage.py
[2025-06-13T14:42:06.105+0000] {processor.py:830} INFO - Processing file /home/airflow/.local/lib/python3.10/site-packages/airflow/example_dags/tutorial_objectstorage.py for tasks to queue
[2025-06-13T14:42:06.106+0000] {logging_mixin.py:188} INFO - [2025-06-13T14:42:06.106+0000] {dagbag.py:540} INFO - Filling up the DagBag from /home/airflow/.local/lib/python3.10/site-packages/airflow/example_dags/tutorial_objectstorage.py
[2025-06-13T14:42:06.110+0000] {processor.py:840} INFO - DAG(s) 'tutorial_objectstorage' retrieved from /home/airflow/.local/lib/python3.10/site-packages/airflow/example_dags/tutorial_objectstorage.py
[2025-06-13T14:42:06.121+0000] {logging_mixin.py:188} INFO - [2025-06-13T14:42:06.121+0000] {dag.py:3096} INFO - Sync 1 DAGs
[2025-06-13T14:42:06.129+0000] {logging_mixin.py:188} INFO - [2025-06-13T14:42:06.128+0000] {dag.py:3954} INFO - Setting next_dagrun for tutorial_objectstorage to None, run_after=None
[2025-06-13T14:42:06.138+0000] {processor.py:183} INFO - Processing /home/airflow/.local/lib/python3.10/site-packages/airflow/example_dags/tutorial_objectstorage.py took 0.037 seconds
[2025-06-13T14:42:37.442+0000] {processor.py:161} INFO - Started process (PID=1148) to work on /home/airflow/.local/lib/python3.10/site-packages/airflow/example_dags/tutorial_objectstorage.py
[2025-06-13T14:42:37.442+0000] {processor.py:830} INFO - Processing file /home/airflow/.local/lib/python3.10/site-packages/airflow/example_dags/tutorial_objectstorage.py for tasks to queue
[2025-06-13T14:42:37.444+0000] {logging_mixin.py:188} INFO - [2025-06-13T14:42:37.443+0000] {dagbag.py:540} INFO - Filling up the DagBag from /home/airflow/.local/lib/python3.10/site-packages/airflow/example_dags/tutorial_objectstorage.py
[2025-06-13T14:42:37.448+0000] {processor.py:840} INFO - DAG(s) 'tutorial_objectstorage' retrieved from /home/airflow/.local/lib/python3.10/site-packages/airflow/example_dags/tutorial_objectstorage.py
[2025-06-13T14:42:37.464+0000] {logging_mixin.py:188} INFO - [2025-06-13T14:42:37.464+0000] {dag.py:3096} INFO - Sync 1 DAGs
[2025-06-13T14:42:37.472+0000] {logging_mixin.py:188} INFO - [2025-06-13T14:42:37.472+0000] {dag.py:3954} INFO - Setting next_dagrun for tutorial_objectstorage to None, run_after=None
[2025-06-13T14:42:37.486+0000] {processor.py:183} INFO - Processing /home/airflow/.local/lib/python3.10/site-packages/airflow/example_dags/tutorial_objectstorage.py took 0.048 seconds
[2025-06-13T14:43:08.098+0000] {processor.py:161} INFO - Started process (PID=1208) to work on /home/airflow/.local/lib/python3.10/site-packages/airflow/example_dags/tutorial_objectstorage.py
[2025-06-13T14:43:08.099+0000] {processor.py:830} INFO - Processing file /home/airflow/.local/lib/python3.10/site-packages/airflow/example_dags/tutorial_objectstorage.py for tasks to queue
[2025-06-13T14:43:08.101+0000] {logging_mixin.py:188} INFO - [2025-06-13T14:43:08.101+0000] {dagbag.py:540} INFO - Filling up the DagBag from /home/airflow/.local/lib/python3.10/site-packages/airflow/example_dags/tutorial_objectstorage.py
[2025-06-13T14:43:08.105+0000] {processor.py:840} INFO - DAG(s) 'tutorial_objectstorage' retrieved from /home/airflow/.local/lib/python3.10/site-packages/airflow/example_dags/tutorial_objectstorage.py
[2025-06-13T14:43:08.115+0000] {logging_mixin.py:188} INFO - [2025-06-13T14:43:08.115+0000] {dag.py:3096} INFO - Sync 1 DAGs
[2025-06-13T14:43:08.122+0000] {logging_mixin.py:188} INFO - [2025-06-13T14:43:08.121+0000] {dag.py:3954} INFO - Setting next_dagrun for tutorial_objectstorage to None, run_after=None
[2025-06-13T14:43:08.139+0000] {processor.py:183} INFO - Processing /home/airflow/.local/lib/python3.10/site-packages/airflow/example_dags/tutorial_objectstorage.py took 0.045 seconds
[2025-06-13T14:44:43.587+0000] {processor.py:161} INFO - Started process (PID=99) to work on /home/airflow/.local/lib/python3.10/site-packages/airflow/example_dags/tutorial_objectstorage.py
[2025-06-13T14:44:43.588+0000] {processor.py:830} INFO - Processing file /home/airflow/.local/lib/python3.10/site-packages/airflow/example_dags/tutorial_objectstorage.py for tasks to queue
[2025-06-13T14:44:43.588+0000] {logging_mixin.py:188} INFO - [2025-06-13T14:44:43.588+0000] {dagbag.py:540} INFO - Filling up the DagBag from /home/airflow/.local/lib/python3.10/site-packages/airflow/example_dags/tutorial_objectstorage.py
[2025-06-13T14:44:43.592+0000] {processor.py:840} INFO - DAG(s) 'tutorial_objectstorage' retrieved from /home/airflow/.local/lib/python3.10/site-packages/airflow/example_dags/tutorial_objectstorage.py
[2025-06-13T14:44:43.598+0000] {logging_mixin.py:188} INFO - [2025-06-13T14:44:43.598+0000] {dag.py:3096} INFO - Sync 1 DAGs
[2025-06-13T14:44:43.604+0000] {logging_mixin.py:188} INFO - [2025-06-13T14:44:43.604+0000] {dag.py:3954} INFO - Setting next_dagrun for tutorial_objectstorage to None, run_after=None
[2025-06-13T14:44:43.612+0000] {processor.py:183} INFO - Processing /home/airflow/.local/lib/python3.10/site-packages/airflow/example_dags/tutorial_objectstorage.py took 0.028 seconds
[2025-06-13T14:45:17.109+0000] {processor.py:161} INFO - Started process (PID=169) to work on /home/airflow/.local/lib/python3.10/site-packages/airflow/example_dags/tutorial_objectstorage.py
[2025-06-13T14:45:17.110+0000] {processor.py:830} INFO - Processing file /home/airflow/.local/lib/python3.10/site-packages/airflow/example_dags/tutorial_objectstorage.py for tasks to queue
[2025-06-13T14:45:17.111+0000] {logging_mixin.py:188} INFO - [2025-06-13T14:45:17.111+0000] {dagbag.py:540} INFO - Filling up the DagBag from /home/airflow/.local/lib/python3.10/site-packages/airflow/example_dags/tutorial_objectstorage.py
[2025-06-13T14:45:17.118+0000] {processor.py:840} INFO - DAG(s) 'tutorial_objectstorage' retrieved from /home/airflow/.local/lib/python3.10/site-packages/airflow/example_dags/tutorial_objectstorage.py
[2025-06-13T14:45:17.187+0000] {logging_mixin.py:188} INFO - [2025-06-13T14:45:17.187+0000] {dag.py:3096} INFO - Sync 1 DAGs
[2025-06-13T14:45:17.194+0000] {logging_mixin.py:188} INFO - [2025-06-13T14:45:17.194+0000] {dag.py:3954} INFO - Setting next_dagrun for tutorial_objectstorage to None, run_after=None
[2025-06-13T14:45:17.218+0000] {processor.py:183} INFO - Processing /home/airflow/.local/lib/python3.10/site-packages/airflow/example_dags/tutorial_objectstorage.py took 0.115 seconds
[2025-06-13T14:45:47.620+0000] {processor.py:161} INFO - Started process (PID=237) to work on /home/airflow/.local/lib/python3.10/site-packages/airflow/example_dags/tutorial_objectstorage.py
[2025-06-13T14:45:47.621+0000] {processor.py:830} INFO - Processing file /home/airflow/.local/lib/python3.10/site-packages/airflow/example_dags/tutorial_objectstorage.py for tasks to queue
[2025-06-13T14:45:47.623+0000] {logging_mixin.py:188} INFO - [2025-06-13T14:45:47.623+0000] {dagbag.py:540} INFO - Filling up the DagBag from /home/airflow/.local/lib/python3.10/site-packages/airflow/example_dags/tutorial_objectstorage.py
[2025-06-13T14:45:47.629+0000] {processor.py:840} INFO - DAG(s) 'tutorial_objectstorage' retrieved from /home/airflow/.local/lib/python3.10/site-packages/airflow/example_dags/tutorial_objectstorage.py
[2025-06-13T14:45:47.641+0000] {logging_mixin.py:188} INFO - [2025-06-13T14:45:47.641+0000] {dag.py:3096} INFO - Sync 1 DAGs
[2025-06-13T14:45:47.648+0000] {logging_mixin.py:188} INFO - [2025-06-13T14:45:47.648+0000] {dag.py:3954} INFO - Setting next_dagrun for tutorial_objectstorage to None, run_after=None
[2025-06-13T14:45:47.663+0000] {processor.py:183} INFO - Processing /home/airflow/.local/lib/python3.10/site-packages/airflow/example_dags/tutorial_objectstorage.py took 0.050 seconds
[2025-06-13T14:46:18.320+0000] {processor.py:161} INFO - Started process (PID=297) to work on /home/airflow/.local/lib/python3.10/site-packages/airflow/example_dags/tutorial_objectstorage.py
[2025-06-13T14:46:18.321+0000] {processor.py:830} INFO - Processing file /home/airflow/.local/lib/python3.10/site-packages/airflow/example_dags/tutorial_objectstorage.py for tasks to queue
[2025-06-13T14:46:18.322+0000] {logging_mixin.py:188} INFO - [2025-06-13T14:46:18.322+0000] {dagbag.py:540} INFO - Filling up the DagBag from /home/airflow/.local/lib/python3.10/site-packages/airflow/example_dags/tutorial_objectstorage.py
[2025-06-13T14:46:18.326+0000] {processor.py:840} INFO - DAG(s) 'tutorial_objectstorage' retrieved from /home/airflow/.local/lib/python3.10/site-packages/airflow/example_dags/tutorial_objectstorage.py
[2025-06-13T14:46:18.343+0000] {logging_mixin.py:188} INFO - [2025-06-13T14:46:18.343+0000] {dag.py:3096} INFO - Sync 1 DAGs
[2025-06-13T14:46:18.350+0000] {logging_mixin.py:188} INFO - [2025-06-13T14:46:18.350+0000] {dag.py:3954} INFO - Setting next_dagrun for tutorial_objectstorage to None, run_after=None
[2025-06-13T14:46:18.367+0000] {processor.py:183} INFO - Processing /home/airflow/.local/lib/python3.10/site-packages/airflow/example_dags/tutorial_objectstorage.py took 0.051 seconds
[2025-06-13T14:46:49.166+0000] {processor.py:161} INFO - Started process (PID=357) to work on /home/airflow/.local/lib/python3.10/site-packages/airflow/example_dags/tutorial_objectstorage.py
[2025-06-13T14:46:49.167+0000] {processor.py:830} INFO - Processing file /home/airflow/.local/lib/python3.10/site-packages/airflow/example_dags/tutorial_objectstorage.py for tasks to queue
[2025-06-13T14:46:49.169+0000] {logging_mixin.py:188} INFO - [2025-06-13T14:46:49.169+0000] {dagbag.py:540} INFO - Filling up the DagBag from /home/airflow/.local/lib/python3.10/site-packages/airflow/example_dags/tutorial_objectstorage.py
[2025-06-13T14:46:49.173+0000] {processor.py:840} INFO - DAG(s) 'tutorial_objectstorage' retrieved from /home/airflow/.local/lib/python3.10/site-packages/airflow/example_dags/tutorial_objectstorage.py
[2025-06-13T14:46:49.189+0000] {logging_mixin.py:188} INFO - [2025-06-13T14:46:49.189+0000] {dag.py:3096} INFO - Sync 1 DAGs
[2025-06-13T14:46:49.195+0000] {logging_mixin.py:188} INFO - [2025-06-13T14:46:49.195+0000] {dag.py:3954} INFO - Setting next_dagrun for tutorial_objectstorage to None, run_after=None
[2025-06-13T14:46:49.207+0000] {processor.py:183} INFO - Processing /home/airflow/.local/lib/python3.10/site-packages/airflow/example_dags/tutorial_objectstorage.py took 0.045 seconds
[2025-06-13T14:47:19.562+0000] {processor.py:161} INFO - Started process (PID=417) to work on /home/airflow/.local/lib/python3.10/site-packages/airflow/example_dags/tutorial_objectstorage.py
[2025-06-13T14:47:19.563+0000] {processor.py:830} INFO - Processing file /home/airflow/.local/lib/python3.10/site-packages/airflow/example_dags/tutorial_objectstorage.py for tasks to queue
[2025-06-13T14:47:19.565+0000] {logging_mixin.py:188} INFO - [2025-06-13T14:47:19.565+0000] {dagbag.py:540} INFO - Filling up the DagBag from /home/airflow/.local/lib/python3.10/site-packages/airflow/example_dags/tutorial_objectstorage.py
[2025-06-13T14:47:19.569+0000] {processor.py:840} INFO - DAG(s) 'tutorial_objectstorage' retrieved from /home/airflow/.local/lib/python3.10/site-packages/airflow/example_dags/tutorial_objectstorage.py
[2025-06-13T14:47:19.579+0000] {logging_mixin.py:188} INFO - [2025-06-13T14:47:19.579+0000] {dag.py:3096} INFO - Sync 1 DAGs
[2025-06-13T14:47:19.586+0000] {logging_mixin.py:188} INFO - [2025-06-13T14:47:19.586+0000] {dag.py:3954} INFO - Setting next_dagrun for tutorial_objectstorage to None, run_after=None
[2025-06-13T14:47:19.600+0000] {processor.py:183} INFO - Processing /home/airflow/.local/lib/python3.10/site-packages/airflow/example_dags/tutorial_objectstorage.py took 0.042 seconds
[2025-06-13T14:47:49.810+0000] {processor.py:161} INFO - Started process (PID=477) to work on /home/airflow/.local/lib/python3.10/site-packages/airflow/example_dags/tutorial_objectstorage.py
[2025-06-13T14:47:49.811+0000] {processor.py:830} INFO - Processing file /home/airflow/.local/lib/python3.10/site-packages/airflow/example_dags/tutorial_objectstorage.py for tasks to queue
[2025-06-13T14:47:49.812+0000] {logging_mixin.py:188} INFO - [2025-06-13T14:47:49.812+0000] {dagbag.py:540} INFO - Filling up the DagBag from /home/airflow/.local/lib/python3.10/site-packages/airflow/example_dags/tutorial_objectstorage.py
[2025-06-13T14:47:49.816+0000] {processor.py:840} INFO - DAG(s) 'tutorial_objectstorage' retrieved from /home/airflow/.local/lib/python3.10/site-packages/airflow/example_dags/tutorial_objectstorage.py
[2025-06-13T14:47:49.827+0000] {logging_mixin.py:188} INFO - [2025-06-13T14:47:49.827+0000] {dag.py:3096} INFO - Sync 1 DAGs
[2025-06-13T14:47:49.836+0000] {logging_mixin.py:188} INFO - [2025-06-13T14:47:49.835+0000] {dag.py:3954} INFO - Setting next_dagrun for tutorial_objectstorage to None, run_after=None
[2025-06-13T14:47:49.854+0000] {processor.py:183} INFO - Processing /home/airflow/.local/lib/python3.10/site-packages/airflow/example_dags/tutorial_objectstorage.py took 0.047 seconds
[2025-06-13T14:48:20.690+0000] {processor.py:161} INFO - Started process (PID=537) to work on /home/airflow/.local/lib/python3.10/site-packages/airflow/example_dags/tutorial_objectstorage.py
[2025-06-13T14:48:20.690+0000] {processor.py:830} INFO - Processing file /home/airflow/.local/lib/python3.10/site-packages/airflow/example_dags/tutorial_objectstorage.py for tasks to queue
[2025-06-13T14:48:20.692+0000] {logging_mixin.py:188} INFO - [2025-06-13T14:48:20.691+0000] {dagbag.py:540} INFO - Filling up the DagBag from /home/airflow/.local/lib/python3.10/site-packages/airflow/example_dags/tutorial_objectstorage.py
[2025-06-13T14:48:20.696+0000] {processor.py:840} INFO - DAG(s) 'tutorial_objectstorage' retrieved from /home/airflow/.local/lib/python3.10/site-packages/airflow/example_dags/tutorial_objectstorage.py
[2025-06-13T14:48:20.707+0000] {logging_mixin.py:188} INFO - [2025-06-13T14:48:20.707+0000] {dag.py:3096} INFO - Sync 1 DAGs
[2025-06-13T14:48:20.714+0000] {logging_mixin.py:188} INFO - [2025-06-13T14:48:20.713+0000] {dag.py:3954} INFO - Setting next_dagrun for tutorial_objectstorage to None, run_after=None
[2025-06-13T14:48:20.729+0000] {processor.py:183} INFO - Processing /home/airflow/.local/lib/python3.10/site-packages/airflow/example_dags/tutorial_objectstorage.py took 0.043 seconds
[2025-06-13T14:48:51.242+0000] {processor.py:161} INFO - Started process (PID=597) to work on /home/airflow/.local/lib/python3.10/site-packages/airflow/example_dags/tutorial_objectstorage.py
[2025-06-13T14:48:51.243+0000] {processor.py:830} INFO - Processing file /home/airflow/.local/lib/python3.10/site-packages/airflow/example_dags/tutorial_objectstorage.py for tasks to queue
[2025-06-13T14:48:51.244+0000] {logging_mixin.py:188} INFO - [2025-06-13T14:48:51.244+0000] {dagbag.py:540} INFO - Filling up the DagBag from /home/airflow/.local/lib/python3.10/site-packages/airflow/example_dags/tutorial_objectstorage.py
[2025-06-13T14:48:51.248+0000] {processor.py:840} INFO - DAG(s) 'tutorial_objectstorage' retrieved from /home/airflow/.local/lib/python3.10/site-packages/airflow/example_dags/tutorial_objectstorage.py
[2025-06-13T14:48:51.259+0000] {logging_mixin.py:188} INFO - [2025-06-13T14:48:51.259+0000] {dag.py:3096} INFO - Sync 1 DAGs
[2025-06-13T14:48:51.265+0000] {logging_mixin.py:188} INFO - [2025-06-13T14:48:51.265+0000] {dag.py:3954} INFO - Setting next_dagrun for tutorial_objectstorage to None, run_after=None
[2025-06-13T14:48:51.274+0000] {processor.py:183} INFO - Processing /home/airflow/.local/lib/python3.10/site-packages/airflow/example_dags/tutorial_objectstorage.py took 0.036 seconds
[2025-06-13T14:49:21.618+0000] {processor.py:161} INFO - Started process (PID=657) to work on /home/airflow/.local/lib/python3.10/site-packages/airflow/example_dags/tutorial_objectstorage.py
[2025-06-13T14:49:21.618+0000] {processor.py:830} INFO - Processing file /home/airflow/.local/lib/python3.10/site-packages/airflow/example_dags/tutorial_objectstorage.py for tasks to queue
[2025-06-13T14:49:21.620+0000] {logging_mixin.py:188} INFO - [2025-06-13T14:49:21.620+0000] {dagbag.py:540} INFO - Filling up the DagBag from /home/airflow/.local/lib/python3.10/site-packages/airflow/example_dags/tutorial_objectstorage.py
[2025-06-13T14:49:21.624+0000] {processor.py:840} INFO - DAG(s) 'tutorial_objectstorage' retrieved from /home/airflow/.local/lib/python3.10/site-packages/airflow/example_dags/tutorial_objectstorage.py
[2025-06-13T14:49:21.637+0000] {logging_mixin.py:188} INFO - [2025-06-13T14:49:21.637+0000] {dag.py:3096} INFO - Sync 1 DAGs
[2025-06-13T14:49:21.645+0000] {logging_mixin.py:188} INFO - [2025-06-13T14:49:21.645+0000] {dag.py:3954} INFO - Setting next_dagrun for tutorial_objectstorage to None, run_after=None
[2025-06-13T14:49:21.663+0000] {processor.py:183} INFO - Processing /home/airflow/.local/lib/python3.10/site-packages/airflow/example_dags/tutorial_objectstorage.py took 0.048 seconds
[2025-06-13T14:49:51.853+0000] {processor.py:161} INFO - Started process (PID=717) to work on /home/airflow/.local/lib/python3.10/site-packages/airflow/example_dags/tutorial_objectstorage.py
[2025-06-13T14:49:51.854+0000] {processor.py:830} INFO - Processing file /home/airflow/.local/lib/python3.10/site-packages/airflow/example_dags/tutorial_objectstorage.py for tasks to queue
[2025-06-13T14:49:51.857+0000] {logging_mixin.py:188} INFO - [2025-06-13T14:49:51.857+0000] {dagbag.py:540} INFO - Filling up the DagBag from /home/airflow/.local/lib/python3.10/site-packages/airflow/example_dags/tutorial_objectstorage.py
[2025-06-13T14:49:51.863+0000] {processor.py:840} INFO - DAG(s) 'tutorial_objectstorage' retrieved from /home/airflow/.local/lib/python3.10/site-packages/airflow/example_dags/tutorial_objectstorage.py
[2025-06-13T14:49:51.877+0000] {logging_mixin.py:188} INFO - [2025-06-13T14:49:51.877+0000] {dag.py:3096} INFO - Sync 1 DAGs
[2025-06-13T14:49:51.886+0000] {logging_mixin.py:188} INFO - [2025-06-13T14:49:51.885+0000] {dag.py:3954} INFO - Setting next_dagrun for tutorial_objectstorage to None, run_after=None
[2025-06-13T14:49:51.906+0000] {processor.py:183} INFO - Processing /home/airflow/.local/lib/python3.10/site-packages/airflow/example_dags/tutorial_objectstorage.py took 0.057 seconds
[2025-06-13T14:50:22.365+0000] {processor.py:161} INFO - Started process (PID=777) to work on /home/airflow/.local/lib/python3.10/site-packages/airflow/example_dags/tutorial_objectstorage.py
[2025-06-13T14:50:22.367+0000] {processor.py:830} INFO - Processing file /home/airflow/.local/lib/python3.10/site-packages/airflow/example_dags/tutorial_objectstorage.py for tasks to queue
[2025-06-13T14:50:22.371+0000] {logging_mixin.py:188} INFO - [2025-06-13T14:50:22.371+0000] {dagbag.py:540} INFO - Filling up the DagBag from /home/airflow/.local/lib/python3.10/site-packages/airflow/example_dags/tutorial_objectstorage.py
[2025-06-13T14:50:22.378+0000] {processor.py:840} INFO - DAG(s) 'tutorial_objectstorage' retrieved from /home/airflow/.local/lib/python3.10/site-packages/airflow/example_dags/tutorial_objectstorage.py
[2025-06-13T14:50:22.392+0000] {logging_mixin.py:188} INFO - [2025-06-13T14:50:22.392+0000] {dag.py:3096} INFO - Sync 1 DAGs
[2025-06-13T14:50:22.399+0000] {logging_mixin.py:188} INFO - [2025-06-13T14:50:22.398+0000] {dag.py:3954} INFO - Setting next_dagrun for tutorial_objectstorage to None, run_after=None
[2025-06-13T14:50:22.413+0000] {processor.py:183} INFO - Processing /home/airflow/.local/lib/python3.10/site-packages/airflow/example_dags/tutorial_objectstorage.py took 0.052 seconds
[2025-06-13T14:50:52.978+0000] {processor.py:161} INFO - Started process (PID=837) to work on /home/airflow/.local/lib/python3.10/site-packages/airflow/example_dags/tutorial_objectstorage.py
[2025-06-13T14:50:52.979+0000] {processor.py:830} INFO - Processing file /home/airflow/.local/lib/python3.10/site-packages/airflow/example_dags/tutorial_objectstorage.py for tasks to queue
[2025-06-13T14:50:52.980+0000] {logging_mixin.py:188} INFO - [2025-06-13T14:50:52.980+0000] {dagbag.py:540} INFO - Filling up the DagBag from /home/airflow/.local/lib/python3.10/site-packages/airflow/example_dags/tutorial_objectstorage.py
[2025-06-13T14:50:52.984+0000] {processor.py:840} INFO - DAG(s) 'tutorial_objectstorage' retrieved from /home/airflow/.local/lib/python3.10/site-packages/airflow/example_dags/tutorial_objectstorage.py
[2025-06-13T14:50:52.996+0000] {logging_mixin.py:188} INFO - [2025-06-13T14:50:52.996+0000] {dag.py:3096} INFO - Sync 1 DAGs
[2025-06-13T14:50:53.008+0000] {logging_mixin.py:188} INFO - [2025-06-13T14:50:53.007+0000] {dag.py:3954} INFO - Setting next_dagrun for tutorial_objectstorage to None, run_after=None
[2025-06-13T14:50:53.023+0000] {processor.py:183} INFO - Processing /home/airflow/.local/lib/python3.10/site-packages/airflow/example_dags/tutorial_objectstorage.py took 0.047 seconds
[2025-06-13T14:51:23.707+0000] {processor.py:161} INFO - Started process (PID=897) to work on /home/airflow/.local/lib/python3.10/site-packages/airflow/example_dags/tutorial_objectstorage.py
[2025-06-13T14:51:23.708+0000] {processor.py:830} INFO - Processing file /home/airflow/.local/lib/python3.10/site-packages/airflow/example_dags/tutorial_objectstorage.py for tasks to queue
[2025-06-13T14:51:23.710+0000] {logging_mixin.py:188} INFO - [2025-06-13T14:51:23.710+0000] {dagbag.py:540} INFO - Filling up the DagBag from /home/airflow/.local/lib/python3.10/site-packages/airflow/example_dags/tutorial_objectstorage.py
[2025-06-13T14:51:23.718+0000] {processor.py:840} INFO - DAG(s) 'tutorial_objectstorage' retrieved from /home/airflow/.local/lib/python3.10/site-packages/airflow/example_dags/tutorial_objectstorage.py
[2025-06-13T14:51:23.731+0000] {logging_mixin.py:188} INFO - [2025-06-13T14:51:23.731+0000] {dag.py:3096} INFO - Sync 1 DAGs
[2025-06-13T14:51:23.739+0000] {logging_mixin.py:188} INFO - [2025-06-13T14:51:23.739+0000] {dag.py:3954} INFO - Setting next_dagrun for tutorial_objectstorage to None, run_after=None
[2025-06-13T14:51:23.752+0000] {processor.py:183} INFO - Processing /home/airflow/.local/lib/python3.10/site-packages/airflow/example_dags/tutorial_objectstorage.py took 0.051 seconds
[2025-06-13T14:51:54.272+0000] {processor.py:161} INFO - Started process (PID=957) to work on /home/airflow/.local/lib/python3.10/site-packages/airflow/example_dags/tutorial_objectstorage.py
[2025-06-13T14:51:54.275+0000] {processor.py:830} INFO - Processing file /home/airflow/.local/lib/python3.10/site-packages/airflow/example_dags/tutorial_objectstorage.py for tasks to queue
[2025-06-13T14:51:54.277+0000] {logging_mixin.py:188} INFO - [2025-06-13T14:51:54.277+0000] {dagbag.py:540} INFO - Filling up the DagBag from /home/airflow/.local/lib/python3.10/site-packages/airflow/example_dags/tutorial_objectstorage.py
[2025-06-13T14:51:54.282+0000] {processor.py:840} INFO - DAG(s) 'tutorial_objectstorage' retrieved from /home/airflow/.local/lib/python3.10/site-packages/airflow/example_dags/tutorial_objectstorage.py
[2025-06-13T14:51:54.293+0000] {logging_mixin.py:188} INFO - [2025-06-13T14:51:54.293+0000] {dag.py:3096} INFO - Sync 1 DAGs
[2025-06-13T14:51:54.302+0000] {logging_mixin.py:188} INFO - [2025-06-13T14:51:54.302+0000] {dag.py:3954} INFO - Setting next_dagrun for tutorial_objectstorage to None, run_after=None
[2025-06-13T14:51:54.315+0000] {processor.py:183} INFO - Processing /home/airflow/.local/lib/python3.10/site-packages/airflow/example_dags/tutorial_objectstorage.py took 0.046 seconds
[2025-06-13T14:52:24.873+0000] {processor.py:161} INFO - Started process (PID=1017) to work on /home/airflow/.local/lib/python3.10/site-packages/airflow/example_dags/tutorial_objectstorage.py
[2025-06-13T14:52:24.876+0000] {processor.py:830} INFO - Processing file /home/airflow/.local/lib/python3.10/site-packages/airflow/example_dags/tutorial_objectstorage.py for tasks to queue
[2025-06-13T14:52:24.877+0000] {logging_mixin.py:188} INFO - [2025-06-13T14:52:24.877+0000] {dagbag.py:540} INFO - Filling up the DagBag from /home/airflow/.local/lib/python3.10/site-packages/airflow/example_dags/tutorial_objectstorage.py
[2025-06-13T14:52:24.881+0000] {processor.py:840} INFO - DAG(s) 'tutorial_objectstorage' retrieved from /home/airflow/.local/lib/python3.10/site-packages/airflow/example_dags/tutorial_objectstorage.py
[2025-06-13T14:52:24.892+0000] {logging_mixin.py:188} INFO - [2025-06-13T14:52:24.892+0000] {dag.py:3096} INFO - Sync 1 DAGs
[2025-06-13T14:52:24.899+0000] {logging_mixin.py:188} INFO - [2025-06-13T14:52:24.898+0000] {dag.py:3954} INFO - Setting next_dagrun for tutorial_objectstorage to None, run_after=None
[2025-06-13T14:52:24.911+0000] {processor.py:183} INFO - Processing /home/airflow/.local/lib/python3.10/site-packages/airflow/example_dags/tutorial_objectstorage.py took 0.041 seconds
[2025-06-13T14:52:56.051+0000] {processor.py:161} INFO - Started process (PID=1077) to work on /home/airflow/.local/lib/python3.10/site-packages/airflow/example_dags/tutorial_objectstorage.py
[2025-06-13T14:52:56.056+0000] {processor.py:830} INFO - Processing file /home/airflow/.local/lib/python3.10/site-packages/airflow/example_dags/tutorial_objectstorage.py for tasks to queue
[2025-06-13T14:52:56.061+0000] {logging_mixin.py:188} INFO - [2025-06-13T14:52:56.061+0000] {dagbag.py:540} INFO - Filling up the DagBag from /home/airflow/.local/lib/python3.10/site-packages/airflow/example_dags/tutorial_objectstorage.py
[2025-06-13T14:52:56.069+0000] {processor.py:840} INFO - DAG(s) 'tutorial_objectstorage' retrieved from /home/airflow/.local/lib/python3.10/site-packages/airflow/example_dags/tutorial_objectstorage.py
[2025-06-13T14:52:56.090+0000] {logging_mixin.py:188} INFO - [2025-06-13T14:52:56.090+0000] {dag.py:3096} INFO - Sync 1 DAGs
[2025-06-13T14:52:56.098+0000] {logging_mixin.py:188} INFO - [2025-06-13T14:52:56.098+0000] {dag.py:3954} INFO - Setting next_dagrun for tutorial_objectstorage to None, run_after=None
[2025-06-13T14:52:56.108+0000] {processor.py:183} INFO - Processing /home/airflow/.local/lib/python3.10/site-packages/airflow/example_dags/tutorial_objectstorage.py took 0.064 seconds
[2025-06-13T14:53:26.654+0000] {processor.py:161} INFO - Started process (PID=1137) to work on /home/airflow/.local/lib/python3.10/site-packages/airflow/example_dags/tutorial_objectstorage.py
[2025-06-13T14:53:26.654+0000] {processor.py:830} INFO - Processing file /home/airflow/.local/lib/python3.10/site-packages/airflow/example_dags/tutorial_objectstorage.py for tasks to queue
[2025-06-13T14:53:26.656+0000] {logging_mixin.py:188} INFO - [2025-06-13T14:53:26.655+0000] {dagbag.py:540} INFO - Filling up the DagBag from /home/airflow/.local/lib/python3.10/site-packages/airflow/example_dags/tutorial_objectstorage.py
[2025-06-13T14:53:26.660+0000] {processor.py:840} INFO - DAG(s) 'tutorial_objectstorage' retrieved from /home/airflow/.local/lib/python3.10/site-packages/airflow/example_dags/tutorial_objectstorage.py
[2025-06-13T14:53:26.671+0000] {logging_mixin.py:188} INFO - [2025-06-13T14:53:26.671+0000] {dag.py:3096} INFO - Sync 1 DAGs
[2025-06-13T14:53:26.681+0000] {logging_mixin.py:188} INFO - [2025-06-13T14:53:26.681+0000] {dag.py:3954} INFO - Setting next_dagrun for tutorial_objectstorage to None, run_after=None
[2025-06-13T14:53:26.694+0000] {processor.py:183} INFO - Processing /home/airflow/.local/lib/python3.10/site-packages/airflow/example_dags/tutorial_objectstorage.py took 0.045 seconds
[2025-06-13T14:53:57.578+0000] {processor.py:161} INFO - Started process (PID=1197) to work on /home/airflow/.local/lib/python3.10/site-packages/airflow/example_dags/tutorial_objectstorage.py
[2025-06-13T14:53:57.579+0000] {processor.py:830} INFO - Processing file /home/airflow/.local/lib/python3.10/site-packages/airflow/example_dags/tutorial_objectstorage.py for tasks to queue
[2025-06-13T14:53:57.581+0000] {logging_mixin.py:188} INFO - [2025-06-13T14:53:57.581+0000] {dagbag.py:540} INFO - Filling up the DagBag from /home/airflow/.local/lib/python3.10/site-packages/airflow/example_dags/tutorial_objectstorage.py
[2025-06-13T14:53:57.592+0000] {processor.py:840} INFO - DAG(s) 'tutorial_objectstorage' retrieved from /home/airflow/.local/lib/python3.10/site-packages/airflow/example_dags/tutorial_objectstorage.py
[2025-06-13T14:53:57.611+0000] {logging_mixin.py:188} INFO - [2025-06-13T14:53:57.611+0000] {dag.py:3096} INFO - Sync 1 DAGs
[2025-06-13T14:53:57.625+0000] {logging_mixin.py:188} INFO - [2025-06-13T14:53:57.624+0000] {dag.py:3954} INFO - Setting next_dagrun for tutorial_objectstorage to None, run_after=None
[2025-06-13T14:53:57.642+0000] {processor.py:183} INFO - Processing /home/airflow/.local/lib/python3.10/site-packages/airflow/example_dags/tutorial_objectstorage.py took 0.068 seconds
[2025-06-13T14:54:27.698+0000] {processor.py:161} INFO - Started process (PID=1257) to work on /home/airflow/.local/lib/python3.10/site-packages/airflow/example_dags/tutorial_objectstorage.py
[2025-06-13T14:54:27.698+0000] {processor.py:830} INFO - Processing file /home/airflow/.local/lib/python3.10/site-packages/airflow/example_dags/tutorial_objectstorage.py for tasks to queue
[2025-06-13T14:54:27.699+0000] {logging_mixin.py:188} INFO - [2025-06-13T14:54:27.699+0000] {dagbag.py:540} INFO - Filling up the DagBag from /home/airflow/.local/lib/python3.10/site-packages/airflow/example_dags/tutorial_objectstorage.py
[2025-06-13T14:54:27.704+0000] {processor.py:840} INFO - DAG(s) 'tutorial_objectstorage' retrieved from /home/airflow/.local/lib/python3.10/site-packages/airflow/example_dags/tutorial_objectstorage.py
[2025-06-13T14:54:27.715+0000] {logging_mixin.py:188} INFO - [2025-06-13T14:54:27.715+0000] {dag.py:3096} INFO - Sync 1 DAGs
[2025-06-13T14:54:27.723+0000] {logging_mixin.py:188} INFO - [2025-06-13T14:54:27.723+0000] {dag.py:3954} INFO - Setting next_dagrun for tutorial_objectstorage to None, run_after=None
[2025-06-13T14:54:27.734+0000] {processor.py:183} INFO - Processing /home/airflow/.local/lib/python3.10/site-packages/airflow/example_dags/tutorial_objectstorage.py took 0.041 seconds
[2025-06-13T14:54:58.839+0000] {processor.py:161} INFO - Started process (PID=1317) to work on /home/airflow/.local/lib/python3.10/site-packages/airflow/example_dags/tutorial_objectstorage.py
[2025-06-13T14:54:58.840+0000] {processor.py:830} INFO - Processing file /home/airflow/.local/lib/python3.10/site-packages/airflow/example_dags/tutorial_objectstorage.py for tasks to queue
[2025-06-13T14:54:58.842+0000] {logging_mixin.py:188} INFO - [2025-06-13T14:54:58.841+0000] {dagbag.py:540} INFO - Filling up the DagBag from /home/airflow/.local/lib/python3.10/site-packages/airflow/example_dags/tutorial_objectstorage.py
[2025-06-13T14:54:58.850+0000] {processor.py:840} INFO - DAG(s) 'tutorial_objectstorage' retrieved from /home/airflow/.local/lib/python3.10/site-packages/airflow/example_dags/tutorial_objectstorage.py
[2025-06-13T14:54:58.866+0000] {logging_mixin.py:188} INFO - [2025-06-13T14:54:58.866+0000] {dag.py:3096} INFO - Sync 1 DAGs
[2025-06-13T14:54:58.876+0000] {logging_mixin.py:188} INFO - [2025-06-13T14:54:58.876+0000] {dag.py:3954} INFO - Setting next_dagrun for tutorial_objectstorage to None, run_after=None
[2025-06-13T14:54:58.891+0000] {processor.py:183} INFO - Processing /home/airflow/.local/lib/python3.10/site-packages/airflow/example_dags/tutorial_objectstorage.py took 0.058 seconds
[2025-06-13T14:55:29.631+0000] {processor.py:161} INFO - Started process (PID=1377) to work on /home/airflow/.local/lib/python3.10/site-packages/airflow/example_dags/tutorial_objectstorage.py
[2025-06-13T14:55:29.631+0000] {processor.py:830} INFO - Processing file /home/airflow/.local/lib/python3.10/site-packages/airflow/example_dags/tutorial_objectstorage.py for tasks to queue
[2025-06-13T14:55:29.634+0000] {logging_mixin.py:188} INFO - [2025-06-13T14:55:29.634+0000] {dagbag.py:540} INFO - Filling up the DagBag from /home/airflow/.local/lib/python3.10/site-packages/airflow/example_dags/tutorial_objectstorage.py
[2025-06-13T14:55:29.646+0000] {processor.py:840} INFO - DAG(s) 'tutorial_objectstorage' retrieved from /home/airflow/.local/lib/python3.10/site-packages/airflow/example_dags/tutorial_objectstorage.py
[2025-06-13T14:55:29.670+0000] {logging_mixin.py:188} INFO - [2025-06-13T14:55:29.670+0000] {dag.py:3096} INFO - Sync 1 DAGs
[2025-06-13T14:55:29.682+0000] {logging_mixin.py:188} INFO - [2025-06-13T14:55:29.682+0000] {dag.py:3954} INFO - Setting next_dagrun for tutorial_objectstorage to None, run_after=None
[2025-06-13T14:55:29.696+0000] {processor.py:183} INFO - Processing /home/airflow/.local/lib/python3.10/site-packages/airflow/example_dags/tutorial_objectstorage.py took 0.071 seconds
[2025-06-13T14:55:59.795+0000] {processor.py:161} INFO - Started process (PID=1435) to work on /home/airflow/.local/lib/python3.10/site-packages/airflow/example_dags/tutorial_objectstorage.py
[2025-06-13T14:55:59.796+0000] {processor.py:830} INFO - Processing file /home/airflow/.local/lib/python3.10/site-packages/airflow/example_dags/tutorial_objectstorage.py for tasks to queue
[2025-06-13T14:55:59.797+0000] {logging_mixin.py:188} INFO - [2025-06-13T14:55:59.797+0000] {dagbag.py:540} INFO - Filling up the DagBag from /home/airflow/.local/lib/python3.10/site-packages/airflow/example_dags/tutorial_objectstorage.py
[2025-06-13T14:55:59.804+0000] {processor.py:840} INFO - DAG(s) 'tutorial_objectstorage' retrieved from /home/airflow/.local/lib/python3.10/site-packages/airflow/example_dags/tutorial_objectstorage.py
[2025-06-13T14:55:59.820+0000] {logging_mixin.py:188} INFO - [2025-06-13T14:55:59.820+0000] {dag.py:3096} INFO - Sync 1 DAGs
[2025-06-13T14:55:59.840+0000] {logging_mixin.py:188} INFO - [2025-06-13T14:55:59.840+0000] {dag.py:3954} INFO - Setting next_dagrun for tutorial_objectstorage to None, run_after=None
[2025-06-13T14:55:59.864+0000] {processor.py:183} INFO - Processing /home/airflow/.local/lib/python3.10/site-packages/airflow/example_dags/tutorial_objectstorage.py took 0.073 seconds
[2025-06-13T14:56:30.180+0000] {processor.py:161} INFO - Started process (PID=1495) to work on /home/airflow/.local/lib/python3.10/site-packages/airflow/example_dags/tutorial_objectstorage.py
[2025-06-13T14:56:30.181+0000] {processor.py:830} INFO - Processing file /home/airflow/.local/lib/python3.10/site-packages/airflow/example_dags/tutorial_objectstorage.py for tasks to queue
[2025-06-13T14:56:30.182+0000] {logging_mixin.py:188} INFO - [2025-06-13T14:56:30.182+0000] {dagbag.py:540} INFO - Filling up the DagBag from /home/airflow/.local/lib/python3.10/site-packages/airflow/example_dags/tutorial_objectstorage.py
[2025-06-13T14:56:30.189+0000] {processor.py:840} INFO - DAG(s) 'tutorial_objectstorage' retrieved from /home/airflow/.local/lib/python3.10/site-packages/airflow/example_dags/tutorial_objectstorage.py
[2025-06-13T14:56:30.209+0000] {logging_mixin.py:188} INFO - [2025-06-13T14:56:30.208+0000] {dag.py:3096} INFO - Sync 1 DAGs
[2025-06-13T14:56:30.217+0000] {logging_mixin.py:188} INFO - [2025-06-13T14:56:30.217+0000] {dag.py:3954} INFO - Setting next_dagrun for tutorial_objectstorage to None, run_after=None
[2025-06-13T14:56:30.233+0000] {processor.py:183} INFO - Processing /home/airflow/.local/lib/python3.10/site-packages/airflow/example_dags/tutorial_objectstorage.py took 0.057 seconds
[2025-06-13T14:57:00.588+0000] {processor.py:161} INFO - Started process (PID=1555) to work on /home/airflow/.local/lib/python3.10/site-packages/airflow/example_dags/tutorial_objectstorage.py
[2025-06-13T14:57:00.589+0000] {processor.py:830} INFO - Processing file /home/airflow/.local/lib/python3.10/site-packages/airflow/example_dags/tutorial_objectstorage.py for tasks to queue
[2025-06-13T14:57:00.590+0000] {logging_mixin.py:188} INFO - [2025-06-13T14:57:00.590+0000] {dagbag.py:540} INFO - Filling up the DagBag from /home/airflow/.local/lib/python3.10/site-packages/airflow/example_dags/tutorial_objectstorage.py
[2025-06-13T14:57:00.600+0000] {processor.py:840} INFO - DAG(s) 'tutorial_objectstorage' retrieved from /home/airflow/.local/lib/python3.10/site-packages/airflow/example_dags/tutorial_objectstorage.py
[2025-06-13T14:57:00.618+0000] {logging_mixin.py:188} INFO - [2025-06-13T14:57:00.617+0000] {dag.py:3096} INFO - Sync 1 DAGs
[2025-06-13T14:57:00.623+0000] {logging_mixin.py:188} INFO - [2025-06-13T14:57:00.623+0000] {dag.py:3954} INFO - Setting next_dagrun for tutorial_objectstorage to None, run_after=None
[2025-06-13T14:57:00.640+0000] {processor.py:183} INFO - Processing /home/airflow/.local/lib/python3.10/site-packages/airflow/example_dags/tutorial_objectstorage.py took 0.061 seconds
[2025-06-13T14:57:31.414+0000] {processor.py:161} INFO - Started process (PID=1615) to work on /home/airflow/.local/lib/python3.10/site-packages/airflow/example_dags/tutorial_objectstorage.py
[2025-06-13T14:57:31.415+0000] {processor.py:830} INFO - Processing file /home/airflow/.local/lib/python3.10/site-packages/airflow/example_dags/tutorial_objectstorage.py for tasks to queue
[2025-06-13T14:57:31.416+0000] {logging_mixin.py:188} INFO - [2025-06-13T14:57:31.416+0000] {dagbag.py:540} INFO - Filling up the DagBag from /home/airflow/.local/lib/python3.10/site-packages/airflow/example_dags/tutorial_objectstorage.py
[2025-06-13T14:57:31.421+0000] {processor.py:840} INFO - DAG(s) 'tutorial_objectstorage' retrieved from /home/airflow/.local/lib/python3.10/site-packages/airflow/example_dags/tutorial_objectstorage.py
[2025-06-13T14:57:31.433+0000] {logging_mixin.py:188} INFO - [2025-06-13T14:57:31.433+0000] {dag.py:3096} INFO - Sync 1 DAGs
[2025-06-13T14:57:31.438+0000] {logging_mixin.py:188} INFO - [2025-06-13T14:57:31.438+0000] {dag.py:3954} INFO - Setting next_dagrun for tutorial_objectstorage to None, run_after=None
[2025-06-13T14:57:31.448+0000] {processor.py:183} INFO - Processing /home/airflow/.local/lib/python3.10/site-packages/airflow/example_dags/tutorial_objectstorage.py took 0.039 seconds
[2025-06-13T14:58:02.218+0000] {processor.py:161} INFO - Started process (PID=1675) to work on /home/airflow/.local/lib/python3.10/site-packages/airflow/example_dags/tutorial_objectstorage.py
[2025-06-13T14:58:02.220+0000] {processor.py:830} INFO - Processing file /home/airflow/.local/lib/python3.10/site-packages/airflow/example_dags/tutorial_objectstorage.py for tasks to queue
[2025-06-13T14:58:02.223+0000] {logging_mixin.py:188} INFO - [2025-06-13T14:58:02.223+0000] {dagbag.py:540} INFO - Filling up the DagBag from /home/airflow/.local/lib/python3.10/site-packages/airflow/example_dags/tutorial_objectstorage.py
[2025-06-13T14:58:02.229+0000] {processor.py:840} INFO - DAG(s) 'tutorial_objectstorage' retrieved from /home/airflow/.local/lib/python3.10/site-packages/airflow/example_dags/tutorial_objectstorage.py
[2025-06-13T14:58:02.249+0000] {logging_mixin.py:188} INFO - [2025-06-13T14:58:02.249+0000] {dag.py:3096} INFO - Sync 1 DAGs
[2025-06-13T14:58:02.256+0000] {logging_mixin.py:188} INFO - [2025-06-13T14:58:02.256+0000] {dag.py:3954} INFO - Setting next_dagrun for tutorial_objectstorage to None, run_after=None
[2025-06-13T14:58:02.272+0000] {processor.py:183} INFO - Processing /home/airflow/.local/lib/python3.10/site-packages/airflow/example_dags/tutorial_objectstorage.py took 0.061 seconds
[2025-06-13T14:58:32.521+0000] {processor.py:161} INFO - Started process (PID=1735) to work on /home/airflow/.local/lib/python3.10/site-packages/airflow/example_dags/tutorial_objectstorage.py
[2025-06-13T14:58:32.521+0000] {processor.py:830} INFO - Processing file /home/airflow/.local/lib/python3.10/site-packages/airflow/example_dags/tutorial_objectstorage.py for tasks to queue
[2025-06-13T14:58:32.523+0000] {logging_mixin.py:188} INFO - [2025-06-13T14:58:32.522+0000] {dagbag.py:540} INFO - Filling up the DagBag from /home/airflow/.local/lib/python3.10/site-packages/airflow/example_dags/tutorial_objectstorage.py
[2025-06-13T14:58:32.527+0000] {processor.py:840} INFO - DAG(s) 'tutorial_objectstorage' retrieved from /home/airflow/.local/lib/python3.10/site-packages/airflow/example_dags/tutorial_objectstorage.py
[2025-06-13T14:58:32.540+0000] {logging_mixin.py:188} INFO - [2025-06-13T14:58:32.540+0000] {dag.py:3096} INFO - Sync 1 DAGs
[2025-06-13T14:58:32.547+0000] {logging_mixin.py:188} INFO - [2025-06-13T14:58:32.547+0000] {dag.py:3954} INFO - Setting next_dagrun for tutorial_objectstorage to None, run_after=None
[2025-06-13T14:58:32.564+0000] {processor.py:183} INFO - Processing /home/airflow/.local/lib/python3.10/site-packages/airflow/example_dags/tutorial_objectstorage.py took 0.047 seconds
[2025-06-13T14:59:03.212+0000] {processor.py:161} INFO - Started process (PID=1795) to work on /home/airflow/.local/lib/python3.10/site-packages/airflow/example_dags/tutorial_objectstorage.py
[2025-06-13T14:59:03.212+0000] {processor.py:830} INFO - Processing file /home/airflow/.local/lib/python3.10/site-packages/airflow/example_dags/tutorial_objectstorage.py for tasks to queue
[2025-06-13T14:59:03.213+0000] {logging_mixin.py:188} INFO - [2025-06-13T14:59:03.213+0000] {dagbag.py:540} INFO - Filling up the DagBag from /home/airflow/.local/lib/python3.10/site-packages/airflow/example_dags/tutorial_objectstorage.py
[2025-06-13T14:59:03.218+0000] {processor.py:840} INFO - DAG(s) 'tutorial_objectstorage' retrieved from /home/airflow/.local/lib/python3.10/site-packages/airflow/example_dags/tutorial_objectstorage.py
[2025-06-13T14:59:03.227+0000] {logging_mixin.py:188} INFO - [2025-06-13T14:59:03.227+0000] {dag.py:3096} INFO - Sync 1 DAGs
[2025-06-13T14:59:03.233+0000] {logging_mixin.py:188} INFO - [2025-06-13T14:59:03.233+0000] {dag.py:3954} INFO - Setting next_dagrun for tutorial_objectstorage to None, run_after=None
[2025-06-13T14:59:03.241+0000] {processor.py:183} INFO - Processing /home/airflow/.local/lib/python3.10/site-packages/airflow/example_dags/tutorial_objectstorage.py took 0.032 seconds
[2025-06-13T14:59:33.586+0000] {processor.py:161} INFO - Started process (PID=1855) to work on /home/airflow/.local/lib/python3.10/site-packages/airflow/example_dags/tutorial_objectstorage.py
[2025-06-13T14:59:33.588+0000] {processor.py:830} INFO - Processing file /home/airflow/.local/lib/python3.10/site-packages/airflow/example_dags/tutorial_objectstorage.py for tasks to queue
[2025-06-13T14:59:33.589+0000] {logging_mixin.py:188} INFO - [2025-06-13T14:59:33.589+0000] {dagbag.py:540} INFO - Filling up the DagBag from /home/airflow/.local/lib/python3.10/site-packages/airflow/example_dags/tutorial_objectstorage.py
[2025-06-13T14:59:33.594+0000] {processor.py:840} INFO - DAG(s) 'tutorial_objectstorage' retrieved from /home/airflow/.local/lib/python3.10/site-packages/airflow/example_dags/tutorial_objectstorage.py
[2025-06-13T14:59:33.604+0000] {logging_mixin.py:188} INFO - [2025-06-13T14:59:33.604+0000] {dag.py:3096} INFO - Sync 1 DAGs
[2025-06-13T14:59:33.609+0000] {logging_mixin.py:188} INFO - [2025-06-13T14:59:33.609+0000] {dag.py:3954} INFO - Setting next_dagrun for tutorial_objectstorage to None, run_after=None
[2025-06-13T14:59:33.617+0000] {processor.py:183} INFO - Processing /home/airflow/.local/lib/python3.10/site-packages/airflow/example_dags/tutorial_objectstorage.py took 0.035 seconds
[2025-06-13T15:00:04.132+0000] {processor.py:161} INFO - Started process (PID=1915) to work on /home/airflow/.local/lib/python3.10/site-packages/airflow/example_dags/tutorial_objectstorage.py
[2025-06-13T15:00:04.134+0000] {processor.py:830} INFO - Processing file /home/airflow/.local/lib/python3.10/site-packages/airflow/example_dags/tutorial_objectstorage.py for tasks to queue
[2025-06-13T15:00:04.142+0000] {logging_mixin.py:188} INFO - [2025-06-13T15:00:04.142+0000] {dagbag.py:540} INFO - Filling up the DagBag from /home/airflow/.local/lib/python3.10/site-packages/airflow/example_dags/tutorial_objectstorage.py
[2025-06-13T15:00:04.164+0000] {processor.py:840} INFO - DAG(s) 'tutorial_objectstorage' retrieved from /home/airflow/.local/lib/python3.10/site-packages/airflow/example_dags/tutorial_objectstorage.py
[2025-06-13T15:00:04.192+0000] {logging_mixin.py:188} INFO - [2025-06-13T15:00:04.192+0000] {dag.py:3096} INFO - Sync 1 DAGs
[2025-06-13T15:00:04.207+0000] {logging_mixin.py:188} INFO - [2025-06-13T15:00:04.207+0000] {dag.py:3954} INFO - Setting next_dagrun for tutorial_objectstorage to None, run_after=None
[2025-06-13T15:00:04.234+0000] {processor.py:183} INFO - Processing /home/airflow/.local/lib/python3.10/site-packages/airflow/example_dags/tutorial_objectstorage.py took 0.113 seconds
[2025-06-13T15:00:35.165+0000] {processor.py:161} INFO - Started process (PID=1975) to work on /home/airflow/.local/lib/python3.10/site-packages/airflow/example_dags/tutorial_objectstorage.py
[2025-06-13T15:00:35.167+0000] {processor.py:830} INFO - Processing file /home/airflow/.local/lib/python3.10/site-packages/airflow/example_dags/tutorial_objectstorage.py for tasks to queue
[2025-06-13T15:00:35.168+0000] {logging_mixin.py:188} INFO - [2025-06-13T15:00:35.168+0000] {dagbag.py:540} INFO - Filling up the DagBag from /home/airflow/.local/lib/python3.10/site-packages/airflow/example_dags/tutorial_objectstorage.py
[2025-06-13T15:00:35.173+0000] {processor.py:840} INFO - DAG(s) 'tutorial_objectstorage' retrieved from /home/airflow/.local/lib/python3.10/site-packages/airflow/example_dags/tutorial_objectstorage.py
[2025-06-13T15:00:35.189+0000] {logging_mixin.py:188} INFO - [2025-06-13T15:00:35.189+0000] {dag.py:3096} INFO - Sync 1 DAGs
[2025-06-13T15:00:35.211+0000] {logging_mixin.py:188} INFO - [2025-06-13T15:00:35.211+0000] {dag.py:3954} INFO - Setting next_dagrun for tutorial_objectstorage to None, run_after=None
[2025-06-13T15:00:35.229+0000] {processor.py:183} INFO - Processing /home/airflow/.local/lib/python3.10/site-packages/airflow/example_dags/tutorial_objectstorage.py took 0.068 seconds
[2025-06-13T15:01:05.522+0000] {processor.py:161} INFO - Started process (PID=2035) to work on /home/airflow/.local/lib/python3.10/site-packages/airflow/example_dags/tutorial_objectstorage.py
[2025-06-13T15:01:05.522+0000] {processor.py:830} INFO - Processing file /home/airflow/.local/lib/python3.10/site-packages/airflow/example_dags/tutorial_objectstorage.py for tasks to queue
[2025-06-13T15:01:05.523+0000] {logging_mixin.py:188} INFO - [2025-06-13T15:01:05.523+0000] {dagbag.py:540} INFO - Filling up the DagBag from /home/airflow/.local/lib/python3.10/site-packages/airflow/example_dags/tutorial_objectstorage.py
[2025-06-13T15:01:05.527+0000] {processor.py:840} INFO - DAG(s) 'tutorial_objectstorage' retrieved from /home/airflow/.local/lib/python3.10/site-packages/airflow/example_dags/tutorial_objectstorage.py
[2025-06-13T15:01:05.538+0000] {logging_mixin.py:188} INFO - [2025-06-13T15:01:05.538+0000] {dag.py:3096} INFO - Sync 1 DAGs
[2025-06-13T15:01:05.544+0000] {logging_mixin.py:188} INFO - [2025-06-13T15:01:05.544+0000] {dag.py:3954} INFO - Setting next_dagrun for tutorial_objectstorage to None, run_after=None
[2025-06-13T15:01:05.553+0000] {processor.py:183} INFO - Processing /home/airflow/.local/lib/python3.10/site-packages/airflow/example_dags/tutorial_objectstorage.py took 0.036 seconds
[2025-06-13T15:01:35.871+0000] {processor.py:161} INFO - Started process (PID=2095) to work on /home/airflow/.local/lib/python3.10/site-packages/airflow/example_dags/tutorial_objectstorage.py
[2025-06-13T15:01:35.872+0000] {processor.py:830} INFO - Processing file /home/airflow/.local/lib/python3.10/site-packages/airflow/example_dags/tutorial_objectstorage.py for tasks to queue
[2025-06-13T15:01:35.874+0000] {logging_mixin.py:188} INFO - [2025-06-13T15:01:35.873+0000] {dagbag.py:540} INFO - Filling up the DagBag from /home/airflow/.local/lib/python3.10/site-packages/airflow/example_dags/tutorial_objectstorage.py
[2025-06-13T15:01:35.879+0000] {processor.py:840} INFO - DAG(s) 'tutorial_objectstorage' retrieved from /home/airflow/.local/lib/python3.10/site-packages/airflow/example_dags/tutorial_objectstorage.py
[2025-06-13T15:01:35.892+0000] {logging_mixin.py:188} INFO - [2025-06-13T15:01:35.892+0000] {dag.py:3096} INFO - Sync 1 DAGs
[2025-06-13T15:01:35.900+0000] {logging_mixin.py:188} INFO - [2025-06-13T15:01:35.900+0000] {dag.py:3954} INFO - Setting next_dagrun for tutorial_objectstorage to None, run_after=None
[2025-06-13T15:01:35.914+0000] {processor.py:183} INFO - Processing /home/airflow/.local/lib/python3.10/site-packages/airflow/example_dags/tutorial_objectstorage.py took 0.048 seconds
[2025-06-13T15:02:06.299+0000] {processor.py:161} INFO - Started process (PID=2155) to work on /home/airflow/.local/lib/python3.10/site-packages/airflow/example_dags/tutorial_objectstorage.py
[2025-06-13T15:02:06.299+0000] {processor.py:830} INFO - Processing file /home/airflow/.local/lib/python3.10/site-packages/airflow/example_dags/tutorial_objectstorage.py for tasks to queue
[2025-06-13T15:02:06.300+0000] {logging_mixin.py:188} INFO - [2025-06-13T15:02:06.300+0000] {dagbag.py:540} INFO - Filling up the DagBag from /home/airflow/.local/lib/python3.10/site-packages/airflow/example_dags/tutorial_objectstorage.py
[2025-06-13T15:02:06.305+0000] {processor.py:840} INFO - DAG(s) 'tutorial_objectstorage' retrieved from /home/airflow/.local/lib/python3.10/site-packages/airflow/example_dags/tutorial_objectstorage.py
[2025-06-13T15:02:06.314+0000] {logging_mixin.py:188} INFO - [2025-06-13T15:02:06.314+0000] {dag.py:3096} INFO - Sync 1 DAGs
[2025-06-13T15:02:06.320+0000] {logging_mixin.py:188} INFO - [2025-06-13T15:02:06.320+0000] {dag.py:3954} INFO - Setting next_dagrun for tutorial_objectstorage to None, run_after=None
[2025-06-13T15:02:06.327+0000] {processor.py:183} INFO - Processing /home/airflow/.local/lib/python3.10/site-packages/airflow/example_dags/tutorial_objectstorage.py took 0.032 seconds
[2025-06-13T15:02:36.855+0000] {processor.py:161} INFO - Started process (PID=2215) to work on /home/airflow/.local/lib/python3.10/site-packages/airflow/example_dags/tutorial_objectstorage.py
[2025-06-13T15:02:36.856+0000] {processor.py:830} INFO - Processing file /home/airflow/.local/lib/python3.10/site-packages/airflow/example_dags/tutorial_objectstorage.py for tasks to queue
[2025-06-13T15:02:36.857+0000] {logging_mixin.py:188} INFO - [2025-06-13T15:02:36.857+0000] {dagbag.py:540} INFO - Filling up the DagBag from /home/airflow/.local/lib/python3.10/site-packages/airflow/example_dags/tutorial_objectstorage.py
[2025-06-13T15:02:36.862+0000] {processor.py:840} INFO - DAG(s) 'tutorial_objectstorage' retrieved from /home/airflow/.local/lib/python3.10/site-packages/airflow/example_dags/tutorial_objectstorage.py
[2025-06-13T15:02:36.877+0000] {logging_mixin.py:188} INFO - [2025-06-13T15:02:36.877+0000] {dag.py:3096} INFO - Sync 1 DAGs
[2025-06-13T15:02:36.884+0000] {logging_mixin.py:188} INFO - [2025-06-13T15:02:36.884+0000] {dag.py:3954} INFO - Setting next_dagrun for tutorial_objectstorage to None, run_after=None
[2025-06-13T15:02:36.897+0000] {processor.py:183} INFO - Processing /home/airflow/.local/lib/python3.10/site-packages/airflow/example_dags/tutorial_objectstorage.py took 0.046 seconds
[2025-06-13T15:03:07.870+0000] {processor.py:161} INFO - Started process (PID=2275) to work on /home/airflow/.local/lib/python3.10/site-packages/airflow/example_dags/tutorial_objectstorage.py
[2025-06-13T15:03:07.871+0000] {processor.py:830} INFO - Processing file /home/airflow/.local/lib/python3.10/site-packages/airflow/example_dags/tutorial_objectstorage.py for tasks to queue
[2025-06-13T15:03:07.872+0000] {logging_mixin.py:188} INFO - [2025-06-13T15:03:07.872+0000] {dagbag.py:540} INFO - Filling up the DagBag from /home/airflow/.local/lib/python3.10/site-packages/airflow/example_dags/tutorial_objectstorage.py
[2025-06-13T15:03:07.879+0000] {processor.py:840} INFO - DAG(s) 'tutorial_objectstorage' retrieved from /home/airflow/.local/lib/python3.10/site-packages/airflow/example_dags/tutorial_objectstorage.py
[2025-06-13T15:03:07.899+0000] {logging_mixin.py:188} INFO - [2025-06-13T15:03:07.898+0000] {dag.py:3096} INFO - Sync 1 DAGs
[2025-06-13T15:03:07.905+0000] {logging_mixin.py:188} INFO - [2025-06-13T15:03:07.905+0000] {dag.py:3954} INFO - Setting next_dagrun for tutorial_objectstorage to None, run_after=None
[2025-06-13T15:03:07.922+0000] {processor.py:183} INFO - Processing /home/airflow/.local/lib/python3.10/site-packages/airflow/example_dags/tutorial_objectstorage.py took 0.056 seconds
[2025-06-13T15:03:38.725+0000] {processor.py:161} INFO - Started process (PID=2335) to work on /home/airflow/.local/lib/python3.10/site-packages/airflow/example_dags/tutorial_objectstorage.py
[2025-06-13T15:03:38.726+0000] {processor.py:830} INFO - Processing file /home/airflow/.local/lib/python3.10/site-packages/airflow/example_dags/tutorial_objectstorage.py for tasks to queue
[2025-06-13T15:03:38.728+0000] {logging_mixin.py:188} INFO - [2025-06-13T15:03:38.728+0000] {dagbag.py:540} INFO - Filling up the DagBag from /home/airflow/.local/lib/python3.10/site-packages/airflow/example_dags/tutorial_objectstorage.py
[2025-06-13T15:03:38.733+0000] {processor.py:840} INFO - DAG(s) 'tutorial_objectstorage' retrieved from /home/airflow/.local/lib/python3.10/site-packages/airflow/example_dags/tutorial_objectstorage.py
[2025-06-13T15:03:38.748+0000] {logging_mixin.py:188} INFO - [2025-06-13T15:03:38.748+0000] {dag.py:3096} INFO - Sync 1 DAGs
[2025-06-13T15:03:38.755+0000] {logging_mixin.py:188} INFO - [2025-06-13T15:03:38.755+0000] {dag.py:3954} INFO - Setting next_dagrun for tutorial_objectstorage to None, run_after=None
[2025-06-13T15:03:38.780+0000] {processor.py:183} INFO - Processing /home/airflow/.local/lib/python3.10/site-packages/airflow/example_dags/tutorial_objectstorage.py took 0.059 seconds
[2025-06-13T15:04:09.581+0000] {processor.py:161} INFO - Started process (PID=2395) to work on /home/airflow/.local/lib/python3.10/site-packages/airflow/example_dags/tutorial_objectstorage.py
[2025-06-13T15:04:09.582+0000] {processor.py:830} INFO - Processing file /home/airflow/.local/lib/python3.10/site-packages/airflow/example_dags/tutorial_objectstorage.py for tasks to queue
[2025-06-13T15:04:09.583+0000] {logging_mixin.py:188} INFO - [2025-06-13T15:04:09.583+0000] {dagbag.py:540} INFO - Filling up the DagBag from /home/airflow/.local/lib/python3.10/site-packages/airflow/example_dags/tutorial_objectstorage.py
[2025-06-13T15:04:09.588+0000] {processor.py:840} INFO - DAG(s) 'tutorial_objectstorage' retrieved from /home/airflow/.local/lib/python3.10/site-packages/airflow/example_dags/tutorial_objectstorage.py
[2025-06-13T15:04:09.604+0000] {logging_mixin.py:188} INFO - [2025-06-13T15:04:09.604+0000] {dag.py:3096} INFO - Sync 1 DAGs
[2025-06-13T15:04:09.613+0000] {logging_mixin.py:188} INFO - [2025-06-13T15:04:09.613+0000] {dag.py:3954} INFO - Setting next_dagrun for tutorial_objectstorage to None, run_after=None
[2025-06-13T15:04:09.627+0000] {processor.py:183} INFO - Processing /home/airflow/.local/lib/python3.10/site-packages/airflow/example_dags/tutorial_objectstorage.py took 0.050 seconds
[2025-06-13T15:04:39.762+0000] {processor.py:161} INFO - Started process (PID=2455) to work on /home/airflow/.local/lib/python3.10/site-packages/airflow/example_dags/tutorial_objectstorage.py
[2025-06-13T15:04:39.763+0000] {processor.py:830} INFO - Processing file /home/airflow/.local/lib/python3.10/site-packages/airflow/example_dags/tutorial_objectstorage.py for tasks to queue
[2025-06-13T15:04:39.764+0000] {logging_mixin.py:188} INFO - [2025-06-13T15:04:39.764+0000] {dagbag.py:540} INFO - Filling up the DagBag from /home/airflow/.local/lib/python3.10/site-packages/airflow/example_dags/tutorial_objectstorage.py
[2025-06-13T15:04:39.770+0000] {processor.py:840} INFO - DAG(s) 'tutorial_objectstorage' retrieved from /home/airflow/.local/lib/python3.10/site-packages/airflow/example_dags/tutorial_objectstorage.py
[2025-06-13T15:04:39.782+0000] {logging_mixin.py:188} INFO - [2025-06-13T15:04:39.782+0000] {dag.py:3096} INFO - Sync 1 DAGs
[2025-06-13T15:04:39.790+0000] {logging_mixin.py:188} INFO - [2025-06-13T15:04:39.790+0000] {dag.py:3954} INFO - Setting next_dagrun for tutorial_objectstorage to None, run_after=None
[2025-06-13T15:04:39.802+0000] {processor.py:183} INFO - Processing /home/airflow/.local/lib/python3.10/site-packages/airflow/example_dags/tutorial_objectstorage.py took 0.044 seconds
[2025-06-13T15:05:10.461+0000] {processor.py:161} INFO - Started process (PID=2515) to work on /home/airflow/.local/lib/python3.10/site-packages/airflow/example_dags/tutorial_objectstorage.py
[2025-06-13T15:05:10.462+0000] {processor.py:830} INFO - Processing file /home/airflow/.local/lib/python3.10/site-packages/airflow/example_dags/tutorial_objectstorage.py for tasks to queue
[2025-06-13T15:05:10.463+0000] {logging_mixin.py:188} INFO - [2025-06-13T15:05:10.463+0000] {dagbag.py:540} INFO - Filling up the DagBag from /home/airflow/.local/lib/python3.10/site-packages/airflow/example_dags/tutorial_objectstorage.py
[2025-06-13T15:05:10.467+0000] {processor.py:840} INFO - DAG(s) 'tutorial_objectstorage' retrieved from /home/airflow/.local/lib/python3.10/site-packages/airflow/example_dags/tutorial_objectstorage.py
[2025-06-13T15:05:10.477+0000] {logging_mixin.py:188} INFO - [2025-06-13T15:05:10.477+0000] {dag.py:3096} INFO - Sync 1 DAGs
[2025-06-13T15:05:10.482+0000] {logging_mixin.py:188} INFO - [2025-06-13T15:05:10.482+0000] {dag.py:3954} INFO - Setting next_dagrun for tutorial_objectstorage to None, run_after=None
[2025-06-13T15:05:10.490+0000] {processor.py:183} INFO - Processing /home/airflow/.local/lib/python3.10/site-packages/airflow/example_dags/tutorial_objectstorage.py took 0.032 seconds
