[2025-06-13T14:33:24.626+0000] {processor.py:161} INFO - Started process (PID=62) to work on /home/airflow/.local/lib/python3.10/site-packages/airflow/example_dags/tutorial_dag.py
[2025-06-13T14:33:24.630+0000] {processor.py:830} INFO - Processing file /home/airflow/.local/lib/python3.10/site-packages/airflow/example_dags/tutorial_dag.py for tasks to queue
[2025-06-13T14:33:24.632+0000] {logging_mixin.py:188} INFO - [2025-06-13T14:33:24.632+0000] {dagbag.py:540} INFO - Filling up the DagBag from /home/airflow/.local/lib/python3.10/site-packages/airflow/example_dags/tutorial_dag.py
[2025-06-13T14:33:24.647+0000] {processor.py:840} INFO - DAG(s) 'tutorial_dag' retrieved from /home/airflow/.local/lib/python3.10/site-packages/airflow/example_dags/tutorial_dag.py
[2025-06-13T14:33:24.683+0000] {logging_mixin.py:188} INFO - [2025-06-13T14:33:24.678+0000] {dag.py:3096} INFO - Sync 1 DAGs
[2025-06-13T14:33:24.701+0000] {logging_mixin.py:188} INFO - [2025-06-13T14:33:24.701+0000] {dag.py:3954} INFO - Setting next_dagrun for tutorial_dag to None, run_after=None
[2025-06-13T14:33:24.726+0000] {processor.py:183} INFO - Processing /home/airflow/.local/lib/python3.10/site-packages/airflow/example_dags/tutorial_dag.py took 0.105 seconds
[2025-06-13T14:33:54.754+0000] {processor.py:161} INFO - Started process (PID=119) to work on /home/airflow/.local/lib/python3.10/site-packages/airflow/example_dags/tutorial_dag.py
[2025-06-13T14:33:54.756+0000] {processor.py:830} INFO - Processing file /home/airflow/.local/lib/python3.10/site-packages/airflow/example_dags/tutorial_dag.py for tasks to queue
[2025-06-13T14:33:54.757+0000] {logging_mixin.py:188} INFO - [2025-06-13T14:33:54.757+0000] {dagbag.py:540} INFO - Filling up the DagBag from /home/airflow/.local/lib/python3.10/site-packages/airflow/example_dags/tutorial_dag.py
[2025-06-13T14:33:54.761+0000] {processor.py:840} INFO - DAG(s) 'tutorial_dag' retrieved from /home/airflow/.local/lib/python3.10/site-packages/airflow/example_dags/tutorial_dag.py
[2025-06-13T14:33:54.814+0000] {logging_mixin.py:188} INFO - [2025-06-13T14:33:54.814+0000] {dag.py:3096} INFO - Sync 1 DAGs
[2025-06-13T14:33:54.821+0000] {logging_mixin.py:188} INFO - [2025-06-13T14:33:54.821+0000] {dag.py:3954} INFO - Setting next_dagrun for tutorial_dag to None, run_after=None
[2025-06-13T14:33:54.830+0000] {processor.py:183} INFO - Processing /home/airflow/.local/lib/python3.10/site-packages/airflow/example_dags/tutorial_dag.py took 0.080 seconds
[2025-06-13T14:34:25.500+0000] {processor.py:161} INFO - Started process (PID=177) to work on /home/airflow/.local/lib/python3.10/site-packages/airflow/example_dags/tutorial_dag.py
[2025-06-13T14:34:25.501+0000] {processor.py:830} INFO - Processing file /home/airflow/.local/lib/python3.10/site-packages/airflow/example_dags/tutorial_dag.py for tasks to queue
[2025-06-13T14:34:25.503+0000] {logging_mixin.py:188} INFO - [2025-06-13T14:34:25.503+0000] {dagbag.py:540} INFO - Filling up the DagBag from /home/airflow/.local/lib/python3.10/site-packages/airflow/example_dags/tutorial_dag.py
[2025-06-13T14:34:25.507+0000] {processor.py:840} INFO - DAG(s) 'tutorial_dag' retrieved from /home/airflow/.local/lib/python3.10/site-packages/airflow/example_dags/tutorial_dag.py
[2025-06-13T14:34:25.517+0000] {logging_mixin.py:188} INFO - [2025-06-13T14:34:25.517+0000] {dag.py:3096} INFO - Sync 1 DAGs
[2025-06-13T14:34:25.523+0000] {logging_mixin.py:188} INFO - [2025-06-13T14:34:25.523+0000] {dag.py:3954} INFO - Setting next_dagrun for tutorial_dag to None, run_after=None
[2025-06-13T14:34:25.533+0000] {processor.py:183} INFO - Processing /home/airflow/.local/lib/python3.10/site-packages/airflow/example_dags/tutorial_dag.py took 0.037 seconds
[2025-06-13T14:34:55.896+0000] {processor.py:161} INFO - Started process (PID=235) to work on /home/airflow/.local/lib/python3.10/site-packages/airflow/example_dags/tutorial_dag.py
[2025-06-13T14:34:55.898+0000] {processor.py:830} INFO - Processing file /home/airflow/.local/lib/python3.10/site-packages/airflow/example_dags/tutorial_dag.py for tasks to queue
[2025-06-13T14:34:55.899+0000] {logging_mixin.py:188} INFO - [2025-06-13T14:34:55.899+0000] {dagbag.py:540} INFO - Filling up the DagBag from /home/airflow/.local/lib/python3.10/site-packages/airflow/example_dags/tutorial_dag.py
[2025-06-13T14:34:55.902+0000] {processor.py:840} INFO - DAG(s) 'tutorial_dag' retrieved from /home/airflow/.local/lib/python3.10/site-packages/airflow/example_dags/tutorial_dag.py
[2025-06-13T14:34:55.914+0000] {logging_mixin.py:188} INFO - [2025-06-13T14:34:55.914+0000] {dag.py:3096} INFO - Sync 1 DAGs
[2025-06-13T14:34:55.921+0000] {logging_mixin.py:188} INFO - [2025-06-13T14:34:55.921+0000] {dag.py:3954} INFO - Setting next_dagrun for tutorial_dag to None, run_after=None
[2025-06-13T14:34:55.931+0000] {processor.py:183} INFO - Processing /home/airflow/.local/lib/python3.10/site-packages/airflow/example_dags/tutorial_dag.py took 0.038 seconds
[2025-06-13T14:35:26.554+0000] {processor.py:161} INFO - Started process (PID=293) to work on /home/airflow/.local/lib/python3.10/site-packages/airflow/example_dags/tutorial_dag.py
[2025-06-13T14:35:26.555+0000] {processor.py:830} INFO - Processing file /home/airflow/.local/lib/python3.10/site-packages/airflow/example_dags/tutorial_dag.py for tasks to queue
[2025-06-13T14:35:26.556+0000] {logging_mixin.py:188} INFO - [2025-06-13T14:35:26.556+0000] {dagbag.py:540} INFO - Filling up the DagBag from /home/airflow/.local/lib/python3.10/site-packages/airflow/example_dags/tutorial_dag.py
[2025-06-13T14:35:26.560+0000] {processor.py:840} INFO - DAG(s) 'tutorial_dag' retrieved from /home/airflow/.local/lib/python3.10/site-packages/airflow/example_dags/tutorial_dag.py
[2025-06-13T14:35:26.574+0000] {logging_mixin.py:188} INFO - [2025-06-13T14:35:26.574+0000] {dag.py:3096} INFO - Sync 1 DAGs
[2025-06-13T14:35:26.582+0000] {logging_mixin.py:188} INFO - [2025-06-13T14:35:26.582+0000] {dag.py:3954} INFO - Setting next_dagrun for tutorial_dag to None, run_after=None
[2025-06-13T14:35:26.592+0000] {processor.py:183} INFO - Processing /home/airflow/.local/lib/python3.10/site-packages/airflow/example_dags/tutorial_dag.py took 0.041 seconds
[2025-06-13T14:35:58.045+0000] {processor.py:161} INFO - Started process (PID=357) to work on /home/airflow/.local/lib/python3.10/site-packages/airflow/example_dags/tutorial_dag.py
[2025-06-13T14:35:58.046+0000] {processor.py:830} INFO - Processing file /home/airflow/.local/lib/python3.10/site-packages/airflow/example_dags/tutorial_dag.py for tasks to queue
[2025-06-13T14:35:58.047+0000] {logging_mixin.py:188} INFO - [2025-06-13T14:35:58.046+0000] {dagbag.py:540} INFO - Filling up the DagBag from /home/airflow/.local/lib/python3.10/site-packages/airflow/example_dags/tutorial_dag.py
[2025-06-13T14:35:58.050+0000] {processor.py:840} INFO - DAG(s) 'tutorial_dag' retrieved from /home/airflow/.local/lib/python3.10/site-packages/airflow/example_dags/tutorial_dag.py
[2025-06-13T14:35:58.060+0000] {logging_mixin.py:188} INFO - [2025-06-13T14:35:58.060+0000] {dag.py:3096} INFO - Sync 1 DAGs
[2025-06-13T14:35:58.066+0000] {logging_mixin.py:188} INFO - [2025-06-13T14:35:58.066+0000] {dag.py:3954} INFO - Setting next_dagrun for tutorial_dag to None, run_after=None
[2025-06-13T14:35:58.078+0000] {processor.py:183} INFO - Processing /home/airflow/.local/lib/python3.10/site-packages/airflow/example_dags/tutorial_dag.py took 0.038 seconds
[2025-06-13T14:36:28.703+0000] {processor.py:161} INFO - Started process (PID=415) to work on /home/airflow/.local/lib/python3.10/site-packages/airflow/example_dags/tutorial_dag.py
[2025-06-13T14:36:28.704+0000] {processor.py:830} INFO - Processing file /home/airflow/.local/lib/python3.10/site-packages/airflow/example_dags/tutorial_dag.py for tasks to queue
[2025-06-13T14:36:28.705+0000] {logging_mixin.py:188} INFO - [2025-06-13T14:36:28.705+0000] {dagbag.py:540} INFO - Filling up the DagBag from /home/airflow/.local/lib/python3.10/site-packages/airflow/example_dags/tutorial_dag.py
[2025-06-13T14:36:28.708+0000] {processor.py:840} INFO - DAG(s) 'tutorial_dag' retrieved from /home/airflow/.local/lib/python3.10/site-packages/airflow/example_dags/tutorial_dag.py
[2025-06-13T14:36:28.719+0000] {logging_mixin.py:188} INFO - [2025-06-13T14:36:28.719+0000] {dag.py:3096} INFO - Sync 1 DAGs
[2025-06-13T14:36:28.727+0000] {logging_mixin.py:188} INFO - [2025-06-13T14:36:28.727+0000] {dag.py:3954} INFO - Setting next_dagrun for tutorial_dag to None, run_after=None
[2025-06-13T14:36:28.738+0000] {processor.py:183} INFO - Processing /home/airflow/.local/lib/python3.10/site-packages/airflow/example_dags/tutorial_dag.py took 0.039 seconds
[2025-06-13T14:36:59.090+0000] {processor.py:161} INFO - Started process (PID=473) to work on /home/airflow/.local/lib/python3.10/site-packages/airflow/example_dags/tutorial_dag.py
[2025-06-13T14:36:59.092+0000] {processor.py:830} INFO - Processing file /home/airflow/.local/lib/python3.10/site-packages/airflow/example_dags/tutorial_dag.py for tasks to queue
[2025-06-13T14:36:59.094+0000] {logging_mixin.py:188} INFO - [2025-06-13T14:36:59.094+0000] {dagbag.py:540} INFO - Filling up the DagBag from /home/airflow/.local/lib/python3.10/site-packages/airflow/example_dags/tutorial_dag.py
[2025-06-13T14:36:59.098+0000] {processor.py:840} INFO - DAG(s) 'tutorial_dag' retrieved from /home/airflow/.local/lib/python3.10/site-packages/airflow/example_dags/tutorial_dag.py
[2025-06-13T14:36:59.115+0000] {logging_mixin.py:188} INFO - [2025-06-13T14:36:59.115+0000] {dag.py:3096} INFO - Sync 1 DAGs
[2025-06-13T14:36:59.126+0000] {logging_mixin.py:188} INFO - [2025-06-13T14:36:59.126+0000] {dag.py:3954} INFO - Setting next_dagrun for tutorial_dag to None, run_after=None
[2025-06-13T14:36:59.139+0000] {processor.py:183} INFO - Processing /home/airflow/.local/lib/python3.10/site-packages/airflow/example_dags/tutorial_dag.py took 0.054 seconds
[2025-06-13T14:37:29.819+0000] {processor.py:161} INFO - Started process (PID=531) to work on /home/airflow/.local/lib/python3.10/site-packages/airflow/example_dags/tutorial_dag.py
[2025-06-13T14:37:29.820+0000] {processor.py:830} INFO - Processing file /home/airflow/.local/lib/python3.10/site-packages/airflow/example_dags/tutorial_dag.py for tasks to queue
[2025-06-13T14:37:29.821+0000] {logging_mixin.py:188} INFO - [2025-06-13T14:37:29.821+0000] {dagbag.py:540} INFO - Filling up the DagBag from /home/airflow/.local/lib/python3.10/site-packages/airflow/example_dags/tutorial_dag.py
[2025-06-13T14:37:29.827+0000] {processor.py:840} INFO - DAG(s) 'tutorial_dag' retrieved from /home/airflow/.local/lib/python3.10/site-packages/airflow/example_dags/tutorial_dag.py
[2025-06-13T14:37:29.854+0000] {logging_mixin.py:188} INFO - [2025-06-13T14:37:29.853+0000] {dag.py:3096} INFO - Sync 1 DAGs
[2025-06-13T14:37:29.866+0000] {logging_mixin.py:188} INFO - [2025-06-13T14:37:29.866+0000] {dag.py:3954} INFO - Setting next_dagrun for tutorial_dag to None, run_after=None
[2025-06-13T14:37:29.908+0000] {processor.py:183} INFO - Processing /home/airflow/.local/lib/python3.10/site-packages/airflow/example_dags/tutorial_dag.py took 0.095 seconds
[2025-06-13T14:38:00.154+0000] {processor.py:161} INFO - Started process (PID=589) to work on /home/airflow/.local/lib/python3.10/site-packages/airflow/example_dags/tutorial_dag.py
[2025-06-13T14:38:00.155+0000] {processor.py:830} INFO - Processing file /home/airflow/.local/lib/python3.10/site-packages/airflow/example_dags/tutorial_dag.py for tasks to queue
[2025-06-13T14:38:00.156+0000] {logging_mixin.py:188} INFO - [2025-06-13T14:38:00.156+0000] {dagbag.py:540} INFO - Filling up the DagBag from /home/airflow/.local/lib/python3.10/site-packages/airflow/example_dags/tutorial_dag.py
[2025-06-13T14:38:00.160+0000] {processor.py:840} INFO - DAG(s) 'tutorial_dag' retrieved from /home/airflow/.local/lib/python3.10/site-packages/airflow/example_dags/tutorial_dag.py
[2025-06-13T14:38:00.177+0000] {logging_mixin.py:188} INFO - [2025-06-13T14:38:00.177+0000] {dag.py:3096} INFO - Sync 1 DAGs
[2025-06-13T14:38:00.184+0000] {logging_mixin.py:188} INFO - [2025-06-13T14:38:00.184+0000] {dag.py:3954} INFO - Setting next_dagrun for tutorial_dag to None, run_after=None
[2025-06-13T14:38:00.195+0000] {processor.py:183} INFO - Processing /home/airflow/.local/lib/python3.10/site-packages/airflow/example_dags/tutorial_dag.py took 0.047 seconds
[2025-06-13T14:38:30.819+0000] {processor.py:161} INFO - Started process (PID=649) to work on /home/airflow/.local/lib/python3.10/site-packages/airflow/example_dags/tutorial_dag.py
[2025-06-13T14:38:30.820+0000] {processor.py:830} INFO - Processing file /home/airflow/.local/lib/python3.10/site-packages/airflow/example_dags/tutorial_dag.py for tasks to queue
[2025-06-13T14:38:30.822+0000] {logging_mixin.py:188} INFO - [2025-06-13T14:38:30.822+0000] {dagbag.py:540} INFO - Filling up the DagBag from /home/airflow/.local/lib/python3.10/site-packages/airflow/example_dags/tutorial_dag.py
[2025-06-13T14:38:30.829+0000] {processor.py:840} INFO - DAG(s) 'tutorial_dag' retrieved from /home/airflow/.local/lib/python3.10/site-packages/airflow/example_dags/tutorial_dag.py
[2025-06-13T14:38:30.855+0000] {logging_mixin.py:188} INFO - [2025-06-13T14:38:30.855+0000] {dag.py:3096} INFO - Sync 1 DAGs
[2025-06-13T14:38:30.870+0000] {logging_mixin.py:188} INFO - [2025-06-13T14:38:30.870+0000] {dag.py:3954} INFO - Setting next_dagrun for tutorial_dag to None, run_after=None
[2025-06-13T14:38:30.894+0000] {processor.py:183} INFO - Processing /home/airflow/.local/lib/python3.10/site-packages/airflow/example_dags/tutorial_dag.py took 0.082 seconds
[2025-06-13T14:39:01.664+0000] {processor.py:161} INFO - Started process (PID=709) to work on /home/airflow/.local/lib/python3.10/site-packages/airflow/example_dags/tutorial_dag.py
[2025-06-13T14:39:01.665+0000] {processor.py:830} INFO - Processing file /home/airflow/.local/lib/python3.10/site-packages/airflow/example_dags/tutorial_dag.py for tasks to queue
[2025-06-13T14:39:01.666+0000] {logging_mixin.py:188} INFO - [2025-06-13T14:39:01.666+0000] {dagbag.py:540} INFO - Filling up the DagBag from /home/airflow/.local/lib/python3.10/site-packages/airflow/example_dags/tutorial_dag.py
[2025-06-13T14:39:01.669+0000] {processor.py:840} INFO - DAG(s) 'tutorial_dag' retrieved from /home/airflow/.local/lib/python3.10/site-packages/airflow/example_dags/tutorial_dag.py
[2025-06-13T14:39:01.681+0000] {logging_mixin.py:188} INFO - [2025-06-13T14:39:01.681+0000] {dag.py:3096} INFO - Sync 1 DAGs
[2025-06-13T14:39:01.688+0000] {logging_mixin.py:188} INFO - [2025-06-13T14:39:01.688+0000] {dag.py:3954} INFO - Setting next_dagrun for tutorial_dag to None, run_after=None
[2025-06-13T14:39:01.697+0000] {processor.py:183} INFO - Processing /home/airflow/.local/lib/python3.10/site-packages/airflow/example_dags/tutorial_dag.py took 0.037 seconds
[2025-06-13T14:39:32.540+0000] {processor.py:161} INFO - Started process (PID=769) to work on /home/airflow/.local/lib/python3.10/site-packages/airflow/example_dags/tutorial_dag.py
[2025-06-13T14:39:32.542+0000] {processor.py:830} INFO - Processing file /home/airflow/.local/lib/python3.10/site-packages/airflow/example_dags/tutorial_dag.py for tasks to queue
[2025-06-13T14:39:32.544+0000] {logging_mixin.py:188} INFO - [2025-06-13T14:39:32.544+0000] {dagbag.py:540} INFO - Filling up the DagBag from /home/airflow/.local/lib/python3.10/site-packages/airflow/example_dags/tutorial_dag.py
[2025-06-13T14:39:32.548+0000] {processor.py:840} INFO - DAG(s) 'tutorial_dag' retrieved from /home/airflow/.local/lib/python3.10/site-packages/airflow/example_dags/tutorial_dag.py
[2025-06-13T14:39:32.564+0000] {logging_mixin.py:188} INFO - [2025-06-13T14:39:32.564+0000] {dag.py:3096} INFO - Sync 1 DAGs
[2025-06-13T14:39:32.571+0000] {logging_mixin.py:188} INFO - [2025-06-13T14:39:32.571+0000] {dag.py:3954} INFO - Setting next_dagrun for tutorial_dag to None, run_after=None
[2025-06-13T14:39:32.584+0000] {processor.py:183} INFO - Processing /home/airflow/.local/lib/python3.10/site-packages/airflow/example_dags/tutorial_dag.py took 0.047 seconds
[2025-06-13T14:40:03.065+0000] {processor.py:161} INFO - Started process (PID=829) to work on /home/airflow/.local/lib/python3.10/site-packages/airflow/example_dags/tutorial_dag.py
[2025-06-13T14:40:03.066+0000] {processor.py:830} INFO - Processing file /home/airflow/.local/lib/python3.10/site-packages/airflow/example_dags/tutorial_dag.py for tasks to queue
[2025-06-13T14:40:03.067+0000] {logging_mixin.py:188} INFO - [2025-06-13T14:40:03.067+0000] {dagbag.py:540} INFO - Filling up the DagBag from /home/airflow/.local/lib/python3.10/site-packages/airflow/example_dags/tutorial_dag.py
[2025-06-13T14:40:03.070+0000] {processor.py:840} INFO - DAG(s) 'tutorial_dag' retrieved from /home/airflow/.local/lib/python3.10/site-packages/airflow/example_dags/tutorial_dag.py
[2025-06-13T14:40:03.086+0000] {logging_mixin.py:188} INFO - [2025-06-13T14:40:03.086+0000] {dag.py:3096} INFO - Sync 1 DAGs
[2025-06-13T14:40:03.093+0000] {logging_mixin.py:188} INFO - [2025-06-13T14:40:03.092+0000] {dag.py:3954} INFO - Setting next_dagrun for tutorial_dag to None, run_after=None
[2025-06-13T14:40:03.111+0000] {processor.py:183} INFO - Processing /home/airflow/.local/lib/python3.10/site-packages/airflow/example_dags/tutorial_dag.py took 0.050 seconds
[2025-06-13T14:40:34.135+0000] {processor.py:161} INFO - Started process (PID=889) to work on /home/airflow/.local/lib/python3.10/site-packages/airflow/example_dags/tutorial_dag.py
[2025-06-13T14:40:34.138+0000] {processor.py:830} INFO - Processing file /home/airflow/.local/lib/python3.10/site-packages/airflow/example_dags/tutorial_dag.py for tasks to queue
[2025-06-13T14:40:34.139+0000] {logging_mixin.py:188} INFO - [2025-06-13T14:40:34.139+0000] {dagbag.py:540} INFO - Filling up the DagBag from /home/airflow/.local/lib/python3.10/site-packages/airflow/example_dags/tutorial_dag.py
[2025-06-13T14:40:34.142+0000] {processor.py:840} INFO - DAG(s) 'tutorial_dag' retrieved from /home/airflow/.local/lib/python3.10/site-packages/airflow/example_dags/tutorial_dag.py
[2025-06-13T14:40:34.157+0000] {logging_mixin.py:188} INFO - [2025-06-13T14:40:34.157+0000] {dag.py:3096} INFO - Sync 1 DAGs
[2025-06-13T14:40:34.170+0000] {logging_mixin.py:188} INFO - [2025-06-13T14:40:34.170+0000] {dag.py:3954} INFO - Setting next_dagrun for tutorial_dag to None, run_after=None
[2025-06-13T14:40:34.187+0000] {processor.py:183} INFO - Processing /home/airflow/.local/lib/python3.10/site-packages/airflow/example_dags/tutorial_dag.py took 0.056 seconds
[2025-06-13T14:41:04.687+0000] {processor.py:161} INFO - Started process (PID=949) to work on /home/airflow/.local/lib/python3.10/site-packages/airflow/example_dags/tutorial_dag.py
[2025-06-13T14:41:04.688+0000] {processor.py:830} INFO - Processing file /home/airflow/.local/lib/python3.10/site-packages/airflow/example_dags/tutorial_dag.py for tasks to queue
[2025-06-13T14:41:04.689+0000] {logging_mixin.py:188} INFO - [2025-06-13T14:41:04.689+0000] {dagbag.py:540} INFO - Filling up the DagBag from /home/airflow/.local/lib/python3.10/site-packages/airflow/example_dags/tutorial_dag.py
[2025-06-13T14:41:04.693+0000] {processor.py:840} INFO - DAG(s) 'tutorial_dag' retrieved from /home/airflow/.local/lib/python3.10/site-packages/airflow/example_dags/tutorial_dag.py
[2025-06-13T14:41:04.708+0000] {logging_mixin.py:188} INFO - [2025-06-13T14:41:04.708+0000] {dag.py:3096} INFO - Sync 1 DAGs
[2025-06-13T14:41:04.713+0000] {logging_mixin.py:188} INFO - [2025-06-13T14:41:04.713+0000] {dag.py:3954} INFO - Setting next_dagrun for tutorial_dag to None, run_after=None
[2025-06-13T14:41:04.722+0000] {processor.py:183} INFO - Processing /home/airflow/.local/lib/python3.10/site-packages/airflow/example_dags/tutorial_dag.py took 0.039 seconds
[2025-06-13T14:41:35.111+0000] {processor.py:161} INFO - Started process (PID=1009) to work on /home/airflow/.local/lib/python3.10/site-packages/airflow/example_dags/tutorial_dag.py
[2025-06-13T14:41:35.113+0000] {processor.py:830} INFO - Processing file /home/airflow/.local/lib/python3.10/site-packages/airflow/example_dags/tutorial_dag.py for tasks to queue
[2025-06-13T14:41:35.114+0000] {logging_mixin.py:188} INFO - [2025-06-13T14:41:35.114+0000] {dagbag.py:540} INFO - Filling up the DagBag from /home/airflow/.local/lib/python3.10/site-packages/airflow/example_dags/tutorial_dag.py
[2025-06-13T14:41:35.119+0000] {processor.py:840} INFO - DAG(s) 'tutorial_dag' retrieved from /home/airflow/.local/lib/python3.10/site-packages/airflow/example_dags/tutorial_dag.py
[2025-06-13T14:41:35.132+0000] {logging_mixin.py:188} INFO - [2025-06-13T14:41:35.132+0000] {dag.py:3096} INFO - Sync 1 DAGs
[2025-06-13T14:41:35.139+0000] {logging_mixin.py:188} INFO - [2025-06-13T14:41:35.139+0000] {dag.py:3954} INFO - Setting next_dagrun for tutorial_dag to None, run_after=None
[2025-06-13T14:41:35.155+0000] {processor.py:183} INFO - Processing /home/airflow/.local/lib/python3.10/site-packages/airflow/example_dags/tutorial_dag.py took 0.047 seconds
[2025-06-13T14:42:05.474+0000] {processor.py:161} INFO - Started process (PID=1069) to work on /home/airflow/.local/lib/python3.10/site-packages/airflow/example_dags/tutorial_dag.py
[2025-06-13T14:42:05.475+0000] {processor.py:830} INFO - Processing file /home/airflow/.local/lib/python3.10/site-packages/airflow/example_dags/tutorial_dag.py for tasks to queue
[2025-06-13T14:42:05.476+0000] {logging_mixin.py:188} INFO - [2025-06-13T14:42:05.476+0000] {dagbag.py:540} INFO - Filling up the DagBag from /home/airflow/.local/lib/python3.10/site-packages/airflow/example_dags/tutorial_dag.py
[2025-06-13T14:42:05.479+0000] {processor.py:840} INFO - DAG(s) 'tutorial_dag' retrieved from /home/airflow/.local/lib/python3.10/site-packages/airflow/example_dags/tutorial_dag.py
[2025-06-13T14:42:05.490+0000] {logging_mixin.py:188} INFO - [2025-06-13T14:42:05.490+0000] {dag.py:3096} INFO - Sync 1 DAGs
[2025-06-13T14:42:05.497+0000] {logging_mixin.py:188} INFO - [2025-06-13T14:42:05.496+0000] {dag.py:3954} INFO - Setting next_dagrun for tutorial_dag to None, run_after=None
[2025-06-13T14:42:05.510+0000] {processor.py:183} INFO - Processing /home/airflow/.local/lib/python3.10/site-packages/airflow/example_dags/tutorial_dag.py took 0.041 seconds
[2025-06-13T14:42:36.652+0000] {processor.py:161} INFO - Started process (PID=1129) to work on /home/airflow/.local/lib/python3.10/site-packages/airflow/example_dags/tutorial_dag.py
[2025-06-13T14:42:36.655+0000] {processor.py:830} INFO - Processing file /home/airflow/.local/lib/python3.10/site-packages/airflow/example_dags/tutorial_dag.py for tasks to queue
[2025-06-13T14:42:36.656+0000] {logging_mixin.py:188} INFO - [2025-06-13T14:42:36.656+0000] {dagbag.py:540} INFO - Filling up the DagBag from /home/airflow/.local/lib/python3.10/site-packages/airflow/example_dags/tutorial_dag.py
[2025-06-13T14:42:36.662+0000] {processor.py:840} INFO - DAG(s) 'tutorial_dag' retrieved from /home/airflow/.local/lib/python3.10/site-packages/airflow/example_dags/tutorial_dag.py
[2025-06-13T14:42:36.677+0000] {logging_mixin.py:188} INFO - [2025-06-13T14:42:36.677+0000] {dag.py:3096} INFO - Sync 1 DAGs
[2025-06-13T14:42:36.685+0000] {logging_mixin.py:188} INFO - [2025-06-13T14:42:36.685+0000] {dag.py:3954} INFO - Setting next_dagrun for tutorial_dag to None, run_after=None
[2025-06-13T14:42:36.696+0000] {processor.py:183} INFO - Processing /home/airflow/.local/lib/python3.10/site-packages/airflow/example_dags/tutorial_dag.py took 0.048 seconds
[2025-06-13T14:43:07.472+0000] {processor.py:161} INFO - Started process (PID=1189) to work on /home/airflow/.local/lib/python3.10/site-packages/airflow/example_dags/tutorial_dag.py
[2025-06-13T14:43:07.473+0000] {processor.py:830} INFO - Processing file /home/airflow/.local/lib/python3.10/site-packages/airflow/example_dags/tutorial_dag.py for tasks to queue
[2025-06-13T14:43:07.474+0000] {logging_mixin.py:188} INFO - [2025-06-13T14:43:07.474+0000] {dagbag.py:540} INFO - Filling up the DagBag from /home/airflow/.local/lib/python3.10/site-packages/airflow/example_dags/tutorial_dag.py
[2025-06-13T14:43:07.478+0000] {processor.py:840} INFO - DAG(s) 'tutorial_dag' retrieved from /home/airflow/.local/lib/python3.10/site-packages/airflow/example_dags/tutorial_dag.py
[2025-06-13T14:43:07.491+0000] {logging_mixin.py:188} INFO - [2025-06-13T14:43:07.490+0000] {dag.py:3096} INFO - Sync 1 DAGs
[2025-06-13T14:43:07.497+0000] {logging_mixin.py:188} INFO - [2025-06-13T14:43:07.497+0000] {dag.py:3954} INFO - Setting next_dagrun for tutorial_dag to None, run_after=None
[2025-06-13T14:43:07.507+0000] {processor.py:183} INFO - Processing /home/airflow/.local/lib/python3.10/site-packages/airflow/example_dags/tutorial_dag.py took 0.038 seconds
[2025-06-13T14:44:42.941+0000] {processor.py:161} INFO - Started process (PID=80) to work on /home/airflow/.local/lib/python3.10/site-packages/airflow/example_dags/tutorial_dag.py
[2025-06-13T14:44:42.943+0000] {processor.py:830} INFO - Processing file /home/airflow/.local/lib/python3.10/site-packages/airflow/example_dags/tutorial_dag.py for tasks to queue
[2025-06-13T14:44:42.944+0000] {logging_mixin.py:188} INFO - [2025-06-13T14:44:42.944+0000] {dagbag.py:540} INFO - Filling up the DagBag from /home/airflow/.local/lib/python3.10/site-packages/airflow/example_dags/tutorial_dag.py
[2025-06-13T14:44:42.948+0000] {processor.py:840} INFO - DAG(s) 'tutorial_dag' retrieved from /home/airflow/.local/lib/python3.10/site-packages/airflow/example_dags/tutorial_dag.py
[2025-06-13T14:44:42.954+0000] {logging_mixin.py:188} INFO - [2025-06-13T14:44:42.954+0000] {dag.py:3096} INFO - Sync 1 DAGs
[2025-06-13T14:44:42.963+0000] {logging_mixin.py:188} INFO - [2025-06-13T14:44:42.963+0000] {dag.py:3954} INFO - Setting next_dagrun for tutorial_dag to None, run_after=None
[2025-06-13T14:44:42.979+0000] {processor.py:183} INFO - Processing /home/airflow/.local/lib/python3.10/site-packages/airflow/example_dags/tutorial_dag.py took 0.041 seconds
[2025-06-13T14:45:14.594+0000] {processor.py:161} INFO - Started process (PID=146) to work on /home/airflow/.local/lib/python3.10/site-packages/airflow/example_dags/tutorial_dag.py
[2025-06-13T14:45:14.596+0000] {processor.py:830} INFO - Processing file /home/airflow/.local/lib/python3.10/site-packages/airflow/example_dags/tutorial_dag.py for tasks to queue
[2025-06-13T14:45:14.601+0000] {logging_mixin.py:188} INFO - [2025-06-13T14:45:14.600+0000] {dagbag.py:540} INFO - Filling up the DagBag from /home/airflow/.local/lib/python3.10/site-packages/airflow/example_dags/tutorial_dag.py
[2025-06-13T14:45:14.616+0000] {processor.py:840} INFO - DAG(s) 'tutorial_dag' retrieved from /home/airflow/.local/lib/python3.10/site-packages/airflow/example_dags/tutorial_dag.py
[2025-06-13T14:45:14.726+0000] {logging_mixin.py:188} INFO - [2025-06-13T14:45:14.725+0000] {dag.py:3096} INFO - Sync 1 DAGs
[2025-06-13T14:45:14.732+0000] {logging_mixin.py:188} INFO - [2025-06-13T14:45:14.732+0000] {dag.py:3954} INFO - Setting next_dagrun for tutorial_dag to None, run_after=None
[2025-06-13T14:45:14.752+0000] {processor.py:183} INFO - Processing /home/airflow/.local/lib/python3.10/site-packages/airflow/example_dags/tutorial_dag.py took 0.165 seconds
[2025-06-13T14:45:44.780+0000] {processor.py:161} INFO - Started process (PID=218) to work on /home/airflow/.local/lib/python3.10/site-packages/airflow/example_dags/tutorial_dag.py
[2025-06-13T14:45:44.782+0000] {processor.py:830} INFO - Processing file /home/airflow/.local/lib/python3.10/site-packages/airflow/example_dags/tutorial_dag.py for tasks to queue
[2025-06-13T14:45:44.783+0000] {logging_mixin.py:188} INFO - [2025-06-13T14:45:44.783+0000] {dagbag.py:540} INFO - Filling up the DagBag from /home/airflow/.local/lib/python3.10/site-packages/airflow/example_dags/tutorial_dag.py
[2025-06-13T14:45:44.787+0000] {processor.py:840} INFO - DAG(s) 'tutorial_dag' retrieved from /home/airflow/.local/lib/python3.10/site-packages/airflow/example_dags/tutorial_dag.py
[2025-06-13T14:45:44.797+0000] {logging_mixin.py:188} INFO - [2025-06-13T14:45:44.797+0000] {dag.py:3096} INFO - Sync 1 DAGs
[2025-06-13T14:45:44.803+0000] {logging_mixin.py:188} INFO - [2025-06-13T14:45:44.802+0000] {dag.py:3954} INFO - Setting next_dagrun for tutorial_dag to None, run_after=None
[2025-06-13T14:45:44.810+0000] {processor.py:183} INFO - Processing /home/airflow/.local/lib/python3.10/site-packages/airflow/example_dags/tutorial_dag.py took 0.034 seconds
[2025-06-13T14:46:15.581+0000] {processor.py:161} INFO - Started process (PID=278) to work on /home/airflow/.local/lib/python3.10/site-packages/airflow/example_dags/tutorial_dag.py
[2025-06-13T14:46:15.582+0000] {processor.py:830} INFO - Processing file /home/airflow/.local/lib/python3.10/site-packages/airflow/example_dags/tutorial_dag.py for tasks to queue
[2025-06-13T14:46:15.583+0000] {logging_mixin.py:188} INFO - [2025-06-13T14:46:15.583+0000] {dagbag.py:540} INFO - Filling up the DagBag from /home/airflow/.local/lib/python3.10/site-packages/airflow/example_dags/tutorial_dag.py
[2025-06-13T14:46:15.587+0000] {processor.py:840} INFO - DAG(s) 'tutorial_dag' retrieved from /home/airflow/.local/lib/python3.10/site-packages/airflow/example_dags/tutorial_dag.py
[2025-06-13T14:46:15.601+0000] {logging_mixin.py:188} INFO - [2025-06-13T14:46:15.601+0000] {dag.py:3096} INFO - Sync 1 DAGs
[2025-06-13T14:46:15.610+0000] {logging_mixin.py:188} INFO - [2025-06-13T14:46:15.610+0000] {dag.py:3954} INFO - Setting next_dagrun for tutorial_dag to None, run_after=None
[2025-06-13T14:46:15.621+0000] {processor.py:183} INFO - Processing /home/airflow/.local/lib/python3.10/site-packages/airflow/example_dags/tutorial_dag.py took 0.045 seconds
[2025-06-13T14:46:46.292+0000] {processor.py:161} INFO - Started process (PID=338) to work on /home/airflow/.local/lib/python3.10/site-packages/airflow/example_dags/tutorial_dag.py
[2025-06-13T14:46:46.293+0000] {processor.py:830} INFO - Processing file /home/airflow/.local/lib/python3.10/site-packages/airflow/example_dags/tutorial_dag.py for tasks to queue
[2025-06-13T14:46:46.294+0000] {logging_mixin.py:188} INFO - [2025-06-13T14:46:46.294+0000] {dagbag.py:540} INFO - Filling up the DagBag from /home/airflow/.local/lib/python3.10/site-packages/airflow/example_dags/tutorial_dag.py
[2025-06-13T14:46:46.300+0000] {processor.py:840} INFO - DAG(s) 'tutorial_dag' retrieved from /home/airflow/.local/lib/python3.10/site-packages/airflow/example_dags/tutorial_dag.py
[2025-06-13T14:46:46.317+0000] {logging_mixin.py:188} INFO - [2025-06-13T14:46:46.317+0000] {dag.py:3096} INFO - Sync 1 DAGs
[2025-06-13T14:46:46.326+0000] {logging_mixin.py:188} INFO - [2025-06-13T14:46:46.326+0000] {dag.py:3954} INFO - Setting next_dagrun for tutorial_dag to None, run_after=None
[2025-06-13T14:46:46.335+0000] {processor.py:183} INFO - Processing /home/airflow/.local/lib/python3.10/site-packages/airflow/example_dags/tutorial_dag.py took 0.047 seconds
[2025-06-13T14:47:17.877+0000] {processor.py:161} INFO - Started process (PID=398) to work on /home/airflow/.local/lib/python3.10/site-packages/airflow/example_dags/tutorial_dag.py
[2025-06-13T14:47:17.878+0000] {processor.py:830} INFO - Processing file /home/airflow/.local/lib/python3.10/site-packages/airflow/example_dags/tutorial_dag.py for tasks to queue
[2025-06-13T14:47:17.880+0000] {logging_mixin.py:188} INFO - [2025-06-13T14:47:17.879+0000] {dagbag.py:540} INFO - Filling up the DagBag from /home/airflow/.local/lib/python3.10/site-packages/airflow/example_dags/tutorial_dag.py
[2025-06-13T14:47:17.883+0000] {processor.py:840} INFO - DAG(s) 'tutorial_dag' retrieved from /home/airflow/.local/lib/python3.10/site-packages/airflow/example_dags/tutorial_dag.py
[2025-06-13T14:47:17.898+0000] {logging_mixin.py:188} INFO - [2025-06-13T14:47:17.898+0000] {dag.py:3096} INFO - Sync 1 DAGs
[2025-06-13T14:47:17.903+0000] {logging_mixin.py:188} INFO - [2025-06-13T14:47:17.903+0000] {dag.py:3954} INFO - Setting next_dagrun for tutorial_dag to None, run_after=None
[2025-06-13T14:47:17.917+0000] {processor.py:183} INFO - Processing /home/airflow/.local/lib/python3.10/site-packages/airflow/example_dags/tutorial_dag.py took 0.044 seconds
[2025-06-13T14:47:49.115+0000] {processor.py:161} INFO - Started process (PID=458) to work on /home/airflow/.local/lib/python3.10/site-packages/airflow/example_dags/tutorial_dag.py
[2025-06-13T14:47:49.116+0000] {processor.py:830} INFO - Processing file /home/airflow/.local/lib/python3.10/site-packages/airflow/example_dags/tutorial_dag.py for tasks to queue
[2025-06-13T14:47:49.117+0000] {logging_mixin.py:188} INFO - [2025-06-13T14:47:49.117+0000] {dagbag.py:540} INFO - Filling up the DagBag from /home/airflow/.local/lib/python3.10/site-packages/airflow/example_dags/tutorial_dag.py
[2025-06-13T14:47:49.123+0000] {processor.py:840} INFO - DAG(s) 'tutorial_dag' retrieved from /home/airflow/.local/lib/python3.10/site-packages/airflow/example_dags/tutorial_dag.py
[2025-06-13T14:47:49.141+0000] {logging_mixin.py:188} INFO - [2025-06-13T14:47:49.141+0000] {dag.py:3096} INFO - Sync 1 DAGs
[2025-06-13T14:47:49.150+0000] {logging_mixin.py:188} INFO - [2025-06-13T14:47:49.150+0000] {dag.py:3954} INFO - Setting next_dagrun for tutorial_dag to None, run_after=None
[2025-06-13T14:47:49.160+0000] {processor.py:183} INFO - Processing /home/airflow/.local/lib/python3.10/site-packages/airflow/example_dags/tutorial_dag.py took 0.051 seconds
[2025-06-13T14:48:19.833+0000] {processor.py:161} INFO - Started process (PID=518) to work on /home/airflow/.local/lib/python3.10/site-packages/airflow/example_dags/tutorial_dag.py
[2025-06-13T14:48:19.834+0000] {processor.py:830} INFO - Processing file /home/airflow/.local/lib/python3.10/site-packages/airflow/example_dags/tutorial_dag.py for tasks to queue
[2025-06-13T14:48:19.836+0000] {logging_mixin.py:188} INFO - [2025-06-13T14:48:19.836+0000] {dagbag.py:540} INFO - Filling up the DagBag from /home/airflow/.local/lib/python3.10/site-packages/airflow/example_dags/tutorial_dag.py
[2025-06-13T14:48:19.842+0000] {processor.py:840} INFO - DAG(s) 'tutorial_dag' retrieved from /home/airflow/.local/lib/python3.10/site-packages/airflow/example_dags/tutorial_dag.py
[2025-06-13T14:48:19.864+0000] {logging_mixin.py:188} INFO - [2025-06-13T14:48:19.864+0000] {dag.py:3096} INFO - Sync 1 DAGs
[2025-06-13T14:48:19.873+0000] {logging_mixin.py:188} INFO - [2025-06-13T14:48:19.872+0000] {dag.py:3954} INFO - Setting next_dagrun for tutorial_dag to None, run_after=None
[2025-06-13T14:48:19.886+0000] {processor.py:183} INFO - Processing /home/airflow/.local/lib/python3.10/site-packages/airflow/example_dags/tutorial_dag.py took 0.057 seconds
[2025-06-13T14:48:50.305+0000] {processor.py:161} INFO - Started process (PID=578) to work on /home/airflow/.local/lib/python3.10/site-packages/airflow/example_dags/tutorial_dag.py
[2025-06-13T14:48:50.307+0000] {processor.py:830} INFO - Processing file /home/airflow/.local/lib/python3.10/site-packages/airflow/example_dags/tutorial_dag.py for tasks to queue
[2025-06-13T14:48:50.308+0000] {logging_mixin.py:188} INFO - [2025-06-13T14:48:50.308+0000] {dagbag.py:540} INFO - Filling up the DagBag from /home/airflow/.local/lib/python3.10/site-packages/airflow/example_dags/tutorial_dag.py
[2025-06-13T14:48:50.313+0000] {processor.py:840} INFO - DAG(s) 'tutorial_dag' retrieved from /home/airflow/.local/lib/python3.10/site-packages/airflow/example_dags/tutorial_dag.py
[2025-06-13T14:48:50.332+0000] {logging_mixin.py:188} INFO - [2025-06-13T14:48:50.332+0000] {dag.py:3096} INFO - Sync 1 DAGs
[2025-06-13T14:48:50.340+0000] {logging_mixin.py:188} INFO - [2025-06-13T14:48:50.340+0000] {dag.py:3954} INFO - Setting next_dagrun for tutorial_dag to None, run_after=None
[2025-06-13T14:48:50.353+0000] {processor.py:183} INFO - Processing /home/airflow/.local/lib/python3.10/site-packages/airflow/example_dags/tutorial_dag.py took 0.054 seconds
[2025-06-13T14:49:20.847+0000] {processor.py:161} INFO - Started process (PID=638) to work on /home/airflow/.local/lib/python3.10/site-packages/airflow/example_dags/tutorial_dag.py
[2025-06-13T14:49:20.848+0000] {processor.py:830} INFO - Processing file /home/airflow/.local/lib/python3.10/site-packages/airflow/example_dags/tutorial_dag.py for tasks to queue
[2025-06-13T14:49:20.849+0000] {logging_mixin.py:188} INFO - [2025-06-13T14:49:20.849+0000] {dagbag.py:540} INFO - Filling up the DagBag from /home/airflow/.local/lib/python3.10/site-packages/airflow/example_dags/tutorial_dag.py
[2025-06-13T14:49:20.852+0000] {processor.py:840} INFO - DAG(s) 'tutorial_dag' retrieved from /home/airflow/.local/lib/python3.10/site-packages/airflow/example_dags/tutorial_dag.py
[2025-06-13T14:49:20.867+0000] {logging_mixin.py:188} INFO - [2025-06-13T14:49:20.866+0000] {dag.py:3096} INFO - Sync 1 DAGs
[2025-06-13T14:49:20.874+0000] {logging_mixin.py:188} INFO - [2025-06-13T14:49:20.873+0000] {dag.py:3954} INFO - Setting next_dagrun for tutorial_dag to None, run_after=None
[2025-06-13T14:49:20.890+0000] {processor.py:183} INFO - Processing /home/airflow/.local/lib/python3.10/site-packages/airflow/example_dags/tutorial_dag.py took 0.048 seconds
[2025-06-13T14:49:51.044+0000] {processor.py:161} INFO - Started process (PID=698) to work on /home/airflow/.local/lib/python3.10/site-packages/airflow/example_dags/tutorial_dag.py
[2025-06-13T14:49:51.045+0000] {processor.py:830} INFO - Processing file /home/airflow/.local/lib/python3.10/site-packages/airflow/example_dags/tutorial_dag.py for tasks to queue
[2025-06-13T14:49:51.046+0000] {logging_mixin.py:188} INFO - [2025-06-13T14:49:51.046+0000] {dagbag.py:540} INFO - Filling up the DagBag from /home/airflow/.local/lib/python3.10/site-packages/airflow/example_dags/tutorial_dag.py
[2025-06-13T14:49:51.049+0000] {processor.py:840} INFO - DAG(s) 'tutorial_dag' retrieved from /home/airflow/.local/lib/python3.10/site-packages/airflow/example_dags/tutorial_dag.py
[2025-06-13T14:49:51.060+0000] {logging_mixin.py:188} INFO - [2025-06-13T14:49:51.060+0000] {dag.py:3096} INFO - Sync 1 DAGs
[2025-06-13T14:49:51.067+0000] {logging_mixin.py:188} INFO - [2025-06-13T14:49:51.066+0000] {dag.py:3954} INFO - Setting next_dagrun for tutorial_dag to None, run_after=None
[2025-06-13T14:49:51.075+0000] {processor.py:183} INFO - Processing /home/airflow/.local/lib/python3.10/site-packages/airflow/example_dags/tutorial_dag.py took 0.035 seconds
[2025-06-13T14:50:21.378+0000] {processor.py:161} INFO - Started process (PID=756) to work on /home/airflow/.local/lib/python3.10/site-packages/airflow/example_dags/tutorial_dag.py
[2025-06-13T14:50:21.379+0000] {processor.py:830} INFO - Processing file /home/airflow/.local/lib/python3.10/site-packages/airflow/example_dags/tutorial_dag.py for tasks to queue
[2025-06-13T14:50:21.380+0000] {logging_mixin.py:188} INFO - [2025-06-13T14:50:21.380+0000] {dagbag.py:540} INFO - Filling up the DagBag from /home/airflow/.local/lib/python3.10/site-packages/airflow/example_dags/tutorial_dag.py
[2025-06-13T14:50:21.384+0000] {processor.py:840} INFO - DAG(s) 'tutorial_dag' retrieved from /home/airflow/.local/lib/python3.10/site-packages/airflow/example_dags/tutorial_dag.py
[2025-06-13T14:50:21.398+0000] {logging_mixin.py:188} INFO - [2025-06-13T14:50:21.398+0000] {dag.py:3096} INFO - Sync 1 DAGs
[2025-06-13T14:50:21.405+0000] {logging_mixin.py:188} INFO - [2025-06-13T14:50:21.404+0000] {dag.py:3954} INFO - Setting next_dagrun for tutorial_dag to None, run_after=None
[2025-06-13T14:50:21.418+0000] {processor.py:183} INFO - Processing /home/airflow/.local/lib/python3.10/site-packages/airflow/example_dags/tutorial_dag.py took 0.044 seconds
[2025-06-13T14:50:51.913+0000] {processor.py:161} INFO - Started process (PID=816) to work on /home/airflow/.local/lib/python3.10/site-packages/airflow/example_dags/tutorial_dag.py
[2025-06-13T14:50:51.914+0000] {processor.py:830} INFO - Processing file /home/airflow/.local/lib/python3.10/site-packages/airflow/example_dags/tutorial_dag.py for tasks to queue
[2025-06-13T14:50:51.915+0000] {logging_mixin.py:188} INFO - [2025-06-13T14:50:51.915+0000] {dagbag.py:540} INFO - Filling up the DagBag from /home/airflow/.local/lib/python3.10/site-packages/airflow/example_dags/tutorial_dag.py
[2025-06-13T14:50:51.918+0000] {processor.py:840} INFO - DAG(s) 'tutorial_dag' retrieved from /home/airflow/.local/lib/python3.10/site-packages/airflow/example_dags/tutorial_dag.py
[2025-06-13T14:50:51.930+0000] {logging_mixin.py:188} INFO - [2025-06-13T14:50:51.930+0000] {dag.py:3096} INFO - Sync 1 DAGs
[2025-06-13T14:50:51.936+0000] {logging_mixin.py:188} INFO - [2025-06-13T14:50:51.936+0000] {dag.py:3954} INFO - Setting next_dagrun for tutorial_dag to None, run_after=None
[2025-06-13T14:50:51.948+0000] {processor.py:183} INFO - Processing /home/airflow/.local/lib/python3.10/site-packages/airflow/example_dags/tutorial_dag.py took 0.039 seconds
[2025-06-13T14:51:22.669+0000] {processor.py:161} INFO - Started process (PID=876) to work on /home/airflow/.local/lib/python3.10/site-packages/airflow/example_dags/tutorial_dag.py
[2025-06-13T14:51:22.675+0000] {processor.py:830} INFO - Processing file /home/airflow/.local/lib/python3.10/site-packages/airflow/example_dags/tutorial_dag.py for tasks to queue
[2025-06-13T14:51:22.677+0000] {logging_mixin.py:188} INFO - [2025-06-13T14:51:22.676+0000] {dagbag.py:540} INFO - Filling up the DagBag from /home/airflow/.local/lib/python3.10/site-packages/airflow/example_dags/tutorial_dag.py
[2025-06-13T14:51:22.681+0000] {processor.py:840} INFO - DAG(s) 'tutorial_dag' retrieved from /home/airflow/.local/lib/python3.10/site-packages/airflow/example_dags/tutorial_dag.py
[2025-06-13T14:51:22.695+0000] {logging_mixin.py:188} INFO - [2025-06-13T14:51:22.694+0000] {dag.py:3096} INFO - Sync 1 DAGs
[2025-06-13T14:51:22.703+0000] {logging_mixin.py:188} INFO - [2025-06-13T14:51:22.703+0000] {dag.py:3954} INFO - Setting next_dagrun for tutorial_dag to None, run_after=None
[2025-06-13T14:51:22.714+0000] {processor.py:183} INFO - Processing /home/airflow/.local/lib/python3.10/site-packages/airflow/example_dags/tutorial_dag.py took 0.052 seconds
[2025-06-13T14:51:53.442+0000] {processor.py:161} INFO - Started process (PID=936) to work on /home/airflow/.local/lib/python3.10/site-packages/airflow/example_dags/tutorial_dag.py
[2025-06-13T14:51:53.442+0000] {processor.py:830} INFO - Processing file /home/airflow/.local/lib/python3.10/site-packages/airflow/example_dags/tutorial_dag.py for tasks to queue
[2025-06-13T14:51:53.444+0000] {logging_mixin.py:188} INFO - [2025-06-13T14:51:53.443+0000] {dagbag.py:540} INFO - Filling up the DagBag from /home/airflow/.local/lib/python3.10/site-packages/airflow/example_dags/tutorial_dag.py
[2025-06-13T14:51:53.446+0000] {processor.py:840} INFO - DAG(s) 'tutorial_dag' retrieved from /home/airflow/.local/lib/python3.10/site-packages/airflow/example_dags/tutorial_dag.py
[2025-06-13T14:51:53.458+0000] {logging_mixin.py:188} INFO - [2025-06-13T14:51:53.458+0000] {dag.py:3096} INFO - Sync 1 DAGs
[2025-06-13T14:51:53.467+0000] {logging_mixin.py:188} INFO - [2025-06-13T14:51:53.466+0000] {dag.py:3954} INFO - Setting next_dagrun for tutorial_dag to None, run_after=None
[2025-06-13T14:51:53.478+0000] {processor.py:183} INFO - Processing /home/airflow/.local/lib/python3.10/site-packages/airflow/example_dags/tutorial_dag.py took 0.039 seconds
[2025-06-13T14:52:23.793+0000] {processor.py:161} INFO - Started process (PID=996) to work on /home/airflow/.local/lib/python3.10/site-packages/airflow/example_dags/tutorial_dag.py
[2025-06-13T14:52:23.794+0000] {processor.py:830} INFO - Processing file /home/airflow/.local/lib/python3.10/site-packages/airflow/example_dags/tutorial_dag.py for tasks to queue
[2025-06-13T14:52:23.795+0000] {logging_mixin.py:188} INFO - [2025-06-13T14:52:23.795+0000] {dagbag.py:540} INFO - Filling up the DagBag from /home/airflow/.local/lib/python3.10/site-packages/airflow/example_dags/tutorial_dag.py
[2025-06-13T14:52:23.798+0000] {processor.py:840} INFO - DAG(s) 'tutorial_dag' retrieved from /home/airflow/.local/lib/python3.10/site-packages/airflow/example_dags/tutorial_dag.py
[2025-06-13T14:52:23.813+0000] {logging_mixin.py:188} INFO - [2025-06-13T14:52:23.813+0000] {dag.py:3096} INFO - Sync 1 DAGs
[2025-06-13T14:52:23.821+0000] {logging_mixin.py:188} INFO - [2025-06-13T14:52:23.821+0000] {dag.py:3954} INFO - Setting next_dagrun for tutorial_dag to None, run_after=None
[2025-06-13T14:52:23.837+0000] {processor.py:183} INFO - Processing /home/airflow/.local/lib/python3.10/site-packages/airflow/example_dags/tutorial_dag.py took 0.049 seconds
[2025-06-13T14:52:54.102+0000] {processor.py:161} INFO - Started process (PID=1056) to work on /home/airflow/.local/lib/python3.10/site-packages/airflow/example_dags/tutorial_dag.py
[2025-06-13T14:52:54.103+0000] {processor.py:830} INFO - Processing file /home/airflow/.local/lib/python3.10/site-packages/airflow/example_dags/tutorial_dag.py for tasks to queue
[2025-06-13T14:52:54.104+0000] {logging_mixin.py:188} INFO - [2025-06-13T14:52:54.104+0000] {dagbag.py:540} INFO - Filling up the DagBag from /home/airflow/.local/lib/python3.10/site-packages/airflow/example_dags/tutorial_dag.py
[2025-06-13T14:52:54.107+0000] {processor.py:840} INFO - DAG(s) 'tutorial_dag' retrieved from /home/airflow/.local/lib/python3.10/site-packages/airflow/example_dags/tutorial_dag.py
[2025-06-13T14:52:54.118+0000] {logging_mixin.py:188} INFO - [2025-06-13T14:52:54.118+0000] {dag.py:3096} INFO - Sync 1 DAGs
[2025-06-13T14:52:54.124+0000] {logging_mixin.py:188} INFO - [2025-06-13T14:52:54.124+0000] {dag.py:3954} INFO - Setting next_dagrun for tutorial_dag to None, run_after=None
[2025-06-13T14:52:54.133+0000] {processor.py:183} INFO - Processing /home/airflow/.local/lib/python3.10/site-packages/airflow/example_dags/tutorial_dag.py took 0.035 seconds
[2025-06-13T14:53:24.512+0000] {processor.py:161} INFO - Started process (PID=1116) to work on /home/airflow/.local/lib/python3.10/site-packages/airflow/example_dags/tutorial_dag.py
[2025-06-13T14:53:24.514+0000] {processor.py:830} INFO - Processing file /home/airflow/.local/lib/python3.10/site-packages/airflow/example_dags/tutorial_dag.py for tasks to queue
[2025-06-13T14:53:24.515+0000] {logging_mixin.py:188} INFO - [2025-06-13T14:53:24.515+0000] {dagbag.py:540} INFO - Filling up the DagBag from /home/airflow/.local/lib/python3.10/site-packages/airflow/example_dags/tutorial_dag.py
[2025-06-13T14:53:24.518+0000] {processor.py:840} INFO - DAG(s) 'tutorial_dag' retrieved from /home/airflow/.local/lib/python3.10/site-packages/airflow/example_dags/tutorial_dag.py
[2025-06-13T14:53:24.533+0000] {logging_mixin.py:188} INFO - [2025-06-13T14:53:24.533+0000] {dag.py:3096} INFO - Sync 1 DAGs
[2025-06-13T14:53:24.542+0000] {logging_mixin.py:188} INFO - [2025-06-13T14:53:24.542+0000] {dag.py:3954} INFO - Setting next_dagrun for tutorial_dag to None, run_after=None
[2025-06-13T14:53:24.557+0000] {processor.py:183} INFO - Processing /home/airflow/.local/lib/python3.10/site-packages/airflow/example_dags/tutorial_dag.py took 0.048 seconds
[2025-06-13T14:53:55.451+0000] {processor.py:161} INFO - Started process (PID=1176) to work on /home/airflow/.local/lib/python3.10/site-packages/airflow/example_dags/tutorial_dag.py
[2025-06-13T14:53:55.452+0000] {processor.py:830} INFO - Processing file /home/airflow/.local/lib/python3.10/site-packages/airflow/example_dags/tutorial_dag.py for tasks to queue
[2025-06-13T14:53:55.456+0000] {logging_mixin.py:188} INFO - [2025-06-13T14:53:55.456+0000] {dagbag.py:540} INFO - Filling up the DagBag from /home/airflow/.local/lib/python3.10/site-packages/airflow/example_dags/tutorial_dag.py
[2025-06-13T14:53:55.460+0000] {processor.py:840} INFO - DAG(s) 'tutorial_dag' retrieved from /home/airflow/.local/lib/python3.10/site-packages/airflow/example_dags/tutorial_dag.py
[2025-06-13T14:53:55.476+0000] {logging_mixin.py:188} INFO - [2025-06-13T14:53:55.476+0000] {dag.py:3096} INFO - Sync 1 DAGs
[2025-06-13T14:53:55.489+0000] {logging_mixin.py:188} INFO - [2025-06-13T14:53:55.489+0000] {dag.py:3954} INFO - Setting next_dagrun for tutorial_dag to None, run_after=None
[2025-06-13T14:53:55.506+0000] {processor.py:183} INFO - Processing /home/airflow/.local/lib/python3.10/site-packages/airflow/example_dags/tutorial_dag.py took 0.060 seconds
[2025-06-13T14:54:25.941+0000] {processor.py:161} INFO - Started process (PID=1236) to work on /home/airflow/.local/lib/python3.10/site-packages/airflow/example_dags/tutorial_dag.py
[2025-06-13T14:54:25.942+0000] {processor.py:830} INFO - Processing file /home/airflow/.local/lib/python3.10/site-packages/airflow/example_dags/tutorial_dag.py for tasks to queue
[2025-06-13T14:54:25.943+0000] {logging_mixin.py:188} INFO - [2025-06-13T14:54:25.943+0000] {dagbag.py:540} INFO - Filling up the DagBag from /home/airflow/.local/lib/python3.10/site-packages/airflow/example_dags/tutorial_dag.py
[2025-06-13T14:54:25.947+0000] {processor.py:840} INFO - DAG(s) 'tutorial_dag' retrieved from /home/airflow/.local/lib/python3.10/site-packages/airflow/example_dags/tutorial_dag.py
[2025-06-13T14:54:25.958+0000] {logging_mixin.py:188} INFO - [2025-06-13T14:54:25.958+0000] {dag.py:3096} INFO - Sync 1 DAGs
[2025-06-13T14:54:25.964+0000] {logging_mixin.py:188} INFO - [2025-06-13T14:54:25.964+0000] {dag.py:3954} INFO - Setting next_dagrun for tutorial_dag to None, run_after=None
[2025-06-13T14:54:25.972+0000] {processor.py:183} INFO - Processing /home/airflow/.local/lib/python3.10/site-packages/airflow/example_dags/tutorial_dag.py took 0.034 seconds
[2025-06-13T14:54:56.047+0000] {processor.py:161} INFO - Started process (PID=1296) to work on /home/airflow/.local/lib/python3.10/site-packages/airflow/example_dags/tutorial_dag.py
[2025-06-13T14:54:56.049+0000] {processor.py:830} INFO - Processing file /home/airflow/.local/lib/python3.10/site-packages/airflow/example_dags/tutorial_dag.py for tasks to queue
[2025-06-13T14:54:56.051+0000] {logging_mixin.py:188} INFO - [2025-06-13T14:54:56.051+0000] {dagbag.py:540} INFO - Filling up the DagBag from /home/airflow/.local/lib/python3.10/site-packages/airflow/example_dags/tutorial_dag.py
[2025-06-13T14:54:56.054+0000] {processor.py:840} INFO - DAG(s) 'tutorial_dag' retrieved from /home/airflow/.local/lib/python3.10/site-packages/airflow/example_dags/tutorial_dag.py
[2025-06-13T14:54:56.067+0000] {logging_mixin.py:188} INFO - [2025-06-13T14:54:56.067+0000] {dag.py:3096} INFO - Sync 1 DAGs
[2025-06-13T14:54:56.073+0000] {logging_mixin.py:188} INFO - [2025-06-13T14:54:56.072+0000] {dag.py:3954} INFO - Setting next_dagrun for tutorial_dag to None, run_after=None
[2025-06-13T14:54:56.081+0000] {processor.py:183} INFO - Processing /home/airflow/.local/lib/python3.10/site-packages/airflow/example_dags/tutorial_dag.py took 0.038 seconds
[2025-06-13T14:55:26.682+0000] {processor.py:161} INFO - Started process (PID=1356) to work on /home/airflow/.local/lib/python3.10/site-packages/airflow/example_dags/tutorial_dag.py
[2025-06-13T14:55:26.683+0000] {processor.py:830} INFO - Processing file /home/airflow/.local/lib/python3.10/site-packages/airflow/example_dags/tutorial_dag.py for tasks to queue
[2025-06-13T14:55:26.684+0000] {logging_mixin.py:188} INFO - [2025-06-13T14:55:26.684+0000] {dagbag.py:540} INFO - Filling up the DagBag from /home/airflow/.local/lib/python3.10/site-packages/airflow/example_dags/tutorial_dag.py
[2025-06-13T14:55:26.687+0000] {processor.py:840} INFO - DAG(s) 'tutorial_dag' retrieved from /home/airflow/.local/lib/python3.10/site-packages/airflow/example_dags/tutorial_dag.py
[2025-06-13T14:55:26.707+0000] {logging_mixin.py:188} INFO - [2025-06-13T14:55:26.706+0000] {dag.py:3096} INFO - Sync 1 DAGs
[2025-06-13T14:55:26.717+0000] {logging_mixin.py:188} INFO - [2025-06-13T14:55:26.717+0000] {dag.py:3954} INFO - Setting next_dagrun for tutorial_dag to None, run_after=None
[2025-06-13T14:55:26.729+0000] {processor.py:183} INFO - Processing /home/airflow/.local/lib/python3.10/site-packages/airflow/example_dags/tutorial_dag.py took 0.051 seconds
[2025-06-13T14:55:56.909+0000] {processor.py:161} INFO - Started process (PID=1416) to work on /home/airflow/.local/lib/python3.10/site-packages/airflow/example_dags/tutorial_dag.py
[2025-06-13T14:55:56.910+0000] {processor.py:830} INFO - Processing file /home/airflow/.local/lib/python3.10/site-packages/airflow/example_dags/tutorial_dag.py for tasks to queue
[2025-06-13T14:55:56.911+0000] {logging_mixin.py:188} INFO - [2025-06-13T14:55:56.911+0000] {dagbag.py:540} INFO - Filling up the DagBag from /home/airflow/.local/lib/python3.10/site-packages/airflow/example_dags/tutorial_dag.py
[2025-06-13T14:55:56.914+0000] {processor.py:840} INFO - DAG(s) 'tutorial_dag' retrieved from /home/airflow/.local/lib/python3.10/site-packages/airflow/example_dags/tutorial_dag.py
[2025-06-13T14:55:56.929+0000] {logging_mixin.py:188} INFO - [2025-06-13T14:55:56.929+0000] {dag.py:3096} INFO - Sync 1 DAGs
[2025-06-13T14:55:56.936+0000] {logging_mixin.py:188} INFO - [2025-06-13T14:55:56.936+0000] {dag.py:3954} INFO - Setting next_dagrun for tutorial_dag to None, run_after=None
[2025-06-13T14:55:56.945+0000] {processor.py:183} INFO - Processing /home/airflow/.local/lib/python3.10/site-packages/airflow/example_dags/tutorial_dag.py took 0.040 seconds
[2025-06-13T14:56:27.341+0000] {processor.py:161} INFO - Started process (PID=1476) to work on /home/airflow/.local/lib/python3.10/site-packages/airflow/example_dags/tutorial_dag.py
[2025-06-13T14:56:27.344+0000] {processor.py:830} INFO - Processing file /home/airflow/.local/lib/python3.10/site-packages/airflow/example_dags/tutorial_dag.py for tasks to queue
[2025-06-13T14:56:27.346+0000] {logging_mixin.py:188} INFO - [2025-06-13T14:56:27.346+0000] {dagbag.py:540} INFO - Filling up the DagBag from /home/airflow/.local/lib/python3.10/site-packages/airflow/example_dags/tutorial_dag.py
[2025-06-13T14:56:27.349+0000] {processor.py:840} INFO - DAG(s) 'tutorial_dag' retrieved from /home/airflow/.local/lib/python3.10/site-packages/airflow/example_dags/tutorial_dag.py
[2025-06-13T14:56:27.364+0000] {logging_mixin.py:188} INFO - [2025-06-13T14:56:27.364+0000] {dag.py:3096} INFO - Sync 1 DAGs
[2025-06-13T14:56:27.373+0000] {logging_mixin.py:188} INFO - [2025-06-13T14:56:27.372+0000] {dag.py:3954} INFO - Setting next_dagrun for tutorial_dag to None, run_after=None
[2025-06-13T14:56:27.386+0000] {processor.py:183} INFO - Processing /home/airflow/.local/lib/python3.10/site-packages/airflow/example_dags/tutorial_dag.py took 0.049 seconds
[2025-06-13T14:56:57.481+0000] {processor.py:161} INFO - Started process (PID=1535) to work on /home/airflow/.local/lib/python3.10/site-packages/airflow/example_dags/tutorial_dag.py
[2025-06-13T14:56:57.484+0000] {processor.py:830} INFO - Processing file /home/airflow/.local/lib/python3.10/site-packages/airflow/example_dags/tutorial_dag.py for tasks to queue
[2025-06-13T14:56:57.487+0000] {logging_mixin.py:188} INFO - [2025-06-13T14:56:57.487+0000] {dagbag.py:540} INFO - Filling up the DagBag from /home/airflow/.local/lib/python3.10/site-packages/airflow/example_dags/tutorial_dag.py
[2025-06-13T14:56:57.491+0000] {processor.py:840} INFO - DAG(s) 'tutorial_dag' retrieved from /home/airflow/.local/lib/python3.10/site-packages/airflow/example_dags/tutorial_dag.py
[2025-06-13T14:56:57.509+0000] {logging_mixin.py:188} INFO - [2025-06-13T14:56:57.509+0000] {dag.py:3096} INFO - Sync 1 DAGs
[2025-06-13T14:56:57.521+0000] {logging_mixin.py:188} INFO - [2025-06-13T14:56:57.521+0000] {dag.py:3954} INFO - Setting next_dagrun for tutorial_dag to None, run_after=None
[2025-06-13T14:56:57.534+0000] {processor.py:183} INFO - Processing /home/airflow/.local/lib/python3.10/site-packages/airflow/example_dags/tutorial_dag.py took 0.058 seconds
[2025-06-13T14:57:28.591+0000] {processor.py:161} INFO - Started process (PID=1596) to work on /home/airflow/.local/lib/python3.10/site-packages/airflow/example_dags/tutorial_dag.py
[2025-06-13T14:57:28.592+0000] {processor.py:830} INFO - Processing file /home/airflow/.local/lib/python3.10/site-packages/airflow/example_dags/tutorial_dag.py for tasks to queue
[2025-06-13T14:57:28.593+0000] {logging_mixin.py:188} INFO - [2025-06-13T14:57:28.593+0000] {dagbag.py:540} INFO - Filling up the DagBag from /home/airflow/.local/lib/python3.10/site-packages/airflow/example_dags/tutorial_dag.py
[2025-06-13T14:57:28.596+0000] {processor.py:840} INFO - DAG(s) 'tutorial_dag' retrieved from /home/airflow/.local/lib/python3.10/site-packages/airflow/example_dags/tutorial_dag.py
[2025-06-13T14:57:28.607+0000] {logging_mixin.py:188} INFO - [2025-06-13T14:57:28.606+0000] {dag.py:3096} INFO - Sync 1 DAGs
[2025-06-13T14:57:28.613+0000] {logging_mixin.py:188} INFO - [2025-06-13T14:57:28.613+0000] {dag.py:3954} INFO - Setting next_dagrun for tutorial_dag to None, run_after=None
[2025-06-13T14:57:28.633+0000] {processor.py:183} INFO - Processing /home/airflow/.local/lib/python3.10/site-packages/airflow/example_dags/tutorial_dag.py took 0.046 seconds
[2025-06-13T14:57:59.355+0000] {processor.py:161} INFO - Started process (PID=1656) to work on /home/airflow/.local/lib/python3.10/site-packages/airflow/example_dags/tutorial_dag.py
[2025-06-13T14:57:59.362+0000] {processor.py:830} INFO - Processing file /home/airflow/.local/lib/python3.10/site-packages/airflow/example_dags/tutorial_dag.py for tasks to queue
[2025-06-13T14:57:59.364+0000] {logging_mixin.py:188} INFO - [2025-06-13T14:57:59.364+0000] {dagbag.py:540} INFO - Filling up the DagBag from /home/airflow/.local/lib/python3.10/site-packages/airflow/example_dags/tutorial_dag.py
[2025-06-13T14:57:59.368+0000] {processor.py:840} INFO - DAG(s) 'tutorial_dag' retrieved from /home/airflow/.local/lib/python3.10/site-packages/airflow/example_dags/tutorial_dag.py
[2025-06-13T14:57:59.389+0000] {logging_mixin.py:188} INFO - [2025-06-13T14:57:59.389+0000] {dag.py:3096} INFO - Sync 1 DAGs
[2025-06-13T14:57:59.399+0000] {logging_mixin.py:188} INFO - [2025-06-13T14:57:59.399+0000] {dag.py:3954} INFO - Setting next_dagrun for tutorial_dag to None, run_after=None
[2025-06-13T14:57:59.420+0000] {processor.py:183} INFO - Processing /home/airflow/.local/lib/python3.10/site-packages/airflow/example_dags/tutorial_dag.py took 0.077 seconds
[2025-06-13T14:58:30.669+0000] {processor.py:161} INFO - Started process (PID=1716) to work on /home/airflow/.local/lib/python3.10/site-packages/airflow/example_dags/tutorial_dag.py
[2025-06-13T14:58:30.671+0000] {processor.py:830} INFO - Processing file /home/airflow/.local/lib/python3.10/site-packages/airflow/example_dags/tutorial_dag.py for tasks to queue
[2025-06-13T14:58:30.672+0000] {logging_mixin.py:188} INFO - [2025-06-13T14:58:30.672+0000] {dagbag.py:540} INFO - Filling up the DagBag from /home/airflow/.local/lib/python3.10/site-packages/airflow/example_dags/tutorial_dag.py
[2025-06-13T14:58:30.679+0000] {processor.py:840} INFO - DAG(s) 'tutorial_dag' retrieved from /home/airflow/.local/lib/python3.10/site-packages/airflow/example_dags/tutorial_dag.py
[2025-06-13T14:58:30.694+0000] {logging_mixin.py:188} INFO - [2025-06-13T14:58:30.694+0000] {dag.py:3096} INFO - Sync 1 DAGs
[2025-06-13T14:58:30.702+0000] {logging_mixin.py:188} INFO - [2025-06-13T14:58:30.701+0000] {dag.py:3954} INFO - Setting next_dagrun for tutorial_dag to None, run_after=None
[2025-06-13T14:58:30.715+0000] {processor.py:183} INFO - Processing /home/airflow/.local/lib/python3.10/site-packages/airflow/example_dags/tutorial_dag.py took 0.050 seconds
[2025-06-13T14:59:01.532+0000] {processor.py:161} INFO - Started process (PID=1776) to work on /home/airflow/.local/lib/python3.10/site-packages/airflow/example_dags/tutorial_dag.py
[2025-06-13T14:59:01.535+0000] {processor.py:830} INFO - Processing file /home/airflow/.local/lib/python3.10/site-packages/airflow/example_dags/tutorial_dag.py for tasks to queue
[2025-06-13T14:59:01.537+0000] {logging_mixin.py:188} INFO - [2025-06-13T14:59:01.536+0000] {dagbag.py:540} INFO - Filling up the DagBag from /home/airflow/.local/lib/python3.10/site-packages/airflow/example_dags/tutorial_dag.py
[2025-06-13T14:59:01.539+0000] {processor.py:840} INFO - DAG(s) 'tutorial_dag' retrieved from /home/airflow/.local/lib/python3.10/site-packages/airflow/example_dags/tutorial_dag.py
[2025-06-13T14:59:01.557+0000] {logging_mixin.py:188} INFO - [2025-06-13T14:59:01.556+0000] {dag.py:3096} INFO - Sync 1 DAGs
[2025-06-13T14:59:01.566+0000] {logging_mixin.py:188} INFO - [2025-06-13T14:59:01.566+0000] {dag.py:3954} INFO - Setting next_dagrun for tutorial_dag to None, run_after=None
[2025-06-13T14:59:01.578+0000] {processor.py:183} INFO - Processing /home/airflow/.local/lib/python3.10/site-packages/airflow/example_dags/tutorial_dag.py took 0.050 seconds
[2025-06-13T14:59:31.865+0000] {processor.py:161} INFO - Started process (PID=1836) to work on /home/airflow/.local/lib/python3.10/site-packages/airflow/example_dags/tutorial_dag.py
[2025-06-13T14:59:31.868+0000] {processor.py:830} INFO - Processing file /home/airflow/.local/lib/python3.10/site-packages/airflow/example_dags/tutorial_dag.py for tasks to queue
[2025-06-13T14:59:31.869+0000] {logging_mixin.py:188} INFO - [2025-06-13T14:59:31.869+0000] {dagbag.py:540} INFO - Filling up the DagBag from /home/airflow/.local/lib/python3.10/site-packages/airflow/example_dags/tutorial_dag.py
[2025-06-13T14:59:31.873+0000] {processor.py:840} INFO - DAG(s) 'tutorial_dag' retrieved from /home/airflow/.local/lib/python3.10/site-packages/airflow/example_dags/tutorial_dag.py
[2025-06-13T14:59:31.884+0000] {logging_mixin.py:188} INFO - [2025-06-13T14:59:31.884+0000] {dag.py:3096} INFO - Sync 1 DAGs
[2025-06-13T14:59:31.890+0000] {logging_mixin.py:188} INFO - [2025-06-13T14:59:31.890+0000] {dag.py:3954} INFO - Setting next_dagrun for tutorial_dag to None, run_after=None
[2025-06-13T14:59:31.902+0000] {processor.py:183} INFO - Processing /home/airflow/.local/lib/python3.10/site-packages/airflow/example_dags/tutorial_dag.py took 0.040 seconds
[2025-06-13T15:00:02.872+0000] {processor.py:161} INFO - Started process (PID=1896) to work on /home/airflow/.local/lib/python3.10/site-packages/airflow/example_dags/tutorial_dag.py
[2025-06-13T15:00:02.873+0000] {processor.py:830} INFO - Processing file /home/airflow/.local/lib/python3.10/site-packages/airflow/example_dags/tutorial_dag.py for tasks to queue
[2025-06-13T15:00:02.874+0000] {logging_mixin.py:188} INFO - [2025-06-13T15:00:02.874+0000] {dagbag.py:540} INFO - Filling up the DagBag from /home/airflow/.local/lib/python3.10/site-packages/airflow/example_dags/tutorial_dag.py
[2025-06-13T15:00:02.877+0000] {processor.py:840} INFO - DAG(s) 'tutorial_dag' retrieved from /home/airflow/.local/lib/python3.10/site-packages/airflow/example_dags/tutorial_dag.py
[2025-06-13T15:00:02.895+0000] {logging_mixin.py:188} INFO - [2025-06-13T15:00:02.895+0000] {dag.py:3096} INFO - Sync 1 DAGs
[2025-06-13T15:00:02.907+0000] {logging_mixin.py:188} INFO - [2025-06-13T15:00:02.906+0000] {dag.py:3954} INFO - Setting next_dagrun for tutorial_dag to None, run_after=None
[2025-06-13T15:00:02.921+0000] {processor.py:183} INFO - Processing /home/airflow/.local/lib/python3.10/site-packages/airflow/example_dags/tutorial_dag.py took 0.053 seconds
[2025-06-13T15:00:33.268+0000] {processor.py:161} INFO - Started process (PID=1956) to work on /home/airflow/.local/lib/python3.10/site-packages/airflow/example_dags/tutorial_dag.py
[2025-06-13T15:00:33.274+0000] {processor.py:830} INFO - Processing file /home/airflow/.local/lib/python3.10/site-packages/airflow/example_dags/tutorial_dag.py for tasks to queue
[2025-06-13T15:00:33.275+0000] {logging_mixin.py:188} INFO - [2025-06-13T15:00:33.275+0000] {dagbag.py:540} INFO - Filling up the DagBag from /home/airflow/.local/lib/python3.10/site-packages/airflow/example_dags/tutorial_dag.py
[2025-06-13T15:00:33.278+0000] {processor.py:840} INFO - DAG(s) 'tutorial_dag' retrieved from /home/airflow/.local/lib/python3.10/site-packages/airflow/example_dags/tutorial_dag.py
[2025-06-13T15:00:33.293+0000] {logging_mixin.py:188} INFO - [2025-06-13T15:00:33.293+0000] {dag.py:3096} INFO - Sync 1 DAGs
[2025-06-13T15:00:33.302+0000] {logging_mixin.py:188} INFO - [2025-06-13T15:00:33.301+0000] {dag.py:3954} INFO - Setting next_dagrun for tutorial_dag to None, run_after=None
[2025-06-13T15:00:33.336+0000] {processor.py:183} INFO - Processing /home/airflow/.local/lib/python3.10/site-packages/airflow/example_dags/tutorial_dag.py took 0.073 seconds
[2025-06-13T15:01:03.854+0000] {processor.py:161} INFO - Started process (PID=2016) to work on /home/airflow/.local/lib/python3.10/site-packages/airflow/example_dags/tutorial_dag.py
[2025-06-13T15:01:03.856+0000] {processor.py:830} INFO - Processing file /home/airflow/.local/lib/python3.10/site-packages/airflow/example_dags/tutorial_dag.py for tasks to queue
[2025-06-13T15:01:03.857+0000] {logging_mixin.py:188} INFO - [2025-06-13T15:01:03.857+0000] {dagbag.py:540} INFO - Filling up the DagBag from /home/airflow/.local/lib/python3.10/site-packages/airflow/example_dags/tutorial_dag.py
[2025-06-13T15:01:03.860+0000] {processor.py:840} INFO - DAG(s) 'tutorial_dag' retrieved from /home/airflow/.local/lib/python3.10/site-packages/airflow/example_dags/tutorial_dag.py
[2025-06-13T15:01:03.871+0000] {logging_mixin.py:188} INFO - [2025-06-13T15:01:03.871+0000] {dag.py:3096} INFO - Sync 1 DAGs
[2025-06-13T15:01:03.879+0000] {logging_mixin.py:188} INFO - [2025-06-13T15:01:03.879+0000] {dag.py:3954} INFO - Setting next_dagrun for tutorial_dag to None, run_after=None
[2025-06-13T15:01:03.890+0000] {processor.py:183} INFO - Processing /home/airflow/.local/lib/python3.10/site-packages/airflow/example_dags/tutorial_dag.py took 0.039 seconds
[2025-06-13T15:01:34.203+0000] {processor.py:161} INFO - Started process (PID=2076) to work on /home/airflow/.local/lib/python3.10/site-packages/airflow/example_dags/tutorial_dag.py
[2025-06-13T15:01:34.204+0000] {processor.py:830} INFO - Processing file /home/airflow/.local/lib/python3.10/site-packages/airflow/example_dags/tutorial_dag.py for tasks to queue
[2025-06-13T15:01:34.206+0000] {logging_mixin.py:188} INFO - [2025-06-13T15:01:34.206+0000] {dagbag.py:540} INFO - Filling up the DagBag from /home/airflow/.local/lib/python3.10/site-packages/airflow/example_dags/tutorial_dag.py
[2025-06-13T15:01:34.210+0000] {processor.py:840} INFO - DAG(s) 'tutorial_dag' retrieved from /home/airflow/.local/lib/python3.10/site-packages/airflow/example_dags/tutorial_dag.py
[2025-06-13T15:01:34.229+0000] {logging_mixin.py:188} INFO - [2025-06-13T15:01:34.229+0000] {dag.py:3096} INFO - Sync 1 DAGs
[2025-06-13T15:01:34.238+0000] {logging_mixin.py:188} INFO - [2025-06-13T15:01:34.238+0000] {dag.py:3954} INFO - Setting next_dagrun for tutorial_dag to None, run_after=None
[2025-06-13T15:01:34.256+0000] {processor.py:183} INFO - Processing /home/airflow/.local/lib/python3.10/site-packages/airflow/example_dags/tutorial_dag.py took 0.057 seconds
[2025-06-13T15:02:04.583+0000] {processor.py:161} INFO - Started process (PID=2136) to work on /home/airflow/.local/lib/python3.10/site-packages/airflow/example_dags/tutorial_dag.py
[2025-06-13T15:02:04.584+0000] {processor.py:830} INFO - Processing file /home/airflow/.local/lib/python3.10/site-packages/airflow/example_dags/tutorial_dag.py for tasks to queue
[2025-06-13T15:02:04.585+0000] {logging_mixin.py:188} INFO - [2025-06-13T15:02:04.585+0000] {dagbag.py:540} INFO - Filling up the DagBag from /home/airflow/.local/lib/python3.10/site-packages/airflow/example_dags/tutorial_dag.py
[2025-06-13T15:02:04.588+0000] {processor.py:840} INFO - DAG(s) 'tutorial_dag' retrieved from /home/airflow/.local/lib/python3.10/site-packages/airflow/example_dags/tutorial_dag.py
[2025-06-13T15:02:04.602+0000] {logging_mixin.py:188} INFO - [2025-06-13T15:02:04.602+0000] {dag.py:3096} INFO - Sync 1 DAGs
[2025-06-13T15:02:04.609+0000] {logging_mixin.py:188} INFO - [2025-06-13T15:02:04.609+0000] {dag.py:3954} INFO - Setting next_dagrun for tutorial_dag to None, run_after=None
[2025-06-13T15:02:04.620+0000] {processor.py:183} INFO - Processing /home/airflow/.local/lib/python3.10/site-packages/airflow/example_dags/tutorial_dag.py took 0.041 seconds
[2025-06-13T15:02:35.170+0000] {processor.py:161} INFO - Started process (PID=2196) to work on /home/airflow/.local/lib/python3.10/site-packages/airflow/example_dags/tutorial_dag.py
[2025-06-13T15:02:35.171+0000] {processor.py:830} INFO - Processing file /home/airflow/.local/lib/python3.10/site-packages/airflow/example_dags/tutorial_dag.py for tasks to queue
[2025-06-13T15:02:35.172+0000] {logging_mixin.py:188} INFO - [2025-06-13T15:02:35.172+0000] {dagbag.py:540} INFO - Filling up the DagBag from /home/airflow/.local/lib/python3.10/site-packages/airflow/example_dags/tutorial_dag.py
[2025-06-13T15:02:35.176+0000] {processor.py:840} INFO - DAG(s) 'tutorial_dag' retrieved from /home/airflow/.local/lib/python3.10/site-packages/airflow/example_dags/tutorial_dag.py
[2025-06-13T15:02:35.188+0000] {logging_mixin.py:188} INFO - [2025-06-13T15:02:35.188+0000] {dag.py:3096} INFO - Sync 1 DAGs
[2025-06-13T15:02:35.199+0000] {logging_mixin.py:188} INFO - [2025-06-13T15:02:35.199+0000] {dag.py:3954} INFO - Setting next_dagrun for tutorial_dag to None, run_after=None
[2025-06-13T15:02:35.214+0000] {processor.py:183} INFO - Processing /home/airflow/.local/lib/python3.10/site-packages/airflow/example_dags/tutorial_dag.py took 0.049 seconds
[2025-06-13T15:03:05.679+0000] {processor.py:161} INFO - Started process (PID=2255) to work on /home/airflow/.local/lib/python3.10/site-packages/airflow/example_dags/tutorial_dag.py
[2025-06-13T15:03:05.680+0000] {processor.py:830} INFO - Processing file /home/airflow/.local/lib/python3.10/site-packages/airflow/example_dags/tutorial_dag.py for tasks to queue
[2025-06-13T15:03:05.681+0000] {logging_mixin.py:188} INFO - [2025-06-13T15:03:05.681+0000] {dagbag.py:540} INFO - Filling up the DagBag from /home/airflow/.local/lib/python3.10/site-packages/airflow/example_dags/tutorial_dag.py
[2025-06-13T15:03:05.684+0000] {processor.py:840} INFO - DAG(s) 'tutorial_dag' retrieved from /home/airflow/.local/lib/python3.10/site-packages/airflow/example_dags/tutorial_dag.py
[2025-06-13T15:03:05.703+0000] {logging_mixin.py:188} INFO - [2025-06-13T15:03:05.702+0000] {dag.py:3096} INFO - Sync 1 DAGs
[2025-06-13T15:03:05.713+0000] {logging_mixin.py:188} INFO - [2025-06-13T15:03:05.713+0000] {dag.py:3954} INFO - Setting next_dagrun for tutorial_dag to None, run_after=None
[2025-06-13T15:03:05.724+0000] {processor.py:183} INFO - Processing /home/airflow/.local/lib/python3.10/site-packages/airflow/example_dags/tutorial_dag.py took 0.051 seconds
[2025-06-13T15:03:35.817+0000] {processor.py:161} INFO - Started process (PID=2315) to work on /home/airflow/.local/lib/python3.10/site-packages/airflow/example_dags/tutorial_dag.py
[2025-06-13T15:03:35.822+0000] {processor.py:830} INFO - Processing file /home/airflow/.local/lib/python3.10/site-packages/airflow/example_dags/tutorial_dag.py for tasks to queue
[2025-06-13T15:03:35.824+0000] {logging_mixin.py:188} INFO - [2025-06-13T15:03:35.824+0000] {dagbag.py:540} INFO - Filling up the DagBag from /home/airflow/.local/lib/python3.10/site-packages/airflow/example_dags/tutorial_dag.py
[2025-06-13T15:03:35.830+0000] {processor.py:840} INFO - DAG(s) 'tutorial_dag' retrieved from /home/airflow/.local/lib/python3.10/site-packages/airflow/example_dags/tutorial_dag.py
[2025-06-13T15:03:35.843+0000] {logging_mixin.py:188} INFO - [2025-06-13T15:03:35.842+0000] {dag.py:3096} INFO - Sync 1 DAGs
[2025-06-13T15:03:35.849+0000] {logging_mixin.py:188} INFO - [2025-06-13T15:03:35.849+0000] {dag.py:3954} INFO - Setting next_dagrun for tutorial_dag to None, run_after=None
[2025-06-13T15:03:35.858+0000] {processor.py:183} INFO - Processing /home/airflow/.local/lib/python3.10/site-packages/airflow/example_dags/tutorial_dag.py took 0.045 seconds
[2025-06-13T15:04:06.359+0000] {processor.py:161} INFO - Started process (PID=2375) to work on /home/airflow/.local/lib/python3.10/site-packages/airflow/example_dags/tutorial_dag.py
[2025-06-13T15:04:06.360+0000] {processor.py:830} INFO - Processing file /home/airflow/.local/lib/python3.10/site-packages/airflow/example_dags/tutorial_dag.py for tasks to queue
[2025-06-13T15:04:06.362+0000] {logging_mixin.py:188} INFO - [2025-06-13T15:04:06.361+0000] {dagbag.py:540} INFO - Filling up the DagBag from /home/airflow/.local/lib/python3.10/site-packages/airflow/example_dags/tutorial_dag.py
[2025-06-13T15:04:06.366+0000] {processor.py:840} INFO - DAG(s) 'tutorial_dag' retrieved from /home/airflow/.local/lib/python3.10/site-packages/airflow/example_dags/tutorial_dag.py
[2025-06-13T15:04:06.381+0000] {logging_mixin.py:188} INFO - [2025-06-13T15:04:06.381+0000] {dag.py:3096} INFO - Sync 1 DAGs
[2025-06-13T15:04:06.390+0000] {logging_mixin.py:188} INFO - [2025-06-13T15:04:06.390+0000] {dag.py:3954} INFO - Setting next_dagrun for tutorial_dag to None, run_after=None
[2025-06-13T15:04:06.401+0000] {processor.py:183} INFO - Processing /home/airflow/.local/lib/python3.10/site-packages/airflow/example_dags/tutorial_dag.py took 0.046 seconds
[2025-06-13T15:04:36.893+0000] {processor.py:161} INFO - Started process (PID=2435) to work on /home/airflow/.local/lib/python3.10/site-packages/airflow/example_dags/tutorial_dag.py
[2025-06-13T15:04:36.894+0000] {processor.py:830} INFO - Processing file /home/airflow/.local/lib/python3.10/site-packages/airflow/example_dags/tutorial_dag.py for tasks to queue
[2025-06-13T15:04:36.895+0000] {logging_mixin.py:188} INFO - [2025-06-13T15:04:36.895+0000] {dagbag.py:540} INFO - Filling up the DagBag from /home/airflow/.local/lib/python3.10/site-packages/airflow/example_dags/tutorial_dag.py
[2025-06-13T15:04:36.899+0000] {processor.py:840} INFO - DAG(s) 'tutorial_dag' retrieved from /home/airflow/.local/lib/python3.10/site-packages/airflow/example_dags/tutorial_dag.py
[2025-06-13T15:04:36.915+0000] {logging_mixin.py:188} INFO - [2025-06-13T15:04:36.915+0000] {dag.py:3096} INFO - Sync 1 DAGs
[2025-06-13T15:04:36.922+0000] {logging_mixin.py:188} INFO - [2025-06-13T15:04:36.922+0000] {dag.py:3954} INFO - Setting next_dagrun for tutorial_dag to None, run_after=None
[2025-06-13T15:04:36.934+0000] {processor.py:183} INFO - Processing /home/airflow/.local/lib/python3.10/site-packages/airflow/example_dags/tutorial_dag.py took 0.044 seconds
[2025-06-13T15:05:08.321+0000] {processor.py:161} INFO - Started process (PID=2495) to work on /home/airflow/.local/lib/python3.10/site-packages/airflow/example_dags/tutorial_dag.py
[2025-06-13T15:05:08.325+0000] {processor.py:830} INFO - Processing file /home/airflow/.local/lib/python3.10/site-packages/airflow/example_dags/tutorial_dag.py for tasks to queue
[2025-06-13T15:05:08.327+0000] {logging_mixin.py:188} INFO - [2025-06-13T15:05:08.327+0000] {dagbag.py:540} INFO - Filling up the DagBag from /home/airflow/.local/lib/python3.10/site-packages/airflow/example_dags/tutorial_dag.py
[2025-06-13T15:05:08.330+0000] {processor.py:840} INFO - DAG(s) 'tutorial_dag' retrieved from /home/airflow/.local/lib/python3.10/site-packages/airflow/example_dags/tutorial_dag.py
[2025-06-13T15:05:08.347+0000] {logging_mixin.py:188} INFO - [2025-06-13T15:05:08.347+0000] {dag.py:3096} INFO - Sync 1 DAGs
[2025-06-13T15:05:08.554+0000] {logging_mixin.py:188} INFO - [2025-06-13T15:05:08.554+0000] {dag.py:3954} INFO - Setting next_dagrun for tutorial_dag to None, run_after=None
[2025-06-13T15:05:08.566+0000] {processor.py:183} INFO - Processing /home/airflow/.local/lib/python3.10/site-packages/airflow/example_dags/tutorial_dag.py took 0.249 seconds
