[2025-06-13T14:33:24.131+0000] {processor.py:161} INFO - Started process (PID=57) to work on /home/airflow/.local/lib/python3.10/site-packages/airflow/example_dags/tutorial.py
[2025-06-13T14:33:24.141+0000] {processor.py:830} INFO - Processing file /home/airflow/.local/lib/python3.10/site-packages/airflow/example_dags/tutorial.py for tasks to queue
[2025-06-13T14:33:24.146+0000] {logging_mixin.py:188} INFO - [2025-06-13T14:33:24.145+0000] {dagbag.py:540} INFO - Filling up the DagBag from /home/airflow/.local/lib/python3.10/site-packages/airflow/example_dags/tutorial.py
[2025-06-13T14:33:24.162+0000] {processor.py:840} INFO - DAG(s) 'tutorial' retrieved from /home/airflow/.local/lib/python3.10/site-packages/airflow/example_dags/tutorial.py
[2025-06-13T14:33:24.178+0000] {logging_mixin.py:188} INFO - [2025-06-13T14:33:24.177+0000] {dag.py:3096} INFO - Sync 1 DAGs
[2025-06-13T14:33:24.200+0000] {logging_mixin.py:188} INFO - [2025-06-13T14:33:24.200+0000] {dag.py:3954} INFO - Setting next_dagrun for tutorial to 2025-06-12 00:00:00+00:00, run_after=2025-06-13 00:00:00+00:00
[2025-06-13T14:33:24.290+0000] {processor.py:183} INFO - Processing /home/airflow/.local/lib/python3.10/site-packages/airflow/example_dags/tutorial.py took 0.185 seconds
[2025-06-13T14:33:54.541+0000] {processor.py:161} INFO - Started process (PID=114) to work on /home/airflow/.local/lib/python3.10/site-packages/airflow/example_dags/tutorial.py
[2025-06-13T14:33:54.543+0000] {processor.py:830} INFO - Processing file /home/airflow/.local/lib/python3.10/site-packages/airflow/example_dags/tutorial.py for tasks to queue
[2025-06-13T14:33:54.544+0000] {logging_mixin.py:188} INFO - [2025-06-13T14:33:54.544+0000] {dagbag.py:540} INFO - Filling up the DagBag from /home/airflow/.local/lib/python3.10/site-packages/airflow/example_dags/tutorial.py
[2025-06-13T14:33:54.548+0000] {processor.py:840} INFO - DAG(s) 'tutorial' retrieved from /home/airflow/.local/lib/python3.10/site-packages/airflow/example_dags/tutorial.py
[2025-06-13T14:33:54.594+0000] {logging_mixin.py:188} INFO - [2025-06-13T14:33:54.594+0000] {dag.py:3096} INFO - Sync 1 DAGs
[2025-06-13T14:33:54.605+0000] {logging_mixin.py:188} INFO - [2025-06-13T14:33:54.605+0000] {dag.py:3954} INFO - Setting next_dagrun for tutorial to 2025-06-12 00:00:00+00:00, run_after=2025-06-13 00:00:00+00:00
[2025-06-13T14:33:54.620+0000] {processor.py:183} INFO - Processing /home/airflow/.local/lib/python3.10/site-packages/airflow/example_dags/tutorial.py took 0.082 seconds
[2025-06-13T14:34:25.338+0000] {processor.py:161} INFO - Started process (PID=172) to work on /home/airflow/.local/lib/python3.10/site-packages/airflow/example_dags/tutorial.py
[2025-06-13T14:34:25.339+0000] {processor.py:830} INFO - Processing file /home/airflow/.local/lib/python3.10/site-packages/airflow/example_dags/tutorial.py for tasks to queue
[2025-06-13T14:34:25.341+0000] {logging_mixin.py:188} INFO - [2025-06-13T14:34:25.341+0000] {dagbag.py:540} INFO - Filling up the DagBag from /home/airflow/.local/lib/python3.10/site-packages/airflow/example_dags/tutorial.py
[2025-06-13T14:34:25.345+0000] {processor.py:840} INFO - DAG(s) 'tutorial' retrieved from /home/airflow/.local/lib/python3.10/site-packages/airflow/example_dags/tutorial.py
[2025-06-13T14:34:25.358+0000] {logging_mixin.py:188} INFO - [2025-06-13T14:34:25.358+0000] {dag.py:3096} INFO - Sync 1 DAGs
[2025-06-13T14:34:25.369+0000] {logging_mixin.py:188} INFO - [2025-06-13T14:34:25.369+0000] {dag.py:3954} INFO - Setting next_dagrun for tutorial to 2025-06-12 00:00:00+00:00, run_after=2025-06-13 00:00:00+00:00
[2025-06-13T14:34:25.382+0000] {processor.py:183} INFO - Processing /home/airflow/.local/lib/python3.10/site-packages/airflow/example_dags/tutorial.py took 0.048 seconds
[2025-06-13T14:34:55.765+0000] {processor.py:161} INFO - Started process (PID=230) to work on /home/airflow/.local/lib/python3.10/site-packages/airflow/example_dags/tutorial.py
[2025-06-13T14:34:55.766+0000] {processor.py:830} INFO - Processing file /home/airflow/.local/lib/python3.10/site-packages/airflow/example_dags/tutorial.py for tasks to queue
[2025-06-13T14:34:55.767+0000] {logging_mixin.py:188} INFO - [2025-06-13T14:34:55.767+0000] {dagbag.py:540} INFO - Filling up the DagBag from /home/airflow/.local/lib/python3.10/site-packages/airflow/example_dags/tutorial.py
[2025-06-13T14:34:55.770+0000] {processor.py:840} INFO - DAG(s) 'tutorial' retrieved from /home/airflow/.local/lib/python3.10/site-packages/airflow/example_dags/tutorial.py
[2025-06-13T14:34:55.780+0000] {logging_mixin.py:188} INFO - [2025-06-13T14:34:55.780+0000] {dag.py:3096} INFO - Sync 1 DAGs
[2025-06-13T14:34:55.793+0000] {logging_mixin.py:188} INFO - [2025-06-13T14:34:55.793+0000] {dag.py:3954} INFO - Setting next_dagrun for tutorial to 2025-06-12 00:00:00+00:00, run_after=2025-06-13 00:00:00+00:00
[2025-06-13T14:34:55.809+0000] {processor.py:183} INFO - Processing /home/airflow/.local/lib/python3.10/site-packages/airflow/example_dags/tutorial.py took 0.047 seconds
[2025-06-13T14:35:26.375+0000] {processor.py:161} INFO - Started process (PID=288) to work on /home/airflow/.local/lib/python3.10/site-packages/airflow/example_dags/tutorial.py
[2025-06-13T14:35:26.376+0000] {processor.py:830} INFO - Processing file /home/airflow/.local/lib/python3.10/site-packages/airflow/example_dags/tutorial.py for tasks to queue
[2025-06-13T14:35:26.377+0000] {logging_mixin.py:188} INFO - [2025-06-13T14:35:26.377+0000] {dagbag.py:540} INFO - Filling up the DagBag from /home/airflow/.local/lib/python3.10/site-packages/airflow/example_dags/tutorial.py
[2025-06-13T14:35:26.380+0000] {processor.py:840} INFO - DAG(s) 'tutorial' retrieved from /home/airflow/.local/lib/python3.10/site-packages/airflow/example_dags/tutorial.py
[2025-06-13T14:35:26.396+0000] {logging_mixin.py:188} INFO - [2025-06-13T14:35:26.395+0000] {dag.py:3096} INFO - Sync 1 DAGs
[2025-06-13T14:35:26.409+0000] {logging_mixin.py:188} INFO - [2025-06-13T14:35:26.409+0000] {dag.py:3954} INFO - Setting next_dagrun for tutorial to 2025-06-12 00:00:00+00:00, run_after=2025-06-13 00:00:00+00:00
[2025-06-13T14:35:26.423+0000] {processor.py:183} INFO - Processing /home/airflow/.local/lib/python3.10/site-packages/airflow/example_dags/tutorial.py took 0.052 seconds
[2025-06-13T14:35:57.512+0000] {processor.py:161} INFO - Started process (PID=346) to work on /home/airflow/.local/lib/python3.10/site-packages/airflow/example_dags/tutorial.py
[2025-06-13T14:35:57.516+0000] {processor.py:830} INFO - Processing file /home/airflow/.local/lib/python3.10/site-packages/airflow/example_dags/tutorial.py for tasks to queue
[2025-06-13T14:35:57.523+0000] {logging_mixin.py:188} INFO - [2025-06-13T14:35:57.522+0000] {dagbag.py:540} INFO - Filling up the DagBag from /home/airflow/.local/lib/python3.10/site-packages/airflow/example_dags/tutorial.py
[2025-06-13T14:35:57.529+0000] {processor.py:840} INFO - DAG(s) 'tutorial' retrieved from /home/airflow/.local/lib/python3.10/site-packages/airflow/example_dags/tutorial.py
[2025-06-13T14:35:57.569+0000] {logging_mixin.py:188} INFO - [2025-06-13T14:35:57.569+0000] {dag.py:3096} INFO - Sync 1 DAGs
[2025-06-13T14:35:57.826+0000] {logging_mixin.py:188} INFO - [2025-06-13T14:35:57.825+0000] {dag.py:3954} INFO - Setting next_dagrun for tutorial to 2025-06-12 00:00:00+00:00, run_after=2025-06-13 00:00:00+00:00
[2025-06-13T14:35:57.880+0000] {processor.py:183} INFO - Processing /home/airflow/.local/lib/python3.10/site-packages/airflow/example_dags/tutorial.py took 0.384 seconds
[2025-06-13T14:36:28.511+0000] {processor.py:161} INFO - Started process (PID=410) to work on /home/airflow/.local/lib/python3.10/site-packages/airflow/example_dags/tutorial.py
[2025-06-13T14:36:28.512+0000] {processor.py:830} INFO - Processing file /home/airflow/.local/lib/python3.10/site-packages/airflow/example_dags/tutorial.py for tasks to queue
[2025-06-13T14:36:28.514+0000] {logging_mixin.py:188} INFO - [2025-06-13T14:36:28.514+0000] {dagbag.py:540} INFO - Filling up the DagBag from /home/airflow/.local/lib/python3.10/site-packages/airflow/example_dags/tutorial.py
[2025-06-13T14:36:28.519+0000] {processor.py:840} INFO - DAG(s) 'tutorial' retrieved from /home/airflow/.local/lib/python3.10/site-packages/airflow/example_dags/tutorial.py
[2025-06-13T14:36:28.530+0000] {logging_mixin.py:188} INFO - [2025-06-13T14:36:28.530+0000] {dag.py:3096} INFO - Sync 1 DAGs
[2025-06-13T14:36:28.541+0000] {logging_mixin.py:188} INFO - [2025-06-13T14:36:28.541+0000] {dag.py:3954} INFO - Setting next_dagrun for tutorial to 2025-06-12 00:00:00+00:00, run_after=2025-06-13 00:00:00+00:00
[2025-06-13T14:36:28.552+0000] {processor.py:183} INFO - Processing /home/airflow/.local/lib/python3.10/site-packages/airflow/example_dags/tutorial.py took 0.046 seconds
[2025-06-13T14:36:58.930+0000] {processor.py:161} INFO - Started process (PID=468) to work on /home/airflow/.local/lib/python3.10/site-packages/airflow/example_dags/tutorial.py
[2025-06-13T14:36:58.931+0000] {processor.py:830} INFO - Processing file /home/airflow/.local/lib/python3.10/site-packages/airflow/example_dags/tutorial.py for tasks to queue
[2025-06-13T14:36:58.932+0000] {logging_mixin.py:188} INFO - [2025-06-13T14:36:58.932+0000] {dagbag.py:540} INFO - Filling up the DagBag from /home/airflow/.local/lib/python3.10/site-packages/airflow/example_dags/tutorial.py
[2025-06-13T14:36:58.935+0000] {processor.py:840} INFO - DAG(s) 'tutorial' retrieved from /home/airflow/.local/lib/python3.10/site-packages/airflow/example_dags/tutorial.py
[2025-06-13T14:36:58.948+0000] {logging_mixin.py:188} INFO - [2025-06-13T14:36:58.948+0000] {dag.py:3096} INFO - Sync 1 DAGs
[2025-06-13T14:36:58.960+0000] {logging_mixin.py:188} INFO - [2025-06-13T14:36:58.960+0000] {dag.py:3954} INFO - Setting next_dagrun for tutorial to 2025-06-12 00:00:00+00:00, run_after=2025-06-13 00:00:00+00:00
[2025-06-13T14:36:58.972+0000] {processor.py:183} INFO - Processing /home/airflow/.local/lib/python3.10/site-packages/airflow/example_dags/tutorial.py took 0.046 seconds
[2025-06-13T14:37:29.533+0000] {processor.py:161} INFO - Started process (PID=526) to work on /home/airflow/.local/lib/python3.10/site-packages/airflow/example_dags/tutorial.py
[2025-06-13T14:37:29.534+0000] {processor.py:830} INFO - Processing file /home/airflow/.local/lib/python3.10/site-packages/airflow/example_dags/tutorial.py for tasks to queue
[2025-06-13T14:37:29.536+0000] {logging_mixin.py:188} INFO - [2025-06-13T14:37:29.536+0000] {dagbag.py:540} INFO - Filling up the DagBag from /home/airflow/.local/lib/python3.10/site-packages/airflow/example_dags/tutorial.py
[2025-06-13T14:37:29.539+0000] {processor.py:840} INFO - DAG(s) 'tutorial' retrieved from /home/airflow/.local/lib/python3.10/site-packages/airflow/example_dags/tutorial.py
[2025-06-13T14:37:29.551+0000] {logging_mixin.py:188} INFO - [2025-06-13T14:37:29.551+0000] {dag.py:3096} INFO - Sync 1 DAGs
[2025-06-13T14:37:29.563+0000] {logging_mixin.py:188} INFO - [2025-06-13T14:37:29.563+0000] {dag.py:3954} INFO - Setting next_dagrun for tutorial to 2025-06-12 00:00:00+00:00, run_after=2025-06-13 00:00:00+00:00
[2025-06-13T14:37:29.641+0000] {processor.py:183} INFO - Processing /home/airflow/.local/lib/python3.10/site-packages/airflow/example_dags/tutorial.py took 0.112 seconds
[2025-06-13T14:37:59.987+0000] {processor.py:161} INFO - Started process (PID=584) to work on /home/airflow/.local/lib/python3.10/site-packages/airflow/example_dags/tutorial.py
[2025-06-13T14:37:59.989+0000] {processor.py:830} INFO - Processing file /home/airflow/.local/lib/python3.10/site-packages/airflow/example_dags/tutorial.py for tasks to queue
[2025-06-13T14:37:59.990+0000] {logging_mixin.py:188} INFO - [2025-06-13T14:37:59.990+0000] {dagbag.py:540} INFO - Filling up the DagBag from /home/airflow/.local/lib/python3.10/site-packages/airflow/example_dags/tutorial.py
[2025-06-13T14:37:59.994+0000] {processor.py:840} INFO - DAG(s) 'tutorial' retrieved from /home/airflow/.local/lib/python3.10/site-packages/airflow/example_dags/tutorial.py
[2025-06-13T14:38:00.014+0000] {logging_mixin.py:188} INFO - [2025-06-13T14:38:00.014+0000] {dag.py:3096} INFO - Sync 1 DAGs
[2025-06-13T14:38:00.036+0000] {logging_mixin.py:188} INFO - [2025-06-13T14:38:00.035+0000] {dag.py:3954} INFO - Setting next_dagrun for tutorial to 2025-06-12 00:00:00+00:00, run_after=2025-06-13 00:00:00+00:00
[2025-06-13T14:38:00.048+0000] {processor.py:183} INFO - Processing /home/airflow/.local/lib/python3.10/site-packages/airflow/example_dags/tutorial.py took 0.065 seconds
[2025-06-13T14:38:30.538+0000] {processor.py:161} INFO - Started process (PID=644) to work on /home/airflow/.local/lib/python3.10/site-packages/airflow/example_dags/tutorial.py
[2025-06-13T14:38:30.539+0000] {processor.py:830} INFO - Processing file /home/airflow/.local/lib/python3.10/site-packages/airflow/example_dags/tutorial.py for tasks to queue
[2025-06-13T14:38:30.540+0000] {logging_mixin.py:188} INFO - [2025-06-13T14:38:30.540+0000] {dagbag.py:540} INFO - Filling up the DagBag from /home/airflow/.local/lib/python3.10/site-packages/airflow/example_dags/tutorial.py
[2025-06-13T14:38:30.546+0000] {processor.py:840} INFO - DAG(s) 'tutorial' retrieved from /home/airflow/.local/lib/python3.10/site-packages/airflow/example_dags/tutorial.py
[2025-06-13T14:38:30.560+0000] {logging_mixin.py:188} INFO - [2025-06-13T14:38:30.560+0000] {dag.py:3096} INFO - Sync 1 DAGs
[2025-06-13T14:38:30.574+0000] {logging_mixin.py:188} INFO - [2025-06-13T14:38:30.573+0000] {dag.py:3954} INFO - Setting next_dagrun for tutorial to 2025-06-12 00:00:00+00:00, run_after=2025-06-13 00:00:00+00:00
[2025-06-13T14:38:30.588+0000] {processor.py:183} INFO - Processing /home/airflow/.local/lib/python3.10/site-packages/airflow/example_dags/tutorial.py took 0.053 seconds
[2025-06-13T14:39:01.514+0000] {processor.py:161} INFO - Started process (PID=704) to work on /home/airflow/.local/lib/python3.10/site-packages/airflow/example_dags/tutorial.py
[2025-06-13T14:39:01.515+0000] {processor.py:830} INFO - Processing file /home/airflow/.local/lib/python3.10/site-packages/airflow/example_dags/tutorial.py for tasks to queue
[2025-06-13T14:39:01.516+0000] {logging_mixin.py:188} INFO - [2025-06-13T14:39:01.516+0000] {dagbag.py:540} INFO - Filling up the DagBag from /home/airflow/.local/lib/python3.10/site-packages/airflow/example_dags/tutorial.py
[2025-06-13T14:39:01.520+0000] {processor.py:840} INFO - DAG(s) 'tutorial' retrieved from /home/airflow/.local/lib/python3.10/site-packages/airflow/example_dags/tutorial.py
[2025-06-13T14:39:01.531+0000] {logging_mixin.py:188} INFO - [2025-06-13T14:39:01.531+0000] {dag.py:3096} INFO - Sync 1 DAGs
[2025-06-13T14:39:01.542+0000] {logging_mixin.py:188} INFO - [2025-06-13T14:39:01.542+0000] {dag.py:3954} INFO - Setting next_dagrun for tutorial to 2025-06-12 00:00:00+00:00, run_after=2025-06-13 00:00:00+00:00
[2025-06-13T14:39:01.551+0000] {processor.py:183} INFO - Processing /home/airflow/.local/lib/python3.10/site-packages/airflow/example_dags/tutorial.py took 0.040 seconds
[2025-06-13T14:39:32.405+0000] {processor.py:161} INFO - Started process (PID=764) to work on /home/airflow/.local/lib/python3.10/site-packages/airflow/example_dags/tutorial.py
[2025-06-13T14:39:32.406+0000] {processor.py:830} INFO - Processing file /home/airflow/.local/lib/python3.10/site-packages/airflow/example_dags/tutorial.py for tasks to queue
[2025-06-13T14:39:32.407+0000] {logging_mixin.py:188} INFO - [2025-06-13T14:39:32.407+0000] {dagbag.py:540} INFO - Filling up the DagBag from /home/airflow/.local/lib/python3.10/site-packages/airflow/example_dags/tutorial.py
[2025-06-13T14:39:32.410+0000] {processor.py:840} INFO - DAG(s) 'tutorial' retrieved from /home/airflow/.local/lib/python3.10/site-packages/airflow/example_dags/tutorial.py
[2025-06-13T14:39:32.424+0000] {logging_mixin.py:188} INFO - [2025-06-13T14:39:32.423+0000] {dag.py:3096} INFO - Sync 1 DAGs
[2025-06-13T14:39:32.438+0000] {logging_mixin.py:188} INFO - [2025-06-13T14:39:32.438+0000] {dag.py:3954} INFO - Setting next_dagrun for tutorial to 2025-06-12 00:00:00+00:00, run_after=2025-06-13 00:00:00+00:00
[2025-06-13T14:39:32.454+0000] {processor.py:183} INFO - Processing /home/airflow/.local/lib/python3.10/site-packages/airflow/example_dags/tutorial.py took 0.052 seconds
[2025-06-13T14:40:02.875+0000] {processor.py:161} INFO - Started process (PID=824) to work on /home/airflow/.local/lib/python3.10/site-packages/airflow/example_dags/tutorial.py
[2025-06-13T14:40:02.878+0000] {processor.py:830} INFO - Processing file /home/airflow/.local/lib/python3.10/site-packages/airflow/example_dags/tutorial.py for tasks to queue
[2025-06-13T14:40:02.882+0000] {logging_mixin.py:188} INFO - [2025-06-13T14:40:02.882+0000] {dagbag.py:540} INFO - Filling up the DagBag from /home/airflow/.local/lib/python3.10/site-packages/airflow/example_dags/tutorial.py
[2025-06-13T14:40:02.888+0000] {processor.py:840} INFO - DAG(s) 'tutorial' retrieved from /home/airflow/.local/lib/python3.10/site-packages/airflow/example_dags/tutorial.py
[2025-06-13T14:40:02.905+0000] {logging_mixin.py:188} INFO - [2025-06-13T14:40:02.904+0000] {dag.py:3096} INFO - Sync 1 DAGs
[2025-06-13T14:40:02.917+0000] {logging_mixin.py:188} INFO - [2025-06-13T14:40:02.917+0000] {dag.py:3954} INFO - Setting next_dagrun for tutorial to 2025-06-12 00:00:00+00:00, run_after=2025-06-13 00:00:00+00:00
[2025-06-13T14:40:02.927+0000] {processor.py:183} INFO - Processing /home/airflow/.local/lib/python3.10/site-packages/airflow/example_dags/tutorial.py took 0.055 seconds
[2025-06-13T14:40:33.845+0000] {processor.py:161} INFO - Started process (PID=884) to work on /home/airflow/.local/lib/python3.10/site-packages/airflow/example_dags/tutorial.py
[2025-06-13T14:40:33.848+0000] {processor.py:830} INFO - Processing file /home/airflow/.local/lib/python3.10/site-packages/airflow/example_dags/tutorial.py for tasks to queue
[2025-06-13T14:40:33.849+0000] {logging_mixin.py:188} INFO - [2025-06-13T14:40:33.849+0000] {dagbag.py:540} INFO - Filling up the DagBag from /home/airflow/.local/lib/python3.10/site-packages/airflow/example_dags/tutorial.py
[2025-06-13T14:40:33.857+0000] {processor.py:840} INFO - DAG(s) 'tutorial' retrieved from /home/airflow/.local/lib/python3.10/site-packages/airflow/example_dags/tutorial.py
[2025-06-13T14:40:33.895+0000] {logging_mixin.py:188} INFO - [2025-06-13T14:40:33.895+0000] {dag.py:3096} INFO - Sync 1 DAGs
[2025-06-13T14:40:33.918+0000] {logging_mixin.py:188} INFO - [2025-06-13T14:40:33.918+0000] {dag.py:3954} INFO - Setting next_dagrun for tutorial to 2025-06-12 00:00:00+00:00, run_after=2025-06-13 00:00:00+00:00
[2025-06-13T14:40:33.932+0000] {processor.py:183} INFO - Processing /home/airflow/.local/lib/python3.10/site-packages/airflow/example_dags/tutorial.py took 0.091 seconds
[2025-06-13T14:41:04.527+0000] {processor.py:161} INFO - Started process (PID=944) to work on /home/airflow/.local/lib/python3.10/site-packages/airflow/example_dags/tutorial.py
[2025-06-13T14:41:04.528+0000] {processor.py:830} INFO - Processing file /home/airflow/.local/lib/python3.10/site-packages/airflow/example_dags/tutorial.py for tasks to queue
[2025-06-13T14:41:04.529+0000] {logging_mixin.py:188} INFO - [2025-06-13T14:41:04.529+0000] {dagbag.py:540} INFO - Filling up the DagBag from /home/airflow/.local/lib/python3.10/site-packages/airflow/example_dags/tutorial.py
[2025-06-13T14:41:04.534+0000] {processor.py:840} INFO - DAG(s) 'tutorial' retrieved from /home/airflow/.local/lib/python3.10/site-packages/airflow/example_dags/tutorial.py
[2025-06-13T14:41:04.548+0000] {logging_mixin.py:188} INFO - [2025-06-13T14:41:04.547+0000] {dag.py:3096} INFO - Sync 1 DAGs
[2025-06-13T14:41:04.558+0000] {logging_mixin.py:188} INFO - [2025-06-13T14:41:04.558+0000] {dag.py:3954} INFO - Setting next_dagrun for tutorial to 2025-06-12 00:00:00+00:00, run_after=2025-06-13 00:00:00+00:00
[2025-06-13T14:41:04.570+0000] {processor.py:183} INFO - Processing /home/airflow/.local/lib/python3.10/site-packages/airflow/example_dags/tutorial.py took 0.048 seconds
[2025-06-13T14:41:34.939+0000] {processor.py:161} INFO - Started process (PID=1004) to work on /home/airflow/.local/lib/python3.10/site-packages/airflow/example_dags/tutorial.py
[2025-06-13T14:41:34.940+0000] {processor.py:830} INFO - Processing file /home/airflow/.local/lib/python3.10/site-packages/airflow/example_dags/tutorial.py for tasks to queue
[2025-06-13T14:41:34.942+0000] {logging_mixin.py:188} INFO - [2025-06-13T14:41:34.942+0000] {dagbag.py:540} INFO - Filling up the DagBag from /home/airflow/.local/lib/python3.10/site-packages/airflow/example_dags/tutorial.py
[2025-06-13T14:41:34.950+0000] {processor.py:840} INFO - DAG(s) 'tutorial' retrieved from /home/airflow/.local/lib/python3.10/site-packages/airflow/example_dags/tutorial.py
[2025-06-13T14:41:34.966+0000] {logging_mixin.py:188} INFO - [2025-06-13T14:41:34.966+0000] {dag.py:3096} INFO - Sync 1 DAGs
[2025-06-13T14:41:34.980+0000] {logging_mixin.py:188} INFO - [2025-06-13T14:41:34.980+0000] {dag.py:3954} INFO - Setting next_dagrun for tutorial to 2025-06-12 00:00:00+00:00, run_after=2025-06-13 00:00:00+00:00
[2025-06-13T14:41:34.996+0000] {processor.py:183} INFO - Processing /home/airflow/.local/lib/python3.10/site-packages/airflow/example_dags/tutorial.py took 0.061 seconds
[2025-06-13T14:42:05.139+0000] {processor.py:161} INFO - Started process (PID=1064) to work on /home/airflow/.local/lib/python3.10/site-packages/airflow/example_dags/tutorial.py
[2025-06-13T14:42:05.142+0000] {processor.py:830} INFO - Processing file /home/airflow/.local/lib/python3.10/site-packages/airflow/example_dags/tutorial.py for tasks to queue
[2025-06-13T14:42:05.143+0000] {logging_mixin.py:188} INFO - [2025-06-13T14:42:05.143+0000] {dagbag.py:540} INFO - Filling up the DagBag from /home/airflow/.local/lib/python3.10/site-packages/airflow/example_dags/tutorial.py
[2025-06-13T14:42:05.146+0000] {processor.py:840} INFO - DAG(s) 'tutorial' retrieved from /home/airflow/.local/lib/python3.10/site-packages/airflow/example_dags/tutorial.py
[2025-06-13T14:42:05.158+0000] {logging_mixin.py:188} INFO - [2025-06-13T14:42:05.158+0000] {dag.py:3096} INFO - Sync 1 DAGs
[2025-06-13T14:42:05.171+0000] {logging_mixin.py:188} INFO - [2025-06-13T14:42:05.171+0000] {dag.py:3954} INFO - Setting next_dagrun for tutorial to 2025-06-12 00:00:00+00:00, run_after=2025-06-13 00:00:00+00:00
[2025-06-13T14:42:05.184+0000] {processor.py:183} INFO - Processing /home/airflow/.local/lib/python3.10/site-packages/airflow/example_dags/tutorial.py took 0.049 seconds
[2025-06-13T14:42:36.507+0000] {processor.py:161} INFO - Started process (PID=1124) to work on /home/airflow/.local/lib/python3.10/site-packages/airflow/example_dags/tutorial.py
[2025-06-13T14:42:36.507+0000] {processor.py:830} INFO - Processing file /home/airflow/.local/lib/python3.10/site-packages/airflow/example_dags/tutorial.py for tasks to queue
[2025-06-13T14:42:36.508+0000] {logging_mixin.py:188} INFO - [2025-06-13T14:42:36.508+0000] {dagbag.py:540} INFO - Filling up the DagBag from /home/airflow/.local/lib/python3.10/site-packages/airflow/example_dags/tutorial.py
[2025-06-13T14:42:36.512+0000] {processor.py:840} INFO - DAG(s) 'tutorial' retrieved from /home/airflow/.local/lib/python3.10/site-packages/airflow/example_dags/tutorial.py
[2025-06-13T14:42:36.527+0000] {logging_mixin.py:188} INFO - [2025-06-13T14:42:36.527+0000] {dag.py:3096} INFO - Sync 1 DAGs
[2025-06-13T14:42:36.541+0000] {logging_mixin.py:188} INFO - [2025-06-13T14:42:36.541+0000] {dag.py:3954} INFO - Setting next_dagrun for tutorial to 2025-06-12 00:00:00+00:00, run_after=2025-06-13 00:00:00+00:00
[2025-06-13T14:42:36.554+0000] {processor.py:183} INFO - Processing /home/airflow/.local/lib/python3.10/site-packages/airflow/example_dags/tutorial.py took 0.052 seconds
[2025-06-13T14:43:07.311+0000] {processor.py:161} INFO - Started process (PID=1184) to work on /home/airflow/.local/lib/python3.10/site-packages/airflow/example_dags/tutorial.py
[2025-06-13T14:43:07.312+0000] {processor.py:830} INFO - Processing file /home/airflow/.local/lib/python3.10/site-packages/airflow/example_dags/tutorial.py for tasks to queue
[2025-06-13T14:43:07.314+0000] {logging_mixin.py:188} INFO - [2025-06-13T14:43:07.313+0000] {dagbag.py:540} INFO - Filling up the DagBag from /home/airflow/.local/lib/python3.10/site-packages/airflow/example_dags/tutorial.py
[2025-06-13T14:43:07.317+0000] {processor.py:840} INFO - DAG(s) 'tutorial' retrieved from /home/airflow/.local/lib/python3.10/site-packages/airflow/example_dags/tutorial.py
[2025-06-13T14:43:07.341+0000] {logging_mixin.py:188} INFO - [2025-06-13T14:43:07.340+0000] {dag.py:3096} INFO - Sync 1 DAGs
[2025-06-13T14:43:07.354+0000] {logging_mixin.py:188} INFO - [2025-06-13T14:43:07.354+0000] {dag.py:3954} INFO - Setting next_dagrun for tutorial to 2025-06-12 00:00:00+00:00, run_after=2025-06-13 00:00:00+00:00
[2025-06-13T14:43:07.372+0000] {processor.py:183} INFO - Processing /home/airflow/.local/lib/python3.10/site-packages/airflow/example_dags/tutorial.py took 0.066 seconds
[2025-06-13T14:44:42.763+0000] {processor.py:161} INFO - Started process (PID=75) to work on /home/airflow/.local/lib/python3.10/site-packages/airflow/example_dags/tutorial.py
[2025-06-13T14:44:42.764+0000] {processor.py:830} INFO - Processing file /home/airflow/.local/lib/python3.10/site-packages/airflow/example_dags/tutorial.py for tasks to queue
[2025-06-13T14:44:42.766+0000] {logging_mixin.py:188} INFO - [2025-06-13T14:44:42.765+0000] {dagbag.py:540} INFO - Filling up the DagBag from /home/airflow/.local/lib/python3.10/site-packages/airflow/example_dags/tutorial.py
[2025-06-13T14:44:42.771+0000] {processor.py:840} INFO - DAG(s) 'tutorial' retrieved from /home/airflow/.local/lib/python3.10/site-packages/airflow/example_dags/tutorial.py
[2025-06-13T14:44:42.782+0000] {logging_mixin.py:188} INFO - [2025-06-13T14:44:42.782+0000] {dag.py:3096} INFO - Sync 1 DAGs
[2025-06-13T14:44:42.794+0000] {logging_mixin.py:188} INFO - [2025-06-13T14:44:42.794+0000] {dag.py:3954} INFO - Setting next_dagrun for tutorial to 2025-06-12 00:00:00+00:00, run_after=2025-06-13 00:00:00+00:00
[2025-06-13T14:44:42.804+0000] {processor.py:183} INFO - Processing /home/airflow/.local/lib/python3.10/site-packages/airflow/example_dags/tutorial.py took 0.045 seconds
[2025-06-13T14:45:14.007+0000] {processor.py:161} INFO - Started process (PID=135) to work on /home/airflow/.local/lib/python3.10/site-packages/airflow/example_dags/tutorial.py
[2025-06-13T14:45:14.008+0000] {processor.py:830} INFO - Processing file /home/airflow/.local/lib/python3.10/site-packages/airflow/example_dags/tutorial.py for tasks to queue
[2025-06-13T14:45:14.009+0000] {logging_mixin.py:188} INFO - [2025-06-13T14:45:14.009+0000] {dagbag.py:540} INFO - Filling up the DagBag from /home/airflow/.local/lib/python3.10/site-packages/airflow/example_dags/tutorial.py
[2025-06-13T14:45:14.020+0000] {processor.py:840} INFO - DAG(s) 'tutorial' retrieved from /home/airflow/.local/lib/python3.10/site-packages/airflow/example_dags/tutorial.py
[2025-06-13T14:45:14.147+0000] {logging_mixin.py:188} INFO - [2025-06-13T14:45:14.146+0000] {dag.py:3096} INFO - Sync 1 DAGs
[2025-06-13T14:45:14.198+0000] {logging_mixin.py:188} INFO - [2025-06-13T14:45:14.198+0000] {dag.py:3954} INFO - Setting next_dagrun for tutorial to 2025-06-12 00:00:00+00:00, run_after=2025-06-13 00:00:00+00:00
[2025-06-13T14:45:14.229+0000] {processor.py:183} INFO - Processing /home/airflow/.local/lib/python3.10/site-packages/airflow/example_dags/tutorial.py took 0.228 seconds
[2025-06-13T14:45:44.536+0000] {processor.py:161} INFO - Started process (PID=213) to work on /home/airflow/.local/lib/python3.10/site-packages/airflow/example_dags/tutorial.py
[2025-06-13T14:45:44.540+0000] {processor.py:830} INFO - Processing file /home/airflow/.local/lib/python3.10/site-packages/airflow/example_dags/tutorial.py for tasks to queue
[2025-06-13T14:45:44.545+0000] {logging_mixin.py:188} INFO - [2025-06-13T14:45:44.544+0000] {dagbag.py:540} INFO - Filling up the DagBag from /home/airflow/.local/lib/python3.10/site-packages/airflow/example_dags/tutorial.py
[2025-06-13T14:45:44.554+0000] {processor.py:840} INFO - DAG(s) 'tutorial' retrieved from /home/airflow/.local/lib/python3.10/site-packages/airflow/example_dags/tutorial.py
[2025-06-13T14:45:44.588+0000] {logging_mixin.py:188} INFO - [2025-06-13T14:45:44.586+0000] {dag.py:3096} INFO - Sync 1 DAGs
[2025-06-13T14:45:44.617+0000] {logging_mixin.py:188} INFO - [2025-06-13T14:45:44.617+0000] {dag.py:3954} INFO - Setting next_dagrun for tutorial to 2025-06-12 00:00:00+00:00, run_after=2025-06-13 00:00:00+00:00
[2025-06-13T14:45:44.635+0000] {processor.py:183} INFO - Processing /home/airflow/.local/lib/python3.10/site-packages/airflow/example_dags/tutorial.py took 0.112 seconds
[2025-06-13T14:46:15.380+0000] {processor.py:161} INFO - Started process (PID=273) to work on /home/airflow/.local/lib/python3.10/site-packages/airflow/example_dags/tutorial.py
[2025-06-13T14:46:15.382+0000] {processor.py:830} INFO - Processing file /home/airflow/.local/lib/python3.10/site-packages/airflow/example_dags/tutorial.py for tasks to queue
[2025-06-13T14:46:15.384+0000] {logging_mixin.py:188} INFO - [2025-06-13T14:46:15.384+0000] {dagbag.py:540} INFO - Filling up the DagBag from /home/airflow/.local/lib/python3.10/site-packages/airflow/example_dags/tutorial.py
[2025-06-13T14:46:15.396+0000] {processor.py:840} INFO - DAG(s) 'tutorial' retrieved from /home/airflow/.local/lib/python3.10/site-packages/airflow/example_dags/tutorial.py
[2025-06-13T14:46:15.412+0000] {logging_mixin.py:188} INFO - [2025-06-13T14:46:15.412+0000] {dag.py:3096} INFO - Sync 1 DAGs
[2025-06-13T14:46:15.425+0000] {logging_mixin.py:188} INFO - [2025-06-13T14:46:15.425+0000] {dag.py:3954} INFO - Setting next_dagrun for tutorial to 2025-06-12 00:00:00+00:00, run_after=2025-06-13 00:00:00+00:00
[2025-06-13T14:46:15.440+0000] {processor.py:183} INFO - Processing /home/airflow/.local/lib/python3.10/site-packages/airflow/example_dags/tutorial.py took 0.065 seconds
[2025-06-13T14:46:46.143+0000] {processor.py:161} INFO - Started process (PID=333) to work on /home/airflow/.local/lib/python3.10/site-packages/airflow/example_dags/tutorial.py
[2025-06-13T14:46:46.144+0000] {processor.py:830} INFO - Processing file /home/airflow/.local/lib/python3.10/site-packages/airflow/example_dags/tutorial.py for tasks to queue
[2025-06-13T14:46:46.146+0000] {logging_mixin.py:188} INFO - [2025-06-13T14:46:46.145+0000] {dagbag.py:540} INFO - Filling up the DagBag from /home/airflow/.local/lib/python3.10/site-packages/airflow/example_dags/tutorial.py
[2025-06-13T14:46:46.149+0000] {processor.py:840} INFO - DAG(s) 'tutorial' retrieved from /home/airflow/.local/lib/python3.10/site-packages/airflow/example_dags/tutorial.py
[2025-06-13T14:46:46.166+0000] {logging_mixin.py:188} INFO - [2025-06-13T14:46:46.166+0000] {dag.py:3096} INFO - Sync 1 DAGs
[2025-06-13T14:46:46.177+0000] {logging_mixin.py:188} INFO - [2025-06-13T14:46:46.177+0000] {dag.py:3954} INFO - Setting next_dagrun for tutorial to 2025-06-12 00:00:00+00:00, run_after=2025-06-13 00:00:00+00:00
[2025-06-13T14:46:46.196+0000] {processor.py:183} INFO - Processing /home/airflow/.local/lib/python3.10/site-packages/airflow/example_dags/tutorial.py took 0.057 seconds
[2025-06-13T14:47:17.677+0000] {processor.py:161} INFO - Started process (PID=393) to work on /home/airflow/.local/lib/python3.10/site-packages/airflow/example_dags/tutorial.py
[2025-06-13T14:47:17.680+0000] {processor.py:830} INFO - Processing file /home/airflow/.local/lib/python3.10/site-packages/airflow/example_dags/tutorial.py for tasks to queue
[2025-06-13T14:47:17.681+0000] {logging_mixin.py:188} INFO - [2025-06-13T14:47:17.680+0000] {dagbag.py:540} INFO - Filling up the DagBag from /home/airflow/.local/lib/python3.10/site-packages/airflow/example_dags/tutorial.py
[2025-06-13T14:47:17.684+0000] {processor.py:840} INFO - DAG(s) 'tutorial' retrieved from /home/airflow/.local/lib/python3.10/site-packages/airflow/example_dags/tutorial.py
[2025-06-13T14:47:17.704+0000] {logging_mixin.py:188} INFO - [2025-06-13T14:47:17.704+0000] {dag.py:3096} INFO - Sync 1 DAGs
[2025-06-13T14:47:17.717+0000] {logging_mixin.py:188} INFO - [2025-06-13T14:47:17.717+0000] {dag.py:3954} INFO - Setting next_dagrun for tutorial to 2025-06-12 00:00:00+00:00, run_after=2025-06-13 00:00:00+00:00
[2025-06-13T14:47:17.730+0000] {processor.py:183} INFO - Processing /home/airflow/.local/lib/python3.10/site-packages/airflow/example_dags/tutorial.py took 0.056 seconds
[2025-06-13T14:47:48.880+0000] {processor.py:161} INFO - Started process (PID=453) to work on /home/airflow/.local/lib/python3.10/site-packages/airflow/example_dags/tutorial.py
[2025-06-13T14:47:48.883+0000] {processor.py:830} INFO - Processing file /home/airflow/.local/lib/python3.10/site-packages/airflow/example_dags/tutorial.py for tasks to queue
[2025-06-13T14:47:48.889+0000] {logging_mixin.py:188} INFO - [2025-06-13T14:47:48.888+0000] {dagbag.py:540} INFO - Filling up the DagBag from /home/airflow/.local/lib/python3.10/site-packages/airflow/example_dags/tutorial.py
[2025-06-13T14:47:48.894+0000] {processor.py:840} INFO - DAG(s) 'tutorial' retrieved from /home/airflow/.local/lib/python3.10/site-packages/airflow/example_dags/tutorial.py
[2025-06-13T14:47:48.915+0000] {logging_mixin.py:188} INFO - [2025-06-13T14:47:48.914+0000] {dag.py:3096} INFO - Sync 1 DAGs
[2025-06-13T14:47:48.934+0000] {logging_mixin.py:188} INFO - [2025-06-13T14:47:48.934+0000] {dag.py:3954} INFO - Setting next_dagrun for tutorial to 2025-06-12 00:00:00+00:00, run_after=2025-06-13 00:00:00+00:00
[2025-06-13T14:47:48.967+0000] {processor.py:183} INFO - Processing /home/airflow/.local/lib/python3.10/site-packages/airflow/example_dags/tutorial.py took 0.090 seconds
[2025-06-13T14:48:19.627+0000] {processor.py:161} INFO - Started process (PID=513) to work on /home/airflow/.local/lib/python3.10/site-packages/airflow/example_dags/tutorial.py
[2025-06-13T14:48:19.627+0000] {processor.py:830} INFO - Processing file /home/airflow/.local/lib/python3.10/site-packages/airflow/example_dags/tutorial.py for tasks to queue
[2025-06-13T14:48:19.628+0000] {logging_mixin.py:188} INFO - [2025-06-13T14:48:19.628+0000] {dagbag.py:540} INFO - Filling up the DagBag from /home/airflow/.local/lib/python3.10/site-packages/airflow/example_dags/tutorial.py
[2025-06-13T14:48:19.631+0000] {processor.py:840} INFO - DAG(s) 'tutorial' retrieved from /home/airflow/.local/lib/python3.10/site-packages/airflow/example_dags/tutorial.py
[2025-06-13T14:48:19.642+0000] {logging_mixin.py:188} INFO - [2025-06-13T14:48:19.642+0000] {dag.py:3096} INFO - Sync 1 DAGs
[2025-06-13T14:48:19.652+0000] {logging_mixin.py:188} INFO - [2025-06-13T14:48:19.652+0000] {dag.py:3954} INFO - Setting next_dagrun for tutorial to 2025-06-12 00:00:00+00:00, run_after=2025-06-13 00:00:00+00:00
[2025-06-13T14:48:19.661+0000] {processor.py:183} INFO - Processing /home/airflow/.local/lib/python3.10/site-packages/airflow/example_dags/tutorial.py took 0.038 seconds
[2025-06-13T14:48:50.011+0000] {processor.py:161} INFO - Started process (PID=573) to work on /home/airflow/.local/lib/python3.10/site-packages/airflow/example_dags/tutorial.py
[2025-06-13T14:48:50.013+0000] {processor.py:830} INFO - Processing file /home/airflow/.local/lib/python3.10/site-packages/airflow/example_dags/tutorial.py for tasks to queue
[2025-06-13T14:48:50.014+0000] {logging_mixin.py:188} INFO - [2025-06-13T14:48:50.014+0000] {dagbag.py:540} INFO - Filling up the DagBag from /home/airflow/.local/lib/python3.10/site-packages/airflow/example_dags/tutorial.py
[2025-06-13T14:48:50.020+0000] {processor.py:840} INFO - DAG(s) 'tutorial' retrieved from /home/airflow/.local/lib/python3.10/site-packages/airflow/example_dags/tutorial.py
[2025-06-13T14:48:50.038+0000] {logging_mixin.py:188} INFO - [2025-06-13T14:48:50.038+0000] {dag.py:3096} INFO - Sync 1 DAGs
[2025-06-13T14:48:50.054+0000] {logging_mixin.py:188} INFO - [2025-06-13T14:48:50.054+0000] {dag.py:3954} INFO - Setting next_dagrun for tutorial to 2025-06-12 00:00:00+00:00, run_after=2025-06-13 00:00:00+00:00
[2025-06-13T14:48:50.084+0000] {processor.py:183} INFO - Processing /home/airflow/.local/lib/python3.10/site-packages/airflow/example_dags/tutorial.py took 0.081 seconds
[2025-06-13T14:49:20.500+0000] {processor.py:161} INFO - Started process (PID=633) to work on /home/airflow/.local/lib/python3.10/site-packages/airflow/example_dags/tutorial.py
[2025-06-13T14:49:20.501+0000] {processor.py:830} INFO - Processing file /home/airflow/.local/lib/python3.10/site-packages/airflow/example_dags/tutorial.py for tasks to queue
[2025-06-13T14:49:20.502+0000] {logging_mixin.py:188} INFO - [2025-06-13T14:49:20.502+0000] {dagbag.py:540} INFO - Filling up the DagBag from /home/airflow/.local/lib/python3.10/site-packages/airflow/example_dags/tutorial.py
[2025-06-13T14:49:20.506+0000] {processor.py:840} INFO - DAG(s) 'tutorial' retrieved from /home/airflow/.local/lib/python3.10/site-packages/airflow/example_dags/tutorial.py
[2025-06-13T14:49:20.517+0000] {logging_mixin.py:188} INFO - [2025-06-13T14:49:20.517+0000] {dag.py:3096} INFO - Sync 1 DAGs
[2025-06-13T14:49:20.528+0000] {logging_mixin.py:188} INFO - [2025-06-13T14:49:20.528+0000] {dag.py:3954} INFO - Setting next_dagrun for tutorial to 2025-06-12 00:00:00+00:00, run_after=2025-06-13 00:00:00+00:00
[2025-06-13T14:49:20.538+0000] {processor.py:183} INFO - Processing /home/airflow/.local/lib/python3.10/site-packages/airflow/example_dags/tutorial.py took 0.042 seconds
[2025-06-13T14:49:50.767+0000] {processor.py:161} INFO - Started process (PID=691) to work on /home/airflow/.local/lib/python3.10/site-packages/airflow/example_dags/tutorial.py
[2025-06-13T14:49:50.768+0000] {processor.py:830} INFO - Processing file /home/airflow/.local/lib/python3.10/site-packages/airflow/example_dags/tutorial.py for tasks to queue
[2025-06-13T14:49:50.770+0000] {logging_mixin.py:188} INFO - [2025-06-13T14:49:50.770+0000] {dagbag.py:540} INFO - Filling up the DagBag from /home/airflow/.local/lib/python3.10/site-packages/airflow/example_dags/tutorial.py
[2025-06-13T14:49:50.774+0000] {processor.py:840} INFO - DAG(s) 'tutorial' retrieved from /home/airflow/.local/lib/python3.10/site-packages/airflow/example_dags/tutorial.py
[2025-06-13T14:49:50.786+0000] {logging_mixin.py:188} INFO - [2025-06-13T14:49:50.786+0000] {dag.py:3096} INFO - Sync 1 DAGs
[2025-06-13T14:49:50.797+0000] {logging_mixin.py:188} INFO - [2025-06-13T14:49:50.797+0000] {dag.py:3954} INFO - Setting next_dagrun for tutorial to 2025-06-12 00:00:00+00:00, run_after=2025-06-13 00:00:00+00:00
[2025-06-13T14:49:50.807+0000] {processor.py:183} INFO - Processing /home/airflow/.local/lib/python3.10/site-packages/airflow/example_dags/tutorial.py took 0.045 seconds
[2025-06-13T14:50:21.203+0000] {processor.py:161} INFO - Started process (PID=751) to work on /home/airflow/.local/lib/python3.10/site-packages/airflow/example_dags/tutorial.py
[2025-06-13T14:50:21.203+0000] {processor.py:830} INFO - Processing file /home/airflow/.local/lib/python3.10/site-packages/airflow/example_dags/tutorial.py for tasks to queue
[2025-06-13T14:50:21.204+0000] {logging_mixin.py:188} INFO - [2025-06-13T14:50:21.204+0000] {dagbag.py:540} INFO - Filling up the DagBag from /home/airflow/.local/lib/python3.10/site-packages/airflow/example_dags/tutorial.py
[2025-06-13T14:50:21.208+0000] {processor.py:840} INFO - DAG(s) 'tutorial' retrieved from /home/airflow/.local/lib/python3.10/site-packages/airflow/example_dags/tutorial.py
[2025-06-13T14:50:21.225+0000] {logging_mixin.py:188} INFO - [2025-06-13T14:50:21.225+0000] {dag.py:3096} INFO - Sync 1 DAGs
[2025-06-13T14:50:21.235+0000] {logging_mixin.py:188} INFO - [2025-06-13T14:50:21.235+0000] {dag.py:3954} INFO - Setting next_dagrun for tutorial to 2025-06-12 00:00:00+00:00, run_after=2025-06-13 00:00:00+00:00
[2025-06-13T14:50:21.248+0000] {processor.py:183} INFO - Processing /home/airflow/.local/lib/python3.10/site-packages/airflow/example_dags/tutorial.py took 0.049 seconds
[2025-06-13T14:50:51.697+0000] {processor.py:161} INFO - Started process (PID=811) to work on /home/airflow/.local/lib/python3.10/site-packages/airflow/example_dags/tutorial.py
[2025-06-13T14:50:51.700+0000] {processor.py:830} INFO - Processing file /home/airflow/.local/lib/python3.10/site-packages/airflow/example_dags/tutorial.py for tasks to queue
[2025-06-13T14:50:51.702+0000] {logging_mixin.py:188} INFO - [2025-06-13T14:50:51.701+0000] {dagbag.py:540} INFO - Filling up the DagBag from /home/airflow/.local/lib/python3.10/site-packages/airflow/example_dags/tutorial.py
[2025-06-13T14:50:51.705+0000] {processor.py:840} INFO - DAG(s) 'tutorial' retrieved from /home/airflow/.local/lib/python3.10/site-packages/airflow/example_dags/tutorial.py
[2025-06-13T14:50:51.741+0000] {logging_mixin.py:188} INFO - [2025-06-13T14:50:51.741+0000] {dag.py:3096} INFO - Sync 1 DAGs
[2025-06-13T14:50:51.755+0000] {logging_mixin.py:188} INFO - [2025-06-13T14:50:51.755+0000] {dag.py:3954} INFO - Setting next_dagrun for tutorial to 2025-06-12 00:00:00+00:00, run_after=2025-06-13 00:00:00+00:00
[2025-06-13T14:50:51.765+0000] {processor.py:183} INFO - Processing /home/airflow/.local/lib/python3.10/site-packages/airflow/example_dags/tutorial.py took 0.073 seconds
[2025-06-13T14:51:22.497+0000] {processor.py:161} INFO - Started process (PID=871) to work on /home/airflow/.local/lib/python3.10/site-packages/airflow/example_dags/tutorial.py
[2025-06-13T14:51:22.500+0000] {processor.py:830} INFO - Processing file /home/airflow/.local/lib/python3.10/site-packages/airflow/example_dags/tutorial.py for tasks to queue
[2025-06-13T14:51:22.501+0000] {logging_mixin.py:188} INFO - [2025-06-13T14:51:22.501+0000] {dagbag.py:540} INFO - Filling up the DagBag from /home/airflow/.local/lib/python3.10/site-packages/airflow/example_dags/tutorial.py
[2025-06-13T14:51:22.504+0000] {processor.py:840} INFO - DAG(s) 'tutorial' retrieved from /home/airflow/.local/lib/python3.10/site-packages/airflow/example_dags/tutorial.py
[2025-06-13T14:51:22.516+0000] {logging_mixin.py:188} INFO - [2025-06-13T14:51:22.516+0000] {dag.py:3096} INFO - Sync 1 DAGs
[2025-06-13T14:51:22.534+0000] {logging_mixin.py:188} INFO - [2025-06-13T14:51:22.534+0000] {dag.py:3954} INFO - Setting next_dagrun for tutorial to 2025-06-12 00:00:00+00:00, run_after=2025-06-13 00:00:00+00:00
[2025-06-13T14:51:22.553+0000] {processor.py:183} INFO - Processing /home/airflow/.local/lib/python3.10/site-packages/airflow/example_dags/tutorial.py took 0.061 seconds
[2025-06-13T14:51:53.292+0000] {processor.py:161} INFO - Started process (PID=931) to work on /home/airflow/.local/lib/python3.10/site-packages/airflow/example_dags/tutorial.py
[2025-06-13T14:51:53.293+0000] {processor.py:830} INFO - Processing file /home/airflow/.local/lib/python3.10/site-packages/airflow/example_dags/tutorial.py for tasks to queue
[2025-06-13T14:51:53.294+0000] {logging_mixin.py:188} INFO - [2025-06-13T14:51:53.294+0000] {dagbag.py:540} INFO - Filling up the DagBag from /home/airflow/.local/lib/python3.10/site-packages/airflow/example_dags/tutorial.py
[2025-06-13T14:51:53.297+0000] {processor.py:840} INFO - DAG(s) 'tutorial' retrieved from /home/airflow/.local/lib/python3.10/site-packages/airflow/example_dags/tutorial.py
[2025-06-13T14:51:53.308+0000] {logging_mixin.py:188} INFO - [2025-06-13T14:51:53.307+0000] {dag.py:3096} INFO - Sync 1 DAGs
[2025-06-13T14:51:53.319+0000] {logging_mixin.py:188} INFO - [2025-06-13T14:51:53.319+0000] {dag.py:3954} INFO - Setting next_dagrun for tutorial to 2025-06-12 00:00:00+00:00, run_after=2025-06-13 00:00:00+00:00
[2025-06-13T14:51:53.328+0000] {processor.py:183} INFO - Processing /home/airflow/.local/lib/python3.10/site-packages/airflow/example_dags/tutorial.py took 0.040 seconds
[2025-06-13T14:52:23.614+0000] {processor.py:161} INFO - Started process (PID=991) to work on /home/airflow/.local/lib/python3.10/site-packages/airflow/example_dags/tutorial.py
[2025-06-13T14:52:23.615+0000] {processor.py:830} INFO - Processing file /home/airflow/.local/lib/python3.10/site-packages/airflow/example_dags/tutorial.py for tasks to queue
[2025-06-13T14:52:23.616+0000] {logging_mixin.py:188} INFO - [2025-06-13T14:52:23.616+0000] {dagbag.py:540} INFO - Filling up the DagBag from /home/airflow/.local/lib/python3.10/site-packages/airflow/example_dags/tutorial.py
[2025-06-13T14:52:23.619+0000] {processor.py:840} INFO - DAG(s) 'tutorial' retrieved from /home/airflow/.local/lib/python3.10/site-packages/airflow/example_dags/tutorial.py
[2025-06-13T14:52:23.633+0000] {logging_mixin.py:188} INFO - [2025-06-13T14:52:23.632+0000] {dag.py:3096} INFO - Sync 1 DAGs
[2025-06-13T14:52:23.646+0000] {logging_mixin.py:188} INFO - [2025-06-13T14:52:23.646+0000] {dag.py:3954} INFO - Setting next_dagrun for tutorial to 2025-06-12 00:00:00+00:00, run_after=2025-06-13 00:00:00+00:00
[2025-06-13T14:52:23.658+0000] {processor.py:183} INFO - Processing /home/airflow/.local/lib/python3.10/site-packages/airflow/example_dags/tutorial.py took 0.048 seconds
[2025-06-13T14:52:53.949+0000] {processor.py:161} INFO - Started process (PID=1051) to work on /home/airflow/.local/lib/python3.10/site-packages/airflow/example_dags/tutorial.py
[2025-06-13T14:52:53.949+0000] {processor.py:830} INFO - Processing file /home/airflow/.local/lib/python3.10/site-packages/airflow/example_dags/tutorial.py for tasks to queue
[2025-06-13T14:52:53.952+0000] {logging_mixin.py:188} INFO - [2025-06-13T14:52:53.951+0000] {dagbag.py:540} INFO - Filling up the DagBag from /home/airflow/.local/lib/python3.10/site-packages/airflow/example_dags/tutorial.py
[2025-06-13T14:52:53.956+0000] {processor.py:840} INFO - DAG(s) 'tutorial' retrieved from /home/airflow/.local/lib/python3.10/site-packages/airflow/example_dags/tutorial.py
[2025-06-13T14:52:53.967+0000] {logging_mixin.py:188} INFO - [2025-06-13T14:52:53.967+0000] {dag.py:3096} INFO - Sync 1 DAGs
[2025-06-13T14:52:53.979+0000] {logging_mixin.py:188} INFO - [2025-06-13T14:52:53.979+0000] {dag.py:3954} INFO - Setting next_dagrun for tutorial to 2025-06-12 00:00:00+00:00, run_after=2025-06-13 00:00:00+00:00
[2025-06-13T14:52:54.002+0000] {processor.py:183} INFO - Processing /home/airflow/.local/lib/python3.10/site-packages/airflow/example_dags/tutorial.py took 0.057 seconds
[2025-06-13T14:53:24.341+0000] {processor.py:161} INFO - Started process (PID=1111) to work on /home/airflow/.local/lib/python3.10/site-packages/airflow/example_dags/tutorial.py
[2025-06-13T14:53:24.342+0000] {processor.py:830} INFO - Processing file /home/airflow/.local/lib/python3.10/site-packages/airflow/example_dags/tutorial.py for tasks to queue
[2025-06-13T14:53:24.347+0000] {logging_mixin.py:188} INFO - [2025-06-13T14:53:24.347+0000] {dagbag.py:540} INFO - Filling up the DagBag from /home/airflow/.local/lib/python3.10/site-packages/airflow/example_dags/tutorial.py
[2025-06-13T14:53:24.350+0000] {processor.py:840} INFO - DAG(s) 'tutorial' retrieved from /home/airflow/.local/lib/python3.10/site-packages/airflow/example_dags/tutorial.py
[2025-06-13T14:53:24.365+0000] {logging_mixin.py:188} INFO - [2025-06-13T14:53:24.365+0000] {dag.py:3096} INFO - Sync 1 DAGs
[2025-06-13T14:53:24.381+0000] {logging_mixin.py:188} INFO - [2025-06-13T14:53:24.381+0000] {dag.py:3954} INFO - Setting next_dagrun for tutorial to 2025-06-12 00:00:00+00:00, run_after=2025-06-13 00:00:00+00:00
[2025-06-13T14:53:24.392+0000] {processor.py:183} INFO - Processing /home/airflow/.local/lib/python3.10/site-packages/airflow/example_dags/tutorial.py took 0.054 seconds
[2025-06-13T14:53:55.104+0000] {processor.py:161} INFO - Started process (PID=1171) to work on /home/airflow/.local/lib/python3.10/site-packages/airflow/example_dags/tutorial.py
[2025-06-13T14:53:55.106+0000] {processor.py:830} INFO - Processing file /home/airflow/.local/lib/python3.10/site-packages/airflow/example_dags/tutorial.py for tasks to queue
[2025-06-13T14:53:55.107+0000] {logging_mixin.py:188} INFO - [2025-06-13T14:53:55.107+0000] {dagbag.py:540} INFO - Filling up the DagBag from /home/airflow/.local/lib/python3.10/site-packages/airflow/example_dags/tutorial.py
[2025-06-13T14:53:55.110+0000] {processor.py:840} INFO - DAG(s) 'tutorial' retrieved from /home/airflow/.local/lib/python3.10/site-packages/airflow/example_dags/tutorial.py
[2025-06-13T14:53:55.143+0000] {logging_mixin.py:188} INFO - [2025-06-13T14:53:55.142+0000] {dag.py:3096} INFO - Sync 1 DAGs
[2025-06-13T14:53:55.186+0000] {logging_mixin.py:188} INFO - [2025-06-13T14:53:55.185+0000] {dag.py:3954} INFO - Setting next_dagrun for tutorial to 2025-06-12 00:00:00+00:00, run_after=2025-06-13 00:00:00+00:00
[2025-06-13T14:53:55.215+0000] {processor.py:183} INFO - Processing /home/airflow/.local/lib/python3.10/site-packages/airflow/example_dags/tutorial.py took 0.117 seconds
[2025-06-13T14:54:25.762+0000] {processor.py:161} INFO - Started process (PID=1231) to work on /home/airflow/.local/lib/python3.10/site-packages/airflow/example_dags/tutorial.py
[2025-06-13T14:54:25.763+0000] {processor.py:830} INFO - Processing file /home/airflow/.local/lib/python3.10/site-packages/airflow/example_dags/tutorial.py for tasks to queue
[2025-06-13T14:54:25.765+0000] {logging_mixin.py:188} INFO - [2025-06-13T14:54:25.765+0000] {dagbag.py:540} INFO - Filling up the DagBag from /home/airflow/.local/lib/python3.10/site-packages/airflow/example_dags/tutorial.py
[2025-06-13T14:54:25.769+0000] {processor.py:840} INFO - DAG(s) 'tutorial' retrieved from /home/airflow/.local/lib/python3.10/site-packages/airflow/example_dags/tutorial.py
[2025-06-13T14:54:25.779+0000] {logging_mixin.py:188} INFO - [2025-06-13T14:54:25.779+0000] {dag.py:3096} INFO - Sync 1 DAGs
[2025-06-13T14:54:25.791+0000] {logging_mixin.py:188} INFO - [2025-06-13T14:54:25.791+0000] {dag.py:3954} INFO - Setting next_dagrun for tutorial to 2025-06-12 00:00:00+00:00, run_after=2025-06-13 00:00:00+00:00
[2025-06-13T14:54:25.803+0000] {processor.py:183} INFO - Processing /home/airflow/.local/lib/python3.10/site-packages/airflow/example_dags/tutorial.py took 0.045 seconds
[2025-06-13T14:54:55.898+0000] {processor.py:161} INFO - Started process (PID=1291) to work on /home/airflow/.local/lib/python3.10/site-packages/airflow/example_dags/tutorial.py
[2025-06-13T14:54:55.900+0000] {processor.py:830} INFO - Processing file /home/airflow/.local/lib/python3.10/site-packages/airflow/example_dags/tutorial.py for tasks to queue
[2025-06-13T14:54:55.902+0000] {logging_mixin.py:188} INFO - [2025-06-13T14:54:55.901+0000] {dagbag.py:540} INFO - Filling up the DagBag from /home/airflow/.local/lib/python3.10/site-packages/airflow/example_dags/tutorial.py
[2025-06-13T14:54:55.905+0000] {processor.py:840} INFO - DAG(s) 'tutorial' retrieved from /home/airflow/.local/lib/python3.10/site-packages/airflow/example_dags/tutorial.py
[2025-06-13T14:54:55.915+0000] {logging_mixin.py:188} INFO - [2025-06-13T14:54:55.915+0000] {dag.py:3096} INFO - Sync 1 DAGs
[2025-06-13T14:54:55.927+0000] {logging_mixin.py:188} INFO - [2025-06-13T14:54:55.927+0000] {dag.py:3954} INFO - Setting next_dagrun for tutorial to 2025-06-12 00:00:00+00:00, run_after=2025-06-13 00:00:00+00:00
[2025-06-13T14:54:55.937+0000] {processor.py:183} INFO - Processing /home/airflow/.local/lib/python3.10/site-packages/airflow/example_dags/tutorial.py took 0.042 seconds
[2025-06-13T14:55:26.520+0000] {processor.py:161} INFO - Started process (PID=1351) to work on /home/airflow/.local/lib/python3.10/site-packages/airflow/example_dags/tutorial.py
[2025-06-13T14:55:26.521+0000] {processor.py:830} INFO - Processing file /home/airflow/.local/lib/python3.10/site-packages/airflow/example_dags/tutorial.py for tasks to queue
[2025-06-13T14:55:26.523+0000] {logging_mixin.py:188} INFO - [2025-06-13T14:55:26.523+0000] {dagbag.py:540} INFO - Filling up the DagBag from /home/airflow/.local/lib/python3.10/site-packages/airflow/example_dags/tutorial.py
[2025-06-13T14:55:26.528+0000] {processor.py:840} INFO - DAG(s) 'tutorial' retrieved from /home/airflow/.local/lib/python3.10/site-packages/airflow/example_dags/tutorial.py
[2025-06-13T14:55:26.542+0000] {logging_mixin.py:188} INFO - [2025-06-13T14:55:26.542+0000] {dag.py:3096} INFO - Sync 1 DAGs
[2025-06-13T14:55:26.558+0000] {logging_mixin.py:188} INFO - [2025-06-13T14:55:26.558+0000] {dag.py:3954} INFO - Setting next_dagrun for tutorial to 2025-06-12 00:00:00+00:00, run_after=2025-06-13 00:00:00+00:00
[2025-06-13T14:55:26.576+0000] {processor.py:183} INFO - Processing /home/airflow/.local/lib/python3.10/site-packages/airflow/example_dags/tutorial.py took 0.063 seconds
[2025-06-13T14:55:56.742+0000] {processor.py:161} INFO - Started process (PID=1411) to work on /home/airflow/.local/lib/python3.10/site-packages/airflow/example_dags/tutorial.py
[2025-06-13T14:55:56.746+0000] {processor.py:830} INFO - Processing file /home/airflow/.local/lib/python3.10/site-packages/airflow/example_dags/tutorial.py for tasks to queue
[2025-06-13T14:55:56.748+0000] {logging_mixin.py:188} INFO - [2025-06-13T14:55:56.748+0000] {dagbag.py:540} INFO - Filling up the DagBag from /home/airflow/.local/lib/python3.10/site-packages/airflow/example_dags/tutorial.py
[2025-06-13T14:55:56.752+0000] {processor.py:840} INFO - DAG(s) 'tutorial' retrieved from /home/airflow/.local/lib/python3.10/site-packages/airflow/example_dags/tutorial.py
[2025-06-13T14:55:56.764+0000] {logging_mixin.py:188} INFO - [2025-06-13T14:55:56.764+0000] {dag.py:3096} INFO - Sync 1 DAGs
[2025-06-13T14:55:56.776+0000] {logging_mixin.py:188} INFO - [2025-06-13T14:55:56.776+0000] {dag.py:3954} INFO - Setting next_dagrun for tutorial to 2025-06-12 00:00:00+00:00, run_after=2025-06-13 00:00:00+00:00
[2025-06-13T14:55:56.788+0000] {processor.py:183} INFO - Processing /home/airflow/.local/lib/python3.10/site-packages/airflow/example_dags/tutorial.py took 0.051 seconds
[2025-06-13T14:56:27.034+0000] {processor.py:161} INFO - Started process (PID=1471) to work on /home/airflow/.local/lib/python3.10/site-packages/airflow/example_dags/tutorial.py
[2025-06-13T14:56:27.035+0000] {processor.py:830} INFO - Processing file /home/airflow/.local/lib/python3.10/site-packages/airflow/example_dags/tutorial.py for tasks to queue
[2025-06-13T14:56:27.037+0000] {logging_mixin.py:188} INFO - [2025-06-13T14:56:27.037+0000] {dagbag.py:540} INFO - Filling up the DagBag from /home/airflow/.local/lib/python3.10/site-packages/airflow/example_dags/tutorial.py
[2025-06-13T14:56:27.042+0000] {processor.py:840} INFO - DAG(s) 'tutorial' retrieved from /home/airflow/.local/lib/python3.10/site-packages/airflow/example_dags/tutorial.py
[2025-06-13T14:56:27.061+0000] {logging_mixin.py:188} INFO - [2025-06-13T14:56:27.061+0000] {dag.py:3096} INFO - Sync 1 DAGs
[2025-06-13T14:56:27.076+0000] {logging_mixin.py:188} INFO - [2025-06-13T14:56:27.075+0000] {dag.py:3954} INFO - Setting next_dagrun for tutorial to 2025-06-12 00:00:00+00:00, run_after=2025-06-13 00:00:00+00:00
[2025-06-13T14:56:27.093+0000] {processor.py:183} INFO - Processing /home/airflow/.local/lib/python3.10/site-packages/airflow/example_dags/tutorial.py took 0.066 seconds
[2025-06-13T14:56:57.134+0000] {processor.py:161} INFO - Started process (PID=1530) to work on /home/airflow/.local/lib/python3.10/site-packages/airflow/example_dags/tutorial.py
[2025-06-13T14:56:57.137+0000] {processor.py:830} INFO - Processing file /home/airflow/.local/lib/python3.10/site-packages/airflow/example_dags/tutorial.py for tasks to queue
[2025-06-13T14:56:57.139+0000] {logging_mixin.py:188} INFO - [2025-06-13T14:56:57.139+0000] {dagbag.py:540} INFO - Filling up the DagBag from /home/airflow/.local/lib/python3.10/site-packages/airflow/example_dags/tutorial.py
[2025-06-13T14:56:57.142+0000] {processor.py:840} INFO - DAG(s) 'tutorial' retrieved from /home/airflow/.local/lib/python3.10/site-packages/airflow/example_dags/tutorial.py
[2025-06-13T14:56:57.161+0000] {logging_mixin.py:188} INFO - [2025-06-13T14:56:57.161+0000] {dag.py:3096} INFO - Sync 1 DAGs
[2025-06-13T14:56:57.201+0000] {logging_mixin.py:188} INFO - [2025-06-13T14:56:57.201+0000] {dag.py:3954} INFO - Setting next_dagrun for tutorial to 2025-06-12 00:00:00+00:00, run_after=2025-06-13 00:00:00+00:00
[2025-06-13T14:56:57.220+0000] {processor.py:183} INFO - Processing /home/airflow/.local/lib/python3.10/site-packages/airflow/example_dags/tutorial.py took 0.092 seconds
[2025-06-13T14:57:28.395+0000] {processor.py:161} INFO - Started process (PID=1591) to work on /home/airflow/.local/lib/python3.10/site-packages/airflow/example_dags/tutorial.py
[2025-06-13T14:57:28.398+0000] {processor.py:830} INFO - Processing file /home/airflow/.local/lib/python3.10/site-packages/airflow/example_dags/tutorial.py for tasks to queue
[2025-06-13T14:57:28.400+0000] {logging_mixin.py:188} INFO - [2025-06-13T14:57:28.399+0000] {dagbag.py:540} INFO - Filling up the DagBag from /home/airflow/.local/lib/python3.10/site-packages/airflow/example_dags/tutorial.py
[2025-06-13T14:57:28.405+0000] {processor.py:840} INFO - DAG(s) 'tutorial' retrieved from /home/airflow/.local/lib/python3.10/site-packages/airflow/example_dags/tutorial.py
[2025-06-13T14:57:28.425+0000] {logging_mixin.py:188} INFO - [2025-06-13T14:57:28.425+0000] {dag.py:3096} INFO - Sync 1 DAGs
[2025-06-13T14:57:28.438+0000] {logging_mixin.py:188} INFO - [2025-06-13T14:57:28.438+0000] {dag.py:3954} INFO - Setting next_dagrun for tutorial to 2025-06-12 00:00:00+00:00, run_after=2025-06-13 00:00:00+00:00
[2025-06-13T14:57:28.448+0000] {processor.py:183} INFO - Processing /home/airflow/.local/lib/python3.10/site-packages/airflow/example_dags/tutorial.py took 0.057 seconds
[2025-06-13T14:57:59.124+0000] {processor.py:161} INFO - Started process (PID=1651) to work on /home/airflow/.local/lib/python3.10/site-packages/airflow/example_dags/tutorial.py
[2025-06-13T14:57:59.126+0000] {processor.py:830} INFO - Processing file /home/airflow/.local/lib/python3.10/site-packages/airflow/example_dags/tutorial.py for tasks to queue
[2025-06-13T14:57:59.127+0000] {logging_mixin.py:188} INFO - [2025-06-13T14:57:59.127+0000] {dagbag.py:540} INFO - Filling up the DagBag from /home/airflow/.local/lib/python3.10/site-packages/airflow/example_dags/tutorial.py
[2025-06-13T14:57:59.134+0000] {processor.py:840} INFO - DAG(s) 'tutorial' retrieved from /home/airflow/.local/lib/python3.10/site-packages/airflow/example_dags/tutorial.py
[2025-06-13T14:57:59.158+0000] {logging_mixin.py:188} INFO - [2025-06-13T14:57:59.158+0000] {dag.py:3096} INFO - Sync 1 DAGs
[2025-06-13T14:57:59.172+0000] {logging_mixin.py:188} INFO - [2025-06-13T14:57:59.172+0000] {dag.py:3954} INFO - Setting next_dagrun for tutorial to 2025-06-12 00:00:00+00:00, run_after=2025-06-13 00:00:00+00:00
[2025-06-13T14:57:59.184+0000] {processor.py:183} INFO - Processing /home/airflow/.local/lib/python3.10/site-packages/airflow/example_dags/tutorial.py took 0.066 seconds
[2025-06-13T14:58:30.455+0000] {processor.py:161} INFO - Started process (PID=1711) to work on /home/airflow/.local/lib/python3.10/site-packages/airflow/example_dags/tutorial.py
[2025-06-13T14:58:30.456+0000] {processor.py:830} INFO - Processing file /home/airflow/.local/lib/python3.10/site-packages/airflow/example_dags/tutorial.py for tasks to queue
[2025-06-13T14:58:30.458+0000] {logging_mixin.py:188} INFO - [2025-06-13T14:58:30.457+0000] {dagbag.py:540} INFO - Filling up the DagBag from /home/airflow/.local/lib/python3.10/site-packages/airflow/example_dags/tutorial.py
[2025-06-13T14:58:30.461+0000] {processor.py:840} INFO - DAG(s) 'tutorial' retrieved from /home/airflow/.local/lib/python3.10/site-packages/airflow/example_dags/tutorial.py
[2025-06-13T14:58:30.476+0000] {logging_mixin.py:188} INFO - [2025-06-13T14:58:30.476+0000] {dag.py:3096} INFO - Sync 1 DAGs
[2025-06-13T14:58:30.490+0000] {logging_mixin.py:188} INFO - [2025-06-13T14:58:30.490+0000] {dag.py:3954} INFO - Setting next_dagrun for tutorial to 2025-06-12 00:00:00+00:00, run_after=2025-06-13 00:00:00+00:00
[2025-06-13T14:58:30.510+0000] {processor.py:183} INFO - Processing /home/airflow/.local/lib/python3.10/site-packages/airflow/example_dags/tutorial.py took 0.059 seconds
[2025-06-13T14:59:01.313+0000] {processor.py:161} INFO - Started process (PID=1771) to work on /home/airflow/.local/lib/python3.10/site-packages/airflow/example_dags/tutorial.py
[2025-06-13T14:59:01.314+0000] {processor.py:830} INFO - Processing file /home/airflow/.local/lib/python3.10/site-packages/airflow/example_dags/tutorial.py for tasks to queue
[2025-06-13T14:59:01.316+0000] {logging_mixin.py:188} INFO - [2025-06-13T14:59:01.316+0000] {dagbag.py:540} INFO - Filling up the DagBag from /home/airflow/.local/lib/python3.10/site-packages/airflow/example_dags/tutorial.py
[2025-06-13T14:59:01.320+0000] {processor.py:840} INFO - DAG(s) 'tutorial' retrieved from /home/airflow/.local/lib/python3.10/site-packages/airflow/example_dags/tutorial.py
[2025-06-13T14:59:01.337+0000] {logging_mixin.py:188} INFO - [2025-06-13T14:59:01.337+0000] {dag.py:3096} INFO - Sync 1 DAGs
[2025-06-13T14:59:01.348+0000] {logging_mixin.py:188} INFO - [2025-06-13T14:59:01.348+0000] {dag.py:3954} INFO - Setting next_dagrun for tutorial to 2025-06-12 00:00:00+00:00, run_after=2025-06-13 00:00:00+00:00
[2025-06-13T14:59:01.363+0000] {processor.py:183} INFO - Processing /home/airflow/.local/lib/python3.10/site-packages/airflow/example_dags/tutorial.py took 0.053 seconds
[2025-06-13T14:59:31.664+0000] {processor.py:161} INFO - Started process (PID=1831) to work on /home/airflow/.local/lib/python3.10/site-packages/airflow/example_dags/tutorial.py
[2025-06-13T14:59:31.665+0000] {processor.py:830} INFO - Processing file /home/airflow/.local/lib/python3.10/site-packages/airflow/example_dags/tutorial.py for tasks to queue
[2025-06-13T14:59:31.667+0000] {logging_mixin.py:188} INFO - [2025-06-13T14:59:31.666+0000] {dagbag.py:540} INFO - Filling up the DagBag from /home/airflow/.local/lib/python3.10/site-packages/airflow/example_dags/tutorial.py
[2025-06-13T14:59:31.670+0000] {processor.py:840} INFO - DAG(s) 'tutorial' retrieved from /home/airflow/.local/lib/python3.10/site-packages/airflow/example_dags/tutorial.py
[2025-06-13T14:59:31.689+0000] {logging_mixin.py:188} INFO - [2025-06-13T14:59:31.689+0000] {dag.py:3096} INFO - Sync 1 DAGs
[2025-06-13T14:59:31.703+0000] {logging_mixin.py:188} INFO - [2025-06-13T14:59:31.703+0000] {dag.py:3954} INFO - Setting next_dagrun for tutorial to 2025-06-12 00:00:00+00:00, run_after=2025-06-13 00:00:00+00:00
[2025-06-13T14:59:31.714+0000] {processor.py:183} INFO - Processing /home/airflow/.local/lib/python3.10/site-packages/airflow/example_dags/tutorial.py took 0.056 seconds
[2025-06-13T15:00:02.612+0000] {processor.py:161} INFO - Started process (PID=1891) to work on /home/airflow/.local/lib/python3.10/site-packages/airflow/example_dags/tutorial.py
[2025-06-13T15:00:02.614+0000] {processor.py:830} INFO - Processing file /home/airflow/.local/lib/python3.10/site-packages/airflow/example_dags/tutorial.py for tasks to queue
[2025-06-13T15:00:02.616+0000] {logging_mixin.py:188} INFO - [2025-06-13T15:00:02.615+0000] {dagbag.py:540} INFO - Filling up the DagBag from /home/airflow/.local/lib/python3.10/site-packages/airflow/example_dags/tutorial.py
[2025-06-13T15:00:02.620+0000] {processor.py:840} INFO - DAG(s) 'tutorial' retrieved from /home/airflow/.local/lib/python3.10/site-packages/airflow/example_dags/tutorial.py
[2025-06-13T15:00:02.633+0000] {logging_mixin.py:188} INFO - [2025-06-13T15:00:02.633+0000] {dag.py:3096} INFO - Sync 1 DAGs
[2025-06-13T15:00:02.646+0000] {logging_mixin.py:188} INFO - [2025-06-13T15:00:02.646+0000] {dag.py:3954} INFO - Setting next_dagrun for tutorial to 2025-06-12 00:00:00+00:00, run_after=2025-06-13 00:00:00+00:00
[2025-06-13T15:00:02.659+0000] {processor.py:183} INFO - Processing /home/airflow/.local/lib/python3.10/site-packages/airflow/example_dags/tutorial.py took 0.054 seconds
[2025-06-13T15:00:32.835+0000] {processor.py:161} INFO - Started process (PID=1951) to work on /home/airflow/.local/lib/python3.10/site-packages/airflow/example_dags/tutorial.py
[2025-06-13T15:00:32.836+0000] {processor.py:830} INFO - Processing file /home/airflow/.local/lib/python3.10/site-packages/airflow/example_dags/tutorial.py for tasks to queue
[2025-06-13T15:00:32.838+0000] {logging_mixin.py:188} INFO - [2025-06-13T15:00:32.838+0000] {dagbag.py:540} INFO - Filling up the DagBag from /home/airflow/.local/lib/python3.10/site-packages/airflow/example_dags/tutorial.py
[2025-06-13T15:00:32.843+0000] {processor.py:840} INFO - DAG(s) 'tutorial' retrieved from /home/airflow/.local/lib/python3.10/site-packages/airflow/example_dags/tutorial.py
[2025-06-13T15:00:32.863+0000] {logging_mixin.py:188} INFO - [2025-06-13T15:00:32.862+0000] {dag.py:3096} INFO - Sync 1 DAGs
[2025-06-13T15:00:32.884+0000] {logging_mixin.py:188} INFO - [2025-06-13T15:00:32.883+0000] {dag.py:3954} INFO - Setting next_dagrun for tutorial to 2025-06-12 00:00:00+00:00, run_after=2025-06-13 00:00:00+00:00
[2025-06-13T15:00:32.906+0000] {processor.py:183} INFO - Processing /home/airflow/.local/lib/python3.10/site-packages/airflow/example_dags/tutorial.py took 0.076 seconds
[2025-06-13T15:01:03.661+0000] {processor.py:161} INFO - Started process (PID=2011) to work on /home/airflow/.local/lib/python3.10/site-packages/airflow/example_dags/tutorial.py
[2025-06-13T15:01:03.662+0000] {processor.py:830} INFO - Processing file /home/airflow/.local/lib/python3.10/site-packages/airflow/example_dags/tutorial.py for tasks to queue
[2025-06-13T15:01:03.664+0000] {logging_mixin.py:188} INFO - [2025-06-13T15:01:03.664+0000] {dagbag.py:540} INFO - Filling up the DagBag from /home/airflow/.local/lib/python3.10/site-packages/airflow/example_dags/tutorial.py
[2025-06-13T15:01:03.671+0000] {processor.py:840} INFO - DAG(s) 'tutorial' retrieved from /home/airflow/.local/lib/python3.10/site-packages/airflow/example_dags/tutorial.py
[2025-06-13T15:01:03.687+0000] {logging_mixin.py:188} INFO - [2025-06-13T15:01:03.687+0000] {dag.py:3096} INFO - Sync 1 DAGs
[2025-06-13T15:01:03.698+0000] {logging_mixin.py:188} INFO - [2025-06-13T15:01:03.698+0000] {dag.py:3954} INFO - Setting next_dagrun for tutorial to 2025-06-12 00:00:00+00:00, run_after=2025-06-13 00:00:00+00:00
[2025-06-13T15:01:03.707+0000] {processor.py:183} INFO - Processing /home/airflow/.local/lib/python3.10/site-packages/airflow/example_dags/tutorial.py took 0.052 seconds
[2025-06-13T15:01:34.013+0000] {processor.py:161} INFO - Started process (PID=2071) to work on /home/airflow/.local/lib/python3.10/site-packages/airflow/example_dags/tutorial.py
[2025-06-13T15:01:34.014+0000] {processor.py:830} INFO - Processing file /home/airflow/.local/lib/python3.10/site-packages/airflow/example_dags/tutorial.py for tasks to queue
[2025-06-13T15:01:34.016+0000] {logging_mixin.py:188} INFO - [2025-06-13T15:01:34.016+0000] {dagbag.py:540} INFO - Filling up the DagBag from /home/airflow/.local/lib/python3.10/site-packages/airflow/example_dags/tutorial.py
[2025-06-13T15:01:34.021+0000] {processor.py:840} INFO - DAG(s) 'tutorial' retrieved from /home/airflow/.local/lib/python3.10/site-packages/airflow/example_dags/tutorial.py
[2025-06-13T15:01:34.040+0000] {logging_mixin.py:188} INFO - [2025-06-13T15:01:34.039+0000] {dag.py:3096} INFO - Sync 1 DAGs
[2025-06-13T15:01:34.051+0000] {logging_mixin.py:188} INFO - [2025-06-13T15:01:34.050+0000] {dag.py:3954} INFO - Setting next_dagrun for tutorial to 2025-06-12 00:00:00+00:00, run_after=2025-06-13 00:00:00+00:00
[2025-06-13T15:01:34.061+0000] {processor.py:183} INFO - Processing /home/airflow/.local/lib/python3.10/site-packages/airflow/example_dags/tutorial.py took 0.054 seconds
[2025-06-13T15:02:04.218+0000] {processor.py:161} INFO - Started process (PID=2130) to work on /home/airflow/.local/lib/python3.10/site-packages/airflow/example_dags/tutorial.py
[2025-06-13T15:02:04.219+0000] {processor.py:830} INFO - Processing file /home/airflow/.local/lib/python3.10/site-packages/airflow/example_dags/tutorial.py for tasks to queue
[2025-06-13T15:02:04.220+0000] {logging_mixin.py:188} INFO - [2025-06-13T15:02:04.220+0000] {dagbag.py:540} INFO - Filling up the DagBag from /home/airflow/.local/lib/python3.10/site-packages/airflow/example_dags/tutorial.py
[2025-06-13T15:02:04.228+0000] {processor.py:840} INFO - DAG(s) 'tutorial' retrieved from /home/airflow/.local/lib/python3.10/site-packages/airflow/example_dags/tutorial.py
[2025-06-13T15:02:04.250+0000] {logging_mixin.py:188} INFO - [2025-06-13T15:02:04.250+0000] {dag.py:3096} INFO - Sync 1 DAGs
[2025-06-13T15:02:04.268+0000] {logging_mixin.py:188} INFO - [2025-06-13T15:02:04.268+0000] {dag.py:3954} INFO - Setting next_dagrun for tutorial to 2025-06-12 00:00:00+00:00, run_after=2025-06-13 00:00:00+00:00
[2025-06-13T15:02:04.280+0000] {processor.py:183} INFO - Processing /home/airflow/.local/lib/python3.10/site-packages/airflow/example_dags/tutorial.py took 0.067 seconds
[2025-06-13T15:02:34.829+0000] {processor.py:161} INFO - Started process (PID=2190) to work on /home/airflow/.local/lib/python3.10/site-packages/airflow/example_dags/tutorial.py
[2025-06-13T15:02:34.829+0000] {processor.py:830} INFO - Processing file /home/airflow/.local/lib/python3.10/site-packages/airflow/example_dags/tutorial.py for tasks to queue
[2025-06-13T15:02:34.831+0000] {logging_mixin.py:188} INFO - [2025-06-13T15:02:34.831+0000] {dagbag.py:540} INFO - Filling up the DagBag from /home/airflow/.local/lib/python3.10/site-packages/airflow/example_dags/tutorial.py
[2025-06-13T15:02:34.836+0000] {processor.py:840} INFO - DAG(s) 'tutorial' retrieved from /home/airflow/.local/lib/python3.10/site-packages/airflow/example_dags/tutorial.py
[2025-06-13T15:02:34.867+0000] {logging_mixin.py:188} INFO - [2025-06-13T15:02:34.867+0000] {dag.py:3096} INFO - Sync 1 DAGs
[2025-06-13T15:02:34.891+0000] {logging_mixin.py:188} INFO - [2025-06-13T15:02:34.891+0000] {dag.py:3954} INFO - Setting next_dagrun for tutorial to 2025-06-12 00:00:00+00:00, run_after=2025-06-13 00:00:00+00:00
[2025-06-13T15:02:34.913+0000] {processor.py:183} INFO - Processing /home/airflow/.local/lib/python3.10/site-packages/airflow/example_dags/tutorial.py took 0.090 seconds
[2025-06-13T15:03:05.471+0000] {processor.py:161} INFO - Started process (PID=2250) to work on /home/airflow/.local/lib/python3.10/site-packages/airflow/example_dags/tutorial.py
[2025-06-13T15:03:05.472+0000] {processor.py:830} INFO - Processing file /home/airflow/.local/lib/python3.10/site-packages/airflow/example_dags/tutorial.py for tasks to queue
[2025-06-13T15:03:05.473+0000] {logging_mixin.py:188} INFO - [2025-06-13T15:03:05.473+0000] {dagbag.py:540} INFO - Filling up the DagBag from /home/airflow/.local/lib/python3.10/site-packages/airflow/example_dags/tutorial.py
[2025-06-13T15:03:05.477+0000] {processor.py:840} INFO - DAG(s) 'tutorial' retrieved from /home/airflow/.local/lib/python3.10/site-packages/airflow/example_dags/tutorial.py
[2025-06-13T15:03:05.498+0000] {logging_mixin.py:188} INFO - [2025-06-13T15:03:05.498+0000] {dag.py:3096} INFO - Sync 1 DAGs
[2025-06-13T15:03:05.514+0000] {logging_mixin.py:188} INFO - [2025-06-13T15:03:05.514+0000] {dag.py:3954} INFO - Setting next_dagrun for tutorial to 2025-06-12 00:00:00+00:00, run_after=2025-06-13 00:00:00+00:00
[2025-06-13T15:03:05.527+0000] {processor.py:183} INFO - Processing /home/airflow/.local/lib/python3.10/site-packages/airflow/example_dags/tutorial.py took 0.061 seconds
[2025-06-13T15:03:35.686+0000] {processor.py:161} INFO - Started process (PID=2310) to work on /home/airflow/.local/lib/python3.10/site-packages/airflow/example_dags/tutorial.py
[2025-06-13T15:03:35.687+0000] {processor.py:830} INFO - Processing file /home/airflow/.local/lib/python3.10/site-packages/airflow/example_dags/tutorial.py for tasks to queue
[2025-06-13T15:03:35.688+0000] {logging_mixin.py:188} INFO - [2025-06-13T15:03:35.688+0000] {dagbag.py:540} INFO - Filling up the DagBag from /home/airflow/.local/lib/python3.10/site-packages/airflow/example_dags/tutorial.py
[2025-06-13T15:03:35.692+0000] {processor.py:840} INFO - DAG(s) 'tutorial' retrieved from /home/airflow/.local/lib/python3.10/site-packages/airflow/example_dags/tutorial.py
[2025-06-13T15:03:35.710+0000] {logging_mixin.py:188} INFO - [2025-06-13T15:03:35.709+0000] {dag.py:3096} INFO - Sync 1 DAGs
[2025-06-13T15:03:35.723+0000] {logging_mixin.py:188} INFO - [2025-06-13T15:03:35.723+0000] {dag.py:3954} INFO - Setting next_dagrun for tutorial to 2025-06-12 00:00:00+00:00, run_after=2025-06-13 00:00:00+00:00
[2025-06-13T15:03:35.735+0000] {processor.py:183} INFO - Processing /home/airflow/.local/lib/python3.10/site-packages/airflow/example_dags/tutorial.py took 0.053 seconds
[2025-06-13T15:04:06.171+0000] {processor.py:161} INFO - Started process (PID=2370) to work on /home/airflow/.local/lib/python3.10/site-packages/airflow/example_dags/tutorial.py
[2025-06-13T15:04:06.172+0000] {processor.py:830} INFO - Processing file /home/airflow/.local/lib/python3.10/site-packages/airflow/example_dags/tutorial.py for tasks to queue
[2025-06-13T15:04:06.174+0000] {logging_mixin.py:188} INFO - [2025-06-13T15:04:06.173+0000] {dagbag.py:540} INFO - Filling up the DagBag from /home/airflow/.local/lib/python3.10/site-packages/airflow/example_dags/tutorial.py
[2025-06-13T15:04:06.178+0000] {processor.py:840} INFO - DAG(s) 'tutorial' retrieved from /home/airflow/.local/lib/python3.10/site-packages/airflow/example_dags/tutorial.py
[2025-06-13T15:04:06.202+0000] {logging_mixin.py:188} INFO - [2025-06-13T15:04:06.201+0000] {dag.py:3096} INFO - Sync 1 DAGs
[2025-06-13T15:04:06.231+0000] {logging_mixin.py:188} INFO - [2025-06-13T15:04:06.231+0000] {dag.py:3954} INFO - Setting next_dagrun for tutorial to 2025-06-12 00:00:00+00:00, run_after=2025-06-13 00:00:00+00:00
[2025-06-13T15:04:06.240+0000] {processor.py:183} INFO - Processing /home/airflow/.local/lib/python3.10/site-packages/airflow/example_dags/tutorial.py took 0.077 seconds
[2025-06-13T15:04:36.604+0000] {processor.py:161} INFO - Started process (PID=2430) to work on /home/airflow/.local/lib/python3.10/site-packages/airflow/example_dags/tutorial.py
[2025-06-13T15:04:36.604+0000] {processor.py:830} INFO - Processing file /home/airflow/.local/lib/python3.10/site-packages/airflow/example_dags/tutorial.py for tasks to queue
[2025-06-13T15:04:36.606+0000] {logging_mixin.py:188} INFO - [2025-06-13T15:04:36.606+0000] {dagbag.py:540} INFO - Filling up the DagBag from /home/airflow/.local/lib/python3.10/site-packages/airflow/example_dags/tutorial.py
[2025-06-13T15:04:36.613+0000] {processor.py:840} INFO - DAG(s) 'tutorial' retrieved from /home/airflow/.local/lib/python3.10/site-packages/airflow/example_dags/tutorial.py
[2025-06-13T15:04:36.633+0000] {logging_mixin.py:188} INFO - [2025-06-13T15:04:36.633+0000] {dag.py:3096} INFO - Sync 1 DAGs
[2025-06-13T15:04:36.752+0000] {logging_mixin.py:188} INFO - [2025-06-13T15:04:36.752+0000] {dag.py:3954} INFO - Setting next_dagrun for tutorial to 2025-06-12 00:00:00+00:00, run_after=2025-06-13 00:00:00+00:00
[2025-06-13T15:04:36.764+0000] {processor.py:183} INFO - Processing /home/airflow/.local/lib/python3.10/site-packages/airflow/example_dags/tutorial.py took 0.164 seconds
[2025-06-13T15:05:07.953+0000] {processor.py:161} INFO - Started process (PID=2490) to work on /home/airflow/.local/lib/python3.10/site-packages/airflow/example_dags/tutorial.py
[2025-06-13T15:05:07.954+0000] {processor.py:830} INFO - Processing file /home/airflow/.local/lib/python3.10/site-packages/airflow/example_dags/tutorial.py for tasks to queue
[2025-06-13T15:05:07.956+0000] {logging_mixin.py:188} INFO - [2025-06-13T15:05:07.956+0000] {dagbag.py:540} INFO - Filling up the DagBag from /home/airflow/.local/lib/python3.10/site-packages/airflow/example_dags/tutorial.py
[2025-06-13T15:05:07.962+0000] {processor.py:840} INFO - DAG(s) 'tutorial' retrieved from /home/airflow/.local/lib/python3.10/site-packages/airflow/example_dags/tutorial.py
[2025-06-13T15:05:07.984+0000] {logging_mixin.py:188} INFO - [2025-06-13T15:05:07.984+0000] {dag.py:3096} INFO - Sync 1 DAGs
[2025-06-13T15:05:08.110+0000] {logging_mixin.py:188} INFO - [2025-06-13T15:05:08.110+0000] {dag.py:3954} INFO - Setting next_dagrun for tutorial to 2025-06-12 00:00:00+00:00, run_after=2025-06-13 00:00:00+00:00
[2025-06-13T15:05:08.121+0000] {processor.py:183} INFO - Processing /home/airflow/.local/lib/python3.10/site-packages/airflow/example_dags/tutorial.py took 0.174 seconds
