[2025-06-15T00:02:04.038+0000] {local_task_job_runner.py:120} INFO - ::group::Pre task execution logs
[2025-06-15T00:02:04.052+0000] {taskinstance.py:2073} INFO - Dependencies all met for dep_context=non-requeueable deps ti=<TaskInstance: etl_apple_sales.extract scheduled__2025-06-14T00:00:00+00:00 [queued]>
[2025-06-15T00:02:04.057+0000] {taskinstance.py:2073} INFO - Dependencies all met for dep_context=requeueable deps ti=<TaskInstance: etl_apple_sales.extract scheduled__2025-06-14T00:00:00+00:00 [queued]>
[2025-06-15T00:02:04.059+0000] {taskinstance.py:2303} INFO - Starting attempt 1 of 1
[2025-06-15T00:02:04.067+0000] {taskinstance.py:2327} INFO - Executing <Task(PythonOperator): extract> on 2025-06-14 00:00:00+00:00
[2025-06-15T00:02:04.074+0000] {standard_task_runner.py:63} INFO - Started process 641 to run task
[2025-06-15T00:02:04.084+0000] {standard_task_runner.py:90} INFO - Running: ['***', 'tasks', 'run', 'etl_apple_sales', 'extract', 'scheduled__2025-06-14T00:00:00+00:00', '--job-id', '25', '--raw', '--subdir', 'DAGS_FOLDER/appleolap.py', '--cfg-path', '/tmp/tmp2vj5ue13']
[2025-06-15T00:02:04.086+0000] {standard_task_runner.py:91} INFO - Job 25: Subtask extract
[2025-06-15T00:02:04.120+0000] {task_command.py:426} INFO - Running <TaskInstance: etl_apple_sales.extract scheduled__2025-06-14T00:00:00+00:00 [running]> on host 4e443a97cd9f
[2025-06-15T00:02:04.168+0000] {taskinstance.py:2644} INFO - Exporting env vars: AIRFLOW_CTX_DAG_OWNER='***' AIRFLOW_CTX_DAG_ID='etl_apple_sales' AIRFLOW_CTX_TASK_ID='extract' AIRFLOW_CTX_EXECUTION_DATE='2025-06-14T00:00:00+00:00' AIRFLOW_CTX_TRY_NUMBER='1' AIRFLOW_CTX_DAG_RUN_ID='scheduled__2025-06-14T00:00:00+00:00'
[2025-06-15T00:02:04.169+0000] {taskinstance.py:430} INFO - ::endgroup::
[2025-06-15T00:02:04.170+0000] {appleolap.py:16} INFO - [EXTRACT] Mencari file: /opt/***/dags/apple.csv
[2025-06-15T00:02:04.182+0000] {appleolap.py:23} INFO - [EXTRACT] CSV berhasil dibaca. Jumlah baris: 1000
[2025-06-15T00:02:04.190+0000] {appleolap.py:28} INFO - [EXTRACT] Data disimpan di: /tmp/extracted_data.csv
[2025-06-15T00:02:04.191+0000] {python.py:237} INFO - Done. Returned value was: None
[2025-06-15T00:02:04.191+0000] {taskinstance.py:441} INFO - ::group::Post task execution logs
[2025-06-15T00:02:04.198+0000] {taskinstance.py:1205} INFO - Marking task as SUCCESS. dag_id=etl_apple_sales, task_id=extract, execution_date=20250614T000000, start_date=20250615T000204, end_date=20250615T000204
[2025-06-15T00:02:04.222+0000] {local_task_job_runner.py:240} INFO - Task exited with return code 0
[2025-06-15T00:02:04.247+0000] {taskinstance.py:3482} INFO - 1 downstream tasks scheduled from follow-on schedule check
[2025-06-15T00:02:04.254+0000] {local_task_job_runner.py:222} INFO - ::endgroup::
